Hirundo_rustica
Parus_major
Cyanistes_caeruleus_caeruleus
Pseudopodoces_humilis
Sturnus_vulgaris
Catharus_ustulatus
Ficedula_albicollis
Corvus_moneduloides
Corvus_kubaryi
Corvus_cornix_cornix
Corvus_brachyrhynchos
Taeniopygia_guttata
Lonchura_striata_domestica
Corvus_hawaiiensis
Geospiza_fortis
Camarhynchus_parvulus
Motacilla_alba_alba
Zonotrichia_albicollis
Molothrus_ater
Serinus_canaria
Pyrgilauda_ruficollis
Onychostruthus_taczanowskii
Passer_montanus
Myiozetetes_cayanensis
Empidonax_traillii
Neopelma_chrysocephalum
Pipra_filicauda
Manacus_vitellinus
Manacus_candei
Lepidothrix_coronata
Chiroxiphia_lanceolata
Corapipo_altera
