Rattus_norvegicus
Mus_musculus_musculus
Cavia_porcellus
Cricetulus_griseus
Octodon_degus
Jaculus_jaculus
Heterocephalus_glaber
Mesocricetus_auratus
Ictidomys_tridecemlineatus
Microtus_ochrogaster
Chinchilla_lanigera
Peromyscus_maniculatus_bairdii
Nannospalax_galili
Fukomys_damarensis
Dipodomys_ordii
Marmota_marmota_marmota
Castor_canadensis
Mus_caroli
Mus_pahari
Meriones_unguiculatus
Urocitellus_parryii
Marmota_flaviventris
Grammomys_surdaster
Peromyscus_leucopus
Mastomys_coucha
Rattus_rattus
Arvicanthis_niloticus
Onychomys_torridus
Arvicola_amphibius
Microtus_oregoni
Dipodomys_spectabilis
Marmota_monax
Perognathus_longimembris_pacificus
Myodes_glareolus
Microtus_fortis
Acomys_russatus
Phodopus_roborovskii
Apodemus_sylvaticus
