
Loaded 'libv3/convenience/matrix.bf' from /usr/local/lib/hyphy/TemplateBatchFiles/libv3/convenience/matrix.bf
Loaded 'libv3/UtilityFunctions.bf' from /usr/local/lib/hyphy/TemplateBatchFiles/libv3/UtilityFunctions.bf
Loaded 'IOFunctions.bf' from /usr/local/lib/hyphy/TemplateBatchFiles/libv3/IOFunctions.bf
Already loaded 'libv3/UtilityFunctions.bf' from /usr/local/lib/hyphy/TemplateBatchFiles/libv3/UtilityFunctions.bf
Loaded 'convenience/regexp.bf' from /usr/local/lib/hyphy/TemplateBatchFiles/libv3/convenience/regexp.bf
Loaded 'libv3/all-terms.bf' from /usr/local/lib/hyphy/TemplateBatchFiles/libv3/all-terms.bf
Variable 'skipCodeSelectionStep' was not initialized prior to being used
Row and/or column partition is empty. All the data will be used by default.
Overwritten previously defined function:'GaussLaguerreQuardature'
Overwritten previously defined function:'GammaQuadWeight'
Variable 'SKIP_HARVEST_FREQ' was not initialized prior to being used
Variable '_WRAP_PASSTHROUGH_FLAG_' was not initialized prior to being used
Variable 'END_OF_FILE' was not initialized prior to being used
Variable '_DO_TREE_REBALANCE_' was not initialized prior to being used
Variable '_KEEP_I_LABELS_' was not initialized prior to being used
Model MG94customModel assigned to Trichechus_manatus_latirostris
Trichechus_manatus_latirostris has 2 parameters - branch length not assigned
Model MG94customModel assigned to Loxodonta_africana
Loxodonta_africana has 2 parameters - branch length not assigned
Model MG94customModel assigned to Elephas_maximus_indicus
Elephas_maximus_indicus has 2 parameters - branch length not assigned
Model MG94customModel assigned to Node2
Node2 has 2 parameters - branch length not assigned
Model MG94customModel assigned to Echinops_telfairi
Echinops_telfairi has 2 parameters - branch length not assigned
Model MG94customModel assigned to Elephantulus_edwardii
Elephantulus_edwardii has 2 parameters - branch length not assigned
Model MG94customModel assigned to Node6
Node6 has 2 parameters - branch length not assigned
Model MG94customModel assigned to Orycteropus_afer_afer
Orycteropus_afer_afer has 2 parameters - branch length not assigned
Model MG94customModel assigned to Node5
Node5 has 2 parameters - branch length not assigned
The tips of the tree:givenTree were matched with the species names from the data in the following numeric order (0-based) {3,1,2,0,5,4}

Pseudo-optimal path's cost 12911 vs 16889 for 1..k=> a 1.30811 x improvement
Partition 0 reversible model flag computed as 1
Variable 'theLnLik' was not initialized prior to being used
Variable 'SAVE_OPT_STATUS_TO' was not initialized prior to being used
Variable 'givenTree.Trichechus_manatus_latirostris.nonSynRate' was not initialized prior to being used
Variable 'givenTree.Trichechus_manatus_latirostris.synRate' was not initialized prior to being used
Variable 'givenTree.Loxodonta_africana.nonSynRate' was not initialized prior to being used
Variable 'givenTree.Loxodonta_africana.synRate' was not initialized prior to being used
Variable 'givenTree.Elephas_maximus_indicus.nonSynRate' was not initialized prior to being used
Variable 'givenTree.Elephas_maximus_indicus.synRate' was not initialized prior to being used
Variable 'givenTree.Echinops_telfairi.nonSynRate' was not initialized prior to being used
Variable 'givenTree.Echinops_telfairi.synRate' was not initialized prior to being used
Variable 'givenTree.Elephantulus_edwardii.nonSynRate' was not initialized prior to being used
Variable 'givenTree.Elephantulus_edwardii.synRate' was not initialized prior to being used
Variable 'givenTree.Orycteropus_afer_afer.nonSynRate' was not initialized prior to being used
Variable 'givenTree.Orycteropus_afer_afer.synRate' was not initialized prior to being used
Variable 'givenTree.Node2.nonSynRate' was not initialized prior to being used
Variable 'givenTree.Node2.synRate' was not initialized prior to being used
Variable 'givenTree.Node6.nonSynRate' was not initialized prior to being used
Variable 'givenTree.Node6.synRate' was not initialized prior to being used
Variable 'givenTree.Node5.nonSynRate' was not initialized prior to being used
Variable 'givenTree.Node5.synRate' was not initialized prior to being used
Site 226 evaluated to a 0 probability in ComputeTreeBlockByBranch
Site 226 evaluated to a 0 probability in ComputeTreeBlockByBranch
Site 418 evaluated to a 0 probability in ComputeTreeBlockByBranch
Auto-benchmarked an optimal number (1) of threads.
Set GUI update interval to every 56-th LF evaluation.
Initial guess for givenTree.Node2.nonSynRate is 0.0155665
Initial guess for givenTree.Node2.synRate is 0.00139263
Initial guess for givenTree.Loxodonta_africana.nonSynRate is 0.0458771
Initial guess for givenTree.Loxodonta_africana.synRate is 0.0215451
Initial guess for givenTree.Elephas_maximus_indicus.nonSynRate is 0.00197014
Initial guess for givenTree.Elephas_maximus_indicus.synRate is 0.000939625
Initial guess for givenTree.Node5.nonSynRate is 0.0214223
Initial guess for givenTree.Node5.synRate is 0.0116257
Initial guess for givenTree.Node6.nonSynRate is 0.00412143
Initial guess for givenTree.Node6.synRate is 0.005361
Initial guess for givenTree.Echinops_telfairi.nonSynRate is 0.000469561
Initial guess for givenTree.Echinops_telfairi.synRate is 0.000103493
Initial guess for givenTree.Elephantulus_edwardii.nonSynRate is 0.0534788
Initial guess for givenTree.Elephantulus_edwardii.synRate is 0.0445324
Initial guess for givenTree.Orycteropus_afer_afer.nonSynRate is 0.065915
Initial guess for givenTree.Orycteropus_afer_afer.synRate is 0.0433842
Optimization settings:
	OPTIMIZATION_METHOD = 4
	OPTIMIZATION_PRECISION = 0.001
	MAXIMUM_ITERATIONS_PER_VARIABLE = 5000

Initial parameter values

CT = 1
GT = 1
CG = 1
AC = 1
AT = 1
givenTree.Trichechus_manatus_latirostris.synRate = 0.1
givenTree.Trichechus_manatus_latirostris.nonSynRate = 0.1
givenTree.Loxodonta_africana.synRate = 0.0215451
givenTree.Loxodonta_africana.nonSynRate = 0.0458771
givenTree.Elephas_maximus_indicus.synRate = 0.000939625
givenTree.Elephas_maximus_indicus.nonSynRate = 0.00197014
givenTree.Node2.synRate = 0.00139263
givenTree.Node2.nonSynRate = 0.0155665
givenTree.Echinops_telfairi.synRate = 0.000103493
givenTree.Echinops_telfairi.nonSynRate = 0.000469561
givenTree.Elephantulus_edwardii.synRate = 0.0445324
givenTree.Elephantulus_edwardii.nonSynRate = 0.0534788
givenTree.Node6.synRate = 0.005361
givenTree.Node6.nonSynRate = 0.00412143
givenTree.Orycteropus_afer_afer.synRate = 0.0433842
givenTree.Orycteropus_afer_afer.nonSynRate = 0.065915
givenTree.Node5.synRate = 0.0116257
givenTree.Node5.nonSynRate = 0.0214223
Optimization finished in 30 loop passes.
2063 likelihood evaluation calls and 7591 matrix exponentiations calls were made

Variable 'lastDepth' was not initialized prior to being used
No nodel was assigned to Trichechus_manatus_latirostris
Trichechus_manatus_latirostris has 0 parameters - branch length not assigned
No nodel was assigned to Loxodonta_africana
Loxodonta_africana has 0 parameters - branch length not assigned
No nodel was assigned to Elephas_maximus_indicus
Elephas_maximus_indicus has 0 parameters - branch length not assigned
No nodel was assigned to Node2
Node2 has 0 parameters - branch length not assigned
No nodel was assigned to Echinops_telfairi
Echinops_telfairi has 0 parameters - branch length not assigned
No nodel was assigned to Elephantulus_edwardii
Elephantulus_edwardii has 0 parameters - branch length not assigned
No nodel was assigned to Node6
Node6 has 0 parameters - branch length not assigned
No nodel was assigned to Orycteropus_afer_afer
Orycteropus_afer_afer has 0 parameters - branch length not assigned
No nodel was assigned to Node5
Node5 has 0 parameters - branch length not assigned
No nodel was assigned to Trichechus_manatus_latirostris
Trichechus_manatus_latirostris has 0 parameters - branch length not assigned
No nodel was assigned to Loxodonta_africana
Loxodonta_africana has 0 parameters - branch length not assigned
No nodel was assigned to Elephas_maximus_indicus
Elephas_maximus_indicus has 0 parameters - branch length not assigned
No nodel was assigned to Node2
Node2 has 0 parameters - branch length not assigned
No nodel was assigned to Echinops_telfairi
Echinops_telfairi has 0 parameters - branch length not assigned
No nodel was assigned to Elephantulus_edwardii
Elephantulus_edwardii has 0 parameters - branch length not assigned
No nodel was assigned to Node6
Node6 has 0 parameters - branch length not assigned
No nodel was assigned to Orycteropus_afer_afer
Orycteropus_afer_afer has 0 parameters - branch length not assigned
No nodel was assigned to Node5
Node5 has 0 parameters - branch length not assigned
No nodel was assigned to Trichechus_manatus_latirostris
Trichechus_manatus_latirostris has 0 parameters - branch length not assigned
No nodel was assigned to Loxodonta_africana
Loxodonta_africana has 0 parameters - branch length not assigned
No nodel was assigned to Elephas_maximus_indicus
Elephas_maximus_indicus has 0 parameters - branch length not assigned
No nodel was assigned to Node2
Node2 has 0 parameters - branch length not assigned
No nodel was assigned to Echinops_telfairi
Echinops_telfairi has 0 parameters - branch length not assigned
No nodel was assigned to Elephantulus_edwardii
Elephantulus_edwardii has 0 parameters - branch length not assigned
No nodel was assigned to Node6
Node6 has 0 parameters - branch length not assigned
No nodel was assigned to Orycteropus_afer_afer
Orycteropus_afer_afer has 0 parameters - branch length not assigned
No nodel was assigned to Node5
Node5 has 0 parameters - branch length not assigned
No nodel was assigned to Trichechus_manatus_latirostris
Trichechus_manatus_latirostris has 0 parameters - branch length not assigned
No nodel was assigned to Loxodonta_africana
Loxodonta_africana has 0 parameters - branch length not assigned
No nodel was assigned to Elephas_maximus_indicus
Elephas_maximus_indicus has 0 parameters - branch length not assigned
No nodel was assigned to Node2
Node2 has 0 parameters - branch length not assigned
No nodel was assigned to Echinops_telfairi
Echinops_telfairi has 0 parameters - branch length not assigned
No nodel was assigned to Elephantulus_edwardii
Elephantulus_edwardii has 0 parameters - branch length not assigned
No nodel was assigned to Node6
Node6 has 0 parameters - branch length not assigned
No nodel was assigned to Orycteropus_afer_afer
Orycteropus_afer_afer has 0 parameters - branch length not assigned
No nodel was assigned to Node5
Node5 has 0 parameters - branch length not assigned
Variable 'nodeName' was not initialized prior to being used
Variable 'speciesIndex' was not initialized prior to being used
Row and/or column partition is empty. All the data will be used by default.
Model MG94customModel assigned to Trichechus_manatus_latirostris
Model MG94customModel assigned to Loxodonta_africana
One branch tree supplied - hopefully this IS what you meant to do.
Rooted tree. Removing one branch - the left root child has been promoted to be the new root
Partition 0 reversible model flag computed as 1
Variable 'twoLnLik' was not initialized prior to being used
Variable 't2.Loxodonta_africana.nonSynRate' was not initialized prior to being used
Variable 't2.Loxodonta_africana.synRate' was not initialized prior to being used
Auto-benchmarked an optimal number (3) of threads.
Set GUI update interval to every 9803-th LF evaluation.
Optimization settings:
	OPTIMIZATION_METHOD = 4
	OPTIMIZATION_PRECISION = 0.001
	MAXIMUM_ITERATIONS_PER_VARIABLE = 5000

Initial parameter values

t2.Loxodonta_africana.nonSynRate = 0.1
t2.Loxodonta_africana.synRate = 0.1
Optimization finished in 6 loop passes.
191 likelihood evaluation calls and 174 matrix exponentiations calls were made

Row and/or column partition is empty. All the data will be used by default.
Model MG94customModel assigned to Trichechus_manatus_latirostris
Model MG94customModel assigned to Elephas_maximus_indicus
One branch tree supplied - hopefully this IS what you meant to do.
Rooted tree. Removing one branch - the left root child has been promoted to be the new root
Partition 0 reversible model flag computed as 1
Variable 't2.Elephas_maximus_indicus.nonSynRate' was not initialized prior to being used
Variable 't2.Elephas_maximus_indicus.synRate' was not initialized prior to being used
Auto-benchmarked an optimal number (4) of threads.
Set GUI update interval to every 10204-th LF evaluation.
Optimization settings:
	OPTIMIZATION_METHOD = 4
	OPTIMIZATION_PRECISION = 0.001
	MAXIMUM_ITERATIONS_PER_VARIABLE = 5000

Initial parameter values

t2.Elephas_maximus_indicus.nonSynRate = 0.1
t2.Elephas_maximus_indicus.synRate = 0.1
Optimization finished in 6 loop passes.
168 likelihood evaluation calls and 149 matrix exponentiations calls were made

Row and/or column partition is empty. All the data will be used by default.
Model MG94customModel assigned to Trichechus_manatus_latirostris
Model MG94customModel assigned to Echinops_telfairi
One branch tree supplied - hopefully this IS what you meant to do.
Rooted tree. Removing one branch - the left root child has been promoted to be the new root
Partition 0 reversible model flag computed as 1
Variable 't2.Echinops_telfairi.synRate' was not initialized prior to being used
Variable 't2.Echinops_telfairi.nonSynRate' was not initialized prior to being used
Auto-benchmarked an optimal number (4) of threads.
Set GUI update interval to every 10204-th LF evaluation.
Optimization settings:
	OPTIMIZATION_METHOD = 4
	OPTIMIZATION_PRECISION = 0.001
	MAXIMUM_ITERATIONS_PER_VARIABLE = 5000

Initial parameter values

t2.Echinops_telfairi.synRate = 0.1
t2.Echinops_telfairi.nonSynRate = 0.1
Optimization finished in 6 loop passes.
165 likelihood evaluation calls and 143 matrix exponentiations calls were made

Row and/or column partition is empty. All the data will be used by default.
Model MG94customModel assigned to Trichechus_manatus_latirostris
Model MG94customModel assigned to Elephantulus_edwardii
One branch tree supplied - hopefully this IS what you meant to do.
Rooted tree. Removing one branch - the left root child has been promoted to be the new root
Partition 0 reversible model flag computed as 1
Variable 't2.Elephantulus_edwardii.nonSynRate' was not initialized prior to being used
Variable 't2.Elephantulus_edwardii.synRate' was not initialized prior to being used
Auto-benchmarked an optimal number (3) of threads.
Set GUI update interval to every 9803-th LF evaluation.
Optimization settings:
	OPTIMIZATION_METHOD = 4
	OPTIMIZATION_PRECISION = 0.001
	MAXIMUM_ITERATIONS_PER_VARIABLE = 5000

Initial parameter values

t2.Elephantulus_edwardii.nonSynRate = 0.1
t2.Elephantulus_edwardii.synRate = 0.1
Optimization finished in 5 loop passes.
172 likelihood evaluation calls and 149 matrix exponentiations calls were made

Row and/or column partition is empty. All the data will be used by default.
Model MG94customModel assigned to Trichechus_manatus_latirostris
Model MG94customModel assigned to Orycteropus_afer_afer
One branch tree supplied - hopefully this IS what you meant to do.
Rooted tree. Removing one branch - the left root child has been promoted to be the new root
Partition 0 reversible model flag computed as 1
Variable 't2.Orycteropus_afer_afer.synRate' was not initialized prior to being used
Variable 't2.Orycteropus_afer_afer.nonSynRate' was not initialized prior to being used
Auto-benchmarked an optimal number (4) of threads.
Set GUI update interval to every 10204-th LF evaluation.
Optimization settings:
	OPTIMIZATION_METHOD = 4
	OPTIMIZATION_PRECISION = 0.001
	MAXIMUM_ITERATIONS_PER_VARIABLE = 5000

Initial parameter values

t2.Orycteropus_afer_afer.synRate = 0.1
t2.Orycteropus_afer_afer.nonSynRate = 0.1
Optimization finished in 6 loop passes.
211 likelihood evaluation calls and 191 matrix exponentiations calls were made

Row and/or column partition is empty. All the data will be used by default.
Model MG94customModel assigned to Loxodonta_africana
Model MG94customModel assigned to Elephas_maximus_indicus
One branch tree supplied - hopefully this IS what you meant to do.
Rooted tree. Removing one branch - the left root child has been promoted to be the new root
Partition 0 reversible model flag computed as 1
Variable 't2.Elephas_maximus_indicus.nonSynRate' was not initialized prior to being used
Variable 't2.Elephas_maximus_indicus.synRate' was not initialized prior to being used
Auto-benchmarked an optimal number (4) of threads.
Set GUI update interval to every 9615-th LF evaluation.
Optimization settings:
	OPTIMIZATION_METHOD = 4
	OPTIMIZATION_PRECISION = 0.001
	MAXIMUM_ITERATIONS_PER_VARIABLE = 5000

Initial parameter values

t2.Elephas_maximus_indicus.nonSynRate = 0.1
t2.Elephas_maximus_indicus.synRate = 0.1
Optimization finished in 8 loop passes.
166 likelihood evaluation calls and 141 matrix exponentiations calls were made

Row and/or column partition is empty. All the data will be used by default.
Model MG94customModel assigned to Loxodonta_africana
Model MG94customModel assigned to Echinops_telfairi
One branch tree supplied - hopefully this IS what you meant to do.
Rooted tree. Removing one branch - the left root child has been promoted to be the new root
Partition 0 reversible model flag computed as 1
Variable 't2.Echinops_telfairi.nonSynRate' was not initialized prior to being used
Variable 't2.Echinops_telfairi.synRate' was not initialized prior to being used
Auto-benchmarked an optimal number (2) of threads.
Set GUI update interval to every 8928-th LF evaluation.
Optimization settings:
	OPTIMIZATION_METHOD = 4
	OPTIMIZATION_PRECISION = 0.001
	MAXIMUM_ITERATIONS_PER_VARIABLE = 5000

Initial parameter values

t2.Echinops_telfairi.nonSynRate = 0.1
t2.Echinops_telfairi.synRate = 0.1
Optimization finished in 5 loop passes.
166 likelihood evaluation calls and 146 matrix exponentiations calls were made

Row and/or column partition is empty. All the data will be used by default.
Model MG94customModel assigned to Loxodonta_africana
Model MG94customModel assigned to Elephantulus_edwardii
One branch tree supplied - hopefully this IS what you meant to do.
Rooted tree. Removing one branch - the left root child has been promoted to be the new root
Partition 0 reversible model flag computed as 1
Variable 't2.Elephantulus_edwardii.nonSynRate' was not initialized prior to being used
Variable 't2.Elephantulus_edwardii.synRate' was not initialized prior to being used
Auto-benchmarked an optimal number (5) of threads.
Set GUI update interval to every 9803-th LF evaluation.
Optimization settings:
	OPTIMIZATION_METHOD = 4
	OPTIMIZATION_PRECISION = 0.001
	MAXIMUM_ITERATIONS_PER_VARIABLE = 5000

Initial parameter values

t2.Elephantulus_edwardii.nonSynRate = 0.1
t2.Elephantulus_edwardii.synRate = 0.1
Optimization finished in 6 loop passes.
205 likelihood evaluation calls and 185 matrix exponentiations calls were made

Row and/or column partition is empty. All the data will be used by default.
Model MG94customModel assigned to Loxodonta_africana
Model MG94customModel assigned to Orycteropus_afer_afer
One branch tree supplied - hopefully this IS what you meant to do.
Rooted tree. Removing one branch - the left root child has been promoted to be the new root
Partition 0 reversible model flag computed as 1
Variable 't2.Orycteropus_afer_afer.nonSynRate' was not initialized prior to being used
Variable 't2.Orycteropus_afer_afer.synRate' was not initialized prior to being used
Auto-benchmarked an optimal number (3) of threads.
Set GUI update interval to every 9433-th LF evaluation.
Optimization settings:
	OPTIMIZATION_METHOD = 4
	OPTIMIZATION_PRECISION = 0.001
	MAXIMUM_ITERATIONS_PER_VARIABLE = 5000

Initial parameter values

t2.Orycteropus_afer_afer.nonSynRate = 0.1
t2.Orycteropus_afer_afer.synRate = 0.1
Optimization finished in 6 loop passes.
235 likelihood evaluation calls and 216 matrix exponentiations calls were made

Row and/or column partition is empty. All the data will be used by default.
Model MG94customModel assigned to Elephas_maximus_indicus
Model MG94customModel assigned to Echinops_telfairi
One branch tree supplied - hopefully this IS what you meant to do.
Rooted tree. Removing one branch - the left root child has been promoted to be the new root
Partition 0 reversible model flag computed as 1
Variable 't2.Echinops_telfairi.nonSynRate' was not initialized prior to being used
Variable 't2.Echinops_telfairi.synRate' was not initialized prior to being used
Auto-benchmarked an optimal number (3) of threads.
Set GUI update interval to every 10000-th LF evaluation.
Optimization settings:
	OPTIMIZATION_METHOD = 4
	OPTIMIZATION_PRECISION = 0.001
	MAXIMUM_ITERATIONS_PER_VARIABLE = 5000

Initial parameter values

t2.Echinops_telfairi.nonSynRate = 0.1
t2.Echinops_telfairi.synRate = 0.1
Optimization finished in 5 loop passes.
180 likelihood evaluation calls and 158 matrix exponentiations calls were made

Row and/or column partition is empty. All the data will be used by default.
Model MG94customModel assigned to Elephas_maximus_indicus
Model MG94customModel assigned to Elephantulus_edwardii
One branch tree supplied - hopefully this IS what you meant to do.
Rooted tree. Removing one branch - the left root child has been promoted to be the new root
Partition 0 reversible model flag computed as 1
Variable 't2.Elephantulus_edwardii.synRate' was not initialized prior to being used
Variable 't2.Elephantulus_edwardii.nonSynRate' was not initialized prior to being used
Auto-benchmarked an optimal number (5) of threads.
Set GUI update interval to every 10000-th LF evaluation.
Optimization settings:
	OPTIMIZATION_METHOD = 4
	OPTIMIZATION_PRECISION = 0.001
	MAXIMUM_ITERATIONS_PER_VARIABLE = 5000

Initial parameter values

t2.Elephantulus_edwardii.synRate = 0.1
t2.Elephantulus_edwardii.nonSynRate = 0.1
Optimization finished in 6 loop passes.
220 likelihood evaluation calls and 200 matrix exponentiations calls were made

Row and/or column partition is empty. All the data will be used by default.
Model MG94customModel assigned to Elephas_maximus_indicus
Model MG94customModel assigned to Orycteropus_afer_afer
One branch tree supplied - hopefully this IS what you meant to do.
Rooted tree. Removing one branch - the left root child has been promoted to be the new root
Partition 0 reversible model flag computed as 1
Variable 't2.Orycteropus_afer_afer.nonSynRate' was not initialized prior to being used
Variable 't2.Orycteropus_afer_afer.synRate' was not initialized prior to being used
Auto-benchmarked an optimal number (4) of threads.
Set GUI update interval to every 10204-th LF evaluation.
Optimization settings:
	OPTIMIZATION_METHOD = 4
	OPTIMIZATION_PRECISION = 0.001
	MAXIMUM_ITERATIONS_PER_VARIABLE = 5000

Initial parameter values

t2.Orycteropus_afer_afer.nonSynRate = 0.1
t2.Orycteropus_afer_afer.synRate = 0.1
Optimization finished in 6 loop passes.
222 likelihood evaluation calls and 199 matrix exponentiations calls were made

Row and/or column partition is empty. All the data will be used by default.
Model MG94customModel assigned to Echinops_telfairi
Model MG94customModel assigned to Elephantulus_edwardii
One branch tree supplied - hopefully this IS what you meant to do.
Rooted tree. Removing one branch - the left root child has been promoted to be the new root
Partition 0 reversible model flag computed as 1
Variable 't2.Elephantulus_edwardii.nonSynRate' was not initialized prior to being used
Variable 't2.Elephantulus_edwardii.synRate' was not initialized prior to being used
Auto-benchmarked an optimal number (3) of threads.
Set GUI update interval to every 9803-th LF evaluation.
Optimization settings:
	OPTIMIZATION_METHOD = 4
	OPTIMIZATION_PRECISION = 0.001
	MAXIMUM_ITERATIONS_PER_VARIABLE = 5000

Initial parameter values

t2.Elephantulus_edwardii.nonSynRate = 0.1
t2.Elephantulus_edwardii.synRate = 0.1
Optimization finished in 5 loop passes.
227 likelihood evaluation calls and 208 matrix exponentiations calls were made

Row and/or column partition is empty. All the data will be used by default.
Model MG94customModel assigned to Echinops_telfairi
Model MG94customModel assigned to Orycteropus_afer_afer
One branch tree supplied - hopefully this IS what you meant to do.
Rooted tree. Removing one branch - the left root child has been promoted to be the new root
Partition 0 reversible model flag computed as 1
Variable 't2.Orycteropus_afer_afer.nonSynRate' was not initialized prior to being used
Variable 't2.Orycteropus_afer_afer.synRate' was not initialized prior to being used
Auto-benchmarked an optimal number (4) of threads.
Set GUI update interval to every 10204-th LF evaluation.
Optimization settings:
	OPTIMIZATION_METHOD = 4
	OPTIMIZATION_PRECISION = 0.001
	MAXIMUM_ITERATIONS_PER_VARIABLE = 5000

Initial parameter values

t2.Orycteropus_afer_afer.nonSynRate = 0.1
t2.Orycteropus_afer_afer.synRate = 0.1
Optimization finished in 6 loop passes.
243 likelihood evaluation calls and 225 matrix exponentiations calls were made

Row and/or column partition is empty. All the data will be used by default.
Model MG94customModel assigned to Elephantulus_edwardii
Model MG94customModel assigned to Orycteropus_afer_afer
One branch tree supplied - hopefully this IS what you meant to do.
Rooted tree. Removing one branch - the left root child has been promoted to be the new root
Partition 0 reversible model flag computed as 1
Auto-benchmarked an optimal number (2) of threads.
Set GUI update interval to every 980-th LF evaluation.
Optimization settings:
	OPTIMIZATION_METHOD = 4
	OPTIMIZATION_PRECISION = 0.001
	MAXIMUM_ITERATIONS_PER_VARIABLE = 5000

Initial parameter values

t2.Orycteropus_afer_afer.nonSynRate = 0.1
t2.Orycteropus_afer_afer.synRate = 0.1
Optimization finished in 6 loop passes.
224 likelihood evaluation calls and 207 matrix exponentiations calls were made
