
Loaded 'libv3/convenience/matrix.bf' from /usr/local/lib/hyphy/TemplateBatchFiles/libv3/convenience/matrix.bf
Loaded 'libv3/UtilityFunctions.bf' from /usr/local/lib/hyphy/TemplateBatchFiles/libv3/UtilityFunctions.bf
Loaded 'IOFunctions.bf' from /usr/local/lib/hyphy/TemplateBatchFiles/libv3/IOFunctions.bf
Already loaded 'libv3/UtilityFunctions.bf' from /usr/local/lib/hyphy/TemplateBatchFiles/libv3/UtilityFunctions.bf
Loaded 'convenience/regexp.bf' from /usr/local/lib/hyphy/TemplateBatchFiles/libv3/convenience/regexp.bf
Loaded 'libv3/all-terms.bf' from /usr/local/lib/hyphy/TemplateBatchFiles/libv3/all-terms.bf
Variable 'skipCodeSelectionStep' was not initialized prior to being used
Row and/or column partition is empty. All the data will be used by default.
Overwritten previously defined function:'GaussLaguerreQuardature'
Overwritten previously defined function:'GammaQuadWeight'
Variable 'SKIP_HARVEST_FREQ' was not initialized prior to being used
Variable '_WRAP_PASSTHROUGH_FLAG_' was not initialized prior to being used
Variable 'END_OF_FILE' was not initialized prior to being used
Variable '_DO_TREE_REBALANCE_' was not initialized prior to being used
Variable '_KEEP_I_LABELS_' was not initialized prior to being used
Model MG94customModel assigned to Sorex_araneus
Sorex_araneus has 2 parameters - branch length not assigned
Model MG94customModel assigned to Erinaceus_europaeus
Erinaceus_europaeus has 2 parameters - branch length not assigned
Model MG94customModel assigned to Condylura_cristata
Condylura_cristata has 2 parameters - branch length not assigned
Model MG94customModel assigned to Talpa_occidentalis
Talpa_occidentalis has 2 parameters - branch length not assigned
Model MG94customModel assigned to Node3
Node3 has 2 parameters - branch length not assigned
The tips of the tree:givenTree were matched with the species names from the data in the following numeric order (0-based) {0,3,1,2}

Pseudo-optimal path's cost 6480 vs 8820 for 1..k=> a 1.36111 x improvement
Partition 0 reversible model flag computed as 1
Variable 'theLnLik' was not initialized prior to being used
Variable 'SAVE_OPT_STATUS_TO' was not initialized prior to being used
Variable 'givenTree.Sorex_araneus.nonSynRate' was not initialized prior to being used
Variable 'givenTree.Sorex_araneus.synRate' was not initialized prior to being used
Variable 'givenTree.Erinaceus_europaeus.nonSynRate' was not initialized prior to being used
Variable 'givenTree.Erinaceus_europaeus.synRate' was not initialized prior to being used
Variable 'givenTree.Condylura_cristata.nonSynRate' was not initialized prior to being used
Variable 'givenTree.Condylura_cristata.synRate' was not initialized prior to being used
Variable 'givenTree.Talpa_occidentalis.nonSynRate' was not initialized prior to being used
Variable 'givenTree.Talpa_occidentalis.synRate' was not initialized prior to being used
Variable 'givenTree.Node3.nonSynRate' was not initialized prior to being used
Variable 'givenTree.Node3.synRate' was not initialized prior to being used
Site 12 evaluated to a 0 probability in ComputeTreeBlockByBranch
Site 12 evaluated to a 0 probability in ComputeTreeBlockByBranch
Site 436 evaluated to a 0 probability in ComputeTreeBlockByBranch
Site 1353 evaluated to a 0 probability in ComputeTreeBlockByBranch
Site 12 evaluated to a 0 probability in ComputeTreeBlockByBranch
Site 382 evaluated to a 0 probability in ComputeTreeBlockByBranch
Site 200 evaluated to a 0 probability in ComputeTreeBlockByBranch
Site 12 evaluated to a 0 probability in ComputeTreeBlockByBranch
Site 527 evaluated to a 0 probability in ComputeTreeBlockByBranch
Site 1130 evaluated to a 0 probability in ComputeTreeBlockByBranch
Site 654 evaluated to a 0 probability in ComputeTreeBlockByBranch
Site 1332 evaluated to a 0 probability in ComputeTreeBlockByBranch
Site 12 evaluated to a 0 probability in ComputeTreeBlockByBranch
Site 1101 evaluated to a 0 probability in ComputeTreeBlockByBranch
Site 1492 evaluated to a 0 probability in ComputeTreeBlockByBranch
Auto-benchmarked an optimal number (4) of threads.
Set GUI update interval to every 173-th LF evaluation.
Initial guess for givenTree.Erinaceus_europaeus.nonSynRate is 0.0690978
Initial guess for givenTree.Erinaceus_europaeus.synRate is 0.08774
Initial guess for givenTree.Node3.nonSynRate is 0.0262988
Initial guess for givenTree.Node3.synRate is 0.0570617
Initial guess for givenTree.Condylura_cristata.nonSynRate is 0.076533
Initial guess for givenTree.Condylura_cristata.synRate is 0.0847893
Initial guess for givenTree.Talpa_occidentalis.nonSynRate is 0.0345006
Initial guess for givenTree.Talpa_occidentalis.synRate is 0.0467444
Optimization settings:
	OPTIMIZATION_METHOD = 4
	OPTIMIZATION_PRECISION = 0.001
	MAXIMUM_ITERATIONS_PER_VARIABLE = 5000

Initial parameter values

GT = 1
CT = 1
AC = 1
CG = 1
AT = 1
givenTree.Sorex_araneus.synRate = 0.1
givenTree.Sorex_araneus.nonSynRate = 0.1
givenTree.Erinaceus_europaeus.synRate = 0.08774
givenTree.Erinaceus_europaeus.nonSynRate = 0.0690978
givenTree.Condylura_cristata.synRate = 0.0847893
givenTree.Condylura_cristata.nonSynRate = 0.076533
givenTree.Talpa_occidentalis.synRate = 0.0467444
givenTree.Talpa_occidentalis.nonSynRate = 0.0345006
givenTree.Node3.synRate = 0.0570617
givenTree.Node3.nonSynRate = 0.0262988
Optimization finished in 29 loop passes.
1895 likelihood evaluation calls and 5367 matrix exponentiations calls were made

Variable 'lastDepth' was not initialized prior to being used
No nodel was assigned to Sorex_araneus
Sorex_araneus has 0 parameters - branch length not assigned
No nodel was assigned to Erinaceus_europaeus
Erinaceus_europaeus has 0 parameters - branch length not assigned
No nodel was assigned to Condylura_cristata
Condylura_cristata has 0 parameters - branch length not assigned
No nodel was assigned to Talpa_occidentalis
Talpa_occidentalis has 0 parameters - branch length not assigned
No nodel was assigned to Node3
Node3 has 0 parameters - branch length not assigned
No nodel was assigned to Sorex_araneus
Sorex_araneus has 0 parameters - branch length not assigned
No nodel was assigned to Erinaceus_europaeus
Erinaceus_europaeus has 0 parameters - branch length not assigned
No nodel was assigned to Condylura_cristata
Condylura_cristata has 0 parameters - branch length not assigned
No nodel was assigned to Talpa_occidentalis
Talpa_occidentalis has 0 parameters - branch length not assigned
No nodel was assigned to Node3
Node3 has 0 parameters - branch length not assigned
No nodel was assigned to Sorex_araneus
Sorex_araneus has 0 parameters - branch length not assigned
No nodel was assigned to Erinaceus_europaeus
Erinaceus_europaeus has 0 parameters - branch length not assigned
No nodel was assigned to Condylura_cristata
Condylura_cristata has 0 parameters - branch length not assigned
No nodel was assigned to Talpa_occidentalis
Talpa_occidentalis has 0 parameters - branch length not assigned
No nodel was assigned to Node3
Node3 has 0 parameters - branch length not assigned
No nodel was assigned to Sorex_araneus
Sorex_araneus has 0 parameters - branch length not assigned
No nodel was assigned to Erinaceus_europaeus
Erinaceus_europaeus has 0 parameters - branch length not assigned
No nodel was assigned to Condylura_cristata
Condylura_cristata has 0 parameters - branch length not assigned
No nodel was assigned to Talpa_occidentalis
Talpa_occidentalis has 0 parameters - branch length not assigned
No nodel was assigned to Node3
Node3 has 0 parameters - branch length not assigned
Variable 'nodeName' was not initialized prior to being used
Variable 'speciesIndex' was not initialized prior to being used
Row and/or column partition is empty. All the data will be used by default.
Model MG94customModel assigned to Sorex_araneus
Model MG94customModel assigned to Erinaceus_europaeus
One branch tree supplied - hopefully this IS what you meant to do.
Rooted tree. Removing one branch - the left root child has been promoted to be the new root
Partition 0 reversible model flag computed as 1
Variable 'twoLnLik' was not initialized prior to being used
Variable 't2.Erinaceus_europaeus.nonSynRate' was not initialized prior to being used
Variable 't2.Erinaceus_europaeus.synRate' was not initialized prior to being used
Auto-benchmarked an optimal number (3) of threads.
Set GUI update interval to every 8771-th LF evaluation.
Optimization settings:
	OPTIMIZATION_METHOD = 4
	OPTIMIZATION_PRECISION = 0.001
	MAXIMUM_ITERATIONS_PER_VARIABLE = 5000

Initial parameter values

t2.Erinaceus_europaeus.nonSynRate = 0.1
t2.Erinaceus_europaeus.synRate = 0.1
Optimization finished in 6 loop passes.
225 likelihood evaluation calls and 208 matrix exponentiations calls were made

Row and/or column partition is empty. All the data will be used by default.
Model MG94customModel assigned to Sorex_araneus
Model MG94customModel assigned to Condylura_cristata
One branch tree supplied - hopefully this IS what you meant to do.
Rooted tree. Removing one branch - the left root child has been promoted to be the new root
Partition 0 reversible model flag computed as 1
Variable 't2.Condylura_cristata.nonSynRate' was not initialized prior to being used
Variable 't2.Condylura_cristata.synRate' was not initialized prior to being used
Auto-benchmarked an optimal number (4) of threads.
Set GUI update interval to every 9433-th LF evaluation.
Optimization settings:
	OPTIMIZATION_METHOD = 4
	OPTIMIZATION_PRECISION = 0.001
	MAXIMUM_ITERATIONS_PER_VARIABLE = 5000

Initial parameter values

t2.Condylura_cristata.nonSynRate = 0.1
t2.Condylura_cristata.synRate = 0.1
Optimization finished in 6 loop passes.
229 likelihood evaluation calls and 202 matrix exponentiations calls were made

Row and/or column partition is empty. All the data will be used by default.
Model MG94customModel assigned to Sorex_araneus
Model MG94customModel assigned to Talpa_occidentalis
One branch tree supplied - hopefully this IS what you meant to do.
Rooted tree. Removing one branch - the left root child has been promoted to be the new root
Partition 0 reversible model flag computed as 1
Variable 't2.Talpa_occidentalis.synRate' was not initialized prior to being used
Variable 't2.Talpa_occidentalis.nonSynRate' was not initialized prior to being used
Auto-benchmarked an optimal number (5) of threads.
Set GUI update interval to every 8620-th LF evaluation.
Optimization settings:
	OPTIMIZATION_METHOD = 4
	OPTIMIZATION_PRECISION = 0.001
	MAXIMUM_ITERATIONS_PER_VARIABLE = 5000

Initial parameter values

t2.Talpa_occidentalis.synRate = 0.1
t2.Talpa_occidentalis.nonSynRate = 0.1
Optimization finished in 6 loop passes.
191 likelihood evaluation calls and 168 matrix exponentiations calls were made

Row and/or column partition is empty. All the data will be used by default.
Model MG94customModel assigned to Erinaceus_europaeus
Model MG94customModel assigned to Condylura_cristata
One branch tree supplied - hopefully this IS what you meant to do.
Rooted tree. Removing one branch - the left root child has been promoted to be the new root
Partition 0 reversible model flag computed as 1
Variable 't2.Condylura_cristata.nonSynRate' was not initialized prior to being used
Variable 't2.Condylura_cristata.synRate' was not initialized prior to being used
Auto-benchmarked an optimal number (3) of threads.
Set GUI update interval to every 9259-th LF evaluation.
Optimization settings:
	OPTIMIZATION_METHOD = 4
	OPTIMIZATION_PRECISION = 0.001
	MAXIMUM_ITERATIONS_PER_VARIABLE = 5000

Initial parameter values

t2.Condylura_cristata.nonSynRate = 0.1
t2.Condylura_cristata.synRate = 0.1
Optimization finished in 6 loop passes.
208 likelihood evaluation calls and 188 matrix exponentiations calls were made

Row and/or column partition is empty. All the data will be used by default.
Model MG94customModel assigned to Erinaceus_europaeus
Model MG94customModel assigned to Talpa_occidentalis
One branch tree supplied - hopefully this IS what you meant to do.
Rooted tree. Removing one branch - the left root child has been promoted to be the new root
Partition 0 reversible model flag computed as 1
Variable 't2.Talpa_occidentalis.synRate' was not initialized prior to being used
Variable 't2.Talpa_occidentalis.nonSynRate' was not initialized prior to being used
Auto-benchmarked an optimal number (4) of threads.
Set GUI update interval to every 9090-th LF evaluation.
Optimization settings:
	OPTIMIZATION_METHOD = 4
	OPTIMIZATION_PRECISION = 0.001
	MAXIMUM_ITERATIONS_PER_VARIABLE = 5000

Initial parameter values

t2.Talpa_occidentalis.synRate = 0.1
t2.Talpa_occidentalis.nonSynRate = 0.1
Optimization finished in 6 loop passes.
179 likelihood evaluation calls and 159 matrix exponentiations calls were made

Row and/or column partition is empty. All the data will be used by default.
Model MG94customModel assigned to Condylura_cristata
Model MG94customModel assigned to Talpa_occidentalis
One branch tree supplied - hopefully this IS what you meant to do.
Rooted tree. Removing one branch - the left root child has been promoted to be the new root
Partition 0 reversible model flag computed as 1
Auto-benchmarked an optimal number (4) of threads.
Set GUI update interval to every 379-th LF evaluation.
Optimization settings:
	OPTIMIZATION_METHOD = 4
	OPTIMIZATION_PRECISION = 0.001
	MAXIMUM_ITERATIONS_PER_VARIABLE = 5000

Initial parameter values

t2.Talpa_occidentalis.synRate = 0.1
t2.Talpa_occidentalis.nonSynRate = 0.1
Optimization finished in 6 loop passes.
186 likelihood evaluation calls and 160 matrix exponentiations calls were made
