Canis_lupus_familiaris
Odobenus_rosmarus_divergens
Mustela_putorius_furo
Panthera_tigris_tigris
Ursus_maritimus
Panthera_pardus
Neomonachus_schauinslandi
Enhydra_lutris_kenyoni
Canis_lupus_lupus
Callorhinus_ursinus
Puma_concolor
Vulpes_vulpes
Zalophus_californianus
Eumetopias_jubatus
Suricata_suricatta
Lynx_canadensis
Mustela_erminea
Phoca_vitulina
Lontra_canadensis
Hyaena_hyaena
Panthera_leo
Prionailurus_bengalensis
Neogale_vison
Leopardus_geoffroyi
Meles_meles
Panthera_uncia
Acinonyx_jubatus
Ailuropoda_melanoleuca
Felis_catus
Halichoerus_grypus
Lynx_pardinus
Mirounga_leonina
Puma_yagouaroundi
Ursus_americanus
Ursus_arctos
Ursus_thibetanus_thibetanus
Vulpes_lagopus
