      4   2058

Alligator_sinensis              ATG CCC GTA TAC ATC CGG AAG CAT CCT CTT GAG ATC CCT CTG CCT TCT GAA AAG GAC TGG ATT AAA GAA GAT GAG GAG GAA AAT TTC TTC CTG CAA GAT CCT GAT CAA ACC CTT GAT CAG TTG CCT CAG CCC TTC CGG ATG ATC AAT AAA ATG GTG AAT CTG GTG TTT GAC GAG GCC TTG GAA ATC ATC GAG CAA AGA GAG GCA CTC CGA GAA GCA CAG AAA CTG AAG GTC CGA CCC ATG CAG TAC ATG CCC ACA GGT GAC TTC AAG GTG GCA GGA AGA GCC AAC TGC CTG GCA GCA TCT GGA AAA AAC ATC TTT GTT GGG CTT TCC ACA GGC CTC GCA GCC TTC AGC GCA GCT GAC TGT AGG CGG GTC TGT GCC TGG GAG GCA GCA AAG TTC GAG ATT TGT GCC ATC CAT GCC TCA GAC CTC GGG AAT GAG AAC CAC GTC CTC ATT GCT TTG GAT GAG ATG GGA TTT GCC CAT CTC TTT TAT TTT TGC AAG GAC AGC CTC TTT CTC GTT AAA GTC CTA AAT GAA GTG GAA GAT ATC AGC AAG CGA AGC ACT TGT GAG GAG GTG GAG CTC TCC CAT GGG GGC AGT TAT GCA GGT GTC CTG CTG CAA GGC AGC ACA GAA GCT TGG CTG GAG ATC TAC CGA TTG CCT AAG GAT TCC TGG GAG AGA GAG ACA GAA AAT GCC TCA GGG GCT GCA GCT GCA GCA GCT CCA GCT GTC CAG GAA AGG ATG TTC AGC CAG GCT TCA GAA ATG AAA AGT CTG GAG TTG CAG AGA GAA GGT TCC GCA GAG ATG GAG ACA CGC ATG TCT ACA AGC AAG TTA GGT GCC AGA CTG AGT CTC CCC ATG CTG CTG CTG AAG GTC AGG CCA CCC AAA CCC CTC TCA GGA AGC ATA TTT AAA AGT CCA CTG GAT GCC TTA ATG AAA ATT GAT GAT GGC AGC GTT CTT GGT TTG GGA CAC AAT CAC ATG ATC AAG GAC TGC CAA TTG GAG CAG CAG GAT GCA ATC TTT CAC AGC ACC TTC AAA ACA TAC CTG GAG AGA GGC AGT GAA TCT GAC AGC AAG GAG GTG ACT CCC AGA CAC ACT ATG TTT CAT TTT ATC TTT CCT GGT CGG ATA TTG CGG ATG GGA CCT GAA ATC AAA TCA CAG CCA GAG GTC CCA GCT GGT ATC AGT GTG CAC TGG AGT GGA AGC CAC AAT CTC TGT CTG TAT TTA CTG ACC CGG CCC CTA AAG GAG AAA GGA GAT ACT GAA CTG AAA CCT GAT GCT GTC TGG CCA TGT GCA GCT CTG ATC ACA TGC TCA GCT GTC AGC TCC TGC TCT TCT TAC TTG GCT TTG GCA TGT GAA GAT TCA ACA ATA ACT GTT TGG AAC AAC TGT CTA GGA AGC CCC CTA GGT GTA ACT GCC CTC CCT GAG GGA TGC CTG ATC CGC AGC ATC CAC TTC CTG CCG AGT CCT GCT GCC CCC AAG GAC CAG GGG CTC TGC CCT AGT GGA GAC CCT TCC CAC CCC AAA GTG CAG CTC CTA GCA TTG TGT GTG GAT GGA TCT CTC CAT CTG GTA GCA GCA TCA TGG ACT GGA CAG TCC AAC ACA GTG CTC CTG GCA GGC AGG CCG CAG GAT CCA GGT CAG ACC ATC AAC ACA GTG ACA CCC CTT CTC ACC TTC AAT GGC ACA CTG CTG GTG TTC TCC CGG GAC GGC ACA GTG TCC CTG ATA GAC ACA GTC ACG CTG CAG ACC ATT TGC CAC TTG GTT ACC CCA CCC TCT TAC ACA GTA GCA TCC CCC TGG CAG CCA GTG TTT GCC TTG GAT ACT GAG AAC CAG CGC CTG CTC CTC CAA GGG CAA GAG CAG CAG CGG GCA GAT GCT GTG TCA CAG GCC AAA GAC AAT CAA AGC TCC ATC TTC CTC TTT GAC TTC AAT TCC CAC CCA CTC AGG GAT GTT TTC CCA AAG AAA CTG GAG TCT CCC CCG GAA TCC CTG CAG CAC CTG CCA TGG GAC AAG AGA TGT GAC ATT TTC CTG CGC AAC AGA CGA GAG CAC TTG CTG GAG CTC AGC CAG CAG ATG CCG GGA TGC TGG AGC CGG TTG CAG AAT TAC GCG GCC ACC CTT CAG AAG GAG AGA CAG AAG AAG 
Alligator_mississippiensis      ATG CCT GTA TAC ATC CGG AAG CAT CCT CTC AAG ATC CCT CTG CCC TCT GAA AAG GAC TGG ATT AAA GAG GAT GAG GAG GAA AAT TTC TTC CTG CAA GAT CCT GAT CAA ACC CTT GAT CAG TTG CCT CAG CCC TTC CGG ATG ATC AAT AAA ATG GTG AAT CTG GTG TTT GAC CAG ACC TTG GAA ATC ATC GAG CAA AGA GAG GCA CTC CGA GCA GCA CAG AAA CTG AAG GTC CAG CCC ACG CGG TAC ATG CCC ACA GGT GAC TTC AAG GTG GCA GGA AGA GCC AAC TGC CTG GCA GCA TCT GGA AAA AAC ATC TTT GTT GGG CTT TCC ACA GGC CTC GCA GCC TTC AGC GCA GCT GAC TGT AGG CGG GTG TGT TCC TGG GAG GCA GCA AAG TTC GAA ATA TGT GCC ATC CAT GCC TCA GAC CTC GGG AAC GAG AAC CAC GTC CTC ATT GCT TTG GAT GAG ATG GGA TTT GCC CAC CTC TTT TAT TTT TGC AAG GAC AGC CTC TTT CTC ATT AAA GTC CTA AAT GAA GTG GAA GAT ATC AGC AAG CGA AGC ACT TGT GAG GAG GTG GAG CTC TCC CAT GGG GGC AGT TAT GCA GGT GTC CTG CTG CAA GGC AGC ACA GAA GCT TGG CTG GAG ATC TAC CGA TTG CCT AAG GAT TCC TGG GAG AGA GAG ACA GAA AAT GCC CCA GGG GCT GCA GCT GCA GCA GCT CCA GCT GTC CAG GAA AGG ATG TTC AGC CAG GCT TCA GAA ATG AAA AGT CTG GAG TTG CAG AGA GAA GGT TCC GCA GAG ATG GAG ACA CGC ATG TCT ACG AGC AAG TTA GGT GCC AGA CTG AGT CTC CCC ATG CTG CTG CTG AAG GTC AGG CCA CCC AAA CCC CTC TCA GGA AGC ATA TTT AAA AGT CCA CTG GAT GCC TTA ATG AAA ATT GAT GAT GGC AGC GTT CTT GGT TTG GGA CAC AAT CAC ATG ATC AAG GAC TGC CAA TTG GAG CAG CAG GAT GCA ATC TTT CAC AGC ACC TTC AAA ACA TAC CTG GAG AGA GGC AGT GAA TCT GAC AGC AAG GAG GTG ACT CCC AGA CAC ACT ATG TTT CAT TTT ATC TTT CCT GGT CGG ATA TTG CAG ATG GGA CCT GAA ATC AAA TCA CAG CCA GAG GTC CCA GCT GGT ATC AGT GTG CAC TGG AGT GGA AGC CAC AAT CTC TGT CTG TAT TTA CTG ACC CGG CCC CTA AAG GAG AAA GGA GAT ACT GAA CTG AAA CCT GAT GCT GTC TGG CCA TGT GCA GCT CTG ATC ACA TGC TCA GCT GTC AGC TCC TGC TCT TCT TAC TTG GCT TTG GCA TGT GAA GAT TCA ACA ATA ACT GTT TGG AAC AAC TGT CTA GGA AGC CCC CTA GGT GTA ACT GCC CTC CCT GAG GGA TGC CTG ATC CGC AGC ATC CAC TTC CTG CCG AGT CCT GCT GCT CCC AAG GAC CAG GGG CTC TGC CCT AGC GGA GAC CCT TCC CAC CCC AAA GTG CAG CTC CTA GCA TTG TGT GCG GAT GGA TCT CTC CAT CTG GTG GCA GCA TCA TGG ACT GGA CAG TCC AAC ACA GTG CTC CTG GCA GGC AGG CCG CAG GAT CCA GGT CAG ACC ATC AAC ACA GTG GCA CCC CTT CTC ACC TTC AAT GGC ACA GTG CTG GTG TTC TCC CGG GAT GGC ACA GTG TCC CTG ATA GAC ACA GTC ATG CTG CAG ACC ATT TGC CAC TTG GTT ACC CCA CCC TCT TAC ACA GTA GCA TCC CCC TGG CAG CCA GTG TTT GCC TTG GAT ACT GAG AAC CAG CGC CTG CTC CTC CAA GGG CAA GAG CAG CAG CGG GCA GAT GCT GTG TCA CAG GCC AAA GAC AAT CAA AGC TCC ATC TTC CTC TTT GAC TTC AAT TCC CAC CCA CTC AGG GAT GTT TTC CCA AAG AAA CTG GAG TCT CCC CCG GAA TCC CTG CAG CAC CAG CCA TGG GAC AAG AGA TGT GAC ATT TTC CTG CGC AAC AGA CAA GAG CAC TTG CTG GAG CTC AGC CAG CAG ATG CCG GGA TGC TGG AGC CGG TTG CAG AAG TAC GCG GCC ACC CTT CAG AAG GAG AGA CAG AAG AAG 
Gavialis_gangeticus             ATG CCC GTG TAC ATC CGG AAG CAT CCT CTC GAG ATC CCT CTG CCG TCT GAA AAG GAC TGG ATT AAA GAG GAT GAG GAG GAG AAT TTC TTC TTG CAA GAT CCT GAT CAA ACC CGT GAT CAG TTG CCT CAG CCC TTC CGG ATG ATC AAT AAA ATG GTG AAT CTG GTG TTT GAC CAG GCC TTG GAA ATC ATT GAG CAA AGA GAG GCA CTC CGA GAA GCA CAG AAA CTG AAG GTC CAG CCC ACG CAG TAC ATG CCC ACA GGT GAC TTC AAG GTG GCA GGA AGA GCC AAC TGC TTG GCA GCA TCT GGA AAA AAC ATC TTT GTT GGG ACT TCC ACA GGA CTC GCA GCC TTC AGT GCA GCT GAC TGT AGG CGG GTC TGT GCC TGG GAG GCA GCC AAG CTA GAG ATT TGT GCC ATC CAT GCC TCA GAC CTC AGG AAT GAG AAC CAC GTC CTC ATT GCT TTG GAT GAG ATG GGA TTT GCT TAT CTC TTT TAT TTT TGC AAG GAC AGC CTC CTT CTC GTT AAA GTC CTA AAT GAA GTG GAA GAT ATC AGC AAG CGA AGC ACT TGT GAG GAG GTG GAG CTC TCC CGT GGG GGC AGT TAT GCA GGT GTC CTG CTT CAA GGC AGC ACA GAA GCT TGG CTG GAG ATC TAC CGA TTG CCT AAG GAG TCC TGG GAG AGA GAA ACA GAA AAT GCC CCA GGG GCT GCA GCT GCA GCA GCT CCA GCT GTC CAG GAA AGG ATG TTC AGC CAG GCT TCA GAA ATG AAA AGT CTG GAA TTG CAG AGA GAA GGT TCC GCA GAG ATG GAG ACA CGC ATG TCT ACA AGC AAG TTA GGT GCC AGG CTG AGT CAC CCC ATG CTG CTG CTG AAG GTC AGG CCA CCC AAA CCC CTC TCA GGA AGC ATA TTT AAA AGT CCA CTG GAT GCC TTA ATG AAA ATT GAT GAT GGC AGC GTA CTT GGT TTG GGA CAC AAT CAC ATG ATC AAG GAC TGC CAA TTG GAG CAG CAG GAT GCA ATC TTT CAC AGC ACC TTC AAA ACA TAC CTG GAG AGA GAC AGT GAA TCT GAC AGC AAG GAA GAG ACT CCC AGA CAC GCT ATG TTT CAT TTT ATC TTG CCT GGT CGG ATA TTG CAG ATG GGA CCT GAA ATC AAA TCA CAG CCA GAG GTC CCA GCT GGT ATC AGT GTG CAT TGG AGT GGA AGC CAC AAT CTC TGT CTG TAT TTA CTG ACC CGG CCC CTA AAG GAG AAA GGA GAT ACT GAA CTG AAA CCT GAT GCT GTC TGG CCA TGT GCA GCT CTG ATC ATA TGC TCA GCT GTC AGT TCC TGC TCT TCT TAC TTG GCT TTA GCA TGT GAA GAT TCA ACA ATA ACT GTT TGG AAC AAC TGT CTA GGA AGC CCG CTA GGT GTA ACT GCC CTT CCT GAG GGA TGC CTG ATC CGC AGC ATC CAC TTC CTG CCG AGT GTT GCT GCC CCC AAG GAC CAG GGG CTC TGC CCT AAC GGA GAC CCT GCC CAC CCC AAC ATG CAG CTC CTA GCA TTG TGT GGG GAT GGA TCT CTC CAC CTG GTG GCA GCA TCA TGG ACT GGA CAG TCC AAC ACA GTG CTC CTG GCA GGC AGG CCG GAG GAT CCA GGT CAG ACC ATC ACC ACA GTG GCA CCC CTT CTC ACC TTC AAT GGC AAA GTG CTG GTG TTC TCC CGG GAT GGC ACA GTG TCC CTG ATA GAC ACA GCC ATG CTG CAG ACC ATT TGC CAC TTG GTT ACC CCA CCC TCT TAC ACA GTA GCA TCC CCC TGG CAG CCA GTG TTT GCC TTG GAC ACT GAG AAC CAG CAC CTG CTT CTT CAA GGG CAA GAG CAG CAG CAG GCA GAT GCT GTG TCA CAG GGC AAA GAC AGT CAA AGC ACC ATC TTC CTC TTT GAC TTC AAT TCC CAC CTG CTC AGG GAT GTT TTC CCA AAG AAA CTG GAG TCT CCT CCG GAA TCC CTG CAG CAC CTG CCA TGG GAC AAG AGA TGT GAC ATT TTC CTG CGC AAC AGA CAA GAG CAC TTG CTG GGG CTC AGC CAG CAG ATA CCG GGA TGC TGG AGC CAG TTG CAG AAG TAT GCG GCC ACC CTT CAG AAG GAG AGA CAG AAG AAG 
Crocodylus_porosus              ATG CCC GTG TAC ATC CGG AAG CAT CCT CTC GAG ATC CCT CTG CCG TCT GAA AAG GAC TGG ATT AAA GAC GAT GAG GAG GAA AAT TTC TTC TTG CAA GAT CCT GAT CAA ACA CTT GAC CAG TTG CCT CAG CCC TTC CGG ATG ATC AAT AAA ATG GTG AAT CTG GTG TTT GAC CAG GCC TTG GAA ATC ATT GAG CAA AGA GAG GCA CTC CGA GAA GCA CAG AAA CTG AAG GTG CAG CCC ACG CAG TAC ATG CCC ACA GGT GAC TTC AAG GTG GCA GGA AGA GCC AAC TGC TTG GCA GCA TCT GGA AAA AAC ATC TTT GTT GGG ATT TCC ACA GGA CTC GCA GCC TTC AGC GCA GCT GAC TGT AGG CGG GTC TGT GCC TGG GAG GCA GCC AAG CTA GAG ATT TGT GCC ATC CGT GCC TCA GAC CTC GGG AAT GAG AAC CAC GTC CTC ATT GCT TTG GAT GAC ATG GGA TTT GCC CAT CTC TTT TAT TTT TCC AAG GAC AGC TTC CTT CTC ATT AAA GTC CTA AAT GAA GTG GAA GAT ATC AGC AAG CGA AGC ACT TGT GAG GAG GTG GAG CTC TCC CGT GGG GGC AGT TAT GCA GGT GTC CTG CTG CAA GGC AGC ACA GAA GCT TGG CTG GAG ATC TAC CGA TTG CCT AAG GAT TCC TGG GAG AGA GAG GCA GAA AAT GCC CCA GGG GCT GCA GCT GCA GCA GCT CCA GCT GTC CAG GAA AGG ATG TTC AGC CAG GCT TCA GAA ATG AAA AGT CTG GAA TTG CAG AGA GAA GGT TCC GCA GAG ATG GAG ACA TGC ATG TCT ACA AGC AAG TTA GGT GCC AGG CTG AGT CAC CCC ATG CTG CTG CTG AAG ATC AGG CCA CCC AAA CCC CTC TCA GGA AGC ATA TTT AAA AGT CCA CTG GAT GCC TTA ATG AAA ATT GAT GAT GGC AGT GTA CTT GGT TTG GGA CAC AAT CAC ATG ATT AAG GAC TGC CAA TTG GAG CAG CAG GAT GCA ATC TTT CAC AGC ACC TTC AAA ACA TAC CTG GAG AGA GAC AGT GAA TCT GAC AGC AAG GAG GAG ACT CCC AGA CAC ACT ATG TTT CAT TTT ATC TTG CCT GGT CGG ATA TTG CAG ATG GGA CCT GAA ATC AAA TTA CAG CCA GAG GTC CCA GCT GGT ATC AGT GTG CAC TGG AGT GGA AGC CAC AAT CTC TGT CTG TAT TTA CTG ACC CGG CCC CTA AAG GAG AAA GCA GAT ACT GAA CTG AAA CCT GAT GCT GTC TGG CCA TGT GCA GCT CTG ATC ACA TGC TCA GCC GTC AGC TCC TGT TCT TCT TAC TTG GCT TTG GCA TGC GAA GAT TCA ACA ATA ACT GTC TGG AAC AAC CGT CTA GGA AGC CCC CTA GGT GTA ACT GCC CTC CCT GAG GGA TGC CTG ATC CGC AGC ATC CAC TTC CTG CCG TGT CTT GCT GCC CCC AAG GAC CAG GGG CTC TGC CCT AGC GGA GAC CCT GCC CAC CCC AAA GTG CAG CTC CTA GCA TTG TGT GTG GAT GGA TCT CTC CAC CTG GTG GCA GCA TCA TGG ACT GGA CAA TCC AAC ACA GTG CTT CTG GCA GGC AGG CCA GAG GAT CCA GGT CAG ACC ATC AAC ACA GTG GCA CCC CTT CTC ACC TTC AGT GGC ACA GTG CTG GTG TTC TCC CGG GAT GGC ACA GTG TCC CTG ATA GAC ACA GCC ATG CTG CAG ACC ATT TGC CAC TTG GTT ACC CCA CCC TCT TAC ACA GTA GCA TCC CCC TGG CAG CCA GTG TTT GCC TTG GAT ACT GAG AAC CAG CAC CTA CTC CTC CAA GGG CAA GAG CAG CAG CAG GCA GAT GCT GTG TCA CAG GCC AAA GAC AGT CAA AGC ACC ATC TTC CTC TTT GAC TTC AAT TCC CAC CCG CTC AGG GAT GTT TTC CCA AAG AAA CTG GAG TCT CCC CCG GAA TCC CTG CAG CAC CTG CCA TGG GAC AAG AGA TGT GAC ATT TTC CTG CGC AAC AGA CAA GAG CAC TTG CTG GGG CTC AGC CAG CAG ATG CCG GGA TGC TGG AGC CGG TTG CAG AAG TAC GCG GCC ACC CTT CAG AAG GAG AGA CAG AAG AAG 



Printing out site pattern counts


         4        498  P

Alligator_sinensis              AAA AAA AAC AAC AAG AAT AAT AAT AAT AAT ACA ACA ACA ACA ACA ACA ACC ACC ACG ACT ACT AGA AGA AGC AGC AGC AGG AGT AGT AGT ATA ATC ATC ATC ATG ATG ATG ATT ATT CAA CAC CAC CAG CAG CAG CAG CAT CAT CAT CAT CAT CCA CCA CCC CCC CCC CCC CCG CCG CCT CCT CCT CGA CGA CGA CGC CGC CGC CGG CGG CGG CGG CTA CTC CTC CTC CTC CTC CTG CTG CTG CTG CTG CTG CTT CTT CTT CTT GAA GAA GAA GAA GAC GAC GAG GAG GAG GAG GAG GAG GAG GAG GAT GAT GAT GAT GCA GCA GCC GCC GCC GCC GCC GCC GCG GCT GCT GGA GGA GGC GGC GGC GGG GGG GGT GTA GTA GTA GTC GTC GTC GTC GTC GTG GTG GTG GTG GTT GTT GTT GTT TAC TAC TAT TCA TCA TCA TCC TCC TCC TCT TGC TGC TGC TGG TGT TGT TGT TTA TTC TTC TTG TTG TTT TTT TTT 
Alligator_mississippiensis      ... ... ... ... ... ..C ..G ... ... ... ... ... ... ... ..G G.. ... ... .T. ... ... ... ... ... ... ... ... ..C ... ... ... ... ... ... .C. ... ... ..A ... ... ... ... ... ... ... .G. ..C ... ... ... ... ... ... ... ... ... ..T ... ... ..C ... ... .A. .AG ... ... ... ... .A. ... ... ... ... ... ... ... ... ... .A. ... ... ... ... G.. ..C ... ... ... ... ... ..G .C. ... ..T A.. C.. ..A ... ... ... ... ... ... ... ... ... ... ... A.. ... ... ... ..T T.. ... ... ... ... ... ... ... ... ... ... ... ... ... ..G ... ... ... ... ..G .C. ... ... ... A.. ... ... ... ... ... ... C.. ... ... ... ... ... ... ... ... ... ... ... ... ... ... ... ... ... ... ... ... ... 
Gavialis_gangeticus             ... ..C ... .C. ... ... ..G ... ... .G. .A. ... ... .T. ... G.. ... ... .T. ... G.. ... ..G ... ... ..T ... .AC ... ... ... ... ... ..T .C. ..A ... ... ... ... ... ..T ... ... G.. ... T.. ..C ... ... .G. ... .TG ... ..G ..T ... ... ... ..G ... GT. .A. .AG ... .A. ... ... .A. .A. .A. ... ... .A. ... ... ... ..T ... ... ... ..T T.. G.. ..C AC. .G. ... ... ..G ..G ... ... ..T ... C.. ... ..A ..A ... ... .G. ..C ..G ... ... ... ..C ... ... ..T .G. ... ... ... ... ... ... ... .A. ..A ... A.. ... ... ... ..G ..G .C. ... ... ... ... .G. A.. .A. ... ... ..A ... ... ... ..T ... C.. ... ... A.. G.. ... ... ... ... ... ... ... ... ... ... C.A ... ..A ... C.. ..G ... 
Crocodylus_porosus              ... ... ... ... ... ... ..G ... .G. .G. ... ... G.. ... ... G.. ..A ... .T. ... ... ... ..G ... ..T ... ... ..C ... T.. ... ... ..T ..T .C. ... ... ... ... ... ... ... ..A ... G.. ... ... ..C ... .G. .G. ... ..G ... ... ... ... ..A ... ..G ... .T. .A. .AG ... .A. ... T.. .A. .A. ... ... ... .A. ... ..T T.. ... ... ..A ... ... T.. G.. ..C A.. ... ... ... ... ..C ... ... ..T ... C.. ... ..A ... ..C ... .G. ... ... ..C ... ... ..C ... ... ... ... ... ... ... ..C ... .C. ... .A. ..A ... ... ... ... ... ..G ..G .C. A.. ... ..G ... ... ... .A. ... A.. ..A ..C ... ... ... ... C.. ... .T. A.. G.. ... ... .C. ... ..T ... C.. ..C ... ... C.A ... ... ... C.. ..G ... 

   15    1    8    1   19    1    1    8    1    1    1   11    1    1    1
    1    1    7    1    7    1    9    1   15    1    2    5    1    7    1
    4   17    1    1    1    1   14    1    5    8   12    1    1   24    1
    1    1    1    2    1    1   11    1   13    1    1    1    1    3    1
   11    1    1    1    3    1    2    1    1    1    1    6    5    1   16
    1    1    3    1    1   27    1    2    1    1    1    1    3   14    1
    1    1   15    1    1    1    1    1    2    1   23    1    1    1    1
   16   22    1    1   10    1    1    1    1    1    1   14    1   13    1
    1    6    1    5    9    2    1    1    1    1    7    1    1    1    1
    1   12    1    1    1    3    6    1    3    1    7    1    1    1   11
    9    1    7    1   11    1    1    8    3    1   14    1   14    1    1
   11

CODONML (in paml version 4.9j, October 2019)  Crocodylia.aln.faa
Model: several dN/dS ratios for branches, 
Codon frequency model: F3x4
ns =   4  ls = 686

Codon usage in sequences
------------------------------------------------------------------------------------------------------
Phe TTT  13  13  11  11 | Ser TCT   9   9   9   9 | Tyr TAT   3   3   5   3 | Cys TGT  10  10  10  10
    TTC  15  15  14  15 |     TCC  13  14  11  12 |     TAC   7   7   6   7 |     TGC   9   9   9   9
Leu TTA   3   3   4   4 |     TCA   9   8   8   7 | *** TAA   0   0   0   0 | *** TGA   0   0   0   0
    TTG  15  15  17  18 |     TCG   0   0   0   0 |     TAG   0   0   0   0 | Trp TGG  11  11  11  11
------------------------------------------------------------------------------------------------------
Leu CTT   6   5   8   7 | Pro CCT  13  13  12  11 | His CAT   6   5   4   3 | Arg CGT   0   0   2   3
    CTC  22  23  19  20 |     CCC  16  16  14  16 |     CAC  13  14  15  16 |     CGC   4   4   3   2
    CTA   5   5   6   7 |     CCA  12  13  12  13 | Gln CAA   8   9   9  10 |     CGA   5   3   3   3
    CTG  33  31  30  29 |     CCG   4   4   6   5 |     CAG  27  30  31  29 |     CGG   9   9   6   7
------------------------------------------------------------------------------------------------------
Ile ATT   6   6   7  10 | Thr ACT   8   8   8   8 | Asn AAT  12  10  10   9 | Ser AGT   9   8  11  10
    ATC  19  19  18  18 |     ACC   8   9  10   8 |     AAC   9  10  10   9 |     AGC  18  19  16  18
    ATA   4   5   6   4 |     ACA  16  14  13  15 | Lys AAA  16  16  16  16 | Arg AGA  10  10   9   9
Met ATG  16  16  16  16 |     ACG   1   2   1   1 |     AAG  19  21  20  20 |     AGG   5   5   7   6
------------------------------------------------------------------------------------------------------
Val GTT   6   5   6   3 | Ala GCT  15  16  17  14 | Asp GAT  19  20  18  19 | Gly GGT   9   9   9   9
    GTC  11  10  10   9 |     GCC  15  12  16  19 |     GAC  16  15  17  19 |     GGC   8   8   7   6
    GTA   4   3   3   3 |     GCA  23  25  23  25 | Glu GAA  17  16  18  17 |     GGA  14  14  15  14
    GTG  15  17  15  18 |     GCG   1   2   1   1 |     GAG  31  29  31  29 |     GGG   6   6   7   7
------------------------------------------------------------------------------------------------------

Codon position x base (3x4) table for each sequence.

#1: Alligator_sinensis
position  1:    T:0.17055    C:0.26676    A:0.25656    G:0.30612
position  2:    T:0.28134    C:0.23761    A:0.29592    G:0.18513
position  3:    T:0.20991    C:0.29592    A:0.21283    G:0.28134
Average         T:0.22060    C:0.26676    A:0.25510    G:0.25753

#2: Alligator_mississippiensis
position  1:    T:0.17055    C:0.26822    A:0.25948    G:0.30175
position  2:    T:0.27843    C:0.24052    A:0.29883    G:0.18222
position  3:    T:0.20408    C:0.29738    A:0.20991    G:0.28863
Average         T:0.21769    C:0.26871    A:0.25607    G:0.25753

#3: Gavialis_gangeticus
position  1:    T:0.16764    C:0.26239    A:0.25948    G:0.31050
position  2:    T:0.27697    C:0.23469    A:0.30612    G:0.18222
position  3:    T:0.21429    C:0.28426    A:0.21137    G:0.29009
Average         T:0.21963    C:0.26045    A:0.25899    G:0.26093

#4: Crocodylus_porosus
position  1:    T:0.16910    C:0.26385    A:0.25802    G:0.30904
position  2:    T:0.27988    C:0.23907    A:0.30029    G:0.18076
position  3:    T:0.20262    C:0.29592    A:0.21429    G:0.28717
Average         T:0.21720    C:0.26628    A:0.25753    G:0.25899

Sums of codon usage counts
------------------------------------------------------------------------------
Phe F TTT      48 | Ser S TCT      36 | Tyr Y TAT      14 | Cys C TGT      40
      TTC      59 |       TCC      50 |       TAC      27 |       TGC      36
Leu L TTA      14 |       TCA      32 | *** * TAA       0 | *** * TGA       0
      TTG      65 |       TCG       0 |       TAG       0 | Trp W TGG      44
------------------------------------------------------------------------------
Leu L CTT      26 | Pro P CCT      49 | His H CAT      18 | Arg R CGT       5
      CTC      84 |       CCC      62 |       CAC      58 |       CGC      13
      CTA      23 |       CCA      50 | Gln Q CAA      36 |       CGA      14
      CTG     123 |       CCG      19 |       CAG     117 |       CGG      31
------------------------------------------------------------------------------
Ile I ATT      29 | Thr T ACT      32 | Asn N AAT      41 | Ser S AGT      38
      ATC      74 |       ACC      35 |       AAC      38 |       AGC      71
      ATA      19 |       ACA      58 | Lys K AAA      64 | Arg R AGA      38
Met M ATG      64 |       ACG       5 |       AAG      80 |       AGG      23
------------------------------------------------------------------------------
Val V GTT      20 | Ala A GCT      62 | Asp D GAT      76 | Gly G GGT      36
      GTC      40 |       GCC      62 |       GAC      67 |       GGC      29
      GTA      13 |       GCA      96 | Glu E GAA      68 |       GGA      57
      GTG      65 |       GCG       5 |       GAG     120 |       GGG      26
------------------------------------------------------------------------------


Codon position x base (3x4) table, overall

position  1:    T:0.16946    C:0.26531    A:0.25838    G:0.30685
position  2:    T:0.27915    C:0.23797    A:0.30029    G:0.18258
position  3:    T:0.20773    C:0.29337    A:0.21210    G:0.28681
Average         T:0.21878    C:0.26555    A:0.25692    G:0.25875

Codon frequencies under model, for use in evolver (TTT TTC TTA TTG ... GGG):
  0.01015095  0.01433599  0.01036465  0.01401544
  0.00865349  0.01222115  0.00883567  0.01194788
  0.01091956  0.01542148  0.00000000  0.00000000
  0.00663920  0.00937641  0.00000000  0.00916675
  0.01589224  0.02244431  0.01622681  0.02194244
  0.01354782  0.01913333  0.01383304  0.01870550
  0.01709557  0.02414374  0.01745548  0.02360388
  0.01039427  0.01467963  0.01061310  0.01435139
  0.01547747  0.02185853  0.01580331  0.02136977
  0.01319424  0.01863397  0.01347201  0.01821731
  0.01664939  0.02351362  0.01699991  0.02298785
  0.01012299  0.01429651  0.01033611  0.01397683
  0.01838086  0.02595894  0.01876783  0.02537849
  0.01566932  0.02212948  0.01599920  0.02163466
  0.01977262  0.02792449  0.02018889  0.02730010
  0.01202195  0.01697836  0.01227504  0.01659872


TREE #  1:  (4, 3, (2, 1));   MP score: 122
lnL(ntime:  5  np:  8):  -3548.953432      +0.000000
   5..4     5..3     5..6     6..2     6..1  
 0.039739 0.052552 0.045930 0.023797 0.025667 4.167217 0.485299 0.479139

Note: Branch length is defined as number of nucleotide substitutions per codon (not per neucleotide site).

tree length =  0.187685

(4: 0.039739, 3: 0.052552, (2: 0.023797, 1: 0.025667): 0.045930);

(Crocodylus_porosus: 0.039739, Gavialis_gangeticus: 0.052552, (Alligator_mississippiensis: 0.023797, Alligator_sinensis: 0.025667): 0.045930);

Detailed output identifying parameters

kappa (ts/tv) =  4.16722

w (dN/dS) for branches:  0.48530 0.47914

dN & dS for each branch

 branch          t       N       S   dN/dS      dN      dS  N*dN  S*dS

   5..4      0.040  1450.0   608.0  0.4853  0.0101  0.0208  14.6  12.6
   5..3      0.053  1450.0   608.0  0.4791  0.0133  0.0277  19.2  16.8
   5..6      0.046  1450.0   608.0  0.4853  0.0117  0.0240  16.9  14.6
   6..2      0.024  1450.0   608.0  0.4853  0.0060  0.0124   8.8   7.6
   6..1      0.026  1450.0   608.0  0.4853  0.0065  0.0134   9.4   8.2

tree length for dN:       0.0476
tree length for dS:       0.0983

dS tree:
(Crocodylus_porosus: 0.020783, Gavialis_gangeticus: 0.027673, (Alligator_mississippiensis: 0.012446, Alligator_sinensis: 0.013424): 0.024022);
dN tree:
(Crocodylus_porosus: 0.010086, Gavialis_gangeticus: 0.013259, (Alligator_mississippiensis: 0.006040, Alligator_sinensis: 0.006514): 0.011658);

w ratios as labels for TreeView:
(Crocodylus_porosus #0.485299 , Gavialis_gangeticus #0.479139 , (Alligator_mississippiensis #0.485299 , Alligator_sinensis #0.485299 ) #0.485299 );


Time used:  0:01
