Mus_musculus
Rattus_norvegicus
Cavia_porcellus
Cricetulus_griseus
Ochotona_princeps
Octodon_degus
Jaculus_jaculus
Heterocephalus_glaber
Mesocricetus_auratus
Ictidomys_tridecemlineatus
Microtus_ochrogaster
Chinchilla_lanigera
Peromyscus_maniculatus_bairdii
Nannospalax_galili
Fukomys_damarensis
Dipodomys_ordii
Marmota_marmota_marmota
Mus_caroli
Mus_pahari
Meriones_unguiculatus
Urocitellus_parryii
Grammomys_surdaster
Peromyscus_leucopus
Mastomys_coucha
Arvicanthis_niloticus
Onychomys_torridus
Arvicola_amphibius
Ochotona_curzoniae
Microtus_oregoni
Dipodomys_spectabilis
Marmota_monax
Sciurus_carolinensis
Perognathus_longimembris_pacificus
Myodes_glareolus
Microtus_fortis
Acomys_russatus
Phodopus_roborovskii
Apodemus_sylvaticus
Peromyscus_californicus_insignis
Psammomys_obesus
