
Loaded 'libv3/convenience/matrix.bf' from /usr/local/lib/hyphy/TemplateBatchFiles/libv3/convenience/matrix.bf
Loaded 'libv3/UtilityFunctions.bf' from /usr/local/lib/hyphy/TemplateBatchFiles/libv3/UtilityFunctions.bf
Loaded 'IOFunctions.bf' from /usr/local/lib/hyphy/TemplateBatchFiles/libv3/IOFunctions.bf
Already loaded 'libv3/UtilityFunctions.bf' from /usr/local/lib/hyphy/TemplateBatchFiles/libv3/UtilityFunctions.bf
Loaded 'convenience/regexp.bf' from /usr/local/lib/hyphy/TemplateBatchFiles/libv3/convenience/regexp.bf
Loaded 'libv3/all-terms.bf' from /usr/local/lib/hyphy/TemplateBatchFiles/libv3/all-terms.bf
Variable 'skipCodeSelectionStep' was not initialized prior to being used
Row and/or column partition is empty. All the data will be used by default.
Overwritten previously defined function:'GaussLaguerreQuardature'
Overwritten previously defined function:'GammaQuadWeight'
Variable 'SKIP_HARVEST_FREQ' was not initialized prior to being used
Variable '_WRAP_PASSTHROUGH_FLAG_' was not initialized prior to being used
Variable 'END_OF_FILE' was not initialized prior to being used
Variable '_DO_TREE_REBALANCE_' was not initialized prior to being used
Variable '_KEEP_I_LABELS_' was not initialized prior to being used
Model MG94customModel assigned to Esox_lucius
Esox_lucius has 2 parameters - branch length not assigned
Model MG94customModel assigned to Oncorhynchus_mykiss
Oncorhynchus_mykiss has 2 parameters - branch length not assigned
Model MG94customModel assigned to Oncorhynchus_tshawytscha
Oncorhynchus_tshawytscha has 2 parameters - branch length not assigned
Model MG94customModel assigned to Oncorhynchus_kisutch
Oncorhynchus_kisutch has 2 parameters - branch length not assigned
Model MG94customModel assigned to Node7
Node7 has 2 parameters - branch length not assigned
Model MG94customModel assigned to Oncorhynchus_keta
Oncorhynchus_keta has 2 parameters - branch length not assigned
Model MG94customModel assigned to Oncorhynchus_gorbuscha
Oncorhynchus_gorbuscha has 2 parameters - branch length not assigned
Model MG94customModel assigned to Node11
Node11 has 2 parameters - branch length not assigned
Model MG94customModel assigned to Oncorhynchus_nerka
Oncorhynchus_nerka has 2 parameters - branch length not assigned
Model MG94customModel assigned to Node10
Node10 has 2 parameters - branch length not assigned
Model MG94customModel assigned to Node6
Node6 has 2 parameters - branch length not assigned
Model MG94customModel assigned to Node4
Node4 has 2 parameters - branch length not assigned
Model MG94customModel assigned to Salvelinus_alpinus
Salvelinus_alpinus has 2 parameters - branch length not assigned
Model MG94customModel assigned to Node3
Node3 has 2 parameters - branch length not assigned
Model MG94customModel assigned to Salmo_salar
Salmo_salar has 2 parameters - branch length not assigned
Model MG94customModel assigned to Node2
Node2 has 2 parameters - branch length not assigned
Model MG94customModel assigned to Coregonus_clupeaformis
Coregonus_clupeaformis has 2 parameters - branch length not assigned
The tips of the tree:givenTree were matched with the species names from the data in the following numeric order (0-based) {0,3,2,1,6,5,4,8,7,9}

Pseudo-optimal path's cost 10025 vs 20835 for 1..k=> a 2.0783 x improvement
Partition 0 reversible model flag computed as 1
Variable 'theLnLik' was not initialized prior to being used
Variable 'SAVE_OPT_STATUS_TO' was not initialized prior to being used
Variable 'givenTree.Esox_lucius.nonSynRate' was not initialized prior to being used
Variable 'givenTree.Esox_lucius.synRate' was not initialized prior to being used
Variable 'givenTree.Oncorhynchus_mykiss.nonSynRate' was not initialized prior to being used
Variable 'givenTree.Oncorhynchus_mykiss.synRate' was not initialized prior to being used
Variable 'givenTree.Oncorhynchus_tshawytscha.nonSynRate' was not initialized prior to being used
Variable 'givenTree.Oncorhynchus_tshawytscha.synRate' was not initialized prior to being used
Variable 'givenTree.Oncorhynchus_kisutch.nonSynRate' was not initialized prior to being used
Variable 'givenTree.Oncorhynchus_kisutch.synRate' was not initialized prior to being used
Variable 'givenTree.Oncorhynchus_keta.nonSynRate' was not initialized prior to being used
Variable 'givenTree.Oncorhynchus_keta.synRate' was not initialized prior to being used
Variable 'givenTree.Oncorhynchus_gorbuscha.nonSynRate' was not initialized prior to being used
Variable 'givenTree.Oncorhynchus_gorbuscha.synRate' was not initialized prior to being used
Variable 'givenTree.Oncorhynchus_nerka.nonSynRate' was not initialized prior to being used
Variable 'givenTree.Oncorhynchus_nerka.synRate' was not initialized prior to being used
Variable 'givenTree.Salvelinus_alpinus.nonSynRate' was not initialized prior to being used
Variable 'givenTree.Salvelinus_alpinus.synRate' was not initialized prior to being used
Variable 'givenTree.Salmo_salar.nonSynRate' was not initialized prior to being used
Variable 'givenTree.Salmo_salar.synRate' was not initialized prior to being used
Variable 'givenTree.Coregonus_clupeaformis.nonSynRate' was not initialized prior to being used
Variable 'givenTree.Coregonus_clupeaformis.synRate' was not initialized prior to being used
Variable 'givenTree.Node7.nonSynRate' was not initialized prior to being used
Variable 'givenTree.Node7.synRate' was not initialized prior to being used
Variable 'givenTree.Node11.nonSynRate' was not initialized prior to being used
Variable 'givenTree.Node11.synRate' was not initialized prior to being used
Variable 'givenTree.Node10.nonSynRate' was not initialized prior to being used
Variable 'givenTree.Node10.synRate' was not initialized prior to being used
Variable 'givenTree.Node6.nonSynRate' was not initialized prior to being used
Variable 'givenTree.Node6.synRate' was not initialized prior to being used
Variable 'givenTree.Node4.nonSynRate' was not initialized prior to being used
Variable 'givenTree.Node4.synRate' was not initialized prior to being used
Variable 'givenTree.Node3.nonSynRate' was not initialized prior to being used
Variable 'givenTree.Node3.synRate' was not initialized prior to being used
Variable 'givenTree.Node2.nonSynRate' was not initialized prior to being used
Variable 'givenTree.Node2.synRate' was not initialized prior to being used
Site 1096 evaluated to a 0 probability in ComputeTreeBlockByBranch
Site 1096 evaluated to a 0 probability in ComputeTreeBlockByBranch
Site 316 evaluated to a 0 probability in ComputeTreeBlockByBranch
Site 187 evaluated to a 0 probability in ComputeTreeBlockByBranch
Site 1096 evaluated to a 0 probability in ComputeTreeBlockByBranch
Site 1004 evaluated to a 0 probability in ComputeTreeBlockByBranch
Site 932 evaluated to a 0 probability in ComputeTreeBlockByBranch
Site 1096 evaluated to a 0 probability in ComputeTreeBlockByBranch
Site 1073 evaluated to a 0 probability in ComputeTreeBlockByBranch
Site 90 evaluated to a 0 probability in ComputeTreeBlockByBranch
Site 978 evaluated to a 0 probability in ComputeTreeBlockByBranch
Site 52 evaluated to a 0 probability in ComputeTreeBlockByBranch
Site 1099 evaluated to a 0 probability in ComputeTreeBlockByBranch
Site 1096 evaluated to a 0 probability in ComputeTreeBlockByBranch
Site 83 evaluated to a 0 probability in ComputeTreeBlockByBranch
Site 1096 evaluated to a 0 probability in ComputeTreeBlockByBranch
Site 890 evaluated to a 0 probability in ComputeTreeBlockByBranch
Site 187 evaluated to a 0 probability in ComputeTreeBlockByBranch
Site 1004 evaluated to a 0 probability in ComputeTreeBlockByBranch
Site 316 evaluated to a 0 probability in ComputeTreeBlockByBranch
Site 744 evaluated to a 0 probability in ComputeTreeBlockByBranch
Site 1096 evaluated to a 0 probability in ComputeTreeBlockByBranch
Site 874 evaluated to a 0 probability in ComputeTreeBlockByBranch
Site 976 evaluated to a 0 probability in ComputeTreeBlockByBranch
Site 299 evaluated to a 0 probability in ComputeTreeBlockByBranch
Site 126 evaluated to a 0 probability in ComputeTreeBlockByBranch
Site 54 evaluated to a 0 probability in ComputeTreeBlockByBranch
Site 459 evaluated to a 0 probability in ComputeTreeBlockByBranch
Site 1096 evaluated to a 0 probability in ComputeTreeBlockByBranch
Site 932 evaluated to a 0 probability in ComputeTreeBlockByBranch
Site 90 evaluated to a 0 probability in ComputeTreeBlockByBranch
Site 712 evaluated to a 0 probability in ComputeTreeBlockByBranch
Site 1073 evaluated to a 0 probability in ComputeTreeBlockByBranch
Site 1186 evaluated to a 0 probability in ComputeTreeBlockByBranch
Site 391 evaluated to a 0 probability in ComputeTreeBlockByBranch
Site 389 evaluated to a 0 probability in ComputeTreeBlockByBranch
Auto-benchmarked an optimal number (7) of threads.
Set GUI update interval to every 268-th LF evaluation.
Initial guess for givenTree.Node2.nonSynRate is 0.00737802
Initial guess for givenTree.Node2.synRate is 0.00563845
Initial guess for givenTree.Node3.nonSynRate is 0.000234457
Initial guess for givenTree.Node3.synRate is -0.000179908
Initial guess for givenTree.Node4.nonSynRate is 0.00560184
Initial guess for givenTree.Node4.synRate is 0.00298046
Initial guess for givenTree.Oncorhynchus_mykiss.nonSynRate is 0.0872829
Initial guess for givenTree.Oncorhynchus_mykiss.synRate is 0.0705306
Initial guess for givenTree.Node6.nonSynRate is -1.99615e-05
Initial guess for givenTree.Node6.synRate is 0.000173162
Initial guess for givenTree.Node7.nonSynRate is 0.000126118
Initial guess for givenTree.Node7.synRate is -0.000119289
Initial guess for givenTree.Oncorhynchus_tshawytscha.nonSynRate is 0.00260132
Initial guess for givenTree.Oncorhynchus_tshawytscha.synRate is 0.002243
Initial guess for givenTree.Oncorhynchus_kisutch.nonSynRate is 0.00267782
Initial guess for givenTree.Oncorhynchus_kisutch.synRate is 0.00222034
Initial guess for givenTree.Node10.nonSynRate is 0.00180756
Initial guess for givenTree.Node10.synRate is 0.000632774
Initial guess for givenTree.Node11.nonSynRate is 0.00115264
Initial guess for givenTree.Node11.synRate is 0.000590851
Initial guess for givenTree.Oncorhynchus_keta.nonSynRate is 0.00234624
Initial guess for givenTree.Oncorhynchus_keta.synRate is 0.00147065
Initial guess for givenTree.Oncorhynchus_gorbuscha.nonSynRate is 0.00209364
Initial guess for givenTree.Oncorhynchus_gorbuscha.synRate is 0.00145672
Initial guess for givenTree.Oncorhynchus_nerka.nonSynRate is 0.00235826
Initial guess for givenTree.Oncorhynchus_nerka.synRate is 0.00280886
Initial guess for givenTree.Salvelinus_alpinus.nonSynRate is 0.000497852
Initial guess for givenTree.Salvelinus_alpinus.synRate is 0.000468096
Initial guess for givenTree.Salmo_salar.nonSynRate is 0.00479202
Initial guess for givenTree.Salmo_salar.synRate is 0.00270036
Initial guess for givenTree.Coregonus_clupeaformis.nonSynRate is 0.00652016
Initial guess for givenTree.Coregonus_clupeaformis.synRate is 0.00417934
Optimization settings:
	OPTIMIZATION_METHOD = 4
	OPTIMIZATION_PRECISION = 0.001
	MAXIMUM_ITERATIONS_PER_VARIABLE = 5000

Initial parameter values

GT = 1
CT = 1
CG = 1
AC = 1
AT = 1
givenTree.Esox_lucius.synRate = 0.1
givenTree.Esox_lucius.nonSynRate = 0.1
givenTree.Oncorhynchus_mykiss.synRate = 0.0705306
givenTree.Oncorhynchus_mykiss.nonSynRate = 0.0872829
givenTree.Oncorhynchus_tshawytscha.synRate = 0.002243
givenTree.Oncorhynchus_tshawytscha.nonSynRate = 0.00260132
givenTree.Oncorhynchus_kisutch.synRate = 0.00222034
givenTree.Oncorhynchus_kisutch.nonSynRate = 0.00267782
givenTree.Node7.synRate = 0
givenTree.Node7.nonSynRate = 0.000126118
givenTree.Oncorhynchus_keta.synRate = 0.00147065
givenTree.Oncorhynchus_keta.nonSynRate = 0.00234624
givenTree.Oncorhynchus_gorbuscha.synRate = 0.00145672
givenTree.Oncorhynchus_gorbuscha.nonSynRate = 0.00209364
givenTree.Node11.synRate = 0.000590851
givenTree.Node11.nonSynRate = 0.00115264
givenTree.Oncorhynchus_nerka.synRate = 0.00280886
givenTree.Oncorhynchus_nerka.nonSynRate = 0.00235826
givenTree.Node10.synRate = 0.000632774
givenTree.Node10.nonSynRate = 0.00180756
givenTree.Node6.synRate = 0.000173162
givenTree.Node6.nonSynRate = 0
givenTree.Node4.synRate = 0.00298046
givenTree.Node4.nonSynRate = 0.00560184
givenTree.Salvelinus_alpinus.synRate = 0.000468096
givenTree.Salvelinus_alpinus.nonSynRate = 0.000497852
givenTree.Node3.synRate = 0
givenTree.Node3.nonSynRate = 0.000234457
givenTree.Salmo_salar.synRate = 0.00270036
givenTree.Salmo_salar.nonSynRate = 0.00479202
givenTree.Node2.synRate = 0.00563845
givenTree.Node2.nonSynRate = 0.00737802
givenTree.Coregonus_clupeaformis.synRate = 0.00417934
givenTree.Coregonus_clupeaformis.nonSynRate = 0.00652016
Optimization finished in 27 loop passes.
3285 likelihood evaluation calls and 13451 matrix exponentiations calls were made

Variable 'lastDepth' was not initialized prior to being used
No nodel was assigned to Esox_lucius
Esox_lucius has 0 parameters - branch length not assigned
No nodel was assigned to Oncorhynchus_mykiss
Oncorhynchus_mykiss has 0 parameters - branch length not assigned
No nodel was assigned to Oncorhynchus_tshawytscha
Oncorhynchus_tshawytscha has 0 parameters - branch length not assigned
No nodel was assigned to Oncorhynchus_kisutch
Oncorhynchus_kisutch has 0 parameters - branch length not assigned
No nodel was assigned to Node7
Node7 has 0 parameters - branch length not assigned
No nodel was assigned to Oncorhynchus_keta
Oncorhynchus_keta has 0 parameters - branch length not assigned
No nodel was assigned to Oncorhynchus_gorbuscha
Oncorhynchus_gorbuscha has 0 parameters - branch length not assigned
No nodel was assigned to Node11
Node11 has 0 parameters - branch length not assigned
No nodel was assigned to Oncorhynchus_nerka
Oncorhynchus_nerka has 0 parameters - branch length not assigned
No nodel was assigned to Node10
Node10 has 0 parameters - branch length not assigned
No nodel was assigned to Node6
Node6 has 0 parameters - branch length not assigned
No nodel was assigned to Node4
Node4 has 0 parameters - branch length not assigned
No nodel was assigned to Salvelinus_alpinus
Salvelinus_alpinus has 0 parameters - branch length not assigned
No nodel was assigned to Node3
Node3 has 0 parameters - branch length not assigned
No nodel was assigned to Salmo_salar
Salmo_salar has 0 parameters - branch length not assigned
No nodel was assigned to Node2
Node2 has 0 parameters - branch length not assigned
No nodel was assigned to Coregonus_clupeaformis
Coregonus_clupeaformis has 0 parameters - branch length not assigned
No nodel was assigned to Esox_lucius
Esox_lucius has 0 parameters - branch length not assigned
No nodel was assigned to Oncorhynchus_mykiss
Oncorhynchus_mykiss has 0 parameters - branch length not assigned
No nodel was assigned to Oncorhynchus_tshawytscha
Oncorhynchus_tshawytscha has 0 parameters - branch length not assigned
No nodel was assigned to Oncorhynchus_kisutch
Oncorhynchus_kisutch has 0 parameters - branch length not assigned
No nodel was assigned to Node7
Node7 has 0 parameters - branch length not assigned
No nodel was assigned to Oncorhynchus_keta
Oncorhynchus_keta has 0 parameters - branch length not assigned
No nodel was assigned to Oncorhynchus_gorbuscha
Oncorhynchus_gorbuscha has 0 parameters - branch length not assigned
No nodel was assigned to Node11
Node11 has 0 parameters - branch length not assigned
No nodel was assigned to Oncorhynchus_nerka
Oncorhynchus_nerka has 0 parameters - branch length not assigned
No nodel was assigned to Node10
Node10 has 0 parameters - branch length not assigned
No nodel was assigned to Node6
Node6 has 0 parameters - branch length not assigned
No nodel was assigned to Node4
Node4 has 0 parameters - branch length not assigned
No nodel was assigned to Salvelinus_alpinus
Salvelinus_alpinus has 0 parameters - branch length not assigned
No nodel was assigned to Node3
Node3 has 0 parameters - branch length not assigned
No nodel was assigned to Salmo_salar
Salmo_salar has 0 parameters - branch length not assigned
No nodel was assigned to Node2
Node2 has 0 parameters - branch length not assigned
No nodel was assigned to Coregonus_clupeaformis
Coregonus_clupeaformis has 0 parameters - branch length not assigned
No nodel was assigned to Esox_lucius
Esox_lucius has 0 parameters - branch length not assigned
No nodel was assigned to Oncorhynchus_mykiss
Oncorhynchus_mykiss has 0 parameters - branch length not assigned
No nodel was assigned to Oncorhynchus_tshawytscha
Oncorhynchus_tshawytscha has 0 parameters - branch length not assigned
No nodel was assigned to Oncorhynchus_kisutch
Oncorhynchus_kisutch has 0 parameters - branch length not assigned
No nodel was assigned to Node7
Node7 has 0 parameters - branch length not assigned
No nodel was assigned to Oncorhynchus_keta
Oncorhynchus_keta has 0 parameters - branch length not assigned
No nodel was assigned to Oncorhynchus_gorbuscha
Oncorhynchus_gorbuscha has 0 parameters - branch length not assigned
No nodel was assigned to Node11
Node11 has 0 parameters - branch length not assigned
No nodel was assigned to Oncorhynchus_nerka
Oncorhynchus_nerka has 0 parameters - branch length not assigned
No nodel was assigned to Node10
Node10 has 0 parameters - branch length not assigned
No nodel was assigned to Node6
Node6 has 0 parameters - branch length not assigned
No nodel was assigned to Node4
Node4 has 0 parameters - branch length not assigned
No nodel was assigned to Salvelinus_alpinus
Salvelinus_alpinus has 0 parameters - branch length not assigned
No nodel was assigned to Node3
Node3 has 0 parameters - branch length not assigned
No nodel was assigned to Salmo_salar
Salmo_salar has 0 parameters - branch length not assigned
No nodel was assigned to Node2
Node2 has 0 parameters - branch length not assigned
No nodel was assigned to Coregonus_clupeaformis
Coregonus_clupeaformis has 0 parameters - branch length not assigned
No nodel was assigned to Esox_lucius
Esox_lucius has 0 parameters - branch length not assigned
No nodel was assigned to Oncorhynchus_mykiss
Oncorhynchus_mykiss has 0 parameters - branch length not assigned
No nodel was assigned to Oncorhynchus_tshawytscha
Oncorhynchus_tshawytscha has 0 parameters - branch length not assigned
No nodel was assigned to Oncorhynchus_kisutch
Oncorhynchus_kisutch has 0 parameters - branch length not assigned
No nodel was assigned to Node7
Node7 has 0 parameters - branch length not assigned
No nodel was assigned to Oncorhynchus_keta
Oncorhynchus_keta has 0 parameters - branch length not assigned
No nodel was assigned to Oncorhynchus_gorbuscha
Oncorhynchus_gorbuscha has 0 parameters - branch length not assigned
No nodel was assigned to Node11
Node11 has 0 parameters - branch length not assigned
No nodel was assigned to Oncorhynchus_nerka
Oncorhynchus_nerka has 0 parameters - branch length not assigned
No nodel was assigned to Node10
Node10 has 0 parameters - branch length not assigned
No nodel was assigned to Node6
Node6 has 0 parameters - branch length not assigned
No nodel was assigned to Node4
Node4 has 0 parameters - branch length not assigned
No nodel was assigned to Salvelinus_alpinus
Salvelinus_alpinus has 0 parameters - branch length not assigned
No nodel was assigned to Node3
Node3 has 0 parameters - branch length not assigned
No nodel was assigned to Salmo_salar
Salmo_salar has 0 parameters - branch length not assigned
No nodel was assigned to Node2
Node2 has 0 parameters - branch length not assigned
No nodel was assigned to Coregonus_clupeaformis
Coregonus_clupeaformis has 0 parameters - branch length not assigned
Variable 'nodeName' was not initialized prior to being used
Variable 'speciesIndex' was not initialized prior to being used
Row and/or column partition is empty. All the data will be used by default.
Model MG94customModel assigned to Esox_lucius
Model MG94customModel assigned to Oncorhynchus_mykiss
One branch tree supplied - hopefully this IS what you meant to do.
Rooted tree. Removing one branch - the left root child has been promoted to be the new root
Partition 0 reversible model flag computed as 1
Variable 'twoLnLik' was not initialized prior to being used
Variable 't2.Oncorhynchus_mykiss.nonSynRate' was not initialized prior to being used
Variable 't2.Oncorhynchus_mykiss.synRate' was not initialized prior to being used
Auto-benchmarked an optimal number (4) of threads.
Set GUI update interval to every 9433-th LF evaluation.
Optimization settings:
	OPTIMIZATION_METHOD = 4
	OPTIMIZATION_PRECISION = 0.001
	MAXIMUM_ITERATIONS_PER_VARIABLE = 5000

Initial parameter values

t2.Oncorhynchus_mykiss.nonSynRate = 0.1
t2.Oncorhynchus_mykiss.synRate = 0.1
Optimization finished in 5 loop passes.
158 likelihood evaluation calls and 138 matrix exponentiations calls were made

Row and/or column partition is empty. All the data will be used by default.
Model MG94customModel assigned to Esox_lucius
Model MG94customModel assigned to Oncorhynchus_tshawytscha
One branch tree supplied - hopefully this IS what you meant to do.
Rooted tree. Removing one branch - the left root child has been promoted to be the new root
Partition 0 reversible model flag computed as 1
Variable 't2.Oncorhynchus_tshawytscha.nonSynRate' was not initialized prior to being used
Variable 't2.Oncorhynchus_tshawytscha.synRate' was not initialized prior to being used
Auto-benchmarked an optimal number (3) of threads.
Set GUI update interval to every 10869-th LF evaluation.
Optimization settings:
	OPTIMIZATION_METHOD = 4
	OPTIMIZATION_PRECISION = 0.001
	MAXIMUM_ITERATIONS_PER_VARIABLE = 5000

Initial parameter values

t2.Oncorhynchus_tshawytscha.nonSynRate = 0.1
t2.Oncorhynchus_tshawytscha.synRate = 0.1
Optimization finished in 5 loop passes.
160 likelihood evaluation calls and 140 matrix exponentiations calls were made

Row and/or column partition is empty. All the data will be used by default.
Model MG94customModel assigned to Esox_lucius
Model MG94customModel assigned to Oncorhynchus_kisutch
One branch tree supplied - hopefully this IS what you meant to do.
Rooted tree. Removing one branch - the left root child has been promoted to be the new root
Partition 0 reversible model flag computed as 1
Variable 't2.Oncorhynchus_kisutch.synRate' was not initialized prior to being used
Variable 't2.Oncorhynchus_kisutch.nonSynRate' was not initialized prior to being used
Auto-benchmarked an optimal number (4) of threads.
Set GUI update interval to every 11111-th LF evaluation.
Optimization settings:
	OPTIMIZATION_METHOD = 4
	OPTIMIZATION_PRECISION = 0.001
	MAXIMUM_ITERATIONS_PER_VARIABLE = 5000

Initial parameter values

t2.Oncorhynchus_kisutch.synRate = 0.1
t2.Oncorhynchus_kisutch.nonSynRate = 0.1
Optimization finished in 5 loop passes.
159 likelihood evaluation calls and 138 matrix exponentiations calls were made

Row and/or column partition is empty. All the data will be used by default.
Model MG94customModel assigned to Esox_lucius
Model MG94customModel assigned to Oncorhynchus_keta
One branch tree supplied - hopefully this IS what you meant to do.
Rooted tree. Removing one branch - the left root child has been promoted to be the new root
Partition 0 reversible model flag computed as 1
Variable 't2.Oncorhynchus_keta.synRate' was not initialized prior to being used
Variable 't2.Oncorhynchus_keta.nonSynRate' was not initialized prior to being used
Auto-benchmarked an optimal number (3) of threads.
Set GUI update interval to every 10869-th LF evaluation.
Optimization settings:
	OPTIMIZATION_METHOD = 4
	OPTIMIZATION_PRECISION = 0.001
	MAXIMUM_ITERATIONS_PER_VARIABLE = 5000

Initial parameter values

t2.Oncorhynchus_keta.synRate = 0.1
t2.Oncorhynchus_keta.nonSynRate = 0.1
Optimization finished in 5 loop passes.
167 likelihood evaluation calls and 148 matrix exponentiations calls were made

Row and/or column partition is empty. All the data will be used by default.
Model MG94customModel assigned to Esox_lucius
Model MG94customModel assigned to Oncorhynchus_gorbuscha
One branch tree supplied - hopefully this IS what you meant to do.
Rooted tree. Removing one branch - the left root child has been promoted to be the new root
Partition 0 reversible model flag computed as 1
Variable 't2.Oncorhynchus_gorbuscha.synRate' was not initialized prior to being used
Variable 't2.Oncorhynchus_gorbuscha.nonSynRate' was not initialized prior to being used
Auto-benchmarked an optimal number (3) of threads.
Set GUI update interval to every 10204-th LF evaluation.
Optimization settings:
	OPTIMIZATION_METHOD = 4
	OPTIMIZATION_PRECISION = 0.001
	MAXIMUM_ITERATIONS_PER_VARIABLE = 5000

Initial parameter values

t2.Oncorhynchus_gorbuscha.synRate = 0.1
t2.Oncorhynchus_gorbuscha.nonSynRate = 0.1
Optimization finished in 5 loop passes.
177 likelihood evaluation calls and 160 matrix exponentiations calls were made

Row and/or column partition is empty. All the data will be used by default.
Model MG94customModel assigned to Esox_lucius
Model MG94customModel assigned to Oncorhynchus_nerka
One branch tree supplied - hopefully this IS what you meant to do.
Rooted tree. Removing one branch - the left root child has been promoted to be the new root
Partition 0 reversible model flag computed as 1
Variable 't2.Oncorhynchus_nerka.nonSynRate' was not initialized prior to being used
Variable 't2.Oncorhynchus_nerka.synRate' was not initialized prior to being used
Auto-benchmarked an optimal number (4) of threads.
Set GUI update interval to every 10869-th LF evaluation.
Optimization settings:
	OPTIMIZATION_METHOD = 4
	OPTIMIZATION_PRECISION = 0.001
	MAXIMUM_ITERATIONS_PER_VARIABLE = 5000

Initial parameter values

t2.Oncorhynchus_nerka.nonSynRate = 0.1
t2.Oncorhynchus_nerka.synRate = 0.1
Optimization finished in 5 loop passes.
155 likelihood evaluation calls and 135 matrix exponentiations calls were made

Row and/or column partition is empty. All the data will be used by default.
Model MG94customModel assigned to Esox_lucius
Model MG94customModel assigned to Salvelinus_alpinus
One branch tree supplied - hopefully this IS what you meant to do.
Rooted tree. Removing one branch - the left root child has been promoted to be the new root
Partition 0 reversible model flag computed as 1
Variable 't2.Salvelinus_alpinus.nonSynRate' was not initialized prior to being used
Variable 't2.Salvelinus_alpinus.synRate' was not initialized prior to being used
Auto-benchmarked an optimal number (3) of threads.
Set GUI update interval to every 11111-th LF evaluation.
Optimization settings:
	OPTIMIZATION_METHOD = 4
	OPTIMIZATION_PRECISION = 0.001
	MAXIMUM_ITERATIONS_PER_VARIABLE = 5000

Initial parameter values

t2.Salvelinus_alpinus.nonSynRate = 0.1
t2.Salvelinus_alpinus.synRate = 0.1
Optimization finished in 5 loop passes.
175 likelihood evaluation calls and 153 matrix exponentiations calls were made

Row and/or column partition is empty. All the data will be used by default.
Model MG94customModel assigned to Esox_lucius
Model MG94customModel assigned to Salmo_salar
One branch tree supplied - hopefully this IS what you meant to do.
Rooted tree. Removing one branch - the left root child has been promoted to be the new root
Partition 0 reversible model flag computed as 1
Variable 't2.Salmo_salar.synRate' was not initialized prior to being used
Variable 't2.Salmo_salar.nonSynRate' was not initialized prior to being used
Auto-benchmarked an optimal number (3) of threads.
Set GUI update interval to every 10869-th LF evaluation.
Optimization settings:
	OPTIMIZATION_METHOD = 4
	OPTIMIZATION_PRECISION = 0.001
	MAXIMUM_ITERATIONS_PER_VARIABLE = 5000

Initial parameter values

t2.Salmo_salar.synRate = 0.1
t2.Salmo_salar.nonSynRate = 0.1
Optimization finished in 5 loop passes.
170 likelihood evaluation calls and 150 matrix exponentiations calls were made

Row and/or column partition is empty. All the data will be used by default.
Model MG94customModel assigned to Esox_lucius
Model MG94customModel assigned to Coregonus_clupeaformis
One branch tree supplied - hopefully this IS what you meant to do.
Rooted tree. Removing one branch - the left root child has been promoted to be the new root
Partition 0 reversible model flag computed as 1
Variable 't2.Coregonus_clupeaformis.nonSynRate' was not initialized prior to being used
Variable 't2.Coregonus_clupeaformis.synRate' was not initialized prior to being used
Auto-benchmarked an optimal number (5) of threads.
Set GUI update interval to every 11111-th LF evaluation.
Optimization settings:
	OPTIMIZATION_METHOD = 4
	OPTIMIZATION_PRECISION = 0.001
	MAXIMUM_ITERATIONS_PER_VARIABLE = 5000

Initial parameter values

t2.Coregonus_clupeaformis.nonSynRate = 0.1
t2.Coregonus_clupeaformis.synRate = 0.1
Optimization finished in 5 loop passes.
177 likelihood evaluation calls and 155 matrix exponentiations calls were made

Row and/or column partition is empty. All the data will be used by default.
Model MG94customModel assigned to Oncorhynchus_mykiss
Model MG94customModel assigned to Oncorhynchus_tshawytscha
One branch tree supplied - hopefully this IS what you meant to do.
Rooted tree. Removing one branch - the left root child has been promoted to be the new root
Partition 0 reversible model flag computed as 1
Variable 't2.Oncorhynchus_tshawytscha.nonSynRate' was not initialized prior to being used
Variable 't2.Oncorhynchus_tshawytscha.synRate' was not initialized prior to being used
Auto-benchmarked an optimal number (4) of threads.
Set GUI update interval to every 11111-th LF evaluation.
Optimization settings:
	OPTIMIZATION_METHOD = 4
	OPTIMIZATION_PRECISION = 0.001
	MAXIMUM_ITERATIONS_PER_VARIABLE = 5000

Initial parameter values

t2.Oncorhynchus_tshawytscha.nonSynRate = 0.1
t2.Oncorhynchus_tshawytscha.synRate = 0.1
Optimization finished in 6 loop passes.
175 likelihood evaluation calls and 145 matrix exponentiations calls were made

Row and/or column partition is empty. All the data will be used by default.
Model MG94customModel assigned to Oncorhynchus_mykiss
Model MG94customModel assigned to Oncorhynchus_kisutch
One branch tree supplied - hopefully this IS what you meant to do.
Rooted tree. Removing one branch - the left root child has been promoted to be the new root
Partition 0 reversible model flag computed as 1
Variable 't2.Oncorhynchus_kisutch.nonSynRate' was not initialized prior to being used
Variable 't2.Oncorhynchus_kisutch.synRate' was not initialized prior to being used
Auto-benchmarked an optimal number (4) of threads.
Set GUI update interval to every 11111-th LF evaluation.
Optimization settings:
	OPTIMIZATION_METHOD = 4
	OPTIMIZATION_PRECISION = 0.001
	MAXIMUM_ITERATIONS_PER_VARIABLE = 5000

Initial parameter values

t2.Oncorhynchus_kisutch.nonSynRate = 0.1
t2.Oncorhynchus_kisutch.synRate = 0.1
Optimization finished in 6 loop passes.
118 likelihood evaluation calls and 97 matrix exponentiations calls were made

Row and/or column partition is empty. All the data will be used by default.
Model MG94customModel assigned to Oncorhynchus_mykiss
Model MG94customModel assigned to Oncorhynchus_keta
One branch tree supplied - hopefully this IS what you meant to do.
Rooted tree. Removing one branch - the left root child has been promoted to be the new root
Partition 0 reversible model flag computed as 1
Variable 't2.Oncorhynchus_keta.nonSynRate' was not initialized prior to being used
Variable 't2.Oncorhynchus_keta.synRate' was not initialized prior to being used
Auto-benchmarked an optimal number (3) of threads.
Set GUI update interval to every 10416-th LF evaluation.
Optimization settings:
	OPTIMIZATION_METHOD = 4
	OPTIMIZATION_PRECISION = 0.001
	MAXIMUM_ITERATIONS_PER_VARIABLE = 5000

Initial parameter values

t2.Oncorhynchus_keta.nonSynRate = 0.1
t2.Oncorhynchus_keta.synRate = 0.1
Optimization finished in 6 loop passes.
221 likelihood evaluation calls and 188 matrix exponentiations calls were made

Row and/or column partition is empty. All the data will be used by default.
Model MG94customModel assigned to Oncorhynchus_mykiss
Model MG94customModel assigned to Oncorhynchus_gorbuscha
One branch tree supplied - hopefully this IS what you meant to do.
Rooted tree. Removing one branch - the left root child has been promoted to be the new root
Partition 0 reversible model flag computed as 1
Variable 't2.Oncorhynchus_gorbuscha.nonSynRate' was not initialized prior to being used
Variable 't2.Oncorhynchus_gorbuscha.synRate' was not initialized prior to being used
Auto-benchmarked an optimal number (5) of threads.
Set GUI update interval to every 10000-th LF evaluation.
Optimization settings:
	OPTIMIZATION_METHOD = 4
	OPTIMIZATION_PRECISION = 0.001
	MAXIMUM_ITERATIONS_PER_VARIABLE = 5000

Initial parameter values

t2.Oncorhynchus_gorbuscha.nonSynRate = 0.1
t2.Oncorhynchus_gorbuscha.synRate = 0.1
Optimization finished in 5 loop passes.
120 likelihood evaluation calls and 96 matrix exponentiations calls were made

Row and/or column partition is empty. All the data will be used by default.
Model MG94customModel assigned to Oncorhynchus_mykiss
Model MG94customModel assigned to Oncorhynchus_nerka
One branch tree supplied - hopefully this IS what you meant to do.
Rooted tree. Removing one branch - the left root child has been promoted to be the new root
Partition 0 reversible model flag computed as 1
Variable 't2.Oncorhynchus_nerka.nonSynRate' was not initialized prior to being used
Variable 't2.Oncorhynchus_nerka.synRate' was not initialized prior to being used
Auto-benchmarked an optimal number (3) of threads.
Set GUI update interval to every 10869-th LF evaluation.
Optimization settings:
	OPTIMIZATION_METHOD = 4
	OPTIMIZATION_PRECISION = 0.001
	MAXIMUM_ITERATIONS_PER_VARIABLE = 5000

Initial parameter values

t2.Oncorhynchus_nerka.nonSynRate = 0.1
t2.Oncorhynchus_nerka.synRate = 0.1
Optimization finished in 6 loop passes.
148 likelihood evaluation calls and 127 matrix exponentiations calls were made

Row and/or column partition is empty. All the data will be used by default.
Model MG94customModel assigned to Oncorhynchus_mykiss
Model MG94customModel assigned to Salvelinus_alpinus
One branch tree supplied - hopefully this IS what you meant to do.
Rooted tree. Removing one branch - the left root child has been promoted to be the new root
Partition 0 reversible model flag computed as 1
Variable 't2.Salvelinus_alpinus.nonSynRate' was not initialized prior to being used
Variable 't2.Salvelinus_alpinus.synRate' was not initialized prior to being used
Auto-benchmarked an optimal number (4) of threads.
Set GUI update interval to every 10416-th LF evaluation.
Optimization settings:
	OPTIMIZATION_METHOD = 4
	OPTIMIZATION_PRECISION = 0.001
	MAXIMUM_ITERATIONS_PER_VARIABLE = 5000

Initial parameter values

t2.Salvelinus_alpinus.nonSynRate = 0.1
t2.Salvelinus_alpinus.synRate = 0.1
Optimization finished in 8 loop passes.
183 likelihood evaluation calls and 157 matrix exponentiations calls were made

Row and/or column partition is empty. All the data will be used by default.
Model MG94customModel assigned to Oncorhynchus_mykiss
Model MG94customModel assigned to Salmo_salar
One branch tree supplied - hopefully this IS what you meant to do.
Rooted tree. Removing one branch - the left root child has been promoted to be the new root
Partition 0 reversible model flag computed as 1
Variable 't2.Salmo_salar.nonSynRate' was not initialized prior to being used
Variable 't2.Salmo_salar.synRate' was not initialized prior to being used
Auto-benchmarked an optimal number (4) of threads.
Set GUI update interval to every 10204-th LF evaluation.
Optimization settings:
	OPTIMIZATION_METHOD = 4
	OPTIMIZATION_PRECISION = 0.001
	MAXIMUM_ITERATIONS_PER_VARIABLE = 5000

Initial parameter values

t2.Salmo_salar.nonSynRate = 0.1
t2.Salmo_salar.synRate = 0.1
Optimization finished in 6 loop passes.
185 likelihood evaluation calls and 162 matrix exponentiations calls were made

Row and/or column partition is empty. All the data will be used by default.
Model MG94customModel assigned to Oncorhynchus_mykiss
Model MG94customModel assigned to Coregonus_clupeaformis
One branch tree supplied - hopefully this IS what you meant to do.
Rooted tree. Removing one branch - the left root child has been promoted to be the new root
Partition 0 reversible model flag computed as 1
Variable 't2.Coregonus_clupeaformis.synRate' was not initialized prior to being used
Variable 't2.Coregonus_clupeaformis.nonSynRate' was not initialized prior to being used
Auto-benchmarked an optimal number (5) of threads.
Set GUI update interval to every 10416-th LF evaluation.
Optimization settings:
	OPTIMIZATION_METHOD = 4
	OPTIMIZATION_PRECISION = 0.001
	MAXIMUM_ITERATIONS_PER_VARIABLE = 5000

Initial parameter values

t2.Coregonus_clupeaformis.synRate = 0.1
t2.Coregonus_clupeaformis.nonSynRate = 0.1
Optimization finished in 7 loop passes.
139 likelihood evaluation calls and 127 matrix exponentiations calls were made

Row and/or column partition is empty. All the data will be used by default.
Model MG94customModel assigned to Oncorhynchus_tshawytscha
Model MG94customModel assigned to Oncorhynchus_kisutch
One branch tree supplied - hopefully this IS what you meant to do.
Rooted tree. Removing one branch - the left root child has been promoted to be the new root
Partition 0 reversible model flag computed as 1
Variable 't2.Oncorhynchus_kisutch.nonSynRate' was not initialized prior to being used
Variable 't2.Oncorhynchus_kisutch.synRate' was not initialized prior to being used
Auto-benchmarked an optimal number (4) of threads.
Set GUI update interval to every 11111-th LF evaluation.
Optimization settings:
	OPTIMIZATION_METHOD = 4
	OPTIMIZATION_PRECISION = 0.001
	MAXIMUM_ITERATIONS_PER_VARIABLE = 5000

Initial parameter values

t2.Oncorhynchus_kisutch.nonSynRate = 0.1
t2.Oncorhynchus_kisutch.synRate = 0.1
Optimization finished in 8 loop passes.
240 likelihood evaluation calls and 214 matrix exponentiations calls were made

Row and/or column partition is empty. All the data will be used by default.
Model MG94customModel assigned to Oncorhynchus_tshawytscha
Model MG94customModel assigned to Oncorhynchus_keta
One branch tree supplied - hopefully this IS what you meant to do.
Rooted tree. Removing one branch - the left root child has been promoted to be the new root
Partition 0 reversible model flag computed as 1
Variable 't2.Oncorhynchus_keta.nonSynRate' was not initialized prior to being used
Variable 't2.Oncorhynchus_keta.synRate' was not initialized prior to being used
Auto-benchmarked an optimal number (5) of threads.
Set GUI update interval to every 11111-th LF evaluation.
Optimization settings:
	OPTIMIZATION_METHOD = 4
	OPTIMIZATION_PRECISION = 0.001
	MAXIMUM_ITERATIONS_PER_VARIABLE = 5000

Initial parameter values

t2.Oncorhynchus_keta.nonSynRate = 0.1
t2.Oncorhynchus_keta.synRate = 0.1
Optimization finished in 5 loop passes.
135 likelihood evaluation calls and 109 matrix exponentiations calls were made

Row and/or column partition is empty. All the data will be used by default.
Model MG94customModel assigned to Oncorhynchus_tshawytscha
Model MG94customModel assigned to Oncorhynchus_gorbuscha
One branch tree supplied - hopefully this IS what you meant to do.
Rooted tree. Removing one branch - the left root child has been promoted to be the new root
Partition 0 reversible model flag computed as 1
Variable 't2.Oncorhynchus_gorbuscha.nonSynRate' was not initialized prior to being used
Variable 't2.Oncorhynchus_gorbuscha.synRate' was not initialized prior to being used
Auto-benchmarked an optimal number (5) of threads.
Set GUI update interval to every 9803-th LF evaluation.
Optimization settings:
	OPTIMIZATION_METHOD = 4
	OPTIMIZATION_PRECISION = 0.001
	MAXIMUM_ITERATIONS_PER_VARIABLE = 5000

Initial parameter values

t2.Oncorhynchus_gorbuscha.nonSynRate = 0.1
t2.Oncorhynchus_gorbuscha.synRate = 0.1
Optimization finished in 8 loop passes.
173 likelihood evaluation calls and 150 matrix exponentiations calls were made

Row and/or column partition is empty. All the data will be used by default.
Model MG94customModel assigned to Oncorhynchus_tshawytscha
Model MG94customModel assigned to Oncorhynchus_nerka
One branch tree supplied - hopefully this IS what you meant to do.
Rooted tree. Removing one branch - the left root child has been promoted to be the new root
Partition 0 reversible model flag computed as 1
Variable 't2.Oncorhynchus_nerka.nonSynRate' was not initialized prior to being used
Variable 't2.Oncorhynchus_nerka.synRate' was not initialized prior to being used
Auto-benchmarked an optimal number (3) of threads.
Set GUI update interval to every 10869-th LF evaluation.
Optimization settings:
	OPTIMIZATION_METHOD = 4
	OPTIMIZATION_PRECISION = 0.001
	MAXIMUM_ITERATIONS_PER_VARIABLE = 5000

Initial parameter values

t2.Oncorhynchus_nerka.nonSynRate = 0.1
t2.Oncorhynchus_nerka.synRate = 0.1
Optimization finished in 8 loop passes.
268 likelihood evaluation calls and 239 matrix exponentiations calls were made

Row and/or column partition is empty. All the data will be used by default.
Model MG94customModel assigned to Oncorhynchus_tshawytscha
Model MG94customModel assigned to Salvelinus_alpinus
One branch tree supplied - hopefully this IS what you meant to do.
Rooted tree. Removing one branch - the left root child has been promoted to be the new root
Partition 0 reversible model flag computed as 1
Variable 't2.Salvelinus_alpinus.nonSynRate' was not initialized prior to being used
Variable 't2.Salvelinus_alpinus.synRate' was not initialized prior to being used
Auto-benchmarked an optimal number (5) of threads.
Set GUI update interval to every 11363-th LF evaluation.
Optimization settings:
	OPTIMIZATION_METHOD = 4
	OPTIMIZATION_PRECISION = 0.001
	MAXIMUM_ITERATIONS_PER_VARIABLE = 5000

Initial parameter values

t2.Salvelinus_alpinus.nonSynRate = 0.1
t2.Salvelinus_alpinus.synRate = 0.1
Optimization finished in 5 loop passes.
132 likelihood evaluation calls and 111 matrix exponentiations calls were made

Row and/or column partition is empty. All the data will be used by default.
Model MG94customModel assigned to Oncorhynchus_tshawytscha
Model MG94customModel assigned to Salmo_salar
One branch tree supplied - hopefully this IS what you meant to do.
Rooted tree. Removing one branch - the left root child has been promoted to be the new root
Partition 0 reversible model flag computed as 1
Variable 't2.Salmo_salar.nonSynRate' was not initialized prior to being used
Variable 't2.Salmo_salar.synRate' was not initialized prior to being used
Auto-benchmarked an optimal number (4) of threads.
Set GUI update interval to every 10869-th LF evaluation.
Optimization settings:
	OPTIMIZATION_METHOD = 4
	OPTIMIZATION_PRECISION = 0.001
	MAXIMUM_ITERATIONS_PER_VARIABLE = 5000

Initial parameter values

t2.Salmo_salar.nonSynRate = 0.1
t2.Salmo_salar.synRate = 0.1
Optimization finished in 5 loop passes.
97 likelihood evaluation calls and 81 matrix exponentiations calls were made

Row and/or column partition is empty. All the data will be used by default.
Model MG94customModel assigned to Oncorhynchus_tshawytscha
Model MG94customModel assigned to Coregonus_clupeaformis
One branch tree supplied - hopefully this IS what you meant to do.
Rooted tree. Removing one branch - the left root child has been promoted to be the new root
Partition 0 reversible model flag computed as 1
Variable 't2.Coregonus_clupeaformis.nonSynRate' was not initialized prior to being used
Variable 't2.Coregonus_clupeaformis.synRate' was not initialized prior to being used
Auto-benchmarked an optimal number (4) of threads.
Set GUI update interval to every 10869-th LF evaluation.
Optimization settings:
	OPTIMIZATION_METHOD = 4
	OPTIMIZATION_PRECISION = 0.001
	MAXIMUM_ITERATIONS_PER_VARIABLE = 5000

Initial parameter values

t2.Coregonus_clupeaformis.nonSynRate = 0.1
t2.Coregonus_clupeaformis.synRate = 0.1
Optimization finished in 7 loop passes.
83 likelihood evaluation calls and 74 matrix exponentiations calls were made

Row and/or column partition is empty. All the data will be used by default.
Model MG94customModel assigned to Oncorhynchus_kisutch
Model MG94customModel assigned to Oncorhynchus_keta
One branch tree supplied - hopefully this IS what you meant to do.
Rooted tree. Removing one branch - the left root child has been promoted to be the new root
Partition 0 reversible model flag computed as 1
Variable 't2.Oncorhynchus_keta.nonSynRate' was not initialized prior to being used
Variable 't2.Oncorhynchus_keta.synRate' was not initialized prior to being used
Auto-benchmarked an optimal number (5) of threads.
Set GUI update interval to every 11111-th LF evaluation.
Optimization settings:
	OPTIMIZATION_METHOD = 4
	OPTIMIZATION_PRECISION = 0.001
	MAXIMUM_ITERATIONS_PER_VARIABLE = 5000

Initial parameter values

t2.Oncorhynchus_keta.nonSynRate = 0.1
t2.Oncorhynchus_keta.synRate = 0.1
Optimization finished in 8 loop passes.
225 likelihood evaluation calls and 184 matrix exponentiations calls were made

Row and/or column partition is empty. All the data will be used by default.
Model MG94customModel assigned to Oncorhynchus_kisutch
Model MG94customModel assigned to Oncorhynchus_gorbuscha
One branch tree supplied - hopefully this IS what you meant to do.
Rooted tree. Removing one branch - the left root child has been promoted to be the new root
Partition 0 reversible model flag computed as 1
Variable 't2.Oncorhynchus_gorbuscha.synRate' was not initialized prior to being used
Variable 't2.Oncorhynchus_gorbuscha.nonSynRate' was not initialized prior to being used
Auto-benchmarked an optimal number (4) of threads.
Set GUI update interval to every 9803-th LF evaluation.
Optimization settings:
	OPTIMIZATION_METHOD = 4
	OPTIMIZATION_PRECISION = 0.001
	MAXIMUM_ITERATIONS_PER_VARIABLE = 5000

Initial parameter values

t2.Oncorhynchus_gorbuscha.synRate = 0.1
t2.Oncorhynchus_gorbuscha.nonSynRate = 0.1
Optimization finished in 8 loop passes.
154 likelihood evaluation calls and 141 matrix exponentiations calls were made

Row and/or column partition is empty. All the data will be used by default.
Model MG94customModel assigned to Oncorhynchus_kisutch
Model MG94customModel assigned to Oncorhynchus_nerka
One branch tree supplied - hopefully this IS what you meant to do.
Rooted tree. Removing one branch - the left root child has been promoted to be the new root
Partition 0 reversible model flag computed as 1
Variable 't2.Oncorhynchus_nerka.nonSynRate' was not initialized prior to being used
Variable 't2.Oncorhynchus_nerka.synRate' was not initialized prior to being used
Auto-benchmarked an optimal number (4) of threads.
Set GUI update interval to every 11111-th LF evaluation.
Optimization settings:
	OPTIMIZATION_METHOD = 4
	OPTIMIZATION_PRECISION = 0.001
	MAXIMUM_ITERATIONS_PER_VARIABLE = 5000

Initial parameter values

t2.Oncorhynchus_nerka.nonSynRate = 0.1
t2.Oncorhynchus_nerka.synRate = 0.1
Optimization finished in 8 loop passes.
230 likelihood evaluation calls and 202 matrix exponentiations calls were made

Row and/or column partition is empty. All the data will be used by default.
Model MG94customModel assigned to Oncorhynchus_kisutch
Model MG94customModel assigned to Salvelinus_alpinus
One branch tree supplied - hopefully this IS what you meant to do.
Rooted tree. Removing one branch - the left root child has been promoted to be the new root
Partition 0 reversible model flag computed as 1
Variable 't2.Salvelinus_alpinus.nonSynRate' was not initialized prior to being used
Variable 't2.Salvelinus_alpinus.synRate' was not initialized prior to being used
Auto-benchmarked an optimal number (3) of threads.
Set GUI update interval to every 10869-th LF evaluation.
Optimization settings:
	OPTIMIZATION_METHOD = 4
	OPTIMIZATION_PRECISION = 0.001
	MAXIMUM_ITERATIONS_PER_VARIABLE = 5000

Initial parameter values

t2.Salvelinus_alpinus.nonSynRate = 0.1
t2.Salvelinus_alpinus.synRate = 0.1
Optimization finished in 5 loop passes.
148 likelihood evaluation calls and 128 matrix exponentiations calls were made

Row and/or column partition is empty. All the data will be used by default.
Model MG94customModel assigned to Oncorhynchus_kisutch
Model MG94customModel assigned to Salmo_salar
One branch tree supplied - hopefully this IS what you meant to do.
Rooted tree. Removing one branch - the left root child has been promoted to be the new root
Partition 0 reversible model flag computed as 1
Variable 't2.Salmo_salar.nonSynRate' was not initialized prior to being used
Variable 't2.Salmo_salar.synRate' was not initialized prior to being used
Auto-benchmarked an optimal number (3) of threads.
Set GUI update interval to every 10869-th LF evaluation.
Optimization settings:
	OPTIMIZATION_METHOD = 4
	OPTIMIZATION_PRECISION = 0.001
	MAXIMUM_ITERATIONS_PER_VARIABLE = 5000

Initial parameter values

t2.Salmo_salar.nonSynRate = 0.1
t2.Salmo_salar.synRate = 0.1
Optimization finished in 3 loop passes.
87 likelihood evaluation calls and 76 matrix exponentiations calls were made

Row and/or column partition is empty. All the data will be used by default.
Model MG94customModel assigned to Oncorhynchus_kisutch
Model MG94customModel assigned to Coregonus_clupeaformis
One branch tree supplied - hopefully this IS what you meant to do.
Rooted tree. Removing one branch - the left root child has been promoted to be the new root
Partition 0 reversible model flag computed as 1
Variable 't2.Coregonus_clupeaformis.nonSynRate' was not initialized prior to being used
Variable 't2.Coregonus_clupeaformis.synRate' was not initialized prior to being used
Auto-benchmarked an optimal number (2) of threads.
Set GUI update interval to every 10204-th LF evaluation.
Optimization settings:
	OPTIMIZATION_METHOD = 4
	OPTIMIZATION_PRECISION = 0.001
	MAXIMUM_ITERATIONS_PER_VARIABLE = 5000

Initial parameter values

t2.Coregonus_clupeaformis.nonSynRate = 0.1
t2.Coregonus_clupeaformis.synRate = 0.1
Optimization finished in 8 loop passes.
90 likelihood evaluation calls and 80 matrix exponentiations calls were made

Row and/or column partition is empty. All the data will be used by default.
Model MG94customModel assigned to Oncorhynchus_keta
Model MG94customModel assigned to Oncorhynchus_gorbuscha
One branch tree supplied - hopefully this IS what you meant to do.
Rooted tree. Removing one branch - the left root child has been promoted to be the new root
Partition 0 reversible model flag computed as 1
Variable 't2.Oncorhynchus_gorbuscha.nonSynRate' was not initialized prior to being used
Variable 't2.Oncorhynchus_gorbuscha.synRate' was not initialized prior to being used
Auto-benchmarked an optimal number (3) of threads.
Set GUI update interval to every 9615-th LF evaluation.
Optimization settings:
	OPTIMIZATION_METHOD = 4
	OPTIMIZATION_PRECISION = 0.001
	MAXIMUM_ITERATIONS_PER_VARIABLE = 5000

Initial parameter values

t2.Oncorhynchus_gorbuscha.nonSynRate = 0.1
t2.Oncorhynchus_gorbuscha.synRate = 0.1
Optimization finished in 8 loop passes.
301 likelihood evaluation calls and 274 matrix exponentiations calls were made

Row and/or column partition is empty. All the data will be used by default.
Model MG94customModel assigned to Oncorhynchus_keta
Model MG94customModel assigned to Oncorhynchus_nerka
One branch tree supplied - hopefully this IS what you meant to do.
Rooted tree. Removing one branch - the left root child has been promoted to be the new root
Partition 0 reversible model flag computed as 1
Variable 't2.Oncorhynchus_nerka.nonSynRate' was not initialized prior to being used
Variable 't2.Oncorhynchus_nerka.synRate' was not initialized prior to being used
Auto-benchmarked an optimal number (4) of threads.
Set GUI update interval to every 11111-th LF evaluation.
Optimization settings:
	OPTIMIZATION_METHOD = 4
	OPTIMIZATION_PRECISION = 0.001
	MAXIMUM_ITERATIONS_PER_VARIABLE = 5000

Initial parameter values

t2.Oncorhynchus_nerka.nonSynRate = 0.1
t2.Oncorhynchus_nerka.synRate = 0.1
Optimization finished in 6 loop passes.
158 likelihood evaluation calls and 129 matrix exponentiations calls were made

Row and/or column partition is empty. All the data will be used by default.
Model MG94customModel assigned to Oncorhynchus_keta
Model MG94customModel assigned to Salvelinus_alpinus
One branch tree supplied - hopefully this IS what you meant to do.
Rooted tree. Removing one branch - the left root child has been promoted to be the new root
Partition 0 reversible model flag computed as 1
Variable 't2.Salvelinus_alpinus.nonSynRate' was not initialized prior to being used
Variable 't2.Salvelinus_alpinus.synRate' was not initialized prior to being used
Auto-benchmarked an optimal number (3) of threads.
Set GUI update interval to every 10000-th LF evaluation.
Optimization settings:
	OPTIMIZATION_METHOD = 4
	OPTIMIZATION_PRECISION = 0.001
	MAXIMUM_ITERATIONS_PER_VARIABLE = 5000

Initial parameter values

t2.Salvelinus_alpinus.nonSynRate = 0.1
t2.Salvelinus_alpinus.synRate = 0.1
Optimization finished in 8 loop passes.
195 likelihood evaluation calls and 172 matrix exponentiations calls were made

Row and/or column partition is empty. All the data will be used by default.
Model MG94customModel assigned to Oncorhynchus_keta
Model MG94customModel assigned to Salmo_salar
One branch tree supplied - hopefully this IS what you meant to do.
Rooted tree. Removing one branch - the left root child has been promoted to be the new root
Partition 0 reversible model flag computed as 1
Variable 't2.Salmo_salar.nonSynRate' was not initialized prior to being used
Variable 't2.Salmo_salar.synRate' was not initialized prior to being used
Auto-benchmarked an optimal number (4) of threads.
Set GUI update interval to every 10416-th LF evaluation.
Optimization settings:
	OPTIMIZATION_METHOD = 4
	OPTIMIZATION_PRECISION = 0.001
	MAXIMUM_ITERATIONS_PER_VARIABLE = 5000

Initial parameter values

t2.Salmo_salar.nonSynRate = 0.1
t2.Salmo_salar.synRate = 0.1
Optimization finished in 6 loop passes.
103 likelihood evaluation calls and 84 matrix exponentiations calls were made

Row and/or column partition is empty. All the data will be used by default.
Model MG94customModel assigned to Oncorhynchus_keta
Model MG94customModel assigned to Coregonus_clupeaformis
One branch tree supplied - hopefully this IS what you meant to do.
Rooted tree. Removing one branch - the left root child has been promoted to be the new root
Partition 0 reversible model flag computed as 1
Variable 't2.Coregonus_clupeaformis.nonSynRate' was not initialized prior to being used
Variable 't2.Coregonus_clupeaformis.synRate' was not initialized prior to being used
Auto-benchmarked an optimal number (4) of threads.
Set GUI update interval to every 10000-th LF evaluation.
Optimization settings:
	OPTIMIZATION_METHOD = 4
	OPTIMIZATION_PRECISION = 0.001
	MAXIMUM_ITERATIONS_PER_VARIABLE = 5000

Initial parameter values

t2.Coregonus_clupeaformis.nonSynRate = 0.1
t2.Coregonus_clupeaformis.synRate = 0.1
Optimization finished in 7 loop passes.
136 likelihood evaluation calls and 124 matrix exponentiations calls were made

Row and/or column partition is empty. All the data will be used by default.
Model MG94customModel assigned to Oncorhynchus_gorbuscha
Model MG94customModel assigned to Oncorhynchus_nerka
One branch tree supplied - hopefully this IS what you meant to do.
Rooted tree. Removing one branch - the left root child has been promoted to be the new root
Partition 0 reversible model flag computed as 1
Variable 't2.Oncorhynchus_nerka.nonSynRate' was not initialized prior to being used
Variable 't2.Oncorhynchus_nerka.synRate' was not initialized prior to being used
Auto-benchmarked an optimal number (4) of threads.
Set GUI update interval to every 9615-th LF evaluation.
Optimization settings:
	OPTIMIZATION_METHOD = 4
	OPTIMIZATION_PRECISION = 0.001
	MAXIMUM_ITERATIONS_PER_VARIABLE = 5000

Initial parameter values

t2.Oncorhynchus_nerka.nonSynRate = 0.1
t2.Oncorhynchus_nerka.synRate = 0.1
Optimization finished in 8 loop passes.
297 likelihood evaluation calls and 270 matrix exponentiations calls were made

Row and/or column partition is empty. All the data will be used by default.
Model MG94customModel assigned to Oncorhynchus_gorbuscha
Model MG94customModel assigned to Salvelinus_alpinus
One branch tree supplied - hopefully this IS what you meant to do.
Rooted tree. Removing one branch - the left root child has been promoted to be the new root
Partition 0 reversible model flag computed as 1
Variable 't2.Salvelinus_alpinus.nonSynRate' was not initialized prior to being used
Variable 't2.Salvelinus_alpinus.synRate' was not initialized prior to being used
Auto-benchmarked an optimal number (4) of threads.
Set GUI update interval to every 9803-th LF evaluation.
Optimization settings:
	OPTIMIZATION_METHOD = 4
	OPTIMIZATION_PRECISION = 0.001
	MAXIMUM_ITERATIONS_PER_VARIABLE = 5000

Initial parameter values

t2.Salvelinus_alpinus.nonSynRate = 0.1
t2.Salvelinus_alpinus.synRate = 0.1
Optimization finished in 8 loop passes.
114 likelihood evaluation calls and 102 matrix exponentiations calls were made

Row and/or column partition is empty. All the data will be used by default.
Model MG94customModel assigned to Oncorhynchus_gorbuscha
Model MG94customModel assigned to Salmo_salar
One branch tree supplied - hopefully this IS what you meant to do.
Rooted tree. Removing one branch - the left root child has been promoted to be the new root
Partition 0 reversible model flag computed as 1
Variable 't2.Salmo_salar.nonSynRate' was not initialized prior to being used
Variable 't2.Salmo_salar.synRate' was not initialized prior to being used
Auto-benchmarked an optimal number (4) of threads.
Set GUI update interval to every 9803-th LF evaluation.
Optimization settings:
	OPTIMIZATION_METHOD = 4
	OPTIMIZATION_PRECISION = 0.001
	MAXIMUM_ITERATIONS_PER_VARIABLE = 5000

Initial parameter values

t2.Salmo_salar.nonSynRate = 0.1
t2.Salmo_salar.synRate = 0.1
Optimization finished in 7 loop passes.
106 likelihood evaluation calls and 87 matrix exponentiations calls were made

Row and/or column partition is empty. All the data will be used by default.
Model MG94customModel assigned to Oncorhynchus_gorbuscha
Model MG94customModel assigned to Coregonus_clupeaformis
One branch tree supplied - hopefully this IS what you meant to do.
Rooted tree. Removing one branch - the left root child has been promoted to be the new root
Partition 0 reversible model flag computed as 1
Variable 't2.Coregonus_clupeaformis.nonSynRate' was not initialized prior to being used
Variable 't2.Coregonus_clupeaformis.synRate' was not initialized prior to being used
Auto-benchmarked an optimal number (5) of threads.
Set GUI update interval to every 9803-th LF evaluation.
Optimization settings:
	OPTIMIZATION_METHOD = 4
	OPTIMIZATION_PRECISION = 0.001
	MAXIMUM_ITERATIONS_PER_VARIABLE = 5000

Initial parameter values

t2.Coregonus_clupeaformis.nonSynRate = 0.1
t2.Coregonus_clupeaformis.synRate = 0.1
Optimization finished in 7 loop passes.
144 likelihood evaluation calls and 125 matrix exponentiations calls were made

Row and/or column partition is empty. All the data will be used by default.
Model MG94customModel assigned to Oncorhynchus_nerka
Model MG94customModel assigned to Salvelinus_alpinus
One branch tree supplied - hopefully this IS what you meant to do.
Rooted tree. Removing one branch - the left root child has been promoted to be the new root
Partition 0 reversible model flag computed as 1
Variable 't2.Salvelinus_alpinus.nonSynRate' was not initialized prior to being used
Variable 't2.Salvelinus_alpinus.synRate' was not initialized prior to being used
Auto-benchmarked an optimal number (3) of threads.
Set GUI update interval to every 10869-th LF evaluation.
Optimization settings:
	OPTIMIZATION_METHOD = 4
	OPTIMIZATION_PRECISION = 0.001
	MAXIMUM_ITERATIONS_PER_VARIABLE = 5000

Initial parameter values

t2.Salvelinus_alpinus.nonSynRate = 0.1
t2.Salvelinus_alpinus.synRate = 0.1
Optimization finished in 5 loop passes.
158 likelihood evaluation calls and 136 matrix exponentiations calls were made

Row and/or column partition is empty. All the data will be used by default.
Model MG94customModel assigned to Oncorhynchus_nerka
Model MG94customModel assigned to Salmo_salar
One branch tree supplied - hopefully this IS what you meant to do.
Rooted tree. Removing one branch - the left root child has been promoted to be the new root
Partition 0 reversible model flag computed as 1
Variable 't2.Salmo_salar.nonSynRate' was not initialized prior to being used
Variable 't2.Salmo_salar.synRate' was not initialized prior to being used
Auto-benchmarked an optimal number (5) of threads.
Set GUI update interval to every 11111-th LF evaluation.
Optimization settings:
	OPTIMIZATION_METHOD = 4
	OPTIMIZATION_PRECISION = 0.001
	MAXIMUM_ITERATIONS_PER_VARIABLE = 5000

Initial parameter values

t2.Salmo_salar.nonSynRate = 0.1
t2.Salmo_salar.synRate = 0.1
Optimization finished in 8 loop passes.
208 likelihood evaluation calls and 185 matrix exponentiations calls were made

Row and/or column partition is empty. All the data will be used by default.
Model MG94customModel assigned to Oncorhynchus_nerka
Model MG94customModel assigned to Coregonus_clupeaformis
One branch tree supplied - hopefully this IS what you meant to do.
Rooted tree. Removing one branch - the left root child has been promoted to be the new root
Partition 0 reversible model flag computed as 1
Variable 't2.Coregonus_clupeaformis.nonSynRate' was not initialized prior to being used
Variable 't2.Coregonus_clupeaformis.synRate' was not initialized prior to being used
Auto-benchmarked an optimal number (4) of threads.
Set GUI update interval to every 11111-th LF evaluation.
Optimization settings:
	OPTIMIZATION_METHOD = 4
	OPTIMIZATION_PRECISION = 0.001
	MAXIMUM_ITERATIONS_PER_VARIABLE = 5000

Initial parameter values

t2.Coregonus_clupeaformis.nonSynRate = 0.1
t2.Coregonus_clupeaformis.synRate = 0.1
Optimization finished in 7 loop passes.
148 likelihood evaluation calls and 133 matrix exponentiations calls were made

Row and/or column partition is empty. All the data will be used by default.
Model MG94customModel assigned to Salvelinus_alpinus
Model MG94customModel assigned to Salmo_salar
One branch tree supplied - hopefully this IS what you meant to do.
Rooted tree. Removing one branch - the left root child has been promoted to be the new root
Partition 0 reversible model flag computed as 1
Variable 't2.Salmo_salar.nonSynRate' was not initialized prior to being used
Variable 't2.Salmo_salar.synRate' was not initialized prior to being used
Auto-benchmarked an optimal number (3) of threads.
Set GUI update interval to every 10000-th LF evaluation.
Optimization settings:
	OPTIMIZATION_METHOD = 4
	OPTIMIZATION_PRECISION = 0.001
	MAXIMUM_ITERATIONS_PER_VARIABLE = 5000

Initial parameter values

t2.Salmo_salar.nonSynRate = 0.1
t2.Salmo_salar.synRate = 0.1
Optimization finished in 5 loop passes.
164 likelihood evaluation calls and 133 matrix exponentiations calls were made

Row and/or column partition is empty. All the data will be used by default.
Model MG94customModel assigned to Salvelinus_alpinus
Model MG94customModel assigned to Coregonus_clupeaformis
One branch tree supplied - hopefully this IS what you meant to do.
Rooted tree. Removing one branch - the left root child has been promoted to be the new root
Partition 0 reversible model flag computed as 1
Variable 't2.Coregonus_clupeaformis.nonSynRate' was not initialized prior to being used
Variable 't2.Coregonus_clupeaformis.synRate' was not initialized prior to being used
Auto-benchmarked an optimal number (4) of threads.
Set GUI update interval to every 10416-th LF evaluation.
Optimization settings:
	OPTIMIZATION_METHOD = 4
	OPTIMIZATION_PRECISION = 0.001
	MAXIMUM_ITERATIONS_PER_VARIABLE = 5000

Initial parameter values

t2.Coregonus_clupeaformis.nonSynRate = 0.1
t2.Coregonus_clupeaformis.synRate = 0.1
Optimization finished in 8 loop passes.
136 likelihood evaluation calls and 124 matrix exponentiations calls were made

Row and/or column partition is empty. All the data will be used by default.
Model MG94customModel assigned to Salmo_salar
Model MG94customModel assigned to Coregonus_clupeaformis
One branch tree supplied - hopefully this IS what you meant to do.
Rooted tree. Removing one branch - the left root child has been promoted to be the new root
Partition 0 reversible model flag computed as 1
Auto-benchmarked an optimal number (5) of threads.
Set GUI update interval to every 1879-th LF evaluation.
Optimization settings:
	OPTIMIZATION_METHOD = 4
	OPTIMIZATION_PRECISION = 0.001
	MAXIMUM_ITERATIONS_PER_VARIABLE = 5000

Initial parameter values

t2.Coregonus_clupeaformis.nonSynRate = 0.1
t2.Coregonus_clupeaformis.synRate = 0.1
Optimization finished in 7 loop passes.
154 likelihood evaluation calls and 140 matrix exponentiations calls were made
