
Loaded 'libv3/convenience/matrix.bf' from /usr/local/lib/hyphy/TemplateBatchFiles/libv3/convenience/matrix.bf
Loaded 'libv3/UtilityFunctions.bf' from /usr/local/lib/hyphy/TemplateBatchFiles/libv3/UtilityFunctions.bf
Loaded 'IOFunctions.bf' from /usr/local/lib/hyphy/TemplateBatchFiles/libv3/IOFunctions.bf
Already loaded 'libv3/UtilityFunctions.bf' from /usr/local/lib/hyphy/TemplateBatchFiles/libv3/UtilityFunctions.bf
Loaded 'convenience/regexp.bf' from /usr/local/lib/hyphy/TemplateBatchFiles/libv3/convenience/regexp.bf
Loaded 'libv3/all-terms.bf' from /usr/local/lib/hyphy/TemplateBatchFiles/libv3/all-terms.bf
Variable 'skipCodeSelectionStep' was not initialized prior to being used
Row and/or column partition is empty. All the data will be used by default.
Overwritten previously defined function:'GaussLaguerreQuardature'
Overwritten previously defined function:'GammaQuadWeight'
Variable 'SKIP_HARVEST_FREQ' was not initialized prior to being used
Variable '_WRAP_PASSTHROUGH_FLAG_' was not initialized prior to being used
Variable 'END_OF_FILE' was not initialized prior to being used
Variable '_DO_TREE_REBALANCE_' was not initialized prior to being used
Variable '_KEEP_I_LABELS_' was not initialized prior to being used
Model MG94customModel assigned to Struthio_camelus_australis
Struthio_camelus_australis has 2 parameters - branch length not assigned
Model MG94customModel assigned to Nothoprocta_perdicaria
Nothoprocta_perdicaria has 2 parameters - branch length not assigned
Model MG94customModel assigned to Apteryx_australis_mantelli
Apteryx_australis_mantelli has 2 parameters - branch length not assigned
Model MG94customModel assigned to Apteryx_rowi
Apteryx_rowi has 2 parameters - branch length not assigned
Model MG94customModel assigned to Node5
Node5 has 2 parameters - branch length not assigned
Model MG94customModel assigned to Dromaius_novaehollandiae
Dromaius_novaehollandiae has 2 parameters - branch length not assigned
Model MG94customModel assigned to Node4
Node4 has 2 parameters - branch length not assigned
Model MG94customModel assigned to Node2
Node2 has 2 parameters - branch length not assigned
Model MG94customModel assigned to Anas_platyrhynchos
Anas_platyrhynchos has 2 parameters - branch length not assigned
Model MG94customModel assigned to Aythya_fuligula
Aythya_fuligula has 2 parameters - branch length not assigned
Model MG94customModel assigned to Node10
Node10 has 2 parameters - branch length not assigned
Model MG94customModel assigned to Cygnus_atratus
Cygnus_atratus has 2 parameters - branch length not assigned
Model MG94customModel assigned to Oxyura_jamaicensis
Oxyura_jamaicensis has 2 parameters - branch length not assigned
Model MG94customModel assigned to Node13
Node13 has 2 parameters - branch length not assigned
Model MG94customModel assigned to Node9
Node9 has 2 parameters - branch length not assigned
The tips of the tree:givenTree were matched with the species names from the data in the following numeric order (0-based) {8,7,4,5,6,0,1,2,3}

Pseudo-optimal path's cost 13733 vs 22549 for 1..k=> a 1.64196 x improvement
Partition 0 reversible model flag computed as 1
Variable 'theLnLik' was not initialized prior to being used
Variable 'SAVE_OPT_STATUS_TO' was not initialized prior to being used
Variable 'givenTree.Struthio_camelus_australis.nonSynRate' was not initialized prior to being used
Variable 'givenTree.Struthio_camelus_australis.synRate' was not initialized prior to being used
Variable 'givenTree.Nothoprocta_perdicaria.nonSynRate' was not initialized prior to being used
Variable 'givenTree.Nothoprocta_perdicaria.synRate' was not initialized prior to being used
Variable 'givenTree.Apteryx_australis_mantelli.nonSynRate' was not initialized prior to being used
Variable 'givenTree.Apteryx_australis_mantelli.synRate' was not initialized prior to being used
Variable 'givenTree.Apteryx_rowi.nonSynRate' was not initialized prior to being used
Variable 'givenTree.Apteryx_rowi.synRate' was not initialized prior to being used
Variable 'givenTree.Dromaius_novaehollandiae.nonSynRate' was not initialized prior to being used
Variable 'givenTree.Dromaius_novaehollandiae.synRate' was not initialized prior to being used
Variable 'givenTree.Anas_platyrhynchos.nonSynRate' was not initialized prior to being used
Variable 'givenTree.Anas_platyrhynchos.synRate' was not initialized prior to being used
Variable 'givenTree.Aythya_fuligula.nonSynRate' was not initialized prior to being used
Variable 'givenTree.Aythya_fuligula.synRate' was not initialized prior to being used
Variable 'givenTree.Cygnus_atratus.nonSynRate' was not initialized prior to being used
Variable 'givenTree.Cygnus_atratus.synRate' was not initialized prior to being used
Variable 'givenTree.Oxyura_jamaicensis.nonSynRate' was not initialized prior to being used
Variable 'givenTree.Oxyura_jamaicensis.synRate' was not initialized prior to being used
Variable 'givenTree.Node5.nonSynRate' was not initialized prior to being used
Variable 'givenTree.Node5.synRate' was not initialized prior to being used
Variable 'givenTree.Node4.nonSynRate' was not initialized prior to being used
Variable 'givenTree.Node4.synRate' was not initialized prior to being used
Variable 'givenTree.Node2.nonSynRate' was not initialized prior to being used
Variable 'givenTree.Node2.synRate' was not initialized prior to being used
Variable 'givenTree.Node10.nonSynRate' was not initialized prior to being used
Variable 'givenTree.Node10.synRate' was not initialized prior to being used
Variable 'givenTree.Node13.nonSynRate' was not initialized prior to being used
Variable 'givenTree.Node13.synRate' was not initialized prior to being used
Variable 'givenTree.Node9.nonSynRate' was not initialized prior to being used
Variable 'givenTree.Node9.synRate' was not initialized prior to being used
Site 489 evaluated to a 0 probability in ComputeTreeBlockByBranch
Site 489 evaluated to a 0 probability in ComputeTreeBlockByBranch
Site 1387 evaluated to a 0 probability in ComputeTreeBlockByBranch
Site 489 evaluated to a 0 probability in ComputeTreeBlockByBranch
Site 1227 evaluated to a 0 probability in ComputeTreeBlockByBranch
Site 176 evaluated to a 0 probability in ComputeTreeBlockByBranch
Auto-benchmarked an optimal number (2) of threads.
Set GUI update interval to every 49-th LF evaluation.
Initial guess for givenTree.Node2.nonSynRate is -0.00259315
Initial guess for givenTree.Node2.synRate is 0.00220123
Initial guess for givenTree.Nothoprocta_perdicaria.nonSynRate is 0.0328032
Initial guess for givenTree.Nothoprocta_perdicaria.synRate is 0.0113161
Initial guess for givenTree.Node4.nonSynRate is 0.00489447
Initial guess for givenTree.Node4.synRate is 0.000656725
Initial guess for givenTree.Node5.nonSynRate is 0.0122376
Initial guess for givenTree.Node5.synRate is 0.00439778
Initial guess for givenTree.Apteryx_australis_mantelli.nonSynRate is 0.0418477
Initial guess for givenTree.Apteryx_australis_mantelli.synRate is 0.0186133
Initial guess for givenTree.Apteryx_rowi.nonSynRate is 0.00140919
Initial guess for givenTree.Apteryx_rowi.synRate is 9.68055e-05
Initial guess for givenTree.Dromaius_novaehollandiae.nonSynRate is -0.000730424
Initial guess for givenTree.Dromaius_novaehollandiae.synRate is -9.68055e-05
Initial guess for givenTree.Node9.nonSynRate is 0.0637425
Initial guess for givenTree.Node9.synRate is 0.0295011
Initial guess for givenTree.Node10.nonSynRate is 0.00729976
Initial guess for givenTree.Node10.synRate is 0.00298219
Initial guess for givenTree.Anas_platyrhynchos.nonSynRate is 0.0163908
Initial guess for givenTree.Anas_platyrhynchos.synRate is 0.00492978
Initial guess for givenTree.Aythya_fuligula.nonSynRate is 0.00482904
Initial guess for givenTree.Aythya_fuligula.synRate is 0.0021375
Initial guess for givenTree.Node13.nonSynRate is 5.26485e-05
Initial guess for givenTree.Node13.synRate is -0.000272583
Initial guess for givenTree.Cygnus_atratus.nonSynRate is 0.0018687
Initial guess for givenTree.Cygnus_atratus.synRate is 0.00130717
Initial guess for givenTree.Oxyura_jamaicensis.nonSynRate is 0.00677763
Initial guess for givenTree.Oxyura_jamaicensis.synRate is 0.00283502
Optimization settings:
	OPTIMIZATION_METHOD = 4
	OPTIMIZATION_PRECISION = 0.001
	MAXIMUM_ITERATIONS_PER_VARIABLE = 5000

Initial parameter values

GT = 1
CT = 1
AC = 1
CG = 1
AT = 1
givenTree.Struthio_camelus_australis.synRate = 0.1
givenTree.Struthio_camelus_australis.nonSynRate = 0.1
givenTree.Nothoprocta_perdicaria.synRate = 0.0113161
givenTree.Nothoprocta_perdicaria.nonSynRate = 0.0328032
givenTree.Apteryx_australis_mantelli.synRate = 0.0186133
givenTree.Apteryx_australis_mantelli.nonSynRate = 0.0418477
givenTree.Apteryx_rowi.synRate = 9.68055e-05
givenTree.Apteryx_rowi.nonSynRate = 0.00140919
givenTree.Node5.synRate = 0.00439778
givenTree.Node5.nonSynRate = 0.0122376
givenTree.Dromaius_novaehollandiae.synRate = 0
givenTree.Dromaius_novaehollandiae.nonSynRate = 0
givenTree.Node4.synRate = 0.000656725
givenTree.Node4.nonSynRate = 0.00489447
givenTree.Node2.synRate = 0.00220123
givenTree.Node2.nonSynRate = 0
givenTree.Anas_platyrhynchos.synRate = 0.00492978
givenTree.Anas_platyrhynchos.nonSynRate = 0.0163908
givenTree.Aythya_fuligula.synRate = 0.0021375
givenTree.Aythya_fuligula.nonSynRate = 0.00482904
givenTree.Node10.synRate = 0.00298219
givenTree.Node10.nonSynRate = 0.00729976
givenTree.Cygnus_atratus.synRate = 0.00130717
givenTree.Cygnus_atratus.nonSynRate = 0.0018687
givenTree.Oxyura_jamaicensis.synRate = 0.00283502
givenTree.Oxyura_jamaicensis.nonSynRate = 0.00677763
givenTree.Node13.synRate = 0
givenTree.Node13.nonSynRate = 5.26485e-05
givenTree.Node9.synRate = 0.0295011
givenTree.Node9.nonSynRate = 0.0637425
Optimization finished in 30 loop passes.
2974 likelihood evaluation calls and 11811 matrix exponentiations calls were made

Variable 'lastDepth' was not initialized prior to being used
No nodel was assigned to Struthio_camelus_australis
Struthio_camelus_australis has 0 parameters - branch length not assigned
No nodel was assigned to Nothoprocta_perdicaria
Nothoprocta_perdicaria has 0 parameters - branch length not assigned
No nodel was assigned to Apteryx_australis_mantelli
Apteryx_australis_mantelli has 0 parameters - branch length not assigned
No nodel was assigned to Apteryx_rowi
Apteryx_rowi has 0 parameters - branch length not assigned
No nodel was assigned to Node5
Node5 has 0 parameters - branch length not assigned
No nodel was assigned to Dromaius_novaehollandiae
Dromaius_novaehollandiae has 0 parameters - branch length not assigned
No nodel was assigned to Node4
Node4 has 0 parameters - branch length not assigned
No nodel was assigned to Node2
Node2 has 0 parameters - branch length not assigned
No nodel was assigned to Anas_platyrhynchos
Anas_platyrhynchos has 0 parameters - branch length not assigned
No nodel was assigned to Aythya_fuligula
Aythya_fuligula has 0 parameters - branch length not assigned
No nodel was assigned to Node10
Node10 has 0 parameters - branch length not assigned
No nodel was assigned to Cygnus_atratus
Cygnus_atratus has 0 parameters - branch length not assigned
No nodel was assigned to Oxyura_jamaicensis
Oxyura_jamaicensis has 0 parameters - branch length not assigned
No nodel was assigned to Node13
Node13 has 0 parameters - branch length not assigned
No nodel was assigned to Node9
Node9 has 0 parameters - branch length not assigned
No nodel was assigned to Struthio_camelus_australis
Struthio_camelus_australis has 0 parameters - branch length not assigned
No nodel was assigned to Nothoprocta_perdicaria
Nothoprocta_perdicaria has 0 parameters - branch length not assigned
No nodel was assigned to Apteryx_australis_mantelli
Apteryx_australis_mantelli has 0 parameters - branch length not assigned
No nodel was assigned to Apteryx_rowi
Apteryx_rowi has 0 parameters - branch length not assigned
No nodel was assigned to Node5
Node5 has 0 parameters - branch length not assigned
No nodel was assigned to Dromaius_novaehollandiae
Dromaius_novaehollandiae has 0 parameters - branch length not assigned
No nodel was assigned to Node4
Node4 has 0 parameters - branch length not assigned
No nodel was assigned to Node2
Node2 has 0 parameters - branch length not assigned
No nodel was assigned to Anas_platyrhynchos
Anas_platyrhynchos has 0 parameters - branch length not assigned
No nodel was assigned to Aythya_fuligula
Aythya_fuligula has 0 parameters - branch length not assigned
No nodel was assigned to Node10
Node10 has 0 parameters - branch length not assigned
No nodel was assigned to Cygnus_atratus
Cygnus_atratus has 0 parameters - branch length not assigned
No nodel was assigned to Oxyura_jamaicensis
Oxyura_jamaicensis has 0 parameters - branch length not assigned
No nodel was assigned to Node13
Node13 has 0 parameters - branch length not assigned
No nodel was assigned to Node9
Node9 has 0 parameters - branch length not assigned
No nodel was assigned to Struthio_camelus_australis
Struthio_camelus_australis has 0 parameters - branch length not assigned
No nodel was assigned to Nothoprocta_perdicaria
Nothoprocta_perdicaria has 0 parameters - branch length not assigned
No nodel was assigned to Apteryx_australis_mantelli
Apteryx_australis_mantelli has 0 parameters - branch length not assigned
No nodel was assigned to Apteryx_rowi
Apteryx_rowi has 0 parameters - branch length not assigned
No nodel was assigned to Node5
Node5 has 0 parameters - branch length not assigned
No nodel was assigned to Dromaius_novaehollandiae
Dromaius_novaehollandiae has 0 parameters - branch length not assigned
No nodel was assigned to Node4
Node4 has 0 parameters - branch length not assigned
No nodel was assigned to Node2
Node2 has 0 parameters - branch length not assigned
No nodel was assigned to Anas_platyrhynchos
Anas_platyrhynchos has 0 parameters - branch length not assigned
No nodel was assigned to Aythya_fuligula
Aythya_fuligula has 0 parameters - branch length not assigned
No nodel was assigned to Node10
Node10 has 0 parameters - branch length not assigned
No nodel was assigned to Cygnus_atratus
Cygnus_atratus has 0 parameters - branch length not assigned
No nodel was assigned to Oxyura_jamaicensis
Oxyura_jamaicensis has 0 parameters - branch length not assigned
No nodel was assigned to Node13
Node13 has 0 parameters - branch length not assigned
No nodel was assigned to Node9
Node9 has 0 parameters - branch length not assigned
No nodel was assigned to Struthio_camelus_australis
Struthio_camelus_australis has 0 parameters - branch length not assigned
No nodel was assigned to Nothoprocta_perdicaria
Nothoprocta_perdicaria has 0 parameters - branch length not assigned
No nodel was assigned to Apteryx_australis_mantelli
Apteryx_australis_mantelli has 0 parameters - branch length not assigned
No nodel was assigned to Apteryx_rowi
Apteryx_rowi has 0 parameters - branch length not assigned
No nodel was assigned to Node5
Node5 has 0 parameters - branch length not assigned
No nodel was assigned to Dromaius_novaehollandiae
Dromaius_novaehollandiae has 0 parameters - branch length not assigned
No nodel was assigned to Node4
Node4 has 0 parameters - branch length not assigned
No nodel was assigned to Node2
Node2 has 0 parameters - branch length not assigned
No nodel was assigned to Anas_platyrhynchos
Anas_platyrhynchos has 0 parameters - branch length not assigned
No nodel was assigned to Aythya_fuligula
Aythya_fuligula has 0 parameters - branch length not assigned
No nodel was assigned to Node10
Node10 has 0 parameters - branch length not assigned
No nodel was assigned to Cygnus_atratus
Cygnus_atratus has 0 parameters - branch length not assigned
No nodel was assigned to Oxyura_jamaicensis
Oxyura_jamaicensis has 0 parameters - branch length not assigned
No nodel was assigned to Node13
Node13 has 0 parameters - branch length not assigned
No nodel was assigned to Node9
Node9 has 0 parameters - branch length not assigned
Variable 'nodeName' was not initialized prior to being used
Variable 'speciesIndex' was not initialized prior to being used
Row and/or column partition is empty. All the data will be used by default.
Model MG94customModel assigned to Struthio_camelus_australis
Model MG94customModel assigned to Nothoprocta_perdicaria
One branch tree supplied - hopefully this IS what you meant to do.
Rooted tree. Removing one branch - the left root child has been promoted to be the new root
Partition 0 reversible model flag computed as 1
Variable 'twoLnLik' was not initialized prior to being used
Variable 't2.Nothoprocta_perdicaria.nonSynRate' was not initialized prior to being used
Variable 't2.Nothoprocta_perdicaria.synRate' was not initialized prior to being used
Auto-benchmarked an optimal number (4) of threads.
Set GUI update interval to every 5154-th LF evaluation.
Optimization settings:
	OPTIMIZATION_METHOD = 4
	OPTIMIZATION_PRECISION = 0.001
	MAXIMUM_ITERATIONS_PER_VARIABLE = 5000

Initial parameter values

t2.Nothoprocta_perdicaria.nonSynRate = 0.1
t2.Nothoprocta_perdicaria.synRate = 0.1
Optimization finished in 5 loop passes.
138 likelihood evaluation calls and 108 matrix exponentiations calls were made

Row and/or column partition is empty. All the data will be used by default.
Model MG94customModel assigned to Struthio_camelus_australis
Model MG94customModel assigned to Apteryx_australis_mantelli
One branch tree supplied - hopefully this IS what you meant to do.
Rooted tree. Removing one branch - the left root child has been promoted to be the new root
Partition 0 reversible model flag computed as 1
Variable 't2.Apteryx_australis_mantelli.nonSynRate' was not initialized prior to being used
Variable 't2.Apteryx_australis_mantelli.synRate' was not initialized prior to being used
Auto-benchmarked an optimal number (3) of threads.
Set GUI update interval to every 5000-th LF evaluation.
Optimization settings:
	OPTIMIZATION_METHOD = 4
	OPTIMIZATION_PRECISION = 0.001
	MAXIMUM_ITERATIONS_PER_VARIABLE = 5000

Initial parameter values

t2.Apteryx_australis_mantelli.nonSynRate = 0.1
t2.Apteryx_australis_mantelli.synRate = 0.1
Optimization finished in 8 loop passes.
168 likelihood evaluation calls and 148 matrix exponentiations calls were made

Row and/or column partition is empty. All the data will be used by default.
Model MG94customModel assigned to Struthio_camelus_australis
Model MG94customModel assigned to Apteryx_rowi
One branch tree supplied - hopefully this IS what you meant to do.
Rooted tree. Removing one branch - the left root child has been promoted to be the new root
Partition 0 reversible model flag computed as 1
Variable 't2.Apteryx_rowi.synRate' was not initialized prior to being used
Variable 't2.Apteryx_rowi.nonSynRate' was not initialized prior to being used
Auto-benchmarked an optimal number (4) of threads.
Set GUI update interval to every 4807-th LF evaluation.
Optimization settings:
	OPTIMIZATION_METHOD = 4
	OPTIMIZATION_PRECISION = 0.001
	MAXIMUM_ITERATIONS_PER_VARIABLE = 5000

Initial parameter values

t2.Apteryx_rowi.synRate = 0.1
t2.Apteryx_rowi.nonSynRate = 0.1
Optimization finished in 6 loop passes.
72 likelihood evaluation calls and 58 matrix exponentiations calls were made

Row and/or column partition is empty. All the data will be used by default.
Model MG94customModel assigned to Struthio_camelus_australis
Model MG94customModel assigned to Dromaius_novaehollandiae
One branch tree supplied - hopefully this IS what you meant to do.
Rooted tree. Removing one branch - the left root child has been promoted to be the new root
Partition 0 reversible model flag computed as 1
Variable 't2.Dromaius_novaehollandiae.nonSynRate' was not initialized prior to being used
Variable 't2.Dromaius_novaehollandiae.synRate' was not initialized prior to being used
Auto-benchmarked an optimal number (6) of threads.
Set GUI update interval to every 7575-th LF evaluation.
Optimization settings:
	OPTIMIZATION_METHOD = 4
	OPTIMIZATION_PRECISION = 0.001
	MAXIMUM_ITERATIONS_PER_VARIABLE = 5000

Initial parameter values

t2.Dromaius_novaehollandiae.nonSynRate = 0.1
t2.Dromaius_novaehollandiae.synRate = 0.1
Optimization finished in 6 loop passes.
202 likelihood evaluation calls and 178 matrix exponentiations calls were made

Row and/or column partition is empty. All the data will be used by default.
Model MG94customModel assigned to Struthio_camelus_australis
Model MG94customModel assigned to Anas_platyrhynchos
One branch tree supplied - hopefully this IS what you meant to do.
Rooted tree. Removing one branch - the left root child has been promoted to be the new root
Partition 0 reversible model flag computed as 1
Variable 't2.Anas_platyrhynchos.synRate' was not initialized prior to being used
Variable 't2.Anas_platyrhynchos.nonSynRate' was not initialized prior to being used
Auto-benchmarked an optimal number (4) of threads.
Set GUI update interval to every 7812-th LF evaluation.
Optimization settings:
	OPTIMIZATION_METHOD = 4
	OPTIMIZATION_PRECISION = 0.001
	MAXIMUM_ITERATIONS_PER_VARIABLE = 5000

Initial parameter values

t2.Anas_platyrhynchos.synRate = 0.1
t2.Anas_platyrhynchos.nonSynRate = 0.1
Optimization finished in 6 loop passes.
187 likelihood evaluation calls and 164 matrix exponentiations calls were made

Row and/or column partition is empty. All the data will be used by default.
Model MG94customModel assigned to Struthio_camelus_australis
Model MG94customModel assigned to Aythya_fuligula
One branch tree supplied - hopefully this IS what you meant to do.
Rooted tree. Removing one branch - the left root child has been promoted to be the new root
Partition 0 reversible model flag computed as 1
Variable 't2.Aythya_fuligula.nonSynRate' was not initialized prior to being used
Variable 't2.Aythya_fuligula.synRate' was not initialized prior to being used
Auto-benchmarked an optimal number (5) of threads.
Set GUI update interval to every 7936-th LF evaluation.
Optimization settings:
	OPTIMIZATION_METHOD = 4
	OPTIMIZATION_PRECISION = 0.001
	MAXIMUM_ITERATIONS_PER_VARIABLE = 5000

Initial parameter values

t2.Aythya_fuligula.nonSynRate = 0.1
t2.Aythya_fuligula.synRate = 0.1
Optimization finished in 6 loop passes.
203 likelihood evaluation calls and 183 matrix exponentiations calls were made

Row and/or column partition is empty. All the data will be used by default.
Model MG94customModel assigned to Struthio_camelus_australis
Model MG94customModel assigned to Cygnus_atratus
One branch tree supplied - hopefully this IS what you meant to do.
Rooted tree. Removing one branch - the left root child has been promoted to be the new root
Partition 0 reversible model flag computed as 1
Variable 't2.Cygnus_atratus.nonSynRate' was not initialized prior to being used
Variable 't2.Cygnus_atratus.synRate' was not initialized prior to being used
Auto-benchmarked an optimal number (4) of threads.
Set GUI update interval to every 8064-th LF evaluation.
Optimization settings:
	OPTIMIZATION_METHOD = 4
	OPTIMIZATION_PRECISION = 0.001
	MAXIMUM_ITERATIONS_PER_VARIABLE = 5000

Initial parameter values

t2.Cygnus_atratus.nonSynRate = 0.1
t2.Cygnus_atratus.synRate = 0.1
Optimization finished in 6 loop passes.
220 likelihood evaluation calls and 200 matrix exponentiations calls were made

Row and/or column partition is empty. All the data will be used by default.
Model MG94customModel assigned to Struthio_camelus_australis
Model MG94customModel assigned to Oxyura_jamaicensis
One branch tree supplied - hopefully this IS what you meant to do.
Rooted tree. Removing one branch - the left root child has been promoted to be the new root
Partition 0 reversible model flag computed as 1
Variable 't2.Oxyura_jamaicensis.nonSynRate' was not initialized prior to being used
Variable 't2.Oxyura_jamaicensis.synRate' was not initialized prior to being used
Auto-benchmarked an optimal number (4) of threads.
Set GUI update interval to every 7692-th LF evaluation.
Optimization settings:
	OPTIMIZATION_METHOD = 4
	OPTIMIZATION_PRECISION = 0.001
	MAXIMUM_ITERATIONS_PER_VARIABLE = 5000

Initial parameter values

t2.Oxyura_jamaicensis.nonSynRate = 0.1
t2.Oxyura_jamaicensis.synRate = 0.1
Optimization finished in 5 loop passes.
171 likelihood evaluation calls and 149 matrix exponentiations calls were made

Row and/or column partition is empty. All the data will be used by default.
Model MG94customModel assigned to Nothoprocta_perdicaria
Model MG94customModel assigned to Apteryx_australis_mantelli
One branch tree supplied - hopefully this IS what you meant to do.
Rooted tree. Removing one branch - the left root child has been promoted to be the new root
Partition 0 reversible model flag computed as 1
Variable 't2.Apteryx_australis_mantelli.nonSynRate' was not initialized prior to being used
Variable 't2.Apteryx_australis_mantelli.synRate' was not initialized prior to being used
Auto-benchmarked an optimal number (5) of threads.
Set GUI update interval to every 7812-th LF evaluation.
Optimization settings:
	OPTIMIZATION_METHOD = 4
	OPTIMIZATION_PRECISION = 0.001
	MAXIMUM_ITERATIONS_PER_VARIABLE = 5000

Initial parameter values

t2.Apteryx_australis_mantelli.nonSynRate = 0.1
t2.Apteryx_australis_mantelli.synRate = 0.1
Optimization finished in 5 loop passes.
182 likelihood evaluation calls and 162 matrix exponentiations calls were made

Row and/or column partition is empty. All the data will be used by default.
Model MG94customModel assigned to Nothoprocta_perdicaria
Model MG94customModel assigned to Apteryx_rowi
One branch tree supplied - hopefully this IS what you meant to do.
Rooted tree. Removing one branch - the left root child has been promoted to be the new root
Partition 0 reversible model flag computed as 1
Variable 't2.Apteryx_rowi.nonSynRate' was not initialized prior to being used
Variable 't2.Apteryx_rowi.synRate' was not initialized prior to being used
Auto-benchmarked an optimal number (4) of threads.
Set GUI update interval to every 7352-th LF evaluation.
Optimization settings:
	OPTIMIZATION_METHOD = 4
	OPTIMIZATION_PRECISION = 0.001
	MAXIMUM_ITERATIONS_PER_VARIABLE = 5000

Initial parameter values

t2.Apteryx_rowi.nonSynRate = 0.1
t2.Apteryx_rowi.synRate = 0.1
Optimization finished in 7 loop passes.
82 likelihood evaluation calls and 73 matrix exponentiations calls were made

Row and/or column partition is empty. All the data will be used by default.
Model MG94customModel assigned to Nothoprocta_perdicaria
Model MG94customModel assigned to Dromaius_novaehollandiae
One branch tree supplied - hopefully this IS what you meant to do.
Rooted tree. Removing one branch - the left root child has been promoted to be the new root
Partition 0 reversible model flag computed as 1
Variable 't2.Dromaius_novaehollandiae.nonSynRate' was not initialized prior to being used
Variable 't2.Dromaius_novaehollandiae.synRate' was not initialized prior to being used
Auto-benchmarked an optimal number (4) of threads.
Set GUI update interval to every 7352-th LF evaluation.
Optimization settings:
	OPTIMIZATION_METHOD = 4
	OPTIMIZATION_PRECISION = 0.001
	MAXIMUM_ITERATIONS_PER_VARIABLE = 5000

Initial parameter values

t2.Dromaius_novaehollandiae.nonSynRate = 0.1
t2.Dromaius_novaehollandiae.synRate = 0.1
Optimization finished in 6 loop passes.
217 likelihood evaluation calls and 197 matrix exponentiations calls were made

Row and/or column partition is empty. All the data will be used by default.
Model MG94customModel assigned to Nothoprocta_perdicaria
Model MG94customModel assigned to Anas_platyrhynchos
One branch tree supplied - hopefully this IS what you meant to do.
Rooted tree. Removing one branch - the left root child has been promoted to be the new root
Partition 0 reversible model flag computed as 1
Variable 't2.Anas_platyrhynchos.nonSynRate' was not initialized prior to being used
Variable 't2.Anas_platyrhynchos.synRate' was not initialized prior to being used
Auto-benchmarked an optimal number (4) of threads.
Set GUI update interval to every 8064-th LF evaluation.
Optimization settings:
	OPTIMIZATION_METHOD = 4
	OPTIMIZATION_PRECISION = 0.001
	MAXIMUM_ITERATIONS_PER_VARIABLE = 5000

Initial parameter values

t2.Anas_platyrhynchos.nonSynRate = 0.1
t2.Anas_platyrhynchos.synRate = 0.1
Optimization finished in 6 loop passes.
244 likelihood evaluation calls and 225 matrix exponentiations calls were made

Row and/or column partition is empty. All the data will be used by default.
Model MG94customModel assigned to Nothoprocta_perdicaria
Model MG94customModel assigned to Aythya_fuligula
One branch tree supplied - hopefully this IS what you meant to do.
Rooted tree. Removing one branch - the left root child has been promoted to be the new root
Partition 0 reversible model flag computed as 1
Variable 't2.Aythya_fuligula.nonSynRate' was not initialized prior to being used
Variable 't2.Aythya_fuligula.synRate' was not initialized prior to being used
Auto-benchmarked an optimal number (5) of threads.
Set GUI update interval to every 7936-th LF evaluation.
Optimization settings:
	OPTIMIZATION_METHOD = 4
	OPTIMIZATION_PRECISION = 0.001
	MAXIMUM_ITERATIONS_PER_VARIABLE = 5000

Initial parameter values

t2.Aythya_fuligula.nonSynRate = 0.1
t2.Aythya_fuligula.synRate = 0.1
Optimization finished in 6 loop passes.
213 likelihood evaluation calls and 192 matrix exponentiations calls were made

Row and/or column partition is empty. All the data will be used by default.
Model MG94customModel assigned to Nothoprocta_perdicaria
Model MG94customModel assigned to Cygnus_atratus
One branch tree supplied - hopefully this IS what you meant to do.
Rooted tree. Removing one branch - the left root child has been promoted to be the new root
Partition 0 reversible model flag computed as 1
Variable 't2.Cygnus_atratus.nonSynRate' was not initialized prior to being used
Variable 't2.Cygnus_atratus.synRate' was not initialized prior to being used
Auto-benchmarked an optimal number (3) of threads.
Set GUI update interval to every 5813-th LF evaluation.
Optimization settings:
	OPTIMIZATION_METHOD = 4
	OPTIMIZATION_PRECISION = 0.001
	MAXIMUM_ITERATIONS_PER_VARIABLE = 5000

Initial parameter values

t2.Cygnus_atratus.nonSynRate = 0.1
t2.Cygnus_atratus.synRate = 0.1
Optimization finished in 6 loop passes.
221 likelihood evaluation calls and 196 matrix exponentiations calls were made

Row and/or column partition is empty. All the data will be used by default.
Model MG94customModel assigned to Nothoprocta_perdicaria
Model MG94customModel assigned to Oxyura_jamaicensis
One branch tree supplied - hopefully this IS what you meant to do.
Rooted tree. Removing one branch - the left root child has been promoted to be the new root
Partition 0 reversible model flag computed as 1
Variable 't2.Oxyura_jamaicensis.nonSynRate' was not initialized prior to being used
Variable 't2.Oxyura_jamaicensis.synRate' was not initialized prior to being used
Auto-benchmarked an optimal number (4) of threads.
Set GUI update interval to every 4807-th LF evaluation.
Optimization settings:
	OPTIMIZATION_METHOD = 4
	OPTIMIZATION_PRECISION = 0.001
	MAXIMUM_ITERATIONS_PER_VARIABLE = 5000

Initial parameter values

t2.Oxyura_jamaicensis.nonSynRate = 0.1
t2.Oxyura_jamaicensis.synRate = 0.1
Optimization finished in 5 loop passes.
171 likelihood evaluation calls and 151 matrix exponentiations calls were made

Row and/or column partition is empty. All the data will be used by default.
Model MG94customModel assigned to Apteryx_australis_mantelli
Model MG94customModel assigned to Apteryx_rowi
One branch tree supplied - hopefully this IS what you meant to do.
Rooted tree. Removing one branch - the left root child has been promoted to be the new root
Partition 0 reversible model flag computed as 1
Variable 't2.Apteryx_rowi.nonSynRate' was not initialized prior to being used
Variable 't2.Apteryx_rowi.synRate' was not initialized prior to being used
Auto-benchmarked an optimal number (3) of threads.
Set GUI update interval to every 7462-th LF evaluation.
Optimization settings:
	OPTIMIZATION_METHOD = 4
	OPTIMIZATION_PRECISION = 0.001
	MAXIMUM_ITERATIONS_PER_VARIABLE = 5000

Initial parameter values

t2.Apteryx_rowi.nonSynRate = 0.1
t2.Apteryx_rowi.synRate = 0.1
Optimization finished in 7 loop passes.
188 likelihood evaluation calls and 167 matrix exponentiations calls were made

Row and/or column partition is empty. All the data will be used by default.
Model MG94customModel assigned to Apteryx_australis_mantelli
Model MG94customModel assigned to Dromaius_novaehollandiae
One branch tree supplied - hopefully this IS what you meant to do.
Rooted tree. Removing one branch - the left root child has been promoted to be the new root
Partition 0 reversible model flag computed as 1
Variable 't2.Dromaius_novaehollandiae.synRate' was not initialized prior to being used
Variable 't2.Dromaius_novaehollandiae.nonSynRate' was not initialized prior to being used
Auto-benchmarked an optimal number (5) of threads.
Set GUI update interval to every 7575-th LF evaluation.
Optimization settings:
	OPTIMIZATION_METHOD = 4
	OPTIMIZATION_PRECISION = 0.001
	MAXIMUM_ITERATIONS_PER_VARIABLE = 5000

Initial parameter values

t2.Dromaius_novaehollandiae.synRate = 0.1
t2.Dromaius_novaehollandiae.nonSynRate = 0.1
Optimization finished in 6 loop passes.
219 likelihood evaluation calls and 200 matrix exponentiations calls were made

Row and/or column partition is empty. All the data will be used by default.
Model MG94customModel assigned to Apteryx_australis_mantelli
Model MG94customModel assigned to Anas_platyrhynchos
One branch tree supplied - hopefully this IS what you meant to do.
Rooted tree. Removing one branch - the left root child has been promoted to be the new root
Partition 0 reversible model flag computed as 1
Variable 't2.Anas_platyrhynchos.nonSynRate' was not initialized prior to being used
Variable 't2.Anas_platyrhynchos.synRate' was not initialized prior to being used
Auto-benchmarked an optimal number (3) of threads.
Set GUI update interval to every 7692-th LF evaluation.
Optimization settings:
	OPTIMIZATION_METHOD = 4
	OPTIMIZATION_PRECISION = 0.001
	MAXIMUM_ITERATIONS_PER_VARIABLE = 5000

Initial parameter values

t2.Anas_platyrhynchos.nonSynRate = 0.1
t2.Anas_platyrhynchos.synRate = 0.1
Optimization finished in 6 loop passes.
158 likelihood evaluation calls and 130 matrix exponentiations calls were made

Row and/or column partition is empty. All the data will be used by default.
Model MG94customModel assigned to Apteryx_australis_mantelli
Model MG94customModel assigned to Aythya_fuligula
One branch tree supplied - hopefully this IS what you meant to do.
Rooted tree. Removing one branch - the left root child has been promoted to be the new root
Partition 0 reversible model flag computed as 1
Variable 't2.Aythya_fuligula.nonSynRate' was not initialized prior to being used
Variable 't2.Aythya_fuligula.synRate' was not initialized prior to being used
Auto-benchmarked an optimal number (5) of threads.
Set GUI update interval to every 3597-th LF evaluation.
Optimization settings:
	OPTIMIZATION_METHOD = 4
	OPTIMIZATION_PRECISION = 0.001
	MAXIMUM_ITERATIONS_PER_VARIABLE = 5000

Initial parameter values

t2.Aythya_fuligula.nonSynRate = 0.1
t2.Aythya_fuligula.synRate = 0.1
Optimization finished in 6 loop passes.
191 likelihood evaluation calls and 166 matrix exponentiations calls were made

Row and/or column partition is empty. All the data will be used by default.
Model MG94customModel assigned to Apteryx_australis_mantelli
Model MG94customModel assigned to Cygnus_atratus
One branch tree supplied - hopefully this IS what you meant to do.
Rooted tree. Removing one branch - the left root child has been promoted to be the new root
Partition 0 reversible model flag computed as 1
Variable 't2.Cygnus_atratus.nonSynRate' was not initialized prior to being used
Variable 't2.Cygnus_atratus.synRate' was not initialized prior to being used
Auto-benchmarked an optimal number (4) of threads.
Set GUI update interval to every 8064-th LF evaluation.
Optimization settings:
	OPTIMIZATION_METHOD = 4
	OPTIMIZATION_PRECISION = 0.001
	MAXIMUM_ITERATIONS_PER_VARIABLE = 5000

Initial parameter values

t2.Cygnus_atratus.nonSynRate = 0.1
t2.Cygnus_atratus.synRate = 0.1
Optimization finished in 11 loop passes.
256 likelihood evaluation calls and 242 matrix exponentiations calls were made

Row and/or column partition is empty. All the data will be used by default.
Model MG94customModel assigned to Apteryx_australis_mantelli
Model MG94customModel assigned to Oxyura_jamaicensis
One branch tree supplied - hopefully this IS what you meant to do.
Rooted tree. Removing one branch - the left root child has been promoted to be the new root
Partition 0 reversible model flag computed as 1
Variable 't2.Oxyura_jamaicensis.nonSynRate' was not initialized prior to being used
Variable 't2.Oxyura_jamaicensis.synRate' was not initialized prior to being used
Auto-benchmarked an optimal number (4) of threads.
Set GUI update interval to every 7692-th LF evaluation.
Optimization settings:
	OPTIMIZATION_METHOD = 4
	OPTIMIZATION_PRECISION = 0.001
	MAXIMUM_ITERATIONS_PER_VARIABLE = 5000

Initial parameter values

t2.Oxyura_jamaicensis.nonSynRate = 0.1
t2.Oxyura_jamaicensis.synRate = 0.1
Optimization finished in 5 loop passes.
189 likelihood evaluation calls and 170 matrix exponentiations calls were made

Row and/or column partition is empty. All the data will be used by default.
Model MG94customModel assigned to Apteryx_rowi
Model MG94customModel assigned to Dromaius_novaehollandiae
One branch tree supplied - hopefully this IS what you meant to do.
Rooted tree. Removing one branch - the left root child has been promoted to be the new root
Partition 0 reversible model flag computed as 1
Variable 't2.Dromaius_novaehollandiae.nonSynRate' was not initialized prior to being used
Variable 't2.Dromaius_novaehollandiae.synRate' was not initialized prior to being used
Auto-benchmarked an optimal number (3) of threads.
Set GUI update interval to every 7352-th LF evaluation.
Optimization settings:
	OPTIMIZATION_METHOD = 4
	OPTIMIZATION_PRECISION = 0.001
	MAXIMUM_ITERATIONS_PER_VARIABLE = 5000

Initial parameter values

t2.Dromaius_novaehollandiae.nonSynRate = 0.1
t2.Dromaius_novaehollandiae.synRate = 0.1
Optimization finished in 6 loop passes.
200 likelihood evaluation calls and 176 matrix exponentiations calls were made

Row and/or column partition is empty. All the data will be used by default.
Model MG94customModel assigned to Apteryx_rowi
Model MG94customModel assigned to Anas_platyrhynchos
One branch tree supplied - hopefully this IS what you meant to do.
Rooted tree. Removing one branch - the left root child has been promoted to be the new root
Partition 0 reversible model flag computed as 1
Variable 't2.Anas_platyrhynchos.nonSynRate' was not initialized prior to being used
Variable 't2.Anas_platyrhynchos.synRate' was not initialized prior to being used
Auto-benchmarked an optimal number (4) of threads.
Set GUI update interval to every 7575-th LF evaluation.
Optimization settings:
	OPTIMIZATION_METHOD = 4
	OPTIMIZATION_PRECISION = 0.001
	MAXIMUM_ITERATIONS_PER_VARIABLE = 5000

Initial parameter values

t2.Anas_platyrhynchos.nonSynRate = 0.1
t2.Anas_platyrhynchos.synRate = 0.1
Optimization finished in 6 loop passes.
203 likelihood evaluation calls and 184 matrix exponentiations calls were made

Row and/or column partition is empty. All the data will be used by default.
Model MG94customModel assigned to Apteryx_rowi
Model MG94customModel assigned to Aythya_fuligula
One branch tree supplied - hopefully this IS what you meant to do.
Rooted tree. Removing one branch - the left root child has been promoted to be the new root
Partition 0 reversible model flag computed as 1
Variable 't2.Aythya_fuligula.nonSynRate' was not initialized prior to being used
Variable 't2.Aythya_fuligula.synRate' was not initialized prior to being used
Auto-benchmarked an optimal number (4) of threads.
Set GUI update interval to every 4761-th LF evaluation.
Optimization settings:
	OPTIMIZATION_METHOD = 4
	OPTIMIZATION_PRECISION = 0.001
	MAXIMUM_ITERATIONS_PER_VARIABLE = 5000

Initial parameter values

t2.Aythya_fuligula.nonSynRate = 0.1
t2.Aythya_fuligula.synRate = 0.1
Optimization finished in 6 loop passes.
200 likelihood evaluation calls and 178 matrix exponentiations calls were made

Row and/or column partition is empty. All the data will be used by default.
Model MG94customModel assigned to Apteryx_rowi
Model MG94customModel assigned to Cygnus_atratus
One branch tree supplied - hopefully this IS what you meant to do.
Rooted tree. Removing one branch - the left root child has been promoted to be the new root
Partition 0 reversible model flag computed as 1
Variable 't2.Cygnus_atratus.nonSynRate' was not initialized prior to being used
Variable 't2.Cygnus_atratus.synRate' was not initialized prior to being used
Auto-benchmarked an optimal number (5) of threads.
Set GUI update interval to every 4901-th LF evaluation.
Optimization settings:
	OPTIMIZATION_METHOD = 4
	OPTIMIZATION_PRECISION = 0.001
	MAXIMUM_ITERATIONS_PER_VARIABLE = 5000

Initial parameter values

t2.Cygnus_atratus.nonSynRate = 0.1
t2.Cygnus_atratus.synRate = 0.1
Optimization finished in 6 loop passes.
200 likelihood evaluation calls and 182 matrix exponentiations calls were made

Row and/or column partition is empty. All the data will be used by default.
Model MG94customModel assigned to Apteryx_rowi
Model MG94customModel assigned to Oxyura_jamaicensis
One branch tree supplied - hopefully this IS what you meant to do.
Rooted tree. Removing one branch - the left root child has been promoted to be the new root
Partition 0 reversible model flag computed as 1
Variable 't2.Oxyura_jamaicensis.nonSynRate' was not initialized prior to being used
Variable 't2.Oxyura_jamaicensis.synRate' was not initialized prior to being used
Auto-benchmarked an optimal number (4) of threads.
Set GUI update interval to every 7692-th LF evaluation.
Optimization settings:
	OPTIMIZATION_METHOD = 4
	OPTIMIZATION_PRECISION = 0.001
	MAXIMUM_ITERATIONS_PER_VARIABLE = 5000

Initial parameter values

t2.Oxyura_jamaicensis.nonSynRate = 0.1
t2.Oxyura_jamaicensis.synRate = 0.1
Optimization finished in 5 loop passes.
173 likelihood evaluation calls and 150 matrix exponentiations calls were made

Row and/or column partition is empty. All the data will be used by default.
Model MG94customModel assigned to Dromaius_novaehollandiae
Model MG94customModel assigned to Anas_platyrhynchos
One branch tree supplied - hopefully this IS what you meant to do.
Rooted tree. Removing one branch - the left root child has been promoted to be the new root
Partition 0 reversible model flag computed as 1
Variable 't2.Anas_platyrhynchos.nonSynRate' was not initialized prior to being used
Variable 't2.Anas_platyrhynchos.synRate' was not initialized prior to being used
Auto-benchmarked an optimal number (5) of threads.
Set GUI update interval to every 7352-th LF evaluation.
Optimization settings:
	OPTIMIZATION_METHOD = 4
	OPTIMIZATION_PRECISION = 0.001
	MAXIMUM_ITERATIONS_PER_VARIABLE = 5000

Initial parameter values

t2.Anas_platyrhynchos.nonSynRate = 0.1
t2.Anas_platyrhynchos.synRate = 0.1
Optimization finished in 9 loop passes.
311 likelihood evaluation calls and 283 matrix exponentiations calls were made

Row and/or column partition is empty. All the data will be used by default.
Model MG94customModel assigned to Dromaius_novaehollandiae
Model MG94customModel assigned to Aythya_fuligula
One branch tree supplied - hopefully this IS what you meant to do.
Rooted tree. Removing one branch - the left root child has been promoted to be the new root
Partition 0 reversible model flag computed as 1
Variable 't2.Aythya_fuligula.nonSynRate' was not initialized prior to being used
Variable 't2.Aythya_fuligula.synRate' was not initialized prior to being used
Auto-benchmarked an optimal number (2) of threads.
Set GUI update interval to every 6944-th LF evaluation.
Optimization settings:
	OPTIMIZATION_METHOD = 4
	OPTIMIZATION_PRECISION = 0.001
	MAXIMUM_ITERATIONS_PER_VARIABLE = 5000

Initial parameter values

t2.Aythya_fuligula.nonSynRate = 0.1
t2.Aythya_fuligula.synRate = 0.1
Optimization finished in 8 loop passes.
93 likelihood evaluation calls and 76 matrix exponentiations calls were made

Row and/or column partition is empty. All the data will be used by default.
Model MG94customModel assigned to Dromaius_novaehollandiae
Model MG94customModel assigned to Cygnus_atratus
One branch tree supplied - hopefully this IS what you meant to do.
Rooted tree. Removing one branch - the left root child has been promoted to be the new root
Partition 0 reversible model flag computed as 1
Variable 't2.Cygnus_atratus.nonSynRate' was not initialized prior to being used
Variable 't2.Cygnus_atratus.synRate' was not initialized prior to being used
Auto-benchmarked an optimal number (5) of threads.
Set GUI update interval to every 7246-th LF evaluation.
Optimization settings:
	OPTIMIZATION_METHOD = 4
	OPTIMIZATION_PRECISION = 0.001
	MAXIMUM_ITERATIONS_PER_VARIABLE = 5000

Initial parameter values

t2.Cygnus_atratus.nonSynRate = 0.1
t2.Cygnus_atratus.synRate = 0.1
Optimization finished in 6 loop passes.
195 likelihood evaluation calls and 168 matrix exponentiations calls were made

Row and/or column partition is empty. All the data will be used by default.
Model MG94customModel assigned to Dromaius_novaehollandiae
Model MG94customModel assigned to Oxyura_jamaicensis
One branch tree supplied - hopefully this IS what you meant to do.
Rooted tree. Removing one branch - the left root child has been promoted to be the new root
Partition 0 reversible model flag computed as 1
Variable 't2.Oxyura_jamaicensis.nonSynRate' was not initialized prior to being used
Variable 't2.Oxyura_jamaicensis.synRate' was not initialized prior to being used
Auto-benchmarked an optimal number (3) of threads.
Set GUI update interval to every 7142-th LF evaluation.
Optimization settings:
	OPTIMIZATION_METHOD = 4
	OPTIMIZATION_PRECISION = 0.001
	MAXIMUM_ITERATIONS_PER_VARIABLE = 5000

Initial parameter values

t2.Oxyura_jamaicensis.nonSynRate = 0.1
t2.Oxyura_jamaicensis.synRate = 0.1
Optimization finished in 10 loop passes.
215 likelihood evaluation calls and 187 matrix exponentiations calls were made

Row and/or column partition is empty. All the data will be used by default.
Model MG94customModel assigned to Anas_platyrhynchos
Model MG94customModel assigned to Aythya_fuligula
One branch tree supplied - hopefully this IS what you meant to do.
Rooted tree. Removing one branch - the left root child has been promoted to be the new root
Partition 0 reversible model flag computed as 1
Variable 't2.Aythya_fuligula.nonSynRate' was not initialized prior to being used
Variable 't2.Aythya_fuligula.synRate' was not initialized prior to being used
Auto-benchmarked an optimal number (4) of threads.
Set GUI update interval to every 7812-th LF evaluation.
Optimization settings:
	OPTIMIZATION_METHOD = 4
	OPTIMIZATION_PRECISION = 0.001
	MAXIMUM_ITERATIONS_PER_VARIABLE = 5000

Initial parameter values

t2.Aythya_fuligula.nonSynRate = 0.1
t2.Aythya_fuligula.synRate = 0.1
Optimization finished in 9 loop passes.
181 likelihood evaluation calls and 157 matrix exponentiations calls were made

Row and/or column partition is empty. All the data will be used by default.
Model MG94customModel assigned to Anas_platyrhynchos
Model MG94customModel assigned to Cygnus_atratus
One branch tree supplied - hopefully this IS what you meant to do.
Rooted tree. Removing one branch - the left root child has been promoted to be the new root
Partition 0 reversible model flag computed as 1
Variable 't2.Cygnus_atratus.nonSynRate' was not initialized prior to being used
Variable 't2.Cygnus_atratus.synRate' was not initialized prior to being used
Auto-benchmarked an optimal number (5) of threads.
Set GUI update interval to every 7936-th LF evaluation.
Optimization settings:
	OPTIMIZATION_METHOD = 4
	OPTIMIZATION_PRECISION = 0.001
	MAXIMUM_ITERATIONS_PER_VARIABLE = 5000

Initial parameter values

t2.Cygnus_atratus.nonSynRate = 0.1
t2.Cygnus_atratus.synRate = 0.1
Optimization finished in 6 loop passes.
215 likelihood evaluation calls and 195 matrix exponentiations calls were made

Row and/or column partition is empty. All the data will be used by default.
Model MG94customModel assigned to Anas_platyrhynchos
Model MG94customModel assigned to Oxyura_jamaicensis
One branch tree supplied - hopefully this IS what you meant to do.
Rooted tree. Removing one branch - the left root child has been promoted to be the new root
Partition 0 reversible model flag computed as 1
Variable 't2.Oxyura_jamaicensis.nonSynRate' was not initialized prior to being used
Variable 't2.Oxyura_jamaicensis.synRate' was not initialized prior to being used
Auto-benchmarked an optimal number (2) of threads.
Set GUI update interval to every 7042-th LF evaluation.
Optimization settings:
	OPTIMIZATION_METHOD = 4
	OPTIMIZATION_PRECISION = 0.001
	MAXIMUM_ITERATIONS_PER_VARIABLE = 5000

Initial parameter values

t2.Oxyura_jamaicensis.nonSynRate = 0.1
t2.Oxyura_jamaicensis.synRate = 0.1
Optimization finished in 9 loop passes.
241 likelihood evaluation calls and 213 matrix exponentiations calls were made

Row and/or column partition is empty. All the data will be used by default.
Model MG94customModel assigned to Aythya_fuligula
Model MG94customModel assigned to Cygnus_atratus
One branch tree supplied - hopefully this IS what you meant to do.
Rooted tree. Removing one branch - the left root child has been promoted to be the new root
Partition 0 reversible model flag computed as 1
Variable 't2.Cygnus_atratus.nonSynRate' was not initialized prior to being used
Variable 't2.Cygnus_atratus.synRate' was not initialized prior to being used
Auto-benchmarked an optimal number (5) of threads.
Set GUI update interval to every 7936-th LF evaluation.
Optimization settings:
	OPTIMIZATION_METHOD = 4
	OPTIMIZATION_PRECISION = 0.001
	MAXIMUM_ITERATIONS_PER_VARIABLE = 5000

Initial parameter values

t2.Cygnus_atratus.nonSynRate = 0.1
t2.Cygnus_atratus.synRate = 0.1
Optimization finished in 5 loop passes.
203 likelihood evaluation calls and 167 matrix exponentiations calls were made

Row and/or column partition is empty. All the data will be used by default.
Model MG94customModel assigned to Aythya_fuligula
Model MG94customModel assigned to Oxyura_jamaicensis
One branch tree supplied - hopefully this IS what you meant to do.
Rooted tree. Removing one branch - the left root child has been promoted to be the new root
Partition 0 reversible model flag computed as 1
Variable 't2.Oxyura_jamaicensis.nonSynRate' was not initialized prior to being used
Variable 't2.Oxyura_jamaicensis.synRate' was not initialized prior to being used
Auto-benchmarked an optimal number (5) of threads.
Set GUI update interval to every 7812-th LF evaluation.
Optimization settings:
	OPTIMIZATION_METHOD = 4
	OPTIMIZATION_PRECISION = 0.001
	MAXIMUM_ITERATIONS_PER_VARIABLE = 5000

Initial parameter values

t2.Oxyura_jamaicensis.nonSynRate = 0.1
t2.Oxyura_jamaicensis.synRate = 0.1
Optimization finished in 7 loop passes.
133 likelihood evaluation calls and 118 matrix exponentiations calls were made

Row and/or column partition is empty. All the data will be used by default.
Model MG94customModel assigned to Cygnus_atratus
Model MG94customModel assigned to Oxyura_jamaicensis
One branch tree supplied - hopefully this IS what you meant to do.
Rooted tree. Removing one branch - the left root child has been promoted to be the new root
Partition 0 reversible model flag computed as 1
Auto-benchmarked an optimal number (4) of threads.
Set GUI update interval to every 1138-th LF evaluation.
Optimization settings:
	OPTIMIZATION_METHOD = 4
	OPTIMIZATION_PRECISION = 0.001
	MAXIMUM_ITERATIONS_PER_VARIABLE = 5000

Initial parameter values

t2.Oxyura_jamaicensis.nonSynRate = 0.1
t2.Oxyura_jamaicensis.synRate = 0.1
Optimization finished in 10 loop passes.
187 likelihood evaluation calls and 175 matrix exponentiations calls were made
