Tympanuchus_cupido::MOXI01000024.1:4243-124538()	NC_051777.1	75.486	5450	931	108	113513	118712	37682794	37677500	0.0	3684
Tympanuchus_cupido::MOXI01000024.1:4243-124538()	NC_051777.1	74.637	2965	566	57	103967	106816	37691916	37689023	0.0	1900
Tympanuchus_cupido::MOXI01000024.1:4243-124538()	NC_051777.1	77.147	2306	394	43	110173	112396	37685401	37683147	0.0	1709
Tympanuchus_cupido::MOXI01000024.1:4243-124538()	NC_051777.1	84.594	1415	177	16	101421	102814	37694501	37693107	0.0	1554
Tympanuchus_cupido::MOXI01000024.1:4243-124538()	NC_051777.1	74.292	2435	420	49	73976	76253	37733257	37730872	0.0	1547
Tympanuchus_cupido::MOXI01000024.1:4243-124538()	NC_051777.1	74.443	1886	351	29	53598	55398	37752083	37750244	0.0	1242
Tympanuchus_cupido::MOXI01000024.1:4243-124538()	NC_051777.1	89.486	856	66	11	103005	103844	37692912	37692065	0.0	1111
Tympanuchus_cupido::MOXI01000024.1:4243-124538()	NC_051777.1	80.866	1155	185	12	106953	108084	37689016	37687875	0.0	1066
Tympanuchus_cupido::MOXI01000024.1:4243-124538()	NC_051777.1	70.986	1968	398	37	10223	12055	37881672	37879743	0.0	1031
Tympanuchus_cupido::MOXI01000024.1:4243-124538()	NC_051777.1	75.330	1362	263	19	12591	13907	37877611	37876278	0.0	922
Tympanuchus_cupido::MOXI01000024.1:4243-124538()	NC_051777.1	72.310	1701	342	39	40977	42614	37841210	37839576	0.0	885
Tympanuchus_cupido::MOXI01000024.1:4243-124538()	NC_051777.1	75.171	1313	222	33	45799	47044	37835680	37834405	0.0	844
Tympanuchus_cupido::MOXI01000024.1:4243-124538()	NC_051777.1	74.679	1323	263	25	4461	5763	37886000	37884730	0.0	829
Tympanuchus_cupido::MOXI01000024.1:4243-124538()	NC_051777.1	76.592	1068	209	14	52397	53438	37753394	37752342	0.0	774
Tympanuchus_cupido::MOXI01000024.1:4243-124538()	NC_051777.1	75.064	1175	212	25	72677	73788	37734611	37733455	0.0	767
Tympanuchus_cupido::MOXI01000024.1:4243-124538()	NC_051777.1	78.125	960	163	18	28319	29265	37861263	37860338	0.0	746
Tympanuchus_cupido::MOXI01000024.1:4243-124538()	NC_051777.1	82.186	741	89	14	29330	30042	37857832	37857107	0.0	718
Tympanuchus_cupido::MOXI01000024.1:4243-124538()	NC_051777.1	85.346	621	84	3	27650	28268	37864135	37863520	0.0	703
Tympanuchus_cupido::MOXI01000024.1:4243-124538()	NC_051777.1	70.977	1392	273	33	108098	109403	37687806	37686460	0.0	659
Tympanuchus_cupido::MOXI01000024.1:4243-124538()	NC_051777.1	73.413	1166	248	23	69479	70592	37737193	37736038	0.0	658
Tympanuchus_cupido::MOXI01000024.1:4243-124538()	NC_051777.1	85.009	587	73	7	97677	98250	37699065	37698481	0.0	645
Tympanuchus_cupido::MOXI01000024.1:4243-124538()	NC_051777.1	82.245	597	85	5	62919	63514	37748235	37747659	1.34e-167	596
Tympanuchus_cupido::MOXI01000024.1:4243-124538()	NC_051777.1	73.656	949	153	21	17855	18738	37872952	37872036	3.58e-162	578
Tympanuchus_cupido::MOXI01000024.1:4243-124538()	NC_051777.1	68.224	1498	290	35	42717	44152	37839556	37838183	2.26e-158	566
Tympanuchus_cupido::MOXI01000024.1:4243-124538()	NC_051777.1	78.963	656	101	11	70972	71600	37736033	37735388	2.12e-152	545
Tympanuchus_cupido::MOXI01000024.1:4243-124538()	NC_051777.1	69.002	1313	291	31	86428	87680	37708994	37707738	3.14e-150	538
Tympanuchus_cupido::MOXI01000024.1:4243-124538()	NC_051777.1	67.540	1679	378	43	34102	35679	37854431	37852819	1.10e-149	537
Tympanuchus_cupido::MOXI01000024.1:4243-124538()	NC_051777.1	80.762	551	77	8	99421	99944	37696934	37696386	1.86e-140	507
Tympanuchus_cupido::MOXI01000024.1:4243-124538()	NC_051777.1	76.741	675	128	9	40305	40967	37844697	37844040	3.36e-137	496
Tympanuchus_cupido::MOXI01000024.1:4243-124538()	NC_051777.1	71.227	994	220	15	31937	32877	37857004	37856024	3.36e-137	496
Tympanuchus_cupido::MOXI01000024.1:4243-124538()	NC_051777.1	80.777	515	72	6	26178	26668	37867260	37866749	7.40e-133	480
Tympanuchus_cupido::MOXI01000024.1:4243-124538()	NC_051777.1	68.755	1229	258	32	37717	38881	37852006	37850840	2.95e-125	455
Tympanuchus_cupido::MOXI01000024.1:4243-124538()	NC_051777.1	71.739	874	167	18	44515	45318	37837783	37836920	1.03e-124	454
Tympanuchus_cupido::MOXI01000024.1:4243-124538()	NC_051777.1	71.413	892	179	22	65839	66688	37745561	37744704	4.10e-117	429
Tympanuchus_cupido::MOXI01000024.1:4243-124538()	NC_051777.1	76.689	592	113	9	83513	84091	37712362	37711783	4.10e-117	428
Tympanuchus_cupido::MOXI01000024.1:4243-124538()	NC_051777.1	66.667	1356	318	30	119013	120295	37677249	37675955	6.08e-115	422
Tympanuchus_cupido::MOXI01000024.1:4243-124538()	NC_051777.1	74.159	654	142	12	14301	14937	37876145	37875502	3.84e-111	409
Tympanuchus_cupido::MOXI01000024.1:4243-124538()	NC_051777.1	93.962	265	15	1	99156	99420	37697273	37697010	1.63e-109	403
Tympanuchus_cupido::MOXI01000024.1:4243-124538()	NC_051777.1	73.499	683	123	18	68430	69067	37741265	37740596	1.25e-104	388
Tympanuchus_cupido::MOXI01000024.1:4243-124538()	NC_051777.1	80.714	420	43	9	93159	93549	37706760	37706350	1.25e-104	387
Tympanuchus_cupido::MOXI01000024.1:4243-124538()	NC_051777.1	81.934	393	61	4	25785	26170	37867834	37867445	1.86e-102	380
Tympanuchus_cupido::MOXI01000024.1:4243-124538()	NC_051777.1	85.455	330	34	3	8125	8440	37883138	37882809	6.49e-102	379
Tympanuchus_cupido::MOXI01000024.1:4243-124538()	NC_051777.1	75.091	550	105	10	24172	24696	37870449	37869907	6.08e-96	359
Tympanuchus_cupido::MOXI01000024.1:4243-124538()	NC_051777.1	74.713	522	99	6	7598	8090	37883828	37883311	3.15e-93	350
Tympanuchus_cupido::MOXI01000024.1:4243-124538()	NC_051777.1	71.429	686	152	16	64082	64729	37747075	37746396	4.38e-85	322
Tympanuchus_cupido::MOXI01000024.1:4243-124538()	NC_051777.1	74.280	521	103	13	80647	81146	37718510	37718000	3.37e-80	306
Tympanuchus_cupido::MOXI01000024.1:4243-124538()	NC_051777.1	68.927	811	180	20	66801	67549	37744513	37743713	4.10e-79	302
Tympanuchus_cupido::MOXI01000024.1:4243-124538()	NC_051777.1	78.036	387	72	8	33590	33965	37855442	37855058	7.42e-76	291
Tympanuchus_cupido::MOXI01000024.1:4243-124538()	NC_051777.1	66.457	954	217	21	49907	50789	37833522	37832601	1.63e-71	277
Tympanuchus_cupido::MOXI01000024.1:4243-124538()	NC_051777.1	85.417	240	32	3	98447	98683	37698219	37697980	1.03e-67	265
Tympanuchus_cupido::MOXI01000024.1:4243-124538()	NC_051777.1	81.481	270	47	2	109520	109788	37686449	37686182	5.34e-65	256
Tympanuchus_cupido::MOXI01000024.1:4243-124538()	NC_051777.1	72.944	462	88	11	77980	78417	37723319	37722871	1.86e-64	254
Tympanuchus_cupido::MOXI01000024.1:4243-124538()	NC_051777.1	70.588	612	130	20	58030	58605	37750019	37749422	7.93e-63	248
Tympanuchus_cupido::MOXI01000024.1:4243-124538()	NC_051777.1	71.919	495	117	9	61542	62020	37748835	37748347	2.77e-62	246
Tympanuchus_cupido::MOXI01000024.1:4243-124538()	NC_051777.1	73.976	415	88	8	77566	77963	37724292	37723881	9.66e-62	244
Tympanuchus_cupido::MOXI01000024.1:4243-124538()	NC_051777.1	77.035	344	70	7	7239	7575	37884418	37884077	1.18e-60	242
Tympanuchus_cupido::MOXI01000024.1:4243-124538()	NC_051777.1	71.919	495	111	13	35700	36180	37852726	37852246	1.75e-58	233
Tympanuchus_cupido::MOXI01000024.1:4243-124538()	NC_051777.1	74.278	381	81	7	92735	93105	37707125	37706752	2.13e-57	230
Tympanuchus_cupido::MOXI01000024.1:4243-124538()	NC_051777.1	68.821	619	130	19	94526	95098	37703390	37702789	1.34e-53	218
Tympanuchus_cupido::MOXI01000024.1:4243-124538()	NC_051777.1	75.455	330	56	8	60485	60800	37749215	37748897	1.34e-53	217
Tympanuchus_cupido::MOXI01000024.1:4243-124538()	NC_051777.1	70.356	506	98	16	67644	68109	37741768	37741275	5.71e-52	212
Tympanuchus_cupido::MOXI01000024.1:4243-124538()	NC_051777.1	79.476	229	25	5	97342	97552	37699490	37699266	3.60e-48	199
Tympanuchus_cupido::MOXI01000024.1:4243-124538()	NC_051777.1	70.773	414	76	12	63683	64060	37747618	37747214	6.51e-45	188
Tympanuchus_cupido::MOXI01000024.1:4243-124538()	NC_051777.1	86.145	166	17	3	15382	15543	37875500	37875337	6.51e-45	188
Tympanuchus_cupido::MOXI01000024.1:4243-124538()	NC_051777.1	69.267	423	84	9	77177	77566	37725030	37724621	1.18e-41	178
Tympanuchus_cupido::MOXI01000024.1:4243-124538()	NC_051777.1	70.874	412	88	12	83088	83483	37715661	37715266	1.18e-41	178
Tympanuchus_cupido::MOXI01000024.1:4243-124538()	NC_051777.1	73.401	297	72	4	85135	85428	37710674	37710382	6.10e-39	168
Tympanuchus_cupido::MOXI01000024.1:4243-124538()	NC_051777.1	71.565	313	55	10	76875	77177	37725638	37725350	5.71e-33	150
Tympanuchus_cupido::MOXI01000024.1:4243-124538()	NC_051777.1	73.897	272	41	12	87827	88081	37707733	37707475	2.43e-31	144
Tympanuchus_cupido::MOXI01000024.1:4243-124538()	NC_051777.1	68.373	332	94	3	93985	94308	37705011	37704683	7.94e-25	123
Tympanuchus_cupido::MOXI01000024.1:4243-124538()	NC_051777.1	69.963	273	60	6	93677	93944	37706280	37706025	3.38e-23	116
Tympanuchus_cupido::MOXI01000024.1:4243-124538()	NC_051777.1	74.444	180	43	1	47455	47631	37834364	37834185	3.38e-23	116
Tympanuchus_cupido::MOXI01000024.1:4243-124538()	NC_051777.1	73.684	190	34	4	57438	57626	37750236	37750062	1.18e-22	114
Tympanuchus_cupido::MOXI01000024.1:4243-124538()	NC_051777.1	75.882	170	28	5	65533	65690	37745792	37745624	1.44e-21	112
Tympanuchus_cupido::MOXI01000024.1:4243-124538()	NC_051777.1	74.457	184	36	5	113335	113509	37683051	37682870	1.75e-20	108
Tympanuchus_cupido::MOXI01000024.1:4243-124538()	NC_051777.1	64.524	420	109	9	84453	84851	37711388	37710988	2.13e-19	104
Tympanuchus_cupido::MOXI01000024.1:4243-124538()	NC_051777.1	77.612	134	25	2	59100	59230	37749416	37749285	7.44e-19	103
Tympanuchus_cupido::MOXI01000024.1:4243-124538()	NC_051777.1	63.787	544	117	15	38895	39397	37849800	37849296	9.06e-18	98.7
Tympanuchus_cupido::MOXI01000024.1:4243-124538()	NC_051777.1	68.182	264	55	7	15601	15846	37875292	37875040	3.85e-16	93.3
Tympanuchus_cupido::MOXI01000024.1:4243-124538()	NC_051777.1	79.091	110	19	2	16738	16846	37874889	37874783	4.69e-15	90.6
Tympanuchus_cupido::MOXI01000024.1:4243-124538()	NC_051777.1	76.596	141	28	5	96869	97007	37700261	37700124	1.64e-14	88.7
Tympanuchus_cupido::MOXI01000024.1:4243-124538()	NC_051777.1	67.059	255	58	5	65104	65334	37746053	37745801	6.97e-13	83.3
Tympanuchus_cupido::MOXI01000024.1:4243-124538()	NC_051777.1	78.571	98	19	1	5829	5924	37884607	37884510	2.43e-12	80.6
Tympanuchus_cupido::MOXI01000024.1:4243-124538()	NC_051777.1	76.852	108	24	1	17462	17568	37873372	37873265	8.49e-12	79.7
Tympanuchus_cupido::MOXI01000024.1:4243-124538()	NC_051777.1	68.137	204	46	5	82152	82352	37716418	37716231	4.40e-09	70.7
Tympanuchus_cupido::MOXI01000024.1:4243-124538()	NC_051777.1	68.657	201	39	7	76640	76819	37727338	37727141	4.40e-09	69.8
Tympanuchus_cupido::MOXI01000024.1:4243-124538()	NC_051777.1	97.436	39	1	0	102894	102932	37693023	37692985	5.35e-08	67.1
Tympanuchus_cupido::MOXI01000024.1:4243-124538()	NC_051777.1	84.127	63	9	1	109865	109926	37685462	37685400	5.35e-08	66.2
Tympanuchus_cupido::MOXI01000024.1:4243-124538()	NC_051777.1	80.247	81	10	4	79760	79839	37720332	37720257	6.52e-07	62.6
Tympanuchus_cupido::MOXI01000024.1:4243-124538()	NC_051777.1	84.000	50	8	0	100934	100983	37695121	37695072	9.68e-05	55.4
Tympanuchus_cupido::MOXI01000024.1:4243-124538()	NC_051777.1	80.303	66	10	2	53475	53539	37752306	37752243	9.68e-05	55.4
Tympanuchus_cupido::MOXI01000024.1:4243-124538()	NC_051777.1	64.327	171	28	2	51138	51275	37832093	37831923	9.68e-05	55.4
Tympanuchus_cupido::MOXI01000024.1:4243-124538()	NC_051777.1	76.812	69	16	0	95950	96018	37701542	37701474	3.38e-04	53.6
Tympanuchus_cupido::MOXI01000024.1:4243-124538()	NC_051777.1	70.707	99	14	2	33375	33458	37855685	37855587	3.38e-04	53.6
Tympanuchus_cupido::MOXI01000024.1:4243-124538()	NC_051777.1	81.667	60	8	2	58699	58758	37921404	37921460	3.38e-04	53.6
Tympanuchus_cupido::MOXI01000024.1:4243-124538()	NC_051777.1	84.615	52	6	2	16506	16557	20488322	20488371	0.001	51.8
Tympanuchus_cupido::MOXI01000024.1:4243-124538()	NC_051777.1	84.091	44	7	0	99166	99209	33903435	33903392	0.014	49.1
Tympanuchus_cupido::MOXI01000024.1:4243-124538()	NC_051777.1	87.805	41	4	1	18737	18777	37290353	37290314	0.014	49.1
Tympanuchus_cupido::MOXI01000024.1:4243-124538()	NC_051777.1	80.000	60	9	2	58699	58758	37919543	37919599	0.014	49.1
Tympanuchus_cupido::MOXI01000024.1:4243-124538()	NC_051777.1	88.889	36	4	0	26184	26219	910545	910510	0.014	48.2
Tympanuchus_cupido::MOXI01000024.1:4243-124538()	NC_051777.1	82.609	46	8	0	25395	25440	35149771	35149726	0.014	48.2
Tympanuchus_cupido::MOXI01000024.1:4243-124538()	NC_051777.1	80.702	57	8	2	95403	95459	37702488	37702435	0.014	48.2
Tympanuchus_cupido::MOXI01000024.1:4243-124538()	NC_051777.1	79.412	68	8	4	47785	47849	37833994	37833930	0.014	48.2
Tympanuchus_cupido::MOXI01000024.1:4243-124538()	NC_051777.1	72.897	107	21	5	39564	39667	37849123	37849022	0.014	48.2
