Colius_striatus::CM054352.1:39092624-39209194()	NC_051777.1	79.901	2826	439	44	13671	16415	37687875	37690652	0.0	2463
Colius_striatus::CM054352.1:39092624-39209194()	NC_051777.1	76.041	2521	409	49	4915	7265	37680552	37683047	0.0	1779
Colius_striatus::CM054352.1:39092624-39209194()	NC_051777.1	76.463	2392	424	52	2344	4655	37676678	37679010	0.0	1688
Colius_striatus::CM054352.1:39092624-39209194()	NC_051777.1	70.829	3243	646	62	71075	74155	37838311	37841415	0.0	1575
Colius_striatus::CM054352.1:39092624-39209194()	NC_051777.1	84.147	1413	158	17	18786	20153	37693107	37694498	0.0	1535
Colius_striatus::CM054352.1:39092624-39209194()	NC_051777.1	75.804	2207	391	41	8282	10372	37683109	37685288	0.0	1517
Colius_striatus::CM054352.1:39092624-39209194()	NC_051777.1	75.603	1824	337	36	41344	43103	37730688	37732467	0.0	1219
Colius_striatus::CM054352.1:39092624-39209194()	NC_051777.1	83.190	1160	131	16	24488	25637	37698465	37699570	0.0	1199
Colius_striatus::CM054352.1:39092624-39209194()	NC_051777.1	71.289	2351	418	57	59392	61647	37748897	37751085	0.0	1172
Colius_striatus::CM054352.1:39092624-39209194()	NC_051777.1	88.836	842	81	6	17753	18590	37692080	37692912	0.0	1080
Colius_striatus::CM054352.1:39092624-39209194()	NC_051777.1	73.857	1553	304	29	107739	109214	37880136	37881663	0.0	967
Colius_striatus::CM054352.1:39092624-39209194()	NC_051777.1	81.188	909	80	18	22402	23261	37696404	37697270	0.0	870
Colius_striatus::CM054352.1:39092624-39209194()	NC_051777.1	76.364	1210	228	22	48113	49285	37734851	37736039	0.0	847
Colius_striatus::CM054352.1:39092624-39209194()	NC_051777.1	73.380	1281	230	27	67908	69108	37834422	37835671	0.0	752
Colius_striatus::CM054352.1:39092624-39209194()	NC_051777.1	70.324	1823	389	54	52973	54728	37740596	37742333	0.0	743
Colius_striatus::CM054352.1:39092624-39209194()	NC_051777.1	71.677	1550	321	46	88180	89683	37859876	37861353	0.0	716
Colius_striatus::CM054352.1:39092624-39209194()	NC_051777.1	74.712	1040	193	12	43964	44942	37733445	37734475	0.0	704
Colius_striatus::CM054352.1:39092624-39209194()	NC_051777.1	79.897	776	127	9	90425	91197	37863376	37864125	0.0	682
Colius_striatus::CM054352.1:39092624-39209194()	NC_051777.1	72.950	1183	240	19	110731	111874	37882775	37883916	0.0	678
Colius_striatus::CM054352.1:39092624-39209194()	NC_051777.1	77.621	782	134	10	92226	92989	37866494	37867252	4.82e-173	614
Colius_striatus::CM054352.1:39092624-39209194()	NC_051777.1	72.364	1176	264	23	49689	50821	37736038	37737195	7.16e-171	608
Colius_striatus::CM054352.1:39092624-39209194()	NC_051777.1	72.355	1172	244	31	16543	17661	37690835	37691979	2.34e-164	586
Colius_striatus::CM054352.1:39092624-39209194()	NC_051777.1	87.689	463	46	4	56425	56883	37747790	37748245	5.15e-160	571
Colius_striatus::CM054352.1:39092624-39209194()	NC_051777.1	72.164	1049	221	16	69628	70624	37836920	37837949	6.28e-159	568
Colius_striatus::CM054352.1:39092624-39209194()	NC_051777.1	69.810	1262	289	23	95855	97046	37869212	37870451	2.19e-158	565
Colius_striatus::CM054352.1:39092624-39209194()	NC_051777.1	75.176	850	164	14	39670	40494	37723967	37724794	2.67e-157	562
Colius_striatus::CM054352.1:39092624-39209194()	NC_051777.1	69.048	1470	294	42	112933	114323	37884467	37885854	1.13e-155	556
Colius_striatus::CM054352.1:39092624-39209194()	NC_051777.1	68.113	1590	394	31	80363	81893	37850489	37852024	7.16e-152	545
Colius_striatus::CM054352.1:39092624-39209194()	NC_051777.1	74.822	842	173	13	98084	98911	37872026	37872842	8.73e-151	540
Colius_striatus::CM054352.1:39092624-39209194()	NC_051777.1	71.846	1094	199	32	32801	33832	37705788	37706834	3.05e-150	539
Colius_striatus::CM054352.1:39092624-39209194()	NC_051777.1	72.788	893	152	17	84691	85509	37857233	37858108	8.17e-145	521
Colius_striatus::CM054352.1:39092624-39209194()	NC_051777.1	70.255	1096	233	19	76730	77777	37844082	37845132	1.80e-140	506
Colius_striatus::CM054352.1:39092624-39209194()	NC_051777.1	72.239	987	194	26	55070	56003	37744420	37745379	7.65e-139	500
Colius_striatus::CM054352.1:39092624-39209194()	NC_051777.1	69.922	1147	248	29	65483	66570	37832429	37833537	1.30e-129	471
Colius_striatus::CM054352.1:39092624-39209194()	NC_051777.1	76.871	588	114	9	104414	104992	37876652	37877226	1.39e-116	427
Colius_striatus::CM054352.1:39092624-39209194()	NC_051777.1	74.633	682	114	20	23529	24176	37697593	37698249	8.74e-113	414
Colius_striatus::CM054352.1:39092624-39209194()	NC_051777.1	72.269	714	157	15	103496	104184	37875555	37876252	1.48e-103	383
Colius_striatus::CM054352.1:39092624-39209194()	NC_051777.1	74.788	591	130	7	12951	13532	37686874	37687454	1.80e-102	380
Colius_striatus::CM054352.1:39092624-39209194()	NC_051777.1	77.895	475	95	5	11346	11813	37686176	37686647	9.34e-100	370
Colius_striatus::CM054352.1:39092624-39209194()	NC_051777.1	84.661	339	48	3	33	368	37674294	37674631	1.14e-98	368
Colius_striatus::CM054352.1:39092624-39209194()	NC_051777.1	71.842	760	133	28	63681	64383	37752347	37753082	2.51e-94	353
Colius_striatus::CM054352.1:39092624-39209194()	NC_051777.1	74.286	595	121	14	43228	43795	37732668	37733257	3.05e-93	350
Colius_striatus::CM054352.1:39092624-39209194()	NC_051777.1	71.386	671	127	13	85748	86358	37858429	37859094	3.72e-92	345
Colius_striatus::CM054352.1:39092624-39209194()	NC_051777.1	68.499	946	207	23	79330	80212	37849363	37850280	4.53e-91	342
Colius_striatus::CM054352.1:39092624-39209194()	NC_051777.1	72.158	607	126	12	74286	74867	37841415	37842003	5.17e-84	318
Colius_striatus::CM054352.1:39092624-39209194()	NC_051777.1	78.030	396	80	3	84158	84550	37856742	37857133	6.30e-83	315
Colius_striatus::CM054352.1:39092624-39209194()	NC_051777.1	67.782	956	236	26	34727	35646	37707743	37708662	2.20e-82	314
Colius_striatus::CM054352.1:39092624-39209194()	NC_051777.1	75.157	479	98	10	105879	106351	37878095	37878558	3.98e-79	302
Colius_striatus::CM054352.1:39092624-39209194()	NC_051777.1	70.350	715	140	22	75947	76632	37842925	37843596	1.39e-78	300
Colius_striatus::CM054352.1:39092624-39209194()	NC_051777.1	74.691	486	105	11	58628	59110	37748262	37748732	2.51e-75	289
Colius_striatus::CM054352.1:39092624-39209194()	NC_051777.1	65.768	964	242	19	51002	51902	37738897	37739835	4.54e-72	279
Colius_striatus::CM054352.1:39092624-39209194()	NC_051777.1	68.839	706	162	17	31347	32004	37704618	37705313	1.48e-65	258
Colius_striatus::CM054352.1:39092624-39209194()	NC_051777.1	72.437	439	86	7	10866	11276	37685675	37686106	2.68e-62	247
Colius_striatus::CM054352.1:39092624-39209194()	NC_051777.1	70.423	568	106	18	62633	63168	37751121	37751658	3.27e-61	242
Colius_striatus::CM054352.1:39092624-39209194()	NC_051777.1	71.875	480	98	11	39121	39576	37722867	37723333	1.14e-60	242
Colius_striatus::CM054352.1:39092624-39209194()	NC_051777.1	87.500	200	22	3	81915	82113	37853669	37853866	1.39e-59	238
Colius_striatus::CM054352.1:39092624-39209194()	NC_051777.1	73.333	405	93	5	93006	93397	37867446	37867848	4.85e-59	235
Colius_striatus::CM054352.1:39092624-39209194()	NC_051777.1	72.143	420	84	11	86412	86803	37859340	37859754	1.93e-51	211
Colius_striatus::CM054352.1:39092624-39209194()	NC_051777.1	74.425	348	63	9	20433	20757	37694883	37695227	1.93e-51	210
Colius_striatus::CM054352.1:39092624-39209194()	NC_051777.1	70.545	404	74	9	966	1369	37674636	37674994	5.18e-46	193
Colius_striatus::CM054352.1:39092624-39209194()	NC_051777.1	73.714	350	79	8	1972	2314	37675584	37675927	5.18e-46	193
Colius_striatus::CM054352.1:39092624-39209194()	NC_051777.1	88.742	151	16	1	112386	112535	37884266	37884416	5.18e-46	193
Colius_striatus::CM054352.1:39092624-39209194()	NC_051777.1	65.651	591	132	13	102479	103010	37874915	37875493	3.98e-41	177
Colius_striatus::CM054352.1:39092624-39209194()	NC_051777.1	76.136	264	51	6	105445	105704	37877656	37877911	3.98e-41	177
Colius_striatus::CM054352.1:39092624-39209194()	NC_051777.1	70.252	437	101	12	40530	40950	37730047	37730470	1.39e-40	175
Colius_striatus::CM054352.1:39092624-39209194()	NC_051777.1	67.984	506	120	13	25965	26457	37699961	37700437	8.77e-37	162
Colius_striatus::CM054352.1:39092624-39209194()	NC_051777.1	68.110	508	109	17	29831	30299	37702958	37703451	1.07e-35	158
Colius_striatus::CM054352.1:39092624-39209194()	NC_051777.1	66.979	533	122	14	36410	36897	37709694	37710217	1.30e-34	154
Colius_striatus::CM054352.1:39092624-39209194()	NC_051777.1	72.894	273	58	5	63317	63581	37751886	37752150	1.59e-33	151
Colius_striatus::CM054352.1:39092624-39209194()	NC_051777.1	72.185	302	54	10	37769	38049	37711815	37712107	5.54e-33	149
Colius_striatus::CM054352.1:39092624-39209194()	NC_051777.1	72.168	309	68	9	102027	102319	37874562	37874868	6.74e-32	146
Colius_striatus::CM054352.1:39092624-39209194()	NC_051777.1	71.579	285	67	6	91739	92014	37866192	37866471	1.22e-28	135
Colius_striatus::CM054352.1:39092624-39209194()	NC_051777.1	74.009	227	45	6	82841	83055	37855238	37855462	5.18e-27	130
Colius_striatus::CM054352.1:39092624-39209194()	NC_051777.1	65.426	564	135	15	82321	82835	37854135	37854687	6.32e-26	125
Colius_striatus::CM054352.1:39092624-39209194()	NC_051777.1	72.642	212	39	4	37495	37698	37710962	37711162	2.69e-24	121
Colius_striatus::CM054352.1:39092624-39209194()	NC_051777.1	72.477	218	44	5	106474	106690	37878574	37878776	1.14e-22	115
Colius_striatus::CM054352.1:39092624-39209194()	NC_051777.1	71.861	231	61	3	37098	37327	37710423	37710650	1.14e-22	114
Colius_striatus::CM054352.1:39092624-39209194()	NC_051777.1	67.802	323	76	8	78073	78375	37845513	37845827	2.06e-19	104
Colius_striatus::CM054352.1:39092624-39209194()	NC_051777.1	71.707	205	44	4	93724	93918	37869008	37869208	2.06e-19	104
Colius_striatus::CM054352.1:39092624-39209194()	NC_051777.1	77.692	130	21	2	74875	75004	37842308	37842429	7.21e-19	103
Colius_striatus::CM054352.1:39092624-39209194()	NC_051777.1	72.376	181	39	2	83964	84133	37856208	37856388	7.21e-19	103
Colius_striatus::CM054352.1:39092624-39209194()	NC_051777.1	68.996	229	51	5	34324	34545	37707484	37707699	4.55e-15	89.7
Colius_striatus::CM054352.1:39092624-39209194()	NC_051777.1	81.818	88	14	1	65043	65128	37831891	37831978	1.93e-13	85.1
Colius_striatus::CM054352.1:39092624-39209194()	NC_051777.1	70.175	171	37	3	28276	28443	37702140	37702299	8.22e-12	78.8
Colius_striatus::CM054352.1:39092624-39209194()	NC_051777.1	78.571	98	15	3	70781	70872	37838141	37838238	1.00e-10	75.2
Colius_striatus::CM054352.1:39092624-39209194()	NC_051777.1	73.723	137	29	4	27698	27832	37701425	37701556	3.50e-10	74.3
Colius_striatus::CM054352.1:39092624-39209194()	NC_051777.1	69.406	219	55	7	101033	101248	37873272	37873481	3.50e-10	73.4
Colius_striatus::CM054352.1:39092624-39209194()	NC_051777.1	75.424	118	26	3	31214	31329	37704459	37704575	1.22e-09	72.5
Colius_striatus::CM054352.1:39092624-39209194()	NC_051777.1	100.000	39	0	0	18662	18700	37692985	37693023	1.22e-09	71.6
Colius_striatus::CM054352.1:39092624-39209194()	NC_051777.1	76.000	100	23	1	29274	29373	37702821	37702919	4.26e-09	69.8
Colius_striatus::CM054352.1:39092624-39209194()	NC_051777.1	72.603	146	32	5	21586	21731	37695864	37696001	1.49e-08	68.9
Colius_striatus::CM054352.1:39092624-39209194()	NC_051777.1	79.730	74	15	0	83151	83224	37855612	37855685	5.19e-08	67.1
Colius_striatus::CM054352.1:39092624-39209194()	NC_051777.1	66.957	230	53	6	109299	109523	37881712	37881923	5.19e-08	67.1
Colius_striatus::CM054352.1:39092624-39209194()	NC_051777.1	77.778	81	18	0	101459	101539	37826592	37826512	5.19e-08	66.2
Colius_striatus::CM054352.1:39092624-39209194()	NC_051777.1	83.051	59	10	0	105048	105106	37877553	37877611	6.32e-07	62.6
Colius_striatus::CM054352.1:39092624-39209194()	NC_051777.1	69.268	205	52	8	1550	1747	37675211	37675411	2.21e-06	60.8
Colius_striatus::CM054352.1:39092624-39209194()	NC_051777.1	74.444	90	23	0	11816	11905	37686689	37686778	7.70e-06	59.9
Colius_striatus::CM054352.1:39092624-39209194()	NC_051777.1	77.108	83	16	2	61755	61837	34774322	34774243	7.70e-06	59.0
Colius_striatus::CM054352.1:39092624-39209194()	NC_051777.1	77.108	83	15	3	27162	27242	37701004	37701084	9.38e-05	55.4
Colius_striatus::CM054352.1:39092624-39209194()	NC_051777.1	84.483	58	5	3	35906	35962	37708918	37708972	9.38e-05	55.4
Colius_striatus::CM054352.1:39092624-39209194()	NC_051777.1	75.904	83	17	2	47209	47291	34774243	34774322	3.27e-04	54.5
Colius_striatus::CM054352.1:39092624-39209194()	NC_051777.1	71.717	99	13	3	13552	13648	37687738	37687823	3.27e-04	53.6
Colius_striatus::CM054352.1:39092624-39209194()	NC_051777.1	73.256	86	23	0	64415	64500	37832879	37832964	0.001	52.7
Colius_striatus::CM054352.1:39092624-39209194()	NC_051777.1	72.340	94	24	1	99310	99403	34774319	34774228	0.004	50.9
Colius_striatus::CM054352.1:39092624-39209194()	NC_051777.1	74.699	83	18	2	107415	107497	34774322	34774243	0.004	50.0
Colius_striatus::CM054352.1:39092624-39209194()	NC_051777.1	77.273	66	14	1	23375	23440	37697462	37697526	0.014	49.1
Colius_striatus::CM054352.1:39092624-39209194()	NC_051777.1	90.909	33	3	0	77676	77708	17567060	17567028	0.049	47.3
Colius_striatus::CM054352.1:39092624-39209194()	NC_051777.1	83.721	43	7	0	23217	23259	33903398	33903440	0.049	47.3
Colius_striatus::CM054352.1:39092624-39209194()	NC_051777.1	65.842	202	57	4	26901	27101	37700761	37700951	0.049	47.3
