Dromaius_novaehollandiae::VWZH01000062.1:7090-208427()	NC_051777.1	79.203	2558	406	33	195016	197485	37690645	37688126	0.0	2190
Dromaius_novaehollandiae::VWZH01000062.1:7090-208427()	NC_051777.1	70.650	4092	803	79	39577	43495	37842007	37838141	0.0	1968
Dromaius_novaehollandiae::VWZH01000062.1:7090-208427()	NC_051777.1	69.291	3556	715	77	99604	102944	37790168	37786775	0.0	1544
Dromaius_novaehollandiae::VWZH01000062.1:7090-208427()	NC_051777.1	69.195	3467	736	86	82771	86106	37805255	37801990	0.0	1401
Dromaius_novaehollandiae::VWZH01000062.1:7090-208427()	NC_051777.1	72.697	2410	475	53	35858	38211	37845052	37842770	0.0	1306
Dromaius_novaehollandiae::VWZH01000062.1:7090-208427()	NC_051777.1	72.991	2277	426	52	116785	118988	37773871	37771711	0.0	1270
Dromaius_novaehollandiae::VWZH01000062.1:7090-208427()	NC_051777.1	70.582	2733	528	67	107592	110193	37782399	37779812	0.0	1251
Dromaius_novaehollandiae::VWZH01000062.1:7090-208427()	NC_051777.1	76.655	1692	295	28	138380	140049	37751707	37750094	0.0	1235
Dromaius_novaehollandiae::VWZH01000062.1:7090-208427()	NC_051777.1	78.900	1436	224	25	136594	137992	37753737	37752344	0.0	1183
Dromaius_novaehollandiae::VWZH01000062.1:7090-208427()	NC_051777.1	71.656	2138	396	55	16076	18125	37859094	37857079	0.0	1066
Dromaius_novaehollandiae::VWZH01000062.1:7090-208427()	NC_051777.1	71.396	2171	458	47	1882	3980	37877581	37875502	0.0	1060
Dromaius_novaehollandiae::VWZH01000062.1:7090-208427()	NC_051777.1	86.883	831	94	6	192834	193655	37692912	37692088	0.0	994
Dromaius_novaehollandiae::VWZH01000062.1:7090-208427()	NC_051777.1	74.272	1512	301	24	45044	46501	37835617	37834140	0.0	945
Dromaius_novaehollandiae::VWZH01000062.1:7090-208427()	NC_051777.1	78.742	1049	161	12	142	1148	37880892	37879864	0.0	907
Dromaius_novaehollandiae::VWZH01000062.1:7090-208427()	NC_051777.1	79.070	1032	162	15	191633	192637	37694111	37693107	0.0	869
Dromaius_novaehollandiae::VWZH01000062.1:7090-208427()	NC_051777.1	74.981	1283	251	20	94146	95417	37794694	37793471	0.0	840
Dromaius_novaehollandiae::VWZH01000062.1:7090-208427()	NC_051777.1	72.555	1636	370	38	126821	128416	37762953	37761357	0.0	827
Dromaius_novaehollandiae::VWZH01000062.1:7090-208427()	NC_051777.1	73.667	1200	203	24	12625	13786	37864126	37863002	0.0	734
Dromaius_novaehollandiae::VWZH01000062.1:7090-208427()	NC_051777.1	86.455	598	61	5	143511	144108	37748244	37747667	0.0	710
Dromaius_novaehollandiae::VWZH01000062.1:7090-208427()	NC_051777.1	71.689	1480	284	43	63682	65106	37820503	37819104	0.0	709
Dromaius_novaehollandiae::VWZH01000062.1:7090-208427()	NC_051777.1	75.696	1078	216	25	73715	74762	37813136	37812075	0.0	692
Dromaius_novaehollandiae::VWZH01000062.1:7090-208427()	NC_051777.1	71.630	1417	251	42	13959	15320	37861240	37859920	0.0	691
Dromaius_novaehollandiae::VWZH01000062.1:7090-208427()	NC_051777.1	67.186	2374	510	75	20409	22672	37855437	37853223	0.0	674
Dromaius_novaehollandiae::VWZH01000062.1:7090-208427()	NC_051777.1	73.415	1136	225	21	111461	112544	37779301	37778191	0.0	668
Dromaius_novaehollandiae::VWZH01000062.1:7090-208427()	NC_051777.1	66.421	2579	625	67	22832	25312	37853039	37850604	0.0	663
Dromaius_novaehollandiae::VWZH01000062.1:7090-208427()	NC_051777.1	71.779	1265	236	32	104914	106110	37784712	37783501	7.30e-180	637
Dromaius_novaehollandiae::VWZH01000062.1:7090-208427()	NC_051777.1	71.793	1138	233	26	91744	92852	37796933	37795855	2.23e-167	596
Dromaius_novaehollandiae::VWZH01000062.1:7090-208427()	NC_051777.1	69.822	1458	285	43	130316	131753	37760596	37759274	2.72e-166	592
Dromaius_novaehollandiae::VWZH01000062.1:7090-208427()	NC_051777.1	75.395	886	161	17	123836	124684	37766342	37765477	9.50e-166	590
Dromaius_novaehollandiae::VWZH01000062.1:7090-208427()	NC_051777.1	72.159	1135	229	27	140193	141289	37750003	37748918	1.72e-162	580
Dromaius_novaehollandiae::VWZH01000062.1:7090-208427()	NC_051777.1	73.380	1003	212	17	132021	133010	37758929	37757969	6.00e-162	579
Dromaius_novaehollandiae::VWZH01000062.1:7090-208427()	NC_051777.1	70.848	1132	236	17	125652	126765	37764741	37763686	4.61e-157	563
Dromaius_novaehollandiae::VWZH01000062.1:7090-208427()	NC_051777.1	74.512	820	135	12	119197	119988	37770612	37769839	2.91e-153	550
Dromaius_novaehollandiae::VWZH01000062.1:7090-208427()	NC_051777.1	75.218	803	157	12	88173	88965	37800304	37799534	2.91e-153	549
Dromaius_novaehollandiae::VWZH01000062.1:7090-208427()	NC_051777.1	75.592	803	154	14	90030	90808	37798493	37797709	1.51e-150	540
Dromaius_novaehollandiae::VWZH01000062.1:7090-208427()	NC_051777.1	68.682	1290	238	27	114667	115886	37775755	37774562	5.26e-150	539
Dromaius_novaehollandiae::VWZH01000062.1:7090-208427()	NC_051777.1	71.741	1051	225	19	65538	66564	37818938	37817936	1.84e-149	536
Dromaius_novaehollandiae::VWZH01000062.1:7090-208427()	NC_051777.1	82.037	540	80	5	11483	12015	37867097	37866568	2.73e-147	530
Dromaius_novaehollandiae::VWZH01000062.1:7090-208427()	NC_051777.1	74.390	820	150	14	162352	163157	37724793	37724020	1.16e-145	524
Dromaius_novaehollandiae::VWZH01000062.1:7090-208427()	NC_051777.1	70.712	1096	245	21	81437	82508	37806693	37805650	4.04e-145	523
Dromaius_novaehollandiae::VWZH01000062.1:7090-208427()	NC_051777.1	68.425	1327	324	27	103301	104568	37786672	37785382	3.11e-140	507
Dromaius_novaehollandiae::VWZH01000062.1:7090-208427()	NC_051777.1	73.106	937	188	24	67263	68185	37817359	37816473	1.09e-139	504
Dromaius_novaehollandiae::VWZH01000062.1:7090-208427()	NC_051777.1	71.516	976	163	24	112835	113793	37777408	37776531	3.79e-139	503
Dromaius_novaehollandiae::VWZH01000062.1:7090-208427()	NC_051777.1	67.585	1416	278	35	56242	57584	37828907	37827600	2.39e-135	490
Dromaius_novaehollandiae::VWZH01000062.1:7090-208427()	NC_051777.1	69.775	1201	269	29	145961	147125	37745574	37744432	1.02e-133	484
Dromaius_novaehollandiae::VWZH01000062.1:7090-208427()	NC_051777.1	74.744	780	160	17	120534	121293	37769374	37768612	5.27e-131	476
Dromaius_novaehollandiae::VWZH01000062.1:7090-208427()	NC_051777.1	86.735	392	39	3	200955	201337	37685274	37684887	6.41e-130	471
Dromaius_novaehollandiae::VWZH01000062.1:7090-208427()	NC_051777.1	75.100	751	136	21	148677	149415	37741308	37740597	3.32e-127	463
Dromaius_novaehollandiae::VWZH01000062.1:7090-208427()	NC_051777.1	77.070	628	104	13	60059	60668	37824572	37823967	1.16e-126	462
Dromaius_novaehollandiae::VWZH01000062.1:7090-208427()	NC_051777.1	71.098	993	172	32	135418	136362	37756382	37755457	1.41e-125	457
Dromaius_novaehollandiae::VWZH01000062.1:7090-208427()	NC_051777.1	81.301	492	81	6	71688	72172	37814975	37814488	4.93e-125	456
Dromaius_novaehollandiae::VWZH01000062.1:7090-208427()	NC_051777.1	69.732	1120	239	35	193923	194979	37691821	37690739	8.92e-122	445
Dromaius_novaehollandiae::VWZH01000062.1:7090-208427()	NC_051777.1	69.217	1085	227	23	18460	19502	37857080	37856061	8.92e-122	444
Dromaius_novaehollandiae::VWZH01000062.1:7090-208427()	NC_051777.1	70.833	960	198	24	60834	61759	37823115	37822204	4.62e-119	435
Dromaius_novaehollandiae::VWZH01000062.1:7090-208427()	NC_051777.1	76.206	601	106	9	79068	79653	37808715	37808137	5.63e-118	433
Dromaius_novaehollandiae::VWZH01000062.1:7090-208427()	NC_051777.1	73.072	765	146	17	70170	70905	37815699	37814966	6.85e-117	429
Dromaius_novaehollandiae::VWZH01000062.1:7090-208427()	NC_051777.1	74.919	614	110	7	43655	44232	37837913	37837308	1.02e-114	422
Dromaius_novaehollandiae::VWZH01000062.1:7090-208427()	NC_051777.1	72.405	819	152	24	34960	35756	37846006	37845240	1.24e-113	417
Dromaius_novaehollandiae::VWZH01000062.1:7090-208427()	NC_051777.1	74.631	678	135	15	98751	99412	37792025	37791369	1.51e-112	414
Dromaius_novaehollandiae::VWZH01000062.1:7090-208427()	NC_051777.1	71.207	837	196	12	122644	123446	37767464	37766639	1.84e-111	410
Dromaius_novaehollandiae::VWZH01000062.1:7090-208427()	NC_051777.1	71.608	796	179	12	50000	50776	37833382	37832615	7.82e-110	406
Dromaius_novaehollandiae::VWZH01000062.1:7090-208427()	NC_051777.1	70.445	944	203	25	9078	9965	37870451	37869528	9.53e-109	401
Dromaius_novaehollandiae::VWZH01000062.1:7090-208427()	NC_051777.1	74.879	621	132	10	96735	97336	37793218	37792603	1.41e-106	394
Dromaius_novaehollandiae::VWZH01000062.1:7090-208427()	NC_051777.1	73.692	688	144	15	124842	125514	37765411	37764746	1.72e-105	391
Dromaius_novaehollandiae::VWZH01000062.1:7090-208427()	NC_051777.1	74.638	552	131	2	157776	158320	37731946	37731397	2.39e-97	364
Dromaius_novaehollandiae::VWZH01000062.1:7090-208427()	NC_051777.1	77.339	481	86	10	181582	182051	37706672	37706204	4.33e-94	352
Dromaius_novaehollandiae::VWZH01000062.1:7090-208427()	NC_051777.1	74.048	578	120	12	154556	155129	37734778	37734227	2.73e-90	340
Dromaius_novaehollandiae::VWZH01000062.1:7090-208427()	NC_051777.1	72.337	629	122	13	142136	142761	37748841	37748262	9.54e-90	339
Dromaius_novaehollandiae::VWZH01000062.1:7090-208427()	NC_051777.1	76.507	481	88	10	39111	39581	37842760	37842295	3.33e-89	336
Dromaius_novaehollandiae::VWZH01000062.1:7090-208427()	NC_051777.1	67.668	965	191	28	77374	78295	37810313	37809427	1.72e-86	327
Dromaius_novaehollandiae::VWZH01000062.1:7090-208427()	NC_051777.1	78.500	400	65	7	106873	107258	37783163	37782771	7.33e-85	322
Dromaius_novaehollandiae::VWZH01000062.1:7090-208427()	NC_051777.1	82.759	319	42	5	5938	6246	37872370	37872055	3.12e-83	317
Dromaius_novaehollandiae::VWZH01000062.1:7090-208427()	NC_051777.1	79.841	377	65	7	10890	11260	37867848	37867477	3.12e-83	316
Dromaius_novaehollandiae::VWZH01000062.1:7090-208427()	NC_051777.1	65.184	1169	240	30	197981	199079	37688106	37687035	1.97e-79	305
Dromaius_novaehollandiae::VWZH01000062.1:7090-208427()	NC_051777.1	81.877	309	46	4	75247	75554	37811567	37811268	2.92e-77	297
Dromaius_novaehollandiae::VWZH01000062.1:7090-208427()	NC_051777.1	73.764	526	117	11	27627	28147	37848077	37847568	2.92e-77	297
Dromaius_novaehollandiae::VWZH01000062.1:7090-208427()	NC_051777.1	71.507	544	105	10	133112	133621	37757930	37757403	6.43e-73	283
Dromaius_novaehollandiae::VWZH01000062.1:7090-208427()	NC_051777.1	69.273	729	158	22	165760	166455	37719048	37718353	2.24e-72	280
Dromaius_novaehollandiae::VWZH01000062.1:7090-208427()	NC_051777.1	65.849	978	210	20	58410	59350	37826888	37825998	2.24e-72	280
Dromaius_novaehollandiae::VWZH01000062.1:7090-208427()	NC_051777.1	72.433	526	111	12	134802	135314	37756908	37756404	1.16e-69	272
Dromaius_novaehollandiae::VWZH01000062.1:7090-208427()	NC_051777.1	73.970	461	111	7	199433	199891	37686626	37686173	1.42e-68	268
Dromaius_novaehollandiae::VWZH01000062.1:7090-208427()	NC_051777.1	68.443	713	188	12	155441	156126	37734149	37733447	7.34e-66	260
Dromaius_novaehollandiae::VWZH01000062.1:7090-208427()	NC_051777.1	68.847	642	136	16	152501	153131	37736003	37735415	5.64e-61	242
Dromaius_novaehollandiae::VWZH01000062.1:7090-208427()	NC_051777.1	66.828	826	222	14	149943	150761	37739275	37738495	6.87e-60	239
Dromaius_novaehollandiae::VWZH01000062.1:7090-208427()	NC_051777.1	74.083	409	85	10	172387	172794	37713371	37712983	2.92e-58	234
Dromaius_novaehollandiae::VWZH01000062.1:7090-208427()	NC_051777.1	76.358	313	56	3	129905	130213	37761355	37761057	2.92e-58	234
Dromaius_novaehollandiae::VWZH01000062.1:7090-208427()	NC_051777.1	73.568	454	95	15	74654	75098	37812071	37811634	2.92e-58	233
Dromaius_novaehollandiae::VWZH01000062.1:7090-208427()	NC_051777.1	69.065	556	98	14	170865	171375	37714916	37714390	1.02e-57	232
Dromaius_novaehollandiae::VWZH01000062.1:7090-208427()	NC_051777.1	70.138	509	113	14	91234	91726	37797677	37797192	1.51e-55	225
Dromaius_novaehollandiae::VWZH01000062.1:7090-208427()	NC_051777.1	68.677	514	125	8	44244	44740	37837191	37836697	5.28e-55	224
Dromaius_novaehollandiae::VWZH01000062.1:7090-208427()	NC_051777.1	72.554	419	97	8	15602	16012	37859752	37859344	2.25e-53	218
Dromaius_novaehollandiae::VWZH01000062.1:7090-208427()	NC_051777.1	76.866	268	43	1	25787	26054	37849828	37849580	2.25e-53	217
Dromaius_novaehollandiae::VWZH01000062.1:7090-208427()	NC_051777.1	70.225	534	113	16	159974	160503	37729930	37729439	7.84e-53	216
Dromaius_novaehollandiae::VWZH01000062.1:7090-208427()	NC_051777.1	69.790	523	120	12	48538	49037	18451309	18450802	9.55e-52	212
Dromaius_novaehollandiae::VWZH01000062.1:7090-208427()	NC_051777.1	73.481	362	67	10	1164	1507	37877998	37877648	1.73e-48	202
Dromaius_novaehollandiae::VWZH01000062.1:7090-208427()	NC_051777.1	71.675	406	90	9	57694	58084	37827572	37827177	7.34e-47	196
Dromaius_novaehollandiae::VWZH01000062.1:7090-208427()	NC_051777.1	68.934	544	118	16	150814	151337	37737533	37737021	2.56e-46	194
Dromaius_novaehollandiae::VWZH01000062.1:7090-208427()	NC_051777.1	83.871	186	28	2	66779	66964	37817631	37817448	2.56e-46	194
Dromaius_novaehollandiae::VWZH01000062.1:7090-208427()	NC_051777.1	72.021	386	92	8	4678	5055	37875292	37874915	1.09e-44	188
Dromaius_novaehollandiae::VWZH01000062.1:7090-208427()	NC_051777.1	72.032	379	74	11	116377	116750	37774504	37774153	1.33e-43	186
Dromaius_novaehollandiae::VWZH01000062.1:7090-208427()	NC_051777.1	67.466	584	149	11	48472	49037	27865791	27866351	1.33e-43	185
Dromaius_novaehollandiae::VWZH01000062.1:7090-208427()	NC_051777.1	77.982	218	36	4	138087	138300	37752151	37751942	2.92e-39	170
Dromaius_novaehollandiae::VWZH01000062.1:7090-208427()	NC_051777.1	77.626	219	35	4	86819	87037	37801620	37801416	1.02e-38	169
Dromaius_novaehollandiae::VWZH01000062.1:7090-208427()	NC_051777.1	72.414	319	58	9	92877	93184	37794985	37794686	1.24e-37	166
Dromaius_novaehollandiae::VWZH01000062.1:7090-208427()	NC_051777.1	85.714	140	20	0	4466	4605	37875475	37875336	4.34e-37	163
Dromaius_novaehollandiae::VWZH01000062.1:7090-208427()	NC_051777.1	71.667	360	74	12	5157	5494	37874889	37874536	1.52e-36	161
Dromaius_novaehollandiae::VWZH01000062.1:7090-208427()	NC_051777.1	71.895	306	56	8	62606	62909	37821824	37821547	6.44e-35	156
Dromaius_novaehollandiae::VWZH01000062.1:7090-208427()	NC_051777.1	72.954	281	58	6	134283	134554	37757218	37756947	2.25e-34	154
Dromaius_novaehollandiae::VWZH01000062.1:7090-208427()	NC_051777.1	74.194	248	60	2	87279	87525	37800847	37800603	2.25e-34	154
Dromaius_novaehollandiae::VWZH01000062.1:7090-208427()	NC_051777.1	67.319	511	131	11	156131	156623	37733239	37732747	7.85e-34	152
Dromaius_novaehollandiae::VWZH01000062.1:7090-208427()	NC_051777.1	75.781	256	51	9	104579	104833	37785136	37784891	7.85e-34	152
Dromaius_novaehollandiae::VWZH01000062.1:7090-208427()	NC_051777.1	71.803	305	65	7	68886	69178	37816455	37816160	2.74e-33	150
Dromaius_novaehollandiae::VWZH01000062.1:7090-208427()	NC_051777.1	77.143	175	31	1	55967	56141	37829106	37828941	4.95e-30	140
Dromaius_novaehollandiae::VWZH01000062.1:7090-208427()	NC_051777.1	75.369	203	39	4	174511	174711	37711154	37710961	7.35e-28	133
Dromaius_novaehollandiae::VWZH01000062.1:7090-208427()	NC_051777.1	64.169	734	184	21	73025	73714	37814415	37813717	2.57e-27	132
Dromaius_novaehollandiae::VWZH01000062.1:7090-208427()	NC_051777.1	65.927	496	133	8	151524	151985	37736676	37736183	8.96e-27	130
Dromaius_novaehollandiae::VWZH01000062.1:7090-208427()	NC_051777.1	80.576	139	27	0	69349	69487	37815956	37815818	8.96e-27	130
Dromaius_novaehollandiae::VWZH01000062.1:7090-208427()	NC_051777.1	66.197	426	83	10	10014	10409	37869434	37869040	8.96e-27	130
Dromaius_novaehollandiae::VWZH01000062.1:7090-208427()	NC_051777.1	76.023	171	35	2	120119	120289	37769817	37769653	4.64e-24	121
Dromaius_novaehollandiae::VWZH01000062.1:7090-208427()	NC_051777.1	68.543	302	64	6	54746	55038	37831218	37830939	1.62e-23	118
Dromaius_novaehollandiae::VWZH01000062.1:7090-208427()	NC_051777.1	87.368	95	9	1	99488	99579	26056004	26056098	5.65e-23	116
Dromaius_novaehollandiae::VWZH01000062.1:7090-208427()	NC_051777.1	67.340	297	94	2	147457	147751	37743797	37743502	1.97e-22	115
Dromaius_novaehollandiae::VWZH01000062.1:7090-208427()	NC_051777.1	69.508	305	68	9	157309	157609	37732376	37732093	6.88e-22	113
Dromaius_novaehollandiae::VWZH01000062.1:7090-208427()	NC_051777.1	64.822	506	119	12	144669	145124	37747054	37746558	8.39e-21	110
Dromaius_novaehollandiae::VWZH01000062.1:7090-208427()	NC_051777.1	66.525	472	122	14	183428	183870	37705169	37704705	8.39e-21	109
Dromaius_novaehollandiae::VWZH01000062.1:7090-208427()	NC_051777.1	65.890	601	140	25	48454	49038	4856600	4856049	1.02e-19	106
Dromaius_novaehollandiae::VWZH01000062.1:7090-208427()	NC_051777.1	69.416	291	66	9	159496	159774	37730321	37730042	3.57e-19	104
Dromaius_novaehollandiae::VWZH01000062.1:7090-208427()	NC_051777.1	68.404	307	74	8	48718	49024	14478328	14478045	1.24e-18	102
Dromaius_novaehollandiae::VWZH01000062.1:7090-208427()	NC_051777.1	77.236	123	19	1	60706	60828	37823772	37823659	4.34e-18	100
Dromaius_novaehollandiae::VWZH01000062.1:7090-208427()	NC_051777.1	69.474	285	53	12	179581	179861	37707733	37707479	1.52e-17	99.6
Dromaius_novaehollandiae::VWZH01000062.1:7090-208427()	NC_051777.1	73.913	161	37	3	58232	58389	37827124	37826966	6.45e-16	93.3
Dromaius_novaehollandiae::VWZH01000062.1:7090-208427()	NC_051777.1	75.940	133	22	3	182364	182494	37705810	37705686	2.25e-15	92.4
Dromaius_novaehollandiae::VWZH01000062.1:7090-208427()	NC_051777.1	75.969	129	28	1	158728	158856	37730893	37730768	2.25e-15	92.4
Dromaius_novaehollandiae::VWZH01000062.1:7090-208427()	NC_051777.1	63.496	452	90	11	89039	89442	37799506	37799082	7.86e-15	90.6
Dromaius_novaehollandiae::VWZH01000062.1:7090-208427()	NC_051777.1	76.800	125	23	3	86426	86550	37801852	37801734	2.74e-14	87.8
Dromaius_novaehollandiae::VWZH01000062.1:7090-208427()	NC_051777.1	80.899	89	17	0	122166	122254	37768076	37767988	3.34e-13	85.1
Dromaius_novaehollandiae::VWZH01000062.1:7090-208427()	NC_051777.1	66.942	242	63	2	49760	49990	37833871	37833636	1.17e-12	83.3
Dromaius_novaehollandiae::VWZH01000062.1:7090-208427()	NC_051777.1	66.667	303	73	8	170506	170800	37715248	37714966	4.07e-12	81.5
Dromaius_novaehollandiae::VWZH01000062.1:7090-208427()	NC_051777.1	81.707	82	15	0	121563	121644	37768211	37768130	4.07e-12	81.5
Dromaius_novaehollandiae::VWZH01000062.1:7090-208427()	NC_051777.1	72.109	147	26	3	77106	77249	37811143	37811009	4.07e-12	81.5
Dromaius_novaehollandiae::VWZH01000062.1:7090-208427()	NC_051777.1	76.522	115	24	2	179320	179431	37707853	37707739	4.07e-12	80.6
Dromaius_novaehollandiae::VWZH01000062.1:7090-208427()	NC_051777.1	68.443	244	62	6	174856	175089	37710674	37710436	4.07e-12	80.6
Dromaius_novaehollandiae::VWZH01000062.1:7090-208427()	NC_051777.1	69.189	185	40	3	200205	200389	37685823	37685656	1.42e-11	79.7
Dromaius_novaehollandiae::VWZH01000062.1:7090-208427()	NC_051777.1	75.214	117	23	2	46658	46771	37833984	37833871	4.96e-11	77.9
Dromaius_novaehollandiae::VWZH01000062.1:7090-208427()	NC_051777.1	75.000	112	28	0	55730	55841	37829526	37829415	4.96e-11	77.0
Dromaius_novaehollandiae::VWZH01000062.1:7090-208427()	NC_051777.1	82.022	89	11	4	183271	183355	7466606	7466519	1.73e-10	76.1
Dromaius_novaehollandiae::VWZH01000062.1:7090-208427()	NC_051777.1	75.893	112	19	3	174731	174839	37710828	37710722	1.73e-10	75.2
Dromaius_novaehollandiae::VWZH01000062.1:7090-208427()	NC_051777.1	77.419	93	16	1	172130	172222	37713589	37713502	6.04e-10	74.3
Dromaius_novaehollandiae::VWZH01000062.1:7090-208427()	NC_051777.1	74.419	129	25	4	5792	5918	37873479	37873357	6.04e-10	74.3
Dromaius_novaehollandiae::VWZH01000062.1:7090-208427()	NC_051777.1	68.203	217	39	8	78794	79003	37808925	37808732	2.11e-09	72.5
Dromaius_novaehollandiae::VWZH01000062.1:7090-208427()	NC_051777.1	100.000	39	0	0	192721	192759	37693023	37692985	2.11e-09	71.6
Dromaius_novaehollandiae::VWZH01000062.1:7090-208427()	NC_051777.1	77.083	96	21	1	28230	28324	37846758	37846663	2.11e-09	71.6
Dromaius_novaehollandiae::VWZH01000062.1:7090-208427()	NC_051777.1	75.000	116	25	3	25572	25686	37850299	37850187	7.36e-09	69.8
Dromaius_novaehollandiae::VWZH01000062.1:7090-208427()	NC_051777.1	88.462	52	6	0	15396	15447	37859820	37859769	2.57e-08	68.0
Dromaius_novaehollandiae::VWZH01000062.1:7090-208427()	NC_051777.1	74.038	104	22	1	90880	90978	2152073	2152176	8.96e-08	67.1
Dromaius_novaehollandiae::VWZH01000062.1:7090-208427()	NC_051777.1	69.307	202	38	9	123520	123719	37766626	37766447	8.96e-08	67.1
Dromaius_novaehollandiae::VWZH01000062.1:7090-208427()	NC_051777.1	75.532	94	23	0	106726	106819	37783266	37783173	8.96e-08	67.1
Dromaius_novaehollandiae::VWZH01000062.1:7090-208427()	NC_051777.1	78.824	85	15	2	33936	34020	37846609	37846528	8.96e-08	67.1
Dromaius_novaehollandiae::VWZH01000062.1:7090-208427()	NC_051777.1	71.311	122	27	1	78513	78634	37809325	37809212	8.96e-08	66.2
Dromaius_novaehollandiae::VWZH01000062.1:7090-208427()	NC_051777.1	68.927	177	43	4	145664	145833	37745789	37745618	3.13e-07	65.3
Dromaius_novaehollandiae::VWZH01000062.1:7090-208427()	NC_051777.1	67.811	233	50	9	122342	122566	37767816	37767601	3.13e-07	65.3
Dromaius_novaehollandiae::VWZH01000062.1:7090-208427()	NC_051777.1	70.513	156	38	4	165427	165579	37721584	37721434	3.13e-07	64.4
Dromaius_novaehollandiae::VWZH01000062.1:7090-208427()	NC_051777.1	74.074	108	25	2	59364	59471	37825273	37825169	1.09e-06	63.5
Dromaius_novaehollandiae::VWZH01000062.1:7090-208427()	NC_051777.1	74.359	117	26	4	90936	91051	35030567	35030680	1.09e-06	62.6
Dromaius_novaehollandiae::VWZH01000062.1:7090-208427()	NC_051777.1	76.087	92	19	2	183286	183374	18328955	18328864	3.81e-06	61.7
Dromaius_novaehollandiae::VWZH01000062.1:7090-208427()	NC_051777.1	71.111	135	28	4	144505	144636	37747331	37747205	3.81e-06	60.8
Dromaius_novaehollandiae::VWZH01000062.1:7090-208427()	NC_051777.1	83.636	55	9	0	90891	90945	36093201	36093147	1.33e-05	59.9
Dromaius_novaehollandiae::VWZH01000062.1:7090-208427()	NC_051777.1	75.294	85	21	0	106129	106213	37783454	37783370	1.33e-05	59.9
Dromaius_novaehollandiae::VWZH01000062.1:7090-208427()	NC_051777.1	67.788	208	44	8	161179	161364	37727829	37728035	1.33e-05	59.0
Dromaius_novaehollandiae::VWZH01000062.1:7090-208427()	NC_051777.1	73.958	96	14	3	183273	183361	1119877	1119968	4.64e-05	58.1
Dromaius_novaehollandiae::VWZH01000062.1:7090-208427()	NC_051777.1	73.451	113	23	4	12019	12126	37866301	37866191	4.64e-05	58.1
Dromaius_novaehollandiae::VWZH01000062.1:7090-208427()	NC_051777.1	81.967	61	9	2	147380	147439	536195	536136	5.66e-04	54.5
Dromaius_novaehollandiae::VWZH01000062.1:7090-208427()	NC_051777.1	88.095	42	5	0	33124	33165	31263470	31263429	5.66e-04	54.5
Dromaius_novaehollandiae::VWZH01000062.1:7090-208427()	NC_051777.1	91.892	37	3	0	145256	145292	37746481	37746445	5.66e-04	54.5
Dromaius_novaehollandiae::VWZH01000062.1:7090-208427()	NC_051777.1	91.892	37	3	0	90483	90519	37807032	37807068	5.66e-04	54.5
Dromaius_novaehollandiae::VWZH01000062.1:7090-208427()	NC_051777.1	70.270	148	32	6	186643	186788	37700554	37700417	5.66e-04	53.6
Dromaius_novaehollandiae::VWZH01000062.1:7090-208427()	NC_051777.1	91.667	36	3	0	49814	49849	25576758	25576723	0.002	52.7
Dromaius_novaehollandiae::VWZH01000062.1:7090-208427()	NC_051777.1	76.056	71	17	0	191349	191419	37694421	37694351	0.002	52.7
Dromaius_novaehollandiae::VWZH01000062.1:7090-208427()	NC_051777.1	80.000	55	11	0	69279	69333	37816050	37815996	0.007	50.9
Dromaius_novaehollandiae::VWZH01000062.1:7090-208427()	NC_051777.1	85.714	42	6	0	90894	90935	380758	380799	0.007	50.0
Dromaius_novaehollandiae::VWZH01000062.1:7090-208427()	NC_051777.1	78.947	57	12	0	32166	32222	32267190	32267134	0.007	50.0
Dromaius_novaehollandiae::VWZH01000062.1:7090-208427()	NC_051777.1	74.444	90	15	4	183279	183367	4118403	4118485	0.024	49.1
Dromaius_novaehollandiae::VWZH01000062.1:7090-208427()	NC_051777.1	79.630	54	11	0	11388	11441	36093088	36093141	0.024	49.1
Dromaius_novaehollandiae::VWZH01000062.1:7090-208427()	NC_051777.1	77.612	67	11	2	107416	107478	37782538	37782472	0.024	49.1
Dromaius_novaehollandiae::VWZH01000062.1:7090-208427()	NC_051777.1	82.609	46	8	0	90887	90932	360752	360797	0.024	48.2
Dromaius_novaehollandiae::VWZH01000062.1:7090-208427()	NC_051777.1	85.366	41	6	0	32270	32310	2381282	2381242	0.024	48.2
Dromaius_novaehollandiae::VWZH01000062.1:7090-208427()	NC_051777.1	80.392	51	10	0	33125	33175	32462840	32462790	0.024	48.2
Dromaius_novaehollandiae::VWZH01000062.1:7090-208427()	NC_051777.1	84.444	45	5	1	99440	99482	37791365	37791321	0.024	48.2
