Centrocercus_minimus::SPOS01000084.1:3627566-3747939()	NC_051777.1	75.466	5421	934	107	4066	9216	37677500	37682794	0.0	3655
Centrocercus_minimus::SPOS01000084.1:3627566-3747939()	NC_051777.1	74.485	2963	568	60	15931	18773	37689022	37691916	0.0	1866
Centrocercus_minimus::SPOS01000084.1:3627566-3747939()	NC_051777.1	77.566	2309	383	42	10340	12567	37683147	37685401	0.0	1762
Centrocercus_minimus::SPOS01000084.1:3627566-3747939()	NC_051777.1	74.846	2433	429	44	44027	46323	37730872	37733257	0.0	1608
Centrocercus_minimus::SPOS01000084.1:3627566-3747939()	NC_051777.1	84.887	1416	164	20	19928	21314	37693107	37694501	0.0	1562
Centrocercus_minimus::SPOS01000084.1:3627566-3747939()	NC_051777.1	74.084	1883	351	33	64922	66710	37750244	37752083	0.0	1196
Centrocercus_minimus::SPOS01000084.1:3627566-3747939()	NC_051777.1	89.382	857	67	13	18896	19737	37692065	37692912	0.0	1099
Centrocercus_minimus::SPOS01000084.1:3627566-3747939()	NC_051777.1	81.126	1155	182	12	14664	15795	37687875	37689016	0.0	1079
Centrocercus_minimus::SPOS01000084.1:3627566-3747939()	NC_051777.1	71.087	1968	395	47	108484	110318	37879743	37881669	0.0	996
Centrocercus_minimus::SPOS01000084.1:3627566-3747939()	NC_051777.1	72.284	1703	337	39	77508	79143	37839576	37841210	0.0	890
Centrocercus_minimus::SPOS01000084.1:3627566-3747939()	NC_051777.1	74.816	1362	271	20	106631	107948	37876278	37877611	0.0	885
Centrocercus_minimus::SPOS01000084.1:3627566-3747939()	NC_051777.1	75.019	1321	264	23	114575	115879	37884730	37886000	0.0	851
Centrocercus_minimus::SPOS01000084.1:3627566-3747939()	NC_051777.1	74.809	1310	215	35	73147	74375	37834405	37835680	0.0	821
Centrocercus_minimus::SPOS01000084.1:3627566-3747939()	NC_051777.1	77.038	1067	203	14	66867	67905	37752342	37753394	0.0	795
Centrocercus_minimus::SPOS01000084.1:3627566-3747939()	NC_051777.1	75.382	1178	205	28	46510	47623	37733455	37734611	0.0	776
Centrocercus_minimus::SPOS01000084.1:3627566-3747939()	NC_051777.1	77.977	949	162	19	91582	92506	37860338	37861263	0.0	727
Centrocercus_minimus::SPOS01000084.1:3627566-3747939()	NC_051777.1	71.675	1391	274	33	13336	14650	37686460	37687806	0.0	692
Centrocercus_minimus::SPOS01000084.1:3627566-3747939()	NC_051777.1	81.597	739	87	18	90815	91517	37857107	37857832	0.0	683
Centrocercus_minimus::SPOS01000084.1:3627566-3747939()	NC_051777.1	84.715	615	85	5	92537	93147	37863526	37864135	0.0	672
Centrocercus_minimus::SPOS01000084.1:3627566-3747939()	NC_051777.1	73.288	1168	242	24	49705	50814	37736038	37737193	0.0	655
Centrocercus_minimus::SPOS01000084.1:3627566-3747939()	NC_051777.1	84.890	589	70	10	24451	25022	37698481	37699067	5.32e-179	634
Centrocercus_minimus::SPOS01000084.1:3627566-3747939()	NC_051777.1	68.033	1708	400	36	2145	3765	37675601	37677249	1.43e-173	617
Centrocercus_minimus::SPOS01000084.1:3627566-3747939()	NC_051777.1	82.609	598	81	7	56796	57391	37747659	37748235	1.10e-168	600
Centrocercus_minimus::SPOS01000084.1:3627566-3747939()	NC_051777.1	68.672	1679	371	48	85148	86737	37852819	37854431	1.98e-165	590
Centrocercus_minimus::SPOS01000084.1:3627566-3747939()	NC_051777.1	73.820	932	156	19	101805	102677	37872036	37872938	4.37e-161	575
Centrocercus_minimus::SPOS01000084.1:3627566-3747939()	NC_051777.1	78.506	656	100	13	48705	49329	37735388	37736033	1.98e-146	526
Centrocercus_minimus::SPOS01000084.1:3627566-3747939()	NC_051777.1	72.665	878	131	18	29688	30521	37706313	37707125	2.95e-144	519
Centrocercus_minimus::SPOS01000084.1:3627566-3747939()	NC_051777.1	68.821	1315	283	36	32614	33859	37707738	37708994	3.59e-143	515
Centrocercus_minimus::SPOS01000084.1:3627566-3747939()	NC_051777.1	80.396	556	67	14	22787	23307	37696386	37696934	1.74e-134	487
Centrocercus_minimus::SPOS01000084.1:3627566-3747939()	NC_051777.1	71.026	994	218	16	87964	88900	37856024	37857004	1.74e-134	486
Centrocercus_minimus::SPOS01000084.1:3627566-3747939()	NC_051777.1	76.296	675	132	9	79153	79816	37844040	37844697	7.40e-133	481
Centrocercus_minimus::SPOS01000084.1:3627566-3747939()	NC_051777.1	72.000	875	163	21	74858	75661	37836920	37837783	1.03e-124	453
Centrocercus_minimus::SPOS01000084.1:3627566-3747939()	NC_051777.1	68.562	1231	259	31	81700	82866	37850840	37852006	3.59e-124	452
Centrocercus_minimus::SPOS01000084.1:3627566-3747939()	NC_051777.1	80.040	501	71	10	94148	94620	37866761	37867260	9.64e-119	434
Centrocercus_minimus::SPOS01000084.1:3627566-3747939()	NC_051777.1	76.351	592	114	10	36217	36794	37711783	37712362	2.59e-113	416
Centrocercus_minimus::SPOS01000084.1:3627566-3747939()	NC_051777.1	70.419	906	181	22	53596	54462	37744704	37745561	4.68e-110	406
Centrocercus_minimus::SPOS01000084.1:3627566-3747939()	NC_051777.1	93.585	265	14	2	23308	23570	37697010	37697273	2.42e-107	396
Centrocercus_minimus::SPOS01000084.1:3627566-3747939()	NC_051777.1	73.951	691	119	21	51219	51861	37740588	37741265	2.42e-107	396
Centrocercus_minimus::SPOS01000084.1:3627566-3747939()	NC_051777.1	73.926	652	137	14	105615	106242	37875503	37876145	8.45e-107	395
Centrocercus_minimus::SPOS01000084.1:3627566-3747939()	NC_051777.1	66.667	1353	238	46	76147	77405	37838323	37839556	2.95e-106	392
Centrocercus_minimus::SPOS01000084.1:3627566-3747939()	NC_051777.1	81.378	392	63	4	94629	95013	37867446	37867834	3.37e-99	370
Centrocercus_minimus::SPOS01000084.1:3627566-3747939()	NC_051777.1	75.046	549	103	13	96102	96622	37869907	37870449	3.84e-92	345
Centrocercus_minimus::SPOS01000084.1:3627566-3747939()	NC_051777.1	83.832	334	31	10	112073	112387	37882809	37883138	6.95e-89	335
Centrocercus_minimus::SPOS01000084.1:3627566-3747939()	NC_051777.1	71.802	688	147	18	55577	56223	37746396	37747077	1.03e-86	328
Centrocercus_minimus::SPOS01000084.1:3627566-3747939()	NC_051777.1	69.315	818	176	23	52739	53490	37743713	37744521	9.65e-81	308
Centrocercus_minimus::SPOS01000084.1:3627566-3747939()	NC_051777.1	71.691	544	90	12	355	875	37673345	37673847	7.42e-76	291
Centrocercus_minimus::SPOS01000084.1:3627566-3747939()	NC_051777.1	77.354	393	68	9	86878	87259	37855060	37855442	3.16e-74	287
Centrocercus_minimus::SPOS01000084.1:3627566-3747939()	NC_051777.1	68.630	730	160	14	69704	70373	37832802	37833522	1.10e-73	284
Centrocercus_minimus::SPOS01000084.1:3627566-3747939()	NC_051777.1	69.859	710	170	21	38945	39627	37717779	37718471	1.34e-72	280
Centrocercus_minimus::SPOS01000084.1:3627566-3747939()	NC_051777.1	87.442	215	25	2	24053	24265	37697980	37698194	4.39e-66	260
Centrocercus_minimus::SPOS01000084.1:3627566-3747939()	NC_051777.1	74.217	415	87	7	42325	42722	37723881	37724292	1.87e-64	253
Centrocercus_minimus::SPOS01000084.1:3627566-3747939()	NC_051777.1	70.081	615	128	19	61714	62289	37749422	37750019	9.66e-62	245
Centrocercus_minimus::SPOS01000084.1:3627566-3747939()	NC_051777.1	72.525	495	106	14	84649	85127	37852246	37852726	9.66e-62	244
Centrocercus_minimus::SPOS01000084.1:3627566-3747939()	NC_051777.1	80.370	270	50	2	12952	13220	37686182	37686449	3.37e-61	242
Centrocercus_minimus::SPOS01000084.1:3627566-3747939()	NC_051777.1	71.515	495	118	10	58294	58771	37748347	37748835	1.75e-58	233
Centrocercus_minimus::SPOS01000084.1:3627566-3747939()	NC_051777.1	72.017	461	91	12	41872	42308	37722873	37723319	2.13e-57	231
Centrocercus_minimus::SPOS01000084.1:3627566-3747939()	NC_051777.1	71.146	506	94	16	52181	52646	37741275	37741768	2.13e-57	230
Centrocercus_minimus::SPOS01000084.1:3627566-3747939()	NC_051777.1	77.358	318	49	9	59506	59813	37748897	37749201	2.13e-57	230
Centrocercus_minimus::SPOS01000084.1:3627566-3747939()	NC_051777.1	67.638	652	141	19	27562	28168	37702781	37703407	2.96e-49	203
Centrocercus_minimus::SPOS01000084.1:3627566-3747939()	NC_051777.1	70.702	413	80	10	56243	56622	37747214	37747618	5.35e-46	192
Centrocercus_minimus::SPOS01000084.1:3627566-3747939()	NC_051777.1	83.000	200	25	6	25177	25372	37699318	37699512	6.52e-45	189
Centrocercus_minimus::SPOS01000084.1:3627566-3747939()	NC_051777.1	71.256	414	86	12	36821	37218	37715265	37715661	2.27e-44	187
Centrocercus_minimus::SPOS01000084.1:3627566-3747939()	NC_051777.1	84.940	166	17	4	105006	105165	37875337	37875500	4.11e-41	177
Centrocercus_minimus::SPOS01000084.1:3627566-3747939()	NC_051777.1	90.698	129	10	1	112969	113095	37884290	37884418	4.11e-41	177
Centrocercus_minimus::SPOS01000084.1:3627566-3747939()	NC_051777.1	69.212	419	83	9	42722	43107	37724621	37725026	4.11e-41	176
Centrocercus_minimus::SPOS01000084.1:3627566-3747939()	NC_051777.1	73.064	297	72	5	34845	35137	37710382	37710674	3.16e-36	160
Centrocercus_minimus::SPOS01000084.1:3627566-3747939()	NC_051777.1	71.885	313	54	10	43109	43411	37725350	37725638	1.34e-34	154
Centrocercus_minimus::SPOS01000084.1:3627566-3747939()	NC_051777.1	71.739	276	42	12	32211	32467	37707475	37707733	6.52e-26	125
Centrocercus_minimus::SPOS01000084.1:3627566-3747939()	NC_051777.1	75.000	180	42	1	72564	72740	37834185	37834364	2.77e-24	121
Centrocercus_minimus::SPOS01000084.1:3627566-3747939()	NC_051777.1	68.713	342	79	9	28972	29294	37704679	37705011	2.77e-24	120
Centrocercus_minimus::SPOS01000084.1:3627566-3747939()	NC_051777.1	70.144	278	58	7	29317	29589	37706010	37706267	9.68e-24	119
Centrocercus_minimus::SPOS01000084.1:3627566-3747939()	NC_051777.1	70.982	224	42	4	986	1187	37674401	37674623	1.18e-22	114
Centrocercus_minimus::SPOS01000084.1:3627566-3747939()	NC_051777.1	74.194	186	38	4	9217	9393	37682867	37683051	1.44e-21	111
Centrocercus_minimus::SPOS01000084.1:3627566-3747939()	NC_051777.1	76.582	158	27	4	4	158	37672902	37673052	5.01e-21	110
Centrocercus_minimus::SPOS01000084.1:3627566-3747939()	NC_051777.1	76.023	171	27	6	54609	54767	37745624	37745792	5.01e-21	110
Centrocercus_minimus::SPOS01000084.1:3627566-3747939()	NC_051777.1	78.358	134	24	2	61098	61228	37749285	37749416	1.75e-20	107
Centrocercus_minimus::SPOS01000084.1:3627566-3747939()	NC_051777.1	72.487	189	35	4	62690	62875	37750062	37750236	2.13e-19	104
Centrocercus_minimus::SPOS01000084.1:3627566-3747939()	NC_051777.1	72.340	188	38	4	35415	35598	37710982	37711159	2.60e-18	100
Centrocercus_minimus::SPOS01000084.1:3627566-3747939()	NC_051777.1	68.939	264	49	10	104709	104950	37875040	37875292	1.35e-15	92.4
Centrocercus_minimus::SPOS01000084.1:3627566-3747939()	NC_051777.1	71.930	171	47	1	35682	35851	37711218	37711388	4.70e-15	89.7
Centrocercus_minimus::SPOS01000084.1:3627566-3747939()	NC_051777.1	68.235	255	59	6	54966	55200	37745801	37746053	1.64e-14	88.7
Centrocercus_minimus::SPOS01000084.1:3627566-3747939()	NC_051777.1	78.899	109	20	2	103691	103798	37874783	37874889	1.64e-14	87.8
Centrocercus_minimus::SPOS01000084.1:3627566-3747939()	NC_051777.1	75.000	140	31	4	25680	25817	37700124	37700261	2.43e-12	81.5
Centrocercus_minimus::SPOS01000084.1:3627566-3747939()	NC_051777.1	80.220	91	16	1	81596	81686	37849712	37849800	2.43e-12	81.5
Centrocercus_minimus::SPOS01000084.1:3627566-3747939()	NC_051777.1	77.778	108	22	2	102974	103079	37873265	37873372	2.43e-12	80.6
Centrocercus_minimus::SPOS01000084.1:3627566-3747939()	NC_051777.1	78.571	98	19	1	114414	114509	37884510	37884607	2.43e-12	80.6
Centrocercus_minimus::SPOS01000084.1:3627566-3747939()	NC_051777.1	68.657	201	39	6	43461	43640	37727141	37727338	3.61e-10	74.3
Centrocercus_minimus::SPOS01000084.1:3627566-3747939()	NC_051777.1	77.778	99	16	3	37955	38051	37716231	37716325	1.26e-09	72.5
Centrocercus_minimus::SPOS01000084.1:3627566-3747939()	NC_051777.1	69.388	196	41	7	37481	37660	37715998	37716190	4.40e-09	69.8
Centrocercus_minimus::SPOS01000084.1:3627566-3747939()	NC_051777.1	97.436	39	1	0	19810	19848	37692985	37693023	5.36e-08	67.1
Centrocercus_minimus::SPOS01000084.1:3627566-3747939()	NC_051777.1	84.127	63	9	1	12814	12875	37685400	37685462	5.36e-08	66.2
Centrocercus_minimus::SPOS01000084.1:3627566-3747939()	NC_051777.1	64.955	331	80	10	81180	81482	37849296	37849618	6.53e-07	62.6
Centrocercus_minimus::SPOS01000084.1:3627566-3747939()	NC_051777.1	80.247	81	9	5	40462	40540	37720257	37720332	7.95e-06	59.0
Centrocercus_minimus::SPOS01000084.1:3627566-3747939()	NC_051777.1	81.356	59	11	0	1809	1867	37674886	37674944	2.78e-05	58.1
Centrocercus_minimus::SPOS01000084.1:3627566-3747939()	NC_051777.1	79.688	64	13	0	66769	66832	37752243	37752306	2.78e-05	58.1
Centrocercus_minimus::SPOS01000084.1:3627566-3747939()	NC_051777.1	81.818	66	8	3	69028	69091	37831923	37831986	9.69e-05	56.3
Centrocercus_minimus::SPOS01000084.1:3627566-3747939()	NC_051777.1	84.000	50	8	0	21753	21802	37695072	37695121	9.69e-05	55.4
Centrocercus_minimus::SPOS01000084.1:3627566-3747939()	NC_051777.1	76.812	69	16	0	26669	26737	37701474	37701542	3.38e-04	53.6
Centrocercus_minimus::SPOS01000084.1:3627566-3747939()	NC_051777.1	73.267	101	19	4	35182	35281	37710757	37710850	0.004	50.9
Centrocercus_minimus::SPOS01000084.1:3627566-3747939()	NC_051777.1	93.750	32	2	0	13304	13335	13505829	13505798	0.004	50.0
Centrocercus_minimus::SPOS01000084.1:3627566-3747939()	NC_051777.1	93.750	32	2	0	96413	96444	24545521	24545490	0.004	50.0
Centrocercus_minimus::SPOS01000084.1:3627566-3747939()	NC_051777.1	75.362	69	17	0	35569	35637	3186906	3186974	0.014	49.1
Centrocercus_minimus::SPOS01000084.1:3627566-3747939()	NC_051777.1	96.552	29	1	0	104000	104028	20488371	20488343	0.014	49.1
Centrocercus_minimus::SPOS01000084.1:3627566-3747939()	NC_051777.1	84.091	44	7	0	23517	23560	33903392	33903435	0.014	49.1
Centrocercus_minimus::SPOS01000084.1:3627566-3747939()	NC_051777.1	87.805	41	4	1	101766	101806	37290314	37290353	0.014	49.1
Centrocercus_minimus::SPOS01000084.1:3627566-3747939()	NC_051777.1	69.697	99	15	2	87387	87470	37855587	37855685	0.014	49.1
Centrocercus_minimus::SPOS01000084.1:3627566-3747939()	NC_051777.1	66.912	136	25	3	43858	43978	37727577	37727707	0.014	48.2
Centrocercus_minimus::SPOS01000084.1:3627566-3747939()	NC_051777.1	79.412	68	8	4	72337	72401	37833930	37833994	0.014	48.2
