Oxyura_jamaicensis::NC_048898.1:35927189-36137567()	NC_051777.1	90.632	5732	364	41	69712	75347	37757111	37762765	0.0	7948
Oxyura_jamaicensis::NC_048898.1:35927189-36137567()	NC_051777.1	90.787	5123	317	28	176561	181618	37850436	37855468	0.0	7151
Oxyura_jamaicensis::NC_048898.1:35927189-36137567()	NC_051777.1	88.300	5171	374	42	53939	58972	37740504	37745580	0.0	6640
Oxyura_jamaicensis::NC_048898.1:35927189-36137567()	NC_051777.1	92.647	4121	212	22	61164	65260	37747654	37751707	0.0	6049
Oxyura_jamaicensis::NC_048898.1:35927189-36137567()	NC_051777.1	88.308	4627	371	37	92696	97284	37778002	37782496	0.0	5956
Oxyura_jamaicensis::NC_048898.1:35927189-36137567()	NC_051777.1	91.190	4007	298	18	164757	168741	37838034	37842007	0.0	5637
Oxyura_jamaicensis::NC_048898.1:35927189-36137567()	NC_051777.1	91.416	3891	220	22	38366	42204	37729439	37733267	0.0	5527
Oxyura_jamaicensis::NC_048898.1:35927189-36137567()	NC_051777.1	90.197	3662	267	16	117999	121628	37801656	37805257	0.0	5066
Oxyura_jamaicensis::NC_048898.1:35927189-36137567()	NC_051777.1	92.201	3103	156	20	83194	86243	37770814	37773883	0.0	4493
Oxyura_jamaicensis::NC_048898.1:35927189-36137567()	NC_051777.1	89.691	3337	200	25	148127	151438	37825986	37829203	0.0	4485
Oxyura_jamaicensis::NC_048898.1:35927189-36137567()	NC_051777.1	90.662	3159	209	20	182124	185234	37855984	37859104	0.0	4355
Oxyura_jamaicensis::NC_048898.1:35927189-36137567()	NC_051777.1	85.703	3637	286	38	101969	105506	37786711	37790212	0.0	4341
Oxyura_jamaicensis::NC_048898.1:35927189-36137567()	NC_051777.1	92.032	2874	161	21	169029	171869	37842294	37845132	0.0	4118
Oxyura_jamaicensis::NC_048898.1:35927189-36137567()	NC_051777.1	90.307	2992	244	17	200349	203313	37875108	37878080	0.0	4103
Oxyura_jamaicensis::NC_048898.1:35927189-36137567()	NC_051777.1	92.356	2708	154	15	48500	51167	37734842	37737536	0.0	3931
Oxyura_jamaicensis::NC_048898.1:35927189-36137567()	NC_051777.1	90.554	2816	185	19	110354	113123	37794157	37796937	0.0	3890
Oxyura_jamaicensis::NC_048898.1:35927189-36137567()	NC_051777.1	86.382	2695	249	19	114900	117556	37798739	37801353	0.0	3305
Oxyura_jamaicensis::NC_048898.1:35927189-36137567()	NC_051777.1	85.852	2799	206	34	3715	6425	37694586	37697282	0.0	3281
Oxyura_jamaicensis::NC_048898.1:35927189-36137567()	NC_051777.1	89.349	2413	150	21	76018	78366	37763687	37766056	0.0	3195
Oxyura_jamaicensis::NC_048898.1:35927189-36137567()	NC_051777.1	88.968	2248	174	14	97531	99729	37782490	37784712	0.0	2982
Oxyura_jamaicensis::NC_048898.1:35927189-36137567()	NC_051777.1	91.807	2075	121	9	30799	32860	37721299	37723337	0.0	2980
Oxyura_jamaicensis::NC_048898.1:35927189-36137567()	NC_051777.1	89.340	2167	138	15	80969	83094	37768612	37770726	0.0	2929
Oxyura_jamaicensis::NC_048898.1:35927189-36137567()	NC_051777.1	92.520	1992	128	7	36047	38028	37727121	37729101	0.0	2909
Oxyura_jamaicensis::NC_048898.1:35927189-36137567()	NC_051777.1	90.074	2035	147	15	1	2010	37690909	37692913	0.0	2789
Oxyura_jamaicensis::NC_048898.1:35927189-36137567()	NC_051777.1	86.938	2136	202	20	78892	80981	37766443	37768547	0.0	2635
Oxyura_jamaicensis::NC_048898.1:35927189-36137567()	NC_051777.1	93.433	1736	95	9	19758	21477	37713179	37714911	0.0	2594
Oxyura_jamaicensis::NC_048898.1:35927189-36137567()	NC_051777.1	87.840	1949	174	11	205633	207533	37879739	37881672	0.0	2514
Oxyura_jamaicensis::NC_048898.1:35927189-36137567()	NC_051777.1	93.277	1651	91	10	105723	107361	37790429	37792071	0.0	2451
Oxyura_jamaicensis::NC_048898.1:35927189-36137567()	NC_051777.1	87.494	1927	146	14	8998	10888	37699692	37701559	0.0	2446
Oxyura_jamaicensis::NC_048898.1:35927189-36137567()	NC_051777.1	91.585	1640	83	9	89870	91493	37775877	37777477	0.0	2345
Oxyura_jamaicensis::NC_048898.1:35927189-36137567()	NC_051777.1	91.106	1619	106	12	171982	173587	37845242	37846835	0.0	2251
Oxyura_jamaicensis::NC_048898.1:35927189-36137567()	NC_051777.1	89.202	1667	108	9	24734	26378	37718010	37719626	0.0	2233
Oxyura_jamaicensis::NC_048898.1:35927189-36137567()	NC_051777.1	90.869	1588	92	9	144356	145902	37822205	37823780	0.0	2218
Oxyura_jamaicensis::NC_048898.1:35927189-36137567()	NC_051777.1	91.997	1537	84	9	15523	17043	37705649	37707162	0.0	2213
Oxyura_jamaicensis::NC_048898.1:35927189-36137567()	NC_051777.1	84.573	1990	162	30	174473	176418	37848411	37850299	0.0	2201
Oxyura_jamaicensis::NC_048898.1:35927189-36137567()	NC_051777.1	92.735	1459	60	8	2204	3659	37693107	37694522	0.0	2180
Oxyura_jamaicensis::NC_048898.1:35927189-36137567()	NC_051777.1	94.417	1397	57	6	132583	133967	37814416	37815803	0.0	2160
Oxyura_jamaicensis::NC_048898.1:35927189-36137567()	NC_051777.1	92.504	1414	84	5	42393	43804	37733445	37734838	0.0	2085
Oxyura_jamaicensis::NC_048898.1:35927189-36137567()	NC_051777.1	86.382	1711	135	10	159059	160682	37832300	37833999	0.0	2079
Oxyura_jamaicensis::NC_048898.1:35927189-36137567()	NC_051777.1	87.800	1623	129	18	185847	187441	37859772	37861353	0.0	2031
Oxyura_jamaicensis::NC_048898.1:35927189-36137567()	NC_051777.1	86.353	1656	104	14	160835	162431	37834140	37835732	0.0	2015
Oxyura_jamaicensis::NC_048898.1:35927189-36137567()	NC_051777.1	87.444	1569	135	13	65741	67264	37752243	37753794	0.0	1968
Oxyura_jamaicensis::NC_048898.1:35927189-36137567()	NC_051777.1	89.035	1441	108	9	18342	19762	37710958	37712368	0.0	1913
Oxyura_jamaicensis::NC_048898.1:35927189-36137567()	NC_051777.1	90.643	1368	96	7	113373	114710	37797187	37798552	0.0	1911
Oxyura_jamaicensis::NC_048898.1:35927189-36137567()	NC_051777.1	88.552	1450	105	11	163219	164624	37836523	37837955	0.0	1904
Oxyura_jamaicensis::NC_048898.1:35927189-36137567()	NC_051777.1	89.855	1380	108	5	139129	140485	37817835	37819205	0.0	1880
Oxyura_jamaicensis::NC_048898.1:35927189-36137567()	NC_051777.1	91.236	1335	81	9	28270	29577	37719969	37721294	0.0	1873
Oxyura_jamaicensis::NC_048898.1:35927189-36137567()	NC_051777.1	87.432	1464	139	10	51204	52642	37738479	37739922	0.0	1853
Oxyura_jamaicensis::NC_048898.1:35927189-36137567()	NC_051777.1	94.008	1185	58	5	188036	189209	37862910	37864092	0.0	1807
Oxyura_jamaicensis::NC_048898.1:35927189-36137567()	NC_051777.1	91.694	1240	75	8	87469	88699	37774563	37775783	0.0	1786
Oxyura_jamaicensis::NC_048898.1:35927189-36137567()	NC_051777.1	91.204	1262	66	8	33383	34632	37723881	37725109	0.0	1781
Oxyura_jamaicensis::NC_048898.1:35927189-36137567()	NC_051777.1	93.362	1160	38	4	7414	8557	37698311	37699447	0.0	1763
Oxyura_jamaicensis::NC_048898.1:35927189-36137567()	NC_051777.1	93.379	1163	54	6	191978	193128	37866115	37867266	0.0	1745
Oxyura_jamaicensis::NC_048898.1:35927189-36137567()	NC_051777.1	92.205	1129	65	5	128298	129407	37810951	37812075	0.0	1638
Oxyura_jamaicensis::NC_048898.1:35927189-36137567()	NC_051777.1	86.893	1297	125	6	100387	101669	37785432	37786697	0.0	1625
Oxyura_jamaicensis::NC_048898.1:35927189-36137567()	NC_051777.1	93.703	1064	50	3	129291	130337	37812074	37813137	0.0	1619
Oxyura_jamaicensis::NC_048898.1:35927189-36137567()	NC_051777.1	89.010	1101	106	4	14353	15445	37704459	37705552	0.0	1470
Oxyura_jamaicensis::NC_048898.1:35927189-36137567()	NC_051777.1	93.572	949	50	4	195272	196215	37869511	37870453	0.0	1429
Oxyura_jamaicensis::NC_048898.1:35927189-36137567()	NC_051777.1	88.962	1069	81	7	122420	123471	37805649	37806697	0.0	1417
Oxyura_jamaicensis::NC_048898.1:35927189-36137567()	NC_051777.1	91.658	959	56	7	67886	68832	37755452	37756398	0.0	1360
Oxyura_jamaicensis::NC_048898.1:35927189-36137567()	NC_051777.1	92.486	905	50	6	137667	138569	37816462	37817350	0.0	1315
Oxyura_jamaicensis::NC_048898.1:35927189-36137567()	NC_051777.1	92.997	871	43	7	125450	126310	37808120	37808982	0.0	1281
Oxyura_jamaicensis::NC_048898.1:35927189-36137567()	NC_051777.1	89.357	949	78	7	197776	198717	37872025	37872957	0.0	1246
Oxyura_jamaicensis::NC_048898.1:35927189-36137567()	NC_051777.1	87.139	1003	109	6	153008	153999	37830640	37831633	0.0	1219
Oxyura_jamaicensis::NC_048898.1:35927189-36137567()	NC_051777.1	87.924	944	79	7	126735	127670	37809413	37810329	0.0	1211
Oxyura_jamaicensis::NC_048898.1:35927189-36137567()	NC_051777.1	93.408	804	40	4	203376	204177	37878080	37878872	0.0	1205
Oxyura_jamaicensis::NC_048898.1:35927189-36137567()	NC_051777.1	91.027	847	38	5	6562	7380	37697419	37698255	0.0	1197
Oxyura_jamaicensis::NC_048898.1:35927189-36137567()	NC_051777.1	94.223	779	28	5	140508	141284	37819874	37820637	0.0	1196
Oxyura_jamaicensis::NC_048898.1:35927189-36137567()	NC_051777.1	91.981	823	64	2	11017	11837	37701613	37702435	0.0	1180
Oxyura_jamaicensis::NC_048898.1:35927189-36137567()	NC_051777.1	88.274	904	71	5	12124	13018	37702578	37703455	0.0	1162
Oxyura_jamaicensis::NC_048898.1:35927189-36137567()	NC_051777.1	86.782	923	53	7	21550	22415	37714966	37715876	0.0	1146
Oxyura_jamaicensis::NC_048898.1:35927189-36137567()	NC_051777.1	93.553	729	45	2	109467	110195	37793427	37794153	0.0	1096
Oxyura_jamaicensis::NC_048898.1:35927189-36137567()	NC_051777.1	85.667	900	86	8	17186	18046	37707767	37708662	0.0	1079
Oxyura_jamaicensis::NC_048898.1:35927189-36137567()	NC_051777.1	87.093	829	74	8	141368	142174	37820721	37821538	0.0	1038
Oxyura_jamaicensis::NC_048898.1:35927189-36137567()	NC_051777.1	93.636	660	40	2	107831	108488	37792563	37793222	0.0	994
Oxyura_jamaicensis::NC_048898.1:35927189-36137567()	NC_051777.1	92.879	660	44	3	209289	209945	37882765	37883424	0.0	968
Oxyura_jamaicensis::NC_048898.1:35927189-36137567()	NC_051777.1	91.382	673	40	2	59860	60532	37746423	37747077	0.0	960
Oxyura_jamaicensis::NC_048898.1:35927189-36137567()	NC_051777.1	93.114	639	27	4	146089	146716	37823966	37824598	0.0	952
Oxyura_jamaicensis::NC_048898.1:35927189-36137567()	NC_051777.1	94.350	531	25	2	124023	124552	37806697	37807223	0.0	819
Oxyura_jamaicensis::NC_048898.1:35927189-36137567()	NC_051777.1	94.661	487	23	2	193307	193792	37867445	37867929	0.0	755
Oxyura_jamaicensis::NC_048898.1:35927189-36137567()	NC_051777.1	92.353	510	33	4	130909	131417	37813710	37814214	0.0	732
Oxyura_jamaicensis::NC_048898.1:35927189-36137567()	NC_051777.1	79.518	747	61	8	151614	152352	37829369	37830031	0.0	705
Oxyura_jamaicensis::NC_048898.1:35927189-36137567()	NC_051777.1	92.704	466	25	3	68902	69358	37756400	37756865	0.0	682
Oxyura_jamaicensis::NC_048898.1:35927189-36137567()	NC_051777.1	92.237	438	29	2	194786	195219	37868925	37869361	3.24e-178	633
Oxyura_jamaicensis::NC_048898.1:35927189-36137567()	NC_051777.1	94.737	399	14	2	65320	65717	37751759	37752151	1.68e-175	623
Oxyura_jamaicensis::NC_048898.1:35927189-36137567()	NC_051777.1	76.744	860	168	15	135460	136308	1169623	1168785	1.06e-171	611
Oxyura_jamaicensis::NC_048898.1:35927189-36137567()	NC_051777.1	92.000	425	31	3	185265	185687	37859331	37859754	1.57e-169	603
Oxyura_jamaicensis::NC_048898.1:35927189-36137567()	NC_051777.1	89.348	460	47	2	152495	152954	37830105	37830562	5.49e-169	602
Oxyura_jamaicensis::NC_048898.1:35927189-36137567()	NC_051777.1	88.940	434	24	5	86499	86925	37774153	37774569	3.95e-158	566
Oxyura_jamaicensis::NC_048898.1:35927189-36137567()	NC_051777.1	83.299	479	50	5	13249	13707	37703649	37704117	3.47e-146	526
Oxyura_jamaicensis::NC_048898.1:35927189-36137567()	NC_051777.1	92.416	356	12	2	138745	139092	37817350	37817698	3.47e-146	526
Oxyura_jamaicensis::NC_048898.1:35927189-36137567()	NC_051777.1	85.529	463	43	9	60598	61047	37747204	37747655	6.27e-143	515
Oxyura_jamaicensis::NC_048898.1:35927189-36137567()	NC_051777.1	77.044	697	133	12	135618	136308	267296	267971	3.25e-140	507
Oxyura_jamaicensis::NC_048898.1:35927189-36137567()	NC_051777.1	96.053	304	11	1	78513	78816	37766048	37766350	7.16e-136	491
Oxyura_jamaicensis::NC_048898.1:35927189-36137567()	NC_051777.1	94.175	309	14	3	142814	143120	37821547	37821853	2.85e-128	467
Oxyura_jamaicensis::NC_048898.1:35927189-36137567()	NC_051777.1	92.459	305	18	2	136714	137013	37816158	37816462	3.25e-121	443
Oxyura_jamaicensis::NC_048898.1:35927189-36137567()	NC_051777.1	75.900	639	143	6	135462	136096	711909	712540	1.13e-120	442
Oxyura_jamaicensis::NC_048898.1:35927189-36137567()	NC_051777.1	93.471	291	17	1	173590	173878	37847568	37847858	1.38e-119	437
Oxyura_jamaicensis::NC_048898.1:35927189-36137567()	NC_051777.1	75.900	639	131	10	135674	136308	8005625	8006244	1.68e-118	434
Oxyura_jamaicensis::NC_048898.1:35927189-36137567()	NC_051777.1	80.994	342	57	1	146785	147126	37824654	37824987	7.17e-98	366
Oxyura_jamaicensis::NC_048898.1:35927189-36137567()	NC_051777.1	85.256	312	21	6	99853	100147	37784836	37785139	1.58e-93	352
Oxyura_jamaicensis::NC_048898.1:35927189-36137567()	NC_051777.1	75.514	535	123	7	135476	136007	2499124	2499653	1.58e-93	351
Oxyura_jamaicensis::NC_048898.1:35927189-36137567()	NC_051777.1	76.278	489	110	4	135462	135946	4428059	4427573	1.92e-92	347
Oxyura_jamaicensis::NC_048898.1:35927189-36137567()	NC_051777.1	90.873	252	20	2	23045	23294	37716202	37716452	6.71e-92	345
Oxyura_jamaicensis::NC_048898.1:35927189-36137567()	NC_051777.1	94.595	222	11	1	34884	35104	37725326	37725547	2.34e-91	343
Oxyura_jamaicensis::NC_048898.1:35927189-36137567()	NC_051777.1	90.795	239	16	2	199012	199249	37873254	37873487	5.16e-87	329
Oxyura_jamaicensis::NC_048898.1:35927189-36137567()	NC_051777.1	88.755	249	19	2	200109	200348	37874373	37874621	7.66e-85	323
Oxyura_jamaicensis::NC_048898.1:35927189-36137567()	NC_051777.1	92.273	220	6	2	117617	117827	37801414	37801631	7.66e-85	322
Oxyura_jamaicensis::NC_048898.1:35927189-36137567()	NC_051777.1	77.751	418	71	9	135894	136308	8700418	8700816	1.14e-82	315
Oxyura_jamaicensis::NC_048898.1:35927189-36137567()	NC_051777.1	77.049	427	73	9	135887	136308	2536275	2535869	1.39e-81	311
Oxyura_jamaicensis::NC_048898.1:35927189-36137567()	NC_051777.1	93.878	196	11	1	126473	126668	37809152	37809346	3.05e-77	297
Oxyura_jamaicensis::NC_048898.1:35927189-36137567()	NC_051777.1	75.419	358	76	3	59278	59628	37745949	37746301	1.06e-76	295
Oxyura_jamaicensis::NC_048898.1:35927189-36137567()	NC_051777.1	85.268	224	7	1	136391	136614	37815853	37816050	9.97e-71	275
Oxyura_jamaicensis::NC_048898.1:35927189-36137567()	NC_051777.1	77.419	372	59	10	135942	136308	1134267	1133916	4.24e-69	270
Oxyura_jamaicensis::NC_048898.1:35927189-36137567()	NC_051777.1	77.654	358	55	10	135956	136308	1616785	1616448	6.29e-67	263
Oxyura_jamaicensis::NC_048898.1:35927189-36137567()	NC_051777.1	76.613	372	62	9	135942	136308	2876815	2876464	2.20e-66	261
Oxyura_jamaicensis::NC_048898.1:35927189-36137567()	NC_051777.1	77.746	346	61	8	135965	136308	8187105	8187436	9.34e-65	256
Oxyura_jamaicensis::NC_048898.1:35927189-36137567()	NC_051777.1	84.348	230	18	3	22521	22743	37715982	37716200	9.34e-65	256
Oxyura_jamaicensis::NC_048898.1:35927189-36137567()	NC_051777.1	83.262	233	15	3	47596	47804	56751	56519	3.26e-64	253
Oxyura_jamaicensis::NC_048898.1:35927189-36137567()	NC_051777.1	94.969	159	6	1	131617	131775	37814261	37814417	1.39e-62	249
Oxyura_jamaicensis::NC_048898.1:35927189-36137567()	NC_051777.1	80.156	257	21	4	207668	207914	37881715	37881951	5.89e-61	243
Oxyura_jamaicensis::NC_048898.1:35927189-36137567()	NC_051777.1	82.917	240	30	6	136074	136308	1305961	1305728	1.07e-57	232
Oxyura_jamaicensis::NC_048898.1:35927189-36137567()	NC_051777.1	92.208	154	11	1	24331	24483	37717482	37717635	1.93e-54	221
Oxyura_jamaicensis::NC_048898.1:35927189-36137567()	NC_051777.1	77.228	303	46	9	135978	136275	2462744	2463028	8.19e-53	216
Oxyura_jamaicensis::NC_048898.1:35927189-36137567()	NC_051777.1	90.683	161	13	2	147307	147466	37825169	37825328	8.19e-53	216
Oxyura_jamaicensis::NC_048898.1:35927189-36137567()	NC_051777.1	79.675	246	30	6	136068	136308	2499654	2499884	3.48e-51	210
Oxyura_jamaicensis::NC_048898.1:35927189-36137567()	NC_051777.1	81.481	216	14	6	91968	92157	56527	56742	4.24e-50	206
Oxyura_jamaicensis::NC_048898.1:35927189-36137567()	NC_051777.1	72.853	361	92	2	135331	135688	8700062	8700419	4.24e-50	206
Oxyura_jamaicensis::NC_048898.1:35927189-36137567()	NC_051777.1	97.321	112	3	0	181715	181826	37855576	37855687	1.14e-44	189
Oxyura_jamaicensis::NC_048898.1:35927189-36137567()	NC_051777.1	92.969	128	5	2	122069	122192	37805311	37805438	1.39e-43	186
Oxyura_jamaicensis::NC_048898.1:35927189-36137567()	NC_051777.1	89.781	137	14	0	18100	18236	37710716	37710852	1.39e-43	185
Oxyura_jamaicensis::NC_048898.1:35927189-36137567()	NC_051777.1	90.370	135	12	1	174298	174432	37847910	37848043	1.69e-42	182
Oxyura_jamaicensis::NC_048898.1:35927189-36137567()	NC_051777.1	94.737	114	5	1	35145	35257	37725533	37725646	7.19e-41	176
Oxyura_jamaicensis::NC_048898.1:35927189-36137567()	NC_051777.1	85.906	149	18	2	196855	197000	56675	56527	1.07e-38	168
Oxyura_jamaicensis::NC_048898.1:35927189-36137567()	NC_051777.1	84.667	150	18	2	11897	12042	37702379	37702527	4.54e-37	163
Oxyura_jamaicensis::NC_048898.1:35927189-36137567()	NC_051777.1	92.661	109	8	0	24625	24733	37717772	37717880	1.58e-36	161
Oxyura_jamaicensis::NC_048898.1:35927189-36137567()	NC_051777.1	86.131	137	17	2	136172	136308	2141429	2141563	2.35e-34	155
Oxyura_jamaicensis::NC_048898.1:35927189-36137567()	NC_051777.1	86.131	137	17	2	136172	136308	2593466	2593332	2.35e-34	155
Oxyura_jamaicensis::NC_048898.1:35927189-36137567()	NC_051777.1	94.792	96	5	0	69617	69712	37756953	37757048	2.86e-33	151
Oxyura_jamaicensis::NC_048898.1:35927189-36137567()	NC_051777.1	66.412	524	103	16	55771	56226	25683178	25682660	1.22e-31	146
Oxyura_jamaicensis::NC_048898.1:35927189-36137567()	NC_051777.1	89.091	110	12	0	91657	91766	13185632	13185523	1.22e-31	145
Oxyura_jamaicensis::NC_048898.1:35927189-36137567()	NC_051777.1	94.444	90	5	0	27913	28002	37719624	37719713	5.18e-30	141
Oxyura_jamaicensis::NC_048898.1:35927189-36137567()	NC_051777.1	72.481	258	48	7	135942	136194	2316842	2317081	2.20e-28	135
Oxyura_jamaicensis::NC_048898.1:35927189-36137567()	NC_051777.1	86.607	112	13	1	48000	48111	13185523	13185632	7.68e-28	132
Oxyura_jamaicensis::NC_048898.1:35927189-36137567()	NC_051777.1	95.062	81	4	0	58995	59075	37745712	37745792	9.36e-27	129
Oxyura_jamaicensis::NC_048898.1:35927189-36137567()	NC_051777.1	80.620	129	22	1	135250	135378	4186237	4186362	1.69e-23	119
Oxyura_jamaicensis::NC_048898.1:35927189-36137567()	NC_051777.1	90.588	85	5	1	91657	91738	6807739	6807823	5.91e-23	116
Oxyura_jamaicensis::NC_048898.1:35927189-36137567()	NC_051777.1	94.521	73	4	0	91657	91729	10807103	10807031	2.06e-22	114
Oxyura_jamaicensis::NC_048898.1:35927189-36137567()	NC_051777.1	80.833	120	20	1	135250	135369	2292875	2292991	2.51e-21	112
Oxyura_jamaicensis::NC_048898.1:35927189-36137567()	NC_051777.1	81.513	119	12	3	197213	197325	13185523	13185637	2.51e-21	112
Oxyura_jamaicensis::NC_048898.1:35927189-36137567()	NC_051777.1	80.000	120	21	1	135250	135369	711703	711819	3.06e-20	107
Oxyura_jamaicensis::NC_048898.1:35927189-36137567()	NC_051777.1	80.870	115	19	1	135250	135364	4428265	4428154	3.06e-20	107
Oxyura_jamaicensis::NC_048898.1:35927189-36137567()	NC_051777.1	88.235	85	7	1	48030	48111	6807823	6807739	3.06e-20	107
Oxyura_jamaicensis::NC_048898.1:35927189-36137567()	NC_051777.1	81.081	111	11	2	135202	135302	560922	560812	1.07e-19	106
Oxyura_jamaicensis::NC_048898.1:35927189-36137567()	NC_051777.1	91.781	73	6	0	48039	48111	10807031	10807103	1.07e-19	105
Oxyura_jamaicensis::NC_048898.1:35927189-36137567()	NC_051777.1	89.024	82	8	1	136227	136308	2368426	2368506	3.73e-19	104
Oxyura_jamaicensis::NC_048898.1:35927189-36137567()	NC_051777.1	78.333	120	23	1	135250	135369	1169830	1169714	1.58e-17	98.7
Oxyura_jamaicensis::NC_048898.1:35927189-36137567()	NC_051777.1	84.884	86	7	1	197241	197320	6807823	6807738	1.58e-17	98.7
Oxyura_jamaicensis::NC_048898.1:35927189-36137567()	NC_051777.1	77.500	120	24	1	135250	135369	2580907	2580791	6.74e-16	94.2
Oxyura_jamaicensis::NC_048898.1:35927189-36137567()	NC_051777.1	84.444	90	12	2	47427	47514	22258086	22258175	6.74e-16	93.3
Oxyura_jamaicensis::NC_048898.1:35927189-36137567()	NC_051777.1	84.444	90	12	2	92236	92323	22258175	22258086	6.74e-16	93.3
Oxyura_jamaicensis::NC_048898.1:35927189-36137567()	NC_051777.1	87.671	73	6	1	47577	47649	1442476	1442545	8.21e-15	90.6
Oxyura_jamaicensis::NC_048898.1:35927189-36137567()	NC_051777.1	89.706	68	4	1	197253	197320	10807040	10807104	8.21e-15	90.6
Oxyura_jamaicensis::NC_048898.1:35927189-36137567()	NC_051777.1	91.071	56	5	0	92032	92087	29043609	29043664	1.48e-11	79.7
Oxyura_jamaicensis::NC_048898.1:35927189-36137567()	NC_051777.1	91.071	56	5	0	47677	47732	29043664	29043609	1.48e-11	79.7
Oxyura_jamaicensis::NC_048898.1:35927189-36137567()	NC_051777.1	92.453	53	4	0	135250	135302	1134320	1134268	1.48e-11	78.8
Oxyura_jamaicensis::NC_048898.1:35927189-36137567()	NC_051777.1	92.453	53	4	0	135250	135302	1616852	1616800	1.48e-11	78.8
Oxyura_jamaicensis::NC_048898.1:35927189-36137567()	NC_051777.1	92.453	53	4	0	91657	91709	4688910	4688962	1.48e-11	78.8
Oxyura_jamaicensis::NC_048898.1:35927189-36137567()	NC_051777.1	92.453	53	4	0	48059	48111	4688962	4688910	1.48e-11	78.8
Oxyura_jamaicensis::NC_048898.1:35927189-36137567()	NC_051777.1	100.000	43	0	0	91657	91699	17600435	17600393	1.48e-11	78.8
Oxyura_jamaicensis::NC_048898.1:35927189-36137567()	NC_051777.1	95.745	47	2	0	92051	92097	13185331	13185285	5.18e-11	77.0
Oxyura_jamaicensis::NC_048898.1:35927189-36137567()	NC_051777.1	97.727	44	1	0	135250	135293	2316789	2316832	1.81e-10	76.1
Oxyura_jamaicensis::NC_048898.1:35927189-36137567()	NC_051777.1	95.652	46	2	0	47668	47713	13185286	13185331	1.81e-10	75.2
Oxyura_jamaicensis::NC_048898.1:35927189-36137567()	NC_051777.1	100.000	41	0	0	67589	67629	37755146	37755186	1.81e-10	75.2
Oxyura_jamaicensis::NC_048898.1:35927189-36137567()	NC_051777.1	95.652	46	2	0	175339	175384	37849254	37849209	1.81e-10	75.2
Oxyura_jamaicensis::NC_048898.1:35927189-36137567()	NC_051777.1	90.566	53	5	0	135250	135302	2876868	2876816	6.31e-10	74.3
Oxyura_jamaicensis::NC_048898.1:35927189-36137567()	NC_051777.1	97.674	43	1	0	48069	48111	17600393	17600435	6.31e-10	74.3
Oxyura_jamaicensis::NC_048898.1:35927189-36137567()	NC_051777.1	97.619	42	1	0	125355	125396	37808025	37808066	2.20e-09	72.5
Oxyura_jamaicensis::NC_048898.1:35927189-36137567()	NC_051777.1	76.596	94	17	1	124314	124402	37798076	37797983	2.20e-09	71.6
Oxyura_jamaicensis::NC_048898.1:35927189-36137567()	NC_051777.1	93.478	46	3	0	97484	97529	37290314	37290359	7.69e-09	70.7
Oxyura_jamaicensis::NC_048898.1:35927189-36137567()	NC_051777.1	86.207	58	8	0	171922	171979	50555	50612	7.69e-09	69.8
Oxyura_jamaicensis::NC_048898.1:35927189-36137567()	NC_051777.1	86.207	58	8	0	134304	134361	37815800	37815857	7.69e-09	69.8
Oxyura_jamaicensis::NC_048898.1:35927189-36137567()	NC_051777.1	85.246	61	6	1	197261	197321	4688965	4688908	2.68e-08	68.9
Oxyura_jamaicensis::NC_048898.1:35927189-36137567()	NC_051777.1	74.336	113	21	3	99748	99854	28802435	28802325	2.68e-08	68.0
Oxyura_jamaicensis::NC_048898.1:35927189-36137567()	NC_051777.1	82.192	73	10	2	162474	162546	31263498	31263429	2.68e-08	68.0
Oxyura_jamaicensis::NC_048898.1:35927189-36137567()	NC_051777.1	97.436	39	1	0	2082	2120	37692985	37693023	9.37e-08	67.1
Oxyura_jamaicensis::NC_048898.1:35927189-36137567()	NC_051777.1	97.436	39	1	0	69360	69398	37756902	37756940	9.37e-08	67.1
Oxyura_jamaicensis::NC_048898.1:35927189-36137567()	NC_051777.1	89.796	49	5	0	100195	100243	37785382	37785430	9.37e-08	67.1
Oxyura_jamaicensis::NC_048898.1:35927189-36137567()	NC_051777.1	95.122	41	2	0	42834	42874	17868642	17868602	9.37e-08	66.2
Oxyura_jamaicensis::NC_048898.1:35927189-36137567()	NC_051777.1	97.368	38	1	0	91657	91694	33181113	33181076	3.27e-07	65.3
Oxyura_jamaicensis::NC_048898.1:35927189-36137567()	NC_051777.1	91.304	46	1	1	197274	197319	17600393	17600435	3.27e-07	64.4
Oxyura_jamaicensis::NC_048898.1:35927189-36137567()	NC_051777.1	95.238	42	1	1	97474	97515	19205477	19205517	3.27e-07	64.4
Oxyura_jamaicensis::NC_048898.1:35927189-36137567()	NC_051777.1	88.000	50	6	0	114730	114779	37798588	37798637	3.27e-07	64.4
Oxyura_jamaicensis::NC_048898.1:35927189-36137567()	NC_051777.1	95.000	40	2	0	191202	191241	37865797	37865836	3.27e-07	64.4
Oxyura_jamaicensis::NC_048898.1:35927189-36137567()	NC_051777.1	91.111	45	4	0	199915	199959	37874178	37874222	3.27e-07	64.4
Oxyura_jamaicensis::NC_048898.1:35927189-36137567()	NC_051777.1	84.211	57	9	0	22454	22510	31263485	31263429	1.14e-06	63.5
Oxyura_jamaicensis::NC_048898.1:35927189-36137567()	NC_051777.1	92.857	42	3	0	48074	48115	33181076	33181117	1.14e-06	63.5
Oxyura_jamaicensis::NC_048898.1:35927189-36137567()	NC_051777.1	100.000	34	0	0	97490	97523	10247897	10247864	1.14e-06	62.6
Oxyura_jamaicensis::NC_048898.1:35927189-36137567()	NC_051777.1	77.922	77	16	1	88060	88136	17609072	17609147	1.39e-05	59.9
Oxyura_jamaicensis::NC_048898.1:35927189-36137567()	NC_051777.1	89.130	46	2	1	97474	97519	29737716	29737758	1.39e-05	59.9
Oxyura_jamaicensis::NC_048898.1:35927189-36137567()	NC_051777.1	84.906	53	5	1	135202	135251	2292790	2292842	1.39e-05	59.0
Oxyura_jamaicensis::NC_048898.1:35927189-36137567()	NC_051777.1	100.000	32	0	0	97494	97525	3226144	3226175	1.39e-05	59.0
Oxyura_jamaicensis::NC_048898.1:35927189-36137567()	NC_051777.1	90.698	43	1	1	197278	197320	33181075	33181114	1.39e-05	59.0
Oxyura_jamaicensis::NC_048898.1:35927189-36137567()	NC_051777.1	100.000	32	0	0	84569	84600	37771612	37771643	1.39e-05	59.0
Oxyura_jamaicensis::NC_048898.1:35927189-36137567()	NC_051777.1	77.027	74	17	0	135807	135880	8187034	8187107	4.85e-05	58.1
Oxyura_jamaicensis::NC_048898.1:35927189-36137567()	NC_051777.1	88.636	44	5	0	47577	47620	18107448	18107405	4.85e-05	58.1
Oxyura_jamaicensis::NC_048898.1:35927189-36137567()	NC_051777.1	83.929	56	8	1	47593	47648	37871054	37871108	4.85e-05	58.1
Oxyura_jamaicensis::NC_048898.1:35927189-36137567()	NC_051777.1	79.221	77	13	3	151526	151601	17526	17600	4.85e-05	57.2
Oxyura_jamaicensis::NC_048898.1:35927189-36137567()	NC_051777.1	100.000	31	0	0	97485	97515	26554811	26554781	4.85e-05	57.2
Oxyura_jamaicensis::NC_048898.1:35927189-36137567()	NC_051777.1	90.244	41	4	0	93049	93089	32892996	32892956	4.85e-05	57.2
Oxyura_jamaicensis::NC_048898.1:35927189-36137567()	NC_051777.1	70.504	139	28	5	114772	114899	3164649	3164785	1.69e-04	56.3
Oxyura_jamaicensis::NC_048898.1:35927189-36137567()	NC_051777.1	92.105	38	3	0	205454	205491	31116208	31116171	1.69e-04	56.3
Oxyura_jamaicensis::NC_048898.1:35927189-36137567()	NC_051777.1	78.571	70	9	2	99750	99819	35314600	35314537	1.69e-04	56.3
Oxyura_jamaicensis::NC_048898.1:35927189-36137567()	NC_051777.1	92.105	38	3	0	205539	205576	37879703	37879740	1.69e-04	56.3
Oxyura_jamaicensis::NC_048898.1:35927189-36137567()	NC_051777.1	86.667	45	6	0	33337	33381	16170431	16170475	1.69e-04	55.4
Oxyura_jamaicensis::NC_048898.1:35927189-36137567()	NC_051777.1	87.234	47	5	1	35996	36042	37290316	37290361	1.69e-04	55.4
Oxyura_jamaicensis::NC_048898.1:35927189-36137567()	NC_051777.1	83.019	53	6	1	135202	135251	711618	711670	5.91e-04	54.5
Oxyura_jamaicensis::NC_048898.1:35927189-36137567()	NC_051777.1	83.019	53	6	1	135202	135251	2580992	2580940	5.91e-04	54.5
Oxyura_jamaicensis::NC_048898.1:35927189-36137567()	NC_051777.1	83.019	53	6	1	135202	135251	2876953	2876901	5.91e-04	54.5
Oxyura_jamaicensis::NC_048898.1:35927189-36137567()	NC_051777.1	83.019	53	6	1	135202	135251	4428350	4428298	5.91e-04	54.5
Oxyura_jamaicensis::NC_048898.1:35927189-36137567()	NC_051777.1	79.730	74	9	4	171862	171929	25998287	25998214	5.91e-04	54.5
Oxyura_jamaicensis::NC_048898.1:35927189-36137567()	NC_051777.1	80.702	57	11	0	6363	6419	33903392	33903448	5.91e-04	54.5
Oxyura_jamaicensis::NC_048898.1:35927189-36137567()	NC_051777.1	84.000	50	5	1	135202	135248	1616937	1616888	5.91e-04	53.6
Oxyura_jamaicensis::NC_048898.1:35927189-36137567()	NC_051777.1	89.744	39	4	0	38326	38364	32585698	32585736	5.91e-04	53.6
Oxyura_jamaicensis::NC_048898.1:35927189-36137567()	NC_051777.1	82.692	52	6	1	135202	135250	2593518	2593467	0.002	52.7
Oxyura_jamaicensis::NC_048898.1:35927189-36137567()	NC_051777.1	90.476	42	1	2	35993	36034	10247902	10247864	0.002	52.7
Oxyura_jamaicensis::NC_048898.1:35927189-36137567()	NC_051777.1	84.783	46	7	0	196873	196918	13185286	13185331	0.002	52.7
Oxyura_jamaicensis::NC_048898.1:35927189-36137567()	NC_051777.1	91.667	36	3	0	45171	45206	25998280	25998245	0.002	52.7
Oxyura_jamaicensis::NC_048898.1:35927189-36137567()	NC_051777.1	87.805	41	5	0	99750	99790	29109382	29109342	0.002	52.7
Oxyura_jamaicensis::NC_048898.1:35927189-36137567()	NC_051777.1	91.667	36	3	0	204940	204975	34338444	34338479	0.002	52.7
Oxyura_jamaicensis::NC_048898.1:35927189-36137567()	NC_051777.1	84.783	46	7	0	199658	199703	34750399	34750354	0.002	52.7
Oxyura_jamaicensis::NC_048898.1:35927189-36137567()	NC_051777.1	81.132	53	10	0	144126	144178	3496381	3496329	0.002	51.8
Oxyura_jamaicensis::NC_048898.1:35927189-36137567()	NC_051777.1	88.095	42	3	1	104222	104263	10752252	10752213	0.002	51.8
Oxyura_jamaicensis::NC_048898.1:35927189-36137567()	NC_051777.1	86.047	43	6	0	109264	109306	15263630	15263588	0.002	51.8
Oxyura_jamaicensis::NC_048898.1:35927189-36137567()	NC_051777.1	89.474	38	4	0	205453	205490	31151296	31151259	0.002	51.8
Oxyura_jamaicensis::NC_048898.1:35927189-36137567()	NC_051777.1	75.949	79	16	2	38185	38263	34774243	34774318	0.002	51.8
Oxyura_jamaicensis::NC_048898.1:35927189-36137567()	NC_051777.1	100.000	28	0	0	88746	88773	37775839	37775866	0.002	51.8
Oxyura_jamaicensis::NC_048898.1:35927189-36137567()	NC_051777.1	87.500	40	5	0	99748	99787	4698011	4698050	0.007	50.9
Oxyura_jamaicensis::NC_048898.1:35927189-36137567()	NC_051777.1	80.702	57	5	2	125412	125468	6822069	6822019	0.007	50.9
Oxyura_jamaicensis::NC_048898.1:35927189-36137567()	NC_051777.1	91.429	35	3	0	92331	92365	15263596	15263630	0.007	50.9
Oxyura_jamaicensis::NC_048898.1:35927189-36137567()	NC_051777.1	91.429	35	3	0	113138	113172	16151241	16151207	0.007	50.9
Oxyura_jamaicensis::NC_048898.1:35927189-36137567()	NC_051777.1	82.456	57	4	3	45155	45209	22970530	22970582	0.007	50.9
Oxyura_jamaicensis::NC_048898.1:35927189-36137567()	NC_051777.1	84.444	45	7	0	22476	22520	32462834	32462790	0.007	50.9
Oxyura_jamaicensis::NC_048898.1:35927189-36137567()	NC_051777.1	87.500	40	5	0	162510	162549	32462836	32462797	0.007	50.9
Oxyura_jamaicensis::NC_048898.1:35927189-36137567()	NC_051777.1	72.340	94	14	3	22425	22517	33937735	33937653	0.007	50.9
Oxyura_jamaicensis::NC_048898.1:35927189-36137567()	NC_051777.1	85.714	42	6	0	147581	147622	586889	586930	0.007	50.0
Oxyura_jamaicensis::NC_048898.1:35927189-36137567()	NC_051777.1	94.118	34	1	1	125409	125442	667390	667422	0.007	50.0
Oxyura_jamaicensis::NC_048898.1:35927189-36137567()	NC_051777.1	85.714	42	6	0	86459	86500	2381288	2381247	0.007	50.0
Oxyura_jamaicensis::NC_048898.1:35927189-36137567()	NC_051777.1	76.087	92	17	5	185874	185962	21528828	21528739	0.007	50.0
Oxyura_jamaicensis::NC_048898.1:35927189-36137567()	NC_051777.1	85.714	42	6	0	35992	36033	22970582	22970541	0.007	50.0
Oxyura_jamaicensis::NC_048898.1:35927189-36137567()	NC_051777.1	89.189	37	4	0	125407	125443	22970577	22970541	0.007	50.0
Oxyura_jamaicensis::NC_048898.1:35927189-36137567()	NC_051777.1	100.000	27	0	0	47550	47576	29814879	29814905	0.007	50.0
Oxyura_jamaicensis::NC_048898.1:35927189-36137567()	NC_051777.1	71.579	95	23	1	14179	14273	37006051	37005961	0.007	50.0
Oxyura_jamaicensis::NC_048898.1:35927189-36137567()	NC_051777.1	100.000	27	0	0	97500	97526	37189640	37189666	0.007	50.0
Oxyura_jamaicensis::NC_048898.1:35927189-36137567()	NC_051777.1	86.047	43	4	1	35997	36037	664469	664511	0.025	49.1
Oxyura_jamaicensis::NC_048898.1:35927189-36137567()	NC_051777.1	86.667	45	3	2	36004	36046	3226144	3226187	0.025	49.1
Oxyura_jamaicensis::NC_048898.1:35927189-36137567()	NC_051777.1	87.179	39	5	0	81836	81874	6618765	6618727	0.025	49.1
Oxyura_jamaicensis::NC_048898.1:35927189-36137567()	NC_051777.1	84.091	44	7	0	4759	4802	13667178	13667221	0.025	49.1
Oxyura_jamaicensis::NC_048898.1:35927189-36137567()	NC_051777.1	96.552	29	1	0	174039	174067	14762171	14762143	0.025	49.1
Oxyura_jamaicensis::NC_048898.1:35927189-36137567()	NC_051777.1	96.552	29	1	0	97315	97343	14762171	14762143	0.025	49.1
Oxyura_jamaicensis::NC_048898.1:35927189-36137567()	NC_051777.1	87.179	39	5	0	191156	191194	16151204	16151242	0.025	49.1
Oxyura_jamaicensis::NC_048898.1:35927189-36137567()	NC_051777.1	77.419	62	10	1	56822	56879	25682397	25682336	0.025	49.1
Oxyura_jamaicensis::NC_048898.1:35927189-36137567()	NC_051777.1	81.633	49	9	0	204726	204774	26297291	26297243	0.025	49.1
Oxyura_jamaicensis::NC_048898.1:35927189-36137567()	NC_051777.1	82.353	51	8	1	196951	197000	29043989	29044039	0.025	49.1
Oxyura_jamaicensis::NC_048898.1:35927189-36137567()	NC_051777.1	82.000	50	6	1	125412	125461	29344509	29344555	0.025	49.1
Oxyura_jamaicensis::NC_048898.1:35927189-36137567()	NC_051777.1	96.552	29	1	0	45171	45199	29344537	29344509	0.025	49.1
Oxyura_jamaicensis::NC_048898.1:35927189-36137567()	NC_051777.1	89.474	38	3	1	99755	99792	2237187	2237151	0.025	48.2
Oxyura_jamaicensis::NC_048898.1:35927189-36137567()	NC_051777.1	82.609	46	8	0	125397	125442	4698051	4698006	0.025	48.2
Oxyura_jamaicensis::NC_048898.1:35927189-36137567()	NC_051777.1	93.548	31	2	0	110690	110720	10081909	10081879	0.025	48.2
Oxyura_jamaicensis::NC_048898.1:35927189-36137567()	NC_051777.1	88.095	42	2	2	174208	174249	10247902	10247864	0.025	48.2
Oxyura_jamaicensis::NC_048898.1:35927189-36137567()	NC_051777.1	88.095	42	2	2	100243	100284	10247864	10247902	0.025	48.2
Oxyura_jamaicensis::NC_048898.1:35927189-36137567()	NC_051777.1	88.889	36	4	0	126699	126734	22970582	22970547	0.025	48.2
Oxyura_jamaicensis::NC_048898.1:35927189-36137567()	NC_051777.1	93.548	31	2	0	146063	146093	24127224	24127194	0.025	48.2
Oxyura_jamaicensis::NC_048898.1:35927189-36137567()	NC_051777.1	93.548	31	2	0	99748	99778	25998277	25998247	0.025	48.2
Oxyura_jamaicensis::NC_048898.1:35927189-36137567()	NC_051777.1	93.548	31	2	0	125407	125437	25998247	25998277	0.025	48.2
Oxyura_jamaicensis::NC_048898.1:35927189-36137567()	NC_051777.1	83.333	48	7	1	126686	126732	29109335	29109382	0.025	48.2
Oxyura_jamaicensis::NC_048898.1:35927189-36137567()	NC_051777.1	93.548	31	2	0	45172	45202	37535421	37535391	0.025	48.2
Oxyura_jamaicensis::NC_048898.1:35927189-36137567()	NC_051777.1	86.047	43	5	1	174147	174188	37540001	37540043	0.025	48.2
Oxyura_jamaicensis::NC_048898.1:35927189-36137567()	NC_051777.1	100.000	26	0	0	59249	59274	37745794	37745819	0.025	48.2
