Parus_major::NC_031775.1:34131510-34316931()	NC_051777.1	78.485	2826	458	49	19800	22520	37687872	37690652	0.0	2276
Parus_major::NC_031775.1:34131510-34316931()	NC_051777.1	85.772	1230	114	15	24757	25954	37693107	37694307	0.0	1417
Parus_major::NC_031775.1:34131510-34316931()	NC_051777.1	70.531	2864	604	68	5039	7727	37666239	37669037	0.0	1300
Parus_major::NC_031775.1:34131510-34316931()	NC_051777.1	70.559	2809	611	64	123194	125876	37817919	37820637	0.0	1280
Parus_major::NC_031775.1:34131510-34316931()	NC_051777.1	75.399	1878	360	37	15481	17281	37683537	37685389	0.0	1230
Parus_major::NC_031775.1:34131510-34316931()	NC_051777.1	88.303	872	68	8	23702	24561	37692063	37692912	0.0	1108
Parus_major::NC_031775.1:34131510-34316931()	NC_051777.1	72.908	1960	390	40	157682	159534	37856214	37858139	0.0	1088
Parus_major::NC_031775.1:34131510-34316931()	NC_051777.1	68.884	2465	483	53	141015	143313	37839041	37841387	0.0	1005
Parus_major::NC_031775.1:34131510-34316931()	NC_051777.1	69.978	2295	435	60	9645	11773	37678145	37680351	0.0	992
Parus_major::NC_031775.1:34131510-34316931()	NC_051777.1	69.756	2255	451	59	74977	77092	37771706	37773868	0.0	935
Parus_major::NC_031775.1:34131510-34316931()	NC_051777.1	76.697	1193	197	19	176222	177380	37879742	37880887	0.0	912
Parus_major::NC_031775.1:34131510-34316931()	NC_051777.1	74.811	1326	264	20	12183	13450	37680782	37682095	0.0	859
Parus_major::NC_031775.1:34131510-34316931()	NC_051777.1	80.704	881	94	15	27530	28336	37696403	37697281	0.0	824
Parus_major::NC_031775.1:34131510-34316931()	NC_051777.1	73.438	1344	250	22	43233	44502	37731127	37732437	0.0	812
Parus_major::NC_031775.1:34131510-34316931()	NC_051777.1	68.551	2194	446	58	105952	108057	37803220	37805257	0.0	805
Parus_major::NC_031775.1:34131510-34316931()	NC_051777.1	67.323	2439	600	57	88763	91121	37787888	37790209	0.0	778
Parus_major::NC_031775.1:34131510-34316931()	NC_051777.1	72.330	1395	303	18	45470	46821	37733484	37734838	0.0	770
Parus_major::NC_031775.1:34131510-34316931()	NC_051777.1	87.167	639	69	7	29399	30028	37698458	37699092	0.0	764
Parus_major::NC_031775.1:34131510-34316931()	NC_051777.1	75.725	1104	199	22	94741	95797	37793567	37794648	0.0	746
Parus_major::NC_031775.1:34131510-34316931()	NC_051777.1	76.164	1074	180	25	58557	59600	37750088	37751115	0.0	739
Parus_major::NC_031775.1:34131510-34316931()	NC_051777.1	84.219	621	68	9	54838	55454	37747651	37748245	0.0	665
Parus_major::NC_031775.1:34131510-34316931()	NC_051777.1	82.424	660	93	6	163213	163866	37863473	37864115	0.0	662
Parus_major::NC_031775.1:34131510-34316931()	NC_051777.1	67.671	2057	458	56	81855	83820	37780576	37782516	0.0	646
Parus_major::NC_031775.1:34131510-34316931()	NC_051777.1	77.660	752	122	9	48594	49309	37735303	37736044	1.69e-168	600
Parus_major::NC_031775.1:34131510-34316931()	NC_051777.1	70.062	1453	303	41	35218	36605	37705657	37707042	7.18e-167	594
Parus_major::NC_031775.1:34131510-34316931()	NC_051777.1	70.773	1307	312	29	79913	81179	37778192	37779468	1.07e-164	588
Parus_major::NC_031775.1:34131510-34316931()	NC_051777.1	73.634	952	198	20	890	1798	37663059	37664000	3.49e-158	566
Parus_major::NC_031775.1:34131510-34316931()	NC_051777.1	67.512	1736	381	43	61334	62954	37757434	37759101	1.48e-156	560
Parus_major::NC_031775.1:34131510-34316931()	NC_051777.1	77.712	673	112	12	164875	165522	37866542	37867201	4.54e-144	518
Parus_major::NC_031775.1:34131510-34316931()	NC_051777.1	75.267	748	133	11	137841	138555	37834963	37835691	1.93e-142	513
Parus_major::NC_031775.1:34131510-34316931()	NC_051777.1	69.619	1208	282	23	166267	167416	37869008	37870188	8.20e-141	508
Parus_major::NC_031775.1:34131510-34316931()	NC_051777.1	73.815	802	171	8	170633	171417	37872025	37872804	4.25e-138	499
Parus_major::NC_031775.1:34131510-34316931()	NC_051777.1	73.558	832	182	11	99765	100560	37797723	37798552	1.81e-136	494
Parus_major::NC_031775.1:34131510-34316931()	NC_051777.1	75.069	726	125	12	13562	14239	37682334	37683051	2.20e-135	490
Parus_major::NC_031775.1:34131510-34316931()	NC_051777.1	73.045	831	176	11	139189	139987	37837140	37837954	3.27e-133	483
Parus_major::NC_031775.1:34131510-34316931()	NC_051777.1	71.444	928	201	20	104771	105669	37801987	37802879	2.51e-128	466
Parus_major::NC_031775.1:34131510-34316931()	NC_051777.1	71.652	896	212	11	145997	146878	37844101	37844968	3.73e-126	460
Parus_major::NC_031775.1:34131510-34316931()	NC_051777.1	72.197	892	199	18	181674	182551	37885002	37885858	1.59e-124	454
Parus_major::NC_031775.1:34131510-34316931()	NC_051777.1	68.123	1396	318	39	78278	79572	37776034	37777403	1.93e-123	451
Parus_major::NC_031775.1:34131510-34316931()	NC_051777.1	67.434	1216	243	28	98015	99102	37795656	37796846	3.49e-120	440
Parus_major::NC_031775.1:34131510-34316931()	NC_051777.1	77.562	566	117	5	116113	116678	37812578	37813133	4.25e-119	435
Parus_major::NC_031775.1:34131510-34316931()	NC_051777.1	73.803	710	124	16	161394	162069	37860583	37861264	2.20e-116	426
Parus_major::NC_031775.1:34131510-34316931()	NC_051777.1	66.131	1618	358	45	3146	4646	37664685	37666229	9.37e-115	421
Parus_major::NC_031775.1:34131510-34316931()	NC_051777.1	71.848	817	154	19	87408	88188	37786714	37787490	3.27e-114	420
Parus_major::NC_031775.1:34131510-34316931()	NC_051777.1	72.715	766	156	16	84813	85555	37783872	37784607	3.98e-113	416
Parus_major::NC_031775.1:34131510-34316931()	NC_051777.1	75.000	640	129	11	51657	52277	37740596	37741223	4.85e-112	412
Parus_major::NC_031775.1:34131510-34316931()	NC_051777.1	67.253	1307	257	38	65366	66544	37761669	37762932	1.69e-111	411
Parus_major::NC_031775.1:34131510-34316931()	NC_051777.1	75.418	598	120	8	92444	93031	37791205	37791785	7.20e-110	405
Parus_major::NC_031775.1:34131510-34316931()	NC_051777.1	78.750	480	84	6	173644	174111	37876734	37877207	3.73e-107	396
Parus_major::NC_031775.1:34131510-34316931()	NC_051777.1	76.937	555	109	11	94043	94585	37792658	37793205	4.55e-106	392
Parus_major::NC_031775.1:34131510-34316931()	NC_051777.1	74.689	644	126	16	110663	111283	37808343	37808972	5.54e-105	389
Parus_major::NC_031775.1:34131510-34316931()	NC_051777.1	79.531	469	73	11	173057	173515	37875497	37875952	6.75e-104	385
Parus_major::NC_031775.1:34131510-34316931()	NC_051777.1	75.223	561	116	6	49886	50430	37736240	37736793	2.87e-102	379
Parus_major::NC_031775.1:34131510-34316931()	NC_051777.1	74.237	590	116	9	119695	120254	37815120	37815703	1.49e-99	371
Parus_major::NC_031775.1:34131510-34316931()	NC_051777.1	75.132	567	121	9	126611	127160	37823967	37824530	6.32e-98	365
Parus_major::NC_031775.1:34131510-34316931()	NC_051777.1	86.577	298	39	1	179621	179917	37882809	37883106	1.14e-94	354
Parus_major::NC_031775.1:34131510-34316931()	NC_051777.1	67.333	1001	192	23	66752	67727	37763779	37764669	4.86e-93	350
Parus_major::NC_031775.1:34131510-34316931()	NC_051777.1	70.225	843	178	24	149329	150158	37849517	37850299	1.70e-92	347
Parus_major::NC_031775.1:34131510-34316931()	NC_051777.1	72.436	624	137	14	71195	71796	37768697	37769307	8.23e-84	319
Parus_major::NC_031775.1:34131510-34316931()	NC_051777.1	72.648	574	113	11	136487	137025	37834186	37834750	8.23e-84	318
Parus_major::NC_031775.1:34131510-34316931()	NC_051777.1	67.816	870	205	18	108564	109387	37805727	37806567	3.50e-82	313
Parus_major::NC_031775.1:34131510-34316931()	NC_051777.1	83.224	304	49	2	118396	118698	37814673	37814975	1.22e-81	312
Parus_major::NC_031775.1:34131510-34316931()	NC_051777.1	71.659	621	127	14	81251	81830	37779816	37780428	1.49e-80	308
Parus_major::NC_031775.1:34131510-34316931()	NC_051777.1	68.051	867	162	25	129582	130398	37827340	37828141	5.19e-80	306
Parus_major::NC_031775.1:34131510-34316931()	NC_051777.1	70.988	648	142	14	50475	51115	37738667	37739275	2.21e-78	300
Parus_major::NC_031775.1:34131510-34316931()	NC_051777.1	68.607	876	196	25	96981	97810	37794795	37795637	7.70e-78	299
Parus_major::NC_031775.1:34131510-34316931()	NC_051777.1	73.849	478	116	4	134953	135421	37832772	37833249	3.99e-75	289
Parus_major::NC_031775.1:34131510-34316931()	NC_051777.1	77.898	371	76	4	180452	180819	37884049	37884416	1.39e-74	288
Parus_major::NC_031775.1:34131510-34316931()	NC_051777.1	75.174	431	79	8	42349	42776	37714376	37714781	1.70e-73	285
Parus_major::NC_031775.1:34131510-34316931()	NC_051777.1	75.802	405	81	6	17723	18113	37685675	37686076	2.52e-71	278
Parus_major::NC_031775.1:34131510-34316931()	NC_051777.1	75.176	427	73	10	86649	87047	37786244	37786665	2.52e-71	278
Parus_major::NC_031775.1:34131510-34316931()	NC_051777.1	71.886	562	131	11	44726	45273	37732709	37733257	2.52e-71	277
Parus_major::NC_031775.1:34131510-34316931()	NC_051777.1	65.719	1126	252	30	63493	64547	37759536	37760598	2.52e-71	277
Parus_major::NC_031775.1:34131510-34316931()	NC_051777.1	88.679	212	21	1	29005	29213	37697986	37698197	3.07e-70	273
Parus_major::NC_031775.1:34131510-34316931()	NC_051777.1	68.327	843	180	28	159638	160446	37858305	37859094	3.74e-69	269
Parus_major::NC_031775.1:34131510-34316931()	NC_051777.1	71.349	541	105	13	18971	19467	37686931	37687465	1.59e-67	264
Parus_major::NC_031775.1:34131510-34316931()	NC_051777.1	75.584	385	79	5	165570	165941	37867466	37867848	5.55e-67	262
Parus_major::NC_031775.1:34131510-34316931()	NC_051777.1	66.848	920	201	26	72335	73201	37769858	37770726	1.94e-66	261
Parus_major::NC_031775.1:34131510-34316931()	NC_051777.1	72.037	540	113	15	73316	73844	37770844	37771356	1.94e-66	260
Parus_major::NC_031775.1:34131510-34316931()	NC_051777.1	69.760	668	145	20	22635	23268	37690825	37691469	8.23e-65	256
Parus_major::NC_031775.1:34131510-34316931()	NC_051777.1	73.378	447	96	8	56254	56682	37748416	37748857	8.23e-65	255
Parus_major::NC_031775.1:34131510-34316931()	NC_051777.1	76.393	377	71	9	57409	57775	37748882	37749250	8.23e-65	255
Parus_major::NC_031775.1:34131510-34316931()	NC_051777.1	80.000	280	51	1	77739	78013	37775503	37775782	2.87e-64	253
Parus_major::NC_031775.1:34131510-34316931()	NC_051777.1	70.217	554	119	10	140447	140963	37838383	37838927	1.00e-63	252
Parus_major::NC_031775.1:34131510-34316931()	NC_051777.1	76.923	351	60	8	18282	18618	37686250	37686593	1.00e-63	251
Parus_major::NC_031775.1:34131510-34316931()	NC_051777.1	87.755	196	24	0	167553	167748	37870242	37870437	4.26e-62	246
Parus_major::NC_031775.1:34131510-34316931()	NC_051777.1	75.637	353	84	2	162791	163142	37862959	37863310	5.20e-61	242
Parus_major::NC_031775.1:34131510-34316931()	NC_051777.1	78.521	284	52	2	102030	102307	37800023	37800303	2.21e-59	237
Parus_major::NC_031775.1:34131510-34316931()	NC_051777.1	63.087	2002	441	73	39861	41748	37710977	37712794	7.71e-59	236
Parus_major::NC_031775.1:34131510-34316931()	NC_051777.1	68.040	801	157	32	145157	145889	37842811	37843580	7.71e-59	236
Parus_major::NC_031775.1:34131510-34316931()	NC_051777.1	69.336	587	147	10	69745	70317	37766899	37767466	9.39e-58	233
Parus_major::NC_031775.1:34131510-34316931()	NC_051777.1	77.124	306	52	5	115031	115321	37811177	37811479	3.28e-57	231
Parus_major::NC_031775.1:34131510-34316931()	NC_051777.1	76.048	334	76	4	111757	112088	37809457	37809788	1.14e-56	228
Parus_major::NC_031775.1:34131510-34316931()	NC_051777.1	66.628	869	209	24	150937	151789	37851813	37852616	1.39e-55	225
Parus_major::NC_031775.1:34131510-34316931()	NC_051777.1	79.562	274	41	7	7894	8155	37669198	37669468	1.39e-55	224
Parus_major::NC_031775.1:34131510-34316931()	NC_051777.1	70.463	518	122	11	68622	69122	37765815	37766318	4.87e-55	224
Parus_major::NC_031775.1:34131510-34316931()	NC_051777.1	66.087	920	212	27	155798	156671	37854576	37855441	1.70e-54	222
Parus_major::NC_031775.1:34131510-34316931()	NC_051777.1	68.111	646	149	16	128298	128896	37826512	37827147	7.22e-53	216
Parus_major::NC_031775.1:34131510-34316931()	NC_051777.1	79.377	257	40	5	84100	84355	37782876	37783120	2.52e-52	214
Parus_major::NC_031775.1:34131510-34316931()	NC_051777.1	77.003	287	47	8	60459	60742	37756658	37756928	1.59e-48	202
Parus_major::NC_031775.1:34131510-34316931()	NC_051777.1	65.056	890	199	23	121701	122574	37816557	37817350	1.59e-48	201
Parus_major::NC_031775.1:34131510-34316931()	NC_051777.1	65.102	1513	358	67	147063	148502	37845241	37846656	5.55e-48	200
Parus_major::NC_031775.1:34131510-34316931()	NC_051777.1	68.728	566	138	13	150345	150878	37850537	37851095	5.55e-48	200
Parus_major::NC_031775.1:34131510-34316931()	NC_051777.1	68.440	545	125	12	53770	54282	37746551	37747080	6.76e-47	196
Parus_major::NC_031775.1:34131510-34316931()	NC_051777.1	84.706	170	26	0	131332	131501	37828942	37829111	2.88e-45	190
Parus_major::NC_031775.1:34131510-34316931()	NC_051777.1	76.680	253	39	5	77349	77586	37774153	37774400	3.50e-44	187
Parus_major::NC_031775.1:34131510-34316931()	NC_051777.1	74.247	299	59	6	122815	123107	37817396	37817682	1.49e-42	182
Parus_major::NC_031775.1:34131510-34316931()	NC_051777.1	75.984	254	44	7	154978	155227	37853556	37853796	3.28e-38	168
Parus_major::NC_031775.1:34131510-34316931()	NC_051777.1	72.080	351	61	13	37809	38154	37707736	37708054	3.28e-38	167
Parus_major::NC_031775.1:34131510-34316931()	NC_051777.1	85.915	142	20	0	103910	104051	37801490	37801631	3.28e-38	167
Parus_major::NC_031775.1:34131510-34316931()	NC_051777.1	87.313	134	17	0	1939	2072	37664228	37664361	1.15e-37	166
Parus_major::NC_031775.1:34131510-34316931()	NC_051777.1	76.190	252	48	7	12	259	37661301	37661544	4.00e-37	164
Parus_major::NC_031775.1:34131510-34316931()	NC_051777.1	82.911	158	27	0	172471	172628	37875336	37875493	4.00e-37	164
Parus_major::NC_031775.1:34131510-34316931()	NC_051777.1	68.031	635	148	26	57777	58401	37749392	37749981	4.00e-37	163
Parus_major::NC_031775.1:34131510-34316931()	NC_051777.1	67.181	518	96	16	143542	144013	37841518	37842007	4.00e-37	163
Parus_major::NC_031775.1:34131510-34316931()	NC_051777.1	78.199	211	40	4	127277	127482	37824654	37824863	1.40e-36	161
Parus_major::NC_031775.1:34131510-34316931()	NC_051777.1	68.386	446	102	10	125957	126368	37820724	37821164	4.87e-36	159
Parus_major::NC_031775.1:34131510-34316931()	NC_051777.1	68.828	401	85	10	8735	9098	37677099	37677496	2.52e-33	151
Parus_major::NC_031775.1:34131510-34316931()	NC_051777.1	66.787	554	137	14	31367	31904	37700088	37700610	8.81e-33	150
Parus_major::NC_031775.1:34131510-34316931()	NC_051777.1	69.681	376	97	9	164247	164612	37866119	37866487	4.56e-30	140
Parus_major::NC_031775.1:34131510-34316931()	NC_051777.1	72.807	228	50	4	39456	39678	37709626	37709846	1.00e-25	125
Parus_major::NC_031775.1:34131510-34316931()	NC_051777.1	68.233	447	93	19	160492	160909	37859331	37859757	1.00e-25	125
Parus_major::NC_031775.1:34131510-34316931()	NC_051777.1	76.879	173	29	4	113130	113293	37810024	37810194	3.51e-25	124
Parus_major::NC_031775.1:34131510-34316931()	NC_051777.1	72.727	209	45	3	130731	130934	37828471	37828672	1.49e-23	118
Parus_major::NC_031775.1:34131510-34316931()	NC_051777.1	77.931	145	22	2	144009	144153	37842295	37842429	1.49e-23	118
Parus_major::NC_031775.1:34131510-34316931()	NC_051777.1	67.869	305	84	8	138813	139112	37836708	37837003	5.20e-23	117
Parus_major::NC_031775.1:34131510-34316931()	NC_051777.1	63.284	670	137	19	174418	175041	37877636	37878242	6.34e-22	113
Parus_major::NC_031775.1:34131510-34316931()	NC_051777.1	65.770	409	98	8	64886	65273	37760973	37761360	7.72e-21	109
Parus_major::NC_031775.1:34131510-34316931()	NC_051777.1	67.791	326	72	8	67921	68218	37764755	37765075	7.72e-21	109
Parus_major::NC_031775.1:34131510-34316931()	NC_051777.1	70.248	242	64	3	53037	53271	37745794	37746034	9.41e-20	106
Parus_major::NC_031775.1:34131510-34316931()	NC_051777.1	69.455	275	57	8	171586	171836	37874374	37874645	9.41e-20	106
Parus_major::NC_031775.1:34131510-34316931()	NC_051777.1	77.778	144	26	4	70976	71118	37768396	37768534	3.28e-19	104
Parus_major::NC_031775.1:34131510-34316931()	NC_051777.1	71.681	226	42	8	175335	175554	37878577	37878786	3.28e-19	104
Parus_major::NC_031775.1:34131510-34316931()	NC_051777.1	80.342	117	19	3	108314	108426	37805316	37805432	1.40e-17	98.7
Parus_major::NC_031775.1:34131510-34316931()	NC_051777.1	75.862	145	29	3	23406	23544	37691712	37691856	4.87e-17	96.9
Parus_major::NC_031775.1:34131510-34316931()	NC_051777.1	70.796	226	56	6	115512	115731	37811634	37811855	5.94e-16	93.3
Parus_major::NC_031775.1:34131510-34316931()	NC_051777.1	72.131	183	40	5	92150	92321	37790839	37791021	2.53e-14	88.7
Parus_major::NC_031775.1:34131510-34316931()	NC_051777.1	71.090	211	42	8	606	804	37661928	37662131	2.53e-14	87.8
Parus_major::NC_031775.1:34131510-34316931()	NC_051777.1	79.000	100	21	0	34329	34428	37702821	37702920	8.81e-14	86.9
Parus_major::NC_031775.1:34131510-34316931()	NC_051777.1	71.512	172	39	3	131069	131235	37828742	37828908	8.81e-14	86.0
Parus_major::NC_031775.1:34131510-34316931()	NC_051777.1	68.619	239	59	5	179927	180163	37883652	37883876	8.81e-14	86.0
Parus_major::NC_031775.1:34131510-34316931()	NC_051777.1	76.033	121	28	1	148546	148666	37847568	37847687	3.08e-13	85.1
Parus_major::NC_031775.1:34131510-34316931()	NC_051777.1	65.607	346	74	10	54294	54609	37747207	37747537	3.08e-13	84.2
Parus_major::NC_031775.1:34131510-34316931()	NC_051777.1	66.781	292	60	9	59985	60266	37756079	37756343	1.07e-12	83.3
Parus_major::NC_031775.1:34131510-34316931()	NC_051777.1	86.567	67	9	0	52786	52852	37745727	37745793	3.75e-12	81.5
Parus_major::NC_031775.1:34131510-34316931()	NC_051777.1	74.615	130	29	2	152055	152184	37852816	37852941	3.75e-12	81.5
Parus_major::NC_031775.1:34131510-34316931()	NC_051777.1	67.729	251	61	6	103589	103832	37801116	37801353	1.31e-11	79.7
Parus_major::NC_031775.1:34131510-34316931()	NC_051777.1	76.068	117	21	3	39726	39841	37710738	37710848	1.31e-11	78.8
Parus_major::NC_031775.1:34131510-34316931()	NC_051777.1	76.190	105	25	0	102387	102491	37800416	37800520	4.57e-11	77.9
Parus_major::NC_031775.1:34131510-34316931()	NC_051777.1	72.785	158	29	6	117160	117304	37814262	37814418	4.57e-11	77.9
Parus_major::NC_031775.1:34131510-34316931()	NC_051777.1	81.250	80	15	0	154250	154329	37853437	37853516	4.57e-11	77.9
Parus_major::NC_031775.1:34131510-34316931()	NC_051777.1	75.000	128	29	3	34471	34596	37703034	37703160	4.57e-11	77.0
Parus_major::NC_031775.1:34131510-34316931()	NC_051777.1	63.020	457	138	9	152280	152729	37852957	37853389	4.57e-11	77.0
Parus_major::NC_031775.1:34131510-34316931()	NC_051777.1	65.217	322	64	10	70327	70622	37767551	37767850	1.59e-10	75.2
Parus_major::NC_031775.1:34131510-34316931()	NC_051777.1	78.125	96	18	2	129004	129096	37827193	37827288	5.56e-10	73.4
Parus_major::NC_031775.1:34131510-34316931()	NC_051777.1	100.000	39	0	0	24635	24673	37692985	37693023	1.94e-09	71.6
Parus_major::NC_031775.1:34131510-34316931()	NC_051777.1	66.667	285	57	11	28628	28897	37697593	37697854	1.94e-09	71.6
Parus_major::NC_031775.1:34131510-34316931()	NC_051777.1	70.732	164	38	4	79675	79837	37778001	37778155	1.94e-09	71.6
Parus_major::NC_031775.1:34131510-34316931()	NC_051777.1	72.093	129	36	0	131585	131713	37829398	37829526	1.94e-09	71.6
Parus_major::NC_031775.1:34131510-34316931()	NC_051777.1	72.932	133	31	3	118251	118380	37814462	37814592	6.78e-09	69.8
Parus_major::NC_031775.1:34131510-34316931()	NC_051777.1	68.041	194	39	5	177438	177608	37880939	37881132	6.78e-09	69.8
Parus_major::NC_031775.1:34131510-34316931()	NC_051777.1	74.138	116	27	2	39019	39133	37708921	37709034	2.37e-08	68.9
Parus_major::NC_031775.1:34131510-34316931()	NC_051777.1	73.636	110	24	1	172118	172222	37874957	37875066	2.37e-08	68.9
Parus_major::NC_031775.1:34131510-34316931()	NC_051777.1	69.312	189	47	5	86317	86501	37785814	37785995	2.37e-08	68.0
Parus_major::NC_031775.1:34131510-34316931()	NC_051777.1	74.016	127	20	6	60943	61067	37756946	37757061	8.25e-08	66.2
Parus_major::NC_031775.1:34131510-34316931()	NC_051777.1	83.607	61	10	0	103205	103265	37801041	37801101	8.25e-08	66.2
Parus_major::NC_031775.1:34131510-34316931()	NC_051777.1	70.139	144	26	4	38649	38784	37708330	37708464	2.88e-07	64.4
Parus_major::NC_031775.1:34131510-34316931()	NC_051777.1	70.303	165	34	6	60296	60446	37756432	37756595	2.88e-07	64.4
Parus_major::NC_031775.1:34131510-34316931()	NC_051777.1	73.729	118	23	4	69336	69452	37766515	37766625	1.01e-06	63.5
Parus_major::NC_031775.1:34131510-34316931()	NC_051777.1	72.269	119	29	2	19616	19731	37687668	37687785	3.51e-06	61.7
Parus_major::NC_031775.1:34131510-34316931()	NC_051777.1	69.091	165	34	5	34722	34880	37703298	37703451	3.51e-06	61.7
Parus_major::NC_031775.1:34131510-34316931()	NC_051777.1	73.267	101	27	0	156769	156869	37855576	37855676	3.51e-06	61.7
Parus_major::NC_031775.1:34131510-34316931()	NC_051777.1	76.136	88	16	2	136206	136288	37833906	37833993	3.51e-06	60.8
Parus_major::NC_031775.1:34131510-34316931()	NC_051777.1	78.378	74	14	1	69484	69557	37766687	37766758	1.23e-05	59.9
Parus_major::NC_031775.1:34131510-34316931()	NC_051777.1	67.978	178	55	2	86036	86212	37785490	37785666	4.28e-05	58.1
Parus_major::NC_031775.1:34131510-34316931()	NC_051777.1	75.824	91	18	3	38290	38379	37708100	37708187	1.49e-04	56.3
Parus_major::NC_031775.1:34131510-34316931()	NC_051777.1	68.874	151	44	2	72066	72213	37769663	37769813	1.49e-04	55.4
Parus_major::NC_031775.1:34131510-34316931()	NC_051777.1	75.281	89	15	3	91443	91526	37790720	37790806	1.49e-04	55.4
Parus_major::NC_031775.1:34131510-34316931()	NC_051777.1	68.750	144	43	1	116990	117133	37814068	37814209	1.49e-04	55.4
Parus_major::NC_031775.1:34131510-34316931()	NC_051777.1	88.095	42	5	0	88382	88423	35907975	35907934	5.21e-04	54.5
Parus_major::NC_031775.1:34131510-34316931()	NC_051777.1	83.636	55	7	2	9142	9195	37677504	37677557	0.002	52.7
Parus_major::NC_031775.1:34131510-34316931()	NC_051777.1	86.667	45	5	1	63423	63467	37759426	37759469	0.002	51.8
Parus_major::NC_031775.1:34131510-34316931()	NC_051777.1	85.714	42	6	0	168425	168466	30310247	30310206	0.006	50.0
Parus_major::NC_031775.1:34131510-34316931()	NC_051777.1	83.673	49	7	1	48526	48573	37735192	37735240	0.006	50.0
Parus_major::NC_031775.1:34131510-34316931()	NC_051777.1	91.176	34	3	0	77170	77203	37023585	37023552	0.022	49.1
Parus_major::NC_031775.1:34131510-34316931()	NC_051777.1	81.034	58	9	2	51385	51440	37739604	37739661	0.022	49.1
Parus_major::NC_031775.1:34131510-34316931()	NC_051777.1	78.947	57	9	1	33568	33621	2779424	2779368	0.022	48.2
Parus_major::NC_031775.1:34131510-34316931()	NC_051777.1	87.500	40	3	1	133722	133759	13747160	13747121	0.022	48.2
Parus_major::NC_031775.1:34131510-34316931()	NC_051777.1	88.889	36	4	0	77584	77619	31299354	31299389	0.022	48.2
Parus_major::NC_031775.1:34131510-34316931()	NC_051777.1	75.294	85	9	5	100030	100111	37807064	37806989	0.022	48.2
