Anser_brachyrhynchus::NXHY01000438.1:110011-214932()	NC_051777.1	91.016	4931	320	22	18604	23423	37710958	37715876	0.0	6981
Anser_brachyrhynchus::NXHY01000438.1:110011-214932()	NC_051777.1	91.324	4553	300	21	71000	75517	37850436	37854928	0.0	6449
Anser_brachyrhynchus::NXHY01000438.1:110011-214932()	NC_051777.1	92.560	3992	245	15	59234	63191	37838034	37842007	0.0	5873
Anser_brachyrhynchus::NXHY01000438.1:110011-214932()	NC_051777.1	93.204	3870	183	16	38610	42440	37729439	37733267	0.0	5806
Anser_brachyrhynchus::NXHY01000438.1:110011-214932()	NC_051777.1	91.384	3331	172	19	5938	9235	37698311	37701559	0.0	4778
Anser_brachyrhynchus::NXHY01000438.1:110011-214932()	NC_051777.1	92.691	3133	190	13	76648	79752	37855984	37859105	0.0	4595
Anser_brachyrhynchus::NXHY01000438.1:110011-214932()	NC_051777.1	90.470	3211	250	15	95366	98561	37874912	37878081	0.0	4445
Anser_brachyrhynchus::NXHY01000438.1:110011-214932()	NC_051777.1	93.394	2876	136	14	63478	66336	37842294	37845132	0.0	4316
Anser_brachyrhynchus::NXHY01000438.1:110011-214932()	NC_051777.1	93.933	2703	142	11	48488	51176	37734842	37737536	0.0	4106
Anser_brachyrhynchus::NXHY01000438.1:110011-214932()	NC_051777.1	90.046	2823	128	18	2111	4906	37694586	37697282	0.0	3882
Anser_brachyrhynchus::NXHY01000438.1:110011-214932()	NC_051777.1	85.882	2975	230	21	52331	55225	37831135	37833999	0.0	3577
Anser_brachyrhynchus::NXHY01000438.1:110011-214932()	NC_051777.1	85.549	2858	235	41	68058	70863	37847568	37850299	0.0	3294
Anser_brachyrhynchus::NXHY01000438.1:110011-214932()	NC_051777.1	94.673	2046	97	5	30414	32454	37721299	37723337	0.0	3187
Anser_brachyrhynchus::NXHY01000438.1:110011-214932()	NC_051777.1	93.618	1990	115	4	36284	38272	37727123	37729101	0.0	3010
Anser_brachyrhynchus::NXHY01000438.1:110011-214932()	NC_051777.1	87.437	1974	163	12	100354	102282	37879739	37881672	0.0	2522
Anser_brachyrhynchus::NXHY01000438.1:110011-214932()	NC_051777.1	90.476	1785	129	9	23626	25379	37717852	37719626	0.0	2482
Anser_brachyrhynchus::NXHY01000438.1:110011-214932()	NC_051777.1	94.172	1613	72	10	66444	68053	37845240	37846833	0.0	2461
Anser_brachyrhynchus::NXHY01000438.1:110011-214932()	NC_051777.1	86.337	1903	187	15	9297	11186	37701613	37703455	0.0	2303
Anser_brachyrhynchus::NXHY01000438.1:110011-214932()	NC_051777.1	90.000	1610	118	9	15494	17068	37707475	37709076	0.0	2219
Anser_brachyrhynchus::NXHY01000438.1:110011-214932()	NC_051777.1	91.570	1554	78	10	13654	15194	37705649	37707162	0.0	2215
Anser_brachyrhynchus::NXHY01000438.1:110011-214932()	NC_051777.1	93.889	1440	53	9	643	2071	37693107	37694522	0.0	2214
Anser_brachyrhynchus::NXHY01000438.1:110011-214932()	NC_051777.1	89.305	1627	93	13	55366	56945	37834140	37835732	0.0	2165
Anser_brachyrhynchus::NXHY01000438.1:110011-214932()	NC_051777.1	89.568	1620	111	13	80364	81960	37859769	37861353	0.0	2164
Anser_brachyrhynchus::NXHY01000438.1:110011-214932()	NC_051777.1	89.904	1565	121	5	89376	90938	37868924	37870453	0.0	2158
Anser_brachyrhynchus::NXHY01000438.1:110011-214932()	NC_051777.1	89.958	1434	104	6	57737	59131	37836523	37837955	0.0	1978
Anser_brachyrhynchus::NXHY01000438.1:110011-214932()	NC_051777.1	94.618	1245	51	3	32998	34242	37723881	37725109	0.0	1945
Anser_brachyrhynchus::NXHY01000438.1:110011-214932()	NC_051777.1	94.788	1228	53	3	82553	83771	37862910	37864135	0.0	1923
Anser_brachyrhynchus::NXHY01000438.1:110011-214932()	NC_051777.1	91.766	1336	65	11	27152	28452	37719969	37721294	0.0	1905
Anser_brachyrhynchus::NXHY01000438.1:110011-214932()	NC_051777.1	94.878	1152	45	3	86575	87712	37866115	37867266	0.0	1811
Anser_brachyrhynchus::NXHY01000438.1:110011-214932()	NC_051777.1	90.810	1099	65	4	12509	13577	37704459	37705551	0.0	1553
Anser_brachyrhynchus::NXHY01000438.1:110011-214932()	NC_051777.1	85.268	1249	124	7	17287	18498	37709627	37710852	0.0	1505
Anser_brachyrhynchus::NXHY01000438.1:110011-214932()	NC_051777.1	93.633	911	48	3	104021	104921	37882763	37883673	0.0	1378
Anser_brachyrhynchus::NXHY01000438.1:110011-214932()	NC_051777.1	90.899	945	71	3	92488	93431	37872025	37872955	0.0	1317
Anser_brachyrhynchus::NXHY01000438.1:110011-214932()	NC_051777.1	93.318	853	40	6	5043	5892	37697419	37698257	0.0	1270
Anser_brachyrhynchus::NXHY01000438.1:110011-214932()	NC_051777.1	93.208	795	51	2	98629	99422	37878080	37878872	0.0	1185
Anser_brachyrhynchus::NXHY01000438.1:110011-214932()	NC_051777.1	92.435	727	42	2	42629	43354	37733445	37734159	0.0	1082
Anser_brachyrhynchus::NXHY01000438.1:110011-214932()	NC_051777.1	94.155	633	28	3	43355	43986	37734219	37734843	0.0	970
Anser_brachyrhynchus::NXHY01000438.1:110011-214932()	NC_051777.1	95.374	562	23	2	75607	76165	37854907	37855468	0.0	891
Anser_brachyrhynchus::NXHY01000438.1:110011-214932()	NC_051777.1	98.906	457	5	0	1	457	37692457	37692913	0.0	802
Anser_brachyrhynchus::NXHY01000438.1:110011-214932()	NC_051777.1	96.296	486	17	1	87891	88375	37867445	37867930	0.0	792
Anser_brachyrhynchus::NXHY01000438.1:110011-214932()	NC_051777.1	88.740	524	35	7	94774	95276	37874374	37874894	0.0	670
Anser_brachyrhynchus::NXHY01000438.1:110011-214932()	NC_051777.1	93.473	429	22	3	79782	80209	37859331	37859754	1.09e-180	640
Anser_brachyrhynchus::NXHY01000438.1:110011-214932()	NC_051777.1	83.821	513	53	8	11359	11855	37703619	37704117	2.93e-156	559
Anser_brachyrhynchus::NXHY01000438.1:110011-214932()	NC_051777.1	96.885	321	10	0	34468	34788	37725326	37725646	3.34e-149	535
Anser_brachyrhynchus::NXHY01000438.1:110011-214932()	NC_051777.1	86.770	257	22	2	52060	52306	37738425	37738679	1.98e-82	313
Anser_brachyrhynchus::NXHY01000438.1:110011-214932()	NC_051777.1	85.081	248	26	2	102410	102657	37881715	37881951	3.35e-73	282
Anser_brachyrhynchus::NXHY01000438.1:110011-214932()	NC_051777.1	92.308	117	4	1	76257	76373	37855576	37855687	1.52e-39	171
Anser_brachyrhynchus::NXHY01000438.1:110011-214932()	NC_051777.1	86.777	121	16	0	91584	91704	56667	56547	1.74e-32	147
Anser_brachyrhynchus::NXHY01000438.1:110011-214932()	NC_051777.1	91.579	95	8	0	91936	92030	6807833	6807739	3.14e-29	136
Anser_brachyrhynchus::NXHY01000438.1:110011-214932()	NC_051777.1	85.586	111	7	1	26800	26910	37719626	37719727	3.83e-28	132
Anser_brachyrhynchus::NXHY01000438.1:110011-214932()	NC_051777.1	90.625	96	7	2	23531	23624	37715984	37716079	5.68e-26	126
Anser_brachyrhynchus::NXHY01000438.1:110011-214932()	NC_051777.1	84.034	119	15	2	91918	92036	13185523	13185637	1.98e-25	124
Anser_brachyrhynchus::NXHY01000438.1:110011-214932()	NC_051777.1	88.750	80	6	1	91951	92030	10807027	10807103	6.49e-19	103
Anser_brachyrhynchus::NXHY01000438.1:110011-214932()	NC_051777.1	96.721	61	1	1	17233	17292	37709242	37709302	7.90e-18	98.7
Anser_brachyrhynchus::NXHY01000438.1:110011-214932()	NC_051777.1	100.000	39	0	0	521	559	37692985	37693023	1.10e-09	71.6
Anser_brachyrhynchus::NXHY01000438.1:110011-214932()	NC_051777.1	88.679	53	6	0	91609	91661	29043660	29043608	3.83e-09	69.8
Anser_brachyrhynchus::NXHY01000438.1:110011-214932()	NC_051777.1	93.333	45	3	0	94578	94622	37874178	37874222	1.34e-08	68.9
Anser_brachyrhynchus::NXHY01000438.1:110011-214932()	NC_051777.1	91.489	47	1	1	91985	92031	17600393	17600436	4.67e-08	66.2
Anser_brachyrhynchus::NXHY01000438.1:110011-214932()	NC_051777.1	84.483	58	9	0	66386	66443	50555	50612	1.63e-07	65.3
Anser_brachyrhynchus::NXHY01000438.1:110011-214932()	NC_051777.1	84.746	59	6	1	91972	92030	4688965	4688910	1.63e-07	65.3
Anser_brachyrhynchus::NXHY01000438.1:110011-214932()	NC_051777.1	86.792	53	6	1	66329	66380	25998287	25998235	1.99e-06	61.7
Anser_brachyrhynchus::NXHY01000438.1:110011-214932()	NC_051777.1	89.130	46	5	0	69789	69834	37849254	37849209	1.99e-06	61.7
Anser_brachyrhynchus::NXHY01000438.1:110011-214932()	NC_051777.1	92.500	40	3	0	85808	85847	37865797	37865836	6.93e-06	59.9
Anser_brachyrhynchus::NXHY01000438.1:110011-214932()	NC_051777.1	75.258	97	14	4	91401	91493	22258083	22258173	6.93e-06	59.0
Anser_brachyrhynchus::NXHY01000438.1:110011-214932()	NC_051777.1	82.456	57	10	0	23462	23518	31263485	31263429	6.93e-06	59.0
Anser_brachyrhynchus::NXHY01000438.1:110011-214932()	NC_051777.1	90.244	41	4	0	91985	92025	34644925	34644965	2.42e-05	57.2
Anser_brachyrhynchus::NXHY01000438.1:110011-214932()	NC_051777.1	92.500	40	1	1	100258	100297	37879703	37879740	2.42e-05	57.2
Anser_brachyrhynchus::NXHY01000438.1:110011-214932()	NC_051777.1	75.862	87	19	2	38304	38389	376691	376776	8.44e-05	56.3
Anser_brachyrhynchus::NXHY01000438.1:110011-214932()	NC_051777.1	85.106	47	7	0	23482	23528	32462836	32462790	2.95e-04	54.5
Anser_brachyrhynchus::NXHY01000438.1:110011-214932()	NC_051777.1	80.702	57	11	0	4844	4900	33903392	33903448	2.95e-04	54.5
Anser_brachyrhynchus::NXHY01000438.1:110011-214932()	NC_051777.1	90.000	40	2	1	23469	23508	536168	536205	0.001	52.7
Anser_brachyrhynchus::NXHY01000438.1:110011-214932()	NC_051777.1	84.615	52	6	2	87792	87841	32462798	32462849	0.001	51.8
Anser_brachyrhynchus::NXHY01000438.1:110011-214932()	NC_051777.1	72.527	91	21	1	12339	12429	37006047	37005961	0.001	51.8
Anser_brachyrhynchus::NXHY01000438.1:110011-214932()	NC_051777.1	84.444	45	7	0	32952	32996	16170431	16170475	0.004	50.9
Anser_brachyrhynchus::NXHY01000438.1:110011-214932()	NC_051777.1	91.429	35	3	0	35823	35857	21199080	21199114	0.004	50.9
Anser_brachyrhynchus::NXHY01000438.1:110011-214932()	NC_051777.1	87.805	41	2	1	91990	92030	33181076	33181113	0.004	50.9
Anser_brachyrhynchus::NXHY01000438.1:110011-214932()	NC_051777.1	88.095	42	4	1	36243	36284	37290316	37290356	0.004	50.9
Anser_brachyrhynchus::NXHY01000438.1:110011-214932()	NC_051777.1	93.750	32	2	0	91610	91641	13185300	13185331	0.004	50.0
Anser_brachyrhynchus::NXHY01000438.1:110011-214932()	NC_051777.1	83.673	49	7	1	45336	45384	22970535	22970582	0.004	50.0
Anser_brachyrhynchus::NXHY01000438.1:110011-214932()	NC_051777.1	93.750	32	2	0	36242	36273	35198061	35198030	0.004	50.0
Anser_brachyrhynchus::NXHY01000438.1:110011-214932()	NC_051777.1	96.552	29	1	0	36072	36100	14762171	14762143	0.013	49.1
Anser_brachyrhynchus::NXHY01000438.1:110011-214932()	NC_051777.1	78.333	60	10	1	51393	51449	26297234	26297293	0.013	49.1
Anser_brachyrhynchus::NXHY01000438.1:110011-214932()	NC_051777.1	74.359	78	19	1	38313	38390	385304	385228	0.013	48.2
Anser_brachyrhynchus::NXHY01000438.1:110011-214932()	NC_051777.1	74.038	104	18	6	2718	2815	7029724	7029624	0.013	48.2
Anser_brachyrhynchus::NXHY01000438.1:110011-214932()	NC_051777.1	88.889	36	4	0	63201	63236	16151242	16151207	0.013	48.2
Anser_brachyrhynchus::NXHY01000438.1:110011-214932()	NC_051777.1	88.889	36	4	0	85765	85800	16151207	16151242	0.013	48.2
Anser_brachyrhynchus::NXHY01000438.1:110011-214932()	NC_051777.1	100.000	26	0	0	100175	100200	20488345	20488370	0.013	48.2
Anser_brachyrhynchus::NXHY01000438.1:110011-214932()	NC_051777.1	88.889	36	4	0	77279	77314	37856660	37856625	0.013	48.2
Anser_brachyrhynchus::NXHY01000438.1:110011-214932()	NC_051777.1	96.429	28	1	0	32647	32674	22402999	22402972	0.044	47.3
Anser_brachyrhynchus::NXHY01000438.1:110011-214932()	NC_051777.1	83.721	43	7	0	27096	27138	29109343	29109385	0.044	47.3
Anser_brachyrhynchus::NXHY01000438.1:110011-214932()	NC_051777.1	84.783	46	4	2	9418	9461	9381463	9381507	0.044	46.4
Anser_brachyrhynchus::NXHY01000438.1:110011-214932()	NC_051777.1	83.333	48	4	2	102338	102385	22569635	22569678	0.044	46.4
Anser_brachyrhynchus::NXHY01000438.1:110011-214932()	NC_051777.1	82.222	45	8	0	89266	89310	37042106	37042150	0.044	46.4
