Acanthisitta_chloris
Anas_platyrhynchos
Anser_brachyrhynchus
Anser_cygnoides
Anser_indicus
Aythya_fuligula
Branta_canadensis
Cairina_moschata
Calidris_pugnax
Callipepla_californica
Callipepla_squamata
Calypte_anna
Centrocercus_minimus
Centrocercus_urophasianus
Chrysolophus_pictus
Colinus_virginianus
Colius_striatus
Coturnix_japonica
Crossoptilon_mantchuricum
Cygnus_atratus
Cygnus_olor
Dromaius_novaehollandiae
Gallus_gallus
Heteronetta_atricapilla
Lagopus_muta
Lophura_nycthemera
Nettapus_auritus
Numida_meleagris
Oxyura_jamaicensis
Parus_major
Pavo_cristatus
Pavo_muticus
Phasianus_colchicus
Stictonetta_naevosa
Struthio_camelus
Syrmaticus_mikado
Taeniopygia_guttata
Tympanuchus_cupido
