
Loaded 'libv3/convenience/matrix.bf' from /usr/local/lib/hyphy/TemplateBatchFiles/libv3/convenience/matrix.bf
Loaded 'libv3/UtilityFunctions.bf' from /usr/local/lib/hyphy/TemplateBatchFiles/libv3/UtilityFunctions.bf
Loaded 'IOFunctions.bf' from /usr/local/lib/hyphy/TemplateBatchFiles/libv3/IOFunctions.bf
Already loaded 'libv3/UtilityFunctions.bf' from /usr/local/lib/hyphy/TemplateBatchFiles/libv3/UtilityFunctions.bf
Loaded 'convenience/regexp.bf' from /usr/local/lib/hyphy/TemplateBatchFiles/libv3/convenience/regexp.bf
Loaded 'libv3/all-terms.bf' from /usr/local/lib/hyphy/TemplateBatchFiles/libv3/all-terms.bf
Variable 'skipCodeSelectionStep' was not initialized prior to being used
Row and/or column partition is empty. All the data will be used by default.
Overwritten previously defined function:'GaussLaguerreQuardature'
Overwritten previously defined function:'GammaQuadWeight'
Variable 'SKIP_HARVEST_FREQ' was not initialized prior to being used
Variable '_WRAP_PASSTHROUGH_FLAG_' was not initialized prior to being used
Variable 'END_OF_FILE' was not initialized prior to being used
Variable '_DO_TREE_REBALANCE_' was not initialized prior to being used
Variable '_KEEP_I_LABELS_' was not initialized prior to being used
Model MG94customModel assigned to Crocodylus_porosus
Crocodylus_porosus has 2 parameters - branch length not assigned
Model MG94customModel assigned to Gavialis_gangeticus
Gavialis_gangeticus has 2 parameters - branch length not assigned
Model MG94customModel assigned to Alligator_mississippiensis
Alligator_mississippiensis has 2 parameters - branch length not assigned
Model MG94customModel assigned to Alligator_sinensis
Alligator_sinensis has 2 parameters - branch length not assigned
Model MG94customModel assigned to Node3
Node3 has 2 parameters - branch length not assigned
The tips of the tree:givenTree were matched with the species names from the data in the following numeric order (0-based) {3,2,1,0}

Pseudo-optimal path's cost 675 vs 825 for 1..k=> a 1.22222 x improvement
Partition 0 reversible model flag computed as 1
Variable 'theLnLik' was not initialized prior to being used
Variable 'SAVE_OPT_STATUS_TO' was not initialized prior to being used
Variable 'givenTree.Crocodylus_porosus.nonSynRate' was not initialized prior to being used
Variable 'givenTree.Crocodylus_porosus.synRate' was not initialized prior to being used
Variable 'givenTree.Gavialis_gangeticus.nonSynRate' was not initialized prior to being used
Variable 'givenTree.Gavialis_gangeticus.synRate' was not initialized prior to being used
Variable 'givenTree.Alligator_mississippiensis.nonSynRate' was not initialized prior to being used
Variable 'givenTree.Alligator_mississippiensis.synRate' was not initialized prior to being used
Variable 'givenTree.Alligator_sinensis.nonSynRate' was not initialized prior to being used
Variable 'givenTree.Alligator_sinensis.synRate' was not initialized prior to being used
Variable 'givenTree.Node3.nonSynRate' was not initialized prior to being used
Variable 'givenTree.Node3.synRate' was not initialized prior to being used
Site 2 evaluated to a 0 probability in ComputeTreeBlockByBranch
Site 2 evaluated to a 0 probability in ComputeTreeBlockByBranch
Site 3 evaluated to a 0 probability in ComputeTreeBlockByBranch
Site 2 evaluated to a 0 probability in ComputeTreeBlockByBranch
Site 58 evaluated to a 0 probability in ComputeTreeBlockByBranch
Site 142 evaluated to a 0 probability in ComputeTreeBlockByBranch
Site 2 evaluated to a 0 probability in ComputeTreeBlockByBranch
Site 3 evaluated to a 0 probability in ComputeTreeBlockByBranch
Site 103 evaluated to a 0 probability in ComputeTreeBlockByBranch
Site 150 evaluated to a 0 probability in ComputeTreeBlockByBranch
Site 2 evaluated to a 0 probability in ComputeTreeBlockByBranch
Site 139 evaluated to a 0 probability in ComputeTreeBlockByBranch
Site 115 evaluated to a 0 probability in ComputeTreeBlockByBranch
Site 77 evaluated to a 0 probability in ComputeTreeBlockByBranch
Site 89 evaluated to a 0 probability in ComputeTreeBlockByBranch
Auto-benchmarked an optimal number (4) of threads.
Set GUI update interval to every 726-th LF evaluation.
Initial guess for givenTree.Gavialis_gangeticus.nonSynRate is 0.00971567
Initial guess for givenTree.Gavialis_gangeticus.synRate is 0.0034181
Initial guess for givenTree.Node3.nonSynRate is 0.00850913
Initial guess for givenTree.Node3.synRate is 0.00593373
Initial guess for givenTree.Alligator_mississippiensis.nonSynRate is 0.0123315
Initial guess for givenTree.Alligator_mississippiensis.synRate is 0.00491142
Initial guess for givenTree.Alligator_sinensis.nonSynRate is 0.00540495
Initial guess for givenTree.Alligator_sinensis.synRate is 0.00244901
Optimization settings:
	OPTIMIZATION_METHOD = 4
	OPTIMIZATION_PRECISION = 0.001
	MAXIMUM_ITERATIONS_PER_VARIABLE = 5000

Initial parameter values

GT = 1
CT = 1
AC = 1
CG = 1
AT = 1
givenTree.Crocodylus_porosus.synRate = 0.1
givenTree.Crocodylus_porosus.nonSynRate = 0.1
givenTree.Gavialis_gangeticus.synRate = 0.0034181
givenTree.Gavialis_gangeticus.nonSynRate = 0.00971567
givenTree.Alligator_mississippiensis.synRate = 0.00491142
givenTree.Alligator_mississippiensis.nonSynRate = 0.0123315
givenTree.Alligator_sinensis.synRate = 0.00244901
givenTree.Alligator_sinensis.nonSynRate = 0.00540495
givenTree.Node3.synRate = 0.00593373
givenTree.Node3.nonSynRate = 0.00850913
Optimization finished in 21 loop passes.
1501 likelihood evaluation calls and 4197 matrix exponentiations calls were made

Variable 'lastDepth' was not initialized prior to being used
No nodel was assigned to Crocodylus_porosus
Crocodylus_porosus has 0 parameters - branch length not assigned
No nodel was assigned to Gavialis_gangeticus
Gavialis_gangeticus has 0 parameters - branch length not assigned
No nodel was assigned to Alligator_mississippiensis
Alligator_mississippiensis has 0 parameters - branch length not assigned
No nodel was assigned to Alligator_sinensis
Alligator_sinensis has 0 parameters - branch length not assigned
No nodel was assigned to Node3
Node3 has 0 parameters - branch length not assigned
No nodel was assigned to Crocodylus_porosus
Crocodylus_porosus has 0 parameters - branch length not assigned
No nodel was assigned to Gavialis_gangeticus
Gavialis_gangeticus has 0 parameters - branch length not assigned
No nodel was assigned to Alligator_mississippiensis
Alligator_mississippiensis has 0 parameters - branch length not assigned
No nodel was assigned to Alligator_sinensis
Alligator_sinensis has 0 parameters - branch length not assigned
No nodel was assigned to Node3
Node3 has 0 parameters - branch length not assigned
No nodel was assigned to Crocodylus_porosus
Crocodylus_porosus has 0 parameters - branch length not assigned
No nodel was assigned to Gavialis_gangeticus
Gavialis_gangeticus has 0 parameters - branch length not assigned
No nodel was assigned to Alligator_mississippiensis
Alligator_mississippiensis has 0 parameters - branch length not assigned
No nodel was assigned to Alligator_sinensis
Alligator_sinensis has 0 parameters - branch length not assigned
No nodel was assigned to Node3
Node3 has 0 parameters - branch length not assigned
No nodel was assigned to Crocodylus_porosus
Crocodylus_porosus has 0 parameters - branch length not assigned
No nodel was assigned to Gavialis_gangeticus
Gavialis_gangeticus has 0 parameters - branch length not assigned
No nodel was assigned to Alligator_mississippiensis
Alligator_mississippiensis has 0 parameters - branch length not assigned
No nodel was assigned to Alligator_sinensis
Alligator_sinensis has 0 parameters - branch length not assigned
No nodel was assigned to Node3
Node3 has 0 parameters - branch length not assigned
Variable 'nodeName' was not initialized prior to being used
Variable 'speciesIndex' was not initialized prior to being used
Row and/or column partition is empty. All the data will be used by default.
Model MG94customModel assigned to Crocodylus_porosus
Model MG94customModel assigned to Gavialis_gangeticus
One branch tree supplied - hopefully this IS what you meant to do.
Rooted tree. Removing one branch - the left root child has been promoted to be the new root
Partition 0 reversible model flag computed as 1
Variable 'twoLnLik' was not initialized prior to being used
Variable 't2.Gavialis_gangeticus.nonSynRate' was not initialized prior to being used
Variable 't2.Gavialis_gangeticus.synRate' was not initialized prior to being used
Auto-benchmarked an optimal number (3) of threads.
Set GUI update interval to every 9615-th LF evaluation.
Optimization settings:
	OPTIMIZATION_METHOD = 4
	OPTIMIZATION_PRECISION = 0.001
	MAXIMUM_ITERATIONS_PER_VARIABLE = 5000

Initial parameter values

t2.Gavialis_gangeticus.nonSynRate = 0.1
t2.Gavialis_gangeticus.synRate = 0.1
Optimization finished in 5 loop passes.
156 likelihood evaluation calls and 138 matrix exponentiations calls were made

Row and/or column partition is empty. All the data will be used by default.
Model MG94customModel assigned to Crocodylus_porosus
Model MG94customModel assigned to Alligator_mississippiensis
One branch tree supplied - hopefully this IS what you meant to do.
Rooted tree. Removing one branch - the left root child has been promoted to be the new root
Partition 0 reversible model flag computed as 1
Variable 't2.Alligator_mississippiensis.nonSynRate' was not initialized prior to being used
Variable 't2.Alligator_mississippiensis.synRate' was not initialized prior to being used
Auto-benchmarked an optimal number (4) of threads.
Set GUI update interval to every 10204-th LF evaluation.
Optimization settings:
	OPTIMIZATION_METHOD = 4
	OPTIMIZATION_PRECISION = 0.001
	MAXIMUM_ITERATIONS_PER_VARIABLE = 5000

Initial parameter values

t2.Alligator_mississippiensis.nonSynRate = 0.1
t2.Alligator_mississippiensis.synRate = 0.1
Optimization finished in 6 loop passes.
59 likelihood evaluation calls and 51 matrix exponentiations calls were made

Row and/or column partition is empty. All the data will be used by default.
Model MG94customModel assigned to Crocodylus_porosus
Model MG94customModel assigned to Alligator_sinensis
One branch tree supplied - hopefully this IS what you meant to do.
Rooted tree. Removing one branch - the left root child has been promoted to be the new root
Partition 0 reversible model flag computed as 1
Variable 't2.Alligator_sinensis.synRate' was not initialized prior to being used
Variable 't2.Alligator_sinensis.nonSynRate' was not initialized prior to being used
Auto-benchmarked an optimal number (4) of threads.
Set GUI update interval to every 9803-th LF evaluation.
Optimization settings:
	OPTIMIZATION_METHOD = 4
	OPTIMIZATION_PRECISION = 0.001
	MAXIMUM_ITERATIONS_PER_VARIABLE = 5000

Initial parameter values

t2.Alligator_sinensis.synRate = 0.1
t2.Alligator_sinensis.nonSynRate = 0.1
Optimization finished in 7 loop passes.
113 likelihood evaluation calls and 102 matrix exponentiations calls were made

Row and/or column partition is empty. All the data will be used by default.
Model MG94customModel assigned to Gavialis_gangeticus
Model MG94customModel assigned to Alligator_mississippiensis
One branch tree supplied - hopefully this IS what you meant to do.
Rooted tree. Removing one branch - the left root child has been promoted to be the new root
Partition 0 reversible model flag computed as 1
Variable 't2.Alligator_mississippiensis.nonSynRate' was not initialized prior to being used
Variable 't2.Alligator_mississippiensis.synRate' was not initialized prior to being used
Auto-benchmarked an optimal number (4) of threads.
Set GUI update interval to every 9803-th LF evaluation.
Optimization settings:
	OPTIMIZATION_METHOD = 4
	OPTIMIZATION_PRECISION = 0.001
	MAXIMUM_ITERATIONS_PER_VARIABLE = 5000

Initial parameter values

t2.Alligator_mississippiensis.nonSynRate = 0.1
t2.Alligator_mississippiensis.synRate = 0.1
Optimization finished in 9 loop passes.
126 likelihood evaluation calls and 114 matrix exponentiations calls were made

Row and/or column partition is empty. All the data will be used by default.
Model MG94customModel assigned to Gavialis_gangeticus
Model MG94customModel assigned to Alligator_sinensis
One branch tree supplied - hopefully this IS what you meant to do.
Rooted tree. Removing one branch - the left root child has been promoted to be the new root
Partition 0 reversible model flag computed as 1
Variable 't2.Alligator_sinensis.synRate' was not initialized prior to being used
Variable 't2.Alligator_sinensis.nonSynRate' was not initialized prior to being used
Auto-benchmarked an optimal number (3) of threads.
Set GUI update interval to every 9615-th LF evaluation.
Optimization settings:
	OPTIMIZATION_METHOD = 4
	OPTIMIZATION_PRECISION = 0.001
	MAXIMUM_ITERATIONS_PER_VARIABLE = 5000

Initial parameter values

t2.Alligator_sinensis.synRate = 0.1
t2.Alligator_sinensis.nonSynRate = 0.1
Optimization finished in 6 loop passes.
175 likelihood evaluation calls and 159 matrix exponentiations calls were made

Row and/or column partition is empty. All the data will be used by default.
Model MG94customModel assigned to Alligator_mississippiensis
Model MG94customModel assigned to Alligator_sinensis
One branch tree supplied - hopefully this IS what you meant to do.
Rooted tree. Removing one branch - the left root child has been promoted to be the new root
Partition 0 reversible model flag computed as 1
Auto-benchmarked an optimal number (1) of threads.
Set GUI update interval to every 1886-th LF evaluation.
Optimization settings:
	OPTIMIZATION_METHOD = 4
	OPTIMIZATION_PRECISION = 0.001
	MAXIMUM_ITERATIONS_PER_VARIABLE = 5000

Initial parameter values

t2.Alligator_sinensis.synRate = 0.1
t2.Alligator_sinensis.nonSynRate = 0.1
Optimization finished in 5 loop passes.
128 likelihood evaluation calls and 110 matrix exponentiations calls were made
