
Loaded 'libv3/convenience/matrix.bf' from /usr/local/lib/hyphy/TemplateBatchFiles/libv3/convenience/matrix.bf
Loaded 'libv3/UtilityFunctions.bf' from /usr/local/lib/hyphy/TemplateBatchFiles/libv3/UtilityFunctions.bf
Loaded 'IOFunctions.bf' from /usr/local/lib/hyphy/TemplateBatchFiles/libv3/IOFunctions.bf
Already loaded 'libv3/UtilityFunctions.bf' from /usr/local/lib/hyphy/TemplateBatchFiles/libv3/UtilityFunctions.bf
Loaded 'convenience/regexp.bf' from /usr/local/lib/hyphy/TemplateBatchFiles/libv3/convenience/regexp.bf
Loaded 'libv3/all-terms.bf' from /usr/local/lib/hyphy/TemplateBatchFiles/libv3/all-terms.bf
Variable 'skipCodeSelectionStep' was not initialized prior to being used
Row and/or column partition is empty. All the data will be used by default.
Overwritten previously defined function:'GaussLaguerreQuardature'
Overwritten previously defined function:'GammaQuadWeight'
Variable 'SKIP_HARVEST_FREQ' was not initialized prior to being used
Variable '_WRAP_PASSTHROUGH_FLAG_' was not initialized prior to being used
Variable 'END_OF_FILE' was not initialized prior to being used
Variable '_DO_TREE_REBALANCE_' was not initialized prior to being used
Variable '_KEEP_I_LABELS_' was not initialized prior to being used
Model MG94customModel assigned to Heterohyrax_brucei
Heterohyrax_brucei has 2 parameters - branch length not assigned
Model MG94customModel assigned to Procavia_capensis
Procavia_capensis has 2 parameters - branch length not assigned
Model MG94customModel assigned to Node2
Node2 has 2 parameters - branch length not assigned
Model MG94customModel assigned to Trichechus_manatus
Trichechus_manatus has 2 parameters - branch length not assigned
Model MG94customModel assigned to Node1
Node1 has 2 parameters - branch length not assigned
Model MG94customModel assigned to Loxodonta_africana
Loxodonta_africana has 2 parameters - branch length not assigned
Model MG94customModel assigned to Elephas_maximus
Elephas_maximus has 2 parameters - branch length not assigned
Model MG94customModel assigned to Node6
Node6 has 2 parameters - branch length not assigned
Model MG94customModel assigned to Chrysochloris_asiatica
Chrysochloris_asiatica has 2 parameters - branch length not assigned
Model MG94customModel assigned to Microgale_talazaci
Microgale_talazaci has 2 parameters - branch length not assigned
Model MG94customModel assigned to Echinops_telfairi
Echinops_telfairi has 2 parameters - branch length not assigned
Model MG94customModel assigned to Node12
Node12 has 2 parameters - branch length not assigned
Model MG94customModel assigned to Node10
Node10 has 2 parameters - branch length not assigned
Model MG94customModel assigned to Elephantulus_edwardii
Elephantulus_edwardii has 2 parameters - branch length not assigned
Model MG94customModel assigned to Node9
Node9 has 2 parameters - branch length not assigned
The tips of the tree:givenTree were matched with the species names from the data in the following numeric order (0-based) {6,7,5,4,3,2,1,0,8}

Pseudo-optimal path's cost 5998 vs 8266 for 1..k=> a 1.37813 x improvement
Partition 0 reversible model flag computed as 1
Variable 'theLnLik' was not initialized prior to being used
Variable 'SAVE_OPT_STATUS_TO' was not initialized prior to being used
Variable 'givenTree.Heterohyrax_brucei.nonSynRate' was not initialized prior to being used
Variable 'givenTree.Heterohyrax_brucei.synRate' was not initialized prior to being used
Variable 'givenTree.Procavia_capensis.nonSynRate' was not initialized prior to being used
Variable 'givenTree.Procavia_capensis.synRate' was not initialized prior to being used
Variable 'givenTree.Trichechus_manatus.nonSynRate' was not initialized prior to being used
Variable 'givenTree.Trichechus_manatus.synRate' was not initialized prior to being used
Variable 'givenTree.Loxodonta_africana.nonSynRate' was not initialized prior to being used
Variable 'givenTree.Loxodonta_africana.synRate' was not initialized prior to being used
Variable 'givenTree.Elephas_maximus.nonSynRate' was not initialized prior to being used
Variable 'givenTree.Elephas_maximus.synRate' was not initialized prior to being used
Variable 'givenTree.Chrysochloris_asiatica.nonSynRate' was not initialized prior to being used
Variable 'givenTree.Chrysochloris_asiatica.synRate' was not initialized prior to being used
Variable 'givenTree.Microgale_talazaci.nonSynRate' was not initialized prior to being used
Variable 'givenTree.Microgale_talazaci.synRate' was not initialized prior to being used
Variable 'givenTree.Echinops_telfairi.nonSynRate' was not initialized prior to being used
Variable 'givenTree.Echinops_telfairi.synRate' was not initialized prior to being used
Variable 'givenTree.Elephantulus_edwardii.nonSynRate' was not initialized prior to being used
Variable 'givenTree.Elephantulus_edwardii.synRate' was not initialized prior to being used
Variable 'givenTree.Node2.nonSynRate' was not initialized prior to being used
Variable 'givenTree.Node2.synRate' was not initialized prior to being used
Variable 'givenTree.Node1.nonSynRate' was not initialized prior to being used
Variable 'givenTree.Node1.synRate' was not initialized prior to being used
Variable 'givenTree.Node6.nonSynRate' was not initialized prior to being used
Variable 'givenTree.Node6.synRate' was not initialized prior to being used
Variable 'givenTree.Node12.nonSynRate' was not initialized prior to being used
Variable 'givenTree.Node12.synRate' was not initialized prior to being used
Variable 'givenTree.Node10.nonSynRate' was not initialized prior to being used
Variable 'givenTree.Node10.synRate' was not initialized prior to being used
Variable 'givenTree.Node9.nonSynRate' was not initialized prior to being used
Variable 'givenTree.Node9.synRate' was not initialized prior to being used
Site 9 evaluated to a 0 probability in ComputeTreeBlockByBranch
Site 9 evaluated to a 0 probability in ComputeTreeBlockByBranch
Site 552 evaluated to a 0 probability in ComputeTreeBlockByBranch
Site 9 evaluated to a 0 probability in ComputeTreeBlockByBranch
Site 263 evaluated to a 0 probability in ComputeTreeBlockByBranch
Site 239 evaluated to a 0 probability in ComputeTreeBlockByBranch
Site 232 evaluated to a 0 probability in ComputeTreeBlockByBranch
Site 9 evaluated to a 0 probability in ComputeTreeBlockByBranch
Site 384 evaluated to a 0 probability in ComputeTreeBlockByBranch
Site 144 evaluated to a 0 probability in ComputeTreeBlockByBranch
Site 468 evaluated to a 0 probability in ComputeTreeBlockByBranch
Site 9 evaluated to a 0 probability in ComputeTreeBlockByBranch
Site 204 evaluated to a 0 probability in ComputeTreeBlockByBranch
Site 410 evaluated to a 0 probability in ComputeTreeBlockByBranch
Site 364 evaluated to a 0 probability in ComputeTreeBlockByBranch
Site 523 evaluated to a 0 probability in ComputeTreeBlockByBranch
Site 9 evaluated to a 0 probability in ComputeTreeBlockByBranch
Site 263 evaluated to a 0 probability in ComputeTreeBlockByBranch
Site 500 evaluated to a 0 probability in ComputeTreeBlockByBranch
Site 552 evaluated to a 0 probability in ComputeTreeBlockByBranch
Site 239 evaluated to a 0 probability in ComputeTreeBlockByBranch
Site 483 evaluated to a 0 probability in ComputeTreeBlockByBranch
Site 453 evaluated to a 0 probability in ComputeTreeBlockByBranch
Site 9 evaluated to a 0 probability in ComputeTreeBlockByBranch
Site 367 evaluated to a 0 probability in ComputeTreeBlockByBranch
Site 271 evaluated to a 0 probability in ComputeTreeBlockByBranch
Site 26 evaluated to a 0 probability in ComputeTreeBlockByBranch
Site 109 evaluated to a 0 probability in ComputeTreeBlockByBranch
Site 209 evaluated to a 0 probability in ComputeTreeBlockByBranch
Site 232 evaluated to a 0 probability in ComputeTreeBlockByBranch
Site 211 evaluated to a 0 probability in ComputeTreeBlockByBranch
Site 384 evaluated to a 0 probability in ComputeTreeBlockByBranch
Site 9 evaluated to a 0 probability in ComputeTreeBlockByBranch
Site 403 evaluated to a 0 probability in ComputeTreeBlockByBranch
Site 22 evaluated to a 0 probability in ComputeTreeBlockByBranch
Site 144 evaluated to a 0 probability in ComputeTreeBlockByBranch
Site 43 evaluated to a 0 probability in ComputeTreeBlockByBranch
Site 52 evaluated to a 0 probability in ComputeTreeBlockByBranch
Site 236 evaluated to a 0 probability in ComputeTreeBlockByBranch
Site 263 evaluated to a 0 probability in ComputeTreeBlockByBranch
Site 9 evaluated to a 0 probability in ComputeTreeBlockByBranch
Site 328 evaluated to a 0 probability in ComputeTreeBlockByBranch
Site 341 evaluated to a 0 probability in ComputeTreeBlockByBranch
Site 239 evaluated to a 0 probability in ComputeTreeBlockByBranch
Site 458 evaluated to a 0 probability in ComputeTreeBlockByBranch
Site 468 evaluated to a 0 probability in ComputeTreeBlockByBranch
Site 284 evaluated to a 0 probability in ComputeTreeBlockByBranch
Site 532 evaluated to a 0 probability in ComputeTreeBlockByBranch
Site 204 evaluated to a 0 probability in ComputeTreeBlockByBranch
Site 9 evaluated to a 0 probability in ComputeTreeBlockByBranch
Site 384 evaluated to a 0 probability in ComputeTreeBlockByBranch
Site 410 evaluated to a 0 probability in ComputeTreeBlockByBranch
Site 364 evaluated to a 0 probability in ComputeTreeBlockByBranch
Site 505 evaluated to a 0 probability in ComputeTreeBlockByBranch
Site 388 evaluated to a 0 probability in ComputeTreeBlockByBranch
Site 449 evaluated to a 0 probability in ComputeTreeBlockByBranch
Site 332 evaluated to a 0 probability in ComputeTreeBlockByBranch
Site 530 evaluated to a 0 probability in ComputeTreeBlockByBranch
Site 511 evaluated to a 0 probability in ComputeTreeBlockByBranch
Site 147 evaluated to a 0 probability in ComputeTreeBlockByBranch
Site 9 evaluated to a 0 probability in ComputeTreeBlockByBranch
Site 460 evaluated to a 0 probability in ComputeTreeBlockByBranch
Site 374 evaluated to a 0 probability in ComputeTreeBlockByBranch
Site 233 evaluated to a 0 probability in ComputeTreeBlockByBranch
Site 34 evaluated to a 0 probability in ComputeTreeBlockByBranch
Site 145 evaluated to a 0 probability in ComputeTreeBlockByBranch
Site 354 evaluated to a 0 probability in ComputeTreeBlockByBranch
Site 117 evaluated to a 0 probability in ComputeTreeBlockByBranch
Site 24 evaluated to a 0 probability in ComputeTreeBlockByBranch
Site 336 evaluated to a 0 probability in ComputeTreeBlockByBranch
Site 152 evaluated to a 0 probability in ComputeTreeBlockByBranch
Site 375 evaluated to a 0 probability in ComputeTreeBlockByBranch
Site 9 evaluated to a 0 probability in ComputeTreeBlockByBranch
Site 104 evaluated to a 0 probability in ComputeTreeBlockByBranch
Site 397 evaluated to a 0 probability in ComputeTreeBlockByBranch
Site 115 evaluated to a 0 probability in ComputeTreeBlockByBranch
Site 314 evaluated to a 0 probability in ComputeTreeBlockByBranch
Site 114 evaluated to a 0 probability in ComputeTreeBlockByBranch
Site 6 evaluated to a 0 probability in ComputeTreeBlockByBranch
Site 71 evaluated to a 0 probability in ComputeTreeBlockByBranch
Site 214 evaluated to a 0 probability in ComputeTreeBlockByBranch
Site 476 evaluated to a 0 probability in ComputeTreeBlockByBranch
Site 396 evaluated to a 0 probability in ComputeTreeBlockByBranch
Site 546 evaluated to a 0 probability in ComputeTreeBlockByBranch
Site 9 evaluated to a 0 probability in ComputeTreeBlockByBranch
Site 544 evaluated to a 0 probability in ComputeTreeBlockByBranch
Site 329 evaluated to a 0 probability in ComputeTreeBlockByBranch
Site 253 evaluated to a 0 probability in ComputeTreeBlockByBranch
Site 519 evaluated to a 0 probability in ComputeTreeBlockByBranch
Site 281 evaluated to a 0 probability in ComputeTreeBlockByBranch
Site 537 evaluated to a 0 probability in ComputeTreeBlockByBranch
Auto-benchmarked an optimal number (12) of threads.
Set GUI update interval to every 311-th LF evaluation.
Initial guess for givenTree.Node2.nonSynRate is -0.000951449
Initial guess for givenTree.Node2.synRate is -0.000543075
Initial guess for givenTree.Heterohyrax_brucei.nonSynRate is 0.00346851
Initial guess for givenTree.Heterohyrax_brucei.synRate is 0.00113965
Initial guess for givenTree.Procavia_capensis.nonSynRate is 0.003372
Initial guess for givenTree.Procavia_capensis.synRate is 0.00177157
Initial guess for givenTree.Trichechus_manatus.nonSynRate is 0.0267391
Initial guess for givenTree.Trichechus_manatus.synRate is 0.00824452
Initial guess for givenTree.Node6.nonSynRate is 0.0488296
Initial guess for givenTree.Node6.synRate is 0.026982
Initial guess for givenTree.Loxodonta_africana.nonSynRate is 0.00159896
Initial guess for givenTree.Loxodonta_africana.synRate is 0.00156176
Initial guess for givenTree.Elephas_maximus.nonSynRate is 0.00229953
Initial guess for givenTree.Elephas_maximus.synRate is 0.000379987
Initial guess for givenTree.Node9.nonSynRate is 0.030759
Initial guess for givenTree.Node9.synRate is 0.0148399
Initial guess for givenTree.Node10.nonSynRate is 0.0120368
Initial guess for givenTree.Node10.synRate is 0.00703699
Initial guess for givenTree.Chrysochloris_asiatica.nonSynRate is 0.0543775
Initial guess for givenTree.Chrysochloris_asiatica.synRate is 0.0320565
Initial guess for givenTree.Node12.nonSynRate is -0.00479499
Initial guess for givenTree.Node12.synRate is 0.00380746
Initial guess for givenTree.Microgale_talazaci.nonSynRate is 0.0386902
Initial guess for givenTree.Microgale_talazaci.synRate is 0.0162766
Initial guess for givenTree.Echinops_telfairi.nonSynRate is 0.0335209
Initial guess for givenTree.Echinops_telfairi.synRate is 0.0190148
Initial guess for givenTree.Elephantulus_edwardii.nonSynRate is 0.0979398
Initial guess for givenTree.Elephantulus_edwardii.synRate is 0.0441903
Optimization settings:
	OPTIMIZATION_METHOD = 4
	OPTIMIZATION_PRECISION = 0.001
	MAXIMUM_ITERATIONS_PER_VARIABLE = 5000

Initial parameter values

GT = 1
CT = 1
AC = 1
CG = 1
AT = 1
givenTree.Heterohyrax_brucei.synRate = 0.00113965
givenTree.Heterohyrax_brucei.nonSynRate = 0.00346851
givenTree.Procavia_capensis.synRate = 0.00177157
givenTree.Procavia_capensis.nonSynRate = 0.003372
givenTree.Node2.synRate = 0
givenTree.Node2.nonSynRate = 0
givenTree.Trichechus_manatus.synRate = 0.00824452
givenTree.Trichechus_manatus.nonSynRate = 0.0267391
givenTree.Node1.synRate = 0.1
givenTree.Node1.nonSynRate = 0.1
givenTree.Loxodonta_africana.synRate = 0.00156176
givenTree.Loxodonta_africana.nonSynRate = 0.00159896
givenTree.Elephas_maximus.synRate = 0.000379987
givenTree.Elephas_maximus.nonSynRate = 0.00229953
givenTree.Node6.synRate = 0.026982
givenTree.Node6.nonSynRate = 0.0488296
givenTree.Chrysochloris_asiatica.synRate = 0.0320565
givenTree.Chrysochloris_asiatica.nonSynRate = 0.0543775
givenTree.Microgale_talazaci.synRate = 0.0162766
givenTree.Microgale_talazaci.nonSynRate = 0.0386902
givenTree.Echinops_telfairi.synRate = 0.0190148
givenTree.Echinops_telfairi.nonSynRate = 0.0335209
givenTree.Node12.synRate = 0.00380746
givenTree.Node12.nonSynRate = 0
givenTree.Node10.synRate = 0.00703699
givenTree.Node10.nonSynRate = 0.0120368
givenTree.Elephantulus_edwardii.synRate = 0.0441903
givenTree.Elephantulus_edwardii.nonSynRate = 0.0979398
givenTree.Node9.synRate = 0.0148399
givenTree.Node9.nonSynRate = 0.030759
Optimization finished in 26 loop passes.
3560 likelihood evaluation calls and 14296 matrix exponentiations calls were made

Variable 'lastDepth' was not initialized prior to being used
No nodel was assigned to Heterohyrax_brucei
Heterohyrax_brucei has 0 parameters - branch length not assigned
No nodel was assigned to Procavia_capensis
Procavia_capensis has 0 parameters - branch length not assigned
No nodel was assigned to Node2
Node2 has 0 parameters - branch length not assigned
No nodel was assigned to Trichechus_manatus
Trichechus_manatus has 0 parameters - branch length not assigned
No nodel was assigned to Node1
Node1 has 0 parameters - branch length not assigned
No nodel was assigned to Loxodonta_africana
Loxodonta_africana has 0 parameters - branch length not assigned
No nodel was assigned to Elephas_maximus
Elephas_maximus has 0 parameters - branch length not assigned
No nodel was assigned to Node6
Node6 has 0 parameters - branch length not assigned
No nodel was assigned to Chrysochloris_asiatica
Chrysochloris_asiatica has 0 parameters - branch length not assigned
No nodel was assigned to Microgale_talazaci
Microgale_talazaci has 0 parameters - branch length not assigned
No nodel was assigned to Echinops_telfairi
Echinops_telfairi has 0 parameters - branch length not assigned
No nodel was assigned to Node12
Node12 has 0 parameters - branch length not assigned
No nodel was assigned to Node10
Node10 has 0 parameters - branch length not assigned
No nodel was assigned to Elephantulus_edwardii
Elephantulus_edwardii has 0 parameters - branch length not assigned
No nodel was assigned to Node9
Node9 has 0 parameters - branch length not assigned
No nodel was assigned to Heterohyrax_brucei
Heterohyrax_brucei has 0 parameters - branch length not assigned
No nodel was assigned to Procavia_capensis
Procavia_capensis has 0 parameters - branch length not assigned
No nodel was assigned to Node2
Node2 has 0 parameters - branch length not assigned
No nodel was assigned to Trichechus_manatus
Trichechus_manatus has 0 parameters - branch length not assigned
No nodel was assigned to Node1
Node1 has 0 parameters - branch length not assigned
No nodel was assigned to Loxodonta_africana
Loxodonta_africana has 0 parameters - branch length not assigned
No nodel was assigned to Elephas_maximus
Elephas_maximus has 0 parameters - branch length not assigned
No nodel was assigned to Node6
Node6 has 0 parameters - branch length not assigned
No nodel was assigned to Chrysochloris_asiatica
Chrysochloris_asiatica has 0 parameters - branch length not assigned
No nodel was assigned to Microgale_talazaci
Microgale_talazaci has 0 parameters - branch length not assigned
No nodel was assigned to Echinops_telfairi
Echinops_telfairi has 0 parameters - branch length not assigned
No nodel was assigned to Node12
Node12 has 0 parameters - branch length not assigned
No nodel was assigned to Node10
Node10 has 0 parameters - branch length not assigned
No nodel was assigned to Elephantulus_edwardii
Elephantulus_edwardii has 0 parameters - branch length not assigned
No nodel was assigned to Node9
Node9 has 0 parameters - branch length not assigned
No nodel was assigned to Heterohyrax_brucei
Heterohyrax_brucei has 0 parameters - branch length not assigned
No nodel was assigned to Procavia_capensis
Procavia_capensis has 0 parameters - branch length not assigned
No nodel was assigned to Node2
Node2 has 0 parameters - branch length not assigned
No nodel was assigned to Trichechus_manatus
Trichechus_manatus has 0 parameters - branch length not assigned
No nodel was assigned to Node1
Node1 has 0 parameters - branch length not assigned
No nodel was assigned to Loxodonta_africana
Loxodonta_africana has 0 parameters - branch length not assigned
No nodel was assigned to Elephas_maximus
Elephas_maximus has 0 parameters - branch length not assigned
No nodel was assigned to Node6
Node6 has 0 parameters - branch length not assigned
No nodel was assigned to Chrysochloris_asiatica
Chrysochloris_asiatica has 0 parameters - branch length not assigned
No nodel was assigned to Microgale_talazaci
Microgale_talazaci has 0 parameters - branch length not assigned
No nodel was assigned to Echinops_telfairi
Echinops_telfairi has 0 parameters - branch length not assigned
No nodel was assigned to Node12
Node12 has 0 parameters - branch length not assigned
No nodel was assigned to Node10
Node10 has 0 parameters - branch length not assigned
No nodel was assigned to Elephantulus_edwardii
Elephantulus_edwardii has 0 parameters - branch length not assigned
No nodel was assigned to Node9
Node9 has 0 parameters - branch length not assigned
No nodel was assigned to Heterohyrax_brucei
Heterohyrax_brucei has 0 parameters - branch length not assigned
No nodel was assigned to Procavia_capensis
Procavia_capensis has 0 parameters - branch length not assigned
No nodel was assigned to Node2
Node2 has 0 parameters - branch length not assigned
No nodel was assigned to Trichechus_manatus
Trichechus_manatus has 0 parameters - branch length not assigned
No nodel was assigned to Node1
Node1 has 0 parameters - branch length not assigned
No nodel was assigned to Loxodonta_africana
Loxodonta_africana has 0 parameters - branch length not assigned
No nodel was assigned to Elephas_maximus
Elephas_maximus has 0 parameters - branch length not assigned
No nodel was assigned to Node6
Node6 has 0 parameters - branch length not assigned
No nodel was assigned to Chrysochloris_asiatica
Chrysochloris_asiatica has 0 parameters - branch length not assigned
No nodel was assigned to Microgale_talazaci
Microgale_talazaci has 0 parameters - branch length not assigned
No nodel was assigned to Echinops_telfairi
Echinops_telfairi has 0 parameters - branch length not assigned
No nodel was assigned to Node12
Node12 has 0 parameters - branch length not assigned
No nodel was assigned to Node10
Node10 has 0 parameters - branch length not assigned
No nodel was assigned to Elephantulus_edwardii
Elephantulus_edwardii has 0 parameters - branch length not assigned
No nodel was assigned to Node9
Node9 has 0 parameters - branch length not assigned
Variable 'nodeName' was not initialized prior to being used
Variable 'speciesIndex' was not initialized prior to being used
Row and/or column partition is empty. All the data will be used by default.
Model MG94customModel assigned to Heterohyrax_brucei
Model MG94customModel assigned to Procavia_capensis
One branch tree supplied - hopefully this IS what you meant to do.
Rooted tree. Removing one branch - the left root child has been promoted to be the new root
Partition 0 reversible model flag computed as 1
Variable 'twoLnLik' was not initialized prior to being used
Variable 't2.Procavia_capensis.nonSynRate' was not initialized prior to being used
Variable 't2.Procavia_capensis.synRate' was not initialized prior to being used
Auto-benchmarked an optimal number (3) of threads.
Set GUI update interval to every 7692-th LF evaluation.
Optimization settings:
	OPTIMIZATION_METHOD = 4
	OPTIMIZATION_PRECISION = 0.001
	MAXIMUM_ITERATIONS_PER_VARIABLE = 5000

Initial parameter values

t2.Procavia_capensis.nonSynRate = 0.1
t2.Procavia_capensis.synRate = 0.1
Optimization finished in 5 loop passes.
189 likelihood evaluation calls and 162 matrix exponentiations calls were made

Row and/or column partition is empty. All the data will be used by default.
Model MG94customModel assigned to Heterohyrax_brucei
Model MG94customModel assigned to Trichechus_manatus
One branch tree supplied - hopefully this IS what you meant to do.
Rooted tree. Removing one branch - the left root child has been promoted to be the new root
Partition 0 reversible model flag computed as 1
Variable 't2.Trichechus_manatus.nonSynRate' was not initialized prior to being used
Variable 't2.Trichechus_manatus.synRate' was not initialized prior to being used
Auto-benchmarked an optimal number (4) of threads.
Set GUI update interval to every 6578-th LF evaluation.
Optimization settings:
	OPTIMIZATION_METHOD = 4
	OPTIMIZATION_PRECISION = 0.001
	MAXIMUM_ITERATIONS_PER_VARIABLE = 5000

Initial parameter values

t2.Trichechus_manatus.nonSynRate = 0.1
t2.Trichechus_manatus.synRate = 0.1
Optimization finished in 6 loop passes.
176 likelihood evaluation calls and 156 matrix exponentiations calls were made

Row and/or column partition is empty. All the data will be used by default.
Model MG94customModel assigned to Heterohyrax_brucei
Model MG94customModel assigned to Loxodonta_africana
One branch tree supplied - hopefully this IS what you meant to do.
Rooted tree. Removing one branch - the left root child has been promoted to be the new root
Partition 0 reversible model flag computed as 1
Variable 't2.Loxodonta_africana.synRate' was not initialized prior to being used
Variable 't2.Loxodonta_africana.nonSynRate' was not initialized prior to being used
Auto-benchmarked an optimal number (3) of threads.
Set GUI update interval to every 6329-th LF evaluation.
Optimization settings:
	OPTIMIZATION_METHOD = 4
	OPTIMIZATION_PRECISION = 0.001
	MAXIMUM_ITERATIONS_PER_VARIABLE = 5000

Initial parameter values

t2.Loxodonta_africana.synRate = 0.1
t2.Loxodonta_africana.nonSynRate = 0.1
Optimization finished in 5 loop passes.
197 likelihood evaluation calls and 179 matrix exponentiations calls were made

Row and/or column partition is empty. All the data will be used by default.
Model MG94customModel assigned to Heterohyrax_brucei
Model MG94customModel assigned to Elephas_maximus
One branch tree supplied - hopefully this IS what you meant to do.
Rooted tree. Removing one branch - the left root child has been promoted to be the new root
Partition 0 reversible model flag computed as 1
Variable 't2.Elephas_maximus.synRate' was not initialized prior to being used
Variable 't2.Elephas_maximus.nonSynRate' was not initialized prior to being used
Auto-benchmarked an optimal number (3) of threads.
Set GUI update interval to every 6329-th LF evaluation.
Optimization settings:
	OPTIMIZATION_METHOD = 4
	OPTIMIZATION_PRECISION = 0.001
	MAXIMUM_ITERATIONS_PER_VARIABLE = 5000

Initial parameter values

t2.Elephas_maximus.synRate = 0.1
t2.Elephas_maximus.nonSynRate = 0.1
Optimization finished in 5 loop passes.
202 likelihood evaluation calls and 184 matrix exponentiations calls were made

Row and/or column partition is empty. All the data will be used by default.
Model MG94customModel assigned to Heterohyrax_brucei
Model MG94customModel assigned to Chrysochloris_asiatica
One branch tree supplied - hopefully this IS what you meant to do.
Rooted tree. Removing one branch - the left root child has been promoted to be the new root
Partition 0 reversible model flag computed as 1
Variable 't2.Chrysochloris_asiatica.synRate' was not initialized prior to being used
Variable 't2.Chrysochloris_asiatica.nonSynRate' was not initialized prior to being used
Auto-benchmarked an optimal number (3) of threads.
Set GUI update interval to every 7462-th LF evaluation.
Optimization settings:
	OPTIMIZATION_METHOD = 4
	OPTIMIZATION_PRECISION = 0.001
	MAXIMUM_ITERATIONS_PER_VARIABLE = 5000

Initial parameter values

t2.Chrysochloris_asiatica.synRate = 0.1
t2.Chrysochloris_asiatica.nonSynRate = 0.1
Optimization finished in 6 loop passes.
184 likelihood evaluation calls and 163 matrix exponentiations calls were made

Row and/or column partition is empty. All the data will be used by default.
Model MG94customModel assigned to Heterohyrax_brucei
Model MG94customModel assigned to Microgale_talazaci
One branch tree supplied - hopefully this IS what you meant to do.
Rooted tree. Removing one branch - the left root child has been promoted to be the new root
Partition 0 reversible model flag computed as 1
Variable 't2.Microgale_talazaci.nonSynRate' was not initialized prior to being used
Variable 't2.Microgale_talazaci.synRate' was not initialized prior to being used
Auto-benchmarked an optimal number (4) of threads.
Set GUI update interval to every 6493-th LF evaluation.
Optimization settings:
	OPTIMIZATION_METHOD = 4
	OPTIMIZATION_PRECISION = 0.001
	MAXIMUM_ITERATIONS_PER_VARIABLE = 5000

Initial parameter values

t2.Microgale_talazaci.nonSynRate = 0.1
t2.Microgale_talazaci.synRate = 0.1
Optimization finished in 5 loop passes.
177 likelihood evaluation calls and 157 matrix exponentiations calls were made

Row and/or column partition is empty. All the data will be used by default.
Model MG94customModel assigned to Heterohyrax_brucei
Model MG94customModel assigned to Echinops_telfairi
One branch tree supplied - hopefully this IS what you meant to do.
Rooted tree. Removing one branch - the left root child has been promoted to be the new root
Partition 0 reversible model flag computed as 1
Variable 't2.Echinops_telfairi.nonSynRate' was not initialized prior to being used
Variable 't2.Echinops_telfairi.synRate' was not initialized prior to being used
Auto-benchmarked an optimal number (4) of threads.
Set GUI update interval to every 7575-th LF evaluation.
Optimization settings:
	OPTIMIZATION_METHOD = 4
	OPTIMIZATION_PRECISION = 0.001
	MAXIMUM_ITERATIONS_PER_VARIABLE = 5000

Initial parameter values

t2.Echinops_telfairi.nonSynRate = 0.1
t2.Echinops_telfairi.synRate = 0.1
Optimization finished in 5 loop passes.
167 likelihood evaluation calls and 145 matrix exponentiations calls were made

Row and/or column partition is empty. All the data will be used by default.
Model MG94customModel assigned to Heterohyrax_brucei
Model MG94customModel assigned to Elephantulus_edwardii
One branch tree supplied - hopefully this IS what you meant to do.
Rooted tree. Removing one branch - the left root child has been promoted to be the new root
Partition 0 reversible model flag computed as 1
Variable 't2.Elephantulus_edwardii.synRate' was not initialized prior to being used
Variable 't2.Elephantulus_edwardii.nonSynRate' was not initialized prior to being used
Auto-benchmarked an optimal number (4) of threads.
Set GUI update interval to every 6666-th LF evaluation.
Optimization settings:
	OPTIMIZATION_METHOD = 4
	OPTIMIZATION_PRECISION = 0.001
	MAXIMUM_ITERATIONS_PER_VARIABLE = 5000

Initial parameter values

t2.Elephantulus_edwardii.synRate = 0.1
t2.Elephantulus_edwardii.nonSynRate = 0.1
Optimization finished in 6 loop passes.
232 likelihood evaluation calls and 216 matrix exponentiations calls were made

Row and/or column partition is empty. All the data will be used by default.
Model MG94customModel assigned to Procavia_capensis
Model MG94customModel assigned to Trichechus_manatus
One branch tree supplied - hopefully this IS what you meant to do.
Rooted tree. Removing one branch - the left root child has been promoted to be the new root
Partition 0 reversible model flag computed as 1
Variable 't2.Trichechus_manatus.nonSynRate' was not initialized prior to being used
Variable 't2.Trichechus_manatus.synRate' was not initialized prior to being used
Auto-benchmarked an optimal number (8) of threads.
Set GUI update interval to every 7692-th LF evaluation.
Optimization settings:
	OPTIMIZATION_METHOD = 4
	OPTIMIZATION_PRECISION = 0.001
	MAXIMUM_ITERATIONS_PER_VARIABLE = 5000

Initial parameter values

t2.Trichechus_manatus.nonSynRate = 0.1
t2.Trichechus_manatus.synRate = 0.1
Optimization finished in 6 loop passes.
242 likelihood evaluation calls and 219 matrix exponentiations calls were made

Row and/or column partition is empty. All the data will be used by default.
Model MG94customModel assigned to Procavia_capensis
Model MG94customModel assigned to Loxodonta_africana
One branch tree supplied - hopefully this IS what you meant to do.
Rooted tree. Removing one branch - the left root child has been promoted to be the new root
Partition 0 reversible model flag computed as 1
Variable 't2.Loxodonta_africana.nonSynRate' was not initialized prior to being used
Variable 't2.Loxodonta_africana.synRate' was not initialized prior to being used
Auto-benchmarked an optimal number (2) of threads.
Set GUI update interval to every 6024-th LF evaluation.
Optimization settings:
	OPTIMIZATION_METHOD = 4
	OPTIMIZATION_PRECISION = 0.001
	MAXIMUM_ITERATIONS_PER_VARIABLE = 5000

Initial parameter values

t2.Loxodonta_africana.nonSynRate = 0.1
t2.Loxodonta_africana.synRate = 0.1
Optimization finished in 6 loop passes.
198 likelihood evaluation calls and 178 matrix exponentiations calls were made

Row and/or column partition is empty. All the data will be used by default.
Model MG94customModel assigned to Procavia_capensis
Model MG94customModel assigned to Elephas_maximus
One branch tree supplied - hopefully this IS what you meant to do.
Rooted tree. Removing one branch - the left root child has been promoted to be the new root
Partition 0 reversible model flag computed as 1
Variable 't2.Elephas_maximus.synRate' was not initialized prior to being used
Variable 't2.Elephas_maximus.nonSynRate' was not initialized prior to being used
Auto-benchmarked an optimal number (4) of threads.
Set GUI update interval to every 7575-th LF evaluation.
Optimization settings:
	OPTIMIZATION_METHOD = 4
	OPTIMIZATION_PRECISION = 0.001
	MAXIMUM_ITERATIONS_PER_VARIABLE = 5000

Initial parameter values

t2.Elephas_maximus.synRate = 0.1
t2.Elephas_maximus.nonSynRate = 0.1
Optimization finished in 6 loop passes.
165 likelihood evaluation calls and 142 matrix exponentiations calls were made

Row and/or column partition is empty. All the data will be used by default.
Model MG94customModel assigned to Procavia_capensis
Model MG94customModel assigned to Chrysochloris_asiatica
One branch tree supplied - hopefully this IS what you meant to do.
Rooted tree. Removing one branch - the left root child has been promoted to be the new root
Partition 0 reversible model flag computed as 1
Variable 't2.Chrysochloris_asiatica.nonSynRate' was not initialized prior to being used
Variable 't2.Chrysochloris_asiatica.synRate' was not initialized prior to being used
Auto-benchmarked an optimal number (4) of threads.
Set GUI update interval to every 6493-th LF evaluation.
Optimization settings:
	OPTIMIZATION_METHOD = 4
	OPTIMIZATION_PRECISION = 0.001
	MAXIMUM_ITERATIONS_PER_VARIABLE = 5000

Initial parameter values

t2.Chrysochloris_asiatica.nonSynRate = 0.1
t2.Chrysochloris_asiatica.synRate = 0.1
Optimization finished in 6 loop passes.
184 likelihood evaluation calls and 161 matrix exponentiations calls were made

Row and/or column partition is empty. All the data will be used by default.
Model MG94customModel assigned to Procavia_capensis
Model MG94customModel assigned to Microgale_talazaci
One branch tree supplied - hopefully this IS what you meant to do.
Rooted tree. Removing one branch - the left root child has been promoted to be the new root
Partition 0 reversible model flag computed as 1
Variable 't2.Microgale_talazaci.nonSynRate' was not initialized prior to being used
Variable 't2.Microgale_talazaci.synRate' was not initialized prior to being used
Auto-benchmarked an optimal number (3) of threads.
Set GUI update interval to every 6329-th LF evaluation.
Optimization settings:
	OPTIMIZATION_METHOD = 4
	OPTIMIZATION_PRECISION = 0.001
	MAXIMUM_ITERATIONS_PER_VARIABLE = 5000

Initial parameter values

t2.Microgale_talazaci.nonSynRate = 0.1
t2.Microgale_talazaci.synRate = 0.1
Optimization finished in 6 loop passes.
193 likelihood evaluation calls and 174 matrix exponentiations calls were made

Row and/or column partition is empty. All the data will be used by default.
Model MG94customModel assigned to Procavia_capensis
Model MG94customModel assigned to Echinops_telfairi
One branch tree supplied - hopefully this IS what you meant to do.
Rooted tree. Removing one branch - the left root child has been promoted to be the new root
Partition 0 reversible model flag computed as 1
Variable 't2.Echinops_telfairi.nonSynRate' was not initialized prior to being used
Variable 't2.Echinops_telfairi.synRate' was not initialized prior to being used
Auto-benchmarked an optimal number (4) of threads.
Set GUI update interval to every 6329-th LF evaluation.
Optimization settings:
	OPTIMIZATION_METHOD = 4
	OPTIMIZATION_PRECISION = 0.001
	MAXIMUM_ITERATIONS_PER_VARIABLE = 5000

Initial parameter values

t2.Echinops_telfairi.nonSynRate = 0.1
t2.Echinops_telfairi.synRate = 0.1
Optimization finished in 6 loop passes.
211 likelihood evaluation calls and 194 matrix exponentiations calls were made

Row and/or column partition is empty. All the data will be used by default.
Model MG94customModel assigned to Procavia_capensis
Model MG94customModel assigned to Elephantulus_edwardii
One branch tree supplied - hopefully this IS what you meant to do.
Rooted tree. Removing one branch - the left root child has been promoted to be the new root
Partition 0 reversible model flag computed as 1
Variable 't2.Elephantulus_edwardii.nonSynRate' was not initialized prior to being used
Variable 't2.Elephantulus_edwardii.synRate' was not initialized prior to being used
Auto-benchmarked an optimal number (2) of threads.
Set GUI update interval to every 6493-th LF evaluation.
Optimization settings:
	OPTIMIZATION_METHOD = 4
	OPTIMIZATION_PRECISION = 0.001
	MAXIMUM_ITERATIONS_PER_VARIABLE = 5000

Initial parameter values

t2.Elephantulus_edwardii.nonSynRate = 0.1
t2.Elephantulus_edwardii.synRate = 0.1
Optimization finished in 6 loop passes.
207 likelihood evaluation calls and 187 matrix exponentiations calls were made

Row and/or column partition is empty. All the data will be used by default.
Model MG94customModel assigned to Trichechus_manatus
Model MG94customModel assigned to Loxodonta_africana
One branch tree supplied - hopefully this IS what you meant to do.
Rooted tree. Removing one branch - the left root child has been promoted to be the new root
Partition 0 reversible model flag computed as 1
Variable 't2.Loxodonta_africana.nonSynRate' was not initialized prior to being used
Variable 't2.Loxodonta_africana.synRate' was not initialized prior to being used
Auto-benchmarked an optimal number (4) of threads.
Set GUI update interval to every 6493-th LF evaluation.
Optimization settings:
	OPTIMIZATION_METHOD = 4
	OPTIMIZATION_PRECISION = 0.001
	MAXIMUM_ITERATIONS_PER_VARIABLE = 5000

Initial parameter values

t2.Loxodonta_africana.nonSynRate = 0.1
t2.Loxodonta_africana.synRate = 0.1
Optimization finished in 6 loop passes.
251 likelihood evaluation calls and 231 matrix exponentiations calls were made

Row and/or column partition is empty. All the data will be used by default.
Model MG94customModel assigned to Trichechus_manatus
Model MG94customModel assigned to Elephas_maximus
One branch tree supplied - hopefully this IS what you meant to do.
Rooted tree. Removing one branch - the left root child has been promoted to be the new root
Partition 0 reversible model flag computed as 1
Variable 't2.Elephas_maximus.nonSynRate' was not initialized prior to being used
Variable 't2.Elephas_maximus.synRate' was not initialized prior to being used
Auto-benchmarked an optimal number (2) of threads.
Set GUI update interval to every 6250-th LF evaluation.
Optimization settings:
	OPTIMIZATION_METHOD = 4
	OPTIMIZATION_PRECISION = 0.001
	MAXIMUM_ITERATIONS_PER_VARIABLE = 5000

Initial parameter values

t2.Elephas_maximus.nonSynRate = 0.1
t2.Elephas_maximus.synRate = 0.1
Optimization finished in 6 loop passes.
239 likelihood evaluation calls and 216 matrix exponentiations calls were made

Row and/or column partition is empty. All the data will be used by default.
Model MG94customModel assigned to Trichechus_manatus
Model MG94customModel assigned to Chrysochloris_asiatica
One branch tree supplied - hopefully this IS what you meant to do.
Rooted tree. Removing one branch - the left root child has been promoted to be the new root
Partition 0 reversible model flag computed as 1
Variable 't2.Chrysochloris_asiatica.nonSynRate' was not initialized prior to being used
Variable 't2.Chrysochloris_asiatica.synRate' was not initialized prior to being used
Auto-benchmarked an optimal number (3) of threads.
Set GUI update interval to every 6329-th LF evaluation.
Optimization settings:
	OPTIMIZATION_METHOD = 4
	OPTIMIZATION_PRECISION = 0.001
	MAXIMUM_ITERATIONS_PER_VARIABLE = 5000

Initial parameter values

t2.Chrysochloris_asiatica.nonSynRate = 0.1
t2.Chrysochloris_asiatica.synRate = 0.1
Optimization finished in 6 loop passes.
175 likelihood evaluation calls and 151 matrix exponentiations calls were made

Row and/or column partition is empty. All the data will be used by default.
Model MG94customModel assigned to Trichechus_manatus
Model MG94customModel assigned to Microgale_talazaci
One branch tree supplied - hopefully this IS what you meant to do.
Rooted tree. Removing one branch - the left root child has been promoted to be the new root
Partition 0 reversible model flag computed as 1
Variable 't2.Microgale_talazaci.nonSynRate' was not initialized prior to being used
Variable 't2.Microgale_talazaci.synRate' was not initialized prior to being used
Auto-benchmarked an optimal number (4) of threads.
Set GUI update interval to every 6329-th LF evaluation.
Optimization settings:
	OPTIMIZATION_METHOD = 4
	OPTIMIZATION_PRECISION = 0.001
	MAXIMUM_ITERATIONS_PER_VARIABLE = 5000

Initial parameter values

t2.Microgale_talazaci.nonSynRate = 0.1
t2.Microgale_talazaci.synRate = 0.1
Optimization finished in 5 loop passes.
159 likelihood evaluation calls and 137 matrix exponentiations calls were made

Row and/or column partition is empty. All the data will be used by default.
Model MG94customModel assigned to Trichechus_manatus
Model MG94customModel assigned to Echinops_telfairi
One branch tree supplied - hopefully this IS what you meant to do.
Rooted tree. Removing one branch - the left root child has been promoted to be the new root
Partition 0 reversible model flag computed as 1
Variable 't2.Echinops_telfairi.nonSynRate' was not initialized prior to being used
Variable 't2.Echinops_telfairi.synRate' was not initialized prior to being used
Auto-benchmarked an optimal number (4) of threads.
Set GUI update interval to every 6410-th LF evaluation.
Optimization settings:
	OPTIMIZATION_METHOD = 4
	OPTIMIZATION_PRECISION = 0.001
	MAXIMUM_ITERATIONS_PER_VARIABLE = 5000

Initial parameter values

t2.Echinops_telfairi.nonSynRate = 0.1
t2.Echinops_telfairi.synRate = 0.1
Optimization finished in 6 loop passes.
171 likelihood evaluation calls and 149 matrix exponentiations calls were made

Row and/or column partition is empty. All the data will be used by default.
Model MG94customModel assigned to Trichechus_manatus
Model MG94customModel assigned to Elephantulus_edwardii
One branch tree supplied - hopefully this IS what you meant to do.
Rooted tree. Removing one branch - the left root child has been promoted to be the new root
Partition 0 reversible model flag computed as 1
Variable 't2.Elephantulus_edwardii.nonSynRate' was not initialized prior to being used
Variable 't2.Elephantulus_edwardii.synRate' was not initialized prior to being used
Auto-benchmarked an optimal number (3) of threads.
Set GUI update interval to every 7462-th LF evaluation.
Optimization settings:
	OPTIMIZATION_METHOD = 4
	OPTIMIZATION_PRECISION = 0.001
	MAXIMUM_ITERATIONS_PER_VARIABLE = 5000

Initial parameter values

t2.Elephantulus_edwardii.nonSynRate = 0.1
t2.Elephantulus_edwardii.synRate = 0.1
Optimization finished in 5 loop passes.
153 likelihood evaluation calls and 127 matrix exponentiations calls were made

Row and/or column partition is empty. All the data will be used by default.
Model MG94customModel assigned to Loxodonta_africana
Model MG94customModel assigned to Elephas_maximus
One branch tree supplied - hopefully this IS what you meant to do.
Rooted tree. Removing one branch - the left root child has been promoted to be the new root
Partition 0 reversible model flag computed as 1
Variable 't2.Elephas_maximus.nonSynRate' was not initialized prior to being used
Variable 't2.Elephas_maximus.synRate' was not initialized prior to being used
Auto-benchmarked an optimal number (5) of threads.
Set GUI update interval to every 6493-th LF evaluation.
Optimization settings:
	OPTIMIZATION_METHOD = 4
	OPTIMIZATION_PRECISION = 0.001
	MAXIMUM_ITERATIONS_PER_VARIABLE = 5000

Initial parameter values

t2.Elephas_maximus.nonSynRate = 0.1
t2.Elephas_maximus.synRate = 0.1
Optimization finished in 8 loop passes.
259 likelihood evaluation calls and 227 matrix exponentiations calls were made

Row and/or column partition is empty. All the data will be used by default.
Model MG94customModel assigned to Loxodonta_africana
Model MG94customModel assigned to Chrysochloris_asiatica
One branch tree supplied - hopefully this IS what you meant to do.
Rooted tree. Removing one branch - the left root child has been promoted to be the new root
Partition 0 reversible model flag computed as 1
Variable 't2.Chrysochloris_asiatica.nonSynRate' was not initialized prior to being used
Variable 't2.Chrysochloris_asiatica.synRate' was not initialized prior to being used
Auto-benchmarked an optimal number (3) of threads.
Set GUI update interval to every 6329-th LF evaluation.
Optimization settings:
	OPTIMIZATION_METHOD = 4
	OPTIMIZATION_PRECISION = 0.001
	MAXIMUM_ITERATIONS_PER_VARIABLE = 5000

Initial parameter values

t2.Chrysochloris_asiatica.nonSynRate = 0.1
t2.Chrysochloris_asiatica.synRate = 0.1
Optimization finished in 7 loop passes.
186 likelihood evaluation calls and 155 matrix exponentiations calls were made

Row and/or column partition is empty. All the data will be used by default.
Model MG94customModel assigned to Loxodonta_africana
Model MG94customModel assigned to Microgale_talazaci
One branch tree supplied - hopefully this IS what you meant to do.
Rooted tree. Removing one branch - the left root child has been promoted to be the new root
Partition 0 reversible model flag computed as 1
Variable 't2.Microgale_talazaci.nonSynRate' was not initialized prior to being used
Variable 't2.Microgale_talazaci.synRate' was not initialized prior to being used
Auto-benchmarked an optimal number (3) of threads.
Set GUI update interval to every 6410-th LF evaluation.
Optimization settings:
	OPTIMIZATION_METHOD = 4
	OPTIMIZATION_PRECISION = 0.001
	MAXIMUM_ITERATIONS_PER_VARIABLE = 5000

Initial parameter values

t2.Microgale_talazaci.nonSynRate = 0.1
t2.Microgale_talazaci.synRate = 0.1
Optimization finished in 7 loop passes.
164 likelihood evaluation calls and 145 matrix exponentiations calls were made

Row and/or column partition is empty. All the data will be used by default.
Model MG94customModel assigned to Loxodonta_africana
Model MG94customModel assigned to Echinops_telfairi
One branch tree supplied - hopefully this IS what you meant to do.
Rooted tree. Removing one branch - the left root child has been promoted to be the new root
Partition 0 reversible model flag computed as 1
Variable 't2.Echinops_telfairi.nonSynRate' was not initialized prior to being used
Variable 't2.Echinops_telfairi.synRate' was not initialized prior to being used
Auto-benchmarked an optimal number (6) of threads.
Set GUI update interval to every 7575-th LF evaluation.
Optimization settings:
	OPTIMIZATION_METHOD = 4
	OPTIMIZATION_PRECISION = 0.001
	MAXIMUM_ITERATIONS_PER_VARIABLE = 5000

Initial parameter values

t2.Echinops_telfairi.nonSynRate = 0.1
t2.Echinops_telfairi.synRate = 0.1
Optimization finished in 9 loop passes.
161 likelihood evaluation calls and 138 matrix exponentiations calls were made

Row and/or column partition is empty. All the data will be used by default.
Model MG94customModel assigned to Loxodonta_africana
Model MG94customModel assigned to Elephantulus_edwardii
One branch tree supplied - hopefully this IS what you meant to do.
Rooted tree. Removing one branch - the left root child has been promoted to be the new root
Partition 0 reversible model flag computed as 1
Variable 't2.Elephantulus_edwardii.nonSynRate' was not initialized prior to being used
Variable 't2.Elephantulus_edwardii.synRate' was not initialized prior to being used
Auto-benchmarked an optimal number (6) of threads.
Set GUI update interval to every 7352-th LF evaluation.
Optimization settings:
	OPTIMIZATION_METHOD = 4
	OPTIMIZATION_PRECISION = 0.001
	MAXIMUM_ITERATIONS_PER_VARIABLE = 5000

Initial parameter values

t2.Elephantulus_edwardii.nonSynRate = 0.1
t2.Elephantulus_edwardii.synRate = 0.1
Optimization finished in 5 loop passes.
191 likelihood evaluation calls and 169 matrix exponentiations calls were made

Row and/or column partition is empty. All the data will be used by default.
Model MG94customModel assigned to Elephas_maximus
Model MG94customModel assigned to Chrysochloris_asiatica
One branch tree supplied - hopefully this IS what you meant to do.
Rooted tree. Removing one branch - the left root child has been promoted to be the new root
Partition 0 reversible model flag computed as 1
Variable 't2.Chrysochloris_asiatica.nonSynRate' was not initialized prior to being used
Variable 't2.Chrysochloris_asiatica.synRate' was not initialized prior to being used
Auto-benchmarked an optimal number (4) of threads.
Set GUI update interval to every 7575-th LF evaluation.
Optimization settings:
	OPTIMIZATION_METHOD = 4
	OPTIMIZATION_PRECISION = 0.001
	MAXIMUM_ITERATIONS_PER_VARIABLE = 5000

Initial parameter values

t2.Chrysochloris_asiatica.nonSynRate = 0.1
t2.Chrysochloris_asiatica.synRate = 0.1
Optimization finished in 6 loop passes.
180 likelihood evaluation calls and 150 matrix exponentiations calls were made

Row and/or column partition is empty. All the data will be used by default.
Model MG94customModel assigned to Elephas_maximus
Model MG94customModel assigned to Microgale_talazaci
One branch tree supplied - hopefully this IS what you meant to do.
Rooted tree. Removing one branch - the left root child has been promoted to be the new root
Partition 0 reversible model flag computed as 1
Variable 't2.Microgale_talazaci.nonSynRate' was not initialized prior to being used
Variable 't2.Microgale_talazaci.synRate' was not initialized prior to being used
Auto-benchmarked an optimal number (4) of threads.
Set GUI update interval to every 7575-th LF evaluation.
Optimization settings:
	OPTIMIZATION_METHOD = 4
	OPTIMIZATION_PRECISION = 0.001
	MAXIMUM_ITERATIONS_PER_VARIABLE = 5000

Initial parameter values

t2.Microgale_talazaci.nonSynRate = 0.1
t2.Microgale_talazaci.synRate = 0.1
Optimization finished in 7 loop passes.
184 likelihood evaluation calls and 163 matrix exponentiations calls were made

Row and/or column partition is empty. All the data will be used by default.
Model MG94customModel assigned to Elephas_maximus
Model MG94customModel assigned to Echinops_telfairi
One branch tree supplied - hopefully this IS what you meant to do.
Rooted tree. Removing one branch - the left root child has been promoted to be the new root
Partition 0 reversible model flag computed as 1
Variable 't2.Echinops_telfairi.nonSynRate' was not initialized prior to being used
Variable 't2.Echinops_telfairi.synRate' was not initialized prior to being used
Auto-benchmarked an optimal number (5) of threads.
Set GUI update interval to every 6410-th LF evaluation.
Optimization settings:
	OPTIMIZATION_METHOD = 4
	OPTIMIZATION_PRECISION = 0.001
	MAXIMUM_ITERATIONS_PER_VARIABLE = 5000

Initial parameter values

t2.Echinops_telfairi.nonSynRate = 0.1
t2.Echinops_telfairi.synRate = 0.1
Optimization finished in 6 loop passes.
154 likelihood evaluation calls and 132 matrix exponentiations calls were made

Row and/or column partition is empty. All the data will be used by default.
Model MG94customModel assigned to Elephas_maximus
Model MG94customModel assigned to Elephantulus_edwardii
One branch tree supplied - hopefully this IS what you meant to do.
Rooted tree. Removing one branch - the left root child has been promoted to be the new root
Partition 0 reversible model flag computed as 1
Variable 't2.Elephantulus_edwardii.nonSynRate' was not initialized prior to being used
Variable 't2.Elephantulus_edwardii.synRate' was not initialized prior to being used
Auto-benchmarked an optimal number (3) of threads.
Set GUI update interval to every 6493-th LF evaluation.
Optimization settings:
	OPTIMIZATION_METHOD = 4
	OPTIMIZATION_PRECISION = 0.001
	MAXIMUM_ITERATIONS_PER_VARIABLE = 5000

Initial parameter values

t2.Elephantulus_edwardii.nonSynRate = 0.1
t2.Elephantulus_edwardii.synRate = 0.1
Optimization finished in 5 loop passes.
181 likelihood evaluation calls and 161 matrix exponentiations calls were made

Row and/or column partition is empty. All the data will be used by default.
Model MG94customModel assigned to Chrysochloris_asiatica
Model MG94customModel assigned to Microgale_talazaci
One branch tree supplied - hopefully this IS what you meant to do.
Rooted tree. Removing one branch - the left root child has been promoted to be the new root
Partition 0 reversible model flag computed as 1
Variable 't2.Microgale_talazaci.nonSynRate' was not initialized prior to being used
Variable 't2.Microgale_talazaci.synRate' was not initialized prior to being used
Auto-benchmarked an optimal number (3) of threads.
Set GUI update interval to every 6410-th LF evaluation.
Optimization settings:
	OPTIMIZATION_METHOD = 4
	OPTIMIZATION_PRECISION = 0.001
	MAXIMUM_ITERATIONS_PER_VARIABLE = 5000

Initial parameter values

t2.Microgale_talazaci.nonSynRate = 0.1
t2.Microgale_talazaci.synRate = 0.1
Optimization finished in 9 loop passes.
160 likelihood evaluation calls and 142 matrix exponentiations calls were made

Row and/or column partition is empty. All the data will be used by default.
Model MG94customModel assigned to Chrysochloris_asiatica
Model MG94customModel assigned to Echinops_telfairi
One branch tree supplied - hopefully this IS what you meant to do.
Rooted tree. Removing one branch - the left root child has been promoted to be the new root
Partition 0 reversible model flag computed as 1
Variable 't2.Echinops_telfairi.nonSynRate' was not initialized prior to being used
Variable 't2.Echinops_telfairi.synRate' was not initialized prior to being used
Auto-benchmarked an optimal number (4) of threads.
Set GUI update interval to every 7575-th LF evaluation.
Optimization settings:
	OPTIMIZATION_METHOD = 4
	OPTIMIZATION_PRECISION = 0.001
	MAXIMUM_ITERATIONS_PER_VARIABLE = 5000

Initial parameter values

t2.Echinops_telfairi.nonSynRate = 0.1
t2.Echinops_telfairi.synRate = 0.1
Optimization finished in 7 loop passes.
153 likelihood evaluation calls and 137 matrix exponentiations calls were made

Row and/or column partition is empty. All the data will be used by default.
Model MG94customModel assigned to Chrysochloris_asiatica
Model MG94customModel assigned to Elephantulus_edwardii
One branch tree supplied - hopefully this IS what you meant to do.
Rooted tree. Removing one branch - the left root child has been promoted to be the new root
Partition 0 reversible model flag computed as 1
Variable 't2.Elephantulus_edwardii.nonSynRate' was not initialized prior to being used
Variable 't2.Elephantulus_edwardii.synRate' was not initialized prior to being used
Auto-benchmarked an optimal number (5) of threads.
Set GUI update interval to every 6493-th LF evaluation.
Optimization settings:
	OPTIMIZATION_METHOD = 4
	OPTIMIZATION_PRECISION = 0.001
	MAXIMUM_ITERATIONS_PER_VARIABLE = 5000

Initial parameter values

t2.Elephantulus_edwardii.nonSynRate = 0.1
t2.Elephantulus_edwardii.synRate = 0.1
Optimization finished in 6 loop passes.
197 likelihood evaluation calls and 179 matrix exponentiations calls were made

Row and/or column partition is empty. All the data will be used by default.
Model MG94customModel assigned to Microgale_talazaci
Model MG94customModel assigned to Echinops_telfairi
One branch tree supplied - hopefully this IS what you meant to do.
Rooted tree. Removing one branch - the left root child has been promoted to be the new root
Partition 0 reversible model flag computed as 1
Variable 't2.Echinops_telfairi.nonSynRate' was not initialized prior to being used
Variable 't2.Echinops_telfairi.synRate' was not initialized prior to being used
Auto-benchmarked an optimal number (3) of threads.
Set GUI update interval to every 6410-th LF evaluation.
Optimization settings:
	OPTIMIZATION_METHOD = 4
	OPTIMIZATION_PRECISION = 0.001
	MAXIMUM_ITERATIONS_PER_VARIABLE = 5000

Initial parameter values

t2.Echinops_telfairi.nonSynRate = 0.1
t2.Echinops_telfairi.synRate = 0.1
Optimization finished in 5 loop passes.
154 likelihood evaluation calls and 138 matrix exponentiations calls were made

Row and/or column partition is empty. All the data will be used by default.
Model MG94customModel assigned to Microgale_talazaci
Model MG94customModel assigned to Elephantulus_edwardii
One branch tree supplied - hopefully this IS what you meant to do.
Rooted tree. Removing one branch - the left root child has been promoted to be the new root
Partition 0 reversible model flag computed as 1
Variable 't2.Elephantulus_edwardii.nonSynRate' was not initialized prior to being used
Variable 't2.Elephantulus_edwardii.synRate' was not initialized prior to being used
Auto-benchmarked an optimal number (3) of threads.
Set GUI update interval to every 6666-th LF evaluation.
Optimization settings:
	OPTIMIZATION_METHOD = 4
	OPTIMIZATION_PRECISION = 0.001
	MAXIMUM_ITERATIONS_PER_VARIABLE = 5000

Initial parameter values

t2.Elephantulus_edwardii.nonSynRate = 0.1
t2.Elephantulus_edwardii.synRate = 0.1
Optimization finished in 5 loop passes.
173 likelihood evaluation calls and 151 matrix exponentiations calls were made

Row and/or column partition is empty. All the data will be used by default.
Model MG94customModel assigned to Echinops_telfairi
Model MG94customModel assigned to Elephantulus_edwardii
One branch tree supplied - hopefully this IS what you meant to do.
Rooted tree. Removing one branch - the left root child has been promoted to be the new root
Partition 0 reversible model flag computed as 1
Auto-benchmarked an optimal number (2) of threads.
Set GUI update interval to every 721-th LF evaluation.
Optimization settings:
	OPTIMIZATION_METHOD = 4
	OPTIMIZATION_PRECISION = 0.001
	MAXIMUM_ITERATIONS_PER_VARIABLE = 5000

Initial parameter values

t2.Elephantulus_edwardii.nonSynRate = 0.1
t2.Elephantulus_edwardii.synRate = 0.1
Optimization finished in 5 loop passes.
164 likelihood evaluation calls and 144 matrix exponentiations calls were made
