Bos_taurus
Sus_scrofa
Ovis_aries
Orcinus_orca
Tursiops_truncatus
Capra_hircus
Bos_mutus
Bubalus_bubalis
Camelus_ferus
Vicugna_pacos
Physeter_catodon
Balaenoptera_acutorostrata
Bison_bison_bison
Camelus_bactrianus
Camelus_dromedarius
Bos_indicus
Odocoileus_virginianus_texanus
Delphinapterus_leucas
Neophocaena_asiaeorientalis
Lagenorhynchus_obliquidens
Monodon_monoceros
Globicephala_melas
Phocoena_sinus
Balaenoptera_musculus
Oryx_dammah
Cervus_canadensis
Cervus_elaphus
Axis_porcinus
Catagonus_wagneri
Giraffa_camelopardalis
Muntiacus_muntjak
Lipotes_vexillifer
Rangifer_tarandus
