Taeniopygia_guttata
Ficedula_albicollis
Melopsittacus_undulatus
Geospiza_fortis
Zonotrichia_albicollis
Pseudopodoces_humilis
Corvus_brachyrhynchos
Manacus_vitellinus
Serinus_canaria
Corvus_cornix_cornix
Sturnus_vulgaris
Parus_major
Lepidothrix_coronata
Lonchura_striata_domestica
Cyanistes_caeruleus
Neopelma_chrysocephalum
Pipra_filicauda
Empidonax_traillii
Strigops_habroptila
Camarhynchus_parvulus
Corvus_moneduloides
Catharus_ustulatus
Molothrus_ater
Motacilla_alba_alba
Passer_montanus
Hirundo_rustica
Onychostruthus_taczanowskii
Pyrgilauda_ruficollis
Corvus_kubaryi
Corvus_hawaiiensis
Manacus_candei
Vidua_chalybeata
Vidua_macroura
Melozone_crissalis
Agelaius_phoeniceus
