Homo_sapiens_neanderthalensis
Macaca_mulatta_lasiotus
Pan_troglodytes_troglodytes
Callithrix_jacchus
Pongo_abelii
Nomascus_leucogenys
Otolemur_garnettii
Pan_paniscus
Papio_anubis
Saimiri_boliviensis_boliviensis
Gorilla_gorilla_gorilla
Macaca_fascicularis_fascicularis
Chlorocebus_sabaeus
Carlito_syrichta
Rhinopithecus_roxellana
Macaca_nemestrina
Colobus_angolensis_palliatus
Mandrillus_leucophaeus
Cercocebus_atys
Aotus_nancymaae
Propithecus_coquereli
Microcebus_murinus
Cebus_imitator
Rhinopithecus_bieti
Piliocolobus_tephrosceles
Theropithecus_gelada
Hylobates_moloch
Sapajus_apella
Trachypithecus_francoisi
Lemur_catta
Macaca_thibetana_thibetana
Prolemur_simus
