
Loaded 'libv3/convenience/matrix.bf' from /usr/local/lib/hyphy/TemplateBatchFiles/libv3/convenience/matrix.bf
Loaded 'libv3/UtilityFunctions.bf' from /usr/local/lib/hyphy/TemplateBatchFiles/libv3/UtilityFunctions.bf
Loaded 'IOFunctions.bf' from /usr/local/lib/hyphy/TemplateBatchFiles/libv3/IOFunctions.bf
Already loaded 'libv3/UtilityFunctions.bf' from /usr/local/lib/hyphy/TemplateBatchFiles/libv3/UtilityFunctions.bf
Loaded 'convenience/regexp.bf' from /usr/local/lib/hyphy/TemplateBatchFiles/libv3/convenience/regexp.bf
Loaded 'libv3/all-terms.bf' from /usr/local/lib/hyphy/TemplateBatchFiles/libv3/all-terms.bf
Variable 'skipCodeSelectionStep' was not initialized prior to being used
Row and/or column partition is empty. All the data will be used by default.
Overwritten previously defined function:'GaussLaguerreQuardature'
Overwritten previously defined function:'GammaQuadWeight'
Variable 'SKIP_HARVEST_FREQ' was not initialized prior to being used
Variable '_WRAP_PASSTHROUGH_FLAG_' was not initialized prior to being used
Variable 'END_OF_FILE' was not initialized prior to being used
Variable '_DO_TREE_REBALANCE_' was not initialized prior to being used
Variable '_KEEP_I_LABELS_' was not initialized prior to being used
Model MG94customModel assigned to Equus_przewalskii
Equus_przewalskii has 2 parameters - branch length not assigned
Model MG94customModel assigned to Equus_caballus
Equus_caballus has 2 parameters - branch length not assigned
Model MG94customModel assigned to Node1
Node1 has 2 parameters - branch length not assigned
Model MG94customModel assigned to Equus_asinus
Equus_asinus has 2 parameters - branch length not assigned
Model MG94customModel assigned to Equus_quagga
Equus_quagga has 2 parameters - branch length not assigned
Model MG94customModel assigned to Node4
Node4 has 2 parameters - branch length not assigned
Model MG94customModel assigned to Ceratotherium_simum_simum
Ceratotherium_simum_simum has 2 parameters - branch length not assigned
The tips of the tree:givenTree were matched with the species names from the data in the following numeric order (0-based) {4,3,1,2,0}

Pseudo-optimal path's cost 2664 vs 4336 for 1..k=> a 1.62763 x improvement
Partition 0 reversible model flag computed as 1
Variable 'theLnLik' was not initialized prior to being used
Variable 'SAVE_OPT_STATUS_TO' was not initialized prior to being used
Variable 'givenTree.Equus_przewalskii.nonSynRate' was not initialized prior to being used
Variable 'givenTree.Equus_przewalskii.synRate' was not initialized prior to being used
Variable 'givenTree.Equus_caballus.nonSynRate' was not initialized prior to being used
Variable 'givenTree.Equus_caballus.synRate' was not initialized prior to being used
Variable 'givenTree.Equus_asinus.nonSynRate' was not initialized prior to being used
Variable 'givenTree.Equus_asinus.synRate' was not initialized prior to being used
Variable 'givenTree.Equus_quagga.nonSynRate' was not initialized prior to being used
Variable 'givenTree.Equus_quagga.synRate' was not initialized prior to being used
Variable 'givenTree.Ceratotherium_simum_simum.nonSynRate' was not initialized prior to being used
Variable 'givenTree.Ceratotherium_simum_simum.synRate' was not initialized prior to being used
Variable 'givenTree.Node1.nonSynRate' was not initialized prior to being used
Variable 'givenTree.Node1.synRate' was not initialized prior to being used
Variable 'givenTree.Node4.nonSynRate' was not initialized prior to being used
Variable 'givenTree.Node4.synRate' was not initialized prior to being used
Site 357 evaluated to a 0 probability in ComputeTreeBlockByBranch
Site 357 evaluated to a 0 probability in ComputeTreeBlockByBranch
Site 608 evaluated to a 0 probability in ComputeTreeBlockByBranch
Auto-benchmarked an optimal number (1) of threads.
Set GUI update interval to every 155-th LF evaluation.
Initial guess for givenTree.Equus_przewalskii.nonSynRate is -3.56669e-06
Initial guess for givenTree.Equus_przewalskii.synRate is 0.000140742
Initial guess for givenTree.Equus_caballus.nonSynRate is 0.00083948
Initial guess for givenTree.Equus_caballus.synRate is 0.000455705
Initial guess for givenTree.Node4.nonSynRate is 0.00154834
Initial guess for givenTree.Node4.synRate is 0.000219995
Initial guess for givenTree.Equus_asinus.nonSynRate is 0.00106431
Initial guess for givenTree.Equus_asinus.synRate is 0.000305142
Initial guess for givenTree.Equus_quagga.nonSynRate is 0.000825232
Initial guess for givenTree.Equus_quagga.synRate is 2.76744e-05
Initial guess for givenTree.Ceratotherium_simum_simum.nonSynRate is 0.0800103
Initial guess for givenTree.Ceratotherium_simum_simum.synRate is 0.03943
Optimization settings:
	OPTIMIZATION_METHOD = 4
	OPTIMIZATION_PRECISION = 0.001
	MAXIMUM_ITERATIONS_PER_VARIABLE = 5000

Initial parameter values

GT = 1
CT = 1
CG = 1
AC = 1
AT = 1
givenTree.Equus_przewalskii.synRate = 0.000140742
givenTree.Equus_przewalskii.nonSynRate = 0
givenTree.Equus_caballus.synRate = 0.000455705
givenTree.Equus_caballus.nonSynRate = 0.00083948
givenTree.Node1.synRate = 0.1
givenTree.Node1.nonSynRate = 0.1
givenTree.Equus_asinus.synRate = 0.000305142
givenTree.Equus_asinus.nonSynRate = 0.00106431
givenTree.Equus_quagga.synRate = 2.76744e-05
givenTree.Equus_quagga.nonSynRate = 0.000825232
givenTree.Node4.synRate = 0.000219995
givenTree.Node4.nonSynRate = 0.00154834
givenTree.Ceratotherium_simum_simum.synRate = 0.03943
givenTree.Ceratotherium_simum_simum.nonSynRate = 0.0800103
Optimization finished in 24 loop passes.
1631 likelihood evaluation calls and 5260 matrix exponentiations calls were made

Variable 'lastDepth' was not initialized prior to being used
No nodel was assigned to Equus_przewalskii
Equus_przewalskii has 0 parameters - branch length not assigned
No nodel was assigned to Equus_caballus
Equus_caballus has 0 parameters - branch length not assigned
No nodel was assigned to Node1
Node1 has 0 parameters - branch length not assigned
No nodel was assigned to Equus_asinus
Equus_asinus has 0 parameters - branch length not assigned
No nodel was assigned to Equus_quagga
Equus_quagga has 0 parameters - branch length not assigned
No nodel was assigned to Node4
Node4 has 0 parameters - branch length not assigned
No nodel was assigned to Ceratotherium_simum_simum
Ceratotherium_simum_simum has 0 parameters - branch length not assigned
No nodel was assigned to Equus_przewalskii
Equus_przewalskii has 0 parameters - branch length not assigned
No nodel was assigned to Equus_caballus
Equus_caballus has 0 parameters - branch length not assigned
No nodel was assigned to Node1
Node1 has 0 parameters - branch length not assigned
No nodel was assigned to Equus_asinus
Equus_asinus has 0 parameters - branch length not assigned
No nodel was assigned to Equus_quagga
Equus_quagga has 0 parameters - branch length not assigned
No nodel was assigned to Node4
Node4 has 0 parameters - branch length not assigned
No nodel was assigned to Ceratotherium_simum_simum
Ceratotherium_simum_simum has 0 parameters - branch length not assigned
No nodel was assigned to Equus_przewalskii
Equus_przewalskii has 0 parameters - branch length not assigned
No nodel was assigned to Equus_caballus
Equus_caballus has 0 parameters - branch length not assigned
No nodel was assigned to Node1
Node1 has 0 parameters - branch length not assigned
No nodel was assigned to Equus_asinus
Equus_asinus has 0 parameters - branch length not assigned
No nodel was assigned to Equus_quagga
Equus_quagga has 0 parameters - branch length not assigned
No nodel was assigned to Node4
Node4 has 0 parameters - branch length not assigned
No nodel was assigned to Ceratotherium_simum_simum
Ceratotherium_simum_simum has 0 parameters - branch length not assigned
No nodel was assigned to Equus_przewalskii
Equus_przewalskii has 0 parameters - branch length not assigned
No nodel was assigned to Equus_caballus
Equus_caballus has 0 parameters - branch length not assigned
No nodel was assigned to Node1
Node1 has 0 parameters - branch length not assigned
No nodel was assigned to Equus_asinus
Equus_asinus has 0 parameters - branch length not assigned
No nodel was assigned to Equus_quagga
Equus_quagga has 0 parameters - branch length not assigned
No nodel was assigned to Node4
Node4 has 0 parameters - branch length not assigned
No nodel was assigned to Ceratotherium_simum_simum
Ceratotherium_simum_simum has 0 parameters - branch length not assigned
Variable 'nodeName' was not initialized prior to being used
Variable 'speciesIndex' was not initialized prior to being used
Row and/or column partition is empty. All the data will be used by default.
Model MG94customModel assigned to Equus_przewalskii
Model MG94customModel assigned to Equus_caballus
One branch tree supplied - hopefully this IS what you meant to do.
Rooted tree. Removing one branch - the left root child has been promoted to be the new root
Partition 0 reversible model flag computed as 1
Variable 'twoLnLik' was not initialized prior to being used
Variable 't2.Equus_caballus.nonSynRate' was not initialized prior to being used
Variable 't2.Equus_caballus.synRate' was not initialized prior to being used
Auto-benchmarked an optimal number (4) of threads.
Set GUI update interval to every 8771-th LF evaluation.
Optimization settings:
	OPTIMIZATION_METHOD = 4
	OPTIMIZATION_PRECISION = 0.001
	MAXIMUM_ITERATIONS_PER_VARIABLE = 5000

Initial parameter values

t2.Equus_caballus.nonSynRate = 0.1
t2.Equus_caballus.synRate = 0.1
Optimization finished in 6 loop passes.
221 likelihood evaluation calls and 201 matrix exponentiations calls were made

Row and/or column partition is empty. All the data will be used by default.
Model MG94customModel assigned to Equus_przewalskii
Model MG94customModel assigned to Equus_asinus
One branch tree supplied - hopefully this IS what you meant to do.
Rooted tree. Removing one branch - the left root child has been promoted to be the new root
Partition 0 reversible model flag computed as 1
Variable 't2.Equus_asinus.nonSynRate' was not initialized prior to being used
Variable 't2.Equus_asinus.synRate' was not initialized prior to being used
Auto-benchmarked an optimal number (3) of threads.
Set GUI update interval to every 8474-th LF evaluation.
Optimization settings:
	OPTIMIZATION_METHOD = 4
	OPTIMIZATION_PRECISION = 0.001
	MAXIMUM_ITERATIONS_PER_VARIABLE = 5000

Initial parameter values

t2.Equus_asinus.nonSynRate = 0.1
t2.Equus_asinus.synRate = 0.1
Optimization finished in 9 loop passes.
193 likelihood evaluation calls and 183 matrix exponentiations calls were made

Row and/or column partition is empty. All the data will be used by default.
Model MG94customModel assigned to Equus_przewalskii
Model MG94customModel assigned to Equus_quagga
One branch tree supplied - hopefully this IS what you meant to do.
Rooted tree. Removing one branch - the left root child has been promoted to be the new root
Partition 0 reversible model flag computed as 1
Variable 't2.Equus_quagga.synRate' was not initialized prior to being used
Variable 't2.Equus_quagga.nonSynRate' was not initialized prior to being used
Auto-benchmarked an optimal number (4) of threads.
Set GUI update interval to every 8620-th LF evaluation.
Optimization settings:
	OPTIMIZATION_METHOD = 4
	OPTIMIZATION_PRECISION = 0.001
	MAXIMUM_ITERATIONS_PER_VARIABLE = 5000

Initial parameter values

t2.Equus_quagga.synRate = 0.1
t2.Equus_quagga.nonSynRate = 0.1
Optimization finished in 8 loop passes.
185 likelihood evaluation calls and 174 matrix exponentiations calls were made

Row and/or column partition is empty. All the data will be used by default.
Model MG94customModel assigned to Equus_przewalskii
Model MG94customModel assigned to Ceratotherium_simum_simum
One branch tree supplied - hopefully this IS what you meant to do.
Rooted tree. Removing one branch - the left root child has been promoted to be the new root
Partition 0 reversible model flag computed as 1
Variable 't2.Ceratotherium_simum_simum.nonSynRate' was not initialized prior to being used
Variable 't2.Ceratotherium_simum_simum.synRate' was not initialized prior to being used
Auto-benchmarked an optimal number (4) of threads.
Set GUI update interval to every 8771-th LF evaluation.
Optimization settings:
	OPTIMIZATION_METHOD = 4
	OPTIMIZATION_PRECISION = 0.001
	MAXIMUM_ITERATIONS_PER_VARIABLE = 5000

Initial parameter values

t2.Ceratotherium_simum_simum.nonSynRate = 0.1
t2.Ceratotherium_simum_simum.synRate = 0.1
Optimization finished in 9 loop passes.
214 likelihood evaluation calls and 197 matrix exponentiations calls were made

Row and/or column partition is empty. All the data will be used by default.
Model MG94customModel assigned to Equus_caballus
Model MG94customModel assigned to Equus_asinus
One branch tree supplied - hopefully this IS what you meant to do.
Rooted tree. Removing one branch - the left root child has been promoted to be the new root
Partition 0 reversible model flag computed as 1
Variable 't2.Equus_asinus.synRate' was not initialized prior to being used
Variable 't2.Equus_asinus.nonSynRate' was not initialized prior to being used
Auto-benchmarked an optimal number (4) of threads.
Set GUI update interval to every 8620-th LF evaluation.
Optimization settings:
	OPTIMIZATION_METHOD = 4
	OPTIMIZATION_PRECISION = 0.001
	MAXIMUM_ITERATIONS_PER_VARIABLE = 5000

Initial parameter values

t2.Equus_asinus.synRate = 0.1
t2.Equus_asinus.nonSynRate = 0.1
Optimization finished in 7 loop passes.
85 likelihood evaluation calls and 80 matrix exponentiations calls were made

Row and/or column partition is empty. All the data will be used by default.
Model MG94customModel assigned to Equus_caballus
Model MG94customModel assigned to Equus_quagga
One branch tree supplied - hopefully this IS what you meant to do.
Rooted tree. Removing one branch - the left root child has been promoted to be the new root
Partition 0 reversible model flag computed as 1
Variable 't2.Equus_quagga.nonSynRate' was not initialized prior to being used
Variable 't2.Equus_quagga.synRate' was not initialized prior to being used
Auto-benchmarked an optimal number (4) of threads.
Set GUI update interval to every 8620-th LF evaluation.
Optimization settings:
	OPTIMIZATION_METHOD = 4
	OPTIMIZATION_PRECISION = 0.001
	MAXIMUM_ITERATIONS_PER_VARIABLE = 5000

Initial parameter values

t2.Equus_quagga.nonSynRate = 0.1
t2.Equus_quagga.synRate = 0.1
Optimization finished in 6 loop passes.
150 likelihood evaluation calls and 133 matrix exponentiations calls were made

Row and/or column partition is empty. All the data will be used by default.
Model MG94customModel assigned to Equus_caballus
Model MG94customModel assigned to Ceratotherium_simum_simum
One branch tree supplied - hopefully this IS what you meant to do.
Rooted tree. Removing one branch - the left root child has been promoted to be the new root
Partition 0 reversible model flag computed as 1
Variable 't2.Ceratotherium_simum_simum.nonSynRate' was not initialized prior to being used
Variable 't2.Ceratotherium_simum_simum.synRate' was not initialized prior to being used
Auto-benchmarked an optimal number (5) of threads.
Set GUI update interval to every 8620-th LF evaluation.
Optimization settings:
	OPTIMIZATION_METHOD = 4
	OPTIMIZATION_PRECISION = 0.001
	MAXIMUM_ITERATIONS_PER_VARIABLE = 5000

Initial parameter values

t2.Ceratotherium_simum_simum.nonSynRate = 0.1
t2.Ceratotherium_simum_simum.synRate = 0.1
Optimization finished in 6 loop passes.
150 likelihood evaluation calls and 129 matrix exponentiations calls were made

Row and/or column partition is empty. All the data will be used by default.
Model MG94customModel assigned to Equus_asinus
Model MG94customModel assigned to Equus_quagga
One branch tree supplied - hopefully this IS what you meant to do.
Rooted tree. Removing one branch - the left root child has been promoted to be the new root
Partition 0 reversible model flag computed as 1
Variable 't2.Equus_quagga.nonSynRate' was not initialized prior to being used
Variable 't2.Equus_quagga.synRate' was not initialized prior to being used
Auto-benchmarked an optimal number (4) of threads.
Set GUI update interval to every 8620-th LF evaluation.
Optimization settings:
	OPTIMIZATION_METHOD = 4
	OPTIMIZATION_PRECISION = 0.001
	MAXIMUM_ITERATIONS_PER_VARIABLE = 5000

Initial parameter values

t2.Equus_quagga.nonSynRate = 0.1
t2.Equus_quagga.synRate = 0.1
Optimization finished in 6 loop passes.
239 likelihood evaluation calls and 206 matrix exponentiations calls were made

Row and/or column partition is empty. All the data will be used by default.
Model MG94customModel assigned to Equus_asinus
Model MG94customModel assigned to Ceratotherium_simum_simum
One branch tree supplied - hopefully this IS what you meant to do.
Rooted tree. Removing one branch - the left root child has been promoted to be the new root
Partition 0 reversible model flag computed as 1
Variable 't2.Ceratotherium_simum_simum.nonSynRate' was not initialized prior to being used
Variable 't2.Ceratotherium_simum_simum.synRate' was not initialized prior to being used
Auto-benchmarked an optimal number (4) of threads.
Set GUI update interval to every 8620-th LF evaluation.
Optimization settings:
	OPTIMIZATION_METHOD = 4
	OPTIMIZATION_PRECISION = 0.001
	MAXIMUM_ITERATIONS_PER_VARIABLE = 5000

Initial parameter values

t2.Ceratotherium_simum_simum.nonSynRate = 0.1
t2.Ceratotherium_simum_simum.synRate = 0.1
Optimization finished in 8 loop passes.
238 likelihood evaluation calls and 209 matrix exponentiations calls were made

Row and/or column partition is empty. All the data will be used by default.
Model MG94customModel assigned to Equus_quagga
Model MG94customModel assigned to Ceratotherium_simum_simum
One branch tree supplied - hopefully this IS what you meant to do.
Rooted tree. Removing one branch - the left root child has been promoted to be the new root
Partition 0 reversible model flag computed as 1
Auto-benchmarked an optimal number (2) of threads.
Set GUI update interval to every 1265-th LF evaluation.
Optimization settings:
	OPTIMIZATION_METHOD = 4
	OPTIMIZATION_PRECISION = 0.001
	MAXIMUM_ITERATIONS_PER_VARIABLE = 5000

Initial parameter values

t2.Ceratotherium_simum_simum.nonSynRate = 0.1
t2.Ceratotherium_simum_simum.synRate = 0.1
Optimization finished in 7 loop passes.
102 likelihood evaluation calls and 93 matrix exponentiations calls were made
