
Loaded 'libv3/convenience/matrix.bf' from /usr/local/lib/hyphy/TemplateBatchFiles/libv3/convenience/matrix.bf
Loaded 'libv3/UtilityFunctions.bf' from /usr/local/lib/hyphy/TemplateBatchFiles/libv3/UtilityFunctions.bf
Loaded 'IOFunctions.bf' from /usr/local/lib/hyphy/TemplateBatchFiles/libv3/IOFunctions.bf
Already loaded 'libv3/UtilityFunctions.bf' from /usr/local/lib/hyphy/TemplateBatchFiles/libv3/UtilityFunctions.bf
Loaded 'convenience/regexp.bf' from /usr/local/lib/hyphy/TemplateBatchFiles/libv3/convenience/regexp.bf
Loaded 'libv3/all-terms.bf' from /usr/local/lib/hyphy/TemplateBatchFiles/libv3/all-terms.bf
Variable 'skipCodeSelectionStep' was not initialized prior to being used
Row and/or column partition is empty. All the data will be used by default.
Overwritten previously defined function:'GaussLaguerreQuardature'
Overwritten previously defined function:'GammaQuadWeight'
Variable 'SKIP_HARVEST_FREQ' was not initialized prior to being used
Variable '_WRAP_PASSTHROUGH_FLAG_' was not initialized prior to being used
Variable 'END_OF_FILE' was not initialized prior to being used
Variable '_DO_TREE_REBALANCE_' was not initialized prior to being used
Variable '_KEEP_I_LABELS_' was not initialized prior to being used
Model MG94customModel assigned to Amblyraja_radiata
Amblyraja_radiata has 2 parameters - branch length not assigned
Model MG94customModel assigned to Pristis_pectinata
Pristis_pectinata has 2 parameters - branch length not assigned
Model MG94customModel assigned to Node1
Node1 has 2 parameters - branch length not assigned
Model MG94customModel assigned to Carcharodon_carcharias
Carcharodon_carcharias has 2 parameters - branch length not assigned
Model MG94customModel assigned to Scyliorhinus_canicula
Scyliorhinus_canicula has 2 parameters - branch length not assigned
Model MG94customModel assigned to Node4
Node4 has 2 parameters - branch length not assigned
Model MG94customModel assigned to Callorhinchus_milii
Callorhinchus_milii has 2 parameters - branch length not assigned
The tips of the tree:givenTree were matched with the species names from the data in the following numeric order (0-based) {1,2,4,3,0}

Pseudo-optimal path's cost 11139 vs 14991 for 1..k=> a 1.34581 x improvement
Partition 0 reversible model flag computed as 1
Variable 'theLnLik' was not initialized prior to being used
Variable 'SAVE_OPT_STATUS_TO' was not initialized prior to being used
Variable 'givenTree.Amblyraja_radiata.nonSynRate' was not initialized prior to being used
Variable 'givenTree.Amblyraja_radiata.synRate' was not initialized prior to being used
Variable 'givenTree.Pristis_pectinata.nonSynRate' was not initialized prior to being used
Variable 'givenTree.Pristis_pectinata.synRate' was not initialized prior to being used
Variable 'givenTree.Carcharodon_carcharias.nonSynRate' was not initialized prior to being used
Variable 'givenTree.Carcharodon_carcharias.synRate' was not initialized prior to being used
Variable 'givenTree.Scyliorhinus_canicula.nonSynRate' was not initialized prior to being used
Variable 'givenTree.Scyliorhinus_canicula.synRate' was not initialized prior to being used
Variable 'givenTree.Callorhinchus_milii.nonSynRate' was not initialized prior to being used
Variable 'givenTree.Callorhinchus_milii.synRate' was not initialized prior to being used
Variable 'givenTree.Node1.nonSynRate' was not initialized prior to being used
Variable 'givenTree.Node1.synRate' was not initialized prior to being used
Variable 'givenTree.Node4.nonSynRate' was not initialized prior to being used
Variable 'givenTree.Node4.synRate' was not initialized prior to being used
Site 3 evaluated to a 0 probability in ComputeTreeBlockByBranch
Site 1230 evaluated to a 0 probability in ComputeTreeBlockByBranch
Site 3 evaluated to a 0 probability in ComputeTreeBlockByBranch
Site 264 evaluated to a 0 probability in ComputeTreeBlockByBranch
Site 3 evaluated to a 0 probability in ComputeTreeBlockByBranch
Site 178 evaluated to a 0 probability in ComputeTreeBlockByBranch
Site 86 evaluated to a 0 probability in ComputeTreeBlockByBranch
Site 3 evaluated to a 0 probability in ComputeTreeBlockByBranch
Site 1230 evaluated to a 0 probability in ComputeTreeBlockByBranch
Site 1683 evaluated to a 0 probability in ComputeTreeBlockByBranch
Site 1364 evaluated to a 0 probability in ComputeTreeBlockByBranch
Site 3 evaluated to a 0 probability in ComputeTreeBlockByBranch
Site 2066 evaluated to a 0 probability in ComputeTreeBlockByBranch
Site 748 evaluated to a 0 probability in ComputeTreeBlockByBranch
Site 884 evaluated to a 0 probability in ComputeTreeBlockByBranch
Site 264 evaluated to a 0 probability in ComputeTreeBlockByBranch
Site 1287 evaluated to a 0 probability in ComputeTreeBlockByBranch
Site 3 evaluated to a 0 probability in ComputeTreeBlockByBranch
Site 178 evaluated to a 0 probability in ComputeTreeBlockByBranch
Site 1230 evaluated to a 0 probability in ComputeTreeBlockByBranch
Site 2123 evaluated to a 0 probability in ComputeTreeBlockByBranch
Site 360 evaluated to a 0 probability in ComputeTreeBlockByBranch
Site 314 evaluated to a 0 probability in ComputeTreeBlockByBranch
Site 425 evaluated to a 0 probability in ComputeTreeBlockByBranch
Site 807 evaluated to a 0 probability in ComputeTreeBlockByBranch
Site 3 evaluated to a 0 probability in ComputeTreeBlockByBranch
Site 1512 evaluated to a 0 probability in ComputeTreeBlockByBranch
Site 1960 evaluated to a 0 probability in ComputeTreeBlockByBranch
Site 1230 evaluated to a 0 probability in ComputeTreeBlockByBranch
Site 86 evaluated to a 0 probability in ComputeTreeBlockByBranch
Site 389 evaluated to a 0 probability in ComputeTreeBlockByBranch
Site 1434 evaluated to a 0 probability in ComputeTreeBlockByBranch
Site 3 evaluated to a 0 probability in ComputeTreeBlockByBranch
Site 1683 evaluated to a 0 probability in ComputeTreeBlockByBranch
Site 568 evaluated to a 0 probability in ComputeTreeBlockByBranch
Site 1928 evaluated to a 0 probability in ComputeTreeBlockByBranch
Site 232 evaluated to a 0 probability in ComputeTreeBlockByBranch
Site 1477 evaluated to a 0 probability in ComputeTreeBlockByBranch
Site 1239 evaluated to a 0 probability in ComputeTreeBlockByBranch
Site 935 evaluated to a 0 probability in ComputeTreeBlockByBranch
Site 3 evaluated to a 0 probability in ComputeTreeBlockByBranch
Site 1318 evaluated to a 0 probability in ComputeTreeBlockByBranch
Site 1240 evaluated to a 0 probability in ComputeTreeBlockByBranch
Site 1735 evaluated to a 0 probability in ComputeTreeBlockByBranch
Site 2085 evaluated to a 0 probability in ComputeTreeBlockByBranch
Site 1364 evaluated to a 0 probability in ComputeTreeBlockByBranch
Site 884 evaluated to a 0 probability in ComputeTreeBlockByBranch
Site 1422 evaluated to a 0 probability in ComputeTreeBlockByBranch
Site 1257 evaluated to a 0 probability in ComputeTreeBlockByBranch
Site 3 evaluated to a 0 probability in ComputeTreeBlockByBranch
Site 748 evaluated to a 0 probability in ComputeTreeBlockByBranch
Site 1866 evaluated to a 0 probability in ComputeTreeBlockByBranch
Site 1230 evaluated to a 0 probability in ComputeTreeBlockByBranch
Site 2035 evaluated to a 0 probability in ComputeTreeBlockByBranch
Site 2066 evaluated to a 0 probability in ComputeTreeBlockByBranch
Site 379 evaluated to a 0 probability in ComputeTreeBlockByBranch
Site 1071 evaluated to a 0 probability in ComputeTreeBlockByBranch
Site 567 evaluated to a 0 probability in ComputeTreeBlockByBranch
Site 1146 evaluated to a 0 probability in ComputeTreeBlockByBranch
Site 321 evaluated to a 0 probability in ComputeTreeBlockByBranch
Site 3 evaluated to a 0 probability in ComputeTreeBlockByBranch
Site 126 evaluated to a 0 probability in ComputeTreeBlockByBranch
Site 2102 evaluated to a 0 probability in ComputeTreeBlockByBranch
Site 1455 evaluated to a 0 probability in ComputeTreeBlockByBranch
Site 1613 evaluated to a 0 probability in ComputeTreeBlockByBranch
Site 1992 evaluated to a 0 probability in ComputeTreeBlockByBranch
Site 264 evaluated to a 0 probability in ComputeTreeBlockByBranch
Site 1287 evaluated to a 0 probability in ComputeTreeBlockByBranch
Site 611 evaluated to a 0 probability in ComputeTreeBlockByBranch
Site 253 evaluated to a 0 probability in ComputeTreeBlockByBranch
Site 86 evaluated to a 0 probability in ComputeTreeBlockByBranch
Site 3 evaluated to a 0 probability in ComputeTreeBlockByBranch
Site 1230 evaluated to a 0 probability in ComputeTreeBlockByBranch
Site 1683 evaluated to a 0 probability in ComputeTreeBlockByBranch
Site 1201 evaluated to a 0 probability in ComputeTreeBlockByBranch
Site 178 evaluated to a 0 probability in ComputeTreeBlockByBranch
Site 2123 evaluated to a 0 probability in ComputeTreeBlockByBranch
Site 1634 evaluated to a 0 probability in ComputeTreeBlockByBranch
Site 944 evaluated to a 0 probability in ComputeTreeBlockByBranch
Site 947 evaluated to a 0 probability in ComputeTreeBlockByBranch
Site 385 evaluated to a 0 probability in ComputeTreeBlockByBranch
Site 270 evaluated to a 0 probability in ComputeTreeBlockByBranch
Site 1454 evaluated to a 0 probability in ComputeTreeBlockByBranch
Site 667 evaluated to a 0 probability in ComputeTreeBlockByBranch
Site 571 evaluated to a 0 probability in ComputeTreeBlockByBranch
Site 43 evaluated to a 0 probability in ComputeTreeBlockByBranch
Site 1718 evaluated to a 0 probability in ComputeTreeBlockByBranch
Site 3 evaluated to a 0 probability in ComputeTreeBlockByBranch
Site 1902 evaluated to a 0 probability in ComputeTreeBlockByBranch
Site 1987 evaluated to a 0 probability in ComputeTreeBlockByBranch
Site 1921 evaluated to a 0 probability in ComputeTreeBlockByBranch
Site 781 evaluated to a 0 probability in ComputeTreeBlockByBranch
Site 425 evaluated to a 0 probability in ComputeTreeBlockByBranch
Site 314 evaluated to a 0 probability in ComputeTreeBlockByBranch
Site 925 evaluated to a 0 probability in ComputeTreeBlockByBranch
Site 360 evaluated to a 0 probability in ComputeTreeBlockByBranch
Site 1230 evaluated to a 0 probability in ComputeTreeBlockByBranch
Site 240 evaluated to a 0 probability in ComputeTreeBlockByBranch
Site 807 evaluated to a 0 probability in ComputeTreeBlockByBranch
Site 1960 evaluated to a 0 probability in ComputeTreeBlockByBranch
Site 907 evaluated to a 0 probability in ComputeTreeBlockByBranch
Site 3 evaluated to a 0 probability in ComputeTreeBlockByBranch
Site 1898 evaluated to a 0 probability in ComputeTreeBlockByBranch
Site 1512 evaluated to a 0 probability in ComputeTreeBlockByBranch
Site 2192 evaluated to a 0 probability in ComputeTreeBlockByBranch
Site 654 evaluated to a 0 probability in ComputeTreeBlockByBranch
Site 82 evaluated to a 0 probability in ComputeTreeBlockByBranch
Site 555 evaluated to a 0 probability in ComputeTreeBlockByBranch
Site 506 evaluated to a 0 probability in ComputeTreeBlockByBranch
Site 1046 evaluated to a 0 probability in ComputeTreeBlockByBranch
Site 671 evaluated to a 0 probability in ComputeTreeBlockByBranch
Site 42 evaluated to a 0 probability in ComputeTreeBlockByBranch
Site 1433 evaluated to a 0 probability in ComputeTreeBlockByBranch
Site 1155 evaluated to a 0 probability in ComputeTreeBlockByBranch
Site 1449 evaluated to a 0 probability in ComputeTreeBlockByBranch
Site 3 evaluated to a 0 probability in ComputeTreeBlockByBranch
Site 1887 evaluated to a 0 probability in ComputeTreeBlockByBranch
Site 1855 evaluated to a 0 probability in ComputeTreeBlockByBranch
Site 1729 evaluated to a 0 probability in ComputeTreeBlockByBranch
Site 2105 evaluated to a 0 probability in ComputeTreeBlockByBranch
Auto-benchmarked an optimal number (14) of threads.
Set GUI update interval to every 258-th LF evaluation.
Initial guess for givenTree.Amblyraja_radiata.nonSynRate is 0.0562478
Initial guess for givenTree.Amblyraja_radiata.synRate is 0.0378149
Initial guess for givenTree.Pristis_pectinata.nonSynRate is 0.0313112
Initial guess for givenTree.Pristis_pectinata.synRate is 0.0208475
Initial guess for givenTree.Node4.nonSynRate is 0.0496272
Initial guess for givenTree.Node4.synRate is 0.0303731
Initial guess for givenTree.Carcharodon_carcharias.nonSynRate is 0.0333287
Initial guess for givenTree.Carcharodon_carcharias.synRate is 0.0181479
Initial guess for givenTree.Scyliorhinus_canicula.nonSynRate is 0.0463973
Initial guess for givenTree.Scyliorhinus_canicula.synRate is 0.0305261
Initial guess for givenTree.Callorhinchus_milii.nonSynRate is 0.161233
Initial guess for givenTree.Callorhinchus_milii.synRate is 0.141641
Optimization settings:
	OPTIMIZATION_METHOD = 4
	OPTIMIZATION_PRECISION = 0.001
	MAXIMUM_ITERATIONS_PER_VARIABLE = 5000

Initial parameter values

GT = 1
CT = 1
CG = 1
AC = 1
AT = 1
givenTree.Amblyraja_radiata.synRate = 0.0378149
givenTree.Amblyraja_radiata.nonSynRate = 0.0562478
givenTree.Pristis_pectinata.synRate = 0.0208475
givenTree.Pristis_pectinata.nonSynRate = 0.0313112
givenTree.Node1.synRate = 0.1
givenTree.Node1.nonSynRate = 0.1
givenTree.Carcharodon_carcharias.synRate = 0.0181479
givenTree.Carcharodon_carcharias.nonSynRate = 0.0333287
givenTree.Scyliorhinus_canicula.synRate = 0.0305261
givenTree.Scyliorhinus_canicula.nonSynRate = 0.0463973
givenTree.Node4.synRate = 0.0303731
givenTree.Node4.nonSynRate = 0.0496272
givenTree.Callorhinchus_milii.synRate = 0.141641
givenTree.Callorhinchus_milii.nonSynRate = 0.161233
Optimization finished in 25 loop passes.
1606 likelihood evaluation calls and 5534 matrix exponentiations calls were made

Variable 'lastDepth' was not initialized prior to being used
No nodel was assigned to Amblyraja_radiata
Amblyraja_radiata has 0 parameters - branch length not assigned
No nodel was assigned to Pristis_pectinata
Pristis_pectinata has 0 parameters - branch length not assigned
No nodel was assigned to Node1
Node1 has 0 parameters - branch length not assigned
No nodel was assigned to Carcharodon_carcharias
Carcharodon_carcharias has 0 parameters - branch length not assigned
No nodel was assigned to Scyliorhinus_canicula
Scyliorhinus_canicula has 0 parameters - branch length not assigned
No nodel was assigned to Node4
Node4 has 0 parameters - branch length not assigned
No nodel was assigned to Callorhinchus_milii
Callorhinchus_milii has 0 parameters - branch length not assigned
No nodel was assigned to Amblyraja_radiata
Amblyraja_radiata has 0 parameters - branch length not assigned
No nodel was assigned to Pristis_pectinata
Pristis_pectinata has 0 parameters - branch length not assigned
No nodel was assigned to Node1
Node1 has 0 parameters - branch length not assigned
No nodel was assigned to Carcharodon_carcharias
Carcharodon_carcharias has 0 parameters - branch length not assigned
No nodel was assigned to Scyliorhinus_canicula
Scyliorhinus_canicula has 0 parameters - branch length not assigned
No nodel was assigned to Node4
Node4 has 0 parameters - branch length not assigned
No nodel was assigned to Callorhinchus_milii
Callorhinchus_milii has 0 parameters - branch length not assigned
No nodel was assigned to Amblyraja_radiata
Amblyraja_radiata has 0 parameters - branch length not assigned
No nodel was assigned to Pristis_pectinata
Pristis_pectinata has 0 parameters - branch length not assigned
No nodel was assigned to Node1
Node1 has 0 parameters - branch length not assigned
No nodel was assigned to Carcharodon_carcharias
Carcharodon_carcharias has 0 parameters - branch length not assigned
No nodel was assigned to Scyliorhinus_canicula
Scyliorhinus_canicula has 0 parameters - branch length not assigned
No nodel was assigned to Node4
Node4 has 0 parameters - branch length not assigned
No nodel was assigned to Callorhinchus_milii
Callorhinchus_milii has 0 parameters - branch length not assigned
No nodel was assigned to Amblyraja_radiata
Amblyraja_radiata has 0 parameters - branch length not assigned
No nodel was assigned to Pristis_pectinata
Pristis_pectinata has 0 parameters - branch length not assigned
No nodel was assigned to Node1
Node1 has 0 parameters - branch length not assigned
No nodel was assigned to Carcharodon_carcharias
Carcharodon_carcharias has 0 parameters - branch length not assigned
No nodel was assigned to Scyliorhinus_canicula
Scyliorhinus_canicula has 0 parameters - branch length not assigned
No nodel was assigned to Node4
Node4 has 0 parameters - branch length not assigned
No nodel was assigned to Callorhinchus_milii
Callorhinchus_milii has 0 parameters - branch length not assigned
Variable 'nodeName' was not initialized prior to being used
Variable 'speciesIndex' was not initialized prior to being used
Row and/or column partition is empty. All the data will be used by default.
Model MG94customModel assigned to Amblyraja_radiata
Model MG94customModel assigned to Pristis_pectinata
One branch tree supplied - hopefully this IS what you meant to do.
Rooted tree. Removing one branch - the left root child has been promoted to be the new root
Partition 0 reversible model flag computed as 1
Variable 'twoLnLik' was not initialized prior to being used
Variable 't2.Pristis_pectinata.nonSynRate' was not initialized prior to being used
Variable 't2.Pristis_pectinata.synRate' was not initialized prior to being used
Auto-benchmarked an optimal number (3) of threads.
Set GUI update interval to every 8620-th LF evaluation.
Optimization settings:
	OPTIMIZATION_METHOD = 4
	OPTIMIZATION_PRECISION = 0.001
	MAXIMUM_ITERATIONS_PER_VARIABLE = 5000

Initial parameter values

t2.Pristis_pectinata.nonSynRate = 0.1
t2.Pristis_pectinata.synRate = 0.1
Optimization finished in 6 loop passes.
261 likelihood evaluation calls and 236 matrix exponentiations calls were made

Row and/or column partition is empty. All the data will be used by default.
Model MG94customModel assigned to Amblyraja_radiata
Model MG94customModel assigned to Carcharodon_carcharias
One branch tree supplied - hopefully this IS what you meant to do.
Rooted tree. Removing one branch - the left root child has been promoted to be the new root
Partition 0 reversible model flag computed as 1
Variable 't2.Carcharodon_carcharias.nonSynRate' was not initialized prior to being used
Variable 't2.Carcharodon_carcharias.synRate' was not initialized prior to being used
Auto-benchmarked an optimal number (4) of threads.
Set GUI update interval to every 8620-th LF evaluation.
Optimization settings:
	OPTIMIZATION_METHOD = 4
	OPTIMIZATION_PRECISION = 0.001
	MAXIMUM_ITERATIONS_PER_VARIABLE = 5000

Initial parameter values

t2.Carcharodon_carcharias.nonSynRate = 0.1
t2.Carcharodon_carcharias.synRate = 0.1
Optimization finished in 6 loop passes.
251 likelihood evaluation calls and 229 matrix exponentiations calls were made

Row and/or column partition is empty. All the data will be used by default.
Model MG94customModel assigned to Amblyraja_radiata
Model MG94customModel assigned to Scyliorhinus_canicula
One branch tree supplied - hopefully this IS what you meant to do.
Rooted tree. Removing one branch - the left root child has been promoted to be the new root
Partition 0 reversible model flag computed as 1
Variable 't2.Scyliorhinus_canicula.synRate' was not initialized prior to being used
Variable 't2.Scyliorhinus_canicula.nonSynRate' was not initialized prior to being used
Auto-benchmarked an optimal number (4) of threads.
Set GUI update interval to every 9615-th LF evaluation.
Optimization settings:
	OPTIMIZATION_METHOD = 4
	OPTIMIZATION_PRECISION = 0.001
	MAXIMUM_ITERATIONS_PER_VARIABLE = 5000

Initial parameter values

t2.Scyliorhinus_canicula.synRate = 0.1
t2.Scyliorhinus_canicula.nonSynRate = 0.1
Optimization finished in 5 loop passes.
181 likelihood evaluation calls and 156 matrix exponentiations calls were made

Row and/or column partition is empty. All the data will be used by default.
Model MG94customModel assigned to Amblyraja_radiata
Model MG94customModel assigned to Callorhinchus_milii
One branch tree supplied - hopefully this IS what you meant to do.
Rooted tree. Removing one branch - the left root child has been promoted to be the new root
Partition 0 reversible model flag computed as 1
Variable 't2.Callorhinchus_milii.synRate' was not initialized prior to being used
Variable 't2.Callorhinchus_milii.nonSynRate' was not initialized prior to being used
Auto-benchmarked an optimal number (4) of threads.
Set GUI update interval to every 4901-th LF evaluation.
Optimization settings:
	OPTIMIZATION_METHOD = 4
	OPTIMIZATION_PRECISION = 0.001
	MAXIMUM_ITERATIONS_PER_VARIABLE = 5000

Initial parameter values

t2.Callorhinchus_milii.synRate = 0.1
t2.Callorhinchus_milii.nonSynRate = 0.1
Optimization finished in 6 loop passes.
174 likelihood evaluation calls and 155 matrix exponentiations calls were made

Row and/or column partition is empty. All the data will be used by default.
Model MG94customModel assigned to Pristis_pectinata
Model MG94customModel assigned to Carcharodon_carcharias
One branch tree supplied - hopefully this IS what you meant to do.
Rooted tree. Removing one branch - the left root child has been promoted to be the new root
Partition 0 reversible model flag computed as 1
Variable 't2.Carcharodon_carcharias.synRate' was not initialized prior to being used
Variable 't2.Carcharodon_carcharias.nonSynRate' was not initialized prior to being used
Auto-benchmarked an optimal number (4) of threads.
Set GUI update interval to every 8620-th LF evaluation.
Optimization settings:
	OPTIMIZATION_METHOD = 4
	OPTIMIZATION_PRECISION = 0.001
	MAXIMUM_ITERATIONS_PER_VARIABLE = 5000

Initial parameter values

t2.Carcharodon_carcharias.synRate = 0.1
t2.Carcharodon_carcharias.nonSynRate = 0.1
Optimization finished in 6 loop passes.
220 likelihood evaluation calls and 193 matrix exponentiations calls were made

Row and/or column partition is empty. All the data will be used by default.
Model MG94customModel assigned to Pristis_pectinata
Model MG94customModel assigned to Scyliorhinus_canicula
One branch tree supplied - hopefully this IS what you meant to do.
Rooted tree. Removing one branch - the left root child has been promoted to be the new root
Partition 0 reversible model flag computed as 1
Variable 't2.Scyliorhinus_canicula.nonSynRate' was not initialized prior to being used
Variable 't2.Scyliorhinus_canicula.synRate' was not initialized prior to being used
Auto-benchmarked an optimal number (4) of threads.
Set GUI update interval to every 8771-th LF evaluation.
Optimization settings:
	OPTIMIZATION_METHOD = 4
	OPTIMIZATION_PRECISION = 0.001
	MAXIMUM_ITERATIONS_PER_VARIABLE = 5000

Initial parameter values

t2.Scyliorhinus_canicula.nonSynRate = 0.1
t2.Scyliorhinus_canicula.synRate = 0.1
Optimization finished in 6 loop passes.
233 likelihood evaluation calls and 212 matrix exponentiations calls were made

Row and/or column partition is empty. All the data will be used by default.
Model MG94customModel assigned to Pristis_pectinata
Model MG94customModel assigned to Callorhinchus_milii
One branch tree supplied - hopefully this IS what you meant to do.
Rooted tree. Removing one branch - the left root child has been promoted to be the new root
Partition 0 reversible model flag computed as 1
Variable 't2.Callorhinchus_milii.nonSynRate' was not initialized prior to being used
Variable 't2.Callorhinchus_milii.synRate' was not initialized prior to being used
Auto-benchmarked an optimal number (3) of threads.
Set GUI update interval to every 7936-th LF evaluation.
Optimization settings:
	OPTIMIZATION_METHOD = 4
	OPTIMIZATION_PRECISION = 0.001
	MAXIMUM_ITERATIONS_PER_VARIABLE = 5000

Initial parameter values

t2.Callorhinchus_milii.nonSynRate = 0.1
t2.Callorhinchus_milii.synRate = 0.1
Optimization finished in 6 loop passes.
249 likelihood evaluation calls and 227 matrix exponentiations calls were made

Row and/or column partition is empty. All the data will be used by default.
Model MG94customModel assigned to Carcharodon_carcharias
Model MG94customModel assigned to Scyliorhinus_canicula
One branch tree supplied - hopefully this IS what you meant to do.
Rooted tree. Removing one branch - the left root child has been promoted to be the new root
Partition 0 reversible model flag computed as 1
Variable 't2.Scyliorhinus_canicula.nonSynRate' was not initialized prior to being used
Variable 't2.Scyliorhinus_canicula.synRate' was not initialized prior to being used
Auto-benchmarked an optimal number (4) of threads.
Set GUI update interval to every 5681-th LF evaluation.
Optimization settings:
	OPTIMIZATION_METHOD = 4
	OPTIMIZATION_PRECISION = 0.001
	MAXIMUM_ITERATIONS_PER_VARIABLE = 5000

Initial parameter values

t2.Scyliorhinus_canicula.nonSynRate = 0.1
t2.Scyliorhinus_canicula.synRate = 0.1
Optimization finished in 9 loop passes.
237 likelihood evaluation calls and 221 matrix exponentiations calls were made

Row and/or column partition is empty. All the data will be used by default.
Model MG94customModel assigned to Carcharodon_carcharias
Model MG94customModel assigned to Callorhinchus_milii
One branch tree supplied - hopefully this IS what you meant to do.
Rooted tree. Removing one branch - the left root child has been promoted to be the new root
Partition 0 reversible model flag computed as 1
Variable 't2.Callorhinchus_milii.nonSynRate' was not initialized prior to being used
Variable 't2.Callorhinchus_milii.synRate' was not initialized prior to being used
Auto-benchmarked an optimal number (3) of threads.
Set GUI update interval to every 5102-th LF evaluation.
Optimization settings:
	OPTIMIZATION_METHOD = 4
	OPTIMIZATION_PRECISION = 0.001
	MAXIMUM_ITERATIONS_PER_VARIABLE = 5000

Initial parameter values

t2.Callorhinchus_milii.nonSynRate = 0.1
t2.Callorhinchus_milii.synRate = 0.1
Optimization finished in 6 loop passes.
227 likelihood evaluation calls and 209 matrix exponentiations calls were made

Row and/or column partition is empty. All the data will be used by default.
Model MG94customModel assigned to Scyliorhinus_canicula
Model MG94customModel assigned to Callorhinchus_milii
One branch tree supplied - hopefully this IS what you meant to do.
Rooted tree. Removing one branch - the left root child has been promoted to be the new root
Partition 0 reversible model flag computed as 1
Auto-benchmarked an optimal number (4) of threads.
Set GUI update interval to every 1006-th LF evaluation.
Optimization settings:
	OPTIMIZATION_METHOD = 4
	OPTIMIZATION_PRECISION = 0.001
	MAXIMUM_ITERATIONS_PER_VARIABLE = 5000

Initial parameter values

t2.Callorhinchus_milii.nonSynRate = 0.1
t2.Callorhinchus_milii.synRate = 0.1
Optimization finished in 6 loop passes.
202 likelihood evaluation calls and 173 matrix exponentiations calls were made
