
Loaded 'libv3/convenience/matrix.bf' from /usr/local/lib/hyphy/TemplateBatchFiles/libv3/convenience/matrix.bf
Loaded 'libv3/UtilityFunctions.bf' from /usr/local/lib/hyphy/TemplateBatchFiles/libv3/UtilityFunctions.bf
Loaded 'IOFunctions.bf' from /usr/local/lib/hyphy/TemplateBatchFiles/libv3/IOFunctions.bf
Already loaded 'libv3/UtilityFunctions.bf' from /usr/local/lib/hyphy/TemplateBatchFiles/libv3/UtilityFunctions.bf
Loaded 'convenience/regexp.bf' from /usr/local/lib/hyphy/TemplateBatchFiles/libv3/convenience/regexp.bf
Loaded 'libv3/all-terms.bf' from /usr/local/lib/hyphy/TemplateBatchFiles/libv3/all-terms.bf
Variable 'skipCodeSelectionStep' was not initialized prior to being used
Row and/or column partition is empty. All the data will be used by default.
Overwritten previously defined function:'GaussLaguerreQuardature'
Overwritten previously defined function:'GammaQuadWeight'
Variable 'SKIP_HARVEST_FREQ' was not initialized prior to being used
Variable '_WRAP_PASSTHROUGH_FLAG_' was not initialized prior to being used
Variable 'END_OF_FILE' was not initialized prior to being used
Variable '_DO_TREE_REBALANCE_' was not initialized prior to being used
Variable '_KEEP_I_LABELS_' was not initialized prior to being used
Model MG94customModel assigned to Lepisosteus_oculatus
Lepisosteus_oculatus has 2 parameters - branch length not assigned
Model MG94customModel assigned to Megalops_cyprinoides
Megalops_cyprinoides has 2 parameters - branch length not assigned
Model MG94customModel assigned to Anguilla_anguilla
Anguilla_anguilla has 2 parameters - branch length not assigned
Model MG94customModel assigned to Node4
Node4 has 2 parameters - branch length not assigned
Model MG94customModel assigned to Paramormyrops_kingsleyae
Paramormyrops_kingsleyae has 2 parameters - branch length not assigned
Model MG94customModel assigned to Brienomyrus_brachyistius
Brienomyrus_brachyistius has 2 parameters - branch length not assigned
Model MG94customModel assigned to Node8
Node8 has 2 parameters - branch length not assigned
Model MG94customModel assigned to Scleropages_formosus
Scleropages_formosus has 2 parameters - branch length not assigned
Model MG94customModel assigned to Node7
Node7 has 2 parameters - branch length not assigned
Model MG94customModel assigned to Node3
Node3 has 2 parameters - branch length not assigned
Model MG94customModel assigned to Node1
Node1 has 2 parameters - branch length not assigned
Model MG94customModel assigned to Acipenser_ruthenus
Acipenser_ruthenus has 2 parameters - branch length not assigned
Model MG94customModel assigned to Polyodon_spathula
Polyodon_spathula has 2 parameters - branch length not assigned
Model MG94customModel assigned to Node12
Node12 has 2 parameters - branch length not assigned
Model MG94customModel assigned to Polypterus_senegalus
Polypterus_senegalus has 2 parameters - branch length not assigned
Model MG94customModel assigned to Erpetoichthys_calabaricus
Erpetoichthys_calabaricus has 2 parameters - branch length not assigned
Model MG94customModel assigned to Node15
Node15 has 2 parameters - branch length not assigned
The tips of the tree:givenTree were matched with the species names from the data in the following numeric order (0-based) {9,4,3,1,2,0,7,8,6,5}

Pseudo-optimal path's cost 37498 vs 45824 for 1..k=> a 1.22204 x improvement
Partition 0 reversible model flag computed as 1
Variable 'theLnLik' was not initialized prior to being used
Variable 'SAVE_OPT_STATUS_TO' was not initialized prior to being used
Variable 'givenTree.Lepisosteus_oculatus.nonSynRate' was not initialized prior to being used
Variable 'givenTree.Lepisosteus_oculatus.synRate' was not initialized prior to being used
Variable 'givenTree.Megalops_cyprinoides.nonSynRate' was not initialized prior to being used
Variable 'givenTree.Megalops_cyprinoides.synRate' was not initialized prior to being used
Variable 'givenTree.Anguilla_anguilla.nonSynRate' was not initialized prior to being used
Variable 'givenTree.Anguilla_anguilla.synRate' was not initialized prior to being used
Variable 'givenTree.Paramormyrops_kingsleyae.nonSynRate' was not initialized prior to being used
Variable 'givenTree.Paramormyrops_kingsleyae.synRate' was not initialized prior to being used
Variable 'givenTree.Brienomyrus_brachyistius.nonSynRate' was not initialized prior to being used
Variable 'givenTree.Brienomyrus_brachyistius.synRate' was not initialized prior to being used
Variable 'givenTree.Scleropages_formosus.nonSynRate' was not initialized prior to being used
Variable 'givenTree.Scleropages_formosus.synRate' was not initialized prior to being used
Variable 'givenTree.Acipenser_ruthenus.nonSynRate' was not initialized prior to being used
Variable 'givenTree.Acipenser_ruthenus.synRate' was not initialized prior to being used
Variable 'givenTree.Polyodon_spathula.nonSynRate' was not initialized prior to being used
Variable 'givenTree.Polyodon_spathula.synRate' was not initialized prior to being used
Variable 'givenTree.Polypterus_senegalus.nonSynRate' was not initialized prior to being used
Variable 'givenTree.Polypterus_senegalus.synRate' was not initialized prior to being used
Variable 'givenTree.Erpetoichthys_calabaricus.nonSynRate' was not initialized prior to being used
Variable 'givenTree.Erpetoichthys_calabaricus.synRate' was not initialized prior to being used
Variable 'givenTree.Node4.nonSynRate' was not initialized prior to being used
Variable 'givenTree.Node4.synRate' was not initialized prior to being used
Variable 'givenTree.Node8.nonSynRate' was not initialized prior to being used
Variable 'givenTree.Node8.synRate' was not initialized prior to being used
Variable 'givenTree.Node7.nonSynRate' was not initialized prior to being used
Variable 'givenTree.Node7.synRate' was not initialized prior to being used
Variable 'givenTree.Node3.nonSynRate' was not initialized prior to being used
Variable 'givenTree.Node3.synRate' was not initialized prior to being used
Variable 'givenTree.Node1.nonSynRate' was not initialized prior to being used
Variable 'givenTree.Node1.synRate' was not initialized prior to being used
Variable 'givenTree.Node12.nonSynRate' was not initialized prior to being used
Variable 'givenTree.Node12.synRate' was not initialized prior to being used
Variable 'givenTree.Node15.nonSynRate' was not initialized prior to being used
Variable 'givenTree.Node15.synRate' was not initialized prior to being used
Site 305 evaluated to a 0 probability in ComputeTreeBlockByBranch
Site 305 evaluated to a 0 probability in ComputeTreeBlockByBranch
Site 367 evaluated to a 0 probability in ComputeTreeBlockByBranch
Site 2090 evaluated to a 0 probability in ComputeTreeBlockByBranch
Site 1466 evaluated to a 0 probability in ComputeTreeBlockByBranch
Site 305 evaluated to a 0 probability in ComputeTreeBlockByBranch
Site 1230 evaluated to a 0 probability in ComputeTreeBlockByBranch
Site 355 evaluated to a 0 probability in ComputeTreeBlockByBranch
Site 305 evaluated to a 0 probability in ComputeTreeBlockByBranch
Site 1975 evaluated to a 0 probability in ComputeTreeBlockByBranch
Site 383 evaluated to a 0 probability in ComputeTreeBlockByBranch
Site 1800 evaluated to a 0 probability in ComputeTreeBlockByBranch
Site 203 evaluated to a 0 probability in ComputeTreeBlockByBranch
Site 305 evaluated to a 0 probability in ComputeTreeBlockByBranch
Site 2161 evaluated to a 0 probability in ComputeTreeBlockByBranch
Site 1466 evaluated to a 0 probability in ComputeTreeBlockByBranch
Site 2090 evaluated to a 0 probability in ComputeTreeBlockByBranch
Site 305 evaluated to a 0 probability in ComputeTreeBlockByBranch
Site 600 evaluated to a 0 probability in ComputeTreeBlockByBranch
Site 1230 evaluated to a 0 probability in ComputeTreeBlockByBranch
Site 1904 evaluated to a 0 probability in ComputeTreeBlockByBranch
Site 2075 evaluated to a 0 probability in ComputeTreeBlockByBranch
Site 580 evaluated to a 0 probability in ComputeTreeBlockByBranch
Site 2031 evaluated to a 0 probability in ComputeTreeBlockByBranch
Site 305 evaluated to a 0 probability in ComputeTreeBlockByBranch
Site 1049 evaluated to a 0 probability in ComputeTreeBlockByBranch
Site 1922 evaluated to a 0 probability in ComputeTreeBlockByBranch
Site 1252 evaluated to a 0 probability in ComputeTreeBlockByBranch
Site 995 evaluated to a 0 probability in ComputeTreeBlockByBranch
Site 1330 evaluated to a 0 probability in ComputeTreeBlockByBranch
Site 2255 evaluated to a 0 probability in ComputeTreeBlockByBranch
Site 2478 evaluated to a 0 probability in ComputeTreeBlockByBranch
Site 305 evaluated to a 0 probability in ComputeTreeBlockByBranch
Site 1151 evaluated to a 0 probability in ComputeTreeBlockByBranch
Site 976 evaluated to a 0 probability in ComputeTreeBlockByBranch
Site 2291 evaluated to a 0 probability in ComputeTreeBlockByBranch
Site 952 evaluated to a 0 probability in ComputeTreeBlockByBranch
Site 1642 evaluated to a 0 probability in ComputeTreeBlockByBranch
Site 2090 evaluated to a 0 probability in ComputeTreeBlockByBranch
Site 135 evaluated to a 0 probability in ComputeTreeBlockByBranch
Site 1549 evaluated to a 0 probability in ComputeTreeBlockByBranch
Site 404 evaluated to a 0 probability in ComputeTreeBlockByBranch
Site 1315 evaluated to a 0 probability in ComputeTreeBlockByBranch
Site 305 evaluated to a 0 probability in ComputeTreeBlockByBranch
Site 2691 evaluated to a 0 probability in ComputeTreeBlockByBranch
Site 203 evaluated to a 0 probability in ComputeTreeBlockByBranch
Site 383 evaluated to a 0 probability in ComputeTreeBlockByBranch
Site 1456 evaluated to a 0 probability in ComputeTreeBlockByBranch
Site 2161 evaluated to a 0 probability in ComputeTreeBlockByBranch
Site 1675 evaluated to a 0 probability in ComputeTreeBlockByBranch
Site 1800 evaluated to a 0 probability in ComputeTreeBlockByBranch
Site 172 evaluated to a 0 probability in ComputeTreeBlockByBranch
Site 1324 evaluated to a 0 probability in ComputeTreeBlockByBranch
Site 305 evaluated to a 0 probability in ComputeTreeBlockByBranch
Site 1651 evaluated to a 0 probability in ComputeTreeBlockByBranch
Site 238 evaluated to a 0 probability in ComputeTreeBlockByBranch
Site 1767 evaluated to a 0 probability in ComputeTreeBlockByBranch
Site 974 evaluated to a 0 probability in ComputeTreeBlockByBranch
Site 2183 evaluated to a 0 probability in ComputeTreeBlockByBranch
Site 305 evaluated to a 0 probability in ComputeTreeBlockByBranch
Site 2466 evaluated to a 0 probability in ComputeTreeBlockByBranch
Site 137 evaluated to a 0 probability in ComputeTreeBlockByBranch
Site 2714 evaluated to a 0 probability in ComputeTreeBlockByBranch
Site 943 evaluated to a 0 probability in ComputeTreeBlockByBranch
Site 1128 evaluated to a 0 probability in ComputeTreeBlockByBranch
Site 2601 evaluated to a 0 probability in ComputeTreeBlockByBranch
Site 600 evaluated to a 0 probability in ComputeTreeBlockByBranch
Site 1466 evaluated to a 0 probability in ComputeTreeBlockByBranch
Site 1975 evaluated to a 0 probability in ComputeTreeBlockByBranch
Site 939 evaluated to a 0 probability in ComputeTreeBlockByBranch
Site 2628 evaluated to a 0 probability in ComputeTreeBlockByBranch
Site 1230 evaluated to a 0 probability in ComputeTreeBlockByBranch
Site 305 evaluated to a 0 probability in ComputeTreeBlockByBranch
Site 2090 evaluated to a 0 probability in ComputeTreeBlockByBranch
Site 1904 evaluated to a 0 probability in ComputeTreeBlockByBranch
Site 787 evaluated to a 0 probability in ComputeTreeBlockByBranch
Site 355 evaluated to a 0 probability in ComputeTreeBlockByBranch
Site 1915 evaluated to a 0 probability in ComputeTreeBlockByBranch
Site 2484 evaluated to a 0 probability in ComputeTreeBlockByBranch
Site 1530 evaluated to a 0 probability in ComputeTreeBlockByBranch
Site 555 evaluated to a 0 probability in ComputeTreeBlockByBranch
Site 978 evaluated to a 0 probability in ComputeTreeBlockByBranch
Site 926 evaluated to a 0 probability in ComputeTreeBlockByBranch
Site 1675 evaluated to a 0 probability in ComputeTreeBlockByBranch
Site 305 evaluated to a 0 probability in ComputeTreeBlockByBranch
Site 2605 evaluated to a 0 probability in ComputeTreeBlockByBranch
Site 145 evaluated to a 0 probability in ComputeTreeBlockByBranch
Site 376 evaluated to a 0 probability in ComputeTreeBlockByBranch
Site 1211 evaluated to a 0 probability in ComputeTreeBlockByBranch
Site 1734 evaluated to a 0 probability in ComputeTreeBlockByBranch
Site 1843 evaluated to a 0 probability in ComputeTreeBlockByBranch
Site 1626 evaluated to a 0 probability in ComputeTreeBlockByBranch
Site 580 evaluated to a 0 probability in ComputeTreeBlockByBranch
Site 2075 evaluated to a 0 probability in ComputeTreeBlockByBranch
Site 2031 evaluated to a 0 probability in ComputeTreeBlockByBranch
Site 1049 evaluated to a 0 probability in ComputeTreeBlockByBranch
Site 1456 evaluated to a 0 probability in ComputeTreeBlockByBranch
Site 193 evaluated to a 0 probability in ComputeTreeBlockByBranch
Site 2118 evaluated to a 0 probability in ComputeTreeBlockByBranch
Site 1252 evaluated to a 0 probability in ComputeTreeBlockByBranch
Site 833 evaluated to a 0 probability in ComputeTreeBlockByBranch
Site 305 evaluated to a 0 probability in ComputeTreeBlockByBranch
Site 572 evaluated to a 0 probability in ComputeTreeBlockByBranch
Site 2694 evaluated to a 0 probability in ComputeTreeBlockByBranch
Site 1922 evaluated to a 0 probability in ComputeTreeBlockByBranch
Site 1740 evaluated to a 0 probability in ComputeTreeBlockByBranch
Site 2131 evaluated to a 0 probability in ComputeTreeBlockByBranch
Site 2263 evaluated to a 0 probability in ComputeTreeBlockByBranch
Site 655 evaluated to a 0 probability in ComputeTreeBlockByBranch
Site 2055 evaluated to a 0 probability in ComputeTreeBlockByBranch
Site 445 evaluated to a 0 probability in ComputeTreeBlockByBranch
Site 2761 evaluated to a 0 probability in ComputeTreeBlockByBranch
Site 898 evaluated to a 0 probability in ComputeTreeBlockByBranch
Site 287 evaluated to a 0 probability in ComputeTreeBlockByBranch
Site 487 evaluated to a 0 probability in ComputeTreeBlockByBranch
Site 707 evaluated to a 0 probability in ComputeTreeBlockByBranch
Site 305 evaluated to a 0 probability in ComputeTreeBlockByBranch
Site 30 evaluated to a 0 probability in ComputeTreeBlockByBranch
Site 2543 evaluated to a 0 probability in ComputeTreeBlockByBranch
Site 1825 evaluated to a 0 probability in ComputeTreeBlockByBranch
Site 2246 evaluated to a 0 probability in ComputeTreeBlockByBranch
Site 1562 evaluated to a 0 probability in ComputeTreeBlockByBranch
Site 2655 evaluated to a 0 probability in ComputeTreeBlockByBranch
Site 2759 evaluated to a 0 probability in ComputeTreeBlockByBranch
Site 672 evaluated to a 0 probability in ComputeTreeBlockByBranch
Site 1231 evaluated to a 0 probability in ComputeTreeBlockByBranch
Site 712 evaluated to a 0 probability in ComputeTreeBlockByBranch
Site 1694 evaluated to a 0 probability in ComputeTreeBlockByBranch
Site 948 evaluated to a 0 probability in ComputeTreeBlockByBranch
Site 61 evaluated to a 0 probability in ComputeTreeBlockByBranch
Site 1756 evaluated to a 0 probability in ComputeTreeBlockByBranch
Site 2808 evaluated to a 0 probability in ComputeTreeBlockByBranch
Site 965 evaluated to a 0 probability in ComputeTreeBlockByBranch
Site 848 evaluated to a 0 probability in ComputeTreeBlockByBranch
Site 305 evaluated to a 0 probability in ComputeTreeBlockByBranch
Site 1092 evaluated to a 0 probability in ComputeTreeBlockByBranch
Site 1536 evaluated to a 0 probability in ComputeTreeBlockByBranch
Site 1910 evaluated to a 0 probability in ComputeTreeBlockByBranch
Site 2342 evaluated to a 0 probability in ComputeTreeBlockByBranch
Site 817 evaluated to a 0 probability in ComputeTreeBlockByBranch
Site 1688 evaluated to a 0 probability in ComputeTreeBlockByBranch
Site 1618 evaluated to a 0 probability in ComputeTreeBlockByBranch
Site 387 evaluated to a 0 probability in ComputeTreeBlockByBranch
Site 564 evaluated to a 0 probability in ComputeTreeBlockByBranch
Site 1801 evaluated to a 0 probability in ComputeTreeBlockByBranch
Site 587 evaluated to a 0 probability in ComputeTreeBlockByBranch
Site 2296 evaluated to a 0 probability in ComputeTreeBlockByBranch
Site 2633 evaluated to a 0 probability in ComputeTreeBlockByBranch
Site 1083 evaluated to a 0 probability in ComputeTreeBlockByBranch
Site 963 evaluated to a 0 probability in ComputeTreeBlockByBranch
Site 1446 evaluated to a 0 probability in ComputeTreeBlockByBranch
Site 305 evaluated to a 0 probability in ComputeTreeBlockByBranch
Site 947 evaluated to a 0 probability in ComputeTreeBlockByBranch
Site 2047 evaluated to a 0 probability in ComputeTreeBlockByBranch
Site 1733 evaluated to a 0 probability in ComputeTreeBlockByBranch
Site 829 evaluated to a 0 probability in ComputeTreeBlockByBranch
Site 1868 evaluated to a 0 probability in ComputeTreeBlockByBranch
Site 2765 evaluated to a 0 probability in ComputeTreeBlockByBranch
Site 2761 evaluated to a 0 probability in ComputeTreeBlockByBranch
Site 61 evaluated to a 0 probability in ComputeTreeBlockByBranch
Site 898 evaluated to a 0 probability in ComputeTreeBlockByBranch
Site 1328 evaluated to a 0 probability in ComputeTreeBlockByBranch
Site 1190 evaluated to a 0 probability in ComputeTreeBlockByBranch
Site 2138 evaluated to a 0 probability in ComputeTreeBlockByBranch
Site 2797 evaluated to a 0 probability in ComputeTreeBlockByBranch
Site 598 evaluated to a 0 probability in ComputeTreeBlockByBranch
Site 2189 evaluated to a 0 probability in ComputeTreeBlockByBranch
Site 934 evaluated to a 0 probability in ComputeTreeBlockByBranch
Site 536 evaluated to a 0 probability in ComputeTreeBlockByBranch
Site 850 evaluated to a 0 probability in ComputeTreeBlockByBranch
Site 305 evaluated to a 0 probability in ComputeTreeBlockByBranch
Site 2767 evaluated to a 0 probability in ComputeTreeBlockByBranch
Site 1862 evaluated to a 0 probability in ComputeTreeBlockByBranch
Site 2228 evaluated to a 0 probability in ComputeTreeBlockByBranch
Site 798 evaluated to a 0 probability in ComputeTreeBlockByBranch
Site 252 evaluated to a 0 probability in ComputeTreeBlockByBranch
Site 2488 evaluated to a 0 probability in ComputeTreeBlockByBranch
Site 1493 evaluated to a 0 probability in ComputeTreeBlockByBranch
Site 113 evaluated to a 0 probability in ComputeTreeBlockByBranch
Site 2061 evaluated to a 0 probability in ComputeTreeBlockByBranch
Site 1223 evaluated to a 0 probability in ComputeTreeBlockByBranch
Site 1519 evaluated to a 0 probability in ComputeTreeBlockByBranch
Site 1587 evaluated to a 0 probability in ComputeTreeBlockByBranch
Site 2698 evaluated to a 0 probability in ComputeTreeBlockByBranch
Site 673 evaluated to a 0 probability in ComputeTreeBlockByBranch
Site 1832 evaluated to a 0 probability in ComputeTreeBlockByBranch
Site 541 evaluated to a 0 probability in ComputeTreeBlockByBranch
Site 149 evaluated to a 0 probability in ComputeTreeBlockByBranch
Site 1406 evaluated to a 0 probability in ComputeTreeBlockByBranch
Site 305 evaluated to a 0 probability in ComputeTreeBlockByBranch
Site 2055 evaluated to a 0 probability in ComputeTreeBlockByBranch
Site 1472 evaluated to a 0 probability in ComputeTreeBlockByBranch
Site 2678 evaluated to a 0 probability in ComputeTreeBlockByBranch
Site 965 evaluated to a 0 probability in ComputeTreeBlockByBranch
Site 1205 evaluated to a 0 probability in ComputeTreeBlockByBranch
Site 61 evaluated to a 0 probability in ComputeTreeBlockByBranch
Site 445 evaluated to a 0 probability in ComputeTreeBlockByBranch
Site 1974 evaluated to a 0 probability in ComputeTreeBlockByBranch
Site 1679 evaluated to a 0 probability in ComputeTreeBlockByBranch
Site 305 evaluated to a 0 probability in ComputeTreeBlockByBranch
Site 2438 evaluated to a 0 probability in ComputeTreeBlockByBranch
Site 2028 evaluated to a 0 probability in ComputeTreeBlockByBranch
Site 1740 evaluated to a 0 probability in ComputeTreeBlockByBranch
Site 1805 evaluated to a 0 probability in ComputeTreeBlockByBranch
Site 32 evaluated to a 0 probability in ComputeTreeBlockByBranch
Site 30 evaluated to a 0 probability in ComputeTreeBlockByBranch
Site 1562 evaluated to a 0 probability in ComputeTreeBlockByBranch
Site 31 evaluated to a 0 probability in ComputeTreeBlockByBranch
Site 1381 evaluated to a 0 probability in ComputeTreeBlockByBranch
Site 157 evaluated to a 0 probability in ComputeTreeBlockByBranch
Site 2498 evaluated to a 0 probability in ComputeTreeBlockByBranch
Site 1491 evaluated to a 0 probability in ComputeTreeBlockByBranch
Site 614 evaluated to a 0 probability in ComputeTreeBlockByBranch
Site 547 evaluated to a 0 probability in ComputeTreeBlockByBranch
Site 105 evaluated to a 0 probability in ComputeTreeBlockByBranch
Site 2308 evaluated to a 0 probability in ComputeTreeBlockByBranch
Site 2006 evaluated to a 0 probability in ComputeTreeBlockByBranch
Site 94 evaluated to a 0 probability in ComputeTreeBlockByBranch
Site 2502 evaluated to a 0 probability in ComputeTreeBlockByBranch
Site 1641 evaluated to a 0 probability in ComputeTreeBlockByBranch
Site 2626 evaluated to a 0 probability in ComputeTreeBlockByBranch
Site 836 evaluated to a 0 probability in ComputeTreeBlockByBranch
Site 2119 evaluated to a 0 probability in ComputeTreeBlockByBranch
Site 2673 evaluated to a 0 probability in ComputeTreeBlockByBranch
Site 2556 evaluated to a 0 probability in ComputeTreeBlockByBranch
Site 1380 evaluated to a 0 probability in ComputeTreeBlockByBranch
Site 296 evaluated to a 0 probability in ComputeTreeBlockByBranch
Site 993 evaluated to a 0 probability in ComputeTreeBlockByBranch
Site 574 evaluated to a 0 probability in ComputeTreeBlockByBranch
Site 2344 evaluated to a 0 probability in ComputeTreeBlockByBranch
Site 305 evaluated to a 0 probability in ComputeTreeBlockByBranch
Site 1894 evaluated to a 0 probability in ComputeTreeBlockByBranch
Site 2286 evaluated to a 0 probability in ComputeTreeBlockByBranch
Site 1182 evaluated to a 0 probability in ComputeTreeBlockByBranch
Site 1486 evaluated to a 0 probability in ComputeTreeBlockByBranch
Site 218 evaluated to a 0 probability in ComputeTreeBlockByBranch
Site 2113 evaluated to a 0 probability in ComputeTreeBlockByBranch
Site 1245 evaluated to a 0 probability in ComputeTreeBlockByBranch
Site 305 evaluated to a 0 probability in ComputeTreeBlockByBranch
Site 2419 evaluated to a 0 probability in ComputeTreeBlockByBranch
Site 2164 evaluated to a 0 probability in ComputeTreeBlockByBranch
Site 2139 evaluated to a 0 probability in ComputeTreeBlockByBranch
Site 2159 evaluated to a 0 probability in ComputeTreeBlockByBranch
Site 2717 evaluated to a 0 probability in ComputeTreeBlockByBranch
Site 242 evaluated to a 0 probability in ComputeTreeBlockByBranch
Site 1274 evaluated to a 0 probability in ComputeTreeBlockByBranch
Site 431 evaluated to a 0 probability in ComputeTreeBlockByBranch
Site 940 evaluated to a 0 probability in ComputeTreeBlockByBranch
Site 837 evaluated to a 0 probability in ComputeTreeBlockByBranch
Site 2397 evaluated to a 0 probability in ComputeTreeBlockByBranch
Site 1415 evaluated to a 0 probability in ComputeTreeBlockByBranch
Site 1665 evaluated to a 0 probability in ComputeTreeBlockByBranch
Site 519 evaluated to a 0 probability in ComputeTreeBlockByBranch
Auto-benchmarked an optimal number (21) of threads.
Set GUI update interval to every 138-th LF evaluation.
Initial guess for givenTree.Lepisosteus_oculatus.nonSynRate is 0.0640007
Initial guess for givenTree.Lepisosteus_oculatus.synRate is 0.052402
Initial guess for givenTree.Node3.nonSynRate is 0.010993
Initial guess for givenTree.Node3.synRate is 0.0177361
Initial guess for givenTree.Node4.nonSynRate is 0.0770522
Initial guess for givenTree.Node4.synRate is 0.0535781
Initial guess for givenTree.Megalops_cyprinoides.nonSynRate is 0.0769605
Initial guess for givenTree.Megalops_cyprinoides.synRate is 0.0658764
Initial guess for givenTree.Anguilla_anguilla.nonSynRate is 0.0654234
Initial guess for givenTree.Anguilla_anguilla.synRate is 0.058778
Initial guess for givenTree.Node7.nonSynRate is 0.0566055
Initial guess for givenTree.Node7.synRate is 0.0306345
Initial guess for givenTree.Node8.nonSynRate is -0.00353577
Initial guess for givenTree.Node8.synRate is 0.018787
Initial guess for givenTree.Paramormyrops_kingsleyae.nonSynRate is 0.0175496
Initial guess for givenTree.Paramormyrops_kingsleyae.synRate is 0.00893774
Initial guess for givenTree.Brienomyrus_brachyistius.nonSynRate is 0.0134151
Initial guess for givenTree.Brienomyrus_brachyistius.synRate is 0.00754075
Initial guess for givenTree.Scleropages_formosus.nonSynRate is 0.092164
Initial guess for givenTree.Scleropages_formosus.synRate is 0.075719
Initial guess for givenTree.Node12.nonSynRate is 0.0693257
Initial guess for givenTree.Node12.synRate is 0.0574157
Initial guess for givenTree.Acipenser_ruthenus.nonSynRate is 0.0114344
Initial guess for givenTree.Acipenser_ruthenus.synRate is 0.00625597
Initial guess for givenTree.Polyodon_spathula.nonSynRate is 0.00966509
Initial guess for givenTree.Polyodon_spathula.synRate is 0.00603418
Initial guess for givenTree.Node15.nonSynRate is 0.0581018
Initial guess for givenTree.Node15.synRate is 0.0525091
Initial guess for givenTree.Polypterus_senegalus.nonSynRate is 0.00959961
Initial guess for givenTree.Polypterus_senegalus.synRate is 0.00404548
Initial guess for givenTree.Erpetoichthys_calabaricus.nonSynRate is 0.00623809
Initial guess for givenTree.Erpetoichthys_calabaricus.synRate is 0.00527829
Optimization settings:
	OPTIMIZATION_METHOD = 4
	OPTIMIZATION_PRECISION = 0.001
	MAXIMUM_ITERATIONS_PER_VARIABLE = 5000

Initial parameter values

GT = 1
CT = 1
CG = 1
AC = 1
AT = 1
givenTree.Lepisosteus_oculatus.synRate = 0.052402
givenTree.Lepisosteus_oculatus.nonSynRate = 0.0640007
givenTree.Megalops_cyprinoides.synRate = 0.0658764
givenTree.Megalops_cyprinoides.nonSynRate = 0.0769605
givenTree.Anguilla_anguilla.synRate = 0.058778
givenTree.Anguilla_anguilla.nonSynRate = 0.0654234
givenTree.Node4.synRate = 0.0535781
givenTree.Node4.nonSynRate = 0.0770522
givenTree.Paramormyrops_kingsleyae.synRate = 0.00893774
givenTree.Paramormyrops_kingsleyae.nonSynRate = 0.0175496
givenTree.Brienomyrus_brachyistius.synRate = 0.00754075
givenTree.Brienomyrus_brachyistius.nonSynRate = 0.0134151
givenTree.Node8.synRate = 0.018787
givenTree.Node8.nonSynRate = 0
givenTree.Scleropages_formosus.synRate = 0.075719
givenTree.Scleropages_formosus.nonSynRate = 0.092164
givenTree.Node7.synRate = 0.0306345
givenTree.Node7.nonSynRate = 0.0566055
givenTree.Node3.synRate = 0.0177361
givenTree.Node3.nonSynRate = 0.010993
givenTree.Node1.synRate = 0.1
givenTree.Node1.nonSynRate = 0.1
givenTree.Acipenser_ruthenus.synRate = 0.00625597
givenTree.Acipenser_ruthenus.nonSynRate = 0.0114344
givenTree.Polyodon_spathula.synRate = 0.00603418
givenTree.Polyodon_spathula.nonSynRate = 0.00966509
givenTree.Node12.synRate = 0.0574157
givenTree.Node12.nonSynRate = 0.0693257
givenTree.Polypterus_senegalus.synRate = 0.00404548
givenTree.Polypterus_senegalus.nonSynRate = 0.00959961
givenTree.Erpetoichthys_calabaricus.synRate = 0.00527829
givenTree.Erpetoichthys_calabaricus.nonSynRate = 0.00623809
givenTree.Node15.synRate = 0.0525091
givenTree.Node15.nonSynRate = 0.0581018
Optimization finished in 35 loop passes.
3976 likelihood evaluation calls and 15948 matrix exponentiations calls were made

Variable 'lastDepth' was not initialized prior to being used
No nodel was assigned to Lepisosteus_oculatus
Lepisosteus_oculatus has 0 parameters - branch length not assigned
No nodel was assigned to Megalops_cyprinoides
Megalops_cyprinoides has 0 parameters - branch length not assigned
No nodel was assigned to Anguilla_anguilla
Anguilla_anguilla has 0 parameters - branch length not assigned
No nodel was assigned to Node4
Node4 has 0 parameters - branch length not assigned
No nodel was assigned to Paramormyrops_kingsleyae
Paramormyrops_kingsleyae has 0 parameters - branch length not assigned
No nodel was assigned to Brienomyrus_brachyistius
Brienomyrus_brachyistius has 0 parameters - branch length not assigned
No nodel was assigned to Node8
Node8 has 0 parameters - branch length not assigned
No nodel was assigned to Scleropages_formosus
Scleropages_formosus has 0 parameters - branch length not assigned
No nodel was assigned to Node7
Node7 has 0 parameters - branch length not assigned
No nodel was assigned to Node3
Node3 has 0 parameters - branch length not assigned
No nodel was assigned to Node1
Node1 has 0 parameters - branch length not assigned
No nodel was assigned to Acipenser_ruthenus
Acipenser_ruthenus has 0 parameters - branch length not assigned
No nodel was assigned to Polyodon_spathula
Polyodon_spathula has 0 parameters - branch length not assigned
No nodel was assigned to Node12
Node12 has 0 parameters - branch length not assigned
No nodel was assigned to Polypterus_senegalus
Polypterus_senegalus has 0 parameters - branch length not assigned
No nodel was assigned to Erpetoichthys_calabaricus
Erpetoichthys_calabaricus has 0 parameters - branch length not assigned
No nodel was assigned to Node15
Node15 has 0 parameters - branch length not assigned
No nodel was assigned to Lepisosteus_oculatus
Lepisosteus_oculatus has 0 parameters - branch length not assigned
No nodel was assigned to Megalops_cyprinoides
Megalops_cyprinoides has 0 parameters - branch length not assigned
No nodel was assigned to Anguilla_anguilla
Anguilla_anguilla has 0 parameters - branch length not assigned
No nodel was assigned to Node4
Node4 has 0 parameters - branch length not assigned
No nodel was assigned to Paramormyrops_kingsleyae
Paramormyrops_kingsleyae has 0 parameters - branch length not assigned
No nodel was assigned to Brienomyrus_brachyistius
Brienomyrus_brachyistius has 0 parameters - branch length not assigned
No nodel was assigned to Node8
Node8 has 0 parameters - branch length not assigned
No nodel was assigned to Scleropages_formosus
Scleropages_formosus has 0 parameters - branch length not assigned
No nodel was assigned to Node7
Node7 has 0 parameters - branch length not assigned
No nodel was assigned to Node3
Node3 has 0 parameters - branch length not assigned
No nodel was assigned to Node1
Node1 has 0 parameters - branch length not assigned
No nodel was assigned to Acipenser_ruthenus
Acipenser_ruthenus has 0 parameters - branch length not assigned
No nodel was assigned to Polyodon_spathula
Polyodon_spathula has 0 parameters - branch length not assigned
No nodel was assigned to Node12
Node12 has 0 parameters - branch length not assigned
No nodel was assigned to Polypterus_senegalus
Polypterus_senegalus has 0 parameters - branch length not assigned
No nodel was assigned to Erpetoichthys_calabaricus
Erpetoichthys_calabaricus has 0 parameters - branch length not assigned
No nodel was assigned to Node15
Node15 has 0 parameters - branch length not assigned
No nodel was assigned to Lepisosteus_oculatus
Lepisosteus_oculatus has 0 parameters - branch length not assigned
No nodel was assigned to Megalops_cyprinoides
Megalops_cyprinoides has 0 parameters - branch length not assigned
No nodel was assigned to Anguilla_anguilla
Anguilla_anguilla has 0 parameters - branch length not assigned
No nodel was assigned to Node4
Node4 has 0 parameters - branch length not assigned
No nodel was assigned to Paramormyrops_kingsleyae
Paramormyrops_kingsleyae has 0 parameters - branch length not assigned
No nodel was assigned to Brienomyrus_brachyistius
Brienomyrus_brachyistius has 0 parameters - branch length not assigned
No nodel was assigned to Node8
Node8 has 0 parameters - branch length not assigned
No nodel was assigned to Scleropages_formosus
Scleropages_formosus has 0 parameters - branch length not assigned
No nodel was assigned to Node7
Node7 has 0 parameters - branch length not assigned
No nodel was assigned to Node3
Node3 has 0 parameters - branch length not assigned
No nodel was assigned to Node1
Node1 has 0 parameters - branch length not assigned
No nodel was assigned to Acipenser_ruthenus
Acipenser_ruthenus has 0 parameters - branch length not assigned
No nodel was assigned to Polyodon_spathula
Polyodon_spathula has 0 parameters - branch length not assigned
No nodel was assigned to Node12
Node12 has 0 parameters - branch length not assigned
No nodel was assigned to Polypterus_senegalus
Polypterus_senegalus has 0 parameters - branch length not assigned
No nodel was assigned to Erpetoichthys_calabaricus
Erpetoichthys_calabaricus has 0 parameters - branch length not assigned
No nodel was assigned to Node15
Node15 has 0 parameters - branch length not assigned
No nodel was assigned to Lepisosteus_oculatus
Lepisosteus_oculatus has 0 parameters - branch length not assigned
No nodel was assigned to Megalops_cyprinoides
Megalops_cyprinoides has 0 parameters - branch length not assigned
No nodel was assigned to Anguilla_anguilla
Anguilla_anguilla has 0 parameters - branch length not assigned
No nodel was assigned to Node4
Node4 has 0 parameters - branch length not assigned
No nodel was assigned to Paramormyrops_kingsleyae
Paramormyrops_kingsleyae has 0 parameters - branch length not assigned
No nodel was assigned to Brienomyrus_brachyistius
Brienomyrus_brachyistius has 0 parameters - branch length not assigned
No nodel was assigned to Node8
Node8 has 0 parameters - branch length not assigned
No nodel was assigned to Scleropages_formosus
Scleropages_formosus has 0 parameters - branch length not assigned
No nodel was assigned to Node7
Node7 has 0 parameters - branch length not assigned
No nodel was assigned to Node3
Node3 has 0 parameters - branch length not assigned
No nodel was assigned to Node1
Node1 has 0 parameters - branch length not assigned
No nodel was assigned to Acipenser_ruthenus
Acipenser_ruthenus has 0 parameters - branch length not assigned
No nodel was assigned to Polyodon_spathula
Polyodon_spathula has 0 parameters - branch length not assigned
No nodel was assigned to Node12
Node12 has 0 parameters - branch length not assigned
No nodel was assigned to Polypterus_senegalus
Polypterus_senegalus has 0 parameters - branch length not assigned
No nodel was assigned to Erpetoichthys_calabaricus
Erpetoichthys_calabaricus has 0 parameters - branch length not assigned
No nodel was assigned to Node15
Node15 has 0 parameters - branch length not assigned
Variable 'nodeName' was not initialized prior to being used
Variable 'speciesIndex' was not initialized prior to being used
Row and/or column partition is empty. All the data will be used by default.
Model MG94customModel assigned to Lepisosteus_oculatus
Model MG94customModel assigned to Megalops_cyprinoides
One branch tree supplied - hopefully this IS what you meant to do.
Rooted tree. Removing one branch - the left root child has been promoted to be the new root
Partition 0 reversible model flag computed as 1
Variable 'twoLnLik' was not initialized prior to being used
Variable 't2.Megalops_cyprinoides.nonSynRate' was not initialized prior to being used
Variable 't2.Megalops_cyprinoides.synRate' was not initialized prior to being used
Auto-benchmarked an optimal number (4) of threads.
Set GUI update interval to every 8196-th LF evaluation.
Optimization settings:
	OPTIMIZATION_METHOD = 4
	OPTIMIZATION_PRECISION = 0.001
	MAXIMUM_ITERATIONS_PER_VARIABLE = 5000

Initial parameter values

t2.Megalops_cyprinoides.nonSynRate = 0.1
t2.Megalops_cyprinoides.synRate = 0.1
Optimization finished in 6 loop passes.
141 likelihood evaluation calls and 117 matrix exponentiations calls were made

Row and/or column partition is empty. All the data will be used by default.
Model MG94customModel assigned to Lepisosteus_oculatus
Model MG94customModel assigned to Anguilla_anguilla
One branch tree supplied - hopefully this IS what you meant to do.
Rooted tree. Removing one branch - the left root child has been promoted to be the new root
Partition 0 reversible model flag computed as 1
Variable 't2.Anguilla_anguilla.nonSynRate' was not initialized prior to being used
Variable 't2.Anguilla_anguilla.synRate' was not initialized prior to being used
Auto-benchmarked an optimal number (4) of threads.
Set GUI update interval to every 4950-th LF evaluation.
Optimization settings:
	OPTIMIZATION_METHOD = 4
	OPTIMIZATION_PRECISION = 0.001
	MAXIMUM_ITERATIONS_PER_VARIABLE = 5000

Initial parameter values

t2.Anguilla_anguilla.nonSynRate = 0.1
t2.Anguilla_anguilla.synRate = 0.1
Optimization finished in 5 loop passes.
165 likelihood evaluation calls and 142 matrix exponentiations calls were made

Row and/or column partition is empty. All the data will be used by default.
Model MG94customModel assigned to Lepisosteus_oculatus
Model MG94customModel assigned to Paramormyrops_kingsleyae
One branch tree supplied - hopefully this IS what you meant to do.
Rooted tree. Removing one branch - the left root child has been promoted to be the new root
Partition 0 reversible model flag computed as 1
Variable 't2.Paramormyrops_kingsleyae.synRate' was not initialized prior to being used
Variable 't2.Paramormyrops_kingsleyae.nonSynRate' was not initialized prior to being used
Auto-benchmarked an optimal number (4) of threads.
Set GUI update interval to every 8771-th LF evaluation.
Optimization settings:
	OPTIMIZATION_METHOD = 4
	OPTIMIZATION_PRECISION = 0.001
	MAXIMUM_ITERATIONS_PER_VARIABLE = 5000

Initial parameter values

t2.Paramormyrops_kingsleyae.synRate = 0.1
t2.Paramormyrops_kingsleyae.nonSynRate = 0.1
Optimization finished in 6 loop passes.
233 likelihood evaluation calls and 213 matrix exponentiations calls were made

Row and/or column partition is empty. All the data will be used by default.
Model MG94customModel assigned to Lepisosteus_oculatus
Model MG94customModel assigned to Brienomyrus_brachyistius
One branch tree supplied - hopefully this IS what you meant to do.
Rooted tree. Removing one branch - the left root child has been promoted to be the new root
Partition 0 reversible model flag computed as 1
Variable 't2.Brienomyrus_brachyistius.nonSynRate' was not initialized prior to being used
Variable 't2.Brienomyrus_brachyistius.synRate' was not initialized prior to being used
Auto-benchmarked an optimal number (4) of threads.
Set GUI update interval to every 8333-th LF evaluation.
Optimization settings:
	OPTIMIZATION_METHOD = 4
	OPTIMIZATION_PRECISION = 0.001
	MAXIMUM_ITERATIONS_PER_VARIABLE = 5000

Initial parameter values

t2.Brienomyrus_brachyistius.nonSynRate = 0.1
t2.Brienomyrus_brachyistius.synRate = 0.1
Optimization finished in 5 loop passes.
158 likelihood evaluation calls and 135 matrix exponentiations calls were made

Row and/or column partition is empty. All the data will be used by default.
Model MG94customModel assigned to Lepisosteus_oculatus
Model MG94customModel assigned to Scleropages_formosus
One branch tree supplied - hopefully this IS what you meant to do.
Rooted tree. Removing one branch - the left root child has been promoted to be the new root
Partition 0 reversible model flag computed as 1
Variable 't2.Scleropages_formosus.synRate' was not initialized prior to being used
Variable 't2.Scleropages_formosus.nonSynRate' was not initialized prior to being used
Auto-benchmarked an optimal number (5) of threads.
Set GUI update interval to every 9090-th LF evaluation.
Optimization settings:
	OPTIMIZATION_METHOD = 4
	OPTIMIZATION_PRECISION = 0.001
	MAXIMUM_ITERATIONS_PER_VARIABLE = 5000

Initial parameter values

t2.Scleropages_formosus.synRate = 0.1
t2.Scleropages_formosus.nonSynRate = 0.1
Optimization finished in 6 loop passes.
212 likelihood evaluation calls and 194 matrix exponentiations calls were made

Row and/or column partition is empty. All the data will be used by default.
Model MG94customModel assigned to Lepisosteus_oculatus
Model MG94customModel assigned to Acipenser_ruthenus
One branch tree supplied - hopefully this IS what you meant to do.
Rooted tree. Removing one branch - the left root child has been promoted to be the new root
Partition 0 reversible model flag computed as 1
Variable 't2.Acipenser_ruthenus.nonSynRate' was not initialized prior to being used
Variable 't2.Acipenser_ruthenus.synRate' was not initialized prior to being used
Auto-benchmarked an optimal number (5) of threads.
Set GUI update interval to every 9090-th LF evaluation.
Optimization settings:
	OPTIMIZATION_METHOD = 4
	OPTIMIZATION_PRECISION = 0.001
	MAXIMUM_ITERATIONS_PER_VARIABLE = 5000

Initial parameter values

t2.Acipenser_ruthenus.nonSynRate = 0.1
t2.Acipenser_ruthenus.synRate = 0.1
Optimization finished in 6 loop passes.
202 likelihood evaluation calls and 185 matrix exponentiations calls were made

Row and/or column partition is empty. All the data will be used by default.
Model MG94customModel assigned to Lepisosteus_oculatus
Model MG94customModel assigned to Polyodon_spathula
One branch tree supplied - hopefully this IS what you meant to do.
Rooted tree. Removing one branch - the left root child has been promoted to be the new root
Partition 0 reversible model flag computed as 1
Variable 't2.Polyodon_spathula.nonSynRate' was not initialized prior to being used
Variable 't2.Polyodon_spathula.synRate' was not initialized prior to being used
Auto-benchmarked an optimal number (4) of threads.
Set GUI update interval to every 9090-th LF evaluation.
Optimization settings:
	OPTIMIZATION_METHOD = 4
	OPTIMIZATION_PRECISION = 0.001
	MAXIMUM_ITERATIONS_PER_VARIABLE = 5000

Initial parameter values

t2.Polyodon_spathula.nonSynRate = 0.1
t2.Polyodon_spathula.synRate = 0.1
Optimization finished in 6 loop passes.
218 likelihood evaluation calls and 198 matrix exponentiations calls were made

Row and/or column partition is empty. All the data will be used by default.
Model MG94customModel assigned to Lepisosteus_oculatus
Model MG94customModel assigned to Polypterus_senegalus
One branch tree supplied - hopefully this IS what you meant to do.
Rooted tree. Removing one branch - the left root child has been promoted to be the new root
Partition 0 reversible model flag computed as 1
Variable 't2.Polypterus_senegalus.nonSynRate' was not initialized prior to being used
Variable 't2.Polypterus_senegalus.synRate' was not initialized prior to being used
Auto-benchmarked an optimal number (4) of threads.
Set GUI update interval to every 8474-th LF evaluation.
Optimization settings:
	OPTIMIZATION_METHOD = 4
	OPTIMIZATION_PRECISION = 0.001
	MAXIMUM_ITERATIONS_PER_VARIABLE = 5000

Initial parameter values

t2.Polypterus_senegalus.nonSynRate = 0.1
t2.Polypterus_senegalus.synRate = 0.1
Optimization finished in 6 loop passes.
215 likelihood evaluation calls and 192 matrix exponentiations calls were made

Row and/or column partition is empty. All the data will be used by default.
Model MG94customModel assigned to Lepisosteus_oculatus
Model MG94customModel assigned to Erpetoichthys_calabaricus
One branch tree supplied - hopefully this IS what you meant to do.
Rooted tree. Removing one branch - the left root child has been promoted to be the new root
Partition 0 reversible model flag computed as 1
Variable 't2.Erpetoichthys_calabaricus.nonSynRate' was not initialized prior to being used
Variable 't2.Erpetoichthys_calabaricus.synRate' was not initialized prior to being used
Auto-benchmarked an optimal number (4) of threads.
Set GUI update interval to every 5813-th LF evaluation.
Optimization settings:
	OPTIMIZATION_METHOD = 4
	OPTIMIZATION_PRECISION = 0.001
	MAXIMUM_ITERATIONS_PER_VARIABLE = 5000

Initial parameter values

t2.Erpetoichthys_calabaricus.nonSynRate = 0.1
t2.Erpetoichthys_calabaricus.synRate = 0.1
Optimization finished in 6 loop passes.
219 likelihood evaluation calls and 202 matrix exponentiations calls were made

Row and/or column partition is empty. All the data will be used by default.
Model MG94customModel assigned to Megalops_cyprinoides
Model MG94customModel assigned to Anguilla_anguilla
One branch tree supplied - hopefully this IS what you meant to do.
Rooted tree. Removing one branch - the left root child has been promoted to be the new root
Partition 0 reversible model flag computed as 1
Variable 't2.Anguilla_anguilla.nonSynRate' was not initialized prior to being used
Variable 't2.Anguilla_anguilla.synRate' was not initialized prior to being used
Auto-benchmarked an optimal number (5) of threads.
Set GUI update interval to every 9433-th LF evaluation.
Optimization settings:
	OPTIMIZATION_METHOD = 4
	OPTIMIZATION_PRECISION = 0.001
	MAXIMUM_ITERATIONS_PER_VARIABLE = 5000

Initial parameter values

t2.Anguilla_anguilla.nonSynRate = 0.1
t2.Anguilla_anguilla.synRate = 0.1
Optimization finished in 8 loop passes.
111 likelihood evaluation calls and 100 matrix exponentiations calls were made

Row and/or column partition is empty. All the data will be used by default.
Model MG94customModel assigned to Megalops_cyprinoides
Model MG94customModel assigned to Paramormyrops_kingsleyae
One branch tree supplied - hopefully this IS what you meant to do.
Rooted tree. Removing one branch - the left root child has been promoted to be the new root
Partition 0 reversible model flag computed as 1
Variable 't2.Paramormyrops_kingsleyae.nonSynRate' was not initialized prior to being used
Variable 't2.Paramormyrops_kingsleyae.synRate' was not initialized prior to being used
Auto-benchmarked an optimal number (4) of threads.
Set GUI update interval to every 6172-th LF evaluation.
Optimization settings:
	OPTIMIZATION_METHOD = 4
	OPTIMIZATION_PRECISION = 0.001
	MAXIMUM_ITERATIONS_PER_VARIABLE = 5000

Initial parameter values

t2.Paramormyrops_kingsleyae.nonSynRate = 0.1
t2.Paramormyrops_kingsleyae.synRate = 0.1
Optimization finished in 6 loop passes.
217 likelihood evaluation calls and 199 matrix exponentiations calls were made

Row and/or column partition is empty. All the data will be used by default.
Model MG94customModel assigned to Megalops_cyprinoides
Model MG94customModel assigned to Brienomyrus_brachyistius
One branch tree supplied - hopefully this IS what you meant to do.
Rooted tree. Removing one branch - the left root child has been promoted to be the new root
Partition 0 reversible model flag computed as 1
Variable 't2.Brienomyrus_brachyistius.nonSynRate' was not initialized prior to being used
Variable 't2.Brienomyrus_brachyistius.synRate' was not initialized prior to being used
Auto-benchmarked an optimal number (4) of threads.
Set GUI update interval to every 4629-th LF evaluation.
Optimization settings:
	OPTIMIZATION_METHOD = 4
	OPTIMIZATION_PRECISION = 0.001
	MAXIMUM_ITERATIONS_PER_VARIABLE = 5000

Initial parameter values

t2.Brienomyrus_brachyistius.nonSynRate = 0.1
t2.Brienomyrus_brachyistius.synRate = 0.1
Optimization finished in 6 loop passes.
236 likelihood evaluation calls and 214 matrix exponentiations calls were made

Row and/or column partition is empty. All the data will be used by default.
Model MG94customModel assigned to Megalops_cyprinoides
Model MG94customModel assigned to Scleropages_formosus
One branch tree supplied - hopefully this IS what you meant to do.
Rooted tree. Removing one branch - the left root child has been promoted to be the new root
Partition 0 reversible model flag computed as 1
Variable 't2.Scleropages_formosus.nonSynRate' was not initialized prior to being used
Variable 't2.Scleropages_formosus.synRate' was not initialized prior to being used
Auto-benchmarked an optimal number (3) of threads.
Set GUI update interval to every 6097-th LF evaluation.
Optimization settings:
	OPTIMIZATION_METHOD = 4
	OPTIMIZATION_PRECISION = 0.001
	MAXIMUM_ITERATIONS_PER_VARIABLE = 5000

Initial parameter values

t2.Scleropages_formosus.nonSynRate = 0.1
t2.Scleropages_formosus.synRate = 0.1
Optimization finished in 7 loop passes.
178 likelihood evaluation calls and 163 matrix exponentiations calls were made

Row and/or column partition is empty. All the data will be used by default.
Model MG94customModel assigned to Megalops_cyprinoides
Model MG94customModel assigned to Acipenser_ruthenus
One branch tree supplied - hopefully this IS what you meant to do.
Rooted tree. Removing one branch - the left root child has been promoted to be the new root
Partition 0 reversible model flag computed as 1
Variable 't2.Acipenser_ruthenus.nonSynRate' was not initialized prior to being used
Variable 't2.Acipenser_ruthenus.synRate' was not initialized prior to being used
Auto-benchmarked an optimal number (4) of threads.
Set GUI update interval to every 8474-th LF evaluation.
Optimization settings:
	OPTIMIZATION_METHOD = 4
	OPTIMIZATION_PRECISION = 0.001
	MAXIMUM_ITERATIONS_PER_VARIABLE = 5000

Initial parameter values

t2.Acipenser_ruthenus.nonSynRate = 0.1
t2.Acipenser_ruthenus.synRate = 0.1
Optimization finished in 6 loop passes.
159 likelihood evaluation calls and 146 matrix exponentiations calls were made

Row and/or column partition is empty. All the data will be used by default.
Model MG94customModel assigned to Megalops_cyprinoides
Model MG94customModel assigned to Polyodon_spathula
One branch tree supplied - hopefully this IS what you meant to do.
Rooted tree. Removing one branch - the left root child has been promoted to be the new root
Partition 0 reversible model flag computed as 1
Variable 't2.Polyodon_spathula.nonSynRate' was not initialized prior to being used
Variable 't2.Polyodon_spathula.synRate' was not initialized prior to being used
Auto-benchmarked an optimal number (3) of threads.
Set GUI update interval to every 8333-th LF evaluation.
Optimization settings:
	OPTIMIZATION_METHOD = 4
	OPTIMIZATION_PRECISION = 0.001
	MAXIMUM_ITERATIONS_PER_VARIABLE = 5000

Initial parameter values

t2.Polyodon_spathula.nonSynRate = 0.1
t2.Polyodon_spathula.synRate = 0.1
Optimization finished in 6 loop passes.
249 likelihood evaluation calls and 229 matrix exponentiations calls were made

Row and/or column partition is empty. All the data will be used by default.
Model MG94customModel assigned to Megalops_cyprinoides
Model MG94customModel assigned to Polypterus_senegalus
One branch tree supplied - hopefully this IS what you meant to do.
Rooted tree. Removing one branch - the left root child has been promoted to be the new root
Partition 0 reversible model flag computed as 1
Variable 't2.Polypterus_senegalus.nonSynRate' was not initialized prior to being used
Variable 't2.Polypterus_senegalus.synRate' was not initialized prior to being used
Auto-benchmarked an optimal number (4) of threads.
Set GUI update interval to every 5208-th LF evaluation.
Optimization settings:
	OPTIMIZATION_METHOD = 4
	OPTIMIZATION_PRECISION = 0.001
	MAXIMUM_ITERATIONS_PER_VARIABLE = 5000

Initial parameter values

t2.Polypterus_senegalus.nonSynRate = 0.1
t2.Polypterus_senegalus.synRate = 0.1
Optimization finished in 6 loop passes.
251 likelihood evaluation calls and 232 matrix exponentiations calls were made

Row and/or column partition is empty. All the data will be used by default.
Model MG94customModel assigned to Megalops_cyprinoides
Model MG94customModel assigned to Erpetoichthys_calabaricus
One branch tree supplied - hopefully this IS what you meant to do.
Rooted tree. Removing one branch - the left root child has been promoted to be the new root
Partition 0 reversible model flag computed as 1
Variable 't2.Erpetoichthys_calabaricus.nonSynRate' was not initialized prior to being used
Variable 't2.Erpetoichthys_calabaricus.synRate' was not initialized prior to being used
Auto-benchmarked an optimal number (4) of threads.
Set GUI update interval to every 5154-th LF evaluation.
Optimization settings:
	OPTIMIZATION_METHOD = 4
	OPTIMIZATION_PRECISION = 0.001
	MAXIMUM_ITERATIONS_PER_VARIABLE = 5000

Initial parameter values

t2.Erpetoichthys_calabaricus.nonSynRate = 0.1
t2.Erpetoichthys_calabaricus.synRate = 0.1
Optimization finished in 6 loop passes.
210 likelihood evaluation calls and 192 matrix exponentiations calls were made

Row and/or column partition is empty. All the data will be used by default.
Model MG94customModel assigned to Anguilla_anguilla
Model MG94customModel assigned to Paramormyrops_kingsleyae
One branch tree supplied - hopefully this IS what you meant to do.
Rooted tree. Removing one branch - the left root child has been promoted to be the new root
Partition 0 reversible model flag computed as 1
Variable 't2.Paramormyrops_kingsleyae.nonSynRate' was not initialized prior to being used
Variable 't2.Paramormyrops_kingsleyae.synRate' was not initialized prior to being used
Auto-benchmarked an optimal number (4) of threads.
Set GUI update interval to every 8928-th LF evaluation.
Optimization settings:
	OPTIMIZATION_METHOD = 4
	OPTIMIZATION_PRECISION = 0.001
	MAXIMUM_ITERATIONS_PER_VARIABLE = 5000

Initial parameter values

t2.Paramormyrops_kingsleyae.nonSynRate = 0.1
t2.Paramormyrops_kingsleyae.synRate = 0.1
Optimization finished in 6 loop passes.
198 likelihood evaluation calls and 174 matrix exponentiations calls were made

Row and/or column partition is empty. All the data will be used by default.
Model MG94customModel assigned to Anguilla_anguilla
Model MG94customModel assigned to Brienomyrus_brachyistius
One branch tree supplied - hopefully this IS what you meant to do.
Rooted tree. Removing one branch - the left root child has been promoted to be the new root
Partition 0 reversible model flag computed as 1
Variable 't2.Brienomyrus_brachyistius.nonSynRate' was not initialized prior to being used
Variable 't2.Brienomyrus_brachyistius.synRate' was not initialized prior to being used
Auto-benchmarked an optimal number (4) of threads.
Set GUI update interval to every 4761-th LF evaluation.
Optimization settings:
	OPTIMIZATION_METHOD = 4
	OPTIMIZATION_PRECISION = 0.001
	MAXIMUM_ITERATIONS_PER_VARIABLE = 5000

Initial parameter values

t2.Brienomyrus_brachyistius.nonSynRate = 0.1
t2.Brienomyrus_brachyistius.synRate = 0.1
Optimization finished in 6 loop passes.
222 likelihood evaluation calls and 200 matrix exponentiations calls were made

Row and/or column partition is empty. All the data will be used by default.
Model MG94customModel assigned to Anguilla_anguilla
Model MG94customModel assigned to Scleropages_formosus
One branch tree supplied - hopefully this IS what you meant to do.
Rooted tree. Removing one branch - the left root child has been promoted to be the new root
Partition 0 reversible model flag computed as 1
Variable 't2.Scleropages_formosus.nonSynRate' was not initialized prior to being used
Variable 't2.Scleropages_formosus.synRate' was not initialized prior to being used
Auto-benchmarked an optimal number (3) of threads.
Set GUI update interval to every 5000-th LF evaluation.
Optimization settings:
	OPTIMIZATION_METHOD = 4
	OPTIMIZATION_PRECISION = 0.001
	MAXIMUM_ITERATIONS_PER_VARIABLE = 5000

Initial parameter values

t2.Scleropages_formosus.nonSynRate = 0.1
t2.Scleropages_formosus.synRate = 0.1
Optimization finished in 6 loop passes.
200 likelihood evaluation calls and 183 matrix exponentiations calls were made

Row and/or column partition is empty. All the data will be used by default.
Model MG94customModel assigned to Anguilla_anguilla
Model MG94customModel assigned to Acipenser_ruthenus
One branch tree supplied - hopefully this IS what you meant to do.
Rooted tree. Removing one branch - the left root child has been promoted to be the new root
Partition 0 reversible model flag computed as 1
Variable 't2.Acipenser_ruthenus.nonSynRate' was not initialized prior to being used
Variable 't2.Acipenser_ruthenus.synRate' was not initialized prior to being used
Auto-benchmarked an optimal number (2) of threads.
Set GUI update interval to every 4807-th LF evaluation.
Optimization settings:
	OPTIMIZATION_METHOD = 4
	OPTIMIZATION_PRECISION = 0.001
	MAXIMUM_ITERATIONS_PER_VARIABLE = 5000

Initial parameter values

t2.Acipenser_ruthenus.nonSynRate = 0.1
t2.Acipenser_ruthenus.synRate = 0.1
Optimization finished in 6 loop passes.
203 likelihood evaluation calls and 184 matrix exponentiations calls were made

Row and/or column partition is empty. All the data will be used by default.
Model MG94customModel assigned to Anguilla_anguilla
Model MG94customModel assigned to Polyodon_spathula
One branch tree supplied - hopefully this IS what you meant to do.
Rooted tree. Removing one branch - the left root child has been promoted to be the new root
Partition 0 reversible model flag computed as 1
Variable 't2.Polyodon_spathula.nonSynRate' was not initialized prior to being used
Variable 't2.Polyodon_spathula.synRate' was not initialized prior to being used
Auto-benchmarked an optimal number (5) of threads.
Set GUI update interval to every 9090-th LF evaluation.
Optimization settings:
	OPTIMIZATION_METHOD = 4
	OPTIMIZATION_PRECISION = 0.001
	MAXIMUM_ITERATIONS_PER_VARIABLE = 5000

Initial parameter values

t2.Polyodon_spathula.nonSynRate = 0.1
t2.Polyodon_spathula.synRate = 0.1
Optimization finished in 6 loop passes.
238 likelihood evaluation calls and 221 matrix exponentiations calls were made

Row and/or column partition is empty. All the data will be used by default.
Model MG94customModel assigned to Anguilla_anguilla
Model MG94customModel assigned to Polypterus_senegalus
One branch tree supplied - hopefully this IS what you meant to do.
Rooted tree. Removing one branch - the left root child has been promoted to be the new root
Partition 0 reversible model flag computed as 1
Variable 't2.Polypterus_senegalus.nonSynRate' was not initialized prior to being used
Variable 't2.Polypterus_senegalus.synRate' was not initialized prior to being used
Auto-benchmarked an optimal number (4) of threads.
Set GUI update interval to every 5050-th LF evaluation.
Optimization settings:
	OPTIMIZATION_METHOD = 4
	OPTIMIZATION_PRECISION = 0.001
	MAXIMUM_ITERATIONS_PER_VARIABLE = 5000

Initial parameter values

t2.Polypterus_senegalus.nonSynRate = 0.1
t2.Polypterus_senegalus.synRate = 0.1
Optimization finished in 6 loop passes.
256 likelihood evaluation calls and 235 matrix exponentiations calls were made

Row and/or column partition is empty. All the data will be used by default.
Model MG94customModel assigned to Anguilla_anguilla
Model MG94customModel assigned to Erpetoichthys_calabaricus
One branch tree supplied - hopefully this IS what you meant to do.
Rooted tree. Removing one branch - the left root child has been promoted to be the new root
Partition 0 reversible model flag computed as 1
Variable 't2.Erpetoichthys_calabaricus.nonSynRate' was not initialized prior to being used
Variable 't2.Erpetoichthys_calabaricus.synRate' was not initialized prior to being used
Auto-benchmarked an optimal number (4) of threads.
Set GUI update interval to every 8333-th LF evaluation.
Optimization settings:
	OPTIMIZATION_METHOD = 4
	OPTIMIZATION_PRECISION = 0.001
	MAXIMUM_ITERATIONS_PER_VARIABLE = 5000

Initial parameter values

t2.Erpetoichthys_calabaricus.nonSynRate = 0.1
t2.Erpetoichthys_calabaricus.synRate = 0.1
Optimization finished in 6 loop passes.
214 likelihood evaluation calls and 194 matrix exponentiations calls were made

Row and/or column partition is empty. All the data will be used by default.
Model MG94customModel assigned to Paramormyrops_kingsleyae
Model MG94customModel assigned to Brienomyrus_brachyistius
One branch tree supplied - hopefully this IS what you meant to do.
Rooted tree. Removing one branch - the left root child has been promoted to be the new root
Partition 0 reversible model flag computed as 1
Variable 't2.Brienomyrus_brachyistius.nonSynRate' was not initialized prior to being used
Variable 't2.Brienomyrus_brachyistius.synRate' was not initialized prior to being used
Auto-benchmarked an optimal number (4) of threads.
Set GUI update interval to every 4761-th LF evaluation.
Optimization settings:
	OPTIMIZATION_METHOD = 4
	OPTIMIZATION_PRECISION = 0.001
	MAXIMUM_ITERATIONS_PER_VARIABLE = 5000

Initial parameter values

t2.Brienomyrus_brachyistius.nonSynRate = 0.1
t2.Brienomyrus_brachyistius.synRate = 0.1
Optimization finished in 6 loop passes.
223 likelihood evaluation calls and 200 matrix exponentiations calls were made

Row and/or column partition is empty. All the data will be used by default.
Model MG94customModel assigned to Paramormyrops_kingsleyae
Model MG94customModel assigned to Scleropages_formosus
One branch tree supplied - hopefully this IS what you meant to do.
Rooted tree. Removing one branch - the left root child has been promoted to be the new root
Partition 0 reversible model flag computed as 1
Variable 't2.Scleropages_formosus.nonSynRate' was not initialized prior to being used
Variable 't2.Scleropages_formosus.synRate' was not initialized prior to being used
Auto-benchmarked an optimal number (4) of threads.
Set GUI update interval to every 8474-th LF evaluation.
Optimization settings:
	OPTIMIZATION_METHOD = 4
	OPTIMIZATION_PRECISION = 0.001
	MAXIMUM_ITERATIONS_PER_VARIABLE = 5000

Initial parameter values

t2.Scleropages_formosus.nonSynRate = 0.1
t2.Scleropages_formosus.synRate = 0.1
Optimization finished in 6 loop passes.
197 likelihood evaluation calls and 175 matrix exponentiations calls were made

Row and/or column partition is empty. All the data will be used by default.
Model MG94customModel assigned to Paramormyrops_kingsleyae
Model MG94customModel assigned to Acipenser_ruthenus
One branch tree supplied - hopefully this IS what you meant to do.
Rooted tree. Removing one branch - the left root child has been promoted to be the new root
Partition 0 reversible model flag computed as 1
Variable 't2.Acipenser_ruthenus.nonSynRate' was not initialized prior to being used
Variable 't2.Acipenser_ruthenus.synRate' was not initialized prior to being used
Auto-benchmarked an optimal number (5) of threads.
Set GUI update interval to every 5102-th LF evaluation.
Optimization settings:
	OPTIMIZATION_METHOD = 4
	OPTIMIZATION_PRECISION = 0.001
	MAXIMUM_ITERATIONS_PER_VARIABLE = 5000

Initial parameter values

t2.Acipenser_ruthenus.nonSynRate = 0.1
t2.Acipenser_ruthenus.synRate = 0.1
Optimization finished in 6 loop passes.
198 likelihood evaluation calls and 176 matrix exponentiations calls were made

Row and/or column partition is empty. All the data will be used by default.
Model MG94customModel assigned to Paramormyrops_kingsleyae
Model MG94customModel assigned to Polyodon_spathula
One branch tree supplied - hopefully this IS what you meant to do.
Rooted tree. Removing one branch - the left root child has been promoted to be the new root
Partition 0 reversible model flag computed as 1
Variable 't2.Polyodon_spathula.nonSynRate' was not initialized prior to being used
Variable 't2.Polyodon_spathula.synRate' was not initialized prior to being used
Auto-benchmarked an optimal number (4) of threads.
Set GUI update interval to every 5102-th LF evaluation.
Optimization settings:
	OPTIMIZATION_METHOD = 4
	OPTIMIZATION_PRECISION = 0.001
	MAXIMUM_ITERATIONS_PER_VARIABLE = 5000

Initial parameter values

t2.Polyodon_spathula.nonSynRate = 0.1
t2.Polyodon_spathula.synRate = 0.1
Optimization finished in 5 loop passes.
166 likelihood evaluation calls and 142 matrix exponentiations calls were made

Row and/or column partition is empty. All the data will be used by default.
Model MG94customModel assigned to Paramormyrops_kingsleyae
Model MG94customModel assigned to Polypterus_senegalus
One branch tree supplied - hopefully this IS what you meant to do.
Rooted tree. Removing one branch - the left root child has been promoted to be the new root
Partition 0 reversible model flag computed as 1
Variable 't2.Polypterus_senegalus.nonSynRate' was not initialized prior to being used
Variable 't2.Polypterus_senegalus.synRate' was not initialized prior to being used
Auto-benchmarked an optimal number (4) of threads.
Set GUI update interval to every 5434-th LF evaluation.
Optimization settings:
	OPTIMIZATION_METHOD = 4
	OPTIMIZATION_PRECISION = 0.001
	MAXIMUM_ITERATIONS_PER_VARIABLE = 5000

Initial parameter values

t2.Polypterus_senegalus.nonSynRate = 0.1
t2.Polypterus_senegalus.synRate = 0.1
Optimization finished in 5 loop passes.
209 likelihood evaluation calls and 187 matrix exponentiations calls were made

Row and/or column partition is empty. All the data will be used by default.
Model MG94customModel assigned to Paramormyrops_kingsleyae
Model MG94customModel assigned to Erpetoichthys_calabaricus
One branch tree supplied - hopefully this IS what you meant to do.
Rooted tree. Removing one branch - the left root child has been promoted to be the new root
Partition 0 reversible model flag computed as 1
Variable 't2.Erpetoichthys_calabaricus.nonSynRate' was not initialized prior to being used
Variable 't2.Erpetoichthys_calabaricus.synRate' was not initialized prior to being used
Auto-benchmarked an optimal number (5) of threads.
Set GUI update interval to every 8474-th LF evaluation.
Optimization settings:
	OPTIMIZATION_METHOD = 4
	OPTIMIZATION_PRECISION = 0.001
	MAXIMUM_ITERATIONS_PER_VARIABLE = 5000

Initial parameter values

t2.Erpetoichthys_calabaricus.nonSynRate = 0.1
t2.Erpetoichthys_calabaricus.synRate = 0.1
Optimization finished in 5 loop passes.
187 likelihood evaluation calls and 170 matrix exponentiations calls were made

Row and/or column partition is empty. All the data will be used by default.
Model MG94customModel assigned to Brienomyrus_brachyistius
Model MG94customModel assigned to Scleropages_formosus
One branch tree supplied - hopefully this IS what you meant to do.
Rooted tree. Removing one branch - the left root child has been promoted to be the new root
Partition 0 reversible model flag computed as 1
Variable 't2.Scleropages_formosus.nonSynRate' was not initialized prior to being used
Variable 't2.Scleropages_formosus.synRate' was not initialized prior to being used
Auto-benchmarked an optimal number (4) of threads.
Set GUI update interval to every 4672-th LF evaluation.
Optimization settings:
	OPTIMIZATION_METHOD = 4
	OPTIMIZATION_PRECISION = 0.001
	MAXIMUM_ITERATIONS_PER_VARIABLE = 5000

Initial parameter values

t2.Scleropages_formosus.nonSynRate = 0.1
t2.Scleropages_formosus.synRate = 0.1
Optimization finished in 6 loop passes.
208 likelihood evaluation calls and 192 matrix exponentiations calls were made

Row and/or column partition is empty. All the data will be used by default.
Model MG94customModel assigned to Brienomyrus_brachyistius
Model MG94customModel assigned to Acipenser_ruthenus
One branch tree supplied - hopefully this IS what you meant to do.
Rooted tree. Removing one branch - the left root child has been promoted to be the new root
Partition 0 reversible model flag computed as 1
Variable 't2.Acipenser_ruthenus.nonSynRate' was not initialized prior to being used
Variable 't2.Acipenser_ruthenus.synRate' was not initialized prior to being used
Auto-benchmarked an optimal number (4) of threads.
Set GUI update interval to every 7936-th LF evaluation.
Optimization settings:
	OPTIMIZATION_METHOD = 4
	OPTIMIZATION_PRECISION = 0.001
	MAXIMUM_ITERATIONS_PER_VARIABLE = 5000

Initial parameter values

t2.Acipenser_ruthenus.nonSynRate = 0.1
t2.Acipenser_ruthenus.synRate = 0.1
Optimization finished in 6 loop passes.
204 likelihood evaluation calls and 189 matrix exponentiations calls were made

Row and/or column partition is empty. All the data will be used by default.
Model MG94customModel assigned to Brienomyrus_brachyistius
Model MG94customModel assigned to Polyodon_spathula
One branch tree supplied - hopefully this IS what you meant to do.
Rooted tree. Removing one branch - the left root child has been promoted to be the new root
Partition 0 reversible model flag computed as 1
Variable 't2.Polyodon_spathula.nonSynRate' was not initialized prior to being used
Variable 't2.Polyodon_spathula.synRate' was not initialized prior to being used
Auto-benchmarked an optimal number (4) of threads.
Set GUI update interval to every 7462-th LF evaluation.
Optimization settings:
	OPTIMIZATION_METHOD = 4
	OPTIMIZATION_PRECISION = 0.001
	MAXIMUM_ITERATIONS_PER_VARIABLE = 5000

Initial parameter values

t2.Polyodon_spathula.nonSynRate = 0.1
t2.Polyodon_spathula.synRate = 0.1
Optimization finished in 5 loop passes.
224 likelihood evaluation calls and 205 matrix exponentiations calls were made

Row and/or column partition is empty. All the data will be used by default.
Model MG94customModel assigned to Brienomyrus_brachyistius
Model MG94customModel assigned to Polypterus_senegalus
One branch tree supplied - hopefully this IS what you meant to do.
Rooted tree. Removing one branch - the left root child has been promoted to be the new root
Partition 0 reversible model flag computed as 1
Variable 't2.Polypterus_senegalus.nonSynRate' was not initialized prior to being used
Variable 't2.Polypterus_senegalus.synRate' was not initialized prior to being used
Auto-benchmarked an optimal number (5) of threads.
Set GUI update interval to every 7575-th LF evaluation.
Optimization settings:
	OPTIMIZATION_METHOD = 4
	OPTIMIZATION_PRECISION = 0.001
	MAXIMUM_ITERATIONS_PER_VARIABLE = 5000

Initial parameter values

t2.Polypterus_senegalus.nonSynRate = 0.1
t2.Polypterus_senegalus.synRate = 0.1
Optimization finished in 6 loop passes.
198 likelihood evaluation calls and 182 matrix exponentiations calls were made

Row and/or column partition is empty. All the data will be used by default.
Model MG94customModel assigned to Brienomyrus_brachyistius
Model MG94customModel assigned to Erpetoichthys_calabaricus
One branch tree supplied - hopefully this IS what you meant to do.
Rooted tree. Removing one branch - the left root child has been promoted to be the new root
Partition 0 reversible model flag computed as 1
Variable 't2.Erpetoichthys_calabaricus.nonSynRate' was not initialized prior to being used
Variable 't2.Erpetoichthys_calabaricus.synRate' was not initialized prior to being used
Auto-benchmarked an optimal number (4) of threads.
Set GUI update interval to every 4629-th LF evaluation.
Optimization settings:
	OPTIMIZATION_METHOD = 4
	OPTIMIZATION_PRECISION = 0.001
	MAXIMUM_ITERATIONS_PER_VARIABLE = 5000

Initial parameter values

t2.Erpetoichthys_calabaricus.nonSynRate = 0.1
t2.Erpetoichthys_calabaricus.synRate = 0.1
Optimization finished in 5 loop passes.
207 likelihood evaluation calls and 191 matrix exponentiations calls were made

Row and/or column partition is empty. All the data will be used by default.
Model MG94customModel assigned to Scleropages_formosus
Model MG94customModel assigned to Acipenser_ruthenus
One branch tree supplied - hopefully this IS what you meant to do.
Rooted tree. Removing one branch - the left root child has been promoted to be the new root
Partition 0 reversible model flag computed as 1
Variable 't2.Acipenser_ruthenus.nonSynRate' was not initialized prior to being used
Variable 't2.Acipenser_ruthenus.synRate' was not initialized prior to being used
Auto-benchmarked an optimal number (2) of threads.
Set GUI update interval to every 7936-th LF evaluation.
Optimization settings:
	OPTIMIZATION_METHOD = 4
	OPTIMIZATION_PRECISION = 0.001
	MAXIMUM_ITERATIONS_PER_VARIABLE = 5000

Initial parameter values

t2.Acipenser_ruthenus.nonSynRate = 0.1
t2.Acipenser_ruthenus.synRate = 0.1
Optimization finished in 8 loop passes.
211 likelihood evaluation calls and 191 matrix exponentiations calls were made

Row and/or column partition is empty. All the data will be used by default.
Model MG94customModel assigned to Scleropages_formosus
Model MG94customModel assigned to Polyodon_spathula
One branch tree supplied - hopefully this IS what you meant to do.
Rooted tree. Removing one branch - the left root child has been promoted to be the new root
Partition 0 reversible model flag computed as 1
Variable 't2.Polyodon_spathula.nonSynRate' was not initialized prior to being used
Variable 't2.Polyodon_spathula.synRate' was not initialized prior to being used
Auto-benchmarked an optimal number (5) of threads.
Set GUI update interval to every 8620-th LF evaluation.
Optimization settings:
	OPTIMIZATION_METHOD = 4
	OPTIMIZATION_PRECISION = 0.001
	MAXIMUM_ITERATIONS_PER_VARIABLE = 5000

Initial parameter values

t2.Polyodon_spathula.nonSynRate = 0.1
t2.Polyodon_spathula.synRate = 0.1
Optimization finished in 6 loop passes.
215 likelihood evaluation calls and 196 matrix exponentiations calls were made

Row and/or column partition is empty. All the data will be used by default.
Model MG94customModel assigned to Scleropages_formosus
Model MG94customModel assigned to Polypterus_senegalus
One branch tree supplied - hopefully this IS what you meant to do.
Rooted tree. Removing one branch - the left root child has been promoted to be the new root
Partition 0 reversible model flag computed as 1
Variable 't2.Polypterus_senegalus.nonSynRate' was not initialized prior to being used
Variable 't2.Polypterus_senegalus.synRate' was not initialized prior to being used
Auto-benchmarked an optimal number (4) of threads.
Set GUI update interval to every 8474-th LF evaluation.
Optimization settings:
	OPTIMIZATION_METHOD = 4
	OPTIMIZATION_PRECISION = 0.001
	MAXIMUM_ITERATIONS_PER_VARIABLE = 5000

Initial parameter values

t2.Polypterus_senegalus.nonSynRate = 0.1
t2.Polypterus_senegalus.synRate = 0.1
Optimization finished in 6 loop passes.
226 likelihood evaluation calls and 208 matrix exponentiations calls were made

Row and/or column partition is empty. All the data will be used by default.
Model MG94customModel assigned to Scleropages_formosus
Model MG94customModel assigned to Erpetoichthys_calabaricus
One branch tree supplied - hopefully this IS what you meant to do.
Rooted tree. Removing one branch - the left root child has been promoted to be the new root
Partition 0 reversible model flag computed as 1
Variable 't2.Erpetoichthys_calabaricus.nonSynRate' was not initialized prior to being used
Variable 't2.Erpetoichthys_calabaricus.synRate' was not initialized prior to being used
Auto-benchmarked an optimal number (4) of threads.
Set GUI update interval to every 8771-th LF evaluation.
Optimization settings:
	OPTIMIZATION_METHOD = 4
	OPTIMIZATION_PRECISION = 0.001
	MAXIMUM_ITERATIONS_PER_VARIABLE = 5000

Initial parameter values

t2.Erpetoichthys_calabaricus.nonSynRate = 0.1
t2.Erpetoichthys_calabaricus.synRate = 0.1
Optimization finished in 6 loop passes.
203 likelihood evaluation calls and 187 matrix exponentiations calls were made

Row and/or column partition is empty. All the data will be used by default.
Model MG94customModel assigned to Acipenser_ruthenus
Model MG94customModel assigned to Polyodon_spathula
One branch tree supplied - hopefully this IS what you meant to do.
Rooted tree. Removing one branch - the left root child has been promoted to be the new root
Partition 0 reversible model flag computed as 1
Variable 't2.Polyodon_spathula.nonSynRate' was not initialized prior to being used
Variable 't2.Polyodon_spathula.synRate' was not initialized prior to being used
Auto-benchmarked an optimal number (4) of threads.
Set GUI update interval to every 7936-th LF evaluation.
Optimization settings:
	OPTIMIZATION_METHOD = 4
	OPTIMIZATION_PRECISION = 0.001
	MAXIMUM_ITERATIONS_PER_VARIABLE = 5000

Initial parameter values

t2.Polyodon_spathula.nonSynRate = 0.1
t2.Polyodon_spathula.synRate = 0.1
Optimization finished in 6 loop passes.
226 likelihood evaluation calls and 207 matrix exponentiations calls were made

Row and/or column partition is empty. All the data will be used by default.
Model MG94customModel assigned to Acipenser_ruthenus
Model MG94customModel assigned to Polypterus_senegalus
One branch tree supplied - hopefully this IS what you meant to do.
Rooted tree. Removing one branch - the left root child has been promoted to be the new root
Partition 0 reversible model flag computed as 1
Variable 't2.Polypterus_senegalus.nonSynRate' was not initialized prior to being used
Variable 't2.Polypterus_senegalus.synRate' was not initialized prior to being used
Auto-benchmarked an optimal number (5) of threads.
Set GUI update interval to every 8333-th LF evaluation.
Optimization settings:
	OPTIMIZATION_METHOD = 4
	OPTIMIZATION_PRECISION = 0.001
	MAXIMUM_ITERATIONS_PER_VARIABLE = 5000

Initial parameter values

t2.Polypterus_senegalus.nonSynRate = 0.1
t2.Polypterus_senegalus.synRate = 0.1
Optimization finished in 6 loop passes.
233 likelihood evaluation calls and 217 matrix exponentiations calls were made

Row and/or column partition is empty. All the data will be used by default.
Model MG94customModel assigned to Acipenser_ruthenus
Model MG94customModel assigned to Erpetoichthys_calabaricus
One branch tree supplied - hopefully this IS what you meant to do.
Rooted tree. Removing one branch - the left root child has been promoted to be the new root
Partition 0 reversible model flag computed as 1
Variable 't2.Erpetoichthys_calabaricus.nonSynRate' was not initialized prior to being used
Variable 't2.Erpetoichthys_calabaricus.synRate' was not initialized prior to being used
Auto-benchmarked an optimal number (3) of threads.
Set GUI update interval to every 5000-th LF evaluation.
Optimization settings:
	OPTIMIZATION_METHOD = 4
	OPTIMIZATION_PRECISION = 0.001
	MAXIMUM_ITERATIONS_PER_VARIABLE = 5000

Initial parameter values

t2.Erpetoichthys_calabaricus.nonSynRate = 0.1
t2.Erpetoichthys_calabaricus.synRate = 0.1
Optimization finished in 6 loop passes.
244 likelihood evaluation calls and 224 matrix exponentiations calls were made

Row and/or column partition is empty. All the data will be used by default.
Model MG94customModel assigned to Polyodon_spathula
Model MG94customModel assigned to Polypterus_senegalus
One branch tree supplied - hopefully this IS what you meant to do.
Rooted tree. Removing one branch - the left root child has been promoted to be the new root
Partition 0 reversible model flag computed as 1
Variable 't2.Polypterus_senegalus.nonSynRate' was not initialized prior to being used
Variable 't2.Polypterus_senegalus.synRate' was not initialized prior to being used
Auto-benchmarked an optimal number (4) of threads.
Set GUI update interval to every 7936-th LF evaluation.
Optimization settings:
	OPTIMIZATION_METHOD = 4
	OPTIMIZATION_PRECISION = 0.001
	MAXIMUM_ITERATIONS_PER_VARIABLE = 5000

Initial parameter values

t2.Polypterus_senegalus.nonSynRate = 0.1
t2.Polypterus_senegalus.synRate = 0.1
Optimization finished in 6 loop passes.
210 likelihood evaluation calls and 174 matrix exponentiations calls were made

Row and/or column partition is empty. All the data will be used by default.
Model MG94customModel assigned to Polyodon_spathula
Model MG94customModel assigned to Erpetoichthys_calabaricus
One branch tree supplied - hopefully this IS what you meant to do.
Rooted tree. Removing one branch - the left root child has been promoted to be the new root
Partition 0 reversible model flag computed as 1
Variable 't2.Erpetoichthys_calabaricus.nonSynRate' was not initialized prior to being used
Variable 't2.Erpetoichthys_calabaricus.synRate' was not initialized prior to being used
Auto-benchmarked an optimal number (3) of threads.
Set GUI update interval to every 8064-th LF evaluation.
Optimization settings:
	OPTIMIZATION_METHOD = 4
	OPTIMIZATION_PRECISION = 0.001
	MAXIMUM_ITERATIONS_PER_VARIABLE = 5000

Initial parameter values

t2.Erpetoichthys_calabaricus.nonSynRate = 0.1
t2.Erpetoichthys_calabaricus.synRate = 0.1
Optimization finished in 5 loop passes.
186 likelihood evaluation calls and 166 matrix exponentiations calls were made

Row and/or column partition is empty. All the data will be used by default.
Model MG94customModel assigned to Polypterus_senegalus
Model MG94customModel assigned to Erpetoichthys_calabaricus
One branch tree supplied - hopefully this IS what you meant to do.
Rooted tree. Removing one branch - the left root child has been promoted to be the new root
Partition 0 reversible model flag computed as 1
Auto-benchmarked an optimal number (3) of threads.
Set GUI update interval to every 833-th LF evaluation.
Optimization settings:
	OPTIMIZATION_METHOD = 4
	OPTIMIZATION_PRECISION = 0.001
	MAXIMUM_ITERATIONS_PER_VARIABLE = 5000

Initial parameter values

t2.Erpetoichthys_calabaricus.nonSynRate = 0.1
t2.Erpetoichthys_calabaricus.synRate = 0.1
Optimization finished in 5 loop passes.
165 likelihood evaluation calls and 143 matrix exponentiations calls were made
