Taeniopygia_guttata::NC_045005.1:34592322-34775757()	NC_051777.1	78.772	2850	466	47	20142	22902	37687872	37690671	0.0	2333
Taeniopygia_guttata::NC_045005.1:34592322-34775757()	NC_051777.1	69.199	4555	988	116	3460	7731	37664678	37669100	0.0	1778
Taeniopygia_guttata::NC_045005.1:34592322-34775757()	NC_051777.1	85.703	1231	122	15	25114	26309	37693107	37694318	0.0	1408
Taeniopygia_guttata::NC_045005.1:34592322-34775757()	NC_051777.1	74.588	1944	374	41	15823	17678	37683489	37685400	0.0	1203
Taeniopygia_guttata::NC_045005.1:34592322-34775757()	NC_051777.1	69.478	2798	638	55	118764	121424	37817918	37820636	0.0	1176
Taeniopygia_guttata::NC_045005.1:34592322-34775757()	NC_051777.1	73.327	1972	384	43	157196	159059	37856202	37858139	0.0	1120
Taeniopygia_guttata::NC_045005.1:34592322-34775757()	NC_051777.1	88.222	866	59	9	24068	24920	37692077	37692912	0.0	1101
Taeniopygia_guttata::NC_045005.1:34592322-34775757()	NC_051777.1	70.429	2357	440	59	9398	11590	37678134	37680397	0.0	1075
Taeniopygia_guttata::NC_045005.1:34592322-34775757()	NC_051777.1	69.455	2439	534	52	141309	143633	37839046	37841387	0.0	996
Taeniopygia_guttata::NC_045005.1:34592322-34775757()	NC_051777.1	79.764	1102	157	23	29794	30850	37698458	37699538	0.0	939
Taeniopygia_guttata::NC_045005.1:34592322-34775757()	NC_051777.1	74.011	1516	265	36	11797	13203	37680652	37682147	0.0	912
Taeniopygia_guttata::NC_045005.1:34592322-34775757()	NC_051777.1	68.709	2416	543	60	88430	90742	37787888	37790193	0.0	911
Taeniopygia_guttata::NC_045005.1:34592322-34775757()	NC_051777.1	75.325	1309	241	20	43238	44488	37731111	37732395	0.0	889
Taeniopygia_guttata::NC_045005.1:34592322-34775757()	NC_051777.1	75.453	1214	203	22	175539	176722	37879739	37880887	0.0	862
Taeniopygia_guttata::NC_045005.1:34592322-34775757()	NC_051777.1	81.299	893	94	17	27905	28730	37696395	37697281	0.0	847
Taeniopygia_guttata::NC_045005.1:34592322-34775757()	NC_051777.1	66.704	2709	591	67	81215	83767	37780567	37783120	0.0	823
Taeniopygia_guttata::NC_045005.1:34592322-34775757()	NC_051777.1	70.617	1865	408	44	74486	76255	37772052	37773871	0.0	821
Taeniopygia_guttata::NC_045005.1:34592322-34775757()	NC_051777.1	72.905	1432	316	21	45427	46821	37733446	37734842	0.0	805
Taeniopygia_guttata::NC_045005.1:34592322-34775757()	NC_051777.1	68.855	2148	432	70	103917	105939	37803220	37805255	0.0	756
Taeniopygia_guttata::NC_045005.1:34592322-34775757()	NC_051777.1	75.507	1135	216	23	95475	96570	37793537	37794648	0.0	746
Taeniopygia_guttata::NC_045005.1:34592322-34775757()	NC_051777.1	69.079	1824	380	49	57901	59645	37749392	37751110	0.0	692
Taeniopygia_guttata::NC_045005.1:34592322-34775757()	NC_051777.1	82.547	636	81	9	55013	55644	37747651	37748260	8.10e-179	634
Taeniopygia_guttata::NC_045005.1:34592322-34775757()	NC_051777.1	80.945	656	88	5	48676	49301	37735396	37736044	9.87e-178	631
Taeniopygia_guttata::NC_045005.1:34592322-34775757()	NC_051777.1	81.241	661	106	6	162240	162897	37863470	37864115	1.46e-175	623
Taeniopygia_guttata::NC_045005.1:34592322-34775757()	NC_051777.1	79.860	715	125	11	2303	3005	37663279	37663986	3.23e-171	609
Taeniopygia_guttata::NC_045005.1:34592322-34775757()	NC_051777.1	69.018	1517	348	37	79033	80510	37778001	37779434	3.68e-164	586
Taeniopygia_guttata::NC_045005.1:34592322-34775757()	NC_051777.1	66.566	1980	433	56	61263	63095	37757267	37759164	1.37e-150	541
Taeniopygia_guttata::NC_045005.1:34592322-34775757()	NC_051777.1	76.099	728	123	9	13845	14526	37682329	37683051	5.84e-149	535
Taeniopygia_guttata::NC_045005.1:34592322-34775757()	NC_051777.1	71.043	1074	201	24	35348	36363	37705648	37706669	3.02e-146	526
Taeniopygia_guttata::NC_045005.1:34592322-34775757()	NC_051777.1	74.205	818	176	11	98598	99387	37797705	37798515	2.83e-140	507
Taeniopygia_guttata::NC_045005.1:34592322-34775757()	NC_051777.1	72.818	905	207	12	181031	181928	37884994	37885866	9.89e-140	505
Taeniopygia_guttata::NC_045005.1:34592322-34775757()	NC_051777.1	74.165	778	132	13	160507	161223	37860584	37861353	1.20e-138	501
Taeniopygia_guttata::NC_045005.1:34592322-34775757()	NC_051777.1	73.551	828	175	10	169373	170183	37872025	37872825	1.20e-138	501
Taeniopygia_guttata::NC_045005.1:34592322-34775757()	NC_051777.1	72.667	900	192	19	102815	103699	37801980	37802840	1.47e-137	498
Taeniopygia_guttata::NC_045005.1:34592322-34775757()	NC_051777.1	68.983	1367	291	40	65406	66692	37761618	37762931	1.79e-136	494
Taeniopygia_guttata::NC_045005.1:34592322-34775757()	NC_051777.1	71.167	1037	228	22	172343	173359	37876098	37877083	7.60e-135	488
Taeniopygia_guttata::NC_045005.1:34592322-34775757()	NC_051777.1	76.246	682	119	12	163919	164572	37866542	37867208	9.26e-134	485
Taeniopygia_guttata::NC_045005.1:34592322-34775757()	NC_051777.1	73.671	790	148	13	137763	138515	37834921	37835687	3.23e-133	483
Taeniopygia_guttata::NC_045005.1:34592322-34775757()	NC_051777.1	73.407	816	140	23	87088	87865	37786714	37787490	3.69e-126	460
Taeniopygia_guttata::NC_045005.1:34592322-34775757()	NC_051777.1	68.111	1154	237	24	96981	98030	37795774	37796900	1.57e-124	453
Taeniopygia_guttata::NC_045005.1:34592322-34775757()	NC_051777.1	69.283	1185	268	30	77606	78715	37776034	37777197	6.67e-123	448
Taeniopygia_guttata::NC_045005.1:34592322-34775757()	NC_051777.1	71.414	955	193	27	84189	85107	37783598	37784508	2.84e-121	443
Taeniopygia_guttata::NC_045005.1:34592322-34775757()	NC_051777.1	69.634	1011	196	22	112077	112992	37812139	37813133	9.90e-121	441
Taeniopygia_guttata::NC_045005.1:34592322-34775757()	NC_051777.1	71.464	813	151	18	92127	92901	37791202	37791971	4.80e-112	413
Taeniopygia_guttata::NC_045005.1:34592322-34775757()	NC_051777.1	68.142	1152	276	22	146327	147457	37844050	37845131	2.04e-110	407
Taeniopygia_guttata::NC_045005.1:34592322-34775757()	NC_051777.1	75.614	611	123	14	49888	50476	37736240	37736846	1.57e-105	391
Taeniopygia_guttata::NC_045005.1:34592322-34775757()	NC_051777.1	73.783	637	128	12	51775	52381	37740596	37741223	9.90e-102	378
Taeniopygia_guttata::NC_045005.1:34592322-34775757()	NC_051777.1	75.086	582	124	9	122191	122754	37823967	37824545	1.21e-100	375
Taeniopygia_guttata::NC_045005.1:34592322-34775757()	NC_051777.1	68.161	1093	233	30	66798	67848	37763710	37764729	1.47e-99	371
Taeniopygia_guttata::NC_045005.1:34592322-34775757()	NC_051777.1	67.905	969	243	14	106437	107356	37805727	37806676	2.18e-97	363
Taeniopygia_guttata::NC_045005.1:34592322-34775757()	NC_051777.1	71.995	757	171	19	71270	72000	37768624	37769365	7.61e-97	361
Taeniopygia_guttata::NC_045005.1:34592322-34775757()	NC_051777.1	69.516	889	212	17	139298	140144	37837077	37837948	9.28e-96	359
Taeniopygia_guttata::NC_045005.1:34592322-34775757()	NC_051777.1	69.678	808	173	15	140514	141262	37838141	37838935	1.38e-93	351
Taeniopygia_guttata::NC_045005.1:34592322-34775757()	NC_051777.1	68.421	988	217	27	149613	150571	37849374	37850295	2.49e-90	340
Taeniopygia_guttata::NC_045005.1:34592322-34775757()	NC_051777.1	77.991	468	79	14	171801	172256	37875497	37875952	8.69e-90	339
Taeniopygia_guttata::NC_045005.1:34592322-34775757()	NC_051777.1	73.211	601	113	15	136486	137050	37834200	37834788	1.06e-88	334
Taeniopygia_guttata::NC_045005.1:34592322-34775757()	NC_051777.1	72.381	630	135	12	108521	109117	37808350	37808973	3.69e-88	334
Taeniopygia_guttata::NC_045005.1:34592322-34775757()	NC_051777.1	72.392	623	121	14	80617	81198	37779816	37780428	1.29e-87	332
Taeniopygia_guttata::NC_045005.1:34592322-34775757()	NC_051777.1	89.020	255	27	1	178983	179236	37882808	37883062	1.29e-87	331
Taeniopygia_guttata::NC_045005.1:34592322-34775757()	NC_051777.1	77.616	411	76	6	18106	18504	37685677	37686083	9.91e-83	315
Taeniopygia_guttata::NC_045005.1:34592322-34775757()	NC_051777.1	70.677	665	150	11	132795	133435	37832603	37833246	1.21e-81	312
Taeniopygia_guttata::NC_045005.1:34592322-34775757()	NC_051777.1	67.769	937	221	26	165238	166148	37868928	37869809	1.21e-81	312
Taeniopygia_guttata::NC_045005.1:34592322-34775757()	NC_051777.1	72.329	571	121	10	24	564	37660121	37660684	5.14e-80	306
Taeniopygia_guttata::NC_045005.1:34592322-34775757()	NC_051777.1	70.588	663	138	14	166444	167081	37869807	37870437	5.14e-80	306
Taeniopygia_guttata::NC_045005.1:34592322-34775757()	NC_051777.1	78.862	369	74	3	179795	180160	37884049	37884416	1.79e-79	305
Taeniopygia_guttata::NC_045005.1:34592322-34775757()	NC_051777.1	70.308	650	152	10	19211	19824	37686864	37687508	9.28e-77	295
Taeniopygia_guttata::NC_045005.1:34592322-34775757()	NC_051777.1	76.134	419	89	5	94789	95200	37792622	37793036	3.24e-76	293
Taeniopygia_guttata::NC_045005.1:34592322-34775757()	NC_051777.1	66.281	1124	241	34	63573	64624	37759536	37760593	3.95e-75	290
Taeniopygia_guttata::NC_045005.1:34592322-34775757()	NC_051777.1	82.313	294	50	2	114055	114346	37814680	37814973	3.95e-75	289
Taeniopygia_guttata::NC_045005.1:34592322-34775757()	NC_051777.1	68.653	772	162	20	117312	118064	37816573	37817283	1.68e-73	284
Taeniopygia_guttata::NC_045005.1:34592322-34775757()	NC_051777.1	76.733	404	71	10	7818	8211	37669194	37669584	2.05e-72	281
Taeniopygia_guttata::NC_045005.1:34592322-34775757()	NC_051777.1	70.980	541	117	7	115330	115833	37815166	37815703	3.04e-70	273
Taeniopygia_guttata::NC_045005.1:34592322-34775757()	NC_051777.1	72.534	517	91	15	125565	126054	37827655	37828147	1.06e-69	271
Taeniopygia_guttata::NC_045005.1:34592322-34775757()	NC_051777.1	68.844	796	153	30	145535	146264	37842814	37843580	1.29e-68	269
Taeniopygia_guttata::NC_045005.1:34592322-34775757()	NC_051777.1	65.000	1240	292	37	69565	70745	37766685	37767841	1.57e-67	265
Taeniopygia_guttata::NC_045005.1:34592322-34775757()	NC_051777.1	74.014	431	77	9	86323	86727	37786244	37786665	1.57e-67	264
Taeniopygia_guttata::NC_045005.1:34592322-34775757()	NC_051777.1	74.334	413	83	6	164593	164992	37867446	37867848	1.92e-66	261
Taeniopygia_guttata::NC_045005.1:34592322-34775757()	NC_051777.1	87.264	212	24	1	29368	29576	37697986	37698197	6.69e-66	260
Taeniopygia_guttata::NC_045005.1:34592322-34775757()	NC_051777.1	65.493	994	274	20	50633	51592	37738766	37739724	2.84e-64	254
Taeniopygia_guttata::NC_045005.1:34592322-34775757()	NC_051777.1	64.136	2002	446	85	39952	41843	37711008	37712847	2.84e-64	253
Taeniopygia_guttata::NC_045005.1:34592322-34775757()	NC_051777.1	80.657	274	45	3	76932	77199	37775511	37775782	3.46e-63	250
Taeniopygia_guttata::NC_045005.1:34592322-34775757()	NC_051777.1	85.268	224	26	3	18669	18889	37686250	37686469	1.21e-62	249
Taeniopygia_guttata::NC_045005.1:34592322-34775757()	NC_051777.1	69.094	673	161	16	23006	23660	37690826	37691469	4.22e-62	247
Taeniopygia_guttata::NC_045005.1:34592322-34775757()	NC_051777.1	70.202	594	142	13	44689	45259	37732676	37733257	4.22e-62	247
Taeniopygia_guttata::NC_045005.1:34592322-34775757()	NC_051777.1	72.609	460	94	10	56451	56883	37748417	37748871	4.22e-62	246
Taeniopygia_guttata::NC_045005.1:34592322-34775757()	NC_051777.1	72.279	487	99	14	109616	110093	37809457	37809916	6.26e-60	240
Taeniopygia_guttata::NC_045005.1:34592322-34775757()	NC_051777.1	69.470	642	160	15	151323	151948	37851814	37852435	6.26e-60	240
Taeniopygia_guttata::NC_045005.1:34592322-34775757()	NC_051777.1	69.982	543	129	9	68701	69213	37765802	37766340	7.63e-59	235
Taeniopygia_guttata::NC_045005.1:34592322-34775757()	NC_051777.1	71.757	478	112	9	72832	73302	37770265	37770726	2.66e-58	234
Taeniopygia_guttata::NC_045005.1:34592322-34775757()	NC_051777.1	74.317	366	78	5	154490	154850	37853437	37853791	1.13e-56	229
Taeniopygia_guttata::NC_045005.1:34592322-34775757()	NC_051777.1	66.705	865	220	22	155391	156210	37854601	37855442	1.38e-55	224
Taeniopygia_guttata::NC_045005.1:34592322-34775757()	NC_051777.1	70.165	486	91	11	111305	111744	37811158	37811635	4.81e-55	223
Taeniopygia_guttata::NC_045005.1:34592322-34775757()	NC_051777.1	75.150	334	74	4	57574	57899	37748918	37749250	5.86e-54	219
Taeniopygia_guttata::NC_045005.1:34592322-34775757()	NC_051777.1	74.022	358	52	12	37898	38252	37707735	37708054	3.04e-51	210
Taeniopygia_guttata::NC_045005.1:34592322-34775757()	NC_051777.1	70.670	433	98	6	53917	54328	37746579	37747003	1.06e-50	208
Taeniopygia_guttata::NC_045005.1:34592322-34775757()	NC_051777.1	77.224	281	57	4	100151	100424	37800023	37800303	3.70e-50	207
Taeniopygia_guttata::NC_045005.1:34592322-34775757()	NC_051777.1	76.159	302	57	6	118400	118698	37817396	37817685	3.70e-50	207
Taeniopygia_guttata::NC_045005.1:34592322-34775757()	NC_051777.1	67.771	664	152	19	31412	32056	37699965	37700585	4.51e-49	204
Taeniopygia_guttata::NC_045005.1:34592322-34775757()	NC_051777.1	68.595	605	138	18	159211	159794	37858351	37858924	1.57e-48	201
Taeniopygia_guttata::NC_045005.1:34592322-34775757()	NC_051777.1	76.786	280	47	8	60519	60795	37756664	37756928	8.15e-46	193
Taeniopygia_guttata::NC_045005.1:34592322-34775757()	NC_051777.1	72.599	354	80	6	161834	162172	37862959	37863310	2.85e-45	190
Taeniopygia_guttata::NC_045005.1:34592322-34775757()	NC_051777.1	69.126	515	119	14	73442	73941	37770867	37771356	1.21e-43	186
Taeniopygia_guttata::NC_045005.1:34592322-34775757()	NC_051777.1	64.295	1504	361	59	147459	148874	37845241	37846656	1.21e-43	185
Taeniopygia_guttata::NC_045005.1:34592322-34775757()	NC_051777.1	84.431	167	25	1	126931	127097	37828942	37829107	1.47e-42	181
Taeniopygia_guttata::NC_045005.1:34592322-34775757()	NC_051777.1	69.336	437	99	9	121527	121935	37820724	37821153	6.27e-41	176
Taeniopygia_guttata::NC_045005.1:34592322-34775757()	NC_051777.1	68.384	427	72	10	42403	42793	37714376	37714775	2.19e-40	174
Taeniopygia_guttata::NC_045005.1:34592322-34775757()	NC_051777.1	71.164	378	88	8	163272	163644	37866119	37866480	2.19e-40	174
Taeniopygia_guttata::NC_045005.1:34592322-34775757()	NC_051777.1	69.679	498	114	18	1039	1524	37661068	37661540	2.66e-39	170
Taeniopygia_guttata::NC_045005.1:34592322-34775757()	NC_051777.1	68.750	480	107	13	150804	151248	37850602	37851073	2.66e-39	170
Taeniopygia_guttata::NC_045005.1:34592322-34775757()	NC_051777.1	71.781	365	86	10	67984	68338	37764748	37765105	1.13e-37	165
Taeniopygia_guttata::NC_045005.1:34592322-34775757()	NC_051777.1	66.873	646	165	18	123910	124516	37826512	37827147	3.96e-37	164
Taeniopygia_guttata::NC_045005.1:34592322-34775757()	NC_051777.1	74.704	253	45	5	76528	76766	37774153	37774400	3.96e-37	163
Taeniopygia_guttata::NC_045005.1:34592322-34775757()	NC_051777.1	67.761	518	114	15	143885	144374	37841515	37842007	1.38e-36	162
Taeniopygia_guttata::NC_045005.1:34592322-34775757()	NC_051777.1	82.911	158	26	1	171230	171386	37875336	37875493	4.82e-36	160
Taeniopygia_guttata::NC_045005.1:34592322-34775757()	NC_051777.1	82.581	155	22	1	101971	102125	37801482	37801631	1.68e-35	159
Taeniopygia_guttata::NC_045005.1:34592322-34775757()	NC_051777.1	85.926	135	18	1	3160	3294	37664228	37664361	2.05e-34	155
Taeniopygia_guttata::NC_045005.1:34592322-34775757()	NC_051777.1	75.207	242	53	4	91841	92075	37790838	37791079	2.05e-34	155
Taeniopygia_guttata::NC_045005.1:34592322-34775757()	NC_051777.1	67.808	438	105	8	64940	65362	37760946	37761362	2.50e-33	151
Taeniopygia_guttata::NC_045005.1:34592322-34775757()	NC_051777.1	70.571	350	73	10	8750	9072	37677150	37677496	8.71e-33	150
Taeniopygia_guttata::NC_045005.1:34592322-34775757()	NC_051777.1	73.387	248	48	9	1820	2058	37661927	37662165	9.94e-26	126
Taeniopygia_guttata::NC_045005.1:34592322-34775757()	NC_051777.1	69.883	342	83	10	38739	39069	37708330	37708662	9.94e-26	126
Taeniopygia_guttata::NC_045005.1:34592322-34775757()	NC_051777.1	80.000	150	27	3	174225	174371	37878095	37878244	9.94e-26	125
Taeniopygia_guttata::NC_045005.1:34592322-34775757()	NC_051777.1	81.061	132	24	1	122932	123063	37824733	37824863	1.21e-24	123
Taeniopygia_guttata::NC_045005.1:34592322-34775757()	NC_051777.1	80.451	133	23	1	72438	72570	37769849	37769978	1.21e-24	122
Taeniopygia_guttata::NC_045005.1:34592322-34775757()	NC_051777.1	66.262	412	86	10	34647	35020	37703055	37703451	4.23e-24	120
Taeniopygia_guttata::NC_045005.1:34592322-34775757()	NC_051777.1	71.103	263	67	5	53136	53392	37745794	37746053	1.48e-23	118
Taeniopygia_guttata::NC_045005.1:34592322-34775757()	NC_051777.1	70.000	310	74	9	134400	134705	37833443	37833737	5.15e-23	117
Taeniopygia_guttata::NC_045005.1:34592322-34775757()	NC_051777.1	73.632	201	45	4	179281	179479	37883649	37883843	6.27e-22	113
Taeniopygia_guttata::NC_045005.1:34592322-34775757()	NC_051777.1	71.556	225	52	6	170357	170574	37874373	37874592	1.13e-18	102
Taeniopygia_guttata::NC_045005.1:34592322-34775757()	NC_051777.1	69.683	221	51	3	125199	125403	37827340	37827560	1.38e-17	98.7
Taeniopygia_guttata::NC_045005.1:34592322-34775757()	NC_051777.1	76.744	129	27	1	152299	152427	37852816	37852941	4.82e-17	96.9
Taeniopygia_guttata::NC_045005.1:34592322-34775757()	NC_051777.1	74.830	147	36	1	72188	72334	37769673	37769818	1.68e-16	96.0
Taeniopygia_guttata::NC_045005.1:34592322-34775757()	NC_051777.1	75.000	140	31	1	126460	126595	37828535	37828674	1.68e-16	95.1
Taeniopygia_guttata::NC_045005.1:34592322-34775757()	NC_051777.1	70.455	220	42	7	102311	102527	37801660	37801859	5.87e-16	94.2
Taeniopygia_guttata::NC_045005.1:34592322-34775757()	NC_051777.1	77.236	123	27	1	115083	115204	37814967	37815089	5.87e-16	93.3
Taeniopygia_guttata::NC_045005.1:34592322-34775757()	NC_051777.1	72.472	178	40	4	174384	174555	37878390	37878564	2.05e-15	91.5
Taeniopygia_guttata::NC_045005.1:34592322-34775757()	NC_051777.1	71.277	188	41	4	152817	152996	37853223	37853405	7.16e-15	90.6
Taeniopygia_guttata::NC_045005.1:34592322-34775757()	NC_051777.1	78.378	111	23	1	170892	171002	37874957	37875066	7.16e-15	89.7
Taeniopygia_guttata::NC_045005.1:34592322-34775757()	NC_051777.1	70.721	222	47	8	174666	174881	37878577	37878786	2.50e-14	88.7
Taeniopygia_guttata::NC_045005.1:34592322-34775757()	NC_051777.1	81.818	88	16	0	52881	52968	37745706	37745793	2.50e-14	87.8
Taeniopygia_guttata::NC_045005.1:34592322-34775757()	NC_051777.1	73.510	151	21	5	144370	144517	37842295	37842429	2.50e-14	87.8
Taeniopygia_guttata::NC_045005.1:34592322-34775757()	NC_051777.1	70.388	206	47	5	173765	173963	37877648	37877846	2.50e-14	87.8
Taeniopygia_guttata::NC_045005.1:34592322-34775757()	NC_051777.1	71.134	194	49	4	85952	86144	37785781	37785968	8.72e-14	86.9
Taeniopygia_guttata::NC_045005.1:34592322-34775757()	NC_051777.1	82.353	85	15	0	101290	101374	37801017	37801101	8.72e-14	86.9
Taeniopygia_guttata::NC_045005.1:34592322-34775757()	NC_051777.1	73.649	148	30	3	138726	138864	37836525	37836672	8.72e-14	86.9
Taeniopygia_guttata::NC_045005.1:34592322-34775757()	NC_051777.1	76.316	114	27	0	127189	127302	37829398	37829511	3.04e-13	85.1
Taeniopygia_guttata::NC_045005.1:34592322-34775757()	NC_051777.1	78.095	105	18	2	34489	34593	37702821	37702920	1.06e-12	82.4
Taeniopygia_guttata::NC_045005.1:34592322-34775757()	NC_051777.1	66.551	287	57	9	29012	29284	37697593	37697854	3.71e-12	80.6
Taeniopygia_guttata::NC_045005.1:34592322-34775757()	NC_051777.1	73.494	166	28	8	60161	60314	37756137	37756298	3.71e-12	80.6
Taeniopygia_guttata::NC_045005.1:34592322-34775757()	NC_051777.1	74.074	135	33	2	85744	85877	37785530	37785663	1.29e-11	79.7
Taeniopygia_guttata::NC_045005.1:34592322-34775757()	NC_051777.1	74.825	143	26	6	71112	71251	37768397	37768532	1.29e-11	78.8
Taeniopygia_guttata::NC_045005.1:34592322-34775757()	NC_051777.1	78.218	101	19	2	124619	124716	37827188	37827288	4.52e-11	77.9
Taeniopygia_guttata::NC_045005.1:34592322-34775757()	NC_051777.1	76.415	106	20	2	39644	39748	37709745	37709846	1.58e-10	75.2
Taeniopygia_guttata::NC_045005.1:34592322-34775757()	NC_051777.1	71.975	157	31	5	113503	113647	37814262	37814417	1.58e-10	75.2
Taeniopygia_guttata::NC_045005.1:34592322-34775757()	NC_051777.1	75.472	106	26	0	180530	180635	37884477	37884582	1.58e-10	75.2
Taeniopygia_guttata::NC_045005.1:34592322-34775757()	NC_051777.1	73.723	137	29	4	113902	114035	37814462	37814594	5.50e-10	74.3
Taeniopygia_guttata::NC_045005.1:34592322-34775757()	NC_051777.1	74.138	116	27	1	107780	107895	37807007	37806895	5.50e-10	73.4
Taeniopygia_guttata::NC_045005.1:34592322-34775757()	NC_051777.1	100.000	39	0	0	24992	25030	37692985	37693023	1.92e-09	71.6
Taeniopygia_guttata::NC_045005.1:34592322-34775757()	NC_051777.1	81.333	75	13	1	2154	2228	37663103	37663176	6.70e-09	69.8
Taeniopygia_guttata::NC_045005.1:34592322-34775757()	NC_051777.1	64.336	429	106	13	177033	177431	37881262	37881673	2.34e-08	68.9
Taeniopygia_guttata::NC_045005.1:34592322-34775757()	NC_051777.1	79.012	81	15	1	156312	156390	37855589	37855669	2.34e-08	68.0
Taeniopygia_guttata::NC_045005.1:34592322-34775757()	NC_051777.1	74.167	120	28	3	19957	20075	37687668	37687785	8.17e-08	67.1
Taeniopygia_guttata::NC_045005.1:34592322-34775757()	NC_051777.1	70.861	151	34	4	122003	122152	37823631	37823772	8.17e-08	66.2
Taeniopygia_guttata::NC_045005.1:34592322-34775757()	NC_051777.1	68.246	211	58	5	101660	101867	37801116	37801320	2.85e-07	65.3
Taeniopygia_guttata::NC_045005.1:34592322-34775757()	NC_051777.1	71.324	136	37	2	8208	8342	37670044	37670178	9.95e-07	63.5
Taeniopygia_guttata::NC_045005.1:34592322-34775757()	NC_051777.1	67.172	198	42	5	176771	176945	37880936	37881133	9.95e-07	63.5
Taeniopygia_guttata::NC_045005.1:34592322-34775757()	NC_051777.1	75.281	89	17	1	100527	100615	37800443	37800526	9.95e-07	62.6
Taeniopygia_guttata::NC_045005.1:34592322-34775757()	NC_051777.1	76.190	84	20	0	139207	139290	37836920	37837003	9.95e-07	62.6
Taeniopygia_guttata::NC_045005.1:34592322-34775757()	NC_051777.1	76.923	78	18	0	134009	134086	32829491	32829568	3.47e-06	60.8
Taeniopygia_guttata::NC_045005.1:34592322-34775757()	NC_051777.1	81.667	60	11	0	137048	137107	2645722	2645781	1.21e-05	59.9
Taeniopygia_guttata::NC_045005.1:34592322-34775757()	NC_051777.1	81.667	60	11	0	90914	90973	37790585	37790644	1.21e-05	59.9
Taeniopygia_guttata::NC_045005.1:34592322-34775757()	NC_051777.1	87.755	49	5	1	63503	63551	37759426	37759473	1.21e-05	59.0
Taeniopygia_guttata::NC_045005.1:34592322-34775757()	NC_051777.1	69.930	143	31	4	95213	95346	37793079	37793218	4.23e-05	58.1
Taeniopygia_guttata::NC_045005.1:34592322-34775757()	NC_051777.1	67.511	237	54	10	36514	36734	37706876	37707105	4.23e-05	57.2
Taeniopygia_guttata::NC_045005.1:34592322-34775757()	NC_051777.1	87.500	48	5	1	112077	112123	37812024	37812071	4.23e-05	57.2
Taeniopygia_guttata::NC_045005.1:34592322-34775757()	NC_051777.1	71.111	135	18	7	61015	61147	37756946	37757061	1.48e-04	56.3
Taeniopygia_guttata::NC_045005.1:34592322-34775757()	NC_051777.1	83.636	55	8	1	61194	61247	37757168	37757222	1.48e-04	56.3
Taeniopygia_guttata::NC_045005.1:34592322-34775757()	NC_051777.1	71.552	116	30	2	39098	39212	37708921	37709034	1.48e-04	55.4
Taeniopygia_guttata::NC_045005.1:34592322-34775757()	NC_051777.1	72.000	100	28	0	152522	152621	37852955	37853054	1.48e-04	55.4
Taeniopygia_guttata::NC_045005.1:34592322-34775757()	NC_051777.1	77.612	67	15	0	103674	103740	3186823	3186757	5.15e-04	54.5
Taeniopygia_guttata::NC_045005.1:34592322-34775757()	NC_051777.1	72.519	131	21	8	9116	9235	37677504	37677630	0.002	52.7
Taeniopygia_guttata::NC_045005.1:34592322-34775757()	NC_051777.1	93.939	33	2	0	88048	88080	35907975	35907943	0.002	51.8
Taeniopygia_guttata::NC_045005.1:34592322-34775757()	NC_051777.1	91.429	35	3	0	38972	39006	18278101	18278067	0.006	50.9
Taeniopygia_guttata::NC_045005.1:34592322-34775757()	NC_051777.1	87.500	40	5	0	83815	83854	37290356	37290317	0.006	50.9
Taeniopygia_guttata::NC_045005.1:34592322-34775757()	NC_051777.1	85.714	42	6	0	48489	48530	37735192	37735233	0.006	50.0
Taeniopygia_guttata::NC_045005.1:34592322-34775757()	NC_051777.1	64.539	282	90	4	113170	113449	37813916	37814189	0.006	50.0
Taeniopygia_guttata::NC_045005.1:34592322-34775757()	NC_051777.1	85.714	42	6	0	145034	145075	37842770	37842811	0.006	50.0
Taeniopygia_guttata::NC_045005.1:34592322-34775757()	NC_051777.1	87.179	39	5	0	77897	77935	36234547	36234585	0.022	49.1
Taeniopygia_guttata::NC_045005.1:34592322-34775757()	NC_051777.1	88.889	36	4	0	161241	161276	29624197	29624232	0.022	48.2
Taeniopygia_guttata::NC_045005.1:34592322-34775757()	NC_051777.1	88.889	36	4	0	76764	76799	31299354	31299389	0.022	48.2
