Callipepla_squamata::MCFN01000763.1:70018-185539()	NC_051777.1	76.331	3701	604	73	95517	99053	37691467	37687875	0.0	2669
Callipepla_squamata::MCFN01000763.1:70018-185539()	NC_051777.1	76.164	3436	558	66	104341	107621	37682791	37679462	0.0	2443
Callipepla_squamata::MCFN01000763.1:70018-185539()	NC_051777.1	75.469	2291	405	49	101045	103219	37685395	37683146	0.0	1519
Callipepla_squamata::MCFN01000763.1:70018-185539()	NC_051777.1	74.793	2051	356	41	107690	109592	37678908	37676871	0.0	1329
Callipepla_squamata::MCFN01000763.1:70018-185539()	NC_051777.1	79.752	1452	212	22	92550	93955	37694522	37693107	0.0	1278
Callipepla_squamata::MCFN01000763.1:70018-185539()	NC_051777.1	73.462	1967	385	33	2573	4439	37881672	37879743	0.0	1236
Callipepla_squamata::MCFN01000763.1:70018-185539()	NC_051777.1	73.642	1988	367	41	24550	26415	37859092	37857140	0.0	1180
Callipepla_squamata::MCFN01000763.1:70018-185539()	NC_051777.1	89.286	840	68	9	94153	94975	37692912	37692078	0.0	1089
Callipepla_squamata::MCFN01000763.1:70018-185539()	NC_051777.1	79.253	1205	176	19	52323	53464	37751440	37750247	0.0	1028
Callipepla_squamata::MCFN01000763.1:70018-185539()	NC_051777.1	75.169	1478	275	27	39666	41100	37841210	37839782	0.0	973
Callipepla_squamata::MCFN01000763.1:70018-185539()	NC_051777.1	75.386	1426	287	18	22297	23701	37861310	37859928	0.0	966
Callipepla_squamata::MCFN01000763.1:70018-185539()	NC_051777.1	72.414	1653	267	34	70586	72081	37732463	37730843	0.0	943
Callipepla_squamata::MCFN01000763.1:70018-185539()	NC_051777.1	72.455	1670	340	27	99066	100648	37687807	37686171	0.0	925
Callipepla_squamata::MCFN01000763.1:70018-185539()	NC_051777.1	74.928	1384	221	34	45985	47276	37835718	37834369	0.0	893
Callipepla_squamata::MCFN01000763.1:70018-185539()	NC_051777.1	77.223	1001	126	21	88702	89613	37699468	37698481	0.0	775
Callipepla_squamata::MCFN01000763.1:70018-185539()	NC_051777.1	79.507	893	154	12	8378	9259	37877592	37876718	0.0	758
Callipepla_squamata::MCFN01000763.1:70018-185539()	NC_051777.1	81.684	748	99	8	21415	22160	37864135	37863424	0.0	730
Callipepla_squamata::MCFN01000763.1:70018-185539()	NC_051777.1	67.517	2155	457	61	28241	30219	37854904	37852817	0.0	685
Callipepla_squamata::MCFN01000763.1:70018-185539()	NC_051777.1	72.163	1322	309	25	64542	65828	37737335	37736038	0.0	666
Callipepla_squamata::MCFN01000763.1:70018-185539()	NC_051777.1	71.076	1255	206	29	81698	82887	37707153	37705991	4.19e-180	638
Callipepla_squamata::MCFN01000763.1:70018-185539()	NC_051777.1	73.575	1105	214	31	55460	56524	37749963	37748897	7.09e-171	608
Callipepla_squamata::MCFN01000763.1:70018-185539()	NC_051777.1	82.131	610	80	8	58669	59270	37748242	37747654	1.05e-168	600
Callipepla_squamata::MCFN01000763.1:70018-185539()	NC_051777.1	68.484	1577	343	36	31306	32787	37852006	37850489	9.86e-163	581
Callipepla_squamata::MCFN01000763.1:70018-185539()	NC_051777.1	69.494	1344	269	33	61737	62976	37745379	37744073	3.93e-155	554
Callipepla_squamata::MCFN01000763.1:70018-185539()	NC_051777.1	77.892	683	124	5	38976	39656	37844697	37844040	1.37e-154	554
Callipepla_squamata::MCFN01000763.1:70018-185539()	NC_051777.1	68.382	1360	272	24	41393	42683	37839442	37838172	4.78e-154	552
Callipepla_squamata::MCFN01000763.1:70018-185539()	NC_051777.1	70.971	1061	209	23	42879	43870	37837950	37836920	4.20e-142	511
Callipepla_squamata::MCFN01000763.1:70018-185539()	NC_051777.1	73.310	843	158	17	67956	68757	37734618	37733802	7.58e-139	500
Callipepla_squamata::MCFN01000763.1:70018-185539()	NC_051777.1	78.248	662	89	21	66248	66870	37736035	37735390	7.58e-139	500
Callipepla_squamata::MCFN01000763.1:70018-185539()	NC_051777.1	67.791	1304	291	32	77044	78270	37708996	37707745	8.11e-126	457
Callipepla_squamata::MCFN01000763.1:70018-185539()	NC_051777.1	78.623	552	78	10	90840	91366	37696920	37696384	2.83e-125	455
Callipepla_squamata::MCFN01000763.1:70018-185539()	NC_051777.1	79.532	513	87	8	19993	20488	37867259	37866748	3.23e-118	433
Callipepla_squamata::MCFN01000763.1:70018-185539()	NC_051777.1	96.887	257	8	0	90568	90824	37697273	37697017	3.93e-117	428
Callipepla_squamata::MCFN01000763.1:70018-185539()	NC_051777.1	78.044	501	76	6	19486	19984	37867913	37867445	3.02e-112	412
Callipepla_squamata::MCFN01000763.1:70018-185539()	NC_051777.1	68.495	1203	267	34	74605	75746	37712365	37711214	3.68e-111	409
Callipepla_squamata::MCFN01000763.1:70018-185539()	NC_051777.1	75.527	617	123	13	69866	70465	37733245	37732640	1.91e-108	399
Callipepla_squamata::MCFN01000763.1:70018-185539()	NC_051777.1	72.583	693	149	13	9768	10435	37876178	37875502	1.47e-103	384
Callipepla_squamata::MCFN01000763.1:70018-185539()	NC_051777.1	76.797	487	79	6	13081	13547	37872497	37872025	2.65e-100	373
Callipepla_squamata::MCFN01000763.1:70018-185539()	NC_051777.1	82.071	396	57	8	114793	115178	37669604	37669213	9.26e-100	371
Callipepla_squamata::MCFN01000763.1:70018-185539()	NC_051777.1	74.679	545	122	6	57226	57759	37748882	37748343	3.03e-93	349
Callipepla_squamata::MCFN01000763.1:70018-185539()	NC_051777.1	72.512	633	120	13	63673	64263	37741233	37740613	1.06e-92	348
Callipepla_squamata::MCFN01000763.1:70018-185539()	NC_051777.1	68.860	912	208	24	109816	110686	37676623	37675747	4.49e-91	343
Callipepla_squamata::MCFN01000763.1:70018-185539()	NC_051777.1	88.561	271	25	3	69392	69656	37733741	37733471	4.49e-91	342
Callipepla_squamata::MCFN01000763.1:70018-185539()	NC_051777.1	71.901	605	105	11	27095	27640	37857067	37856469	6.67e-89	334
Callipepla_squamata::MCFN01000763.1:70018-185539()	NC_051777.1	70.804	709	173	10	50000	50685	37833396	37832699	8.12e-88	332
Callipepla_squamata::MCFN01000763.1:70018-185539()	NC_051777.1	86.975	238	28	3	89810	90045	37698222	37697986	4.49e-72	279
Callipepla_squamata::MCFN01000763.1:70018-185539()	NC_051777.1	74.436	399	82	6	113476	113864	37673060	37672672	6.25e-64	251
Callipepla_squamata::MCFN01000763.1:70018-185539()	NC_051777.1	77.914	326	53	7	18269	18576	37870449	37870125	2.18e-63	250
Callipepla_squamata::MCFN01000763.1:70018-185539()	NC_051777.1	72.261	429	76	9	112877	113300	37673798	37673408	4.80e-59	236
Callipepla_squamata::MCFN01000763.1:70018-185539()	NC_051777.1	67.006	785	174	20	32963	33712	37850212	37849478	4.80e-59	235
Callipepla_squamata::MCFN01000763.1:70018-185539()	NC_051777.1	67.335	698	168	13	59790	60443	37747077	37746396	2.49e-56	227
Callipepla_squamata::MCFN01000763.1:70018-185539()	NC_051777.1	76.176	319	63	4	7508	7820	37878872	37878561	2.49e-56	227
Callipepla_squamata::MCFN01000763.1:70018-185539()	NC_051777.1	71.594	433	69	12	59385	59771	37747638	37747214	1.06e-54	222
Callipepla_squamata::MCFN01000763.1:70018-185539()	NC_051777.1	73.867	375	69	9	30254	30612	37852724	37852363	1.06e-54	221
Callipepla_squamata::MCFN01000763.1:70018-185539()	NC_051777.1	72.087	369	72	4	37995	38341	37845049	37844690	5.48e-52	212
Callipepla_squamata::MCFN01000763.1:70018-185539()	NC_051777.1	73.874	333	78	3	9436	9764	37876600	37876273	2.84e-49	204
Callipepla_squamata::MCFN01000763.1:70018-185539()	NC_051777.1	86.747	166	17	2	10858	11020	37875500	37875337	4.21e-47	196
Callipepla_squamata::MCFN01000763.1:70018-185539()	NC_051777.1	71.090	422	98	11	27824	28235	37855467	37855060	2.66e-43	184
Callipepla_squamata::MCFN01000763.1:70018-185539()	NC_051777.1	71.031	359	69	7	62969	63299	37741637	37741286	3.24e-42	179
Callipepla_squamata::MCFN01000763.1:70018-185539()	NC_051777.1	67.714	573	130	16	35840	36390	37846352	37845813	1.13e-41	178
Callipepla_squamata::MCFN01000763.1:70018-185539()	NC_051777.1	73.559	295	70	5	76291	76579	37710672	37710380	7.14e-38	166
Callipepla_squamata::MCFN01000763.1:70018-185539()	NC_051777.1	73.162	272	48	6	111703	111962	37675069	37674811	1.06e-35	158
Callipepla_squamata::MCFN01000763.1:70018-185539()	NC_051777.1	78.836	189	38	2	112473	112661	37674611	37674425	1.29e-34	154
Callipepla_squamata::MCFN01000763.1:70018-185539()	NC_051777.1	79.121	182	33	2	104156	104333	37683051	37682871	4.50e-34	153
Callipepla_squamata::MCFN01000763.1:70018-185539()	NC_051777.1	70.347	317	68	7	24213	24508	37859642	37859331	2.84e-30	141
Callipepla_squamata::MCFN01000763.1:70018-185539()	NC_051777.1	73.705	251	47	9	11089	11332	37875274	37875036	4.22e-28	132
Callipepla_squamata::MCFN01000763.1:70018-185539()	NC_051777.1	71.747	269	45	10	78433	78684	37707729	37707475	6.26e-26	126
Callipepla_squamata::MCFN01000763.1:70018-185539()	NC_051777.1	68.306	366	90	8	35450	35797	37846814	37846457	6.26e-26	125
Callipepla_squamata::MCFN01000763.1:70018-185539()	NC_051777.1	72.222	234	57	4	82949	83180	37704959	37704732	9.29e-24	119
Callipepla_squamata::MCFN01000763.1:70018-185539()	NC_051777.1	68.169	355	83	9	114223	114561	37670292	37669952	9.29e-24	118
Callipepla_squamata::MCFN01000763.1:70018-185539()	NC_051777.1	87.755	98	10	2	23996	24092	37859754	37859658	3.24e-23	116
Callipepla_squamata::MCFN01000763.1:70018-185539()	NC_051777.1	82.353	119	19	2	115385	115503	37669010	37668894	3.95e-22	113
Callipepla_squamata::MCFN01000763.1:70018-185539()	NC_051777.1	74.054	185	32	5	75852	76031	37711131	37710958	4.81e-21	110
Callipepla_squamata::MCFN01000763.1:70018-185539()	NC_051777.1	71.823	181	38	3	74291	74471	37715661	37715494	1.06e-16	96.0
Callipepla_squamata::MCFN01000763.1:70018-185539()	NC_051777.1	70.085	234	39	9	37711	37926	37845460	37845240	1.06e-16	95.1
Callipepla_squamata::MCFN01000763.1:70018-185539()	NC_051777.1	74.051	158	37	3	47618	47771	37834364	37834207	1.29e-15	91.5
Callipepla_squamata::MCFN01000763.1:70018-185539()	NC_051777.1	74.803	127	30	1	72391	72517	37727428	37727304	6.69e-13	83.3
Callipepla_squamata::MCFN01000763.1:70018-185539()	NC_051777.1	72.917	144	22	4	37562	37698	37845809	37845676	6.69e-13	82.4
Callipepla_squamata::MCFN01000763.1:70018-185539()	NC_051777.1	77.477	111	23	2	88223	88331	37700208	37700098	2.33e-12	81.5
Callipepla_squamata::MCFN01000763.1:70018-185539()	NC_051777.1	69.000	200	48	3	84355	84540	37703902	37703703	2.33e-12	81.5
Callipepla_squamata::MCFN01000763.1:70018-185539()	NC_051777.1	72.121	165	33	5	61239	61391	37745787	37745624	2.33e-12	80.6
Callipepla_squamata::MCFN01000763.1:70018-185539()	NC_051777.1	78.000	100	21	1	86401	86499	37702920	37702821	8.15e-12	78.8
Callipepla_squamata::MCFN01000763.1:70018-185539()	NC_051777.1	80.723	83	16	0	27681	27763	37855669	37855587	8.15e-12	78.8
Callipepla_squamata::MCFN01000763.1:70018-185539()	NC_051777.1	79.121	91	18	1	83300	83390	37704548	37704459	9.93e-11	76.1
Callipepla_squamata::MCFN01000763.1:70018-185539()	NC_051777.1	70.558	197	45	7	73857	74042	37716190	37715996	9.93e-11	75.2
Callipepla_squamata::MCFN01000763.1:70018-185539()	NC_051777.1	80.723	83	14	2	12993	13073	37873349	37873267	1.21e-09	71.6
Callipepla_squamata::MCFN01000763.1:70018-185539()	NC_051777.1	76.842	95	19	1	7922	8016	37878558	37878467	1.21e-09	71.6
Callipepla_squamata::MCFN01000763.1:70018-185539()	NC_051777.1	84.615	65	9	1	100733	100796	37685465	37685401	4.22e-09	69.8
Callipepla_squamata::MCFN01000763.1:70018-185539()	NC_051777.1	75.728	103	15	3	12238	12339	37874889	37874796	4.22e-09	69.8
Callipepla_squamata::MCFN01000763.1:70018-185539()	NC_051777.1	81.081	74	13	1	111205	111278	37675736	37675664	1.47e-08	68.0
Callipepla_squamata::MCFN01000763.1:70018-185539()	NC_051777.1	76.531	98	17	3	74481	74578	37715401	37715310	5.14e-08	66.2
Callipepla_squamata::MCFN01000763.1:70018-185539()	NC_051777.1	78.947	76	16	0	49906	49981	37833527	37833452	5.14e-08	66.2
Callipepla_squamata::MCFN01000763.1:70018-185539()	NC_051777.1	70.992	131	35	1	72101	72228	37727707	37727577	1.79e-07	64.4
Callipepla_squamata::MCFN01000763.1:70018-185539()	NC_051777.1	95.000	40	2	0	41358	41397	37839550	37839511	1.79e-07	64.4
Callipepla_squamata::MCFN01000763.1:70018-185539()	NC_051777.1	97.436	39	0	1	94035	94072	37693023	37692985	6.26e-07	63.5
Callipepla_squamata::MCFN01000763.1:70018-185539()	NC_051777.1	67.797	177	45	3	60806	60972	37746053	37745879	2.19e-06	60.8
Callipepla_squamata::MCFN01000763.1:70018-185539()	NC_051777.1	78.205	78	13	2	20918	20995	37866714	37866641	7.63e-06	59.9
Callipepla_squamata::MCFN01000763.1:70018-185539()	NC_051777.1	70.833	120	27	2	61543	61655	37745574	37745456	2.66e-05	58.1
Callipepla_squamata::MCFN01000763.1:70018-185539()	NC_051777.1	71.429	133	31	4	30635	30765	37852291	37852164	2.66e-05	58.1
Callipepla_squamata::MCFN01000763.1:70018-185539()	NC_051777.1	86.000	50	6	1	42714	42763	37838090	37838042	9.30e-05	56.3
Callipepla_squamata::MCFN01000763.1:70018-185539()	NC_051777.1	76.923	78	15	2	45525	45600	34774243	34774319	3.25e-04	54.5
Callipepla_squamata::MCFN01000763.1:70018-185539()	NC_051777.1	81.159	69	7	4	112716	112781	37673972	37673907	3.25e-04	54.5
Callipepla_squamata::MCFN01000763.1:70018-185539()	NC_051777.1	71.200	125	28	4	76150	76269	37710846	37710725	3.25e-04	53.6
Callipepla_squamata::MCFN01000763.1:70018-185539()	NC_051777.1	86.364	44	6	0	32920	32963	37850298	37850255	3.25e-04	53.6
Callipepla_squamata::MCFN01000763.1:70018-185539()	NC_051777.1	77.027	74	13	2	86813	86884	37702507	37702436	0.001	52.7
Callipepla_squamata::MCFN01000763.1:70018-185539()	NC_051777.1	83.333	48	8	0	44678	44725	34750353	34750400	0.001	51.8
Callipepla_squamata::MCFN01000763.1:70018-185539()	NC_051777.1	83.333	48	8	0	16018	16065	34750400	34750353	0.001	51.8
Callipepla_squamata::MCFN01000763.1:70018-185539()	NC_051777.1	87.500	40	5	0	92510	92549	10643437	10643476	0.004	50.9
Callipepla_squamata::MCFN01000763.1:70018-185539()	NC_051777.1	62.574	676	175	22	34790	35417	37848211	37847566	0.004	50.9
Callipepla_squamata::MCFN01000763.1:70018-185539()	NC_051777.1	83.673	49	6	1	23783	23829	37859820	37859772	0.004	50.9
Callipepla_squamata::MCFN01000763.1:70018-185539()	NC_051777.1	75.904	83	12	4	2382	2462	34774243	34774319	0.004	50.0
Callipepla_squamata::MCFN01000763.1:70018-185539()	NC_051777.1	80.000	70	10	4	111424	111491	37675510	37675443	0.004	50.0
Callipepla_squamata::MCFN01000763.1:70018-185539()	NC_051777.1	84.091	44	7	0	90578	90621	33903435	33903392	0.014	49.1
Callipepla_squamata::MCFN01000763.1:70018-185539()	NC_051777.1	93.548	31	2	0	111331	111361	37299419	37299389	0.014	48.2
Callipepla_squamata::MCFN01000763.1:70018-185539()	NC_051777.1	90.909	33	3	0	11335	11367	12889251	12889283	0.048	47.3
Callipepla_squamata::MCFN01000763.1:70018-185539()	NC_051777.1	81.250	48	9	0	114079	114126	37670355	37670308	0.048	47.3
Callipepla_squamata::MCFN01000763.1:70018-185539()	NC_051777.1	76.562	64	8	2	113892	113955	37672619	37672563	0.048	46.4
