Lagopus_muta::NC_064437.1:65708154-65828613()	NC_051777.1	75.649	5474	935	107	479	5692	37677459	37682794	0.0	3739
Lagopus_muta::NC_064437.1:65708154-65828613()	NC_051777.1	74.376	2966	570	59	12411	15257	37689022	37691916	0.0	1860
Lagopus_muta::NC_064437.1:65708154-65828613()	NC_051777.1	77.826	2309	375	42	6814	9039	37683147	37685401	0.0	1791
Lagopus_muta::NC_064437.1:65708154-65828613()	NC_051777.1	74.825	2431	429	44	43996	46288	37730872	37733257	0.0	1605
Lagopus_muta::NC_064437.1:65708154-65828613()	NC_051777.1	84.225	1420	179	16	16405	17804	37693107	37694501	0.0	1542
Lagopus_muta::NC_064437.1:65708154-65828613()	NC_051777.1	73.966	1886	356	29	65040	66836	37750244	37752083	0.0	1205
Lagopus_muta::NC_064437.1:65708154-65828613()	NC_051777.1	89.627	858	62	14	15380	16220	37692065	37692912	0.0	1108
Lagopus_muta::NC_064437.1:65708154-65828613()	NC_051777.1	80.606	1155	189	12	11143	12275	37687875	37689016	0.0	1051
Lagopus_muta::NC_064437.1:65708154-65828613()	NC_051777.1	71.523	1963	404	39	109269	111109	37879743	37881672	0.0	1051
Lagopus_muta::NC_064437.1:65708154-65828613()	NC_051777.1	75.073	1364	268	18	107409	108730	37876278	37877611	0.0	911
Lagopus_muta::NC_064437.1:65708154-65828613()	NC_051777.1	72.525	1707	334	41	77860	79503	37839576	37841210	0.0	902
Lagopus_muta::NC_064437.1:65708154-65828613()	NC_051777.1	75.712	1334	215	34	73439	74706	37834405	37835695	0.0	891
Lagopus_muta::NC_064437.1:65708154-65828613()	NC_051777.1	75.303	1320	259	20	115588	116889	37884730	37886000	0.0	882
Lagopus_muta::NC_064437.1:65708154-65828613()	NC_051777.1	75.745	1175	207	24	46476	47590	37733455	37734611	0.0	808
Lagopus_muta::NC_064437.1:65708154-65828613()	NC_051777.1	76.067	1078	207	17	66996	68047	37752342	37753394	0.0	751
Lagopus_muta::NC_064437.1:65708154-65828613()	NC_051777.1	82.615	742	78	18	91610	92316	37857107	37857832	0.0	722
Lagopus_muta::NC_064437.1:65708154-65828613()	NC_051777.1	74.166	1169	233	24	49704	50816	37736038	37737193	0.0	701
Lagopus_muta::NC_064437.1:65708154-65828613()	NC_051777.1	71.387	1391	278	31	9815	11129	37686460	37687806	0.0	683
Lagopus_muta::NC_064437.1:65708154-65828613()	NC_051777.1	84.430	623	90	3	93308	93930	37863520	37864135	0.0	680
Lagopus_muta::NC_064437.1:65708154-65828613()	NC_051777.1	85.399	589	71	7	20971	21546	37698481	37699067	0.0	657
Lagopus_muta::NC_064437.1:65708154-65828613()	NC_051777.1	80.301	731	113	11	92541	93258	37860551	37861263	0.0	648
Lagopus_muta::NC_064437.1:65708154-65828613()	NC_051777.1	81.892	613	89	5	56404	57015	37747652	37748243	9.01e-170	603
Lagopus_muta::NC_064437.1:65708154-65828613()	NC_051777.1	74.313	946	159	19	103951	104841	37872036	37872952	3.14e-169	601
Lagopus_muta::NC_064437.1:65708154-65828613()	NC_051777.1	68.421	1501	296	31	76324	77765	37838183	37839564	5.68e-166	591
Lagopus_muta::NC_064437.1:65708154-65828613()	NC_051777.1	68.314	1679	381	44	85845	87438	37852819	37854431	1.25e-161	577
Lagopus_muta::NC_064437.1:65708154-65828613()	NC_051777.1	79.421	656	100	10	48674	49304	37735388	37736033	2.76e-157	562
Lagopus_muta::NC_064437.1:65708154-65828613()	NC_051777.1	81.651	545	72	8	19288	19808	37696394	37696934	2.42e-145	522
Lagopus_muta::NC_064437.1:65708154-65828613()	NC_051777.1	71.328	994	209	16	88642	89572	37856024	37857004	6.49e-140	505
Lagopus_muta::NC_064437.1:65708154-65828613()	NC_051777.1	76.889	675	127	9	79513	80175	37844040	37844697	7.91e-139	500
Lagopus_muta::NC_064437.1:65708154-65828613()	NC_051777.1	81.836	512	69	6	94869	95356	37866749	37867260	2.76e-138	499
Lagopus_muta::NC_064437.1:65708154-65828613()	NC_051777.1	68.241	1313	298	32	32238	33486	37707738	37708995	4.10e-136	491
Lagopus_muta::NC_064437.1:65708154-65828613()	NC_051777.1	68.704	1227	264	28	81978	83144	37850840	37852006	5.69e-128	464
Lagopus_muta::NC_064437.1:65708154-65828613()	NC_051777.1	72.394	873	159	22	75162	75962	37836920	37837782	1.99e-127	463
Lagopus_muta::NC_064437.1:65708154-65828613()	NC_051777.1	75.415	663	108	17	51227	51847	37740596	37741245	9.64e-119	434
Lagopus_muta::NC_064437.1:65708154-65828613()	NC_051777.1	76.351	592	115	9	36173	36751	37711783	37712362	2.12e-114	419
Lagopus_muta::NC_064437.1:65708154-65828613()	NC_051777.1	74.697	660	121	16	106391	107015	37875497	37876145	7.41e-114	417
Lagopus_muta::NC_064437.1:65708154-65828613()	NC_051777.1	94.340	265	14	1	19809	20073	37697010	37697273	1.34e-110	407
Lagopus_muta::NC_064437.1:65708154-65828613()	NC_051777.1	80.907	419	43	8	26349	26738	37706350	37706760	2.95e-106	393
Lagopus_muta::NC_064437.1:65708154-65828613()	NC_051777.1	81.934	393	61	4	95364	95749	37867445	37867834	1.86e-102	380
Lagopus_muta::NC_064437.1:65708154-65828613()	NC_051777.1	85.152	330	35	3	112888	113203	37882809	37883138	7.92e-101	374
Lagopus_muta::NC_064437.1:65708154-65828613()	NC_051777.1	74.086	602	103	15	53634	54215	37744704	37745272	1.43e-97	363
Lagopus_muta::NC_064437.1:65708154-65828613()	NC_051777.1	74.909	550	100	10	96837	97355	37869907	37870449	1.75e-96	360
Lagopus_muta::NC_064437.1:65708154-65828613()	NC_051777.1	75.530	519	97	7	113238	113727	37883311	37883828	1.75e-96	360
Lagopus_muta::NC_064437.1:65708154-65828613()	NC_051777.1	69.920	748	177	21	38903	39618	37717779	37718510	3.37e-80	306
Lagopus_muta::NC_064437.1:65708154-65828613()	NC_051777.1	78.497	386	70	8	87565	87939	37855059	37855442	5.00e-78	298
Lagopus_muta::NC_064437.1:65708154-65828613()	NC_051777.1	74.545	495	99	12	85343	85824	37852246	37852726	6.10e-77	296
Lagopus_muta::NC_064437.1:65708154-65828613()	NC_051777.1	68.582	818	187	20	52772	53528	37743713	37744521	2.59e-75	290
Lagopus_muta::NC_064437.1:65708154-65828613()	NC_051777.1	86.250	240	30	3	20547	20783	37697980	37698219	1.99e-70	274
Lagopus_muta::NC_064437.1:65708154-65828613()	NC_051777.1	68.699	738	163	19	69759	70459	37832690	37833396	2.96e-68	266
Lagopus_muta::NC_064437.1:65708154-65828613()	NC_051777.1	73.377	462	86	11	41858	42295	37722871	37723319	3.60e-67	263
Lagopus_muta::NC_064437.1:65708154-65828613()	NC_051777.1	82.400	250	41	2	9450	9698	37686202	37686449	2.77e-62	247
Lagopus_muta::NC_064437.1:65708154-65828613()	NC_051777.1	73.850	413	88	7	42312	42707	37723881	37724290	9.67e-62	245
Lagopus_muta::NC_064437.1:65708154-65828613()	NC_051777.1	69.530	617	131	17	61339	61917	37749422	37750019	1.18e-60	241
Lagopus_muta::NC_064437.1:65708154-65828613()	NC_051777.1	76.833	341	71	6	113753	114086	37884079	37884418	4.11e-60	240
Lagopus_muta::NC_064437.1:65708154-65828613()	NC_051777.1	75.893	336	55	9	59116	59437	37748892	37749215	9.06e-56	224
Lagopus_muta::NC_064437.1:65708154-65828613()	NC_051777.1	72.727	418	95	8	26780	27185	37706743	37707153	1.10e-54	222
Lagopus_muta::NC_064437.1:65708154-65828613()	NC_051777.1	71.776	411	83	7	42708	43085	37724620	37725030	1.34e-53	217
Lagopus_muta::NC_064437.1:65708154-65828613()	NC_051777.1	70.505	495	124	9	57911	58389	37748347	37748835	1.64e-52	214
Lagopus_muta::NC_064437.1:65708154-65828613()	NC_051777.1	73.669	338	68	5	55855	56174	37746676	37747010	8.48e-50	205
Lagopus_muta::NC_064437.1:65708154-65828613()	NC_051777.1	67.937	630	138	19	24111	24696	37702781	37703390	1.26e-47	198
Lagopus_muta::NC_064437.1:65708154-65828613()	NC_051777.1	68.750	512	95	15	52200	52677	37741288	37741768	1.53e-46	194
Lagopus_muta::NC_064437.1:65708154-65828613()	NC_051777.1	71.913	413	81	14	36781	37175	37715266	37715661	1.87e-45	191
Lagopus_muta::NC_064437.1:65708154-65828613()	NC_051777.1	84.659	176	22	3	21689	21862	37699318	37699490	2.28e-44	187
Lagopus_muta::NC_064437.1:65708154-65828613()	NC_051777.1	86.364	154	18	1	105777	105927	37875337	37875490	9.68e-43	182
Lagopus_muta::NC_064437.1:65708154-65828613()	NC_051777.1	71.565	313	55	10	43085	43387	37725350	37725638	5.72e-33	150
Lagopus_muta::NC_064437.1:65708154-65828613()	NC_051777.1	76.531	196	46	0	13	208	37677054	37677249	2.00e-32	147
Lagopus_muta::NC_064437.1:65708154-65828613()	NC_051777.1	65.893	431	109	9	35389	35805	37710982	37711388	3.61e-29	136
Lagopus_muta::NC_064437.1:65708154-65828613()	NC_051777.1	71.685	279	37	12	31835	32091	37707475	37707733	1.53e-27	132
Lagopus_muta::NC_064437.1:65708154-65828613()	NC_051777.1	66.749	403	84	9	34754	35115	37710281	37710674	1.87e-26	128
Lagopus_muta::NC_064437.1:65708154-65828613()	NC_051777.1	75.806	186	38	4	5693	5872	37682867	37683051	7.95e-25	122
Lagopus_muta::NC_064437.1:65708154-65828613()	NC_051777.1	70.790	291	60	10	25926	26211	37706010	37706280	2.78e-24	120
Lagopus_muta::NC_064437.1:65708154-65828613()	NC_051777.1	73.889	180	44	1	72847	73023	37834185	37834364	1.44e-21	112
Lagopus_muta::NC_064437.1:65708154-65828613()	NC_051777.1	69.804	255	65	3	55036	55280	37745801	37746053	1.44e-21	111
Lagopus_muta::NC_064437.1:65708154-65828613()	NC_051777.1	73.158	190	35	4	62321	62509	37750062	37750236	5.02e-21	110
Lagopus_muta::NC_064437.1:65708154-65828613()	NC_051777.1	77.941	136	28	1	92381	92516	37860338	37860471	1.75e-20	108
Lagopus_muta::NC_064437.1:65708154-65828613()	NC_051777.1	75.294	170	29	5	54679	54836	37745624	37745792	1.75e-20	107
Lagopus_muta::NC_064437.1:65708154-65828613()	NC_051777.1	66.292	356	90	5	25555	25903	37704679	37705011	6.11e-20	106
Lagopus_muta::NC_064437.1:65708154-65828613()	NC_051777.1	69.672	244	56	6	105483	105719	37875060	37875292	3.17e-17	96.9
Lagopus_muta::NC_064437.1:65708154-65828613()	NC_051777.1	76.119	134	22	3	60722	60847	37749285	37749416	3.86e-16	94.2
Lagopus_muta::NC_064437.1:65708154-65828613()	NC_051777.1	63.139	548	118	14	81458	81964	37849296	37849800	1.35e-15	91.5
Lagopus_muta::NC_064437.1:65708154-65828613()	NC_051777.1	79.592	98	18	1	115427	115522	37884510	37884607	2.00e-13	85.1
Lagopus_muta::NC_064437.1:65708154-65828613()	NC_051777.1	68.599	207	49	4	37913	38117	37716231	37716423	2.97e-11	77.9
Lagopus_muta::NC_064437.1:65708154-65828613()	NC_051777.1	69.194	211	49	6	55662	55856	37746396	37746606	1.04e-10	76.1
Lagopus_muta::NC_064437.1:65708154-65828613()	NC_051777.1	85.714	63	8	1	9286	9347	37685400	37685462	4.40e-09	70.7
Lagopus_muta::NC_064437.1:65708154-65828613()	NC_051777.1	73.050	141	33	4	22217	22355	37700124	37700261	4.40e-09	70.7
Lagopus_muta::NC_064437.1:65708154-65828613()	NC_051777.1	69.388	196	41	7	37441	37620	37715998	37716190	4.40e-09	69.8
Lagopus_muta::NC_064437.1:65708154-65828613()	NC_051777.1	97.436	39	1	0	16287	16325	37692985	37693023	5.36e-08	67.1
Lagopus_muta::NC_064437.1:65708154-65828613()	NC_051777.1	65.497	171	26	2	69191	69328	37831923	37832093	1.87e-07	64.4
Lagopus_muta::NC_064437.1:65708154-65828613()	NC_051777.1	72.072	111	24	1	54426	54529	37745451	37745561	6.53e-07	63.5
Lagopus_muta::NC_064437.1:65708154-65828613()	NC_051777.1	80.247	81	10	4	40437	40516	37720257	37720332	6.53e-07	62.6
Lagopus_muta::NC_064437.1:65708154-65828613()	NC_051777.1	75.610	82	18	1	18212	18291	37695040	37695121	9.70e-05	56.3
Lagopus_muta::NC_064437.1:65708154-65828613()	NC_051777.1	80.952	63	10	2	37345	37407	536147	536207	3.38e-04	53.6
Lagopus_muta::NC_064437.1:65708154-65828613()	NC_051777.1	70.707	99	14	2	88063	88146	37855587	37855685	3.38e-04	53.6
Lagopus_muta::NC_064437.1:65708154-65828613()	NC_051777.1	71.845	103	24	2	43437	43537	37727141	37727240	0.001	51.8
Lagopus_muta::NC_064437.1:65708154-65828613()	NC_051777.1	78.462	65	13	1	66895	66959	37752243	37752306	0.001	51.8
Lagopus_muta::NC_064437.1:65708154-65828613()	NC_051777.1	81.356	59	8	2	61186	61244	37921460	37921405	0.001	51.8
Lagopus_muta::NC_064437.1:65708154-65828613()	NC_051777.1	87.500	40	5	0	96095	96134	29109382	29109343	0.004	50.9
Lagopus_muta::NC_064437.1:65708154-65828613()	NC_051777.1	79.661	59	10	1	105294	105352	34774244	34774300	0.004	50.9
Lagopus_muta::NC_064437.1:65708154-65828613()	NC_051777.1	94.118	34	1	1	101540	101573	8467865	8467897	0.004	50.0
Lagopus_muta::NC_064437.1:65708154-65828613()	NC_051777.1	84.091	44	7	0	74679	74722	26039409	26039366	0.014	49.1
Lagopus_muta::NC_064437.1:65708154-65828613()	NC_051777.1	84.091	44	7	0	20020	20063	33903392	33903435	0.014	49.1
Lagopus_muta::NC_064437.1:65708154-65828613()	NC_051777.1	87.805	41	4	1	103912	103952	37290314	37290353	0.014	49.1
Lagopus_muta::NC_064437.1:65708154-65828613()	NC_051777.1	80.392	51	10	0	80396	80446	26297243	26297293	0.014	48.2
Lagopus_muta::NC_064437.1:65708154-65828613()	NC_051777.1	82.609	46	8	0	101531	101576	28389152	28389107	0.014	48.2
Lagopus_muta::NC_064437.1:65708154-65828613()	NC_051777.1	80.702	57	8	2	23759	23815	37702435	37702488	0.014	48.2
Lagopus_muta::NC_064437.1:65708154-65828613()	NC_051777.1	79.412	68	8	4	72620	72684	37833930	37833994	0.014	48.2
