Crossoptilon_mantchuricum::JACSYN010000425.1:14811-135317()	NC_051777.1	76.675	4210	765	67	107338	111409	37692005	37687875	0.0	3091
Crossoptilon_mantchuricum::JACSYN010000425.1:14811-135317()	NC_051777.1	75.934	3960	679	73	116707	120505	37682794	37678948	0.0	2764
Crossoptilon_mantchuricum::JACSYN010000425.1:14811-135317()	NC_051777.1	78.351	2305	379	36	113371	115605	37685401	37683147	0.0	1854
Crossoptilon_mantchuricum::JACSYN010000425.1:14811-135317()	NC_051777.1	71.227	3187	618	68	39883	42928	37841211	37838183	0.0	1577
Crossoptilon_mantchuricum::JACSYN010000425.1:14811-135317()	NC_051777.1	84.017	1414	187	15	104865	106259	37694500	37693107	0.0	1521
Crossoptilon_mantchuricum::JACSYN010000425.1:14811-135317()	NC_051777.1	75.346	1878	353	26	53563	55368	37752083	37750244	0.0	1316
Crossoptilon_mantchuricum::JACSYN010000425.1:14811-135317()	NC_051777.1	72.658	1964	383	35	5936	7779	37881672	37879743	0.0	1169
Crossoptilon_mantchuricum::JACSYN010000425.1:14811-135317()	NC_051777.1	90.292	855	60	11	106450	107288	37692912	37692065	0.0	1140
Crossoptilon_mantchuricum::JACSYN010000425.1:14811-135317()	NC_051777.1	75.126	1592	251	32	74982	76457	37732448	37730886	0.0	1073
Crossoptilon_mantchuricum::JACSYN010000425.1:14811-135317()	NC_051777.1	76.713	1357	255	19	8328	9646	37877611	37876278	0.0	993
Crossoptilon_mantchuricum::JACSYN010000425.1:14811-135317()	NC_051777.1	73.054	1670	320	36	111423	113004	37687806	37686179	0.0	939
Crossoptilon_mantchuricum::JACSYN010000425.1:14811-135317()	NC_051777.1	75.585	1282	194	16	25420	26686	37864135	37862958	0.0	937
Crossoptilon_mantchuricum::JACSYN010000425.1:14811-135317()	NC_051777.1	75.862	1363	220	35	45749	47044	37835725	37834405	0.0	916
Crossoptilon_mantchuricum::JACSYN010000425.1:14811-135317()	NC_051777.1	77.334	1178	195	21	72895	74021	37734611	37733455	0.0	905
Crossoptilon_mantchuricum::JACSYN010000425.1:14811-135317()	NC_051777.1	78.415	1047	169	17	27287	28307	37861353	37860338	0.0	845
Crossoptilon_mantchuricum::JACSYN010000425.1:14811-135317()	NC_051777.1	78.761	1017	129	27	100723	101659	37699490	37698481	0.0	818
Crossoptilon_mantchuricum::JACSYN010000425.1:14811-135317()	NC_051777.1	75.951	1052	179	22	3	1030	37885710	37884709	0.0	725
Crossoptilon_mantchuricum::JACSYN010000425.1:14811-135317()	NC_051777.1	74.953	1066	197	17	52399	53407	37753394	37752342	0.0	706
Crossoptilon_mantchuricum::JACSYN010000425.1:14811-135317()	NC_051777.1	81.561	743	97	12	28373	29090	37857831	37857104	0.0	705
Crossoptilon_mantchuricum::JACSYN010000425.1:14811-135317()	NC_051777.1	68.195	2116	462	63	31831	33807	37854903	37852860	0.0	702
Crossoptilon_mantchuricum::JACSYN010000425.1:14811-135317()	NC_051777.1	70.666	1367	248	38	66731	67993	37745578	37744261	2.76e-176	625
Crossoptilon_mantchuricum::JACSYN010000425.1:14811-135317()	NC_051777.1	80.887	654	95	11	71197	71828	37736033	37735388	4.67e-167	594
Crossoptilon_mantchuricum::JACSYN010000425.1:14811-135317()	NC_051777.1	72.598	1051	227	15	29722	30718	37857067	37856024	2.42e-164	585
Crossoptilon_mantchuricum::JACSYN010000425.1:14811-135317()	NC_051777.1	76.149	805	148	13	70027	70795	37736834	37736038	6.49e-159	568
Crossoptilon_mantchuricum::JACSYN010000425.1:14811-135317()	NC_051777.1	80.890	607	80	11	63843	64434	37748243	37747658	4.09e-155	555
Crossoptilon_mantchuricum::JACSYN010000425.1:14811-135317()	NC_051777.1	72.945	876	127	15	94963	95800	37707153	37706350	7.40e-152	544
Crossoptilon_mantchuricum::JACSYN010000425.1:14811-135317()	NC_051777.1	78.088	680	122	8	39200	39874	37844697	37844040	7.40e-152	544
Crossoptilon_mantchuricum::JACSYN010000425.1:14811-135317()	NC_051777.1	74.822	842	130	21	13666	14456	37872846	37872036	2.58e-151	543
Crossoptilon_mantchuricum::JACSYN010000425.1:14811-135317()	NC_051777.1	83.650	526	69	8	23379	23890	37867260	37866738	9.02e-151	541
Crossoptilon_mantchuricum::JACSYN010000425.1:14811-135317()	NC_051777.1	81.622	555	70	10	102837	103365	37696934	37696386	1.99e-146	526
Crossoptilon_mantchuricum::JACSYN010000425.1:14811-135317()	NC_051777.1	70.785	1044	199	23	43125	44071	37837954	37836920	7.91e-139	500
Crossoptilon_mantchuricum::JACSYN010000425.1:14811-135317()	NC_051777.1	75.613	734	157	11	74207	74924	37733259	37732532	4.99e-135	488
Crossoptilon_mantchuricum::JACSYN010000425.1:14811-135317()	NC_051777.1	67.944	1435	341	35	85757	87104	37712362	37710960	7.41e-133	480
Crossoptilon_mantchuricum::JACSYN010000425.1:14811-135317()	NC_051777.1	68.374	1230	270	31	88704	89864	37708917	37707738	1.34e-129	470
Crossoptilon_mantchuricum::JACSYN010000425.1:14811-135317()	NC_051777.1	68.592	1229	266	30	36185	37355	37852006	37850840	1.25e-123	450
Crossoptilon_mantchuricum::JACSYN010000425.1:14811-135317()	NC_051777.1	75.152	656	126	11	10040	10665	37876145	37875497	5.34e-122	444
Crossoptilon_mantchuricum::JACSYN010000425.1:14811-135317()	NC_051777.1	95.472	265	11	1	102572	102836	37697273	37697010	6.09e-115	421
Crossoptilon_mantchuricum::JACSYN010000425.1:14811-135317()	NC_051777.1	77.866	506	81	6	22867	23371	37867920	37867445	3.84e-111	409
Crossoptilon_mantchuricum::JACSYN010000425.1:14811-135317()	NC_051777.1	73.780	656	129	9	3170	3796	37883952	37883311	1.34e-110	407
Crossoptilon_mantchuricum::JACSYN010000425.1:14811-135317()	NC_051777.1	70.193	983	220	26	50000	50925	37833396	37832430	5.70e-109	401
Crossoptilon_mantchuricum::JACSYN010000425.1:14811-135317()	NC_051777.1	76.216	555	82	13	20216	20732	37870449	37869907	2.95e-106	393
Crossoptilon_mantchuricum::JACSYN010000425.1:14811-135317()	NC_051777.1	85.758	330	40	1	3831	4153	37883138	37882809	4.38e-104	386
Crossoptilon_mantchuricum::JACSYN010000425.1:14811-135317()	NC_051777.1	72.391	757	148	21	59364	60082	37750019	37749286	1.53e-103	384
Crossoptilon_mantchuricum::JACSYN010000425.1:14811-135317()	NC_051777.1	71.221	688	120	15	69351	69972	37741271	37740596	9.04e-94	352
Crossoptilon_mantchuricum::JACSYN010000425.1:14811-135317()	NC_051777.1	73.545	567	126	10	33859	34416	37852733	37852182	1.26e-85	324
Crossoptilon_mantchuricum::JACSYN010000425.1:14811-135317()	NC_051777.1	75.101	494	104	8	62453	62932	37748835	37748347	5.35e-84	318
Crossoptilon_mantchuricum::JACSYN010000425.1:14811-135317()	NC_051777.1	69.444	756	165	21	82544	83257	37718510	37717779	1.75e-77	297
Crossoptilon_mantchuricum::JACSYN010000425.1:14811-135317()	NC_051777.1	74.947	471	105	8	2498	2959	37884418	37883952	2.13e-76	294
Crossoptilon_mantchuricum::JACSYN010000425.1:14811-135317()	NC_051777.1	70.216	695	150	19	64995	65645	37747077	37746396	3.16e-74	287
Crossoptilon_mantchuricum::JACSYN010000425.1:14811-135317()	NC_051777.1	86.555	238	29	3	101842	102076	37698217	37697980	5.71e-71	275
Crossoptilon_mantchuricum::JACSYN010000425.1:14811-135317()	NC_051777.1	74.576	413	86	6	78713	79109	37724290	37723881	3.60e-67	262
Crossoptilon_mantchuricum::JACSYN010000425.1:14811-135317()	NC_051777.1	72.614	482	86	14	79112	79566	37723333	37722871	1.87e-64	253
Crossoptilon_mantchuricum::JACSYN010000425.1:14811-135317()	NC_051777.1	76.042	384	72	10	31446	31812	37855438	37855058	6.52e-64	251
Crossoptilon_mantchuricum::JACSYN010000425.1:14811-135317()	NC_051777.1	71.571	503	102	13	68534	69004	37741768	37741275	1.18e-60	242
Crossoptilon_mantchuricum::JACSYN010000425.1:14811-135317()	NC_051777.1	71.930	456	81	12	64554	64973	37747658	37747214	1.75e-58	234
Crossoptilon_mantchuricum::JACSYN010000425.1:14811-135317()	NC_051777.1	71.770	418	80	8	78326	78712	37725030	37724620	1.10e-54	221
Crossoptilon_mantchuricum::JACSYN010000425.1:14811-135317()	NC_051777.1	68.823	603	132	17	97853	98416	37703407	37702822	1.64e-52	214
Crossoptilon_mantchuricum::JACSYN010000425.1:14811-135317()	NC_051777.1	75.301	332	55	11	61405	61722	37749215	37748897	8.49e-50	205
Crossoptilon_mantchuricum::JACSYN010000425.1:14811-135317()	NC_051777.1	71.754	439	97	13	85315	85749	37715661	37715246	3.61e-48	199
Crossoptilon_mantchuricum::JACSYN010000425.1:14811-135317()	NC_051777.1	86.145	166	18	2	11115	11277	37875500	37875337	5.35e-46	192
Crossoptilon_mantchuricum::JACSYN010000425.1:14811-135317()	NC_051777.1	70.188	426	97	8	68047	68446	37744134	37743713	2.28e-44	187
Crossoptilon_mantchuricum::JACSYN010000425.1:14811-135317()	NC_051777.1	74.411	297	69	4	87353	87646	37710674	37710382	9.68e-43	182
Crossoptilon_mantchuricum::JACSYN010000425.1:14811-135317()	NC_051777.1	73.881	268	48	7	90015	90269	37707733	37707475	3.86e-35	157
Crossoptilon_mantchuricum::JACSYN010000425.1:14811-135317()	NC_051777.1	70.262	343	85	6	96233	96568	37705011	37704679	2.00e-32	148
Crossoptilon_mantchuricum::JACSYN010000425.1:14811-135317()	NC_051777.1	74.468	235	44	6	11335	11563	37875292	37875068	8.49e-31	141
Crossoptilon_mantchuricum::JACSYN010000425.1:14811-135317()	NC_051777.1	69.707	307	70	6	95927	96227	37706280	37705991	5.36e-27	129
Crossoptilon_mantchuricum::JACSYN010000425.1:14811-135317()	NC_051777.1	75.556	180	41	1	47447	47623	37834364	37834185	6.53e-26	125
Crossoptilon_mantchuricum::JACSYN010000425.1:14811-135317()	NC_051777.1	73.656	186	40	2	66065	66243	37745984	37745801	1.18e-22	114
Crossoptilon_mantchuricum::JACSYN010000425.1:14811-135317()	NC_051777.1	73.016	189	37	4	58764	58952	37750236	37750062	6.12e-20	106
Crossoptilon_mantchuricum::JACSYN010000425.1:14811-135317()	NC_051777.1	77.215	158	31	5	100218	100373	37700261	37700107	6.12e-20	105
Crossoptilon_mantchuricum::JACSYN010000425.1:14811-135317()	NC_051777.1	78.261	138	27	3	44392	44528	37836674	37836539	2.13e-19	104
Crossoptilon_mantchuricum::JACSYN010000425.1:14811-135317()	NC_051777.1	74.706	170	30	5	66440	66597	37745792	37745624	7.45e-19	103
Crossoptilon_mantchuricum::JACSYN010000425.1:14811-135317()	NC_051777.1	70.089	224	43	6	78113	78326	37725559	37725350	3.17e-17	97.8
Crossoptilon_mantchuricum::JACSYN010000425.1:14811-135317()	NC_051777.1	80.556	108	20	1	13251	13357	37873372	37873265	3.17e-17	97.8
Crossoptilon_mantchuricum::JACSYN010000425.1:14811-135317()	NC_051777.1	72.472	178	35	4	51071	51241	37832093	37831923	1.11e-16	96.0
Crossoptilon_mantchuricum::JACSYN010000425.1:14811-135317()	NC_051777.1	80.000	100	17	1	31210	31306	37855685	37855586	4.70e-15	89.7
Crossoptilon_mantchuricum::JACSYN010000425.1:14811-135317()	NC_051777.1	80.612	98	17	1	1079	1174	37884607	37884510	4.70e-15	89.7
Crossoptilon_mantchuricum::JACSYN010000425.1:14811-135317()	NC_051777.1	63.193	1046	258	40	37369	38337	37849800	37848805	5.73e-14	86.0
Crossoptilon_mantchuricum::JACSYN010000425.1:14811-135317()	NC_051777.1	82.143	84	13	1	24503	24586	37866722	37866641	6.98e-13	82.4
Crossoptilon_mantchuricum::JACSYN010000425.1:14811-135317()	NC_051777.1	77.143	105	19	2	116554	116653	37683047	37682943	2.97e-11	77.9
Crossoptilon_mantchuricum::JACSYN010000425.1:14811-135317()	NC_051777.1	72.297	148	29	4	76901	77039	37727289	37727145	1.04e-10	76.1
Crossoptilon_mantchuricum::JACSYN010000425.1:14811-135317()	NC_051777.1	77.228	101	19	2	87209	87308	37710852	37710755	3.61e-10	74.3
Crossoptilon_mantchuricum::JACSYN010000425.1:14811-135317()	NC_051777.1	69.036	197	42	6	84868	85049	37716190	37715998	1.26e-09	71.6
Crossoptilon_mantchuricum::JACSYN010000425.1:14811-135317()	NC_051777.1	82.857	70	11	1	113060	113128	37685467	37685398	4.40e-09	69.8
Crossoptilon_mantchuricum::JACSYN010000425.1:14811-135317()	NC_051777.1	97.436	39	1	0	106339	106377	37693023	37692985	5.36e-08	67.1
Crossoptilon_mantchuricum::JACSYN010000425.1:14811-135317()	NC_051777.1	77.982	109	14	7	81630	81737	37720332	37720233	5.36e-08	67.1
Crossoptilon_mantchuricum::JACSYN010000425.1:14811-135317()	NC_051777.1	72.868	129	20	5	76525	76644	37727699	37727577	5.36e-08	67.1
Crossoptilon_mantchuricum::JACSYN010000425.1:14811-135317()	NC_051777.1	73.636	110	19	3	12503	12612	37874889	37874790	1.87e-07	64.4
Crossoptilon_mantchuricum::JACSYN010000425.1:14811-135317()	NC_051777.1	80.597	67	13	0	12065	12131	37875038	37874972	6.53e-07	63.5
Crossoptilon_mantchuricum::JACSYN010000425.1:14811-135317()	NC_051777.1	68.317	202	52	6	84375	84573	37716423	37716231	2.28e-06	60.8
Crossoptilon_mantchuricum::JACSYN010000425.1:14811-135317()	NC_051777.1	72.358	123	29	3	83490	83609	37717624	37717504	2.28e-06	60.8
Crossoptilon_mantchuricum::JACSYN010000425.1:14811-135317()	NC_051777.1	88.636	44	5	0	60423	60466	37749261	37749218	2.78e-05	58.1
Crossoptilon_mantchuricum::JACSYN010000425.1:14811-135317()	NC_051777.1	81.538	65	10	2	45164	45227	536205	536142	2.78e-05	57.2
Crossoptilon_mantchuricum::JACSYN010000425.1:14811-135317()	NC_051777.1	80.952	63	11	1	53442	53504	37752304	37752243	2.78e-05	57.2
Crossoptilon_mantchuricum::JACSYN010000425.1:14811-135317()	NC_051777.1	84.000	50	8	0	104357	104406	37695121	37695072	9.70e-05	55.4
Crossoptilon_mantchuricum::JACSYN010000425.1:14811-135317()	NC_051777.1	77.027	74	16	1	85174	85246	37715876	37715803	3.39e-04	54.5
Crossoptilon_mantchuricum::JACSYN010000425.1:14811-135317()	NC_051777.1	85.714	49	2	2	14458	14506	29737759	29737716	3.39e-04	53.6
Crossoptilon_mantchuricum::JACSYN010000425.1:14811-135317()	NC_051777.1	91.667	36	3	0	12266	12301	20488336	20488371	0.001	52.7
Crossoptilon_mantchuricum::JACSYN010000425.1:14811-135317()	NC_051777.1	79.032	62	12	1	45190	45250	33937686	33937747	0.004	50.9
Crossoptilon_mantchuricum::JACSYN010000425.1:14811-135317()	NC_051777.1	84.444	45	7	0	45668	45712	34010202	34010158	0.004	50.9
Crossoptilon_mantchuricum::JACSYN010000425.1:14811-135317()	NC_051777.1	72.165	97	26	1	99288	99384	37701549	37701454	0.004	50.9
Crossoptilon_mantchuricum::JACSYN010000425.1:14811-135317()	NC_051777.1	89.189	37	4	0	45679	45715	32585700	32585736	0.004	50.0
Crossoptilon_mantchuricum::JACSYN010000425.1:14811-135317()	NC_051777.1	84.091	44	7	0	102582	102625	33903435	33903392	0.014	49.1
Crossoptilon_mantchuricum::JACSYN010000425.1:14811-135317()	NC_051777.1	78.125	64	10	2	38113	38176	9456897	9456838	0.014	48.2
Crossoptilon_mantchuricum::JACSYN010000425.1:14811-135317()	NC_051777.1	81.132	53	9	1	16029	16081	9669775	9669724	0.014	48.2
Crossoptilon_mantchuricum::JACSYN010000425.1:14811-135317()	NC_051777.1	88.889	36	4	0	45669	45704	24168697	24168662	0.014	48.2
Crossoptilon_mantchuricum::JACSYN010000425.1:14811-135317()	NC_051777.1	88.889	36	4	0	12268	12303	35907976	35907941	0.014	48.2
