Cygnus_olor::NC_049175.1:38230830-38433931()	NC_051777.1	91.052	6784	440	43	93252	99942	37778001	37784710	0.0	9542
Cygnus_olor::NC_049175.1:38230830-38433931()	NC_051777.1	91.364	6149	324	39	70857	76895	37756946	37762997	0.0	8766
Cygnus_olor::NC_049175.1:38230830-38433931()	NC_051777.1	92.690	5075	287	20	169263	174319	37850460	37855468	0.0	7492
Cygnus_olor::NC_049175.1:38230830-38433931()	NC_051777.1	89.871	5410	364	34	54867	60212	37740503	37745792	0.0	7343
Cygnus_olor::NC_049175.1:38230830-38433931()	NC_051777.1	91.554	4937	296	20	18582	23415	37710958	37715876	0.0	7120
Cygnus_olor::NC_049175.1:38230830-38433931()	NC_051777.1	93.152	4556	218	21	62369	66889	37747655	37752151	0.0	6839
Cygnus_olor::NC_049175.1:38230830-38433931()	NC_051777.1	90.971	4253	231	25	4921	9132	37697419	37701559	0.0	6045
Cygnus_olor::NC_049175.1:38230830-38433931()	NC_051777.1	93.141	3995	239	12	157450	161430	37838034	37842007	0.0	5981
Cygnus_olor::NC_049175.1:38230830-38433931()	NC_051777.1	93.680	3861	173	13	38569	42390	37729439	37733267	0.0	5881
Cygnus_olor::NC_049175.1:38230830-38433931()	NC_051777.1	89.799	4274	290	27	100570	104746	37785988	37790212	0.0	5853
Cygnus_olor::NC_049175.1:38230830-38433931()	NC_051777.1	90.446	4061	276	20	193892	197940	37874912	37878872	0.0	5642
Cygnus_olor::NC_049175.1:38230830-38433931()	NC_051777.1	92.904	3537	204	14	108743	112258	37793427	37796937	0.0	5256
Cygnus_olor::NC_049175.1:38230830-38433931()	NC_051777.1	92.110	3346	199	16	117129	120460	37801963	37805257	0.0	4884
Cygnus_olor::NC_049175.1:38230830-38433931()	NC_051777.1	91.012	3349	162	23	145272	148611	37825985	37829203	0.0	4705
Cygnus_olor::NC_049175.1:38230830-38433931()	NC_051777.1	93.401	3137	175	13	174821	177940	37855984	37859105	0.0	4695
Cygnus_olor::NC_049175.1:38230830-38433931()	NC_051777.1	93.570	3095	134	20	84459	87513	37770814	37773883	0.0	4653
Cygnus_olor::NC_049175.1:38230830-38433931()	NC_051777.1	93.835	2871	132	12	161718	164576	37842295	37845132	0.0	4367
Cygnus_olor::NC_049175.1:38230830-38433931()	NC_051777.1	94.266	2703	136	10	48485	51176	37734842	37737536	0.0	4149
Cygnus_olor::NC_049175.1:38230830-38433931()	NC_051777.1	90.684	2791	139	17	2021	4784	37694586	37697282	0.0	3894
Cygnus_olor::NC_049175.1:38230830-38433931()	NC_051777.1	92.757	2416	150	12	135631	138034	37817835	37820237	0.0	3573
Cygnus_olor::NC_049175.1:38230830-38433931()	NC_051777.1	87.583	2714	208	18	114045	116730	37798741	37801353	0.0	3483
Cygnus_olor::NC_049175.1:38230830-38433931()	NC_051777.1	85.884	2855	242	36	166298	169114	37847568	37850299	0.0	3348
Cygnus_olor::NC_049175.1:38230830-38433931()	NC_051777.1	92.574	2141	121	11	82258	84382	37768608	37770726	0.0	3175
Cygnus_olor::NC_049175.1:38230830-38433931()	NC_051777.1	84.601	2734	186	21	150776	153405	37831397	37833999	0.0	3151
Cygnus_olor::NC_049175.1:38230830-38433931()	NC_051777.1	94.187	2047	102	7	30395	32432	37721299	37723337	0.0	3140
Cygnus_olor::NC_049175.1:38230830-38433931()	NC_051777.1	94.224	1991	97	6	36249	38231	37727121	37729101	0.0	3062
Cygnus_olor::NC_049175.1:38230830-38433931()	NC_051777.1	89.798	2127	143	14	80200	82274	37766443	37768547	0.0	2902
Cygnus_olor::NC_049175.1:38230830-38433931()	NC_051777.1	91.859	1990	90	17	77585	79537	37763685	37765639	0.0	2847
Cygnus_olor::NC_049175.1:38230830-38433931()	NC_051777.1	89.054	1946	167	10	198872	200783	37879739	37881672	0.0	2609
Cygnus_olor::NC_049175.1:38230830-38433931()	NC_051777.1	91.499	1788	122	8	23618	25387	37717851	37719626	0.0	2568
Cygnus_olor::NC_049175.1:38230830-38433931()	NC_051777.1	93.795	1660	76	10	104972	106621	37790429	37792071	0.0	2509
Cygnus_olor::NC_049175.1:38230830-38433931()	NC_051777.1	94.238	1614	69	10	164684	166293	37845240	37846833	0.0	2469
Cygnus_olor::NC_049175.1:38230830-38433931()	NC_051777.1	93.193	1616	65	6	91129	92714	37775877	37777477	0.0	2433
Cygnus_olor::NC_049175.1:38230830-38433931()	NC_051777.1	93.687	1584	73	7	141500	143064	37822205	37823780	0.0	2399
Cygnus_olor::NC_049175.1:38230830-38433931()	NC_051777.1	90.745	1610	134	6	15445	17047	37707475	37709076	0.0	2274
Cygnus_olor::NC_049175.1:38230830-38433931()	NC_051777.1	94.979	1434	47	7	563	1989	37693107	37694522	0.0	2273
Cygnus_olor::NC_049175.1:38230830-38433931()	NC_051777.1	96.066	1398	42	3	131058	132452	37814416	37815803	0.0	2272
Cygnus_olor::NC_049175.1:38230830-38433931()	NC_051777.1	91.640	1555	74	11	13612	15150	37705648	37707162	0.0	2220
Cygnus_olor::NC_049175.1:38230830-38433931()	NC_051777.1	91.036	1573	82	13	153546	155076	37834140	37835695	0.0	2196
Cygnus_olor::NC_049175.1:38230830-38433931()	NC_051777.1	90.822	1569	91	12	66953	68485	37752243	37753794	0.0	2186
Cygnus_olor::NC_049175.1:38230830-38433931()	NC_051777.1	93.319	1422	69	8	42579	43997	37733445	37734843	0.0	2140
Cygnus_olor::NC_049175.1:38230830-38433931()	NC_051777.1	89.012	1620	103	17	178564	180143	37859769	37861353	0.0	2119
Cygnus_olor::NC_049175.1:38230830-38433931()	NC_051777.1	90.909	1452	101	7	112509	113931	37797187	37798636	0.0	2065
Cygnus_olor::NC_049175.1:38230830-38433931()	NC_051777.1	90.237	1434	97	7	155956	157347	37836523	37837955	0.0	1994
Cygnus_olor::NC_049175.1:38230830-38433931()	NC_051777.1	88.034	1521	153	10	52071	53579	37738419	37739922	0.0	1958
Cygnus_olor::NC_049175.1:38230830-38433931()	NC_051777.1	94.066	1247	56	4	32976	34222	37723881	37725109	0.0	1914
Cygnus_olor::NC_049175.1:38230830-38433931()	NC_051777.1	94.386	1229	55	5	180738	181955	37862910	37864135	0.0	1896
Cygnus_olor::NC_049175.1:38230830-38433931()	NC_051777.1	91.692	1336	64	13	27159	28457	37719969	37721294	0.0	1893
Cygnus_olor::NC_049175.1:38230830-38433931()	NC_051777.1	93.073	1227	67	6	88736	89949	37774562	37775783	0.0	1844
Cygnus_olor::NC_049175.1:38230830-38433931()	NC_051777.1	94.878	1152	41	3	185189	186322	37866115	37867266	0.0	1815
Cygnus_olor::NC_049175.1:38230830-38433931()	NC_051777.1	94.667	1125	54	2	126933	128051	37810951	37812075	0.0	1755
Cygnus_olor::NC_049175.1:38230830-38433931()	NC_051777.1	96.526	1065	36	1	127935	128999	37812074	37813137	0.0	1751
Cygnus_olor::NC_049175.1:38230830-38433931()	NC_051777.1	85.897	1248	120	7	17263	18476	37709627	37710852	0.0	1538
Cygnus_olor::NC_049175.1:38230830-38433931()	NC_051777.1	90.364	1100	67	5	12472	13541	37704459	37705549	0.0	1531
Cygnus_olor::NC_049175.1:38230830-38433931()	NC_051777.1	91.675	1057	67	5	121118	122161	37805649	37806697	0.0	1526
Cygnus_olor::NC_049175.1:38230830-38433931()	NC_051777.1	83.333	1278	119	9	148794	150059	37829367	37830562	0.0	1389
Cygnus_olor::NC_049175.1:38230830-38433931()	NC_051777.1	91.104	978	59	5	69067	70043	37755448	37756398	0.0	1375
Cygnus_olor::NC_049175.1:38230830-38433931()	NC_051777.1	92.568	915	39	6	134118	135029	37816462	37817350	0.0	1343
Cygnus_olor::NC_049175.1:38230830-38433931()	NC_051777.1	91.038	915	26	6	124031	124941	37808120	37808982	0.0	1305
Cygnus_olor::NC_049175.1:38230830-38433931()	NC_051777.1	90.622	949	72	5	190911	191858	37872025	37872957	0.0	1304
Cygnus_olor::NC_049175.1:38230830-38433931()	NC_051777.1	84.469	1101	131	8	10061	11148	37702382	37703455	0.0	1260
Cygnus_olor::NC_049175.1:38230830-38433931()	NC_051777.1	85.102	1027	136	4	143249	144264	37823966	37824986	0.0	1249
Cygnus_olor::NC_049175.1:38230830-38433931()	NC_051777.1	88.614	931	69	9	125377	126292	37809413	37810321	0.0	1216
Cygnus_olor::NC_049175.1:38230830-38433931()	NC_051777.1	90.471	850	76	2	187985	188834	37868924	37869768	0.0	1200
Cygnus_olor::NC_049175.1:38230830-38433931()	NC_051777.1	90.134	821	43	2	9215	9997	37701615	37702435	0.0	1141
Cygnus_olor::NC_049175.1:38230830-38433931()	NC_051777.1	90.366	820	62	5	138473	139276	37820720	37821538	0.0	1138
Cygnus_olor::NC_049175.1:38230830-38433931()	NC_051777.1	94.245	695	26	3	61048	61741	37746396	37747077	0.0	1073
Cygnus_olor::NC_049175.1:38230830-38433931()	NC_051777.1	94.242	660	36	2	107100	107757	37792563	37793222	0.0	1012
Cygnus_olor::NC_049175.1:38230830-38433931()	NC_051777.1	90.280	679	52	2	150113	150777	37830640	37831318	0.0	931
Cygnus_olor::NC_049175.1:38230830-38433931()	NC_051777.1	95.637	573	23	2	202527	203097	37882763	37883335	0.0	914
Cygnus_olor::NC_049175.1:38230830-38433931()	NC_051777.1	87.448	717	71	6	129574	130280	37813710	37814417	0.0	912
Cygnus_olor::NC_049175.1:38230830-38433931()	NC_051777.1	91.667	600	25	5	79527	80105	37765755	37766350	0.0	857
Cygnus_olor::NC_049175.1:38230830-38433931()	NC_051777.1	94.455	541	29	1	188830	189370	37869914	37870453	0.0	838
Cygnus_olor::NC_049175.1:38230830-38433931()	NC_051777.1	93.542	542	27	4	70113	70647	37756400	37756940	0.0	810
Cygnus_olor::NC_049175.1:38230830-38433931()	NC_051777.1	95.473	486	21	1	186501	186985	37867445	37867930	0.0	774
Cygnus_olor::NC_049175.1:38230830-38433931()	NC_051777.1	90.772	531	39	5	193283	193807	37874373	37874899	0.0	724
Cygnus_olor::NC_049175.1:38230830-38433931()	NC_051777.1	99.730	371	1	0	1	371	37692543	37692913	0.0	665
Cygnus_olor::NC_049175.1:38230830-38433931()	NC_051777.1	93.160	424	21	3	87777	88199	37774153	37774569	3.81e-177	628
Cygnus_olor::NC_049175.1:38230830-38433931()	NC_051777.1	88.387	465	34	7	61794	62251	37747204	37747655	4.97e-163	582
Cygnus_olor::NC_049175.1:38230830-38433931()	NC_051777.1	89.391	443	25	6	177970	178409	37859331	37859754	1.73e-162	581
Cygnus_olor::NC_049175.1:38230830-38433931()	NC_051777.1	83.658	514	45	6	11321	11810	37703619	37704117	2.57e-160	573
Cygnus_olor::NC_049175.1:38230830-38433931()	NC_051777.1	96.573	321	11	0	34446	34766	37725326	37725646	2.75e-147	530
Cygnus_olor::NC_049175.1:38230830-38433931()	NC_051777.1	92.717	357	13	2	138034	138390	37820294	37820637	2.75e-147	530
Cygnus_olor::NC_049175.1:38230830-38433931()	NC_051777.1	91.257	366	17	2	135207	135564	37817350	37817708	1.42e-144	521
Cygnus_olor::NC_049175.1:38230830-38433931()	NC_051777.1	96.753	308	9	1	139927	140234	37821547	37821853	8.99e-141	508
Cygnus_olor::NC_049175.1:38230830-38433931()	NC_051777.1	96.440	309	7	2	122714	123018	37806697	37807005	3.82e-139	503
Cygnus_olor::NC_049175.1:38230830-38433931()	NC_051777.1	92.459	305	18	1	133143	133442	37816158	37816462	2.58e-122	447
Cygnus_olor::NC_049175.1:38230830-38433931()	NC_051777.1	96.063	254	10	0	132789	133042	37815800	37816053	1.52e-112	414
Cygnus_olor::NC_049175.1:38230830-38433931()	NC_051777.1	91.941	273	10	2	60409	60669	37745795	37746067	4.09e-107	396
Cygnus_olor::NC_049175.1:38230830-38433931()	NC_051777.1	88.462	312	19	5	100068	100370	37784836	37785139	1.43e-106	394
Cygnus_olor::NC_049175.1:38230830-38433931()	NC_051777.1	96.804	219	5	1	116796	117014	37801415	37801631	8.43e-97	361
Cygnus_olor::NC_049175.1:38230830-38433931()	NC_051777.1	90.795	239	17	1	192154	192392	37873254	37873487	4.09e-88	333
Cygnus_olor::NC_049175.1:38230830-38433931()	NC_051777.1	95.385	195	9	0	125116	125310	37809152	37809346	1.34e-81	312
Cygnus_olor::NC_049175.1:38230830-38433931()	NC_051777.1	85.887	248	24	2	200907	201154	37881715	37881951	1.25e-75	291
Cygnus_olor::NC_049175.1:38230830-38433931()	NC_051777.1	90.055	181	18	0	60695	60875	37746121	37746301	4.67e-62	246
Cygnus_olor::NC_049175.1:38230830-38433931()	NC_051777.1	94.805	154	7	1	144447	144600	37825169	37825321	6.93e-60	239
Cygnus_olor::NC_049175.1:38230830-38433931()	NC_051777.1	88.535	157	12	2	100418	100568	37785382	37785538	6.08e-48	199
Cygnus_olor::NC_049175.1:38230830-38433931()	NC_051777.1	95.122	123	6	0	120770	120892	37805318	37805440	7.41e-47	196
Cygnus_olor::NC_049175.1:38230830-38433931()	NC_051777.1	98.214	112	2	0	174413	174524	37855576	37855687	2.59e-46	194
Cygnus_olor::NC_049175.1:38230830-38433931()	NC_051777.1	67.173	527	100	15	56714	57175	25683178	25682660	1.03e-38	169
Cygnus_olor::NC_049175.1:38230830-38433931()	NC_051777.1	77.720	193	37	2	189937	190123	56739	56547	2.76e-33	151
Cygnus_olor::NC_049175.1:38230830-38433931()	NC_051777.1	90.654	107	10	0	123026	123132	37807117	37807223	9.65e-33	149
Cygnus_olor::NC_049175.1:38230830-38433931()	NC_051777.1	96.512	86	3	0	190366	190451	6807823	6807738	1.43e-30	142
Cygnus_olor::NC_049175.1:38230830-38433931()	NC_051777.1	87.395	119	11	2	190338	190456	13185523	13185637	1.43e-30	142
Cygnus_olor::NC_049175.1:38230830-38433931()	NC_051777.1	86.726	113	6	1	26805	26917	37719624	37719727	5.00e-30	141
Cygnus_olor::NC_049175.1:38230830-38433931()	NC_051777.1	91.753	97	7	1	23523	23618	37715984	37716080	6.09e-29	136
Cygnus_olor::NC_049175.1:38230830-38433931()	NC_051777.1	91.358	81	4	1	190371	190451	10807027	10807104	6.95e-22	113
Cygnus_olor::NC_049175.1:38230830-38433931()	NC_051777.1	96.721	61	1	1	17209	17268	37709242	37709302	1.53e-17	98.7
Cygnus_olor::NC_049175.1:38230830-38433931()	NC_051777.1	100.000	41	0	0	68772	68812	37755146	37755186	1.75e-10	75.2
Cygnus_olor::NC_049175.1:38230830-38433931()	NC_051777.1	90.566	53	5	0	190028	190080	29043660	29043608	6.09e-10	74.3
Cygnus_olor::NC_049175.1:38230830-38433931()	NC_051777.1	86.885	61	5	1	190392	190452	4688965	4688908	6.09e-10	73.4
Cygnus_olor::NC_049175.1:38230830-38433931()	NC_051777.1	95.556	45	2	0	193089	193133	37874178	37874222	6.09e-10	73.4
Cygnus_olor::NC_049175.1:38230830-38433931()	NC_051777.1	100.000	39	0	0	441	479	37692985	37693023	2.13e-09	71.6
Cygnus_olor::NC_049175.1:38230830-38433931()	NC_051777.1	69.036	197	48	5	57647	57838	26054733	26054545	7.42e-09	70.7
Cygnus_olor::NC_049175.1:38230830-38433931()	NC_051777.1	93.478	46	0	1	190405	190450	17600393	17600435	2.59e-08	68.9
Cygnus_olor::NC_049175.1:38230830-38433931()	NC_051777.1	95.238	42	2	0	123937	123978	37808025	37808066	2.59e-08	68.0
Cygnus_olor::NC_049175.1:38230830-38433931()	NC_051777.1	78.022	91	15	3	189823	189911	22258086	22258173	9.04e-08	66.2
Cygnus_olor::NC_049175.1:38230830-38433931()	NC_051777.1	88.679	53	5	1	164569	164620	25998287	25998235	9.04e-08	66.2
Cygnus_olor::NC_049175.1:38230830-38433931()	NC_051777.1	91.304	46	4	0	168037	168082	37849254	37849209	9.04e-08	66.2
Cygnus_olor::NC_049175.1:38230830-38433931()	NC_051777.1	84.483	58	9	0	164626	164683	50555	50612	3.16e-07	65.3
Cygnus_olor::NC_049175.1:38230830-38433931()	NC_051777.1	95.000	40	2	0	184424	184463	37865797	37865836	3.16e-07	64.4
Cygnus_olor::NC_049175.1:38230830-38433931()	NC_051777.1	84.211	57	9	0	23454	23510	31263485	31263429	1.10e-06	63.5
Cygnus_olor::NC_049175.1:38230830-38433931()	NC_051777.1	90.909	44	4	0	155117	155160	37835689	37835732	1.10e-06	62.6
Cygnus_olor::NC_049175.1:38230830-38433931()	NC_051777.1	87.500	48	6	0	190405	190452	34644925	34644972	3.84e-06	60.8
Cygnus_olor::NC_049175.1:38230830-38433931()	NC_051777.1	77.922	77	16	1	89305	89381	17609072	17609147	1.34e-05	59.9
Cygnus_olor::NC_049175.1:38230830-38433931()	NC_051777.1	81.667	60	7	1	190001	190060	13185276	13185331	1.34e-05	59.0
Cygnus_olor::NC_049175.1:38230830-38433931()	NC_051777.1	90.476	42	1	1	190410	190451	33181076	33181114	4.68e-05	57.2
Cygnus_olor::NC_049175.1:38230830-38433931()	NC_051777.1	90.698	43	3	1	36206	36248	37290316	37290357	4.68e-05	57.2
Cygnus_olor::NC_049175.1:38230830-38433931()	NC_051777.1	88.372	43	5	0	92877	92919	15263588	15263630	1.63e-04	56.3
Cygnus_olor::NC_049175.1:38230830-38433931()	NC_051777.1	92.105	38	3	0	198778	198815	37879703	37879740	1.63e-04	56.3
Cygnus_olor::NC_049175.1:38230830-38433931()	NC_051777.1	90.000	40	4	0	120926	120965	29109382	29109343	1.63e-04	55.4
Cygnus_olor::NC_049175.1:38230830-38433931()	NC_051777.1	85.714	49	6	1	182212	182259	26297243	26297291	5.71e-04	54.5
Cygnus_olor::NC_049175.1:38230830-38433931()	NC_051777.1	85.106	47	7	0	23474	23520	32462836	32462790	5.71e-04	54.5
Cygnus_olor::NC_049175.1:38230830-38433931()	NC_051777.1	96.875	32	1	0	85840	85871	37771612	37771643	5.71e-04	54.5
Cygnus_olor::NC_049175.1:38230830-38433931()	NC_051777.1	89.744	39	4	0	112273	112311	16151241	16151203	5.71e-04	53.6
Cygnus_olor::NC_049175.1:38230830-38433931()	NC_051777.1	89.744	39	4	0	38529	38567	32585698	32585736	5.71e-04	53.6
Cygnus_olor::NC_049175.1:38230830-38433931()	NC_051777.1	83.673	49	8	0	4722	4770	33903392	33903440	5.71e-04	53.6
Cygnus_olor::NC_049175.1:38230830-38433931()	NC_051777.1	80.645	62	9	2	23435	23495	536141	536200	0.002	52.7
Cygnus_olor::NC_049175.1:38230830-38433931()	NC_051777.1	87.805	41	5	0	99965	100005	29109382	29109342	0.002	52.7
Cygnus_olor::NC_049175.1:38230830-38433931()	NC_051777.1	81.132	53	10	0	141245	141297	3496381	3496329	0.002	51.8
Cygnus_olor::NC_049175.1:38230830-38433931()	NC_051777.1	85.106	47	5	1	106808	106854	10861176	10861132	0.002	51.8
Cygnus_olor::NC_049175.1:38230830-38433931()	NC_051777.1	89.474	38	4	0	93595	93632	32892993	32892956	0.002	51.8
Cygnus_olor::NC_049175.1:38230830-38433931()	NC_051777.1	100.000	28	0	0	90003	90030	37775839	37775866	0.002	51.8
Cygnus_olor::NC_049175.1:38230830-38433931()	NC_051777.1	73.404	94	23	2	38256	38348	376684	376776	0.007	50.9
Cygnus_olor::NC_049175.1:38230830-38433931()	NC_051777.1	82.692	52	8	1	108278	108329	10860869	10860919	0.007	50.9
Cygnus_olor::NC_049175.1:38230830-38433931()	NC_051777.1	91.429	35	3	0	104747	104781	15263622	15263588	0.007	50.9
Cygnus_olor::NC_049175.1:38230830-38433931()	NC_051777.1	84.444	45	7	0	32930	32974	16170431	16170475	0.007	50.9
Cygnus_olor::NC_049175.1:38230830-38433931()	NC_051777.1	91.429	35	3	0	35805	35839	21199080	21199114	0.007	50.9
Cygnus_olor::NC_049175.1:38230830-38433931()	NC_051777.1	96.667	30	1	0	143215	143244	25998244	25998273	0.007	50.9
Cygnus_olor::NC_049175.1:38230830-38433931()	NC_051777.1	80.702	57	10	1	87668	87724	32462790	32462845	0.007	50.9
Cygnus_olor::NC_049175.1:38230830-38433931()	NC_051777.1	82.692	52	8	1	192394	192444	36445332	36445281	0.007	50.9
Cygnus_olor::NC_049175.1:38230830-38433931()	NC_051777.1	96.552	29	1	0	141448	141476	667390	667418	0.024	49.1
Cygnus_olor::NC_049175.1:38230830-38433931()	NC_051777.1	90.000	40	1	2	36203	36242	10247902	10247866	0.024	49.1
Cygnus_olor::NC_049175.1:38230830-38433931()	NC_051777.1	96.552	29	1	0	36035	36063	14762171	14762143	0.024	49.1
Cygnus_olor::NC_049175.1:38230830-38433931()	NC_051777.1	73.494	83	10	3	23436	23517	33937724	33937653	0.024	49.1
Cygnus_olor::NC_049175.1:38230830-38433931()	NC_051777.1	77.143	70	13	2	38397	38466	34774252	34774318	0.024	49.1
Cygnus_olor::NC_049175.1:38230830-38433931()	NC_051777.1	89.474	38	3	1	164574	164610	667423	667386	0.024	48.2
Cygnus_olor::NC_049175.1:38230830-38433931()	NC_051777.1	89.474	38	3	1	99970	100007	2237187	2237151	0.024	48.2
Cygnus_olor::NC_049175.1:38230830-38433931()	NC_051777.1	80.392	51	10	0	189815	189865	13811049	13810999	0.024	48.2
Cygnus_olor::NC_049175.1:38230830-38433931()	NC_051777.1	88.889	36	4	0	161440	161475	16151242	16151207	0.024	48.2
Cygnus_olor::NC_049175.1:38230830-38433931()	NC_051777.1	88.889	36	4	0	184381	184416	16151207	16151242	0.024	48.2
Cygnus_olor::NC_049175.1:38230830-38433931()	NC_051777.1	82.609	46	8	0	123979	124024	22970586	22970541	0.024	48.2
Cygnus_olor::NC_049175.1:38230830-38433931()	NC_051777.1	85.366	41	6	0	36202	36242	22970582	22970542	0.024	48.2
Cygnus_olor::NC_049175.1:38230830-38433931()	NC_051777.1	82.609	46	8	0	192832	192877	34750399	34750354	0.024	48.2
