Heteronetta_atricapilla::CM021736.1:36532619-36739055()	NC_051777.1	89.208	5995	431	51	69662	75548	37757111	37762997	0.0	7918
Heteronetta_atricapilla::CM021736.1:36532619-36739055()	NC_051777.1	91.481	4578	296	26	61074	65637	37747654	37752151	0.0	6510
Heteronetta_atricapilla::CM021736.1:36532619-36739055()	NC_051777.1	87.291	4776	397	40	93841	98530	37778974	37783625	0.0	5973
Heteronetta_atricapilla::CM021736.1:36532619-36739055()	NC_051777.1	90.214	4026	275	29	160731	164689	37838034	37842007	0.0	5495
Heteronetta_atricapilla::CM021736.1:36532619-36739055()	NC_051777.1	91.363	3867	225	25	38119	41914	37729439	37733267	0.0	5466
Heteronetta_atricapilla::CM021736.1:36532619-36739055()	NC_051777.1	89.402	4029	329	27	197104	201102	37874912	37878872	0.0	5361
Heteronetta_atricapilla::CM021736.1:36532619-36739055()	NC_051777.1	89.417	3600	258	23	112356	115921	37793427	37796937	0.0	4809
Heteronetta_atricapilla::CM021736.1:36532619-36739055()	NC_051777.1	89.540	3566	262	28	173244	176779	37851984	37855468	0.0	4750
Heteronetta_atricapilla::CM021736.1:36532619-36739055()	NC_051777.1	87.947	3750	365	27	55306	59012	37742087	37745792	0.0	4727
Heteronetta_atricapilla::CM021736.1:36532619-36739055()	NC_051777.1	92.129	3138	210	17	177288	180405	37855984	37859104	0.0	4503
Heteronetta_atricapilla::CM021736.1:36532619-36739055()	NC_051777.1	86.997	3553	287	33	105518	108946	37786711	37790212	0.0	4405
Heteronetta_atricapilla::CM021736.1:36532619-36739055()	NC_051777.1	91.334	3104	173	27	83318	86359	37770814	37773883	0.0	4351
Heteronetta_atricapilla::CM021736.1:36532619-36739055()	NC_051777.1	87.245	3332	209	29	149039	152267	37825985	37829203	0.0	4158
Heteronetta_atricapilla::CM021736.1:36532619-36739055()	NC_051777.1	90.095	2857	209	15	139332	142168	37817835	37820637	0.0	3912
Heteronetta_atricapilla::CM021736.1:36532619-36739055()	NC_051777.1	91.158	2737	190	13	48456	51182	37734842	37737536	0.0	3834
Heteronetta_atricapilla::CM021736.1:36532619-36739055()	NC_051777.1	90.165	2735	157	26	76238	78929	37763685	37766350	0.0	3704
Heteronetta_atricapilla::CM021736.1:36532619-36739055()	NC_051777.1	90.528	2407	186	18	17772	20150	37712528	37714920	0.0	3300
Heteronetta_atricapilla::CM021736.1:36532619-36739055()	NC_051777.1	84.399	2737	235	22	117669	120336	37798740	37801353	0.0	3152
Heteronetta_atricapilla::CM021736.1:36532619-36739055()	NC_051777.1	90.270	2148	140	13	81091	83202	37768612	37770726	0.0	2980
Heteronetta_atricapilla::CM021736.1:36532619-36739055()	NC_051777.1	91.005	2079	133	10	29864	31928	37721299	37723337	0.0	2911
Heteronetta_atricapilla::CM021736.1:36532619-36739055()	NC_051777.1	88.380	2229	183	16	120787	122966	37801656	37803857	0.0	2902
Heteronetta_atricapilla::CM021736.1:36532619-36739055()	NC_051777.1	90.590	2051	141	9	3335	5363	37697419	37699439	0.0	2877
Heteronetta_atricapilla::CM021736.1:36532619-36739055()	NC_051777.1	92.072	1993	142	8	35793	37781	37727121	37729101	0.0	2861
Heteronetta_atricapilla::CM021736.1:36532619-36739055()	NC_051777.1	86.726	2132	196	18	79032	81103	37766443	37768547	0.0	2614
Heteronetta_atricapilla::CM021736.1:36532619-36739055()	NC_051777.1	86.941	1945	197	14	202031	203929	37879739	37881672	0.0	2415
Heteronetta_atricapilla::CM021736.1:36532619-36739055()	NC_051777.1	86.137	1926	152	18	5764	7641	37699700	37701558	0.0	2331
Heteronetta_atricapilla::CM021736.1:36532619-36739055()	NC_051777.1	91.205	1660	111	14	109164	110808	37790432	37792071	0.0	2305
Heteronetta_atricapilla::CM021736.1:36532619-36739055()	NC_051777.1	87.412	1851	127	19	1373	3198	37695513	37697282	0.0	2298
Heteronetta_atricapilla::CM021736.1:36532619-36739055()	NC_051777.1	91.156	1583	96	9	145253	146798	37822205	37823780	0.0	2223
Heteronetta_atricapilla::CM021736.1:36532619-36739055()	NC_051777.1	90.482	1618	125	11	166806	168413	37845242	37846840	0.0	2201
Heteronetta_atricapilla::CM021736.1:36532619-36739055()	NC_051777.1	91.220	1549	91	7	12766	14303	37705648	37707162	0.0	2190
Heteronetta_atricapilla::CM021736.1:36532619-36739055()	NC_051777.1	84.034	1973	172	22	168893	170804	37848409	37850299	0.0	2168
Heteronetta_atricapilla::CM021736.1:36532619-36739055()	NC_051777.1	90.683	1567	116	8	165140	166694	37843584	37845132	0.0	2159
Heteronetta_atricapilla::CM021736.1:36532619-36739055()	NC_051777.1	90.816	1557	110	8	170941	172466	37850436	37851990	0.0	2158
Heteronetta_atricapilla::CM021736.1:36532619-36739055()	NC_051777.1	90.057	1569	122	10	65667	67218	37752243	37753794	0.0	2130
Heteronetta_atricapilla::CM021736.1:36532619-36739055()	NC_051777.1	89.974	1566	111	11	23837	25368	37718073	37719626	0.0	2122
Heteronetta_atricapilla::CM021736.1:36532619-36739055()	NC_051777.1	90.130	1540	132	7	191028	192558	37868925	37870453	0.0	2115
Heteronetta_atricapilla::CM021736.1:36532619-36739055()	NC_051777.1	91.481	1479	93	9	91660	93123	37775877	37777337	0.0	2089
Heteronetta_atricapilla::CM021736.1:36532619-36739055()	NC_051777.1	87.836	1636	100	14	156881	158460	37834140	37835732	0.0	2080
Heteronetta_atricapilla::CM021736.1:36532619-36739055()	NC_051777.1	87.623	1624	154	11	14601	16200	37707475	37709075	0.0	2064
Heteronetta_atricapilla::CM021736.1:36532619-36739055()	NC_051777.1	92.025	1417	90	6	42101	43512	37733445	37734843	0.0	2056
Heteronetta_atricapilla::CM021736.1:36532619-36739055()	NC_051777.1	87.539	1621	130	19	181037	182621	37859769	37861353	0.0	2004
Heteronetta_atricapilla::CM021736.1:36532619-36739055()	NC_051777.1	91.241	1370	90	8	116169	117512	37797185	37798550	0.0	1942
Heteronetta_atricapilla::CM021736.1:36532619-36739055()	NC_051777.1	89.261	1434	101	7	159247	160628	37836523	37837955	0.0	1938
Heteronetta_atricapilla::CM021736.1:36532619-36739055()	NC_051777.1	88.224	1503	106	10	53861	55311	37740512	37741995	0.0	1932
Heteronetta_atricapilla::CM021736.1:36532619-36739055()	NC_051777.1	91.017	1347	92	7	122965	124304	37803928	37805252	0.0	1879
Heteronetta_atricapilla::CM021736.1:36532619-36739055()	NC_051777.1	91.888	1245	80	4	32455	33694	37723881	37725109	0.0	1792
Heteronetta_atricapilla::CM021736.1:36532619-36739055()	NC_051777.1	86.351	1458	168	7	51219	52659	37738479	37739922	0.0	1781
Heteronetta_atricapilla::CM021736.1:36532619-36739055()	NC_051777.1	89.020	1357	95	16	27297	28630	37719969	37721294	0.0	1753
Heteronetta_atricapilla::CM021736.1:36532619-36739055()	NC_051777.1	92.372	1193	82	5	205223	206407	37882763	37883954	0.0	1728
Heteronetta_atricapilla::CM021736.1:36532619-36739055()	NC_051777.1	92.857	1162	62	5	188223	189373	37866115	37867266	0.0	1718
Heteronetta_atricapilla::CM021736.1:36532619-36739055()	NC_051777.1	90.554	1228	71	8	183202	184386	37862910	37864135	0.0	1697
Heteronetta_atricapilla::CM021736.1:36532619-36739055()	NC_051777.1	86.747	1328	139	6	100672	101974	37785382	37786697	0.0	1646
Heteronetta_atricapilla::CM021736.1:36532619-36739055()	NC_051777.1	92.761	1119	74	3	130584	131696	37810954	37812071	0.0	1646
Heteronetta_atricapilla::CM021736.1:36532619-36739055()	NC_051777.1	93.239	1065	59	4	131584	132636	37812074	37813137	0.0	1590
Heteronetta_atricapilla::CM021736.1:36532619-36739055()	NC_051777.1	92.078	1073	75	5	89432	90498	37774715	37775783	0.0	1563
Heteronetta_atricapilla::CM021736.1:36532619-36739055()	NC_051777.1	90.493	1115	60	7	99063	100156	37783623	37784712	0.0	1544
Heteronetta_atricapilla::CM021736.1:36532619-36739055()	NC_051777.1	83.464	1403	118	11	155442	156740	37832607	37833999	0.0	1538
Heteronetta_atricapilla::CM021736.1:36532619-36739055()	NC_051777.1	88.950	1095	97	6	11630	12707	37704459	37705546	0.0	1449
Heteronetta_atricapilla::CM021736.1:36532619-36739055()	NC_051777.1	88.732	1065	88	3	124944	125992	37805649	37806697	0.0	1415
Heteronetta_atricapilla::CM021736.1:36532619-36739055()	NC_051777.1	81.575	1270	158	12	16425	17662	37709627	37710852	0.0	1320
Heteronetta_atricapilla::CM021736.1:36532619-36739055()	NC_051777.1	89.683	979	58	8	67801	68755	37755439	37756398	0.0	1314
Heteronetta_atricapilla::CM021736.1:36532619-36739055()	NC_051777.1	91.841	907	59	5	137867	138768	37816454	37817350	0.0	1294
Heteronetta_atricapilla::CM021736.1:36532619-36739055()	NC_051777.1	90.159	945	70	7	194140	195078	37872030	37872957	0.0	1275
Heteronetta_atricapilla::CM021736.1:36532619-36739055()	NC_051777.1	92.717	865	49	4	135351	136211	37814949	37815803	0.0	1271
Heteronetta_atricapilla::CM021736.1:36532619-36739055()	NC_051777.1	87.687	934	77	7	129019	129939	37809413	37810321	0.0	1187
Heteronetta_atricapilla::CM021736.1:36532619-36739055()	NC_051777.1	78.776	1324	135	16	152448	153753	37829367	37830562	0.0	1181
Heteronetta_atricapilla::CM021736.1:36532619-36739055()	NC_051777.1	91.346	832	65	5	545	1370	37694586	37695416	0.0	1160
Heteronetta_atricapilla::CM021736.1:36532619-36739055()	NC_051777.1	91.141	824	70	3	7753	8574	37701613	37702435	0.0	1147
Heteronetta_atricapilla::CM021736.1:36532619-36739055()	NC_051777.1	84.930	1002	130	6	153806	154794	37830640	37831633	0.0	1119
Heteronetta_atricapilla::CM021736.1:36532619-36739055()	NC_051777.1	85.608	938	52	9	20216	21097	37714966	37715876	0.0	1118
Heteronetta_atricapilla::CM021736.1:36532619-36739055()	NC_051777.1	87.849	823	79	7	142251	143056	37820720	37821538	0.0	1054
Heteronetta_atricapilla::CM021736.1:36532619-36739055()	NC_051777.1	91.206	705	38	4	59756	60459	37746396	37747077	0.0	996
Heteronetta_atricapilla::CM021736.1:36532619-36739055()	NC_051777.1	93.393	666	36	4	111281	111945	37792564	37793222	0.0	993
Heteronetta_atricapilla::CM021736.1:36532619-36739055()	NC_051777.1	89.049	694	62	4	93144	93831	37778099	37778784	0.0	920
Heteronetta_atricapilla::CM021736.1:36532619-36739055()	NC_051777.1	92.006	638	33	5	147028	147654	37823968	37824598	0.0	915
Heteronetta_atricapilla::CM021736.1:36532619-36739055()	NC_051777.1	89.921	635	51	3	8852	9486	37702578	37703199	0.0	856
Heteronetta_atricapilla::CM021736.1:36532619-36739055()	NC_051777.1	94.052	538	24	2	134717	135246	37814416	37814953	0.0	825
Heteronetta_atricapilla::CM021736.1:36532619-36739055()	NC_051777.1	95.679	486	21	0	127913	128398	37808120	37808605	0.0	783
Heteronetta_atricapilla::CM021736.1:36532619-36739055()	NC_051777.1	91.497	541	35	4	68825	69354	37756400	37756940	0.0	761
Heteronetta_atricapilla::CM021736.1:36532619-36739055()	NC_051777.1	90.244	533	33	6	196500	197019	37874373	37874899	0.0	718
Heteronetta_atricapilla::CM021736.1:36532619-36739055()	NC_051777.1	92.593	486	35	1	189544	190028	37867445	37867930	0.0	711
Heteronetta_atricapilla::CM021736.1:36532619-36739055()	NC_051777.1	90.177	509	32	4	133205	133699	37813710	37814214	0.0	691
Heteronetta_atricapilla::CM021736.1:36532619-36739055()	NC_051777.1	93.839	422	22	2	126548	126968	37806699	37807117	2.14e-180	639
Heteronetta_atricapilla::CM021736.1:36532619-36739055()	NC_051777.1	85.178	506	48	5	1	493	37694031	37694522	6.57e-168	599
Heteronetta_atricapilla::CM021736.1:36532619-36739055()	NC_051777.1	87.416	445	34	4	180436	180879	37859331	37859754	2.45e-154	553
Heteronetta_atricapilla::CM021736.1:36532619-36739055()	NC_051777.1	88.942	416	27	3	86623	87026	37774153	37774561	1.04e-152	547
Heteronetta_atricapilla::CM021736.1:36532619-36739055()	NC_051777.1	82.456	513	60	6	10463	10959	37703619	37704117	6.57e-149	535
Heteronetta_atricapilla::CM021736.1:36532619-36739055()	NC_051777.1	83.878	490	51	9	168407	168880	37847564	37848041	2.15e-142	513
Heteronetta_atricapilla::CM021736.1:36532619-36739055()	NC_051777.1	89.286	364	24	2	138945	139300	37817350	37817706	2.99e-134	486
Heteronetta_atricapilla::CM021736.1:36532619-36739055()	NC_051777.1	82.328	464	39	8	60525	60957	37747204	37747655	2.30e-129	471
Heteronetta_atricapilla::CM021736.1:36532619-36739055()	NC_051777.1	93.182	308	18	2	143681	143986	37821547	37821853	5.06e-125	455
Heteronetta_atricapilla::CM021736.1:36532619-36739055()	NC_051777.1	90.523	306	22	2	136897	137196	37816158	37816462	3.64e-114	419
Heteronetta_atricapilla::CM021736.1:36532619-36739055()	NC_051777.1	81.627	332	61	0	147703	148034	37824654	37824985	2.46e-97	363
Heteronetta_atricapilla::CM021736.1:36532619-36739055()	NC_051777.1	96.313	217	8	0	33942	34158	37725326	37725542	3.64e-95	356
Heteronetta_atricapilla::CM021736.1:36532619-36739055()	NC_051777.1	94.570	221	9	1	120404	120624	37801414	37801631	2.30e-91	343
Heteronetta_atricapilla::CM021736.1:36532619-36739055()	NC_051777.1	89.683	252	22	3	21675	21923	37716202	37716452	1.77e-86	328
Heteronetta_atricapilla::CM021736.1:36532619-36739055()	NC_051777.1	90.756	238	16	2	195373	195609	37873254	37873486	1.77e-86	327
Heteronetta_atricapilla::CM021736.1:36532619-36739055()	NC_051777.1	81.699	306	53	1	23264	23569	37717774	37718076	7.52e-85	322
Heteronetta_atricapilla::CM021736.1:36532619-36739055()	NC_051777.1	85.874	269	22	2	10029	10290	37703196	37703455	2.62e-84	320
Heteronetta_atricapilla::CM021736.1:36532619-36739055()	NC_051777.1	78.886	341	30	5	100284	100624	37784841	37785139	5.78e-80	306
Heteronetta_atricapilla::CM021736.1:36532619-36739055()	NC_051777.1	91.509	212	17	1	21203	21413	37715982	37716193	8.58e-78	298
Heteronetta_atricapilla::CM021736.1:36532619-36739055()	NC_051777.1	75.281	356	78	3	59237	59585	37745949	37746301	4.44e-75	289
Heteronetta_atricapilla::CM021736.1:36532619-36739055()	NC_051777.1	93.264	193	10	2	128397	128589	37808793	37808982	1.89e-73	284
Heteronetta_atricapilla::CM021736.1:36532619-36739055()	NC_051777.1	91.795	195	16	0	128758	128952	37809152	37809346	2.30e-72	280
Heteronetta_atricapilla::CM021736.1:36532619-36739055()	NC_051777.1	82.171	258	27	4	204036	204285	37881705	37881951	2.63e-65	258
Heteronetta_atricapilla::CM021736.1:36532619-36739055()	NC_051777.1	95.570	158	6	1	133758	133915	37814261	37814417	3.90e-63	251
Heteronetta_atricapilla::CM021736.1:36532619-36739055()	NC_051777.1	77.491	271	29	1	155199	155437	37832093	37832363	1.36e-62	248
Heteronetta_atricapilla::CM021736.1:36532619-36739055()	NC_051777.1	97.122	139	4	0	164977	165115	37842294	37842432	3.00e-58	233
Heteronetta_atricapilla::CM021736.1:36532619-36739055()	NC_051777.1	91.667	156	10	1	87571	87726	37774567	37774719	1.89e-54	222
Heteronetta_atricapilla::CM021736.1:36532619-36739055()	NC_051777.1	91.558	154	12	1	22968	23120	37717482	37717635	8.04e-53	216
Heteronetta_atricapilla::CM021736.1:36532619-36739055()	NC_051777.1	90.123	162	14	2	148218	148379	37825169	37825328	2.81e-52	214
Heteronetta_atricapilla::CM021736.1:36532619-36739055()	NC_051777.1	95.385	130	5	1	124594	124722	37805311	37805440	1.45e-49	205
Heteronetta_atricapilla::CM021736.1:36532619-36739055()	NC_051777.1	98.214	112	2	0	176881	176992	37855576	37855687	2.63e-46	194
Heteronetta_atricapilla::CM021736.1:36532619-36739055()	NC_051777.1	92.982	114	8	0	34209	34322	37725533	37725646	3.00e-39	170
Heteronetta_atricapilla::CM021736.1:36532619-36739055()	NC_051777.1	83.117	154	22	1	193206	193359	56676	56527	5.42e-36	160
Heteronetta_atricapilla::CM021736.1:36532619-36739055()	NC_051777.1	93.204	103	7	0	69560	69662	37756946	37757048	2.31e-34	155
Heteronetta_atricapilla::CM021736.1:36532619-36739055()	NC_051777.1	95.506	89	4	0	136710	136798	37815962	37816050	4.17e-31	143
Heteronetta_atricapilla::CM021736.1:36532619-36739055()	NC_051777.1	66.163	529	104	18	55558	56018	25683181	25682660	2.16e-28	134
Heteronetta_atricapilla::CM021736.1:36532619-36739055()	NC_051777.1	91.111	90	8	0	26943	27032	37719624	37719713	3.20e-26	127
Heteronetta_atricapilla::CM021736.1:36532619-36739055()	NC_051777.1	84.034	119	9	3	193574	193686	13185523	13185637	1.12e-25	125
Heteronetta_atricapilla::CM021736.1:36532619-36739055()	NC_051777.1	89.535	86	3	1	193602	193681	6807823	6807738	5.79e-23	116
Heteronetta_atricapilla::CM021736.1:36532619-36739055()	NC_051777.1	93.939	66	4	0	16365	16430	37709237	37709302	1.28e-18	102
Heteronetta_atricapilla::CM021736.1:36532619-36739055()	NC_051777.1	92.647	68	2	1	193614	193681	10807040	10807104	1.55e-17	99.6
Heteronetta_atricapilla::CM021736.1:36532619-36739055()	NC_051777.1	100.000	41	0	0	67506	67546	37755146	37755186	1.77e-10	75.2
Heteronetta_atricapilla::CM021736.1:36532619-36739055()	NC_051777.1	90.566	53	5	0	193244	193296	29043660	29043608	6.19e-10	74.3
Heteronetta_atricapilla::CM021736.1:36532619-36739055()	NC_051777.1	87.931	58	7	0	136548	136605	37815800	37815857	6.19e-10	74.3
Heteronetta_atricapilla::CM021736.1:36532619-36739055()	NC_051777.1	86.885	61	5	1	193622	193682	4688965	4688908	6.19e-10	73.4
Heteronetta_atricapilla::CM021736.1:36532619-36739055()	NC_051777.1	90.385	52	5	0	126965	127016	37807172	37807223	2.16e-09	72.5
Heteronetta_atricapilla::CM021736.1:36532619-36739055()	NC_051777.1	97.619	42	1	0	127818	127859	37808025	37808066	2.16e-09	72.5
Heteronetta_atricapilla::CM021736.1:36532619-36739055()	NC_051777.1	80.519	77	13	1	186990	187066	7287240	7287314	7.54e-09	69.8
Heteronetta_atricapilla::CM021736.1:36532619-36739055()	NC_051777.1	91.667	48	4	0	172467	172514	37290361	37290314	7.54e-09	69.8
Heteronetta_atricapilla::CM021736.1:36532619-36739055()	NC_051777.1	77.174	92	14	2	126836	126921	37798076	37797986	7.54e-09	69.8
Heteronetta_atricapilla::CM021736.1:36532619-36739055()	NC_051777.1	93.478	46	0	1	193635	193680	17600393	17600435	2.63e-08	68.9
Heteronetta_atricapilla::CM021736.1:36532619-36739055()	NC_051777.1	74.336	113	20	3	100175	100280	28802435	28802325	2.63e-08	68.9
Heteronetta_atricapilla::CM021736.1:36532619-36739055()	NC_051777.1	90.000	50	5	0	117534	117583	37798588	37798637	2.63e-08	68.9
Heteronetta_atricapilla::CM021736.1:36532619-36739055()	NC_051777.1	93.333	45	3	0	196306	196350	37874178	37874222	2.63e-08	68.9
Heteronetta_atricapilla::CM021736.1:36532619-36739055()	NC_051777.1	97.436	39	1	0	89358	89396	13871352	13871314	9.19e-08	67.1
Heteronetta_atricapilla::CM021736.1:36532619-36739055()	NC_051777.1	97.368	38	1	0	46134	46171	37290351	37290314	3.21e-07	65.3
Heteronetta_atricapilla::CM021736.1:36532619-36739055()	NC_051777.1	95.238	42	1	1	172483	172524	19205517	19205477	3.21e-07	64.4
Heteronetta_atricapilla::CM021736.1:36532619-36739055()	NC_051777.1	95.238	42	1	1	46140	46181	19205517	19205477	3.21e-07	64.4
Heteronetta_atricapilla::CM021736.1:36532619-36739055()	NC_051777.1	95.000	40	2	0	89296	89335	29346533	29346494	3.21e-07	64.4
Heteronetta_atricapilla::CM021736.1:36532619-36739055()	NC_051777.1	91.304	46	1	1	172479	172524	29737758	29737716	3.21e-07	64.4
Heteronetta_atricapilla::CM021736.1:36532619-36739055()	NC_051777.1	82.432	74	7	4	166687	166754	25998287	25998214	1.12e-06	63.5
Heteronetta_atricapilla::CM021736.1:36532619-36739055()	NC_051777.1	97.297	37	1	0	84690	84726	37771607	37771643	1.12e-06	63.5
Heteronetta_atricapilla::CM021736.1:36532619-36739055()	NC_051777.1	100.000	34	0	0	46132	46165	10247864	10247897	1.12e-06	62.6
Heteronetta_atricapilla::CM021736.1:36532619-36739055()	NC_051777.1	100.000	34	0	0	172475	172508	10247864	10247897	1.12e-06	62.6
Heteronetta_atricapilla::CM021736.1:36532619-36739055()	NC_051777.1	89.130	46	5	0	169727	169772	37849254	37849209	3.91e-06	61.7
Heteronetta_atricapilla::CM021736.1:36532619-36739055()	NC_051777.1	71.533	137	31	4	186873	187004	37893034	37892901	3.91e-06	61.7
Heteronetta_atricapilla::CM021736.1:36532619-36739055()	NC_051777.1	84.211	57	7	1	193222	193276	13185275	13185331	3.91e-06	60.8
Heteronetta_atricapilla::CM021736.1:36532619-36739055()	NC_051777.1	90.698	43	4	0	93398	93440	32892996	32892954	3.91e-06	60.8
Heteronetta_atricapilla::CM021736.1:36532619-36739055()	NC_051777.1	87.500	48	6	0	193635	193682	34644925	34644972	3.91e-06	60.8
Heteronetta_atricapilla::CM021736.1:36532619-36739055()	NC_051777.1	94.737	38	2	0	102249	102286	37290351	37290314	3.91e-06	60.8
Heteronetta_atricapilla::CM021736.1:36532619-36739055()	NC_051777.1	94.737	38	2	0	201937	201974	37879703	37879740	3.91e-06	60.8
Heteronetta_atricapilla::CM021736.1:36532619-36739055()	NC_051777.1	77.922	77	16	1	89850	89926	17609072	17609147	1.36e-05	59.9
Heteronetta_atricapilla::CM021736.1:36532619-36739055()	NC_051777.1	92.857	42	2	1	102255	102296	19205517	19205477	1.36e-05	59.9
Heteronetta_atricapilla::CM021736.1:36532619-36739055()	NC_051777.1	89.130	46	2	1	46136	46181	29737758	29737716	1.36e-05	59.9
Heteronetta_atricapilla::CM021736.1:36532619-36739055()	NC_051777.1	92.500	40	3	0	99024	99063	31116208	31116169	1.36e-05	59.9
Heteronetta_atricapilla::CM021736.1:36532619-36739055()	NC_051777.1	83.636	55	9	0	21136	21190	31263485	31263431	1.36e-05	59.9
Heteronetta_atricapilla::CM021736.1:36532619-36739055()	NC_051777.1	100.000	32	0	0	172473	172504	3226175	3226144	1.36e-05	59.0
Heteronetta_atricapilla::CM021736.1:36532619-36739055()	NC_051777.1	89.130	46	4	1	102231	102276	3226188	3226144	4.76e-05	58.1
Heteronetta_atricapilla::CM021736.1:36532619-36739055()	NC_051777.1	97.059	34	1	0	102247	102280	10247864	10247897	4.76e-05	58.1
Heteronetta_atricapilla::CM021736.1:36532619-36739055()	NC_051777.1	74.713	87	18	1	11457	11543	37006051	37005969	4.76e-05	58.1
Heteronetta_atricapilla::CM021736.1:36532619-36739055()	NC_051777.1	89.130	46	4	1	24049	24094	37718315	37718271	4.76e-05	58.1
Heteronetta_atricapilla::CM021736.1:36532619-36739055()	NC_051777.1	100.000	31	0	0	46131	46161	3226174	3226144	4.76e-05	57.2
Heteronetta_atricapilla::CM021736.1:36532619-36739055()	NC_051777.1	100.000	31	0	0	46140	46170	26554781	26554811	4.76e-05	57.2
Heteronetta_atricapilla::CM021736.1:36532619-36739055()	NC_051777.1	90.476	42	1	1	193640	193681	33181076	33181114	4.76e-05	57.2
Heteronetta_atricapilla::CM021736.1:36532619-36739055()	NC_051777.1	94.286	35	2	0	115936	115970	16151241	16151207	1.66e-04	55.4
Heteronetta_atricapilla::CM021736.1:36532619-36739055()	NC_051777.1	94.286	35	2	0	35349	35383	21199080	21199114	1.66e-04	55.4
Heteronetta_atricapilla::CM021736.1:36532619-36739055()	NC_051777.1	94.286	35	2	0	46534	46568	21199114	21199080	1.66e-04	55.4
Heteronetta_atricapilla::CM021736.1:36532619-36739055()	NC_051777.1	86.957	46	3	1	102251	102296	29737758	29737716	1.66e-04	55.4
Heteronetta_atricapilla::CM021736.1:36532619-36739055()	NC_051777.1	91.892	37	3	0	9991	10027	31116208	31116172	5.80e-04	54.5
Heteronetta_atricapilla::CM021736.1:36532619-36739055()	NC_051777.1	80.702	57	11	0	3136	3192	33903392	33903448	5.80e-04	54.5
Heteronetta_atricapilla::CM021736.1:36532619-36739055()	NC_051777.1	78.571	70	12	2	21114	21182	536138	536205	5.80e-04	53.6
Heteronetta_atricapilla::CM021736.1:36532619-36739055()	NC_051777.1	89.744	39	4	0	172629	172667	15263591	15263629	5.80e-04	53.6
Heteronetta_atricapilla::CM021736.1:36532619-36739055()	NC_051777.1	83.673	49	8	0	201657	201705	26297291	26297243	5.80e-04	53.6
Heteronetta_atricapilla::CM021736.1:36532619-36739055()	NC_051777.1	89.744	39	4	0	38079	38117	32585698	32585736	5.80e-04	53.6
Heteronetta_atricapilla::CM021736.1:36532619-36739055()	NC_051777.1	90.244	41	3	1	35752	35792	37290318	37290357	5.80e-04	53.6
Heteronetta_atricapilla::CM021736.1:36532619-36739055()	NC_051777.1	92.105	38	2	1	166692	166728	667423	667386	0.002	52.7
Heteronetta_atricapilla::CM021736.1:36532619-36739055()	NC_051777.1	96.774	31	1	0	102255	102285	26554781	26554811	0.002	52.7
Heteronetta_atricapilla::CM021736.1:36532619-36739055()	NC_051777.1	96.774	31	1	0	172483	172513	26554781	26554811	0.002	52.7
Heteronetta_atricapilla::CM021736.1:36532619-36739055()	NC_051777.1	93.939	33	2	0	102649	102681	21199113	21199081	0.002	51.8
Heteronetta_atricapilla::CM021736.1:36532619-36739055()	NC_051777.1	89.474	38	4	0	9990	10027	31151296	31151259	0.002	51.8
Heteronetta_atricapilla::CM021736.1:36532619-36739055()	NC_051777.1	89.474	38	4	0	98525	98562	34338442	34338479	0.002	51.8
Heteronetta_atricapilla::CM021736.1:36532619-36739055()	NC_051777.1	82.143	56	6	2	146924	146979	35314548	35314599	0.002	51.8
Heteronetta_atricapilla::CM021736.1:36532619-36739055()	NC_051777.1	100.000	28	0	0	171895	171922	37851440	37851413	0.002	51.8
Heteronetta_atricapilla::CM021736.1:36532619-36739055()	NC_051777.1	87.500	40	5	0	116083	116122	15263591	15263630	0.007	50.9
Heteronetta_atricapilla::CM021736.1:36532619-36739055()	NC_051777.1	96.667	30	1	0	172871	172900	21199110	21199081	0.007	50.9
Heteronetta_atricapilla::CM021736.1:36532619-36739055()	NC_051777.1	96.667	30	1	0	166692	166721	29344538	29344509	0.007	50.9
Heteronetta_atricapilla::CM021736.1:36532619-36739055()	NC_051777.1	84.314	51	5	2	176789	176839	34245385	34245338	0.007	50.9
Heteronetta_atricapilla::CM021736.1:36532619-36739055()	NC_051777.1	87.500	40	5	0	186746	186785	37865797	37865836	0.007	50.9
Heteronetta_atricapilla::CM021736.1:36532619-36739055()	NC_051777.1	85.714	42	6	0	148494	148535	586889	586930	0.007	50.0
Heteronetta_atricapilla::CM021736.1:36532619-36739055()	NC_051777.1	93.750	32	2	0	96281	96312	5834879	5834848	0.007	50.0
Heteronetta_atricapilla::CM021736.1:36532619-36739055()	NC_051777.1	81.818	55	6	2	78615	78666	7429189	7429242	0.007	50.0
Heteronetta_atricapilla::CM021736.1:36532619-36739055()	NC_051777.1	82.979	47	8	0	21156	21202	32462836	32462790	0.007	50.0
Heteronetta_atricapilla::CM021736.1:36532619-36739055()	NC_051777.1	100.000	27	0	0	172472	172498	37189666	37189640	0.007	50.0
Heteronetta_atricapilla::CM021736.1:36532619-36739055()	NC_051777.1	96.552	29	1	0	145201	145229	667390	667418	0.025	49.1
Heteronetta_atricapilla::CM021736.1:36532619-36739055()	NC_051777.1	96.552	29	1	0	172653	172681	14762143	14762171	0.025	49.1
Heteronetta_atricapilla::CM021736.1:36532619-36739055()	NC_051777.1	93.939	33	1	1	35754	35786	10247897	10247866	0.025	48.2
Heteronetta_atricapilla::CM021736.1:36532619-36739055()	NC_051777.1	88.889	36	4	0	164699	164734	16151242	16151207	0.025	48.2
Heteronetta_atricapilla::CM021736.1:36532619-36739055()	NC_051777.1	93.548	31	2	0	193116	193146	21023740	21023710	0.025	48.2
Heteronetta_atricapilla::CM021736.1:36532619-36739055()	NC_051777.1	85.366	41	6	0	100177	100217	29109382	29109342	0.025	48.2
Heteronetta_atricapilla::CM021736.1:36532619-36739055()	NC_051777.1	100.000	26	0	0	59208	59233	37745794	37745819	0.025	48.2
