Syrmaticus_mikado::QGNR01000063.1:3948986-4070153()	NC_051777.1	77.486	5481	909	98	1088	6371	37677442	37682794	0.0	4173
Syrmaticus_mikado::QGNR01000063.1:3948986-4070153()	NC_051777.1	76.969	4216	754	68	11697	15780	37687875	37692005	0.0	3147
Syrmaticus_mikado::QGNR01000063.1:3948986-4070153()	NC_051777.1	77.661	2292	385	35	7515	9729	37683160	37685401	0.0	1783
Syrmaticus_mikado::QGNR01000063.1:3948986-4070153()	NC_051777.1	85.088	1415	168	16	16859	18251	37693107	37694500	0.0	1590
Syrmaticus_mikado::QGNR01000063.1:3948986-4070153()	NC_051777.1	70.750	3200	630	68	78165	81236	37838183	37841204	0.0	1521
Syrmaticus_mikado::QGNR01000063.1:3948986-4070153()	NC_051777.1	73.566	2440	431	51	44025	46298	37730872	37733263	0.0	1467
Syrmaticus_mikado::QGNR01000063.1:3948986-4070153()	NC_051777.1	74.770	1851	357	27	65829	67606	37750244	37752057	0.0	1246
Syrmaticus_mikado::QGNR01000063.1:3948986-4070153()	NC_051777.1	72.927	1954	376	32	113998	115822	37879743	37881672	0.0	1196
Syrmaticus_mikado::QGNR01000063.1:3948986-4070153()	NC_051777.1	90.058	855	62	11	15830	16668	37692065	37692912	0.0	1131
Syrmaticus_mikado::QGNR01000063.1:3948986-4070153()	NC_051777.1	76.696	1356	249	20	112140	113450	37876278	37877611	0.0	992
Syrmaticus_mikado::QGNR01000063.1:3948986-4070153()	NC_051777.1	73.353	1670	319	34	10098	11683	37686179	37687806	0.0	966
Syrmaticus_mikado::QGNR01000063.1:3948986-4070153()	NC_051777.1	77.303	1194	188	16	94962	96127	37862997	37864135	0.0	935
Syrmaticus_mikado::QGNR01000063.1:3948986-4070153()	NC_051777.1	76.056	1349	244	26	119605	120931	37884709	37886000	0.0	931
Syrmaticus_mikado::QGNR01000063.1:3948986-4070153()	NC_051777.1	77.184	1179	190	23	46478	47599	37733455	37734611	0.0	890
Syrmaticus_mikado::QGNR01000063.1:3948986-4070153()	NC_051777.1	75.092	1365	220	34	74052	75345	37834405	37835720	0.0	884
Syrmaticus_mikado::QGNR01000063.1:3948986-4070153()	NC_051777.1	76.594	1145	194	23	93185	94298	37860252	37861353	0.0	820
Syrmaticus_mikado::QGNR01000063.1:3948986-4070153()	NC_051777.1	77.384	1017	137	23	21464	22394	37698481	37699490	0.0	778
Syrmaticus_mikado::QGNR01000063.1:3948986-4070153()	NC_051777.1	76.155	1061	186	16	67793	68799	37752347	37753394	0.0	762
Syrmaticus_mikado::QGNR01000063.1:3948986-4070153()	NC_051777.1	74.659	1172	227	25	49707	50821	37736038	37737196	0.0	726
Syrmaticus_mikado::QGNR01000063.1:3948986-4070153()	NC_051777.1	82.051	741	96	10	92495	93211	37857104	37857831	0.0	726
Syrmaticus_mikado::QGNR01000063.1:3948986-4070153()	NC_051777.1	68.154	2129	466	63	87237	89222	37852844	37854903	0.0	704
Syrmaticus_mikado::QGNR01000063.1:3948986-4070153()	NC_051777.1	70.230	1347	249	37	53210	54450	37744261	37745561	1.64e-166	592
Syrmaticus_mikado::QGNR01000063.1:3948986-4070153()	NC_051777.1	82.043	607	77	9	56757	57352	37747658	37748243	1.64e-166	592
Syrmaticus_mikado::QGNR01000063.1:3948986-4070153()	NC_051777.1	80.428	654	98	11	48678	49309	37735388	37736033	1.03e-162	581
Syrmaticus_mikado::QGNR01000063.1:3948986-4070153()	NC_051777.1	71.725	1061	225	17	90842	91844	37856024	37857067	1.44e-154	553
Syrmaticus_mikado::QGNR01000063.1:3948986-4070153()	NC_051777.1	74.822	842	133	19	107323	108116	37872036	37872846	1.75e-153	549
Syrmaticus_mikado::QGNR01000063.1:3948986-4070153()	NC_051777.1	78.487	674	123	8	81235	81903	37844041	37844697	2.13e-152	546
Syrmaticus_mikado::QGNR01000063.1:3948986-4070153()	NC_051777.1	81.462	561	69	10	19760	20294	37696383	37696934	1.64e-147	530
Syrmaticus_mikado::QGNR01000063.1:3948986-4070153()	NC_051777.1	83.080	526	72	8	97658	98169	37866738	37867260	5.72e-147	527
Syrmaticus_mikado::QGNR01000063.1:3948986-4070153()	NC_051777.1	68.064	1312	288	31	32293	33527	37707738	37708995	1.18e-136	493
Syrmaticus_mikado::QGNR01000063.1:3948986-4070153()	NC_051777.1	76.994	652	120	10	35770	36403	37711723	37712362	2.13e-133	482
Syrmaticus_mikado::QGNR01000063.1:3948986-4070153()	NC_051777.1	71.780	854	159	16	77039	77818	37836920	37837765	2.97e-125	456
Syrmaticus_mikado::QGNR01000063.1:3948986-4070153()	NC_051777.1	75.342	657	123	11	111124	111749	37875497	37876145	3.62e-124	453
Syrmaticus_mikado::QGNR01000063.1:3948986-4070153()	NC_051777.1	68.434	1226	261	31	83736	84897	37850843	37852006	6.54e-121	441
Syrmaticus_mikado::QGNR01000063.1:3948986-4070153()	NC_051777.1	78.063	506	80	6	98177	98681	37867445	37867920	9.09e-113	414
Syrmaticus_mikado::QGNR01000063.1:3948986-4070153()	NC_051777.1	94.717	265	13	1	20295	20559	37697010	37697273	3.17e-112	412
Syrmaticus_mikado::QGNR01000063.1:3948986-4070153()	NC_051777.1	70.767	886	206	17	70224	71069	37832524	37833396	5.73e-109	402
Syrmaticus_mikado::QGNR01000063.1:3948986-4070153()	NC_051777.1	80.668	419	44	7	26322	26711	37706350	37706760	2.97e-106	393
Syrmaticus_mikado::QGNR01000063.1:3948986-4070153()	NC_051777.1	73.455	712	144	18	61114	61799	37749286	37749978	2.97e-106	392
Syrmaticus_mikado::QGNR01000063.1:3948986-4070153()	NC_051777.1	87.077	325	33	3	117617	117932	37882814	37883138	2.97e-106	392
Syrmaticus_mikado::QGNR01000063.1:3948986-4070153()	NC_051777.1	73.018	656	134	9	117967	118593	37883311	37883952	1.54e-103	384
Syrmaticus_mikado::QGNR01000063.1:3948986-4070153()	NC_051777.1	77.311	476	67	11	100925	101362	37869977	37870449	1.76e-96	360
Syrmaticus_mikado::QGNR01000063.1:3948986-4070153()	NC_051777.1	70.494	688	119	17	51238	51853	37740596	37741271	3.62e-86	325
Syrmaticus_mikado::QGNR01000063.1:3948986-4070153()	NC_051777.1	75.480	469	106	7	118804	119265	37883952	37884418	1.18e-79	305
Syrmaticus_mikado::QGNR01000063.1:3948986-4070153()	NC_051777.1	74.291	494	101	9	58258	58730	37748347	37748835	4.13e-79	302
Syrmaticus_mikado::QGNR01000063.1:3948986-4070153()	NC_051777.1	78.663	389	67	9	89243	89618	37855057	37855442	4.13e-79	302
Syrmaticus_mikado::QGNR01000063.1:3948986-4070153()	NC_051777.1	66.629	875	185	18	8	810	37676410	37677249	3.18e-74	286
Syrmaticus_mikado::QGNR01000063.1:3948986-4070153()	NC_051777.1	86.555	238	29	3	21047	21281	37697980	37698217	5.74e-71	275
Syrmaticus_mikado::QGNR01000063.1:3948986-4070153()	NC_051777.1	69.971	686	156	18	55559	56198	37746396	37747077	2.00e-70	273
Syrmaticus_mikado::QGNR01000063.1:3948986-4070153()	NC_051777.1	72.765	481	86	14	41880	42333	37722871	37723333	5.38e-65	255
Syrmaticus_mikado::QGNR01000063.1:3948986-4070153()	NC_051777.1	73.671	414	87	7	26760	27163	37706752	37707153	9.73e-62	244
Syrmaticus_mikado::QGNR01000063.1:3948986-4070153()	NC_051777.1	69.735	565	126	10	86670	87202	37852182	37852733	9.73e-62	244
Syrmaticus_mikado::QGNR01000063.1:3948986-4070153()	NC_051777.1	74.010	404	88	7	42346	42736	37723891	37724290	4.14e-60	240
Syrmaticus_mikado::QGNR01000063.1:3948986-4070153()	NC_051777.1	69.601	602	128	17	24691	25253	37702822	37703407	1.76e-58	234
Syrmaticus_mikado::QGNR01000063.1:3948986-4070153()	NC_051777.1	73.684	437	90	13	36411	36843	37715246	37715661	1.76e-58	234
Syrmaticus_mikado::QGNR01000063.1:3948986-4070153()	NC_051777.1	72.249	418	78	8	42737	43123	37724620	37725030	2.14e-57	230
Syrmaticus_mikado::QGNR01000063.1:3948986-4070153()	NC_051777.1	67.756	704	163	21	38921	39576	37717779	37718466	3.87e-54	220
Syrmaticus_mikado::QGNR01000063.1:3948986-4070153()	NC_051777.1	70.179	503	109	11	52200	52670	37741275	37741768	3.87e-54	219
Syrmaticus_mikado::QGNR01000063.1:3948986-4070153()	NC_051777.1	70.953	451	89	11	56217	56634	37747214	37747655	5.75e-52	212
Syrmaticus_mikado::QGNR01000063.1:3948986-4070153()	NC_051777.1	75.000	340	58	11	59458	59783	37748889	37749215	8.53e-50	205
Syrmaticus_mikado::QGNR01000063.1:3948986-4070153()	NC_051777.1	86.145	166	18	2	110513	110675	37875337	37875500	5.38e-46	192
Syrmaticus_mikado::QGNR01000063.1:3948986-4070153()	NC_051777.1	74.725	273	64	2	52758	53028	37743713	37743982	1.19e-41	178
Syrmaticus_mikado::QGNR01000063.1:3948986-4070153()	NC_051777.1	73.311	296	72	4	34510	34802	37710382	37710673	2.14e-38	167
Syrmaticus_mikado::QGNR01000063.1:3948986-4070153()	NC_051777.1	70.000	310	59	9	43123	43419	37725350	37725638	1.54e-27	131
Syrmaticus_mikado::QGNR01000063.1:3948986-4070153()	NC_051777.1	64.324	555	119	12	83201	83719	37849289	37849800	6.57e-26	126
Syrmaticus_mikado::QGNR01000063.1:3948986-4070153()	NC_051777.1	71.483	263	48	8	110210	110455	37875040	37875292	6.57e-26	125
Syrmaticus_mikado::QGNR01000063.1:3948986-4070153()	NC_051777.1	76.506	166	36	1	73487	73649	37834199	37834364	8.00e-25	123
Syrmaticus_mikado::QGNR01000063.1:3948986-4070153()	NC_051777.1	69.677	310	66	9	25895	26197	37705991	37706279	2.79e-24	121
Syrmaticus_mikado::QGNR01000063.1:3948986-4070153()	NC_051777.1	65.533	441	109	10	35056	35464	37710959	37711388	3.40e-23	116
Syrmaticus_mikado::QGNR01000063.1:3948986-4070153()	NC_051777.1	77.848	158	30	5	22749	22904	37700107	37700261	5.05e-21	110
Syrmaticus_mikado::QGNR01000063.1:3948986-4070153()	NC_051777.1	75.301	166	28	5	54603	54756	37745624	37745788	2.15e-19	104
Syrmaticus_mikado::QGNR01000063.1:3948986-4070153()	NC_051777.1	73.016	189	36	5	62247	62434	37750062	37750236	7.49e-19	103
Syrmaticus_mikado::QGNR01000063.1:3948986-4070153()	NC_051777.1	72.917	192	39	5	25706	25889	37704825	37705011	7.49e-19	102
Syrmaticus_mikado::QGNR01000063.1:3948986-4070153()	NC_051777.1	77.143	140	29	3	76583	76721	37836537	37836674	9.13e-18	98.7
Syrmaticus_mikado::QGNR01000063.1:3948986-4070153()	NC_051777.1	71.892	185	40	3	54958	55132	37745802	37745984	3.19e-17	97.8
Syrmaticus_mikado::QGNR01000063.1:3948986-4070153()	NC_051777.1	71.579	190	39	4	69808	69990	37831923	37832104	1.11e-16	96.0
Syrmaticus_mikado::QGNR01000063.1:3948986-4070153()	NC_051777.1	78.704	108	22	1	108451	108557	37873265	37873372	1.65e-14	88.7
Syrmaticus_mikado::QGNR01000063.1:3948986-4070153()	NC_051777.1	90.323	62	6	0	35539	35600	37711417	37711478	5.76e-14	86.0
Syrmaticus_mikado::QGNR01000063.1:3948986-4070153()	NC_051777.1	88.235	68	7	1	9976	10042	37685400	37685467	2.01e-13	84.2
Syrmaticus_mikado::QGNR01000063.1:3948986-4070153()	NC_051777.1	67.956	181	29	3	6380	6531	37682867	37683047	8.55e-12	78.8
Syrmaticus_mikado::QGNR01000063.1:3948986-4070153()	NC_051777.1	81.176	85	13	2	96961	97045	37866641	37866722	1.04e-10	76.1
Syrmaticus_mikado::QGNR01000063.1:3948986-4070153()	NC_051777.1	77.551	98	20	1	119461	119556	37884510	37884607	1.04e-10	76.1
Syrmaticus_mikado::QGNR01000063.1:3948986-4070153()	NC_051777.1	67.279	272	57	10	31889	32141	37707475	37707733	3.63e-10	74.3
Syrmaticus_mikado::QGNR01000063.1:3948986-4070153()	NC_051777.1	73.600	125	17	4	43858	43968	37727577	37727699	3.63e-10	74.3
Syrmaticus_mikado::QGNR01000063.1:3948986-4070153()	NC_051777.1	74.453	137	25	6	82750	82877	37848805	37848940	1.27e-09	72.5
Syrmaticus_mikado::QGNR01000063.1:3948986-4070153()	NC_051777.1	82.090	67	12	0	109670	109736	37874972	37875038	1.55e-08	68.0
Syrmaticus_mikado::QGNR01000063.1:3948986-4070153()	NC_051777.1	97.436	39	1	0	16741	16779	37692985	37693023	5.39e-08	67.1
Syrmaticus_mikado::QGNR01000063.1:3948986-4070153()	NC_051777.1	72.593	135	24	5	38572	38698	37717504	37717633	5.39e-08	67.1
Syrmaticus_mikado::QGNR01000063.1:3948986-4070153()	NC_051777.1	75.248	101	21	2	34852	34951	37710755	37710852	1.88e-07	65.3
Syrmaticus_mikado::QGNR01000063.1:3948986-4070153()	NC_051777.1	68.812	202	51	6	37609	37807	37716231	37716423	1.88e-07	65.3
Syrmaticus_mikado::QGNR01000063.1:3948986-4070153()	NC_051777.1	68.041	194	45	5	37110	37287	37715998	37716190	1.88e-07	64.4
Syrmaticus_mikado::QGNR01000063.1:3948986-4070153()	NC_051777.1	86.000	50	7	0	18729	18778	37695072	37695121	8.00e-06	59.9
Syrmaticus_mikado::QGNR01000063.1:3948986-4070153()	NC_051777.1	73.148	108	20	3	109191	109297	37874790	37874889	8.00e-06	59.9
Syrmaticus_mikado::QGNR01000063.1:3948986-4070153()	NC_051777.1	76.147	109	16	7	40440	40547	37720233	37720332	2.79e-05	58.1
Syrmaticus_mikado::QGNR01000063.1:3948986-4070153()	NC_051777.1	80.000	65	10	1	90288	90349	37855621	37855685	2.79e-05	58.1
Syrmaticus_mikado::QGNR01000063.1:3948986-4070153()	NC_051777.1	69.403	134	25	4	952	1070	37677253	37677385	3.40e-04	54.5
Syrmaticus_mikado::QGNR01000063.1:3948986-4070153()	NC_051777.1	69.333	150	32	5	43461	43601	37727145	37727289	3.40e-04	54.5
Syrmaticus_mikado::QGNR01000063.1:3948986-4070153()	NC_051777.1	91.667	36	3	0	109500	109535	20488371	20488336	0.001	52.7
Syrmaticus_mikado::QGNR01000063.1:3948986-4070153()	NC_051777.1	100.000	28	0	0	19886	19913	23679567	23679540	0.001	51.8
Syrmaticus_mikado::QGNR01000063.1:3948986-4070153()	NC_051777.1	96.667	30	1	0	106185	106214	2849115	2849086	0.004	50.9
Syrmaticus_mikado::QGNR01000063.1:3948986-4070153()	NC_051777.1	87.500	40	5	0	98915	98954	29109382	29109343	0.004	50.9
Syrmaticus_mikado::QGNR01000063.1:3948986-4070153()	NC_051777.1	84.444	45	7	0	75386	75430	34010158	34010202	0.004	50.9
Syrmaticus_mikado::QGNR01000063.1:3948986-4070153()	NC_051777.1	82.979	47	8	0	82131	82177	26297247	26297293	0.004	50.0
Syrmaticus_mikado::QGNR01000063.1:3948986-4070153()	NC_051777.1	89.189	37	4	0	75383	75419	32585736	32585700	0.004	50.0
Syrmaticus_mikado::QGNR01000063.1:3948986-4070153()	NC_051777.1	84.091	44	7	0	20506	20549	33903392	33903435	0.014	49.1
Syrmaticus_mikado::QGNR01000063.1:3948986-4070153()	NC_051777.1	70.707	99	29	0	55259	55357	37746203	37746301	0.014	49.1
Syrmaticus_mikado::QGNR01000063.1:3948986-4070153()	NC_051777.1	81.132	53	9	1	105661	105713	9669724	9669775	0.014	48.2
Syrmaticus_mikado::QGNR01000063.1:3948986-4070153()	NC_051777.1	80.392	51	5	1	19888	19938	23852273	23852228	0.014	48.2
Syrmaticus_mikado::QGNR01000063.1:3948986-4070153()	NC_051777.1	88.889	36	4	0	75394	75429	24168662	24168697	0.014	48.2
Syrmaticus_mikado::QGNR01000063.1:3948986-4070153()	NC_051777.1	88.889	36	4	0	102527	102562	26599058	26599093	0.014	48.2
Syrmaticus_mikado::QGNR01000063.1:3948986-4070153()	NC_051777.1	78.571	70	8	4	67930	67999	26664683	26664621	0.014	48.2
Syrmaticus_mikado::QGNR01000063.1:3948986-4070153()	NC_051777.1	88.889	36	4	0	109498	109533	35907941	35907976	0.014	48.2
