Acanthisitta_chloris::CM029190.1:37802707-37914862()	NC_051777.1	85.144	1252	128	18	26260	27502	37693107	37694309	0.0	1391
Acanthisitta_chloris::CM029190.1:37802707-37914862()	NC_051777.1	73.832	2312	414	53	15373	17509	37680783	37683078	0.0	1376
Acanthisitta_chloris::CM029190.1:37802707-37914862()	NC_051777.1	80.641	1467	197	35	22427	23822	37688956	37690406	0.0	1293
Acanthisitta_chloris::CM029190.1:37802707-37914862()	NC_051777.1	73.195	2216	431	48	13215	15313	37678133	37680302	0.0	1250
Acanthisitta_chloris::CM029190.1:37802707-37914862()	NC_051777.1	77.307	1604	264	27	2479	4011	37659093	37660667	0.0	1221
Acanthisitta_chloris::CM029190.1:37802707-37914862()	NC_051777.1	72.358	2167	423	40	80284	82310	37856001	37858131	0.0	1187
Acanthisitta_chloris::CM029190.1:37802707-37914862()	NC_051777.1	80.309	1229	161	25	17846	19010	37684069	37685280	0.0	1086
Acanthisitta_chloris::CM029190.1:37802707-37914862()	NC_051777.1	88.413	863	52	16	25243	26070	37692063	37692912	0.0	1077
Acanthisitta_chloris::CM029190.1:37802707-37914862()	NC_051777.1	96.078	663	17	4	1	655	37656453	37657114	0.0	1069
Acanthisitta_chloris::CM029190.1:37802707-37914862()	NC_051777.1	73.392	1601	279	31	69708	71190	37839758	37841329	0.0	960
Acanthisitta_chloris::CM029190.1:37802707-37914862()	NC_051777.1	72.655	1503	338	16	97542	98997	37879847	37881323	0.0	919
Acanthisitta_chloris::CM029190.1:37802707-37914862()	NC_051777.1	75.829	1237	236	13	7724	8916	37667476	37668693	0.0	882
Acanthisitta_chloris::CM029190.1:37802707-37914862()	NC_051777.1	75.415	1204	233	19	85259	86446	37862959	37864115	0.0	809
Acanthisitta_chloris::CM029190.1:37802707-37914862()	NC_051777.1	80.505	872	95	21	28891	29691	37696403	37697270	0.0	780
Acanthisitta_chloris::CM029190.1:37802707-37914862()	NC_051777.1	75.568	1056	203	15	72146	73190	37844104	37845115	0.0	724
Acanthisitta_chloris::CM029190.1:37802707-37914862()	NC_051777.1	83.704	675	66	12	30613	31244	37698455	37699128	0.0	708
Acanthisitta_chloris::CM029190.1:37802707-37914862()	NC_051777.1	74.160	1161	205	29	43289	44386	37731318	37732446	0.0	697
Acanthisitta_chloris::CM029190.1:37802707-37914862()	NC_051777.1	70.132	1587	360	40	6119	7635	37665775	37667317	0.0	659
Acanthisitta_chloris::CM029190.1:37802707-37914862()	NC_051777.1	78.947	798	127	15	83739	84518	37860486	37861260	0.0	652
Acanthisitta_chloris::CM029190.1:37802707-37914862()	NC_051777.1	72.535	1227	225	32	48165	49311	37734845	37736039	0.0	651
Acanthisitta_chloris::CM029190.1:37802707-37914862()	NC_051777.1	70.213	1504	295	42	36300	37694	37705648	37707107	0.0	642
Acanthisitta_chloris::CM029190.1:37802707-37914862()	NC_051777.1	77.671	833	147	14	57935	58749	37750285	37751096	1.42e-179	636
Acanthisitta_chloris::CM029190.1:37802707-37914862()	NC_051777.1	78.829	803	138	17	21378	22157	37687874	37688667	4.95e-179	635
Acanthisitta_chloris::CM029190.1:37802707-37914862()	NC_051777.1	83.278	604	69	11	56745	57339	37747658	37748238	4.64e-173	614
Acanthisitta_chloris::CM029190.1:37802707-37914862()	NC_051777.1	77.763	778	114	14	86839	87568	37866494	37867260	4.64e-173	614
Acanthisitta_chloris::CM029190.1:37802707-37914862()	NC_051777.1	79.325	711	104	15	4338	5024	37663279	37663970	5.29e-166	591
Acanthisitta_chloris::CM029190.1:37802707-37914862()	NC_051777.1	70.241	1203	289	18	66111	67264	37836705	37837887	1.73e-159	569
Acanthisitta_chloris::CM029190.1:37802707-37914862()	NC_051777.1	71.686	1056	192	23	95455	96491	37876644	37877611	1.62e-153	550
Acanthisitta_chloris::CM029190.1:37802707-37914862()	NC_051777.1	73.558	919	184	16	90567	91449	37872042	37872937	6.89e-152	544
Acanthisitta_chloris::CM029190.1:37802707-37914862()	NC_051777.1	73.139	927	201	15	46301	47205	37733942	37734842	1.85e-146	526
Acanthisitta_chloris::CM029190.1:37802707-37914862()	NC_051777.1	73.458	908	178	22	50885	51750	37740869	37741755	1.42e-141	509
Acanthisitta_chloris::CM029190.1:37802707-37914862()	NC_051777.1	70.947	1098	238	28	101433	102505	37884797	37885838	1.33e-135	489
Acanthisitta_chloris::CM029190.1:37802707-37914862()	NC_051777.1	74.495	792	160	17	49726	50482	37736062	37736846	2.41e-132	480
Acanthisitta_chloris::CM029190.1:37802707-37914862()	NC_051777.1	69.778	1125	232	27	52585	53630	37743730	37744825	3.57e-130	472
Acanthisitta_chloris::CM029190.1:37802707-37914862()	NC_051777.1	73.196	776	137	13	64925	65646	37834963	37835721	4.35e-129	468
Acanthisitta_chloris::CM029190.1:37802707-37914862()	NC_051777.1	68.729	1164	264	19	61238	62333	37832741	37833872	1.85e-127	463
Acanthisitta_chloris::CM029190.1:37802707-37914862()	NC_051777.1	71.578	862	175	16	67459	68262	37838141	37838990	6.05e-121	442
Acanthisitta_chloris::CM029190.1:37802707-37914862()	NC_051777.1	69.340	1060	254	25	88222	89249	37868928	37869948	4.65e-116	425
Acanthisitta_chloris::CM029190.1:37802707-37914862()	NC_051777.1	77.713	516	91	7	42238	42751	37723935	37724428	1.52e-109	403
Acanthisitta_chloris::CM029190.1:37802707-37914862()	NC_051777.1	74.956	563	105	10	63926	64463	37834200	37834751	1.09e-98	368
Acanthisitta_chloris::CM029190.1:37802707-37914862()	NC_051777.1	81.343	402	59	9	94325	94718	37875575	37875968	4.66e-97	361
Acanthisitta_chloris::CM029190.1:37802707-37914862()	NC_051777.1	75.179	560	99	14	54183	54715	37744832	37745378	1.98e-95	357
Acanthisitta_chloris::CM029190.1:37802707-37914862()	NC_051777.1	73.378	601	143	6	68857	69455	37838986	37839571	8.42e-94	352
Acanthisitta_chloris::CM029190.1:37802707-37914862()	NC_051777.1	70.634	773	159	19	75446	76186	37849544	37850280	1.03e-92	347
Acanthisitta_chloris::CM029190.1:37802707-37914862()	NC_051777.1	84.395	314	46	2	45888	46200	37733446	37733757	1.52e-90	340
Acanthisitta_chloris::CM029190.1:37802707-37914862()	NC_051777.1	73.432	606	126	14	45145	45731	37732668	37733257	1.85e-89	336
Acanthisitta_chloris::CM029190.1:37802707-37914862()	NC_051777.1	84.142	309	48	1	9352	9660	37669214	37669521	2.26e-88	334
Acanthisitta_chloris::CM029190.1:37802707-37914862()	NC_051777.1	80.886	361	62	4	99527	99880	37882765	37883125	2.75e-87	329
Acanthisitta_chloris::CM029190.1:37802707-37914862()	NC_051777.1	71.565	626	136	12	5387	5991	37664684	37665288	1.43e-84	320
Acanthisitta_chloris::CM029190.1:37802707-37914862()	NC_051777.1	66.947	1307	307	45	73313	74545	37845387	37846642	1.43e-84	320
Acanthisitta_chloris::CM029190.1:37802707-37914862()	NC_051777.1	77.069	423	66	8	89250	89652	37870005	37870416	4.97e-84	318
Acanthisitta_chloris::CM029190.1:37802707-37914862()	NC_051777.1	73.284	539	110	13	10856	11371	37674094	37674621	2.12e-82	314
Acanthisitta_chloris::CM029190.1:37802707-37914862()	NC_051777.1	77.723	404	79	5	87577	87972	37867446	37867846	7.38e-82	311
Acanthisitta_chloris::CM029190.1:37802707-37914862()	NC_051777.1	74.848	493	118	6	1660	2149	37658236	37658725	2.58e-81	309
Acanthisitta_chloris::CM029190.1:37802707-37914862()	NC_051777.1	76.201	437	88	6	20053	20477	37686204	37686636	8.99e-81	307
Acanthisitta_chloris::CM029190.1:37802707-37914862()	NC_051777.1	75.584	471	80	13	100305	100755	37883961	37884416	1.10e-79	305
Acanthisitta_chloris::CM029190.1:37802707-37914862()	NC_051777.1	89.520	229	19	2	30308	30536	37697978	37698201	1.33e-78	301
Acanthisitta_chloris::CM029190.1:37802707-37914862()	NC_051777.1	70.555	703	143	22	24126	24795	37690835	37691506	1.98e-76	294
Acanthisitta_chloris::CM029190.1:37802707-37914862()	NC_051777.1	69.355	744	149	21	78752	79425	37854707	37855441	6.92e-76	291
Acanthisitta_chloris::CM029190.1:37802707-37914862()	NC_051777.1	76.442	416	80	10	71374	71782	37841413	37841817	1.25e-72	280
Acanthisitta_chloris::CM029190.1:37802707-37914862()	NC_051777.1	72.842	475	88	10	55737	56181	37746579	37747042	7.89e-69	268
Acanthisitta_chloris::CM029190.1:37802707-37914862()	NC_051777.1	66.395	982	227	28	707	1614	37657174	37658126	2.12e-63	251
Acanthisitta_chloris::CM029190.1:37802707-37914862()	NC_051777.1	71.100	609	132	21	82428	83013	37858315	37858902	2.12e-63	251
Acanthisitta_chloris::CM029190.1:37802707-37914862()	NC_051777.1	74.805	385	56	11	77841	78200	37853437	37853805	9.00e-62	245
Acanthisitta_chloris::CM029190.1:37802707-37914862()	NC_051777.1	67.439	820	183	24	12134	12893	37676837	37677632	3.14e-61	243
Acanthisitta_chloris::CM029190.1:37802707-37914862()	NC_051777.1	69.486	662	138	22	34035	34659	37702821	37703455	3.14e-61	242
Acanthisitta_chloris::CM029190.1:37802707-37914862()	NC_051777.1	66.427	834	176	21	58849	59624	37755568	37756355	1.10e-60	242
Acanthisitta_chloris::CM029190.1:37802707-37914862()	NC_051777.1	73.370	368	66	7	96913	97266	37877636	37877985	3.59e-54	220
Acanthisitta_chloris::CM029190.1:37802707-37914862()	NC_051777.1	77.152	302	60	6	20784	21078	37687100	37687399	4.37e-53	215
Acanthisitta_chloris::CM029190.1:37802707-37914862()	NC_051777.1	71.588	447	80	16	19560	19968	37685675	37686112	7.90e-50	205
Acanthisitta_chloris::CM029190.1:37802707-37914862()	NC_051777.1	73.058	412	80	16	92798	93184	37874380	37874785	3.36e-48	199
Acanthisitta_chloris::CM029190.1:37802707-37914862()	NC_051777.1	69.485	485	106	12	40084	40541	37711712	37712181	4.98e-46	192
Acanthisitta_chloris::CM029190.1:37802707-37914862()	NC_051777.1	71.033	397	71	11	51932	52305	37741936	37742311	6.07e-45	188
Acanthisitta_chloris::CM029190.1:37802707-37914862()	NC_051777.1	71.944	360	70	8	10503	10851	37673348	37673687	2.12e-44	187
Acanthisitta_chloris::CM029190.1:37802707-37914862()	NC_051777.1	82.234	197	29	5	31318	31509	37699296	37699491	9.01e-43	181
Acanthisitta_chloris::CM029190.1:37802707-37914862()	NC_051777.1	68.283	495	123	11	41690	42178	37722867	37723333	1.98e-38	167
Acanthisitta_chloris::CM029190.1:37802707-37914862()	NC_051777.1	74.205	283	57	8	83213	83484	37859331	37859608	2.95e-36	160
Acanthisitta_chloris::CM029190.1:37802707-37914862()	NC_051777.1	68.227	406	94	9	39354	39744	37711003	37711388	2.95e-36	159
Acanthisitta_chloris::CM029190.1:37802707-37914862()	NC_051777.1	81.761	159	23	2	93672	93824	37875336	37875494	4.37e-34	153
Acanthisitta_chloris::CM029190.1:37802707-37914862()	NC_051777.1	77.512	209	32	6	71842	72040	37843377	37843580	4.37e-34	152
Acanthisitta_chloris::CM029190.1:37802707-37914862()	NC_051777.1	77.966	177	23	4	38833	39009	37707737	37707897	2.76e-30	141
Acanthisitta_chloris::CM029190.1:37802707-37914862()	NC_051777.1	65.688	545	137	13	94805	95338	37876098	37876603	1.74e-26	127
Acanthisitta_chloris::CM029190.1:37802707-37914862()	NC_051777.1	66.958	457	87	17	56222	56622	37747207	37747655	6.08e-26	125
Acanthisitta_chloris::CM029190.1:37802707-37914862()	NC_051777.1	73.367	199	39	5	76246	76431	37853196	37853393	1.34e-21	111
Acanthisitta_chloris::CM029190.1:37802707-37914862()	NC_051777.1	73.714	175	41	1	99877	100051	37883648	37883817	4.67e-21	109
Acanthisitta_chloris::CM029190.1:37802707-37914862()	NC_051777.1	75.949	158	34	3	11521	11674	37676445	37676602	1.99e-19	104
Acanthisitta_chloris::CM029190.1:37802707-37914862()	NC_051777.1	74.834	151	27	2	65839	65978	37836523	37836673	6.93e-19	103
Acanthisitta_chloris::CM029190.1:37802707-37914862()	NC_051777.1	69.057	265	62	7	59799	60059	37756680	37756928	1.03e-16	96.0
Acanthisitta_chloris::CM029190.1:37802707-37914862()	NC_051777.1	89.831	59	6	0	38379	38437	37707484	37707542	2.27e-12	80.6
Acanthisitta_chloris::CM029190.1:37802707-37914862()	NC_051777.1	78.261	92	20	0	101220	101311	37884491	37884582	2.76e-11	77.0
Acanthisitta_chloris::CM029190.1:37802707-37914862()	NC_051777.1	75.000	120	20	4	44419	44533	37732515	37732629	3.36e-10	73.4
Acanthisitta_chloris::CM029190.1:37802707-37914862()	NC_051777.1	100.000	39	0	0	26141	26179	37692985	37693023	1.17e-09	71.6
Acanthisitta_chloris::CM029190.1:37802707-37914862()	NC_051777.1	73.684	114	30	0	97407	97520	37878083	37878196	1.17e-09	71.6
Acanthisitta_chloris::CM029190.1:37802707-37914862()	NC_051777.1	71.242	153	33	4	55034	55175	37745618	37745770	4.10e-09	70.7
Acanthisitta_chloris::CM029190.1:37802707-37914862()	NC_051777.1	69.143	175	25	7	39809	39975	37711410	37711563	1.43e-08	68.0
Acanthisitta_chloris::CM029190.1:37802707-37914862()	NC_051777.1	73.214	112	30	0	42889	43000	37730736	37730847	1.43e-08	68.0
Acanthisitta_chloris::CM029190.1:37802707-37914862()	NC_051777.1	79.518	83	14	2	57840	57920	37749129	37749210	1.43e-08	68.0
Acanthisitta_chloris::CM029190.1:37802707-37914862()	NC_051777.1	73.786	103	26	1	74589	74690	37847568	37847670	2.12e-06	61.7
Acanthisitta_chloris::CM029190.1:37802707-37914862()	NC_051777.1	69.277	166	32	6	38521	38679	37707573	37707726	2.12e-06	60.8
Acanthisitta_chloris::CM029190.1:37802707-37914862()	NC_051777.1	75.281	89	20	1	19460	19546	37685543	37685631	7.41e-06	59.9
Acanthisitta_chloris::CM029190.1:37802707-37914862()	NC_051777.1	80.645	62	12	0	50584	50645	37738698	37738759	7.41e-06	59.0
Acanthisitta_chloris::CM029190.1:37802707-37914862()	NC_051777.1	75.610	82	20	0	91852	91933	37873400	37873481	7.41e-06	59.0
Acanthisitta_chloris::CM029190.1:37802707-37914862()	NC_051777.1	77.108	83	12	3	64830	64912	37834795	37834870	2.59e-05	58.1
Acanthisitta_chloris::CM029190.1:37802707-37914862()	NC_051777.1	76.316	76	14	1	40730	40805	37712983	37713054	9.03e-05	56.3
Acanthisitta_chloris::CM029190.1:37802707-37914862()	NC_051777.1	91.667	36	3	0	102122	102157	24775156	24775121	0.001	52.7
Acanthisitta_chloris::CM029190.1:37802707-37914862()	NC_051777.1	91.667	36	3	0	73199	73234	37845241	37845276	0.001	52.7
Acanthisitta_chloris::CM029190.1:37802707-37914862()	NC_051777.1	82.979	47	8	0	92043	92089	32267144	32267190	0.004	50.0
Acanthisitta_chloris::CM029190.1:37802707-37914862()	NC_051777.1	77.419	62	14	0	78630	78691	37854578	37854639	0.004	50.0
Acanthisitta_chloris::CM029190.1:37802707-37914862()	NC_051777.1	74.324	74	15	1	12008	12081	37676729	37676798	0.013	48.2
Acanthisitta_chloris::CM029190.1:37802707-37914862()	NC_051777.1	77.778	63	13	1	17668	17729	37683844	37683906	0.013	48.2
Acanthisitta_chloris::CM029190.1:37802707-37914862()	NC_051777.1	88.571	35	4	0	104601	104635	1977636	1977602	0.047	46.4
Acanthisitta_chloris::CM029190.1:37802707-37914862()	NC_051777.1	88.571	35	4	0	104601	104635	2018355	2018321	0.047	46.4
