Cygnus_atratus::NW_023336607.1:50797-253681()	NC_051777.1	91.043	6799	436	40	103195	109909	37784710	37778001	0.0	9581
Cygnus_atratus::NW_023336607.1:50797-253681()	NC_051777.1	91.736	6147	333	36	125968	132034	37762997	37756946	0.0	8851
Cygnus_atratus::NW_023336607.1:50797-253681()	NC_051777.1	92.526	5098	291	20	28788	33860	37855468	37850436	0.0	7494
Cygnus_atratus::NW_023336607.1:50797-253681()	NC_051777.1	90.178	5396	350	32	142684	148005	37745792	37740503	0.0	7398
Cygnus_atratus::NW_023336607.1:50797-253681()	NC_051777.1	91.768	4932	300	18	179498	184336	37715876	37710958	0.0	7156
Cygnus_atratus::NW_023336607.1:50797-253681()	NC_051777.1	92.813	4564	223	23	135991	140516	37752151	37747655	0.0	6782
Cygnus_atratus::NW_023336607.1:50797-253681()	NC_051777.1	93.141	3995	239	12	41695	45675	37842007	37838034	0.0	5981
Cygnus_atratus::NW_023336607.1:50797-253681()	NC_051777.1	93.734	3862	171	14	160508	164331	37733267	37729439	0.0	5887
Cygnus_atratus::NW_023336607.1:50797-253681()	NC_051777.1	89.804	4276	292	28	98385	102567	37790212	37785988	0.0	5854
Cygnus_atratus::NW_023336607.1:50797-253681()	NC_051777.1	90.567	4060	268	22	5118	9161	37878872	37874912	0.0	5656
Cygnus_atratus::NW_023336607.1:50797-253681()	NC_051777.1	92.463	3808	172	21	194199	197985	37701132	37697419	0.0	5625
Cygnus_atratus::NW_023336607.1:50797-253681()	NC_051777.1	93.301	3538	190	14	90875	94392	37796937	37793427	0.0	5321
Cygnus_atratus::NW_023336607.1:50797-253681()	NC_051777.1	92.430	3342	195	14	82684	86014	37805257	37801963	0.0	4926
Cygnus_atratus::NW_023336607.1:50797-253681()	NC_051777.1	93.690	3138	168	11	25163	28286	37859105	37855984	0.0	4745
Cygnus_atratus::NW_023336607.1:50797-253681()	NC_051777.1	91.040	3337	171	19	54530	57856	37829203	37825985	0.0	4700
Cygnus_atratus::NW_023336607.1:50797-253681()	NC_051777.1	93.475	3096	136	20	115338	118393	37773883	37770814	0.0	4643
Cygnus_atratus::NW_023336607.1:50797-253681()	NC_051777.1	93.741	2876	130	12	38544	41407	37845132	37842295	0.0	4367
Cygnus_atratus::NW_023336607.1:50797-253681()	NC_051777.1	93.896	2703	144	11	151710	154399	37737536	37734842	0.0	4101
Cygnus_atratus::NW_023336607.1:50797-253681()	NC_051777.1	91.130	2796	131	19	198122	200899	37697282	37694586	0.0	3945
Cygnus_atratus::NW_023336607.1:50797-253681()	NC_051777.1	90.488	2828	171	21	64763	67517	37820637	37817835	0.0	3918
Cygnus_atratus::NW_023336607.1:50797-253681()	NC_051777.1	87.192	2717	213	21	86413	89098	37801353	37798741	0.0	3428
Cygnus_atratus::NW_023336607.1:50797-253681()	NC_051777.1	85.590	2866	236	38	33997	36819	37850299	37847568	0.0	3328
Cygnus_atratus::NW_023336607.1:50797-253681()	NC_051777.1	92.714	2141	118	11	118469	120593	37770726	37768608	0.0	3188
Cygnus_atratus::NW_023336607.1:50797-253681()	NC_051777.1	84.598	2727	192	20	49696	52318	37833999	37831397	0.0	3141
Cygnus_atratus::NW_023336607.1:50797-253681()	NC_051777.1	94.187	2047	102	7	170476	172513	37723337	37721299	0.0	3140
Cygnus_atratus::NW_023336607.1:50797-253681()	NC_051777.1	94.324	1991	97	5	164669	166653	37729101	37727121	0.0	3074
Cygnus_atratus::NW_023336607.1:50797-253681()	NC_051777.1	89.840	2126	146	13	120577	122653	37768547	37766443	0.0	2908
Cygnus_atratus::NW_023336607.1:50797-253681()	NC_051777.1	92.161	1990	86	15	123323	125277	37765639	37763685	0.0	2882
Cygnus_atratus::NW_023336607.1:50797-253681()	NC_051777.1	88.695	1946	168	10	2281	4186	37881672	37879739	0.0	2578
Cygnus_atratus::NW_023336607.1:50797-253681()	NC_051777.1	91.545	1786	117	8	177534	179295	37719626	37717851	0.0	2571
Cygnus_atratus::NW_023336607.1:50797-253681()	NC_051777.1	93.498	1661	80	10	96509	98159	37792071	37790429	0.0	2489
Cygnus_atratus::NW_023336607.1:50797-253681()	NC_051777.1	94.369	1616	66	10	36824	38436	37846833	37845240	0.0	2482
Cygnus_atratus::NW_023336607.1:50797-253681()	NC_051777.1	92.946	1616	68	7	110448	112032	37777477	37775877	0.0	2411
Cygnus_atratus::NW_023336607.1:50797-253681()	NC_051777.1	92.884	1588	82	9	60074	61642	37823780	37822205	0.0	2342
Cygnus_atratus::NW_023336607.1:50797-253681()	NC_051777.1	90.740	1609	135	6	185876	187477	37709076	37707475	0.0	2271
Cygnus_atratus::NW_023336607.1:50797-253681()	NC_051777.1	94.840	1434	47	7	200939	202363	37694522	37693107	0.0	2266
Cygnus_atratus::NW_023336607.1:50797-253681()	NC_051777.1	95.494	1398	44	4	70674	72062	37815803	37814416	0.0	2237
Cygnus_atratus::NW_023336607.1:50797-253681()	NC_051777.1	91.634	1554	75	10	187777	189314	37707162	37705648	0.0	2222
Cygnus_atratus::NW_023336607.1:50797-253681()	NC_051777.1	90.167	1617	101	15	22950	24540	37861353	37859769	0.0	2195
Cygnus_atratus::NW_023336607.1:50797-253681()	NC_051777.1	90.886	1569	90	12	134397	135929	37753794	37752243	0.0	2190
Cygnus_atratus::NW_023336607.1:50797-253681()	NC_051777.1	90.649	1572	88	13	48026	49555	37835694	37834140	0.0	2168
Cygnus_atratus::NW_023336607.1:50797-253681()	NC_051777.1	92.572	1427	71	7	158900	160319	37734843	37733445	0.0	2112
Cygnus_atratus::NW_023336607.1:50797-253681()	NC_051777.1	93.567	1368	69	6	89274	90624	37798552	37797187	0.0	2085
Cygnus_atratus::NW_023336607.1:50797-253681()	NC_051777.1	90.377	1434	95	7	45773	47164	37837955	37836523	0.0	2003
Cygnus_atratus::NW_023336607.1:50797-253681()	NC_051777.1	88.259	1516	151	8	149295	150801	37739922	37738425	0.0	1975
Cygnus_atratus::NW_023336607.1:50797-253681()	NC_051777.1	92.440	1336	67	10	174451	175762	37721294	37719969	0.0	1940
Cygnus_atratus::NW_023336607.1:50797-253681()	NC_051777.1	93.910	1248	57	4	168685	169932	37725109	37723881	0.0	1908
Cygnus_atratus::NW_023336607.1:50797-253681()	NC_051777.1	94.544	1228	54	4	21139	22355	37864135	37862910	0.0	1907
Cygnus_atratus::NW_023336607.1:50797-253681()	NC_051777.1	95.226	1152	39	4	16738	17873	37867266	37866115	0.0	1827
Cygnus_atratus::NW_023336607.1:50797-253681()	NC_051777.1	96.432	1065	37	1	74118	75182	37813137	37812074	0.0	1746
Cygnus_atratus::NW_023336607.1:50797-253681()	NC_051777.1	94.400	1125	57	2	75066	76184	37812075	37810951	0.0	1742
Cygnus_atratus::NW_023336607.1:50797-253681()	NC_051777.1	85.669	1249	120	7	184442	185654	37710852	37709627	0.0	1527
Cygnus_atratus::NW_023336607.1:50797-253681()	NC_051777.1	90.173	1099	71	5	189386	190455	37705549	37704459	0.0	1519
Cygnus_atratus::NW_023336607.1:50797-253681()	NC_051777.1	90.866	1062	66	6	80957	82000	37806697	37805649	0.0	1498
Cygnus_atratus::NW_023336607.1:50797-253681()	NC_051777.1	93.006	958	55	4	132849	133805	37756398	37755452	0.0	1419
Cygnus_atratus::NW_023336607.1:50797-253681()	NC_051777.1	93.107	914	35	6	68099	69009	37817350	37816462	0.0	1363
Cygnus_atratus::NW_023336607.1:50797-253681()	NC_051777.1	90.823	948	71	4	11194	12140	37872957	37872025	0.0	1315
Cygnus_atratus::NW_023336607.1:50797-253681()	NC_051777.1	80.665	1324	117	13	53035	54347	37830562	37829367	0.0	1301
Cygnus_atratus::NW_023336607.1:50797-253681()	NC_051777.1	90.611	916	30	6	78176	79088	37808982	37808120	0.0	1288
Cygnus_atratus::NW_023336607.1:50797-253681()	NC_051777.1	88.627	932	67	11	76825	77740	37810321	37809413	0.0	1211
Cygnus_atratus::NW_023336607.1:50797-253681()	NC_051777.1	84.608	1033	123	7	191814	192837	37703455	37702450	0.0	1192
Cygnus_atratus::NW_023336607.1:50797-253681()	NC_051777.1	90.106	849	79	2	14226	15074	37869768	37868925	0.0	1185
Cygnus_atratus::NW_023336607.1:50797-253681()	NC_051777.1	87.946	896	62	9	192871	193724	37702506	37701615	0.0	1131
Cygnus_atratus::NW_023336607.1:50797-253681()	NC_051777.1	90.000	820	68	5	63874	64680	37821538	37820720	0.0	1124
Cygnus_atratus::NW_023336607.1:50797-253681()	NC_051777.1	93.974	697	27	3	141154	141850	37747077	37746396	0.0	1068
Cygnus_atratus::NW_023336607.1:50797-253681()	NC_051777.1	94.394	660	35	2	95378	96035	37793222	37792563	0.0	1017
Cygnus_atratus::NW_023336607.1:50797-253681()	NC_051777.1	93.427	639	26	4	59261	59889	37824598	37823966	0.0	960
Cygnus_atratus::NW_023336607.1:50797-253681()	NC_051777.1	87.849	716	67	5	72844	73547	37814417	37813710	0.0	926
Cygnus_atratus::NW_023336607.1:50797-253681()	NC_051777.1	89.985	679	54	2	52317	52981	37831318	37830640	0.0	922
Cygnus_atratus::NW_023336607.1:50797-253681()	NC_051777.1	93.377	604	26	4	122748	123339	37766350	37765749	0.0	904
Cygnus_atratus::NW_023336607.1:50797-253681()	NC_051777.1	95.421	546	23	2	1	544	37883308	37882763	0.0	866
Cygnus_atratus::NW_023336607.1:50797-253681()	NC_051777.1	94.085	541	31	1	13690	14230	37870453	37869914	0.0	829
Cygnus_atratus::NW_023336607.1:50797-253681()	NC_051777.1	93.911	542	26	4	132244	132779	37756940	37756400	0.0	818
Cygnus_atratus::NW_023336607.1:50797-253681()	NC_051777.1	96.296	486	17	1	16075	16559	37867930	37867445	0.0	792
Cygnus_atratus::NW_023336607.1:50797-253681()	NC_051777.1	94.759	477	13	2	113208	113672	37775783	37775307	0.0	750
Cygnus_atratus::NW_023336607.1:50797-253681()	NC_051777.1	91.509	530	36	4	9246	9769	37874899	37874373	0.0	744
Cygnus_atratus::NW_023336607.1:50797-253681()	NC_051777.1	92.925	424	22	3	114652	115074	37774569	37774153	1.62e-175	624
Cygnus_atratus::NW_023336607.1:50797-253681()	NC_051777.1	93.462	413	19	2	113708	114115	37774971	37774562	5.65e-175	622
Cygnus_atratus::NW_023336607.1:50797-253681()	NC_051777.1	99.697	330	1	0	202555	202884	37692913	37692584	9.58e-166	591
Cygnus_atratus::NW_023336607.1:50797-253681()	NC_051777.1	89.593	442	25	5	24695	25133	37859754	37859331	1.17e-164	587
Cygnus_atratus::NW_023336607.1:50797-253681()	NC_051777.1	86.221	479	46	4	191117	191585	37704117	37703649	1.42e-163	584
Cygnus_atratus::NW_023336607.1:50797-253681()	NC_051777.1	88.147	464	36	6	140634	141090	37747655	37747204	1.73e-162	580
Cygnus_atratus::NW_023336607.1:50797-253681()	NC_051777.1	96.573	321	11	0	168137	168457	37725646	37725326	2.75e-147	530
Cygnus_atratus::NW_023336607.1:50797-253681()	NC_051777.1	91.803	366	15	2	67566	67923	37817708	37817350	2.75e-147	530
Cygnus_atratus::NW_023336607.1:50797-253681()	NC_051777.1	96.104	308	11	1	62927	63234	37821853	37821547	4.65e-138	499
Cygnus_atratus::NW_023336607.1:50797-253681()	NC_051777.1	95.793	309	8	2	80101	80404	37807005	37806697	5.66e-137	495
Cygnus_atratus::NW_023336607.1:50797-253681()	NC_051777.1	93.115	305	16	1	69685	69984	37816462	37816158	4.97e-125	456
Cygnus_atratus::NW_023336607.1:50797-253681()	NC_051777.1	88.644	317	14	2	193806	194121	37701559	37701264	1.03e-114	421
Cygnus_atratus::NW_023336607.1:50797-253681()	NC_051777.1	96.443	253	9	0	70085	70337	37816052	37815800	4.36e-113	416
Cygnus_atratus::NW_023336607.1:50797-253681()	NC_051777.1	91.941	273	10	2	142227	142487	37746067	37745795	4.08e-107	396
Cygnus_atratus::NW_023336607.1:50797-253681()	NC_051777.1	88.141	312	20	5	102767	103069	37785139	37784836	6.06e-105	389
Cygnus_atratus::NW_023336607.1:50797-253681()	NC_051777.1	82.883	333	57	0	58865	59197	37824986	37824654	2.58e-103	383
Cygnus_atratus::NW_023336607.1:50797-253681()	NC_051777.1	97.260	219	4	1	86129	86347	37801631	37801415	6.91e-98	366
Cygnus_atratus::NW_023336607.1:50797-253681()	NC_051777.1	92.050	239	14	1	10660	10898	37873487	37873254	6.48e-92	346
Cygnus_atratus::NW_023336607.1:50797-253681()	NC_051777.1	95.385	195	9	0	77807	78001	37809346	37809152	1.34e-81	312
Cygnus_atratus::NW_023336607.1:50797-253681()	NC_051777.1	85.659	258	26	2	1915	2172	37881951	37881705	2.42e-78	300
Cygnus_atratus::NW_023336607.1:50797-253681()	NC_051777.1	90.608	181	17	0	142021	142201	37746301	37746121	3.83e-63	251
Cygnus_atratus::NW_023336607.1:50797-253681()	NC_051777.1	94.079	152	8	1	58529	58680	37825321	37825171	3.59e-57	231
Cygnus_atratus::NW_023336607.1:50797-253681()	NC_051777.1	95.935	123	5	0	82226	82348	37805440	37805318	6.08e-48	200
Cygnus_atratus::NW_023336607.1:50797-253681()	NC_051777.1	87.898	157	13	2	102569	102719	37785538	37785382	2.58e-46	195
Cygnus_atratus::NW_023336607.1:50797-253681()	NC_051777.1	97.321	112	3	0	28583	28694	37855687	37855576	1.10e-44	189
Cygnus_atratus::NW_023336607.1:50797-253681()	NC_051777.1	67.362	527	99	15	145707	146168	25682660	25683178	2.42e-40	174
Cygnus_atratus::NW_023336607.1:50797-253681()	NC_051777.1	86.777	121	16	0	12929	13049	56547	56667	3.36e-32	147
Cygnus_atratus::NW_023336607.1:50797-253681()	NC_051777.1	89.720	107	11	0	79987	80093	37807223	37807117	4.10e-31	144
Cygnus_atratus::NW_023336607.1:50797-253681()	NC_051777.1	96.512	86	3	0	12601	12686	6807738	6807823	1.43e-30	142
Cygnus_atratus::NW_023336607.1:50797-253681()	NC_051777.1	87.395	119	11	2	12596	12714	13185637	13185523	1.43e-30	142
Cygnus_atratus::NW_023336607.1:50797-253681()	NC_051777.1	86.726	113	6	1	176002	176114	37719727	37719624	4.99e-30	141
Cygnus_atratus::NW_023336607.1:50797-253681()	NC_051777.1	91.753	97	7	1	179295	179390	37716080	37715984	6.08e-29	136
Cygnus_atratus::NW_023336607.1:50797-253681()	NC_051777.1	91.358	81	4	1	12601	12681	10807104	10807027	6.94e-22	113
Cygnus_atratus::NW_023336607.1:50797-253681()	NC_051777.1	95.082	61	2	1	185649	185708	37709302	37709242	6.50e-16	94.2
Cygnus_atratus::NW_023336607.1:50797-253681()	NC_051777.1	100.000	41	0	0	134070	134110	37755186	37755146	1.74e-10	75.2
Cygnus_atratus::NW_023336607.1:50797-253681()	NC_051777.1	90.566	53	5	0	12972	13024	29043608	29043660	6.09e-10	74.3
Cygnus_atratus::NW_023336607.1:50797-253681()	NC_051777.1	86.885	61	5	1	12600	12660	4688908	4688965	6.09e-10	73.4
Cygnus_atratus::NW_023336607.1:50797-253681()	NC_051777.1	95.556	45	2	0	9919	9963	37874222	37874178	6.09e-10	73.4
Cygnus_atratus::NW_023336607.1:50797-253681()	NC_051777.1	100.000	39	0	0	202447	202485	37693023	37692985	2.12e-09	71.6
Cygnus_atratus::NW_023336607.1:50797-253681()	NC_051777.1	69.036	197	48	5	145044	145235	26054545	26054733	7.41e-09	70.7
Cygnus_atratus::NW_023336607.1:50797-253681()	NC_051777.1	93.478	46	0	1	12602	12647	17600435	17600393	2.59e-08	68.9
Cygnus_atratus::NW_023336607.1:50797-253681()	NC_051777.1	74.336	113	21	3	103068	103174	28802325	28802435	2.59e-08	68.0
Cygnus_atratus::NW_023336607.1:50797-253681()	NC_051777.1	85.965	57	8	0	179403	179459	31263429	31263485	2.59e-08	68.0
Cygnus_atratus::NW_023336607.1:50797-253681()	NC_051777.1	95.238	42	2	0	79141	79182	37808066	37808025	2.59e-08	68.0
Cygnus_atratus::NW_023336607.1:50797-253681()	NC_051777.1	88.679	53	5	1	38500	38551	25998235	25998287	9.03e-08	66.2
Cygnus_atratus::NW_023336607.1:50797-253681()	NC_051777.1	91.304	46	4	0	35029	35074	37849209	37849254	9.03e-08	66.2
Cygnus_atratus::NW_023336607.1:50797-253681()	NC_051777.1	84.483	58	9	0	38437	38494	50612	50555	3.15e-07	65.3
Cygnus_atratus::NW_023336607.1:50797-253681()	NC_051777.1	95.000	40	2	0	18632	18671	37865836	37865797	3.15e-07	64.4
Cygnus_atratus::NW_023336607.1:50797-253681()	NC_051777.1	87.755	49	6	0	89206	89254	37798636	37798588	1.10e-06	62.6
Cygnus_atratus::NW_023336607.1:50797-253681()	NC_051777.1	76.923	91	16	3	13141	13229	22258173	22258086	3.84e-06	61.7
Cygnus_atratus::NW_023336607.1:50797-253681()	NC_051777.1	87.500	48	6	0	12600	12647	34644972	34644925	3.84e-06	60.8
Cygnus_atratus::NW_023336607.1:50797-253681()	NC_051777.1	94.737	38	2	0	4243	4280	37879740	37879703	3.84e-06	60.8
Cygnus_atratus::NW_023336607.1:50797-253681()	NC_051777.1	88.889	45	5	0	47958	48002	37835732	37835688	1.34e-05	59.9
Cygnus_atratus::NW_023336607.1:50797-253681()	NC_051777.1	81.667	60	7	1	12992	13051	13185331	13185276	1.34e-05	59.0
Cygnus_atratus::NW_023336607.1:50797-253681()	NC_051777.1	90.476	42	1	1	12601	12642	33181114	33181076	4.68e-05	57.2
Cygnus_atratus::NW_023336607.1:50797-253681()	NC_051777.1	90.698	43	3	1	166654	166696	37290357	37290316	4.68e-05	57.2
Cygnus_atratus::NW_023336607.1:50797-253681()	NC_051777.1	88.372	43	5	0	110243	110285	15263630	15263588	1.63e-04	56.3
Cygnus_atratus::NW_023336607.1:50797-253681()	NC_051777.1	81.967	61	8	2	179413	179472	536205	536147	1.63e-04	55.4
Cygnus_atratus::NW_023336607.1:50797-253681()	NC_051777.1	90.000	40	4	0	82153	82192	29109343	29109382	1.63e-04	55.4
Cygnus_atratus::NW_023336607.1:50797-253681()	NC_051777.1	85.714	49	6	1	20836	20883	26297291	26297243	5.70e-04	54.5
Cygnus_atratus::NW_023336607.1:50797-253681()	NC_051777.1	85.106	47	7	0	179393	179439	32462790	32462836	5.70e-04	54.5
Cygnus_atratus::NW_023336607.1:50797-253681()	NC_051777.1	96.875	32	1	0	116980	117011	37771643	37771612	5.70e-04	54.5
Cygnus_atratus::NW_023336607.1:50797-253681()	NC_051777.1	89.744	39	4	0	90822	90860	16151203	16151241	5.70e-04	53.6
Cygnus_atratus::NW_023336607.1:50797-253681()	NC_051777.1	89.744	39	4	0	164333	164371	32585736	32585698	5.70e-04	53.6
Cygnus_atratus::NW_023336607.1:50797-253681()	NC_051777.1	89.744	39	4	0	109529	109567	32892956	32892994	5.70e-04	53.6
Cygnus_atratus::NW_023336607.1:50797-253681()	NC_051777.1	83.673	49	8	0	198136	198184	33903440	33903392	5.70e-04	53.6
Cygnus_atratus::NW_023336607.1:50797-253681()	NC_051777.1	78.571	70	12	2	164434	164503	34774318	34774252	5.70e-04	53.6
Cygnus_atratus::NW_023336607.1:50797-253681()	NC_051777.1	82.353	51	9	0	13187	13237	13810999	13811049	0.002	52.7
Cygnus_atratus::NW_023336607.1:50797-253681()	NC_051777.1	84.783	46	7	0	10175	10220	34750354	34750399	0.002	52.7
Cygnus_atratus::NW_023336607.1:50797-253681()	NC_051777.1	81.132	53	10	0	61864	61916	3496329	3496381	0.002	51.8
Cygnus_atratus::NW_023336607.1:50797-253681()	NC_051777.1	89.474	38	4	0	84781	84818	31532572	31532535	0.002	51.8
Cygnus_atratus::NW_023336607.1:50797-253681()	NC_051777.1	100.000	28	0	0	113127	113154	37775866	37775839	0.002	51.8
Cygnus_atratus::NW_023336607.1:50797-253681()	NC_051777.1	75.714	70	17	0	54365	54434	17600	17531	0.007	50.9
Cygnus_atratus::NW_023336607.1:50797-253681()	NC_051777.1	91.429	35	3	0	98350	98384	15263588	15263622	0.007	50.9
Cygnus_atratus::NW_023336607.1:50797-253681()	NC_051777.1	84.444	45	7	0	169934	169978	16170475	16170431	0.007	50.9
Cygnus_atratus::NW_023336607.1:50797-253681()	NC_051777.1	91.429	35	3	0	167063	167097	21199114	21199080	0.007	50.9
Cygnus_atratus::NW_023336607.1:50797-253681()	NC_051777.1	96.667	30	1	0	59894	59923	25998273	25998244	0.007	50.9
Cygnus_atratus::NW_023336607.1:50797-253681()	NC_051777.1	80.702	57	10	1	115127	115183	32462845	32462790	0.007	50.9
Cygnus_atratus::NW_023336607.1:50797-253681()	NC_051777.1	100.000	27	0	0	60188	60214	37823639	37823665	0.007	50.0
Cygnus_atratus::NW_023336607.1:50797-253681()	NC_051777.1	96.552	29	1	0	61666	61694	667418	667390	0.024	49.1
Cygnus_atratus::NW_023336607.1:50797-253681()	NC_051777.1	90.000	40	1	2	166660	166699	10247866	10247902	0.024	49.1
Cygnus_atratus::NW_023336607.1:50797-253681()	NC_051777.1	96.552	29	1	0	166839	166867	14762143	14762171	0.024	49.1
Cygnus_atratus::NW_023336607.1:50797-253681()	NC_051777.1	89.474	38	3	1	38510	38546	667386	667423	0.024	48.2
Cygnus_atratus::NW_023336607.1:50797-253681()	NC_051777.1	70.992	131	18	8	200035	200147	7029912	7030040	0.024	48.2
Cygnus_atratus::NW_023336607.1:50797-253681()	NC_051777.1	88.889	36	4	0	18679	18714	16151242	16151207	0.024	48.2
Cygnus_atratus::NW_023336607.1:50797-253681()	NC_051777.1	85.366	41	6	0	166660	166700	22970542	22970582	0.024	48.2
Cygnus_atratus::NW_023336607.1:50797-253681()	NC_051777.1	85.366	41	6	0	103132	103172	29109342	29109382	0.024	48.2
Cygnus_atratus::NW_023336607.1:50797-253681()	NC_051777.1	86.047	43	5	1	175776	175817	29109385	29109343	0.024	48.2
