
Loaded 'libv3/convenience/matrix.bf' from /usr/local/lib/hyphy/TemplateBatchFiles/libv3/convenience/matrix.bf
Loaded 'libv3/UtilityFunctions.bf' from /usr/local/lib/hyphy/TemplateBatchFiles/libv3/UtilityFunctions.bf
Loaded 'IOFunctions.bf' from /usr/local/lib/hyphy/TemplateBatchFiles/libv3/IOFunctions.bf
Already loaded 'libv3/UtilityFunctions.bf' from /usr/local/lib/hyphy/TemplateBatchFiles/libv3/UtilityFunctions.bf
Loaded 'convenience/regexp.bf' from /usr/local/lib/hyphy/TemplateBatchFiles/libv3/convenience/regexp.bf
Loaded 'libv3/all-terms.bf' from /usr/local/lib/hyphy/TemplateBatchFiles/libv3/all-terms.bf
Variable 'skipCodeSelectionStep' was not initialized prior to being used
Row and/or column partition is empty. All the data will be used by default.
Overwritten previously defined function:'GaussLaguerreQuardature'
Overwritten previously defined function:'GammaQuadWeight'
Variable 'SKIP_HARVEST_FREQ' was not initialized prior to being used
Variable '_WRAP_PASSTHROUGH_FLAG_' was not initialized prior to being used
Variable 'END_OF_FILE' was not initialized prior to being used
Variable '_DO_TREE_REBALANCE_' was not initialized prior to being used
Variable '_KEEP_I_LABELS_' was not initialized prior to being used
Model MG94customModel assigned to Equus_przewalskii
Equus_przewalskii has 2 parameters - branch length not assigned
Model MG94customModel assigned to Equus_caballus
Equus_caballus has 2 parameters - branch length not assigned
Model MG94customModel assigned to Node1
Node1 has 2 parameters - branch length not assigned
Model MG94customModel assigned to Equus_asinus
Equus_asinus has 2 parameters - branch length not assigned
Model MG94customModel assigned to Equus_quagga
Equus_quagga has 2 parameters - branch length not assigned
Model MG94customModel assigned to Node4
Node4 has 2 parameters - branch length not assigned
Model MG94customModel assigned to Tapirus_indicus
Tapirus_indicus has 2 parameters - branch length not assigned
Model MG94customModel assigned to Tapirus_terrestris
Tapirus_terrestris has 2 parameters - branch length not assigned
Model MG94customModel assigned to Node8
Node8 has 2 parameters - branch length not assigned
Model MG94customModel assigned to Rhinoceros_unicornis
Rhinoceros_unicornis has 2 parameters - branch length not assigned
Model MG94customModel assigned to Dicerorhinus_sumatrensis
Dicerorhinus_sumatrensis has 2 parameters - branch length not assigned
Model MG94customModel assigned to Ceratotherium_simum_simum
Ceratotherium_simum_simum has 2 parameters - branch length not assigned
Model MG94customModel assigned to Diceros_bicornis
Diceros_bicornis has 2 parameters - branch length not assigned
Model MG94customModel assigned to Node15
Node15 has 2 parameters - branch length not assigned
Model MG94customModel assigned to Node13
Node13 has 2 parameters - branch length not assigned
Model MG94customModel assigned to Node11
Node11 has 2 parameters - branch length not assigned
Model MG94customModel assigned to Node7
Node7 has 2 parameters - branch length not assigned
The tips of the tree:givenTree were matched with the species names from the data in the following numeric order (0-based) {1,0,2,3,8,9,7,6,4,5}

Pseudo-optimal path's cost 3682 vs 5362 for 1..k=> a 1.45627 x improvement
Partition 0 reversible model flag computed as 1
Variable 'theLnLik' was not initialized prior to being used
Variable 'SAVE_OPT_STATUS_TO' was not initialized prior to being used
Variable 'givenTree.Equus_przewalskii.nonSynRate' was not initialized prior to being used
Variable 'givenTree.Equus_przewalskii.synRate' was not initialized prior to being used
Variable 'givenTree.Equus_caballus.nonSynRate' was not initialized prior to being used
Variable 'givenTree.Equus_caballus.synRate' was not initialized prior to being used
Variable 'givenTree.Equus_asinus.nonSynRate' was not initialized prior to being used
Variable 'givenTree.Equus_asinus.synRate' was not initialized prior to being used
Variable 'givenTree.Equus_quagga.nonSynRate' was not initialized prior to being used
Variable 'givenTree.Equus_quagga.synRate' was not initialized prior to being used
Variable 'givenTree.Tapirus_indicus.nonSynRate' was not initialized prior to being used
Variable 'givenTree.Tapirus_indicus.synRate' was not initialized prior to being used
Variable 'givenTree.Tapirus_terrestris.nonSynRate' was not initialized prior to being used
Variable 'givenTree.Tapirus_terrestris.synRate' was not initialized prior to being used
Variable 'givenTree.Rhinoceros_unicornis.nonSynRate' was not initialized prior to being used
Variable 'givenTree.Rhinoceros_unicornis.synRate' was not initialized prior to being used
Variable 'givenTree.Dicerorhinus_sumatrensis.nonSynRate' was not initialized prior to being used
Variable 'givenTree.Dicerorhinus_sumatrensis.synRate' was not initialized prior to being used
Variable 'givenTree.Ceratotherium_simum_simum.nonSynRate' was not initialized prior to being used
Variable 'givenTree.Ceratotherium_simum_simum.synRate' was not initialized prior to being used
Variable 'givenTree.Diceros_bicornis.nonSynRate' was not initialized prior to being used
Variable 'givenTree.Diceros_bicornis.synRate' was not initialized prior to being used
Variable 'givenTree.Node1.nonSynRate' was not initialized prior to being used
Variable 'givenTree.Node1.synRate' was not initialized prior to being used
Variable 'givenTree.Node4.nonSynRate' was not initialized prior to being used
Variable 'givenTree.Node4.synRate' was not initialized prior to being used
Variable 'givenTree.Node8.nonSynRate' was not initialized prior to being used
Variable 'givenTree.Node8.synRate' was not initialized prior to being used
Variable 'givenTree.Node15.nonSynRate' was not initialized prior to being used
Variable 'givenTree.Node15.synRate' was not initialized prior to being used
Variable 'givenTree.Node13.nonSynRate' was not initialized prior to being used
Variable 'givenTree.Node13.synRate' was not initialized prior to being used
Variable 'givenTree.Node11.nonSynRate' was not initialized prior to being used
Variable 'givenTree.Node11.synRate' was not initialized prior to being used
Variable 'givenTree.Node7.nonSynRate' was not initialized prior to being used
Variable 'givenTree.Node7.synRate' was not initialized prior to being used
Site 233 evaluated to a 0 probability in ComputeTreeBlockByBranch
Site 233 evaluated to a 0 probability in ComputeTreeBlockByBranch
Site 4 evaluated to a 0 probability in ComputeTreeBlockByBranch
Site 233 evaluated to a 0 probability in ComputeTreeBlockByBranch
Site 201 evaluated to a 0 probability in ComputeTreeBlockByBranch
Site 37 evaluated to a 0 probability in ComputeTreeBlockByBranch
Site 233 evaluated to a 0 probability in ComputeTreeBlockByBranch
Site 115 evaluated to a 0 probability in ComputeTreeBlockByBranch
Site 15 evaluated to a 0 probability in ComputeTreeBlockByBranch
Site 170 evaluated to a 0 probability in ComputeTreeBlockByBranch
Auto-benchmarked an optimal number (3) of threads.
Set GUI update interval to every 123-th LF evaluation.
Initial guess for givenTree.Equus_przewalskii.nonSynRate is 0.00116616
Initial guess for givenTree.Equus_przewalskii.synRate is -7.75807e-18
Initial guess for givenTree.Equus_caballus.nonSynRate is 0.000523014
Initial guess for givenTree.Equus_caballus.synRate is -1.63443e-17
Initial guess for givenTree.Node4.nonSynRate is 0.00572063
Initial guess for givenTree.Node4.synRate is 0.00133113
Initial guess for givenTree.Equus_asinus.nonSynRate is 0.00261075
Initial guess for givenTree.Equus_asinus.synRate is 0.000460081
Initial guess for givenTree.Equus_quagga.nonSynRate is 0.00205264
Initial guess for givenTree.Equus_quagga.synRate is -3.84953e-05
Initial guess for givenTree.Node7.nonSynRate is 0.00286956
Initial guess for givenTree.Node7.synRate is 0.00120481
Initial guess for givenTree.Node8.nonSynRate is 0.0374543
Initial guess for givenTree.Node8.synRate is 0.0253483
Initial guess for givenTree.Tapirus_indicus.nonSynRate is 0.00214076
Initial guess for givenTree.Tapirus_indicus.synRate is 0.0019247
Initial guess for givenTree.Tapirus_terrestris.nonSynRate is 0.00482212
Initial guess for givenTree.Tapirus_terrestris.synRate is 0.00196637
Initial guess for givenTree.Node11.nonSynRate is 0.0120465
Initial guess for givenTree.Node11.synRate is -0.000108646
Initial guess for givenTree.Rhinoceros_unicornis.nonSynRate is 0.00342746
Initial guess for givenTree.Rhinoceros_unicornis.synRate is 0.00407962
Initial guess for givenTree.Node13.nonSynRate is 0.0116181
Initial guess for givenTree.Node13.synRate is 0.00977718
Initial guess for givenTree.Dicerorhinus_sumatrensis.nonSynRate is 0.00374514
Initial guess for givenTree.Dicerorhinus_sumatrensis.synRate is 0.00110379
Initial guess for givenTree.Node15.nonSynRate is 0.000267381
Initial guess for givenTree.Node15.synRate is 0.000117375
Initial guess for givenTree.Ceratotherium_simum_simum.nonSynRate is 0.00280103
Initial guess for givenTree.Ceratotherium_simum_simum.synRate is -2.844e-05
Initial guess for givenTree.Diceros_bicornis.nonSynRate is 0.00100789
Initial guess for givenTree.Diceros_bicornis.synRate is 0.000450025
Optimization settings:
	OPTIMIZATION_METHOD = 4
	OPTIMIZATION_PRECISION = 0.001
	MAXIMUM_ITERATIONS_PER_VARIABLE = 5000

Initial parameter values

GT = 1
CT = 1
CG = 1
AC = 1
AT = 1
givenTree.Equus_przewalskii.synRate = 0
givenTree.Equus_przewalskii.nonSynRate = 0.00116616
givenTree.Equus_caballus.synRate = 0
givenTree.Equus_caballus.nonSynRate = 0.000523014
givenTree.Node1.synRate = 0.1
givenTree.Node1.nonSynRate = 0.1
givenTree.Equus_asinus.synRate = 0.000460081
givenTree.Equus_asinus.nonSynRate = 0.00261075
givenTree.Equus_quagga.synRate = 0
givenTree.Equus_quagga.nonSynRate = 0.00205264
givenTree.Node4.synRate = 0.00133113
givenTree.Node4.nonSynRate = 0.00572063
givenTree.Tapirus_indicus.synRate = 0.0019247
givenTree.Tapirus_indicus.nonSynRate = 0.00214076
givenTree.Tapirus_terrestris.synRate = 0.00196637
givenTree.Tapirus_terrestris.nonSynRate = 0.00482212
givenTree.Node8.synRate = 0.0253483
givenTree.Node8.nonSynRate = 0.0374543
givenTree.Rhinoceros_unicornis.synRate = 0.00407962
givenTree.Rhinoceros_unicornis.nonSynRate = 0.00342746
givenTree.Dicerorhinus_sumatrensis.synRate = 0.00110379
givenTree.Dicerorhinus_sumatrensis.nonSynRate = 0.00374514
givenTree.Ceratotherium_simum_simum.synRate = 0
givenTree.Ceratotherium_simum_simum.nonSynRate = 0.00280103
givenTree.Diceros_bicornis.synRate = 0.000450025
givenTree.Diceros_bicornis.nonSynRate = 0.00100789
givenTree.Node15.synRate = 0.000117375
givenTree.Node15.nonSynRate = 0.000267381
givenTree.Node13.synRate = 0.00977718
givenTree.Node13.nonSynRate = 0.0116181
givenTree.Node11.synRate = 0
givenTree.Node11.nonSynRate = 0.0120465
givenTree.Node7.synRate = 0.00120481
givenTree.Node7.nonSynRate = 0.00286956
Optimization finished in 22 loop passes.
2889 likelihood evaluation calls and 11448 matrix exponentiations calls were made

Variable 'lastDepth' was not initialized prior to being used
No nodel was assigned to Equus_przewalskii
Equus_przewalskii has 0 parameters - branch length not assigned
No nodel was assigned to Equus_caballus
Equus_caballus has 0 parameters - branch length not assigned
No nodel was assigned to Node1
Node1 has 0 parameters - branch length not assigned
No nodel was assigned to Equus_asinus
Equus_asinus has 0 parameters - branch length not assigned
No nodel was assigned to Equus_quagga
Equus_quagga has 0 parameters - branch length not assigned
No nodel was assigned to Node4
Node4 has 0 parameters - branch length not assigned
No nodel was assigned to Tapirus_indicus
Tapirus_indicus has 0 parameters - branch length not assigned
No nodel was assigned to Tapirus_terrestris
Tapirus_terrestris has 0 parameters - branch length not assigned
No nodel was assigned to Node8
Node8 has 0 parameters - branch length not assigned
No nodel was assigned to Rhinoceros_unicornis
Rhinoceros_unicornis has 0 parameters - branch length not assigned
No nodel was assigned to Dicerorhinus_sumatrensis
Dicerorhinus_sumatrensis has 0 parameters - branch length not assigned
No nodel was assigned to Ceratotherium_simum_simum
Ceratotherium_simum_simum has 0 parameters - branch length not assigned
No nodel was assigned to Diceros_bicornis
Diceros_bicornis has 0 parameters - branch length not assigned
No nodel was assigned to Node15
Node15 has 0 parameters - branch length not assigned
No nodel was assigned to Node13
Node13 has 0 parameters - branch length not assigned
No nodel was assigned to Node11
Node11 has 0 parameters - branch length not assigned
No nodel was assigned to Node7
Node7 has 0 parameters - branch length not assigned
No nodel was assigned to Equus_przewalskii
Equus_przewalskii has 0 parameters - branch length not assigned
No nodel was assigned to Equus_caballus
Equus_caballus has 0 parameters - branch length not assigned
No nodel was assigned to Node1
Node1 has 0 parameters - branch length not assigned
No nodel was assigned to Equus_asinus
Equus_asinus has 0 parameters - branch length not assigned
No nodel was assigned to Equus_quagga
Equus_quagga has 0 parameters - branch length not assigned
No nodel was assigned to Node4
Node4 has 0 parameters - branch length not assigned
No nodel was assigned to Tapirus_indicus
Tapirus_indicus has 0 parameters - branch length not assigned
No nodel was assigned to Tapirus_terrestris
Tapirus_terrestris has 0 parameters - branch length not assigned
No nodel was assigned to Node8
Node8 has 0 parameters - branch length not assigned
No nodel was assigned to Rhinoceros_unicornis
Rhinoceros_unicornis has 0 parameters - branch length not assigned
No nodel was assigned to Dicerorhinus_sumatrensis
Dicerorhinus_sumatrensis has 0 parameters - branch length not assigned
No nodel was assigned to Ceratotherium_simum_simum
Ceratotherium_simum_simum has 0 parameters - branch length not assigned
No nodel was assigned to Diceros_bicornis
Diceros_bicornis has 0 parameters - branch length not assigned
No nodel was assigned to Node15
Node15 has 0 parameters - branch length not assigned
No nodel was assigned to Node13
Node13 has 0 parameters - branch length not assigned
No nodel was assigned to Node11
Node11 has 0 parameters - branch length not assigned
No nodel was assigned to Node7
Node7 has 0 parameters - branch length not assigned
No nodel was assigned to Equus_przewalskii
Equus_przewalskii has 0 parameters - branch length not assigned
No nodel was assigned to Equus_caballus
Equus_caballus has 0 parameters - branch length not assigned
No nodel was assigned to Node1
Node1 has 0 parameters - branch length not assigned
No nodel was assigned to Equus_asinus
Equus_asinus has 0 parameters - branch length not assigned
No nodel was assigned to Equus_quagga
Equus_quagga has 0 parameters - branch length not assigned
No nodel was assigned to Node4
Node4 has 0 parameters - branch length not assigned
No nodel was assigned to Tapirus_indicus
Tapirus_indicus has 0 parameters - branch length not assigned
No nodel was assigned to Tapirus_terrestris
Tapirus_terrestris has 0 parameters - branch length not assigned
No nodel was assigned to Node8
Node8 has 0 parameters - branch length not assigned
No nodel was assigned to Rhinoceros_unicornis
Rhinoceros_unicornis has 0 parameters - branch length not assigned
No nodel was assigned to Dicerorhinus_sumatrensis
Dicerorhinus_sumatrensis has 0 parameters - branch length not assigned
No nodel was assigned to Ceratotherium_simum_simum
Ceratotherium_simum_simum has 0 parameters - branch length not assigned
No nodel was assigned to Diceros_bicornis
Diceros_bicornis has 0 parameters - branch length not assigned
No nodel was assigned to Node15
Node15 has 0 parameters - branch length not assigned
No nodel was assigned to Node13
Node13 has 0 parameters - branch length not assigned
No nodel was assigned to Node11
Node11 has 0 parameters - branch length not assigned
No nodel was assigned to Node7
Node7 has 0 parameters - branch length not assigned
No nodel was assigned to Equus_przewalskii
Equus_przewalskii has 0 parameters - branch length not assigned
No nodel was assigned to Equus_caballus
Equus_caballus has 0 parameters - branch length not assigned
No nodel was assigned to Node1
Node1 has 0 parameters - branch length not assigned
No nodel was assigned to Equus_asinus
Equus_asinus has 0 parameters - branch length not assigned
No nodel was assigned to Equus_quagga
Equus_quagga has 0 parameters - branch length not assigned
No nodel was assigned to Node4
Node4 has 0 parameters - branch length not assigned
No nodel was assigned to Tapirus_indicus
Tapirus_indicus has 0 parameters - branch length not assigned
No nodel was assigned to Tapirus_terrestris
Tapirus_terrestris has 0 parameters - branch length not assigned
No nodel was assigned to Node8
Node8 has 0 parameters - branch length not assigned
No nodel was assigned to Rhinoceros_unicornis
Rhinoceros_unicornis has 0 parameters - branch length not assigned
No nodel was assigned to Dicerorhinus_sumatrensis
Dicerorhinus_sumatrensis has 0 parameters - branch length not assigned
No nodel was assigned to Ceratotherium_simum_simum
Ceratotherium_simum_simum has 0 parameters - branch length not assigned
No nodel was assigned to Diceros_bicornis
Diceros_bicornis has 0 parameters - branch length not assigned
No nodel was assigned to Node15
Node15 has 0 parameters - branch length not assigned
No nodel was assigned to Node13
Node13 has 0 parameters - branch length not assigned
No nodel was assigned to Node11
Node11 has 0 parameters - branch length not assigned
No nodel was assigned to Node7
Node7 has 0 parameters - branch length not assigned
Variable 'nodeName' was not initialized prior to being used
Variable 'speciesIndex' was not initialized prior to being used
Row and/or column partition is empty. All the data will be used by default.
Model MG94customModel assigned to Equus_przewalskii
Model MG94customModel assigned to Equus_caballus
One branch tree supplied - hopefully this IS what you meant to do.
Rooted tree. Removing one branch - the left root child has been promoted to be the new root
Partition 0 reversible model flag computed as 1
Variable 'twoLnLik' was not initialized prior to being used
Variable 't2.Equus_caballus.nonSynRate' was not initialized prior to being used
Variable 't2.Equus_caballus.synRate' was not initialized prior to being used
Auto-benchmarked an optimal number (4) of threads.
Set GUI update interval to every 8196-th LF evaluation.
Optimization settings:
	OPTIMIZATION_METHOD = 4
	OPTIMIZATION_PRECISION = 0.001
	MAXIMUM_ITERATIONS_PER_VARIABLE = 5000

Initial parameter values

t2.Equus_caballus.nonSynRate = 0.1
t2.Equus_caballus.synRate = 0.1
Optimization finished in 3 loop passes.
176 likelihood evaluation calls and 171 matrix exponentiations calls were made

Row and/or column partition is empty. All the data will be used by default.
Model MG94customModel assigned to Equus_przewalskii
Model MG94customModel assigned to Equus_asinus
One branch tree supplied - hopefully this IS what you meant to do.
Rooted tree. Removing one branch - the left root child has been promoted to be the new root
Partition 0 reversible model flag computed as 1
Variable 't2.Equus_asinus.nonSynRate' was not initialized prior to being used
Variable 't2.Equus_asinus.synRate' was not initialized prior to being used
Auto-benchmarked an optimal number (5) of threads.
Set GUI update interval to every 8620-th LF evaluation.
Optimization settings:
	OPTIMIZATION_METHOD = 4
	OPTIMIZATION_PRECISION = 0.001
	MAXIMUM_ITERATIONS_PER_VARIABLE = 5000

Initial parameter values

t2.Equus_asinus.nonSynRate = 0.1
t2.Equus_asinus.synRate = 0.1
Optimization finished in 5 loop passes.
121 likelihood evaluation calls and 105 matrix exponentiations calls were made

Row and/or column partition is empty. All the data will be used by default.
Model MG94customModel assigned to Equus_przewalskii
Model MG94customModel assigned to Equus_quagga
One branch tree supplied - hopefully this IS what you meant to do.
Rooted tree. Removing one branch - the left root child has been promoted to be the new root
Partition 0 reversible model flag computed as 1
Variable 't2.Equus_quagga.synRate' was not initialized prior to being used
Variable 't2.Equus_quagga.nonSynRate' was not initialized prior to being used
Auto-benchmarked an optimal number (5) of threads.
Set GUI update interval to every 8620-th LF evaluation.
Optimization settings:
	OPTIMIZATION_METHOD = 4
	OPTIMIZATION_PRECISION = 0.001
	MAXIMUM_ITERATIONS_PER_VARIABLE = 5000

Initial parameter values

t2.Equus_quagga.synRate = 0.1
t2.Equus_quagga.nonSynRate = 0.1
Optimization finished in 5 loop passes.
164 likelihood evaluation calls and 149 matrix exponentiations calls were made

Row and/or column partition is empty. All the data will be used by default.
Model MG94customModel assigned to Equus_przewalskii
Model MG94customModel assigned to Tapirus_indicus
One branch tree supplied - hopefully this IS what you meant to do.
Rooted tree. Removing one branch - the left root child has been promoted to be the new root
Partition 0 reversible model flag computed as 1
Variable 't2.Tapirus_indicus.nonSynRate' was not initialized prior to being used
Variable 't2.Tapirus_indicus.synRate' was not initialized prior to being used
Auto-benchmarked an optimal number (3) of threads.
Set GUI update interval to every 8474-th LF evaluation.
Optimization settings:
	OPTIMIZATION_METHOD = 4
	OPTIMIZATION_PRECISION = 0.001
	MAXIMUM_ITERATIONS_PER_VARIABLE = 5000

Initial parameter values

t2.Tapirus_indicus.nonSynRate = 0.1
t2.Tapirus_indicus.synRate = 0.1
Optimization finished in 6 loop passes.
206 likelihood evaluation calls and 180 matrix exponentiations calls were made

Row and/or column partition is empty. All the data will be used by default.
Model MG94customModel assigned to Equus_przewalskii
Model MG94customModel assigned to Tapirus_terrestris
One branch tree supplied - hopefully this IS what you meant to do.
Rooted tree. Removing one branch - the left root child has been promoted to be the new root
Partition 0 reversible model flag computed as 1
Variable 't2.Tapirus_terrestris.synRate' was not initialized prior to being used
Variable 't2.Tapirus_terrestris.nonSynRate' was not initialized prior to being used
Auto-benchmarked an optimal number (5) of threads.
Set GUI update interval to every 8928-th LF evaluation.
Optimization settings:
	OPTIMIZATION_METHOD = 4
	OPTIMIZATION_PRECISION = 0.001
	MAXIMUM_ITERATIONS_PER_VARIABLE = 5000

Initial parameter values

t2.Tapirus_terrestris.synRate = 0.1
t2.Tapirus_terrestris.nonSynRate = 0.1
Optimization finished in 6 loop passes.
161 likelihood evaluation calls and 139 matrix exponentiations calls were made

Row and/or column partition is empty. All the data will be used by default.
Model MG94customModel assigned to Equus_przewalskii
Model MG94customModel assigned to Rhinoceros_unicornis
One branch tree supplied - hopefully this IS what you meant to do.
Rooted tree. Removing one branch - the left root child has been promoted to be the new root
Partition 0 reversible model flag computed as 1
Variable 't2.Rhinoceros_unicornis.nonSynRate' was not initialized prior to being used
Variable 't2.Rhinoceros_unicornis.synRate' was not initialized prior to being used
Auto-benchmarked an optimal number (4) of threads.
Set GUI update interval to every 8620-th LF evaluation.
Optimization settings:
	OPTIMIZATION_METHOD = 4
	OPTIMIZATION_PRECISION = 0.001
	MAXIMUM_ITERATIONS_PER_VARIABLE = 5000

Initial parameter values

t2.Rhinoceros_unicornis.nonSynRate = 0.1
t2.Rhinoceros_unicornis.synRate = 0.1
Optimization finished in 6 loop passes.
144 likelihood evaluation calls and 123 matrix exponentiations calls were made

Row and/or column partition is empty. All the data will be used by default.
Model MG94customModel assigned to Equus_przewalskii
Model MG94customModel assigned to Dicerorhinus_sumatrensis
One branch tree supplied - hopefully this IS what you meant to do.
Rooted tree. Removing one branch - the left root child has been promoted to be the new root
Partition 0 reversible model flag computed as 1
Variable 't2.Dicerorhinus_sumatrensis.nonSynRate' was not initialized prior to being used
Variable 't2.Dicerorhinus_sumatrensis.synRate' was not initialized prior to being used
Auto-benchmarked an optimal number (4) of threads.
Set GUI update interval to every 8333-th LF evaluation.
Optimization settings:
	OPTIMIZATION_METHOD = 4
	OPTIMIZATION_PRECISION = 0.001
	MAXIMUM_ITERATIONS_PER_VARIABLE = 5000

Initial parameter values

t2.Dicerorhinus_sumatrensis.nonSynRate = 0.1
t2.Dicerorhinus_sumatrensis.synRate = 0.1
Optimization finished in 6 loop passes.
148 likelihood evaluation calls and 122 matrix exponentiations calls were made

Row and/or column partition is empty. All the data will be used by default.
Model MG94customModel assigned to Equus_przewalskii
Model MG94customModel assigned to Ceratotherium_simum_simum
One branch tree supplied - hopefully this IS what you meant to do.
Rooted tree. Removing one branch - the left root child has been promoted to be the new root
Partition 0 reversible model flag computed as 1
Variable 't2.Ceratotherium_simum_simum.nonSynRate' was not initialized prior to being used
Variable 't2.Ceratotherium_simum_simum.synRate' was not initialized prior to being used
Auto-benchmarked an optimal number (3) of threads.
Set GUI update interval to every 8620-th LF evaluation.
Optimization settings:
	OPTIMIZATION_METHOD = 4
	OPTIMIZATION_PRECISION = 0.001
	MAXIMUM_ITERATIONS_PER_VARIABLE = 5000

Initial parameter values

t2.Ceratotherium_simum_simum.nonSynRate = 0.1
t2.Ceratotherium_simum_simum.synRate = 0.1
Optimization finished in 8 loop passes.
151 likelihood evaluation calls and 134 matrix exponentiations calls were made

Row and/or column partition is empty. All the data will be used by default.
Model MG94customModel assigned to Equus_przewalskii
Model MG94customModel assigned to Diceros_bicornis
One branch tree supplied - hopefully this IS what you meant to do.
Rooted tree. Removing one branch - the left root child has been promoted to be the new root
Partition 0 reversible model flag computed as 1
Variable 't2.Diceros_bicornis.nonSynRate' was not initialized prior to being used
Variable 't2.Diceros_bicornis.synRate' was not initialized prior to being used
Auto-benchmarked an optimal number (4) of threads.
Set GUI update interval to every 8333-th LF evaluation.
Optimization settings:
	OPTIMIZATION_METHOD = 4
	OPTIMIZATION_PRECISION = 0.001
	MAXIMUM_ITERATIONS_PER_VARIABLE = 5000

Initial parameter values

t2.Diceros_bicornis.nonSynRate = 0.1
t2.Diceros_bicornis.synRate = 0.1
Optimization finished in 5 loop passes.
137 likelihood evaluation calls and 121 matrix exponentiations calls were made

Row and/or column partition is empty. All the data will be used by default.
Model MG94customModel assigned to Equus_caballus
Model MG94customModel assigned to Equus_asinus
One branch tree supplied - hopefully this IS what you meant to do.
Rooted tree. Removing one branch - the left root child has been promoted to be the new root
Partition 0 reversible model flag computed as 1
Variable 't2.Equus_asinus.nonSynRate' was not initialized prior to being used
Variable 't2.Equus_asinus.synRate' was not initialized prior to being used
Auto-benchmarked an optimal number (3) of threads.
Set GUI update interval to every 8474-th LF evaluation.
Optimization settings:
	OPTIMIZATION_METHOD = 4
	OPTIMIZATION_PRECISION = 0.001
	MAXIMUM_ITERATIONS_PER_VARIABLE = 5000

Initial parameter values

t2.Equus_asinus.nonSynRate = 0.1
t2.Equus_asinus.synRate = 0.1
Optimization finished in 3 loop passes.
114 likelihood evaluation calls and 105 matrix exponentiations calls were made

Row and/or column partition is empty. All the data will be used by default.
Model MG94customModel assigned to Equus_caballus
Model MG94customModel assigned to Equus_quagga
One branch tree supplied - hopefully this IS what you meant to do.
Rooted tree. Removing one branch - the left root child has been promoted to be the new root
Partition 0 reversible model flag computed as 1
Variable 't2.Equus_quagga.nonSynRate' was not initialized prior to being used
Variable 't2.Equus_quagga.synRate' was not initialized prior to being used
Auto-benchmarked an optimal number (3) of threads.
Set GUI update interval to every 8620-th LF evaluation.
Optimization settings:
	OPTIMIZATION_METHOD = 4
	OPTIMIZATION_PRECISION = 0.001
	MAXIMUM_ITERATIONS_PER_VARIABLE = 5000

Initial parameter values

t2.Equus_quagga.nonSynRate = 0.1
t2.Equus_quagga.synRate = 0.1
Optimization finished in 5 loop passes.
160 likelihood evaluation calls and 140 matrix exponentiations calls were made

Row and/or column partition is empty. All the data will be used by default.
Model MG94customModel assigned to Equus_caballus
Model MG94customModel assigned to Tapirus_indicus
One branch tree supplied - hopefully this IS what you meant to do.
Rooted tree. Removing one branch - the left root child has been promoted to be the new root
Partition 0 reversible model flag computed as 1
Variable 't2.Tapirus_indicus.nonSynRate' was not initialized prior to being used
Variable 't2.Tapirus_indicus.synRate' was not initialized prior to being used
Auto-benchmarked an optimal number (4) of threads.
Set GUI update interval to every 8620-th LF evaluation.
Optimization settings:
	OPTIMIZATION_METHOD = 4
	OPTIMIZATION_PRECISION = 0.001
	MAXIMUM_ITERATIONS_PER_VARIABLE = 5000

Initial parameter values

t2.Tapirus_indicus.nonSynRate = 0.1
t2.Tapirus_indicus.synRate = 0.1
Optimization finished in 5 loop passes.
150 likelihood evaluation calls and 126 matrix exponentiations calls were made

Row and/or column partition is empty. All the data will be used by default.
Model MG94customModel assigned to Equus_caballus
Model MG94customModel assigned to Tapirus_terrestris
One branch tree supplied - hopefully this IS what you meant to do.
Rooted tree. Removing one branch - the left root child has been promoted to be the new root
Partition 0 reversible model flag computed as 1
Variable 't2.Tapirus_terrestris.nonSynRate' was not initialized prior to being used
Variable 't2.Tapirus_terrestris.synRate' was not initialized prior to being used
Auto-benchmarked an optimal number (3) of threads.
Set GUI update interval to every 8333-th LF evaluation.
Optimization settings:
	OPTIMIZATION_METHOD = 4
	OPTIMIZATION_PRECISION = 0.001
	MAXIMUM_ITERATIONS_PER_VARIABLE = 5000

Initial parameter values

t2.Tapirus_terrestris.nonSynRate = 0.1
t2.Tapirus_terrestris.synRate = 0.1
Optimization finished in 6 loop passes.
150 likelihood evaluation calls and 130 matrix exponentiations calls were made

Row and/or column partition is empty. All the data will be used by default.
Model MG94customModel assigned to Equus_caballus
Model MG94customModel assigned to Rhinoceros_unicornis
One branch tree supplied - hopefully this IS what you meant to do.
Rooted tree. Removing one branch - the left root child has been promoted to be the new root
Partition 0 reversible model flag computed as 1
Variable 't2.Rhinoceros_unicornis.nonSynRate' was not initialized prior to being used
Variable 't2.Rhinoceros_unicornis.synRate' was not initialized prior to being used
Auto-benchmarked an optimal number (4) of threads.
Set GUI update interval to every 8474-th LF evaluation.
Optimization settings:
	OPTIMIZATION_METHOD = 4
	OPTIMIZATION_PRECISION = 0.001
	MAXIMUM_ITERATIONS_PER_VARIABLE = 5000

Initial parameter values

t2.Rhinoceros_unicornis.nonSynRate = 0.1
t2.Rhinoceros_unicornis.synRate = 0.1
Optimization finished in 6 loop passes.
184 likelihood evaluation calls and 162 matrix exponentiations calls were made

Row and/or column partition is empty. All the data will be used by default.
Model MG94customModel assigned to Equus_caballus
Model MG94customModel assigned to Dicerorhinus_sumatrensis
One branch tree supplied - hopefully this IS what you meant to do.
Rooted tree. Removing one branch - the left root child has been promoted to be the new root
Partition 0 reversible model flag computed as 1
Variable 't2.Dicerorhinus_sumatrensis.nonSynRate' was not initialized prior to being used
Variable 't2.Dicerorhinus_sumatrensis.synRate' was not initialized prior to being used
Auto-benchmarked an optimal number (4) of threads.
Set GUI update interval to every 8333-th LF evaluation.
Optimization settings:
	OPTIMIZATION_METHOD = 4
	OPTIMIZATION_PRECISION = 0.001
	MAXIMUM_ITERATIONS_PER_VARIABLE = 5000

Initial parameter values

t2.Dicerorhinus_sumatrensis.nonSynRate = 0.1
t2.Dicerorhinus_sumatrensis.synRate = 0.1
Optimization finished in 6 loop passes.
178 likelihood evaluation calls and 150 matrix exponentiations calls were made

Row and/or column partition is empty. All the data will be used by default.
Model MG94customModel assigned to Equus_caballus
Model MG94customModel assigned to Ceratotherium_simum_simum
One branch tree supplied - hopefully this IS what you meant to do.
Rooted tree. Removing one branch - the left root child has been promoted to be the new root
Partition 0 reversible model flag computed as 1
Variable 't2.Ceratotherium_simum_simum.nonSynRate' was not initialized prior to being used
Variable 't2.Ceratotherium_simum_simum.synRate' was not initialized prior to being used
Auto-benchmarked an optimal number (4) of threads.
Set GUI update interval to every 8474-th LF evaluation.
Optimization settings:
	OPTIMIZATION_METHOD = 4
	OPTIMIZATION_PRECISION = 0.001
	MAXIMUM_ITERATIONS_PER_VARIABLE = 5000

Initial parameter values

t2.Ceratotherium_simum_simum.nonSynRate = 0.1
t2.Ceratotherium_simum_simum.synRate = 0.1
Optimization finished in 6 loop passes.
168 likelihood evaluation calls and 146 matrix exponentiations calls were made

Row and/or column partition is empty. All the data will be used by default.
Model MG94customModel assigned to Equus_caballus
Model MG94customModel assigned to Diceros_bicornis
One branch tree supplied - hopefully this IS what you meant to do.
Rooted tree. Removing one branch - the left root child has been promoted to be the new root
Partition 0 reversible model flag computed as 1
Variable 't2.Diceros_bicornis.nonSynRate' was not initialized prior to being used
Variable 't2.Diceros_bicornis.synRate' was not initialized prior to being used
Auto-benchmarked an optimal number (4) of threads.
Set GUI update interval to every 8620-th LF evaluation.
Optimization settings:
	OPTIMIZATION_METHOD = 4
	OPTIMIZATION_PRECISION = 0.001
	MAXIMUM_ITERATIONS_PER_VARIABLE = 5000

Initial parameter values

t2.Diceros_bicornis.nonSynRate = 0.1
t2.Diceros_bicornis.synRate = 0.1
Optimization finished in 5 loop passes.
137 likelihood evaluation calls and 117 matrix exponentiations calls were made

Row and/or column partition is empty. All the data will be used by default.
Model MG94customModel assigned to Equus_asinus
Model MG94customModel assigned to Equus_quagga
One branch tree supplied - hopefully this IS what you meant to do.
Rooted tree. Removing one branch - the left root child has been promoted to be the new root
Partition 0 reversible model flag computed as 1
Variable 't2.Equus_quagga.nonSynRate' was not initialized prior to being used
Variable 't2.Equus_quagga.synRate' was not initialized prior to being used
Auto-benchmarked an optimal number (5) of threads.
Set GUI update interval to every 8620-th LF evaluation.
Optimization settings:
	OPTIMIZATION_METHOD = 4
	OPTIMIZATION_PRECISION = 0.001
	MAXIMUM_ITERATIONS_PER_VARIABLE = 5000

Initial parameter values

t2.Equus_quagga.nonSynRate = 0.1
t2.Equus_quagga.synRate = 0.1
Optimization finished in 5 loop passes.
140 likelihood evaluation calls and 115 matrix exponentiations calls were made

Row and/or column partition is empty. All the data will be used by default.
Model MG94customModel assigned to Equus_asinus
Model MG94customModel assigned to Tapirus_indicus
One branch tree supplied - hopefully this IS what you meant to do.
Rooted tree. Removing one branch - the left root child has been promoted to be the new root
Partition 0 reversible model flag computed as 1
Variable 't2.Tapirus_indicus.nonSynRate' was not initialized prior to being used
Variable 't2.Tapirus_indicus.synRate' was not initialized prior to being used
Auto-benchmarked an optimal number (3) of threads.
Set GUI update interval to every 8474-th LF evaluation.
Optimization settings:
	OPTIMIZATION_METHOD = 4
	OPTIMIZATION_PRECISION = 0.001
	MAXIMUM_ITERATIONS_PER_VARIABLE = 5000

Initial parameter values

t2.Tapirus_indicus.nonSynRate = 0.1
t2.Tapirus_indicus.synRate = 0.1
Optimization finished in 5 loop passes.
179 likelihood evaluation calls and 154 matrix exponentiations calls were made

Row and/or column partition is empty. All the data will be used by default.
Model MG94customModel assigned to Equus_asinus
Model MG94customModel assigned to Tapirus_terrestris
One branch tree supplied - hopefully this IS what you meant to do.
Rooted tree. Removing one branch - the left root child has been promoted to be the new root
Partition 0 reversible model flag computed as 1
Variable 't2.Tapirus_terrestris.nonSynRate' was not initialized prior to being used
Variable 't2.Tapirus_terrestris.synRate' was not initialized prior to being used
Auto-benchmarked an optimal number (4) of threads.
Set GUI update interval to every 8620-th LF evaluation.
Optimization settings:
	OPTIMIZATION_METHOD = 4
	OPTIMIZATION_PRECISION = 0.001
	MAXIMUM_ITERATIONS_PER_VARIABLE = 5000

Initial parameter values

t2.Tapirus_terrestris.nonSynRate = 0.1
t2.Tapirus_terrestris.synRate = 0.1
Optimization finished in 6 loop passes.
183 likelihood evaluation calls and 154 matrix exponentiations calls were made

Row and/or column partition is empty. All the data will be used by default.
Model MG94customModel assigned to Equus_asinus
Model MG94customModel assigned to Rhinoceros_unicornis
One branch tree supplied - hopefully this IS what you meant to do.
Rooted tree. Removing one branch - the left root child has been promoted to be the new root
Partition 0 reversible model flag computed as 1
Variable 't2.Rhinoceros_unicornis.nonSynRate' was not initialized prior to being used
Variable 't2.Rhinoceros_unicornis.synRate' was not initialized prior to being used
Auto-benchmarked an optimal number (4) of threads.
Set GUI update interval to every 7352-th LF evaluation.
Optimization settings:
	OPTIMIZATION_METHOD = 4
	OPTIMIZATION_PRECISION = 0.001
	MAXIMUM_ITERATIONS_PER_VARIABLE = 5000

Initial parameter values

t2.Rhinoceros_unicornis.nonSynRate = 0.1
t2.Rhinoceros_unicornis.synRate = 0.1
Optimization finished in 6 loop passes.
170 likelihood evaluation calls and 141 matrix exponentiations calls were made

Row and/or column partition is empty. All the data will be used by default.
Model MG94customModel assigned to Equus_asinus
Model MG94customModel assigned to Dicerorhinus_sumatrensis
One branch tree supplied - hopefully this IS what you meant to do.
Rooted tree. Removing one branch - the left root child has been promoted to be the new root
Partition 0 reversible model flag computed as 1
Variable 't2.Dicerorhinus_sumatrensis.nonSynRate' was not initialized prior to being used
Variable 't2.Dicerorhinus_sumatrensis.synRate' was not initialized prior to being used
Auto-benchmarked an optimal number (4) of threads.
Set GUI update interval to every 8333-th LF evaluation.
Optimization settings:
	OPTIMIZATION_METHOD = 4
	OPTIMIZATION_PRECISION = 0.001
	MAXIMUM_ITERATIONS_PER_VARIABLE = 5000

Initial parameter values

t2.Dicerorhinus_sumatrensis.nonSynRate = 0.1
t2.Dicerorhinus_sumatrensis.synRate = 0.1
Optimization finished in 8 loop passes.
163 likelihood evaluation calls and 146 matrix exponentiations calls were made

Row and/or column partition is empty. All the data will be used by default.
Model MG94customModel assigned to Equus_asinus
Model MG94customModel assigned to Ceratotherium_simum_simum
One branch tree supplied - hopefully this IS what you meant to do.
Rooted tree. Removing one branch - the left root child has been promoted to be the new root
Partition 0 reversible model flag computed as 1
Variable 't2.Ceratotherium_simum_simum.nonSynRate' was not initialized prior to being used
Variable 't2.Ceratotherium_simum_simum.synRate' was not initialized prior to being used
Auto-benchmarked an optimal number (4) of threads.
Set GUI update interval to every 8620-th LF evaluation.
Optimization settings:
	OPTIMIZATION_METHOD = 4
	OPTIMIZATION_PRECISION = 0.001
	MAXIMUM_ITERATIONS_PER_VARIABLE = 5000

Initial parameter values

t2.Ceratotherium_simum_simum.nonSynRate = 0.1
t2.Ceratotherium_simum_simum.synRate = 0.1
Optimization finished in 6 loop passes.
214 likelihood evaluation calls and 192 matrix exponentiations calls were made

Row and/or column partition is empty. All the data will be used by default.
Model MG94customModel assigned to Equus_asinus
Model MG94customModel assigned to Diceros_bicornis
One branch tree supplied - hopefully this IS what you meant to do.
Rooted tree. Removing one branch - the left root child has been promoted to be the new root
Partition 0 reversible model flag computed as 1
Variable 't2.Diceros_bicornis.nonSynRate' was not initialized prior to being used
Variable 't2.Diceros_bicornis.synRate' was not initialized prior to being used
Auto-benchmarked an optimal number (4) of threads.
Set GUI update interval to every 8474-th LF evaluation.
Optimization settings:
	OPTIMIZATION_METHOD = 4
	OPTIMIZATION_PRECISION = 0.001
	MAXIMUM_ITERATIONS_PER_VARIABLE = 5000

Initial parameter values

t2.Diceros_bicornis.nonSynRate = 0.1
t2.Diceros_bicornis.synRate = 0.1
Optimization finished in 8 loop passes.
122 likelihood evaluation calls and 107 matrix exponentiations calls were made

Row and/or column partition is empty. All the data will be used by default.
Model MG94customModel assigned to Equus_quagga
Model MG94customModel assigned to Tapirus_indicus
One branch tree supplied - hopefully this IS what you meant to do.
Rooted tree. Removing one branch - the left root child has been promoted to be the new root
Partition 0 reversible model flag computed as 1
Variable 't2.Tapirus_indicus.nonSynRate' was not initialized prior to being used
Variable 't2.Tapirus_indicus.synRate' was not initialized prior to being used
Auto-benchmarked an optimal number (4) of threads.
Set GUI update interval to every 8620-th LF evaluation.
Optimization settings:
	OPTIMIZATION_METHOD = 4
	OPTIMIZATION_PRECISION = 0.001
	MAXIMUM_ITERATIONS_PER_VARIABLE = 5000

Initial parameter values

t2.Tapirus_indicus.nonSynRate = 0.1
t2.Tapirus_indicus.synRate = 0.1
Optimization finished in 6 loop passes.
229 likelihood evaluation calls and 205 matrix exponentiations calls were made

Row and/or column partition is empty. All the data will be used by default.
Model MG94customModel assigned to Equus_quagga
Model MG94customModel assigned to Tapirus_terrestris
One branch tree supplied - hopefully this IS what you meant to do.
Rooted tree. Removing one branch - the left root child has been promoted to be the new root
Partition 0 reversible model flag computed as 1
Variable 't2.Tapirus_terrestris.nonSynRate' was not initialized prior to being used
Variable 't2.Tapirus_terrestris.synRate' was not initialized prior to being used
Auto-benchmarked an optimal number (4) of threads.
Set GUI update interval to every 8474-th LF evaluation.
Optimization settings:
	OPTIMIZATION_METHOD = 4
	OPTIMIZATION_PRECISION = 0.001
	MAXIMUM_ITERATIONS_PER_VARIABLE = 5000

Initial parameter values

t2.Tapirus_terrestris.nonSynRate = 0.1
t2.Tapirus_terrestris.synRate = 0.1
Optimization finished in 6 loop passes.
160 likelihood evaluation calls and 137 matrix exponentiations calls were made

Row and/or column partition is empty. All the data will be used by default.
Model MG94customModel assigned to Equus_quagga
Model MG94customModel assigned to Rhinoceros_unicornis
One branch tree supplied - hopefully this IS what you meant to do.
Rooted tree. Removing one branch - the left root child has been promoted to be the new root
Partition 0 reversible model flag computed as 1
Variable 't2.Rhinoceros_unicornis.nonSynRate' was not initialized prior to being used
Variable 't2.Rhinoceros_unicornis.synRate' was not initialized prior to being used
Auto-benchmarked an optimal number (4) of threads.
Set GUI update interval to every 8620-th LF evaluation.
Optimization settings:
	OPTIMIZATION_METHOD = 4
	OPTIMIZATION_PRECISION = 0.001
	MAXIMUM_ITERATIONS_PER_VARIABLE = 5000

Initial parameter values

t2.Rhinoceros_unicornis.nonSynRate = 0.1
t2.Rhinoceros_unicornis.synRate = 0.1
Optimization finished in 7 loop passes.
80 likelihood evaluation calls and 66 matrix exponentiations calls were made

Row and/or column partition is empty. All the data will be used by default.
Model MG94customModel assigned to Equus_quagga
Model MG94customModel assigned to Dicerorhinus_sumatrensis
One branch tree supplied - hopefully this IS what you meant to do.
Rooted tree. Removing one branch - the left root child has been promoted to be the new root
Partition 0 reversible model flag computed as 1
Variable 't2.Dicerorhinus_sumatrensis.nonSynRate' was not initialized prior to being used
Variable 't2.Dicerorhinus_sumatrensis.synRate' was not initialized prior to being used
Auto-benchmarked an optimal number (4) of threads.
Set GUI update interval to every 8333-th LF evaluation.
Optimization settings:
	OPTIMIZATION_METHOD = 4
	OPTIMIZATION_PRECISION = 0.001
	MAXIMUM_ITERATIONS_PER_VARIABLE = 5000

Initial parameter values

t2.Dicerorhinus_sumatrensis.nonSynRate = 0.1
t2.Dicerorhinus_sumatrensis.synRate = 0.1
Optimization finished in 7 loop passes.
189 likelihood evaluation calls and 172 matrix exponentiations calls were made

Row and/or column partition is empty. All the data will be used by default.
Model MG94customModel assigned to Equus_quagga
Model MG94customModel assigned to Ceratotherium_simum_simum
One branch tree supplied - hopefully this IS what you meant to do.
Rooted tree. Removing one branch - the left root child has been promoted to be the new root
Partition 0 reversible model flag computed as 1
Variable 't2.Ceratotherium_simum_simum.nonSynRate' was not initialized prior to being used
Variable 't2.Ceratotherium_simum_simum.synRate' was not initialized prior to being used
Auto-benchmarked an optimal number (3) of threads.
Set GUI update interval to every 8474-th LF evaluation.
Optimization settings:
	OPTIMIZATION_METHOD = 4
	OPTIMIZATION_PRECISION = 0.001
	MAXIMUM_ITERATIONS_PER_VARIABLE = 5000

Initial parameter values

t2.Ceratotherium_simum_simum.nonSynRate = 0.1
t2.Ceratotherium_simum_simum.synRate = 0.1
Optimization finished in 6 loop passes.
196 likelihood evaluation calls and 175 matrix exponentiations calls were made

Row and/or column partition is empty. All the data will be used by default.
Model MG94customModel assigned to Equus_quagga
Model MG94customModel assigned to Diceros_bicornis
One branch tree supplied - hopefully this IS what you meant to do.
Rooted tree. Removing one branch - the left root child has been promoted to be the new root
Partition 0 reversible model flag computed as 1
Variable 't2.Diceros_bicornis.nonSynRate' was not initialized prior to being used
Variable 't2.Diceros_bicornis.synRate' was not initialized prior to being used
Auto-benchmarked an optimal number (4) of threads.
Set GUI update interval to every 8620-th LF evaluation.
Optimization settings:
	OPTIMIZATION_METHOD = 4
	OPTIMIZATION_PRECISION = 0.001
	MAXIMUM_ITERATIONS_PER_VARIABLE = 5000

Initial parameter values

t2.Diceros_bicornis.nonSynRate = 0.1
t2.Diceros_bicornis.synRate = 0.1
Optimization finished in 6 loop passes.
163 likelihood evaluation calls and 141 matrix exponentiations calls were made

Row and/or column partition is empty. All the data will be used by default.
Model MG94customModel assigned to Tapirus_indicus
Model MG94customModel assigned to Tapirus_terrestris
One branch tree supplied - hopefully this IS what you meant to do.
Rooted tree. Removing one branch - the left root child has been promoted to be the new root
Partition 0 reversible model flag computed as 1
Variable 't2.Tapirus_terrestris.nonSynRate' was not initialized prior to being used
Variable 't2.Tapirus_terrestris.synRate' was not initialized prior to being used
Auto-benchmarked an optimal number (3) of threads.
Set GUI update interval to every 8474-th LF evaluation.
Optimization settings:
	OPTIMIZATION_METHOD = 4
	OPTIMIZATION_PRECISION = 0.001
	MAXIMUM_ITERATIONS_PER_VARIABLE = 5000

Initial parameter values

t2.Tapirus_terrestris.nonSynRate = 0.1
t2.Tapirus_terrestris.synRate = 0.1
Optimization finished in 3 loop passes.
88 likelihood evaluation calls and 74 matrix exponentiations calls were made

Row and/or column partition is empty. All the data will be used by default.
Model MG94customModel assigned to Tapirus_indicus
Model MG94customModel assigned to Rhinoceros_unicornis
One branch tree supplied - hopefully this IS what you meant to do.
Rooted tree. Removing one branch - the left root child has been promoted to be the new root
Partition 0 reversible model flag computed as 1
Variable 't2.Rhinoceros_unicornis.nonSynRate' was not initialized prior to being used
Variable 't2.Rhinoceros_unicornis.synRate' was not initialized prior to being used
Auto-benchmarked an optimal number (5) of threads.
Set GUI update interval to every 8620-th LF evaluation.
Optimization settings:
	OPTIMIZATION_METHOD = 4
	OPTIMIZATION_PRECISION = 0.001
	MAXIMUM_ITERATIONS_PER_VARIABLE = 5000

Initial parameter values

t2.Rhinoceros_unicornis.nonSynRate = 0.1
t2.Rhinoceros_unicornis.synRate = 0.1
Optimization finished in 6 loop passes.
149 likelihood evaluation calls and 132 matrix exponentiations calls were made

Row and/or column partition is empty. All the data will be used by default.
Model MG94customModel assigned to Tapirus_indicus
Model MG94customModel assigned to Dicerorhinus_sumatrensis
One branch tree supplied - hopefully this IS what you meant to do.
Rooted tree. Removing one branch - the left root child has been promoted to be the new root
Partition 0 reversible model flag computed as 1
Variable 't2.Dicerorhinus_sumatrensis.nonSynRate' was not initialized prior to being used
Variable 't2.Dicerorhinus_sumatrensis.synRate' was not initialized prior to being used
Auto-benchmarked an optimal number (4) of threads.
Set GUI update interval to every 8196-th LF evaluation.
Optimization settings:
	OPTIMIZATION_METHOD = 4
	OPTIMIZATION_PRECISION = 0.001
	MAXIMUM_ITERATIONS_PER_VARIABLE = 5000

Initial parameter values

t2.Dicerorhinus_sumatrensis.nonSynRate = 0.1
t2.Dicerorhinus_sumatrensis.synRate = 0.1
Optimization finished in 3 loop passes.
117 likelihood evaluation calls and 105 matrix exponentiations calls were made

Row and/or column partition is empty. All the data will be used by default.
Model MG94customModel assigned to Tapirus_indicus
Model MG94customModel assigned to Ceratotherium_simum_simum
One branch tree supplied - hopefully this IS what you meant to do.
Rooted tree. Removing one branch - the left root child has been promoted to be the new root
Partition 0 reversible model flag computed as 1
Variable 't2.Ceratotherium_simum_simum.nonSynRate' was not initialized prior to being used
Variable 't2.Ceratotherium_simum_simum.synRate' was not initialized prior to being used
Auto-benchmarked an optimal number (3) of threads.
Set GUI update interval to every 8333-th LF evaluation.
Optimization settings:
	OPTIMIZATION_METHOD = 4
	OPTIMIZATION_PRECISION = 0.001
	MAXIMUM_ITERATIONS_PER_VARIABLE = 5000

Initial parameter values

t2.Ceratotherium_simum_simum.nonSynRate = 0.1
t2.Ceratotherium_simum_simum.synRate = 0.1
Optimization finished in 7 loop passes.
143 likelihood evaluation calls and 126 matrix exponentiations calls were made

Row and/or column partition is empty. All the data will be used by default.
Model MG94customModel assigned to Tapirus_indicus
Model MG94customModel assigned to Diceros_bicornis
One branch tree supplied - hopefully this IS what you meant to do.
Rooted tree. Removing one branch - the left root child has been promoted to be the new root
Partition 0 reversible model flag computed as 1
Variable 't2.Diceros_bicornis.nonSynRate' was not initialized prior to being used
Variable 't2.Diceros_bicornis.synRate' was not initialized prior to being used
Auto-benchmarked an optimal number (3) of threads.
Set GUI update interval to every 8474-th LF evaluation.
Optimization settings:
	OPTIMIZATION_METHOD = 4
	OPTIMIZATION_PRECISION = 0.001
	MAXIMUM_ITERATIONS_PER_VARIABLE = 5000

Initial parameter values

t2.Diceros_bicornis.nonSynRate = 0.1
t2.Diceros_bicornis.synRate = 0.1
Optimization finished in 7 loop passes.
117 likelihood evaluation calls and 106 matrix exponentiations calls were made

Row and/or column partition is empty. All the data will be used by default.
Model MG94customModel assigned to Tapirus_terrestris
Model MG94customModel assigned to Rhinoceros_unicornis
One branch tree supplied - hopefully this IS what you meant to do.
Rooted tree. Removing one branch - the left root child has been promoted to be the new root
Partition 0 reversible model flag computed as 1
Variable 't2.Rhinoceros_unicornis.nonSynRate' was not initialized prior to being used
Variable 't2.Rhinoceros_unicornis.synRate' was not initialized prior to being used
Auto-benchmarked an optimal number (4) of threads.
Set GUI update interval to every 8771-th LF evaluation.
Optimization settings:
	OPTIMIZATION_METHOD = 4
	OPTIMIZATION_PRECISION = 0.001
	MAXIMUM_ITERATIONS_PER_VARIABLE = 5000

Initial parameter values

t2.Rhinoceros_unicornis.nonSynRate = 0.1
t2.Rhinoceros_unicornis.synRate = 0.1
Optimization finished in 6 loop passes.
152 likelihood evaluation calls and 135 matrix exponentiations calls were made

Row and/or column partition is empty. All the data will be used by default.
Model MG94customModel assigned to Tapirus_terrestris
Model MG94customModel assigned to Dicerorhinus_sumatrensis
One branch tree supplied - hopefully this IS what you meant to do.
Rooted tree. Removing one branch - the left root child has been promoted to be the new root
Partition 0 reversible model flag computed as 1
Variable 't2.Dicerorhinus_sumatrensis.nonSynRate' was not initialized prior to being used
Variable 't2.Dicerorhinus_sumatrensis.synRate' was not initialized prior to being used
Auto-benchmarked an optimal number (3) of threads.
Set GUI update interval to every 8196-th LF evaluation.
Optimization settings:
	OPTIMIZATION_METHOD = 4
	OPTIMIZATION_PRECISION = 0.001
	MAXIMUM_ITERATIONS_PER_VARIABLE = 5000

Initial parameter values

t2.Dicerorhinus_sumatrensis.nonSynRate = 0.1
t2.Dicerorhinus_sumatrensis.synRate = 0.1
Optimization finished in 5 loop passes.
163 likelihood evaluation calls and 146 matrix exponentiations calls were made

Row and/or column partition is empty. All the data will be used by default.
Model MG94customModel assigned to Tapirus_terrestris
Model MG94customModel assigned to Ceratotherium_simum_simum
One branch tree supplied - hopefully this IS what you meant to do.
Rooted tree. Removing one branch - the left root child has been promoted to be the new root
Partition 0 reversible model flag computed as 1
Variable 't2.Ceratotherium_simum_simum.nonSynRate' was not initialized prior to being used
Variable 't2.Ceratotherium_simum_simum.synRate' was not initialized prior to being used
Auto-benchmarked an optimal number (4) of threads.
Set GUI update interval to every 8620-th LF evaluation.
Optimization settings:
	OPTIMIZATION_METHOD = 4
	OPTIMIZATION_PRECISION = 0.001
	MAXIMUM_ITERATIONS_PER_VARIABLE = 5000

Initial parameter values

t2.Ceratotherium_simum_simum.nonSynRate = 0.1
t2.Ceratotherium_simum_simum.synRate = 0.1
Optimization finished in 6 loop passes.
171 likelihood evaluation calls and 158 matrix exponentiations calls were made

Row and/or column partition is empty. All the data will be used by default.
Model MG94customModel assigned to Tapirus_terrestris
Model MG94customModel assigned to Diceros_bicornis
One branch tree supplied - hopefully this IS what you meant to do.
Rooted tree. Removing one branch - the left root child has been promoted to be the new root
Partition 0 reversible model flag computed as 1
Variable 't2.Diceros_bicornis.nonSynRate' was not initialized prior to being used
Variable 't2.Diceros_bicornis.synRate' was not initialized prior to being used
Auto-benchmarked an optimal number (4) of threads.
Set GUI update interval to every 8620-th LF evaluation.
Optimization settings:
	OPTIMIZATION_METHOD = 4
	OPTIMIZATION_PRECISION = 0.001
	MAXIMUM_ITERATIONS_PER_VARIABLE = 5000

Initial parameter values

t2.Diceros_bicornis.nonSynRate = 0.1
t2.Diceros_bicornis.synRate = 0.1
Optimization finished in 6 loop passes.
66 likelihood evaluation calls and 58 matrix exponentiations calls were made

Row and/or column partition is empty. All the data will be used by default.
Model MG94customModel assigned to Rhinoceros_unicornis
Model MG94customModel assigned to Dicerorhinus_sumatrensis
One branch tree supplied - hopefully this IS what you meant to do.
Rooted tree. Removing one branch - the left root child has been promoted to be the new root
Partition 0 reversible model flag computed as 1
Variable 't2.Dicerorhinus_sumatrensis.nonSynRate' was not initialized prior to being used
Variable 't2.Dicerorhinus_sumatrensis.synRate' was not initialized prior to being used
Auto-benchmarked an optimal number (3) of threads.
Set GUI update interval to every 8333-th LF evaluation.
Optimization settings:
	OPTIMIZATION_METHOD = 4
	OPTIMIZATION_PRECISION = 0.001
	MAXIMUM_ITERATIONS_PER_VARIABLE = 5000

Initial parameter values

t2.Dicerorhinus_sumatrensis.nonSynRate = 0.1
t2.Dicerorhinus_sumatrensis.synRate = 0.1
Optimization finished in 3 loop passes.
113 likelihood evaluation calls and 103 matrix exponentiations calls were made

Row and/or column partition is empty. All the data will be used by default.
Model MG94customModel assigned to Rhinoceros_unicornis
Model MG94customModel assigned to Ceratotherium_simum_simum
One branch tree supplied - hopefully this IS what you meant to do.
Rooted tree. Removing one branch - the left root child has been promoted to be the new root
Partition 0 reversible model flag computed as 1
Variable 't2.Ceratotherium_simum_simum.nonSynRate' was not initialized prior to being used
Variable 't2.Ceratotherium_simum_simum.synRate' was not initialized prior to being used
Auto-benchmarked an optimal number (5) of threads.
Set GUI update interval to every 8620-th LF evaluation.
Optimization settings:
	OPTIMIZATION_METHOD = 4
	OPTIMIZATION_PRECISION = 0.001
	MAXIMUM_ITERATIONS_PER_VARIABLE = 5000

Initial parameter values

t2.Ceratotherium_simum_simum.nonSynRate = 0.1
t2.Ceratotherium_simum_simum.synRate = 0.1
Optimization finished in 7 loop passes.
192 likelihood evaluation calls and 178 matrix exponentiations calls were made

Row and/or column partition is empty. All the data will be used by default.
Model MG94customModel assigned to Rhinoceros_unicornis
Model MG94customModel assigned to Diceros_bicornis
One branch tree supplied - hopefully this IS what you meant to do.
Rooted tree. Removing one branch - the left root child has been promoted to be the new root
Partition 0 reversible model flag computed as 1
Variable 't2.Diceros_bicornis.nonSynRate' was not initialized prior to being used
Variable 't2.Diceros_bicornis.synRate' was not initialized prior to being used
Auto-benchmarked an optimal number (4) of threads.
Set GUI update interval to every 8620-th LF evaluation.
Optimization settings:
	OPTIMIZATION_METHOD = 4
	OPTIMIZATION_PRECISION = 0.001
	MAXIMUM_ITERATIONS_PER_VARIABLE = 5000

Initial parameter values

t2.Diceros_bicornis.nonSynRate = 0.1
t2.Diceros_bicornis.synRate = 0.1
Optimization finished in 7 loop passes.
133 likelihood evaluation calls and 125 matrix exponentiations calls were made

Row and/or column partition is empty. All the data will be used by default.
Model MG94customModel assigned to Dicerorhinus_sumatrensis
Model MG94customModel assigned to Ceratotherium_simum_simum
One branch tree supplied - hopefully this IS what you meant to do.
Rooted tree. Removing one branch - the left root child has been promoted to be the new root
Partition 0 reversible model flag computed as 1
Variable 't2.Ceratotherium_simum_simum.nonSynRate' was not initialized prior to being used
Variable 't2.Ceratotherium_simum_simum.synRate' was not initialized prior to being used
Auto-benchmarked an optimal number (5) of threads.
Set GUI update interval to every 8333-th LF evaluation.
Optimization settings:
	OPTIMIZATION_METHOD = 4
	OPTIMIZATION_PRECISION = 0.001
	MAXIMUM_ITERATIONS_PER_VARIABLE = 5000

Initial parameter values

t2.Ceratotherium_simum_simum.nonSynRate = 0.1
t2.Ceratotherium_simum_simum.synRate = 0.1
Optimization finished in 8 loop passes.
145 likelihood evaluation calls and 130 matrix exponentiations calls were made

Row and/or column partition is empty. All the data will be used by default.
Model MG94customModel assigned to Dicerorhinus_sumatrensis
Model MG94customModel assigned to Diceros_bicornis
One branch tree supplied - hopefully this IS what you meant to do.
Rooted tree. Removing one branch - the left root child has been promoted to be the new root
Partition 0 reversible model flag computed as 1
Variable 't2.Diceros_bicornis.nonSynRate' was not initialized prior to being used
Variable 't2.Diceros_bicornis.synRate' was not initialized prior to being used
Auto-benchmarked an optimal number (3) of threads.
Set GUI update interval to every 8064-th LF evaluation.
Optimization settings:
	OPTIMIZATION_METHOD = 4
	OPTIMIZATION_PRECISION = 0.001
	MAXIMUM_ITERATIONS_PER_VARIABLE = 5000

Initial parameter values

t2.Diceros_bicornis.nonSynRate = 0.1
t2.Diceros_bicornis.synRate = 0.1
Optimization finished in 7 loop passes.
140 likelihood evaluation calls and 122 matrix exponentiations calls were made

Row and/or column partition is empty. All the data will be used by default.
Model MG94customModel assigned to Ceratotherium_simum_simum
Model MG94customModel assigned to Diceros_bicornis
One branch tree supplied - hopefully this IS what you meant to do.
Rooted tree. Removing one branch - the left root child has been promoted to be the new root
Partition 0 reversible model flag computed as 1
Auto-benchmarked an optimal number (3) of threads.
Set GUI update interval to every 1347-th LF evaluation.
Optimization settings:
	OPTIMIZATION_METHOD = 4
	OPTIMIZATION_PRECISION = 0.001
	MAXIMUM_ITERATIONS_PER_VARIABLE = 5000

Initial parameter values

t2.Diceros_bicornis.nonSynRate = 0.1
t2.Diceros_bicornis.synRate = 0.1
Optimization finished in 6 loop passes.
142 likelihood evaluation calls and 124 matrix exponentiations calls were made
