Sus_scrofa
Ovis_aries
Orcinus_orca
Tursiops_truncatus
Capra_hircus
Bos_mutus
Bubalus_bubalis
Camelus_ferus
Vicugna_pacos
Physeter_catodon
Balaenoptera_acutorostrata_scammoni
Lipotes_vexillifer_
Bos_taurus
Bison_bison_bison
Camelus_bactrianus
Camelus_dromedarius
Odocoileus_virginianus_texanus
Delphinapterus_leucas
Lagenorhynchus_obliquidens
Bos_indicus_x_Bos_taurus
Monodon_monoceros
Globicephala_melas
Balaenoptera_musculus
Oryx_dammah
Cervus_canadensis
Cervus_elaphus
Phacochoerus_africanus
Budorcas_taxicolor
Moschus_berezovskii
Bubalus_carabanensis
