
Loaded 'libv3/convenience/matrix.bf' from /usr/local/lib/hyphy/TemplateBatchFiles/libv3/convenience/matrix.bf
Loaded 'libv3/UtilityFunctions.bf' from /usr/local/lib/hyphy/TemplateBatchFiles/libv3/UtilityFunctions.bf
Loaded 'IOFunctions.bf' from /usr/local/lib/hyphy/TemplateBatchFiles/libv3/IOFunctions.bf
Already loaded 'libv3/UtilityFunctions.bf' from /usr/local/lib/hyphy/TemplateBatchFiles/libv3/UtilityFunctions.bf
Loaded 'convenience/regexp.bf' from /usr/local/lib/hyphy/TemplateBatchFiles/libv3/convenience/regexp.bf
Loaded 'libv3/all-terms.bf' from /usr/local/lib/hyphy/TemplateBatchFiles/libv3/all-terms.bf
Variable 'skipCodeSelectionStep' was not initialized prior to being used
Row and/or column partition is empty. All the data will be used by default.
Overwritten previously defined function:'GaussLaguerreQuardature'
Overwritten previously defined function:'GammaQuadWeight'
Variable 'SKIP_HARVEST_FREQ' was not initialized prior to being used
Variable '_WRAP_PASSTHROUGH_FLAG_' was not initialized prior to being used
Variable 'END_OF_FILE' was not initialized prior to being used
Variable '_DO_TREE_REBALANCE_' was not initialized prior to being used
Variable '_KEEP_I_LABELS_' was not initialized prior to being used
Model MG94customModel assigned to Antechinus_flavipes
Antechinus_flavipes has 2 parameters - branch length not assigned
Model MG94customModel assigned to Sarcophilus_harrisii
Sarcophilus_harrisii has 2 parameters - branch length not assigned
Model MG94customModel assigned to Node3
Node3 has 2 parameters - branch length not assigned
Model MG94customModel assigned to Trichosurus_vulpecula
Trichosurus_vulpecula has 2 parameters - branch length not assigned
Model MG94customModel assigned to Phascolarctos_cinereus
Phascolarctos_cinereus has 2 parameters - branch length not assigned
Model MG94customModel assigned to Vombatus_ursinus
Vombatus_ursinus has 2 parameters - branch length not assigned
Model MG94customModel assigned to Node8
Node8 has 2 parameters - branch length not assigned
Model MG94customModel assigned to Node6
Node6 has 2 parameters - branch length not assigned
Model MG94customModel assigned to Node2
Node2 has 2 parameters - branch length not assigned
Model MG94customModel assigned to Dromiciops_gliroides
Dromiciops_gliroides has 2 parameters - branch length not assigned
Model MG94customModel assigned to Node1
Node1 has 2 parameters - branch length not assigned
Model MG94customModel assigned to Monodelphis_domestica
Monodelphis_domestica has 2 parameters - branch length not assigned
Model MG94customModel assigned to Gracilinanus_agilis
Gracilinanus_agilis has 2 parameters - branch length not assigned
Model MG94customModel assigned to Node12
Node12 has 2 parameters - branch length not assigned
Model MG94customModel assigned to Tachyglossus_aculeatus
Tachyglossus_aculeatus has 2 parameters - branch length not assigned
Model MG94customModel assigned to Ornithorhynchus_anatinus
Ornithorhynchus_anatinus has 2 parameters - branch length not assigned
Model MG94customModel assigned to Node15
Node15 has 2 parameters - branch length not assigned
The tips of the tree:givenTree were matched with the species names from the data in the following numeric order (0-based) {7,6,4,2,3,5,8,9,1,0}

Pseudo-optimal path's cost 7845 vs 10845 for 1..k=> a 1.38241 x improvement
Partition 0 reversible model flag computed as 1
Variable 'theLnLik' was not initialized prior to being used
Variable 'SAVE_OPT_STATUS_TO' was not initialized prior to being used
Variable 'givenTree.Antechinus_flavipes.nonSynRate' was not initialized prior to being used
Variable 'givenTree.Antechinus_flavipes.synRate' was not initialized prior to being used
Variable 'givenTree.Sarcophilus_harrisii.nonSynRate' was not initialized prior to being used
Variable 'givenTree.Sarcophilus_harrisii.synRate' was not initialized prior to being used
Variable 'givenTree.Trichosurus_vulpecula.nonSynRate' was not initialized prior to being used
Variable 'givenTree.Trichosurus_vulpecula.synRate' was not initialized prior to being used
Variable 'givenTree.Phascolarctos_cinereus.nonSynRate' was not initialized prior to being used
Variable 'givenTree.Phascolarctos_cinereus.synRate' was not initialized prior to being used
Variable 'givenTree.Vombatus_ursinus.nonSynRate' was not initialized prior to being used
Variable 'givenTree.Vombatus_ursinus.synRate' was not initialized prior to being used
Variable 'givenTree.Dromiciops_gliroides.nonSynRate' was not initialized prior to being used
Variable 'givenTree.Dromiciops_gliroides.synRate' was not initialized prior to being used
Variable 'givenTree.Monodelphis_domestica.nonSynRate' was not initialized prior to being used
Variable 'givenTree.Monodelphis_domestica.synRate' was not initialized prior to being used
Variable 'givenTree.Gracilinanus_agilis.nonSynRate' was not initialized prior to being used
Variable 'givenTree.Gracilinanus_agilis.synRate' was not initialized prior to being used
Variable 'givenTree.Tachyglossus_aculeatus.nonSynRate' was not initialized prior to being used
Variable 'givenTree.Tachyglossus_aculeatus.synRate' was not initialized prior to being used
Variable 'givenTree.Ornithorhynchus_anatinus.nonSynRate' was not initialized prior to being used
Variable 'givenTree.Ornithorhynchus_anatinus.synRate' was not initialized prior to being used
Variable 'givenTree.Node3.nonSynRate' was not initialized prior to being used
Variable 'givenTree.Node3.synRate' was not initialized prior to being used
Variable 'givenTree.Node8.nonSynRate' was not initialized prior to being used
Variable 'givenTree.Node8.synRate' was not initialized prior to being used
Variable 'givenTree.Node6.nonSynRate' was not initialized prior to being used
Variable 'givenTree.Node6.synRate' was not initialized prior to being used
Variable 'givenTree.Node2.nonSynRate' was not initialized prior to being used
Variable 'givenTree.Node2.synRate' was not initialized prior to being used
Variable 'givenTree.Node1.nonSynRate' was not initialized prior to being used
Variable 'givenTree.Node1.synRate' was not initialized prior to being used
Variable 'givenTree.Node12.nonSynRate' was not initialized prior to being used
Variable 'givenTree.Node12.synRate' was not initialized prior to being used
Variable 'givenTree.Node15.nonSynRate' was not initialized prior to being used
Variable 'givenTree.Node15.synRate' was not initialized prior to being used
Site 231 evaluated to a 0 probability in ComputeTreeBlockByBranch
Site 326 evaluated to a 0 probability in ComputeTreeBlockByBranch
Site 231 evaluated to a 0 probability in ComputeTreeBlockByBranch
Site 231 evaluated to a 0 probability in ComputeTreeBlockByBranch
Site 554 evaluated to a 0 probability in ComputeTreeBlockByBranch
Site 678 evaluated to a 0 probability in ComputeTreeBlockByBranch
Site 231 evaluated to a 0 probability in ComputeTreeBlockByBranch
Site 444 evaluated to a 0 probability in ComputeTreeBlockByBranch
Site 71 evaluated to a 0 probability in ComputeTreeBlockByBranch
Site 326 evaluated to a 0 probability in ComputeTreeBlockByBranch
Site 569 evaluated to a 0 probability in ComputeTreeBlockByBranch
Site 18 evaluated to a 0 probability in ComputeTreeBlockByBranch
Site 231 evaluated to a 0 probability in ComputeTreeBlockByBranch
Site 665 evaluated to a 0 probability in ComputeTreeBlockByBranch
Site 280 evaluated to a 0 probability in ComputeTreeBlockByBranch
Site 326 evaluated to a 0 probability in ComputeTreeBlockByBranch
Site 554 evaluated to a 0 probability in ComputeTreeBlockByBranch
Site 231 evaluated to a 0 probability in ComputeTreeBlockByBranch
Site 669 evaluated to a 0 probability in ComputeTreeBlockByBranch
Site 653 evaluated to a 0 probability in ComputeTreeBlockByBranch
Site 678 evaluated to a 0 probability in ComputeTreeBlockByBranch
Site 583 evaluated to a 0 probability in ComputeTreeBlockByBranch
Site 608 evaluated to a 0 probability in ComputeTreeBlockByBranch
Site 649 evaluated to a 0 probability in ComputeTreeBlockByBranch
Site 231 evaluated to a 0 probability in ComputeTreeBlockByBranch
Site 187 evaluated to a 0 probability in ComputeTreeBlockByBranch
Site 313 evaluated to a 0 probability in ComputeTreeBlockByBranch
Site 404 evaluated to a 0 probability in ComputeTreeBlockByBranch
Site 548 evaluated to a 0 probability in ComputeTreeBlockByBranch
Site 259 evaluated to a 0 probability in ComputeTreeBlockByBranch
Site 310 evaluated to a 0 probability in ComputeTreeBlockByBranch
Site 62 evaluated to a 0 probability in ComputeTreeBlockByBranch
Site 231 evaluated to a 0 probability in ComputeTreeBlockByBranch
Site 205 evaluated to a 0 probability in ComputeTreeBlockByBranch
Site 127 evaluated to a 0 probability in ComputeTreeBlockByBranch
Site 460 evaluated to a 0 probability in ComputeTreeBlockByBranch
Site 76 evaluated to a 0 probability in ComputeTreeBlockByBranch
Site 303 evaluated to a 0 probability in ComputeTreeBlockByBranch
Site 678 evaluated to a 0 probability in ComputeTreeBlockByBranch
Site 554 evaluated to a 0 probability in ComputeTreeBlockByBranch
Site 637 evaluated to a 0 probability in ComputeTreeBlockByBranch
Site 231 evaluated to a 0 probability in ComputeTreeBlockByBranch
Site 199 evaluated to a 0 probability in ComputeTreeBlockByBranch
Site 194 evaluated to a 0 probability in ComputeTreeBlockByBranch
Site 134 evaluated to a 0 probability in ComputeTreeBlockByBranch
Site 198 evaluated to a 0 probability in ComputeTreeBlockByBranch
Site 385 evaluated to a 0 probability in ComputeTreeBlockByBranch
Site 229 evaluated to a 0 probability in ComputeTreeBlockByBranch
Site 231 evaluated to a 0 probability in ComputeTreeBlockByBranch
Site 501 evaluated to a 0 probability in ComputeTreeBlockByBranch
Site 443 evaluated to a 0 probability in ComputeTreeBlockByBranch
Site 109 evaluated to a 0 probability in ComputeTreeBlockByBranch
Site 32 evaluated to a 0 probability in ComputeTreeBlockByBranch
Site 619 evaluated to a 0 probability in ComputeTreeBlockByBranch
Site 216 evaluated to a 0 probability in ComputeTreeBlockByBranch
Auto-benchmarked an optimal number (9) of threads.
Set GUI update interval to every 233-th LF evaluation.
Initial guess for givenTree.Node2.nonSynRate is 0.0103919
Initial guess for givenTree.Node2.synRate is 0.0160987
Initial guess for givenTree.Node3.nonSynRate is 0.000720359
Initial guess for givenTree.Node3.synRate is -0.00169079
Initial guess for givenTree.Antechinus_flavipes.nonSynRate is 0.0200496
Initial guess for givenTree.Antechinus_flavipes.synRate is 0.0127216
Initial guess for givenTree.Sarcophilus_harrisii.nonSynRate is 0.00985623
Initial guess for givenTree.Sarcophilus_harrisii.synRate is 0.00878738
Initial guess for givenTree.Node6.nonSynRate is 0.0355869
Initial guess for givenTree.Node6.synRate is 0.0302317
Initial guess for givenTree.Trichosurus_vulpecula.nonSynRate is 0.0215293
Initial guess for givenTree.Trichosurus_vulpecula.synRate is 0.0145438
Initial guess for givenTree.Node8.nonSynRate is 0.00904037
Initial guess for givenTree.Node8.synRate is 0.0026787
Initial guess for givenTree.Phascolarctos_cinereus.nonSynRate is 0.00822754
Initial guess for givenTree.Phascolarctos_cinereus.synRate is 0.00616533
Initial guess for givenTree.Vombatus_ursinus.nonSynRate is 0.0102249
Initial guess for givenTree.Vombatus_ursinus.synRate is 0.00374884
Initial guess for givenTree.Dromiciops_gliroides.nonSynRate is 0.0305083
Initial guess for givenTree.Dromiciops_gliroides.synRate is 0.0221555
Initial guess for givenTree.Node12.nonSynRate is 0.0134778
Initial guess for givenTree.Node12.synRate is 0.0115914
Initial guess for givenTree.Monodelphis_domestica.nonSynRate is 0.0176217
Initial guess for givenTree.Monodelphis_domestica.synRate is 0.0140348
Initial guess for givenTree.Gracilinanus_agilis.nonSynRate is 0.021151
Initial guess for givenTree.Gracilinanus_agilis.synRate is 0.00929722
Initial guess for givenTree.Node15.nonSynRate is 0.0550999
Initial guess for givenTree.Node15.synRate is 0.0446164
Initial guess for givenTree.Tachyglossus_aculeatus.nonSynRate is 0.0236665
Initial guess for givenTree.Tachyglossus_aculeatus.synRate is 0.00649607
Initial guess for givenTree.Ornithorhynchus_anatinus.nonSynRate is 0.011105
Initial guess for givenTree.Ornithorhynchus_anatinus.synRate is 0.00686113
Optimization settings:
	OPTIMIZATION_METHOD = 4
	OPTIMIZATION_PRECISION = 0.001
	MAXIMUM_ITERATIONS_PER_VARIABLE = 5000

Initial parameter values

GT = 1
CT = 1
CG = 1
AC = 1
AT = 1
givenTree.Antechinus_flavipes.synRate = 0.0127216
givenTree.Antechinus_flavipes.nonSynRate = 0.0200496
givenTree.Sarcophilus_harrisii.synRate = 0.00878738
givenTree.Sarcophilus_harrisii.nonSynRate = 0.00985623
givenTree.Node3.synRate = 0
givenTree.Node3.nonSynRate = 0.000720359
givenTree.Trichosurus_vulpecula.synRate = 0.0145438
givenTree.Trichosurus_vulpecula.nonSynRate = 0.0215293
givenTree.Phascolarctos_cinereus.synRate = 0.00616533
givenTree.Phascolarctos_cinereus.nonSynRate = 0.00822754
givenTree.Vombatus_ursinus.synRate = 0.00374884
givenTree.Vombatus_ursinus.nonSynRate = 0.0102249
givenTree.Node8.synRate = 0.0026787
givenTree.Node8.nonSynRate = 0.00904037
givenTree.Node6.synRate = 0.0302317
givenTree.Node6.nonSynRate = 0.0355869
givenTree.Node2.synRate = 0.0160987
givenTree.Node2.nonSynRate = 0.0103919
givenTree.Dromiciops_gliroides.synRate = 0.0221555
givenTree.Dromiciops_gliroides.nonSynRate = 0.0305083
givenTree.Node1.synRate = 0.1
givenTree.Node1.nonSynRate = 0.1
givenTree.Monodelphis_domestica.synRate = 0.0140348
givenTree.Monodelphis_domestica.nonSynRate = 0.0176217
givenTree.Gracilinanus_agilis.synRate = 0.00929722
givenTree.Gracilinanus_agilis.nonSynRate = 0.021151
givenTree.Node12.synRate = 0.0115914
givenTree.Node12.nonSynRate = 0.0134778
givenTree.Tachyglossus_aculeatus.synRate = 0.00649607
givenTree.Tachyglossus_aculeatus.nonSynRate = 0.0236665
givenTree.Ornithorhynchus_anatinus.synRate = 0.00686113
givenTree.Ornithorhynchus_anatinus.nonSynRate = 0.011105
givenTree.Node15.synRate = 0.0446164
givenTree.Node15.nonSynRate = 0.0550999
Optimization finished in 26 loop passes.
3377 likelihood evaluation calls and 15897 matrix exponentiations calls were made

Variable 'lastDepth' was not initialized prior to being used
No nodel was assigned to Antechinus_flavipes
Antechinus_flavipes has 0 parameters - branch length not assigned
No nodel was assigned to Sarcophilus_harrisii
Sarcophilus_harrisii has 0 parameters - branch length not assigned
No nodel was assigned to Node3
Node3 has 0 parameters - branch length not assigned
No nodel was assigned to Trichosurus_vulpecula
Trichosurus_vulpecula has 0 parameters - branch length not assigned
No nodel was assigned to Phascolarctos_cinereus
Phascolarctos_cinereus has 0 parameters - branch length not assigned
No nodel was assigned to Vombatus_ursinus
Vombatus_ursinus has 0 parameters - branch length not assigned
No nodel was assigned to Node8
Node8 has 0 parameters - branch length not assigned
No nodel was assigned to Node6
Node6 has 0 parameters - branch length not assigned
No nodel was assigned to Node2
Node2 has 0 parameters - branch length not assigned
No nodel was assigned to Dromiciops_gliroides
Dromiciops_gliroides has 0 parameters - branch length not assigned
No nodel was assigned to Node1
Node1 has 0 parameters - branch length not assigned
No nodel was assigned to Monodelphis_domestica
Monodelphis_domestica has 0 parameters - branch length not assigned
No nodel was assigned to Gracilinanus_agilis
Gracilinanus_agilis has 0 parameters - branch length not assigned
No nodel was assigned to Node12
Node12 has 0 parameters - branch length not assigned
No nodel was assigned to Tachyglossus_aculeatus
Tachyglossus_aculeatus has 0 parameters - branch length not assigned
No nodel was assigned to Ornithorhynchus_anatinus
Ornithorhynchus_anatinus has 0 parameters - branch length not assigned
No nodel was assigned to Node15
Node15 has 0 parameters - branch length not assigned
No nodel was assigned to Antechinus_flavipes
Antechinus_flavipes has 0 parameters - branch length not assigned
No nodel was assigned to Sarcophilus_harrisii
Sarcophilus_harrisii has 0 parameters - branch length not assigned
No nodel was assigned to Node3
Node3 has 0 parameters - branch length not assigned
No nodel was assigned to Trichosurus_vulpecula
Trichosurus_vulpecula has 0 parameters - branch length not assigned
No nodel was assigned to Phascolarctos_cinereus
Phascolarctos_cinereus has 0 parameters - branch length not assigned
No nodel was assigned to Vombatus_ursinus
Vombatus_ursinus has 0 parameters - branch length not assigned
No nodel was assigned to Node8
Node8 has 0 parameters - branch length not assigned
No nodel was assigned to Node6
Node6 has 0 parameters - branch length not assigned
No nodel was assigned to Node2
Node2 has 0 parameters - branch length not assigned
No nodel was assigned to Dromiciops_gliroides
Dromiciops_gliroides has 0 parameters - branch length not assigned
No nodel was assigned to Node1
Node1 has 0 parameters - branch length not assigned
No nodel was assigned to Monodelphis_domestica
Monodelphis_domestica has 0 parameters - branch length not assigned
No nodel was assigned to Gracilinanus_agilis
Gracilinanus_agilis has 0 parameters - branch length not assigned
No nodel was assigned to Node12
Node12 has 0 parameters - branch length not assigned
No nodel was assigned to Tachyglossus_aculeatus
Tachyglossus_aculeatus has 0 parameters - branch length not assigned
No nodel was assigned to Ornithorhynchus_anatinus
Ornithorhynchus_anatinus has 0 parameters - branch length not assigned
No nodel was assigned to Node15
Node15 has 0 parameters - branch length not assigned
No nodel was assigned to Antechinus_flavipes
Antechinus_flavipes has 0 parameters - branch length not assigned
No nodel was assigned to Sarcophilus_harrisii
Sarcophilus_harrisii has 0 parameters - branch length not assigned
No nodel was assigned to Node3
Node3 has 0 parameters - branch length not assigned
No nodel was assigned to Trichosurus_vulpecula
Trichosurus_vulpecula has 0 parameters - branch length not assigned
No nodel was assigned to Phascolarctos_cinereus
Phascolarctos_cinereus has 0 parameters - branch length not assigned
No nodel was assigned to Vombatus_ursinus
Vombatus_ursinus has 0 parameters - branch length not assigned
No nodel was assigned to Node8
Node8 has 0 parameters - branch length not assigned
No nodel was assigned to Node6
Node6 has 0 parameters - branch length not assigned
No nodel was assigned to Node2
Node2 has 0 parameters - branch length not assigned
No nodel was assigned to Dromiciops_gliroides
Dromiciops_gliroides has 0 parameters - branch length not assigned
No nodel was assigned to Node1
Node1 has 0 parameters - branch length not assigned
No nodel was assigned to Monodelphis_domestica
Monodelphis_domestica has 0 parameters - branch length not assigned
No nodel was assigned to Gracilinanus_agilis
Gracilinanus_agilis has 0 parameters - branch length not assigned
No nodel was assigned to Node12
Node12 has 0 parameters - branch length not assigned
No nodel was assigned to Tachyglossus_aculeatus
Tachyglossus_aculeatus has 0 parameters - branch length not assigned
No nodel was assigned to Ornithorhynchus_anatinus
Ornithorhynchus_anatinus has 0 parameters - branch length not assigned
No nodel was assigned to Node15
Node15 has 0 parameters - branch length not assigned
No nodel was assigned to Antechinus_flavipes
Antechinus_flavipes has 0 parameters - branch length not assigned
No nodel was assigned to Sarcophilus_harrisii
Sarcophilus_harrisii has 0 parameters - branch length not assigned
No nodel was assigned to Node3
Node3 has 0 parameters - branch length not assigned
No nodel was assigned to Trichosurus_vulpecula
Trichosurus_vulpecula has 0 parameters - branch length not assigned
No nodel was assigned to Phascolarctos_cinereus
Phascolarctos_cinereus has 0 parameters - branch length not assigned
No nodel was assigned to Vombatus_ursinus
Vombatus_ursinus has 0 parameters - branch length not assigned
No nodel was assigned to Node8
Node8 has 0 parameters - branch length not assigned
No nodel was assigned to Node6
Node6 has 0 parameters - branch length not assigned
No nodel was assigned to Node2
Node2 has 0 parameters - branch length not assigned
No nodel was assigned to Dromiciops_gliroides
Dromiciops_gliroides has 0 parameters - branch length not assigned
No nodel was assigned to Node1
Node1 has 0 parameters - branch length not assigned
No nodel was assigned to Monodelphis_domestica
Monodelphis_domestica has 0 parameters - branch length not assigned
No nodel was assigned to Gracilinanus_agilis
Gracilinanus_agilis has 0 parameters - branch length not assigned
No nodel was assigned to Node12
Node12 has 0 parameters - branch length not assigned
No nodel was assigned to Tachyglossus_aculeatus
Tachyglossus_aculeatus has 0 parameters - branch length not assigned
No nodel was assigned to Ornithorhynchus_anatinus
Ornithorhynchus_anatinus has 0 parameters - branch length not assigned
No nodel was assigned to Node15
Node15 has 0 parameters - branch length not assigned
Variable 'nodeName' was not initialized prior to being used
Variable 'speciesIndex' was not initialized prior to being used
Row and/or column partition is empty. All the data will be used by default.
Model MG94customModel assigned to Antechinus_flavipes
Model MG94customModel assigned to Sarcophilus_harrisii
One branch tree supplied - hopefully this IS what you meant to do.
Rooted tree. Removing one branch - the left root child has been promoted to be the new root
Partition 0 reversible model flag computed as 1
Variable 'twoLnLik' was not initialized prior to being used
Variable 't2.Sarcophilus_harrisii.nonSynRate' was not initialized prior to being used
Variable 't2.Sarcophilus_harrisii.synRate' was not initialized prior to being used
Auto-benchmarked an optimal number (5) of threads.
Set GUI update interval to every 6410-th LF evaluation.
Optimization settings:
	OPTIMIZATION_METHOD = 4
	OPTIMIZATION_PRECISION = 0.001
	MAXIMUM_ITERATIONS_PER_VARIABLE = 5000

Initial parameter values

t2.Sarcophilus_harrisii.nonSynRate = 0.1
t2.Sarcophilus_harrisii.synRate = 0.1
Optimization finished in 7 loop passes.
139 likelihood evaluation calls and 126 matrix exponentiations calls were made

Row and/or column partition is empty. All the data will be used by default.
Model MG94customModel assigned to Antechinus_flavipes
Model MG94customModel assigned to Trichosurus_vulpecula
One branch tree supplied - hopefully this IS what you meant to do.
Rooted tree. Removing one branch - the left root child has been promoted to be the new root
Partition 0 reversible model flag computed as 1
Variable 't2.Trichosurus_vulpecula.nonSynRate' was not initialized prior to being used
Variable 't2.Trichosurus_vulpecula.synRate' was not initialized prior to being used
Auto-benchmarked an optimal number (6) of threads.
Set GUI update interval to every 5555-th LF evaluation.
Optimization settings:
	OPTIMIZATION_METHOD = 4
	OPTIMIZATION_PRECISION = 0.001
	MAXIMUM_ITERATIONS_PER_VARIABLE = 5000

Initial parameter values

t2.Trichosurus_vulpecula.nonSynRate = 0.1
t2.Trichosurus_vulpecula.synRate = 0.1
Optimization finished in 6 loop passes.
233 likelihood evaluation calls and 215 matrix exponentiations calls were made

Row and/or column partition is empty. All the data will be used by default.
Model MG94customModel assigned to Antechinus_flavipes
Model MG94customModel assigned to Phascolarctos_cinereus
One branch tree supplied - hopefully this IS what you meant to do.
Rooted tree. Removing one branch - the left root child has been promoted to be the new root
Partition 0 reversible model flag computed as 1
Variable 't2.Phascolarctos_cinereus.synRate' was not initialized prior to being used
Variable 't2.Phascolarctos_cinereus.nonSynRate' was not initialized prior to being used
Auto-benchmarked an optimal number (4) of threads.
Set GUI update interval to every 6493-th LF evaluation.
Optimization settings:
	OPTIMIZATION_METHOD = 4
	OPTIMIZATION_PRECISION = 0.001
	MAXIMUM_ITERATIONS_PER_VARIABLE = 5000

Initial parameter values

t2.Phascolarctos_cinereus.synRate = 0.1
t2.Phascolarctos_cinereus.nonSynRate = 0.1
Optimization finished in 6 loop passes.
237 likelihood evaluation calls and 218 matrix exponentiations calls were made

Row and/or column partition is empty. All the data will be used by default.
Model MG94customModel assigned to Antechinus_flavipes
Model MG94customModel assigned to Vombatus_ursinus
One branch tree supplied - hopefully this IS what you meant to do.
Rooted tree. Removing one branch - the left root child has been promoted to be the new root
Partition 0 reversible model flag computed as 1
Variable 't2.Vombatus_ursinus.synRate' was not initialized prior to being used
Variable 't2.Vombatus_ursinus.nonSynRate' was not initialized prior to being used
Auto-benchmarked an optimal number (2) of threads.
Set GUI update interval to every 6097-th LF evaluation.
Optimization settings:
	OPTIMIZATION_METHOD = 4
	OPTIMIZATION_PRECISION = 0.001
	MAXIMUM_ITERATIONS_PER_VARIABLE = 5000

Initial parameter values

t2.Vombatus_ursinus.synRate = 0.1
t2.Vombatus_ursinus.nonSynRate = 0.1
Optimization finished in 6 loop passes.
228 likelihood evaluation calls and 210 matrix exponentiations calls were made

Row and/or column partition is empty. All the data will be used by default.
Model MG94customModel assigned to Antechinus_flavipes
Model MG94customModel assigned to Dromiciops_gliroides
One branch tree supplied - hopefully this IS what you meant to do.
Rooted tree. Removing one branch - the left root child has been promoted to be the new root
Partition 0 reversible model flag computed as 1
Variable 't2.Dromiciops_gliroides.synRate' was not initialized prior to being used
Variable 't2.Dromiciops_gliroides.nonSynRate' was not initialized prior to being used
Auto-benchmarked an optimal number (4) of threads.
Set GUI update interval to every 6493-th LF evaluation.
Optimization settings:
	OPTIMIZATION_METHOD = 4
	OPTIMIZATION_PRECISION = 0.001
	MAXIMUM_ITERATIONS_PER_VARIABLE = 5000

Initial parameter values

t2.Dromiciops_gliroides.synRate = 0.1
t2.Dromiciops_gliroides.nonSynRate = 0.1
Optimization finished in 6 loop passes.
229 likelihood evaluation calls and 213 matrix exponentiations calls were made

Row and/or column partition is empty. All the data will be used by default.
Model MG94customModel assigned to Antechinus_flavipes
Model MG94customModel assigned to Monodelphis_domestica
One branch tree supplied - hopefully this IS what you meant to do.
Rooted tree. Removing one branch - the left root child has been promoted to be the new root
Partition 0 reversible model flag computed as 1
Variable 't2.Monodelphis_domestica.nonSynRate' was not initialized prior to being used
Variable 't2.Monodelphis_domestica.synRate' was not initialized prior to being used
Auto-benchmarked an optimal number (3) of threads.
Set GUI update interval to every 6410-th LF evaluation.
Optimization settings:
	OPTIMIZATION_METHOD = 4
	OPTIMIZATION_PRECISION = 0.001
	MAXIMUM_ITERATIONS_PER_VARIABLE = 5000

Initial parameter values

t2.Monodelphis_domestica.nonSynRate = 0.1
t2.Monodelphis_domestica.synRate = 0.1
Optimization finished in 6 loop passes.
270 likelihood evaluation calls and 253 matrix exponentiations calls were made

Row and/or column partition is empty. All the data will be used by default.
Model MG94customModel assigned to Antechinus_flavipes
Model MG94customModel assigned to Gracilinanus_agilis
One branch tree supplied - hopefully this IS what you meant to do.
Rooted tree. Removing one branch - the left root child has been promoted to be the new root
Partition 0 reversible model flag computed as 1
Variable 't2.Gracilinanus_agilis.nonSynRate' was not initialized prior to being used
Variable 't2.Gracilinanus_agilis.synRate' was not initialized prior to being used
Auto-benchmarked an optimal number (3) of threads.
Set GUI update interval to every 6410-th LF evaluation.
Optimization settings:
	OPTIMIZATION_METHOD = 4
	OPTIMIZATION_PRECISION = 0.001
	MAXIMUM_ITERATIONS_PER_VARIABLE = 5000

Initial parameter values

t2.Gracilinanus_agilis.nonSynRate = 0.1
t2.Gracilinanus_agilis.synRate = 0.1
Optimization finished in 6 loop passes.
192 likelihood evaluation calls and 174 matrix exponentiations calls were made

Row and/or column partition is empty. All the data will be used by default.
Model MG94customModel assigned to Antechinus_flavipes
Model MG94customModel assigned to Tachyglossus_aculeatus
One branch tree supplied - hopefully this IS what you meant to do.
Rooted tree. Removing one branch - the left root child has been promoted to be the new root
Partition 0 reversible model flag computed as 1
Variable 't2.Tachyglossus_aculeatus.synRate' was not initialized prior to being used
Variable 't2.Tachyglossus_aculeatus.nonSynRate' was not initialized prior to being used
Auto-benchmarked an optimal number (3) of threads.
Set GUI update interval to every 8474-th LF evaluation.
Optimization settings:
	OPTIMIZATION_METHOD = 4
	OPTIMIZATION_PRECISION = 0.001
	MAXIMUM_ITERATIONS_PER_VARIABLE = 5000

Initial parameter values

t2.Tachyglossus_aculeatus.synRate = 0.1
t2.Tachyglossus_aculeatus.nonSynRate = 0.1
Optimization finished in 6 loop passes.
207 likelihood evaluation calls and 185 matrix exponentiations calls were made

Row and/or column partition is empty. All the data will be used by default.
Model MG94customModel assigned to Antechinus_flavipes
Model MG94customModel assigned to Ornithorhynchus_anatinus
One branch tree supplied - hopefully this IS what you meant to do.
Rooted tree. Removing one branch - the left root child has been promoted to be the new root
Partition 0 reversible model flag computed as 1
Variable 't2.Ornithorhynchus_anatinus.nonSynRate' was not initialized prior to being used
Variable 't2.Ornithorhynchus_anatinus.synRate' was not initialized prior to being used
Auto-benchmarked an optimal number (4) of threads.
Set GUI update interval to every 5494-th LF evaluation.
Optimization settings:
	OPTIMIZATION_METHOD = 4
	OPTIMIZATION_PRECISION = 0.001
	MAXIMUM_ITERATIONS_PER_VARIABLE = 5000

Initial parameter values

t2.Ornithorhynchus_anatinus.nonSynRate = 0.1
t2.Ornithorhynchus_anatinus.synRate = 0.1
Optimization finished in 6 loop passes.
193 likelihood evaluation calls and 172 matrix exponentiations calls were made

Row and/or column partition is empty. All the data will be used by default.
Model MG94customModel assigned to Sarcophilus_harrisii
Model MG94customModel assigned to Trichosurus_vulpecula
One branch tree supplied - hopefully this IS what you meant to do.
Rooted tree. Removing one branch - the left root child has been promoted to be the new root
Partition 0 reversible model flag computed as 1
Variable 't2.Trichosurus_vulpecula.nonSynRate' was not initialized prior to being used
Variable 't2.Trichosurus_vulpecula.synRate' was not initialized prior to being used
Auto-benchmarked an optimal number (5) of threads.
Set GUI update interval to every 6578-th LF evaluation.
Optimization settings:
	OPTIMIZATION_METHOD = 4
	OPTIMIZATION_PRECISION = 0.001
	MAXIMUM_ITERATIONS_PER_VARIABLE = 5000

Initial parameter values

t2.Trichosurus_vulpecula.nonSynRate = 0.1
t2.Trichosurus_vulpecula.synRate = 0.1
Optimization finished in 6 loop passes.
229 likelihood evaluation calls and 211 matrix exponentiations calls were made

Row and/or column partition is empty. All the data will be used by default.
Model MG94customModel assigned to Sarcophilus_harrisii
Model MG94customModel assigned to Phascolarctos_cinereus
One branch tree supplied - hopefully this IS what you meant to do.
Rooted tree. Removing one branch - the left root child has been promoted to be the new root
Partition 0 reversible model flag computed as 1
Variable 't2.Phascolarctos_cinereus.synRate' was not initialized prior to being used
Variable 't2.Phascolarctos_cinereus.nonSynRate' was not initialized prior to being used
Auto-benchmarked an optimal number (4) of threads.
Set GUI update interval to every 6493-th LF evaluation.
Optimization settings:
	OPTIMIZATION_METHOD = 4
	OPTIMIZATION_PRECISION = 0.001
	MAXIMUM_ITERATIONS_PER_VARIABLE = 5000

Initial parameter values

t2.Phascolarctos_cinereus.synRate = 0.1
t2.Phascolarctos_cinereus.nonSynRate = 0.1
Optimization finished in 6 loop passes.
222 likelihood evaluation calls and 203 matrix exponentiations calls were made

Row and/or column partition is empty. All the data will be used by default.
Model MG94customModel assigned to Sarcophilus_harrisii
Model MG94customModel assigned to Vombatus_ursinus
One branch tree supplied - hopefully this IS what you meant to do.
Rooted tree. Removing one branch - the left root child has been promoted to be the new root
Partition 0 reversible model flag computed as 1
Variable 't2.Vombatus_ursinus.nonSynRate' was not initialized prior to being used
Variable 't2.Vombatus_ursinus.synRate' was not initialized prior to being used
Auto-benchmarked an optimal number (3) of threads.
Set GUI update interval to every 5319-th LF evaluation.
Optimization settings:
	OPTIMIZATION_METHOD = 4
	OPTIMIZATION_PRECISION = 0.001
	MAXIMUM_ITERATIONS_PER_VARIABLE = 5000

Initial parameter values

t2.Vombatus_ursinus.nonSynRate = 0.1
t2.Vombatus_ursinus.synRate = 0.1
Optimization finished in 6 loop passes.
235 likelihood evaluation calls and 216 matrix exponentiations calls were made

Row and/or column partition is empty. All the data will be used by default.
Model MG94customModel assigned to Sarcophilus_harrisii
Model MG94customModel assigned to Dromiciops_gliroides
One branch tree supplied - hopefully this IS what you meant to do.
Rooted tree. Removing one branch - the left root child has been promoted to be the new root
Partition 0 reversible model flag computed as 1
Variable 't2.Dromiciops_gliroides.nonSynRate' was not initialized prior to being used
Variable 't2.Dromiciops_gliroides.synRate' was not initialized prior to being used
Auto-benchmarked an optimal number (3) of threads.
Set GUI update interval to every 6410-th LF evaluation.
Optimization settings:
	OPTIMIZATION_METHOD = 4
	OPTIMIZATION_PRECISION = 0.001
	MAXIMUM_ITERATIONS_PER_VARIABLE = 5000

Initial parameter values

t2.Dromiciops_gliroides.nonSynRate = 0.1
t2.Dromiciops_gliroides.synRate = 0.1
Optimization finished in 6 loop passes.
231 likelihood evaluation calls and 215 matrix exponentiations calls were made

Row and/or column partition is empty. All the data will be used by default.
Model MG94customModel assigned to Sarcophilus_harrisii
Model MG94customModel assigned to Monodelphis_domestica
One branch tree supplied - hopefully this IS what you meant to do.
Rooted tree. Removing one branch - the left root child has been promoted to be the new root
Partition 0 reversible model flag computed as 1
Variable 't2.Monodelphis_domestica.nonSynRate' was not initialized prior to being used
Variable 't2.Monodelphis_domestica.synRate' was not initialized prior to being used
Auto-benchmarked an optimal number (3) of threads.
Set GUI update interval to every 5434-th LF evaluation.
Optimization settings:
	OPTIMIZATION_METHOD = 4
	OPTIMIZATION_PRECISION = 0.001
	MAXIMUM_ITERATIONS_PER_VARIABLE = 5000

Initial parameter values

t2.Monodelphis_domestica.nonSynRate = 0.1
t2.Monodelphis_domestica.synRate = 0.1
Optimization finished in 6 loop passes.
185 likelihood evaluation calls and 167 matrix exponentiations calls were made

Row and/or column partition is empty. All the data will be used by default.
Model MG94customModel assigned to Sarcophilus_harrisii
Model MG94customModel assigned to Gracilinanus_agilis
One branch tree supplied - hopefully this IS what you meant to do.
Rooted tree. Removing one branch - the left root child has been promoted to be the new root
Partition 0 reversible model flag computed as 1
Variable 't2.Gracilinanus_agilis.nonSynRate' was not initialized prior to being used
Variable 't2.Gracilinanus_agilis.synRate' was not initialized prior to being used
Auto-benchmarked an optimal number (5) of threads.
Set GUI update interval to every 8771-th LF evaluation.
Optimization settings:
	OPTIMIZATION_METHOD = 4
	OPTIMIZATION_PRECISION = 0.001
	MAXIMUM_ITERATIONS_PER_VARIABLE = 5000

Initial parameter values

t2.Gracilinanus_agilis.nonSynRate = 0.1
t2.Gracilinanus_agilis.synRate = 0.1
Optimization finished in 6 loop passes.
212 likelihood evaluation calls and 190 matrix exponentiations calls were made

Row and/or column partition is empty. All the data will be used by default.
Model MG94customModel assigned to Sarcophilus_harrisii
Model MG94customModel assigned to Tachyglossus_aculeatus
One branch tree supplied - hopefully this IS what you meant to do.
Rooted tree. Removing one branch - the left root child has been promoted to be the new root
Partition 0 reversible model flag computed as 1
Variable 't2.Tachyglossus_aculeatus.nonSynRate' was not initialized prior to being used
Variable 't2.Tachyglossus_aculeatus.synRate' was not initialized prior to being used
Auto-benchmarked an optimal number (6) of threads.
Set GUI update interval to every 5681-th LF evaluation.
Optimization settings:
	OPTIMIZATION_METHOD = 4
	OPTIMIZATION_PRECISION = 0.001
	MAXIMUM_ITERATIONS_PER_VARIABLE = 5000

Initial parameter values

t2.Tachyglossus_aculeatus.nonSynRate = 0.1
t2.Tachyglossus_aculeatus.synRate = 0.1
Optimization finished in 6 loop passes.
211 likelihood evaluation calls and 193 matrix exponentiations calls were made

Row and/or column partition is empty. All the data will be used by default.
Model MG94customModel assigned to Sarcophilus_harrisii
Model MG94customModel assigned to Ornithorhynchus_anatinus
One branch tree supplied - hopefully this IS what you meant to do.
Rooted tree. Removing one branch - the left root child has been promoted to be the new root
Partition 0 reversible model flag computed as 1
Variable 't2.Ornithorhynchus_anatinus.synRate' was not initialized prior to being used
Variable 't2.Ornithorhynchus_anatinus.nonSynRate' was not initialized prior to being used
Auto-benchmarked an optimal number (5) of threads.
Set GUI update interval to every 6493-th LF evaluation.
Optimization settings:
	OPTIMIZATION_METHOD = 4
	OPTIMIZATION_PRECISION = 0.001
	MAXIMUM_ITERATIONS_PER_VARIABLE = 5000

Initial parameter values

t2.Ornithorhynchus_anatinus.synRate = 0.1
t2.Ornithorhynchus_anatinus.nonSynRate = 0.1
Optimization finished in 6 loop passes.
197 likelihood evaluation calls and 176 matrix exponentiations calls were made

Row and/or column partition is empty. All the data will be used by default.
Model MG94customModel assigned to Trichosurus_vulpecula
Model MG94customModel assigned to Phascolarctos_cinereus
One branch tree supplied - hopefully this IS what you meant to do.
Rooted tree. Removing one branch - the left root child has been promoted to be the new root
Partition 0 reversible model flag computed as 1
Variable 't2.Phascolarctos_cinereus.nonSynRate' was not initialized prior to being used
Variable 't2.Phascolarctos_cinereus.synRate' was not initialized prior to being used
Auto-benchmarked an optimal number (5) of threads.
Set GUI update interval to every 6329-th LF evaluation.
Optimization settings:
	OPTIMIZATION_METHOD = 4
	OPTIMIZATION_PRECISION = 0.001
	MAXIMUM_ITERATIONS_PER_VARIABLE = 5000

Initial parameter values

t2.Phascolarctos_cinereus.nonSynRate = 0.1
t2.Phascolarctos_cinereus.synRate = 0.1
Optimization finished in 5 loop passes.
149 likelihood evaluation calls and 131 matrix exponentiations calls were made

Row and/or column partition is empty. All the data will be used by default.
Model MG94customModel assigned to Trichosurus_vulpecula
Model MG94customModel assigned to Vombatus_ursinus
One branch tree supplied - hopefully this IS what you meant to do.
Rooted tree. Removing one branch - the left root child has been promoted to be the new root
Partition 0 reversible model flag computed as 1
Variable 't2.Vombatus_ursinus.nonSynRate' was not initialized prior to being used
Variable 't2.Vombatus_ursinus.synRate' was not initialized prior to being used
Auto-benchmarked an optimal number (3) of threads.
Set GUI update interval to every 5434-th LF evaluation.
Optimization settings:
	OPTIMIZATION_METHOD = 4
	OPTIMIZATION_PRECISION = 0.001
	MAXIMUM_ITERATIONS_PER_VARIABLE = 5000

Initial parameter values

t2.Vombatus_ursinus.nonSynRate = 0.1
t2.Vombatus_ursinus.synRate = 0.1
Optimization finished in 7 loop passes.
164 likelihood evaluation calls and 153 matrix exponentiations calls were made

Row and/or column partition is empty. All the data will be used by default.
Model MG94customModel assigned to Trichosurus_vulpecula
Model MG94customModel assigned to Dromiciops_gliroides
One branch tree supplied - hopefully this IS what you meant to do.
Rooted tree. Removing one branch - the left root child has been promoted to be the new root
Partition 0 reversible model flag computed as 1
Variable 't2.Dromiciops_gliroides.nonSynRate' was not initialized prior to being used
Variable 't2.Dromiciops_gliroides.synRate' was not initialized prior to being used
Auto-benchmarked an optimal number (9) of threads.
Set GUI update interval to every 6493-th LF evaluation.
Optimization settings:
	OPTIMIZATION_METHOD = 4
	OPTIMIZATION_PRECISION = 0.001
	MAXIMUM_ITERATIONS_PER_VARIABLE = 5000

Initial parameter values

t2.Dromiciops_gliroides.nonSynRate = 0.1
t2.Dromiciops_gliroides.synRate = 0.1
Optimization finished in 6 loop passes.
247 likelihood evaluation calls and 224 matrix exponentiations calls were made

Row and/or column partition is empty. All the data will be used by default.
Model MG94customModel assigned to Trichosurus_vulpecula
Model MG94customModel assigned to Monodelphis_domestica
One branch tree supplied - hopefully this IS what you meant to do.
Rooted tree. Removing one branch - the left root child has been promoted to be the new root
Partition 0 reversible model flag computed as 1
Variable 't2.Monodelphis_domestica.nonSynRate' was not initialized prior to being used
Variable 't2.Monodelphis_domestica.synRate' was not initialized prior to being used
Auto-benchmarked an optimal number (3) of threads.
Set GUI update interval to every 6172-th LF evaluation.
Optimization settings:
	OPTIMIZATION_METHOD = 4
	OPTIMIZATION_PRECISION = 0.001
	MAXIMUM_ITERATIONS_PER_VARIABLE = 5000

Initial parameter values

t2.Monodelphis_domestica.nonSynRate = 0.1
t2.Monodelphis_domestica.synRate = 0.1
Optimization finished in 6 loop passes.
182 likelihood evaluation calls and 166 matrix exponentiations calls were made

Row and/or column partition is empty. All the data will be used by default.
Model MG94customModel assigned to Trichosurus_vulpecula
Model MG94customModel assigned to Gracilinanus_agilis
One branch tree supplied - hopefully this IS what you meant to do.
Rooted tree. Removing one branch - the left root child has been promoted to be the new root
Partition 0 reversible model flag computed as 1
Variable 't2.Gracilinanus_agilis.nonSynRate' was not initialized prior to being used
Variable 't2.Gracilinanus_agilis.synRate' was not initialized prior to being used
Auto-benchmarked an optimal number (4) of threads.
Set GUI update interval to every 5434-th LF evaluation.
Optimization settings:
	OPTIMIZATION_METHOD = 4
	OPTIMIZATION_PRECISION = 0.001
	MAXIMUM_ITERATIONS_PER_VARIABLE = 5000

Initial parameter values

t2.Gracilinanus_agilis.nonSynRate = 0.1
t2.Gracilinanus_agilis.synRate = 0.1
Optimization finished in 6 loop passes.
212 likelihood evaluation calls and 190 matrix exponentiations calls were made

Row and/or column partition is empty. All the data will be used by default.
Model MG94customModel assigned to Trichosurus_vulpecula
Model MG94customModel assigned to Tachyglossus_aculeatus
One branch tree supplied - hopefully this IS what you meant to do.
Rooted tree. Removing one branch - the left root child has been promoted to be the new root
Partition 0 reversible model flag computed as 1
Variable 't2.Tachyglossus_aculeatus.nonSynRate' was not initialized prior to being used
Variable 't2.Tachyglossus_aculeatus.synRate' was not initialized prior to being used
Auto-benchmarked an optimal number (3) of threads.
Set GUI update interval to every 5376-th LF evaluation.
Optimization settings:
	OPTIMIZATION_METHOD = 4
	OPTIMIZATION_PRECISION = 0.001
	MAXIMUM_ITERATIONS_PER_VARIABLE = 5000

Initial parameter values

t2.Tachyglossus_aculeatus.nonSynRate = 0.1
t2.Tachyglossus_aculeatus.synRate = 0.1
Optimization finished in 5 loop passes.
140 likelihood evaluation calls and 117 matrix exponentiations calls were made

Row and/or column partition is empty. All the data will be used by default.
Model MG94customModel assigned to Trichosurus_vulpecula
Model MG94customModel assigned to Ornithorhynchus_anatinus
One branch tree supplied - hopefully this IS what you meant to do.
Rooted tree. Removing one branch - the left root child has been promoted to be the new root
Partition 0 reversible model flag computed as 1
Variable 't2.Ornithorhynchus_anatinus.nonSynRate' was not initialized prior to being used
Variable 't2.Ornithorhynchus_anatinus.synRate' was not initialized prior to being used
Auto-benchmarked an optimal number (3) of threads.
Set GUI update interval to every 8620-th LF evaluation.
Optimization settings:
	OPTIMIZATION_METHOD = 4
	OPTIMIZATION_PRECISION = 0.001
	MAXIMUM_ITERATIONS_PER_VARIABLE = 5000

Initial parameter values

t2.Ornithorhynchus_anatinus.nonSynRate = 0.1
t2.Ornithorhynchus_anatinus.synRate = 0.1
Optimization finished in 5 loop passes.
204 likelihood evaluation calls and 186 matrix exponentiations calls were made

Row and/or column partition is empty. All the data will be used by default.
Model MG94customModel assigned to Phascolarctos_cinereus
Model MG94customModel assigned to Vombatus_ursinus
One branch tree supplied - hopefully this IS what you meant to do.
Rooted tree. Removing one branch - the left root child has been promoted to be the new root
Partition 0 reversible model flag computed as 1
Variable 't2.Vombatus_ursinus.nonSynRate' was not initialized prior to being used
Variable 't2.Vombatus_ursinus.synRate' was not initialized prior to being used
Auto-benchmarked an optimal number (3) of threads.
Set GUI update interval to every 5494-th LF evaluation.
Optimization settings:
	OPTIMIZATION_METHOD = 4
	OPTIMIZATION_PRECISION = 0.001
	MAXIMUM_ITERATIONS_PER_VARIABLE = 5000

Initial parameter values

t2.Vombatus_ursinus.nonSynRate = 0.1
t2.Vombatus_ursinus.synRate = 0.1
Optimization finished in 7 loop passes.
129 likelihood evaluation calls and 115 matrix exponentiations calls were made

Row and/or column partition is empty. All the data will be used by default.
Model MG94customModel assigned to Phascolarctos_cinereus
Model MG94customModel assigned to Dromiciops_gliroides
One branch tree supplied - hopefully this IS what you meant to do.
Rooted tree. Removing one branch - the left root child has been promoted to be the new root
Partition 0 reversible model flag computed as 1
Variable 't2.Dromiciops_gliroides.nonSynRate' was not initialized prior to being used
Variable 't2.Dromiciops_gliroides.synRate' was not initialized prior to being used
Auto-benchmarked an optimal number (3) of threads.
Set GUI update interval to every 6329-th LF evaluation.
Optimization settings:
	OPTIMIZATION_METHOD = 4
	OPTIMIZATION_PRECISION = 0.001
	MAXIMUM_ITERATIONS_PER_VARIABLE = 5000

Initial parameter values

t2.Dromiciops_gliroides.nonSynRate = 0.1
t2.Dromiciops_gliroides.synRate = 0.1
Optimization finished in 8 loop passes.
143 likelihood evaluation calls and 128 matrix exponentiations calls were made

Row and/or column partition is empty. All the data will be used by default.
Model MG94customModel assigned to Phascolarctos_cinereus
Model MG94customModel assigned to Monodelphis_domestica
One branch tree supplied - hopefully this IS what you meant to do.
Rooted tree. Removing one branch - the left root child has been promoted to be the new root
Partition 0 reversible model flag computed as 1
Variable 't2.Monodelphis_domestica.nonSynRate' was not initialized prior to being used
Variable 't2.Monodelphis_domestica.synRate' was not initialized prior to being used
Auto-benchmarked an optimal number (5) of threads.
Set GUI update interval to every 8771-th LF evaluation.
Optimization settings:
	OPTIMIZATION_METHOD = 4
	OPTIMIZATION_PRECISION = 0.001
	MAXIMUM_ITERATIONS_PER_VARIABLE = 5000

Initial parameter values

t2.Monodelphis_domestica.nonSynRate = 0.1
t2.Monodelphis_domestica.synRate = 0.1
Optimization finished in 6 loop passes.
220 likelihood evaluation calls and 205 matrix exponentiations calls were made

Row and/or column partition is empty. All the data will be used by default.
Model MG94customModel assigned to Phascolarctos_cinereus
Model MG94customModel assigned to Gracilinanus_agilis
One branch tree supplied - hopefully this IS what you meant to do.
Rooted tree. Removing one branch - the left root child has been promoted to be the new root
Partition 0 reversible model flag computed as 1
Variable 't2.Gracilinanus_agilis.nonSynRate' was not initialized prior to being used
Variable 't2.Gracilinanus_agilis.synRate' was not initialized prior to being used
Auto-benchmarked an optimal number (4) of threads.
Set GUI update interval to every 8474-th LF evaluation.
Optimization settings:
	OPTIMIZATION_METHOD = 4
	OPTIMIZATION_PRECISION = 0.001
	MAXIMUM_ITERATIONS_PER_VARIABLE = 5000

Initial parameter values

t2.Gracilinanus_agilis.nonSynRate = 0.1
t2.Gracilinanus_agilis.synRate = 0.1
Optimization finished in 6 loop passes.
185 likelihood evaluation calls and 167 matrix exponentiations calls were made

Row and/or column partition is empty. All the data will be used by default.
Model MG94customModel assigned to Phascolarctos_cinereus
Model MG94customModel assigned to Tachyglossus_aculeatus
One branch tree supplied - hopefully this IS what you meant to do.
Rooted tree. Removing one branch - the left root child has been promoted to be the new root
Partition 0 reversible model flag computed as 1
Variable 't2.Tachyglossus_aculeatus.nonSynRate' was not initialized prior to being used
Variable 't2.Tachyglossus_aculeatus.synRate' was not initialized prior to being used
Auto-benchmarked an optimal number (3) of threads.
Set GUI update interval to every 8333-th LF evaluation.
Optimization settings:
	OPTIMIZATION_METHOD = 4
	OPTIMIZATION_PRECISION = 0.001
	MAXIMUM_ITERATIONS_PER_VARIABLE = 5000

Initial parameter values

t2.Tachyglossus_aculeatus.nonSynRate = 0.1
t2.Tachyglossus_aculeatus.synRate = 0.1
Optimization finished in 6 loop passes.
158 likelihood evaluation calls and 138 matrix exponentiations calls were made

Row and/or column partition is empty. All the data will be used by default.
Model MG94customModel assigned to Phascolarctos_cinereus
Model MG94customModel assigned to Ornithorhynchus_anatinus
One branch tree supplied - hopefully this IS what you meant to do.
Rooted tree. Removing one branch - the left root child has been promoted to be the new root
Partition 0 reversible model flag computed as 1
Variable 't2.Ornithorhynchus_anatinus.nonSynRate' was not initialized prior to being used
Variable 't2.Ornithorhynchus_anatinus.synRate' was not initialized prior to being used
Auto-benchmarked an optimal number (3) of threads.
Set GUI update interval to every 6250-th LF evaluation.
Optimization settings:
	OPTIMIZATION_METHOD = 4
	OPTIMIZATION_PRECISION = 0.001
	MAXIMUM_ITERATIONS_PER_VARIABLE = 5000

Initial parameter values

t2.Ornithorhynchus_anatinus.nonSynRate = 0.1
t2.Ornithorhynchus_anatinus.synRate = 0.1
Optimization finished in 6 loop passes.
178 likelihood evaluation calls and 157 matrix exponentiations calls were made

Row and/or column partition is empty. All the data will be used by default.
Model MG94customModel assigned to Vombatus_ursinus
Model MG94customModel assigned to Dromiciops_gliroides
One branch tree supplied - hopefully this IS what you meant to do.
Rooted tree. Removing one branch - the left root child has been promoted to be the new root
Partition 0 reversible model flag computed as 1
Variable 't2.Dromiciops_gliroides.nonSynRate' was not initialized prior to being used
Variable 't2.Dromiciops_gliroides.synRate' was not initialized prior to being used
Auto-benchmarked an optimal number (3) of threads.
Set GUI update interval to every 8620-th LF evaluation.
Optimization settings:
	OPTIMIZATION_METHOD = 4
	OPTIMIZATION_PRECISION = 0.001
	MAXIMUM_ITERATIONS_PER_VARIABLE = 5000

Initial parameter values

t2.Dromiciops_gliroides.nonSynRate = 0.1
t2.Dromiciops_gliroides.synRate = 0.1
Optimization finished in 6 loop passes.
195 likelihood evaluation calls and 174 matrix exponentiations calls were made

Row and/or column partition is empty. All the data will be used by default.
Model MG94customModel assigned to Vombatus_ursinus
Model MG94customModel assigned to Monodelphis_domestica
One branch tree supplied - hopefully this IS what you meant to do.
Rooted tree. Removing one branch - the left root child has been promoted to be the new root
Partition 0 reversible model flag computed as 1
Variable 't2.Monodelphis_domestica.nonSynRate' was not initialized prior to being used
Variable 't2.Monodelphis_domestica.synRate' was not initialized prior to being used
Auto-benchmarked an optimal number (3) of threads.
Set GUI update interval to every 5319-th LF evaluation.
Optimization settings:
	OPTIMIZATION_METHOD = 4
	OPTIMIZATION_PRECISION = 0.001
	MAXIMUM_ITERATIONS_PER_VARIABLE = 5000

Initial parameter values

t2.Monodelphis_domestica.nonSynRate = 0.1
t2.Monodelphis_domestica.synRate = 0.1
Optimization finished in 6 loop passes.
224 likelihood evaluation calls and 206 matrix exponentiations calls were made

Row and/or column partition is empty. All the data will be used by default.
Model MG94customModel assigned to Vombatus_ursinus
Model MG94customModel assigned to Gracilinanus_agilis
One branch tree supplied - hopefully this IS what you meant to do.
Rooted tree. Removing one branch - the left root child has been promoted to be the new root
Partition 0 reversible model flag computed as 1
Variable 't2.Gracilinanus_agilis.nonSynRate' was not initialized prior to being used
Variable 't2.Gracilinanus_agilis.synRate' was not initialized prior to being used
Auto-benchmarked an optimal number (2) of threads.
Set GUI update interval to every 5319-th LF evaluation.
Optimization settings:
	OPTIMIZATION_METHOD = 4
	OPTIMIZATION_PRECISION = 0.001
	MAXIMUM_ITERATIONS_PER_VARIABLE = 5000

Initial parameter values

t2.Gracilinanus_agilis.nonSynRate = 0.1
t2.Gracilinanus_agilis.synRate = 0.1
Optimization finished in 6 loop passes.
215 likelihood evaluation calls and 194 matrix exponentiations calls were made

Row and/or column partition is empty. All the data will be used by default.
Model MG94customModel assigned to Vombatus_ursinus
Model MG94customModel assigned to Tachyglossus_aculeatus
One branch tree supplied - hopefully this IS what you meant to do.
Rooted tree. Removing one branch - the left root child has been promoted to be the new root
Partition 0 reversible model flag computed as 1
Variable 't2.Tachyglossus_aculeatus.nonSynRate' was not initialized prior to being used
Variable 't2.Tachyglossus_aculeatus.synRate' was not initialized prior to being used
Auto-benchmarked an optimal number (5) of threads.
Set GUI update interval to every 5434-th LF evaluation.
Optimization settings:
	OPTIMIZATION_METHOD = 4
	OPTIMIZATION_PRECISION = 0.001
	MAXIMUM_ITERATIONS_PER_VARIABLE = 5000

Initial parameter values

t2.Tachyglossus_aculeatus.nonSynRate = 0.1
t2.Tachyglossus_aculeatus.synRate = 0.1
Optimization finished in 6 loop passes.
165 likelihood evaluation calls and 147 matrix exponentiations calls were made

Row and/or column partition is empty. All the data will be used by default.
Model MG94customModel assigned to Vombatus_ursinus
Model MG94customModel assigned to Ornithorhynchus_anatinus
One branch tree supplied - hopefully this IS what you meant to do.
Rooted tree. Removing one branch - the left root child has been promoted to be the new root
Partition 0 reversible model flag computed as 1
Variable 't2.Ornithorhynchus_anatinus.nonSynRate' was not initialized prior to being used
Variable 't2.Ornithorhynchus_anatinus.synRate' was not initialized prior to being used
Auto-benchmarked an optimal number (3) of threads.
Set GUI update interval to every 5376-th LF evaluation.
Optimization settings:
	OPTIMIZATION_METHOD = 4
	OPTIMIZATION_PRECISION = 0.001
	MAXIMUM_ITERATIONS_PER_VARIABLE = 5000

Initial parameter values

t2.Ornithorhynchus_anatinus.nonSynRate = 0.1
t2.Ornithorhynchus_anatinus.synRate = 0.1
Optimization finished in 6 loop passes.
183 likelihood evaluation calls and 161 matrix exponentiations calls were made

Row and/or column partition is empty. All the data will be used by default.
Model MG94customModel assigned to Dromiciops_gliroides
Model MG94customModel assigned to Monodelphis_domestica
One branch tree supplied - hopefully this IS what you meant to do.
Rooted tree. Removing one branch - the left root child has been promoted to be the new root
Partition 0 reversible model flag computed as 1
Variable 't2.Monodelphis_domestica.nonSynRate' was not initialized prior to being used
Variable 't2.Monodelphis_domestica.synRate' was not initialized prior to being used
Auto-benchmarked an optimal number (4) of threads.
Set GUI update interval to every 5434-th LF evaluation.
Optimization settings:
	OPTIMIZATION_METHOD = 4
	OPTIMIZATION_PRECISION = 0.001
	MAXIMUM_ITERATIONS_PER_VARIABLE = 5000

Initial parameter values

t2.Monodelphis_domestica.nonSynRate = 0.1
t2.Monodelphis_domestica.synRate = 0.1
Optimization finished in 6 loop passes.
159 likelihood evaluation calls and 139 matrix exponentiations calls were made

Row and/or column partition is empty. All the data will be used by default.
Model MG94customModel assigned to Dromiciops_gliroides
Model MG94customModel assigned to Gracilinanus_agilis
One branch tree supplied - hopefully this IS what you meant to do.
Rooted tree. Removing one branch - the left root child has been promoted to be the new root
Partition 0 reversible model flag computed as 1
Variable 't2.Gracilinanus_agilis.nonSynRate' was not initialized prior to being used
Variable 't2.Gracilinanus_agilis.synRate' was not initialized prior to being used
Auto-benchmarked an optimal number (4) of threads.
Set GUI update interval to every 8928-th LF evaluation.
Optimization settings:
	OPTIMIZATION_METHOD = 4
	OPTIMIZATION_PRECISION = 0.001
	MAXIMUM_ITERATIONS_PER_VARIABLE = 5000

Initial parameter values

t2.Gracilinanus_agilis.nonSynRate = 0.1
t2.Gracilinanus_agilis.synRate = 0.1
Optimization finished in 6 loop passes.
162 likelihood evaluation calls and 140 matrix exponentiations calls were made

Row and/or column partition is empty. All the data will be used by default.
Model MG94customModel assigned to Dromiciops_gliroides
Model MG94customModel assigned to Tachyglossus_aculeatus
One branch tree supplied - hopefully this IS what you meant to do.
Rooted tree. Removing one branch - the left root child has been promoted to be the new root
Partition 0 reversible model flag computed as 1
Variable 't2.Tachyglossus_aculeatus.nonSynRate' was not initialized prior to being used
Variable 't2.Tachyglossus_aculeatus.synRate' was not initialized prior to being used
Auto-benchmarked an optimal number (5) of threads.
Set GUI update interval to every 8928-th LF evaluation.
Optimization settings:
	OPTIMIZATION_METHOD = 4
	OPTIMIZATION_PRECISION = 0.001
	MAXIMUM_ITERATIONS_PER_VARIABLE = 5000

Initial parameter values

t2.Tachyglossus_aculeatus.nonSynRate = 0.1
t2.Tachyglossus_aculeatus.synRate = 0.1
Optimization finished in 6 loop passes.
192 likelihood evaluation calls and 172 matrix exponentiations calls were made

Row and/or column partition is empty. All the data will be used by default.
Model MG94customModel assigned to Dromiciops_gliroides
Model MG94customModel assigned to Ornithorhynchus_anatinus
One branch tree supplied - hopefully this IS what you meant to do.
Rooted tree. Removing one branch - the left root child has been promoted to be the new root
Partition 0 reversible model flag computed as 1
Variable 't2.Ornithorhynchus_anatinus.nonSynRate' was not initialized prior to being used
Variable 't2.Ornithorhynchus_anatinus.synRate' was not initialized prior to being used
Auto-benchmarked an optimal number (5) of threads.
Set GUI update interval to every 8771-th LF evaluation.
Optimization settings:
	OPTIMIZATION_METHOD = 4
	OPTIMIZATION_PRECISION = 0.001
	MAXIMUM_ITERATIONS_PER_VARIABLE = 5000

Initial parameter values

t2.Ornithorhynchus_anatinus.nonSynRate = 0.1
t2.Ornithorhynchus_anatinus.synRate = 0.1
Optimization finished in 5 loop passes.
172 likelihood evaluation calls and 152 matrix exponentiations calls were made

Row and/or column partition is empty. All the data will be used by default.
Model MG94customModel assigned to Monodelphis_domestica
Model MG94customModel assigned to Gracilinanus_agilis
One branch tree supplied - hopefully this IS what you meant to do.
Rooted tree. Removing one branch - the left root child has been promoted to be the new root
Partition 0 reversible model flag computed as 1
Variable 't2.Gracilinanus_agilis.nonSynRate' was not initialized prior to being used
Variable 't2.Gracilinanus_agilis.synRate' was not initialized prior to being used
Auto-benchmarked an optimal number (3) of threads.
Set GUI update interval to every 8620-th LF evaluation.
Optimization settings:
	OPTIMIZATION_METHOD = 4
	OPTIMIZATION_PRECISION = 0.001
	MAXIMUM_ITERATIONS_PER_VARIABLE = 5000

Initial parameter values

t2.Gracilinanus_agilis.nonSynRate = 0.1
t2.Gracilinanus_agilis.synRate = 0.1
Optimization finished in 8 loop passes.
101 likelihood evaluation calls and 92 matrix exponentiations calls were made

Row and/or column partition is empty. All the data will be used by default.
Model MG94customModel assigned to Monodelphis_domestica
Model MG94customModel assigned to Tachyglossus_aculeatus
One branch tree supplied - hopefully this IS what you meant to do.
Rooted tree. Removing one branch - the left root child has been promoted to be the new root
Partition 0 reversible model flag computed as 1
Variable 't2.Tachyglossus_aculeatus.nonSynRate' was not initialized prior to being used
Variable 't2.Tachyglossus_aculeatus.synRate' was not initialized prior to being used
Auto-benchmarked an optimal number (3) of threads.
Set GUI update interval to every 8620-th LF evaluation.
Optimization settings:
	OPTIMIZATION_METHOD = 4
	OPTIMIZATION_PRECISION = 0.001
	MAXIMUM_ITERATIONS_PER_VARIABLE = 5000

Initial parameter values

t2.Tachyglossus_aculeatus.nonSynRate = 0.1
t2.Tachyglossus_aculeatus.synRate = 0.1
Optimization finished in 5 loop passes.
165 likelihood evaluation calls and 144 matrix exponentiations calls were made

Row and/or column partition is empty. All the data will be used by default.
Model MG94customModel assigned to Monodelphis_domestica
Model MG94customModel assigned to Ornithorhynchus_anatinus
One branch tree supplied - hopefully this IS what you meant to do.
Rooted tree. Removing one branch - the left root child has been promoted to be the new root
Partition 0 reversible model flag computed as 1
Variable 't2.Ornithorhynchus_anatinus.nonSynRate' was not initialized prior to being used
Variable 't2.Ornithorhynchus_anatinus.synRate' was not initialized prior to being used
Auto-benchmarked an optimal number (3) of threads.
Set GUI update interval to every 8620-th LF evaluation.
Optimization settings:
	OPTIMIZATION_METHOD = 4
	OPTIMIZATION_PRECISION = 0.001
	MAXIMUM_ITERATIONS_PER_VARIABLE = 5000

Initial parameter values

t2.Ornithorhynchus_anatinus.nonSynRate = 0.1
t2.Ornithorhynchus_anatinus.synRate = 0.1
Optimization finished in 5 loop passes.
170 likelihood evaluation calls and 153 matrix exponentiations calls were made

Row and/or column partition is empty. All the data will be used by default.
Model MG94customModel assigned to Gracilinanus_agilis
Model MG94customModel assigned to Tachyglossus_aculeatus
One branch tree supplied - hopefully this IS what you meant to do.
Rooted tree. Removing one branch - the left root child has been promoted to be the new root
Partition 0 reversible model flag computed as 1
Variable 't2.Tachyglossus_aculeatus.nonSynRate' was not initialized prior to being used
Variable 't2.Tachyglossus_aculeatus.synRate' was not initialized prior to being used
Auto-benchmarked an optimal number (3) of threads.
Set GUI update interval to every 6410-th LF evaluation.
Optimization settings:
	OPTIMIZATION_METHOD = 4
	OPTIMIZATION_PRECISION = 0.001
	MAXIMUM_ITERATIONS_PER_VARIABLE = 5000

Initial parameter values

t2.Tachyglossus_aculeatus.nonSynRate = 0.1
t2.Tachyglossus_aculeatus.synRate = 0.1
Optimization finished in 6 loop passes.
177 likelihood evaluation calls and 158 matrix exponentiations calls were made

Row and/or column partition is empty. All the data will be used by default.
Model MG94customModel assigned to Gracilinanus_agilis
Model MG94customModel assigned to Ornithorhynchus_anatinus
One branch tree supplied - hopefully this IS what you meant to do.
Rooted tree. Removing one branch - the left root child has been promoted to be the new root
Partition 0 reversible model flag computed as 1
Variable 't2.Ornithorhynchus_anatinus.nonSynRate' was not initialized prior to being used
Variable 't2.Ornithorhynchus_anatinus.synRate' was not initialized prior to being used
Auto-benchmarked an optimal number (4) of threads.
Set GUI update interval to every 8928-th LF evaluation.
Optimization settings:
	OPTIMIZATION_METHOD = 4
	OPTIMIZATION_PRECISION = 0.001
	MAXIMUM_ITERATIONS_PER_VARIABLE = 5000

Initial parameter values

t2.Ornithorhynchus_anatinus.nonSynRate = 0.1
t2.Ornithorhynchus_anatinus.synRate = 0.1
Optimization finished in 6 loop passes.
168 likelihood evaluation calls and 151 matrix exponentiations calls were made

Row and/or column partition is empty. All the data will be used by default.
Model MG94customModel assigned to Tachyglossus_aculeatus
Model MG94customModel assigned to Ornithorhynchus_anatinus
One branch tree supplied - hopefully this IS what you meant to do.
Rooted tree. Removing one branch - the left root child has been promoted to be the new root
Partition 0 reversible model flag computed as 1
Auto-benchmarked an optimal number (4) of threads.
Set GUI update interval to every 695-th LF evaluation.
Optimization settings:
	OPTIMIZATION_METHOD = 4
	OPTIMIZATION_PRECISION = 0.001
	MAXIMUM_ITERATIONS_PER_VARIABLE = 5000

Initial parameter values

t2.Ornithorhynchus_anatinus.nonSynRate = 0.1
t2.Ornithorhynchus_anatinus.synRate = 0.1
Optimization finished in 6 loop passes.
162 likelihood evaluation calls and 143 matrix exponentiations calls were made
