Archocentrus_centrarchus
Pundamilia_nyererei
Maylandia_zebra
Astatotilapia_calliptera
Haplochromis_burtoni
Simochromis_diagramma
Neolamprologus_brichardi
Oreochromis_aureus
Oreochromis_niloticus
Melanotaenia_boesemani
Oryzias_latipes
Cyprinodon_tularosa
Fundulus_heteroclitus
Girardinichthys_multiradiatus
Xiphophorus_hellerii
Xiphophorus_couchianus
Xiphophorus_maculatus
Gambusia_affinis
Poecilia_mexicana
Poecilia_latipinna
Poecilia_reticulata
Poecilia_formosa
Nematolebias_whitei
Austrofundulus_limnaeus
Kryptolebias_marmoratus
Salarias_fasciatus
Gouania_willdenowi
Amphiprion_ocellaris
Acanthochromis_polyacanthus
Stegastes_partitus
Mugil_cephalus
