Canis_lupus
Felis_catus
Odobenus_rosmarus_divergens
Mustela_putorius_furo
Panthera_tigris
Ursus_maritimus
Acinonyx_jubatus
Panthera_pardus
Neomonachus_schauinslandi
Enhydra_lutris_kenyoni
Puma_concolor
Vulpes_vulpes
Ursus_arctos
Zalophus_californianus
Eumetopias_jubatus
Suricata_suricatta
Lynx_canadensis
Mustela_erminea
Lontra_canadensis
Mirounga_leonina
Hyaena_hyaena
Puma_yagouaroundi
Vulpes_lagopus
Panthera_leo
Prionailurus_bengalensis
Leopardus_geoffroyi
Ursus_americanus
Mirounga_angustirostris
Meles_meles
Lynx_rufus
Lutra_lutra
Prionailurus_viverrinus
Panthera_uncia
Nyctereutes_procyonoides
