
Loaded 'libv3/convenience/matrix.bf' from /usr/local/lib/hyphy/TemplateBatchFiles/libv3/convenience/matrix.bf
Loaded 'libv3/UtilityFunctions.bf' from /usr/local/lib/hyphy/TemplateBatchFiles/libv3/UtilityFunctions.bf
Loaded 'IOFunctions.bf' from /usr/local/lib/hyphy/TemplateBatchFiles/libv3/IOFunctions.bf
Already loaded 'libv3/UtilityFunctions.bf' from /usr/local/lib/hyphy/TemplateBatchFiles/libv3/UtilityFunctions.bf
Loaded 'convenience/regexp.bf' from /usr/local/lib/hyphy/TemplateBatchFiles/libv3/convenience/regexp.bf
Loaded 'libv3/all-terms.bf' from /usr/local/lib/hyphy/TemplateBatchFiles/libv3/all-terms.bf
Variable 'skipCodeSelectionStep' was not initialized prior to being used
Row and/or column partition is empty. All the data will be used by default.
Overwritten previously defined function:'GaussLaguerreQuardature'
Overwritten previously defined function:'GammaQuadWeight'
Variable 'SKIP_HARVEST_FREQ' was not initialized prior to being used
Variable '_WRAP_PASSTHROUGH_FLAG_' was not initialized prior to being used
Variable 'END_OF_FILE' was not initialized prior to being used
Variable '_DO_TREE_REBALANCE_' was not initialized prior to being used
Variable '_KEEP_I_LABELS_' was not initialized prior to being used
Model MG94customModel assigned to Antechinus_flavipes
Antechinus_flavipes has 2 parameters - branch length not assigned
Model MG94customModel assigned to Sarcophilus_harrisii
Sarcophilus_harrisii has 2 parameters - branch length not assigned
Model MG94customModel assigned to Node3
Node3 has 2 parameters - branch length not assigned
Model MG94customModel assigned to Phascolarctos_cinereus
Phascolarctos_cinereus has 2 parameters - branch length not assigned
Model MG94customModel assigned to Vombatus_ursinus
Vombatus_ursinus has 2 parameters - branch length not assigned
Model MG94customModel assigned to Node6
Node6 has 2 parameters - branch length not assigned
Model MG94customModel assigned to Node2
Node2 has 2 parameters - branch length not assigned
Model MG94customModel assigned to Dromiciops_gliroides
Dromiciops_gliroides has 2 parameters - branch length not assigned
Model MG94customModel assigned to Node1
Node1 has 2 parameters - branch length not assigned
Model MG94customModel assigned to Gracilinanus_agilis
Gracilinanus_agilis has 2 parameters - branch length not assigned
Model MG94customModel assigned to Tachyglossus_aculeatus
Tachyglossus_aculeatus has 2 parameters - branch length not assigned
Model MG94customModel assigned to Ornithorhynchus_anatinus
Ornithorhynchus_anatinus has 2 parameters - branch length not assigned
Model MG94customModel assigned to Node11
Node11 has 2 parameters - branch length not assigned
The tips of the tree:givenTree were matched with the species names from the data in the following numeric order (0-based) {3,2,4,5,6,7,1,0}

Pseudo-optimal path's cost 23259 vs 31671 for 1..k=> a 1.36167 x improvement
Partition 0 reversible model flag computed as 1
Variable 'theLnLik' was not initialized prior to being used
Variable 'SAVE_OPT_STATUS_TO' was not initialized prior to being used
Variable 'givenTree.Antechinus_flavipes.nonSynRate' was not initialized prior to being used
Variable 'givenTree.Antechinus_flavipes.synRate' was not initialized prior to being used
Variable 'givenTree.Sarcophilus_harrisii.nonSynRate' was not initialized prior to being used
Variable 'givenTree.Sarcophilus_harrisii.synRate' was not initialized prior to being used
Variable 'givenTree.Phascolarctos_cinereus.nonSynRate' was not initialized prior to being used
Variable 'givenTree.Phascolarctos_cinereus.synRate' was not initialized prior to being used
Variable 'givenTree.Vombatus_ursinus.nonSynRate' was not initialized prior to being used
Variable 'givenTree.Vombatus_ursinus.synRate' was not initialized prior to being used
Variable 'givenTree.Dromiciops_gliroides.nonSynRate' was not initialized prior to being used
Variable 'givenTree.Dromiciops_gliroides.synRate' was not initialized prior to being used
Variable 'givenTree.Gracilinanus_agilis.nonSynRate' was not initialized prior to being used
Variable 'givenTree.Gracilinanus_agilis.synRate' was not initialized prior to being used
Variable 'givenTree.Tachyglossus_aculeatus.nonSynRate' was not initialized prior to being used
Variable 'givenTree.Tachyglossus_aculeatus.synRate' was not initialized prior to being used
Variable 'givenTree.Ornithorhynchus_anatinus.nonSynRate' was not initialized prior to being used
Variable 'givenTree.Ornithorhynchus_anatinus.synRate' was not initialized prior to being used
Variable 'givenTree.Node3.nonSynRate' was not initialized prior to being used
Variable 'givenTree.Node3.synRate' was not initialized prior to being used
Variable 'givenTree.Node6.nonSynRate' was not initialized prior to being used
Variable 'givenTree.Node6.synRate' was not initialized prior to being used
Variable 'givenTree.Node2.nonSynRate' was not initialized prior to being used
Variable 'givenTree.Node2.synRate' was not initialized prior to being used
Variable 'givenTree.Node1.nonSynRate' was not initialized prior to being used
Variable 'givenTree.Node1.synRate' was not initialized prior to being used
Variable 'givenTree.Node11.nonSynRate' was not initialized prior to being used
Variable 'givenTree.Node11.synRate' was not initialized prior to being used
Site 869 evaluated to a 0 probability in ComputeTreeBlockByBranch
Site 869 evaluated to a 0 probability in ComputeTreeBlockByBranch
Site 881 evaluated to a 0 probability in ComputeTreeBlockByBranch
Site 869 evaluated to a 0 probability in ComputeTreeBlockByBranch
Site 628 evaluated to a 0 probability in ComputeTreeBlockByBranch
Site 2108 evaluated to a 0 probability in ComputeTreeBlockByBranch
Site 881 evaluated to a 0 probability in ComputeTreeBlockByBranch
Site 869 evaluated to a 0 probability in ComputeTreeBlockByBranch
Site 1442 evaluated to a 0 probability in ComputeTreeBlockByBranch
Site 1920 evaluated to a 0 probability in ComputeTreeBlockByBranch
Site 869 evaluated to a 0 probability in ComputeTreeBlockByBranch
Site 1494 evaluated to a 0 probability in ComputeTreeBlockByBranch
Site 2571 evaluated to a 0 probability in ComputeTreeBlockByBranch
Site 201 evaluated to a 0 probability in ComputeTreeBlockByBranch
Site 1656 evaluated to a 0 probability in ComputeTreeBlockByBranch
Auto-benchmarked an optimal number (4) of threads.
Set GUI update interval to every 51-th LF evaluation.
Initial guess for givenTree.Node2.nonSynRate is 0.011886
Initial guess for givenTree.Node2.synRate is 0.0132602
Initial guess for givenTree.Node3.nonSynRate is -0.00433944
Initial guess for givenTree.Node3.synRate is 0.000597657
Initial guess for givenTree.Antechinus_flavipes.nonSynRate is 0.0147894
Initial guess for givenTree.Antechinus_flavipes.synRate is 0.00882695
Initial guess for givenTree.Sarcophilus_harrisii.nonSynRate is 0.0198499
Initial guess for givenTree.Sarcophilus_harrisii.synRate is 0.0174969
Initial guess for givenTree.Node6.nonSynRate is 0.0502868
Initial guess for givenTree.Node6.synRate is 0.0364609
Initial guess for givenTree.Phascolarctos_cinereus.nonSynRate is 0.0189301
Initial guess for givenTree.Phascolarctos_cinereus.synRate is 0.0063143
Initial guess for givenTree.Vombatus_ursinus.nonSynRate is 0.0171203
Initial guess for givenTree.Vombatus_ursinus.synRate is 0.005382
Initial guess for givenTree.Dromiciops_gliroides.nonSynRate is 0.0390077
Initial guess for givenTree.Dromiciops_gliroides.synRate is 0.0203084
Initial guess for givenTree.Gracilinanus_agilis.nonSynRate is 0.0694794
Initial guess for givenTree.Gracilinanus_agilis.synRate is 0.0722717
Initial guess for givenTree.Node11.nonSynRate is 0.0212661
Initial guess for givenTree.Node11.synRate is 0.0115124
Initial guess for givenTree.Tachyglossus_aculeatus.nonSynRate is 0.0168119
Initial guess for givenTree.Tachyglossus_aculeatus.synRate is 0.00652464
Initial guess for givenTree.Ornithorhynchus_anatinus.nonSynRate is 0.0180176
Initial guess for givenTree.Ornithorhynchus_anatinus.synRate is 0.00700516
Optimization settings:
	OPTIMIZATION_METHOD = 4
	OPTIMIZATION_PRECISION = 0.001
	MAXIMUM_ITERATIONS_PER_VARIABLE = 5000

Initial parameter values

GT = 1
CT = 1
AC = 1
CG = 1
AT = 1
givenTree.Antechinus_flavipes.synRate = 0.00882695
givenTree.Antechinus_flavipes.nonSynRate = 0.0147894
givenTree.Sarcophilus_harrisii.synRate = 0.0174969
givenTree.Sarcophilus_harrisii.nonSynRate = 0.0198499
givenTree.Node3.synRate = 0.000597657
givenTree.Node3.nonSynRate = 0
givenTree.Phascolarctos_cinereus.synRate = 0.0063143
givenTree.Phascolarctos_cinereus.nonSynRate = 0.0189301
givenTree.Vombatus_ursinus.synRate = 0.005382
givenTree.Vombatus_ursinus.nonSynRate = 0.0171203
givenTree.Node6.synRate = 0.0364609
givenTree.Node6.nonSynRate = 0.0502868
givenTree.Node2.synRate = 0.0132602
givenTree.Node2.nonSynRate = 0.011886
givenTree.Dromiciops_gliroides.synRate = 0.0203084
givenTree.Dromiciops_gliroides.nonSynRate = 0.0390077
givenTree.Node1.synRate = 0.1
givenTree.Node1.nonSynRate = 0.1
givenTree.Gracilinanus_agilis.synRate = 0.0722717
givenTree.Gracilinanus_agilis.nonSynRate = 0.0694794
givenTree.Tachyglossus_aculeatus.synRate = 0.00652464
givenTree.Tachyglossus_aculeatus.nonSynRate = 0.0168119
givenTree.Ornithorhynchus_anatinus.synRate = 0.00700516
givenTree.Ornithorhynchus_anatinus.nonSynRate = 0.0180176
givenTree.Node11.synRate = 0.0115124
givenTree.Node11.nonSynRate = 0.0212661
Optimization finished in 31 loop passes.
3466 likelihood evaluation calls and 14319 matrix exponentiations calls were made

Variable 'lastDepth' was not initialized prior to being used
No nodel was assigned to Antechinus_flavipes
Antechinus_flavipes has 0 parameters - branch length not assigned
No nodel was assigned to Sarcophilus_harrisii
Sarcophilus_harrisii has 0 parameters - branch length not assigned
No nodel was assigned to Node3
Node3 has 0 parameters - branch length not assigned
No nodel was assigned to Phascolarctos_cinereus
Phascolarctos_cinereus has 0 parameters - branch length not assigned
No nodel was assigned to Vombatus_ursinus
Vombatus_ursinus has 0 parameters - branch length not assigned
No nodel was assigned to Node6
Node6 has 0 parameters - branch length not assigned
No nodel was assigned to Node2
Node2 has 0 parameters - branch length not assigned
No nodel was assigned to Dromiciops_gliroides
Dromiciops_gliroides has 0 parameters - branch length not assigned
No nodel was assigned to Node1
Node1 has 0 parameters - branch length not assigned
No nodel was assigned to Gracilinanus_agilis
Gracilinanus_agilis has 0 parameters - branch length not assigned
No nodel was assigned to Tachyglossus_aculeatus
Tachyglossus_aculeatus has 0 parameters - branch length not assigned
No nodel was assigned to Ornithorhynchus_anatinus
Ornithorhynchus_anatinus has 0 parameters - branch length not assigned
No nodel was assigned to Node11
Node11 has 0 parameters - branch length not assigned
No nodel was assigned to Antechinus_flavipes
Antechinus_flavipes has 0 parameters - branch length not assigned
No nodel was assigned to Sarcophilus_harrisii
Sarcophilus_harrisii has 0 parameters - branch length not assigned
No nodel was assigned to Node3
Node3 has 0 parameters - branch length not assigned
No nodel was assigned to Phascolarctos_cinereus
Phascolarctos_cinereus has 0 parameters - branch length not assigned
No nodel was assigned to Vombatus_ursinus
Vombatus_ursinus has 0 parameters - branch length not assigned
No nodel was assigned to Node6
Node6 has 0 parameters - branch length not assigned
No nodel was assigned to Node2
Node2 has 0 parameters - branch length not assigned
No nodel was assigned to Dromiciops_gliroides
Dromiciops_gliroides has 0 parameters - branch length not assigned
No nodel was assigned to Node1
Node1 has 0 parameters - branch length not assigned
No nodel was assigned to Gracilinanus_agilis
Gracilinanus_agilis has 0 parameters - branch length not assigned
No nodel was assigned to Tachyglossus_aculeatus
Tachyglossus_aculeatus has 0 parameters - branch length not assigned
No nodel was assigned to Ornithorhynchus_anatinus
Ornithorhynchus_anatinus has 0 parameters - branch length not assigned
No nodel was assigned to Node11
Node11 has 0 parameters - branch length not assigned
No nodel was assigned to Antechinus_flavipes
Antechinus_flavipes has 0 parameters - branch length not assigned
No nodel was assigned to Sarcophilus_harrisii
Sarcophilus_harrisii has 0 parameters - branch length not assigned
No nodel was assigned to Node3
Node3 has 0 parameters - branch length not assigned
No nodel was assigned to Phascolarctos_cinereus
Phascolarctos_cinereus has 0 parameters - branch length not assigned
No nodel was assigned to Vombatus_ursinus
Vombatus_ursinus has 0 parameters - branch length not assigned
No nodel was assigned to Node6
Node6 has 0 parameters - branch length not assigned
No nodel was assigned to Node2
Node2 has 0 parameters - branch length not assigned
No nodel was assigned to Dromiciops_gliroides
Dromiciops_gliroides has 0 parameters - branch length not assigned
No nodel was assigned to Node1
Node1 has 0 parameters - branch length not assigned
No nodel was assigned to Gracilinanus_agilis
Gracilinanus_agilis has 0 parameters - branch length not assigned
No nodel was assigned to Tachyglossus_aculeatus
Tachyglossus_aculeatus has 0 parameters - branch length not assigned
No nodel was assigned to Ornithorhynchus_anatinus
Ornithorhynchus_anatinus has 0 parameters - branch length not assigned
No nodel was assigned to Node11
Node11 has 0 parameters - branch length not assigned
No nodel was assigned to Antechinus_flavipes
Antechinus_flavipes has 0 parameters - branch length not assigned
No nodel was assigned to Sarcophilus_harrisii
Sarcophilus_harrisii has 0 parameters - branch length not assigned
No nodel was assigned to Node3
Node3 has 0 parameters - branch length not assigned
No nodel was assigned to Phascolarctos_cinereus
Phascolarctos_cinereus has 0 parameters - branch length not assigned
No nodel was assigned to Vombatus_ursinus
Vombatus_ursinus has 0 parameters - branch length not assigned
No nodel was assigned to Node6
Node6 has 0 parameters - branch length not assigned
No nodel was assigned to Node2
Node2 has 0 parameters - branch length not assigned
No nodel was assigned to Dromiciops_gliroides
Dromiciops_gliroides has 0 parameters - branch length not assigned
No nodel was assigned to Node1
Node1 has 0 parameters - branch length not assigned
No nodel was assigned to Gracilinanus_agilis
Gracilinanus_agilis has 0 parameters - branch length not assigned
No nodel was assigned to Tachyglossus_aculeatus
Tachyglossus_aculeatus has 0 parameters - branch length not assigned
No nodel was assigned to Ornithorhynchus_anatinus
Ornithorhynchus_anatinus has 0 parameters - branch length not assigned
No nodel was assigned to Node11
Node11 has 0 parameters - branch length not assigned
Variable 'nodeName' was not initialized prior to being used
Variable 'speciesIndex' was not initialized prior to being used
Row and/or column partition is empty. All the data will be used by default.
Model MG94customModel assigned to Antechinus_flavipes
Model MG94customModel assigned to Sarcophilus_harrisii
One branch tree supplied - hopefully this IS what you meant to do.
Rooted tree. Removing one branch - the left root child has been promoted to be the new root
Partition 0 reversible model flag computed as 1
Variable 'twoLnLik' was not initialized prior to being used
Variable 't2.Sarcophilus_harrisii.nonSynRate' was not initialized prior to being used
Variable 't2.Sarcophilus_harrisii.synRate' was not initialized prior to being used
Auto-benchmarked an optimal number (4) of threads.
Set GUI update interval to every 8771-th LF evaluation.
Optimization settings:
	OPTIMIZATION_METHOD = 4
	OPTIMIZATION_PRECISION = 0.001
	MAXIMUM_ITERATIONS_PER_VARIABLE = 5000

Initial parameter values

t2.Sarcophilus_harrisii.nonSynRate = 0.1
t2.Sarcophilus_harrisii.synRate = 0.1
Optimization finished in 7 loop passes.
118 likelihood evaluation calls and 107 matrix exponentiations calls were made

Row and/or column partition is empty. All the data will be used by default.
Model MG94customModel assigned to Antechinus_flavipes
Model MG94customModel assigned to Phascolarctos_cinereus
One branch tree supplied - hopefully this IS what you meant to do.
Rooted tree. Removing one branch - the left root child has been promoted to be the new root
Partition 0 reversible model flag computed as 1
Variable 't2.Phascolarctos_cinereus.nonSynRate' was not initialized prior to being used
Variable 't2.Phascolarctos_cinereus.synRate' was not initialized prior to being used
Auto-benchmarked an optimal number (4) of threads.
Set GUI update interval to every 8620-th LF evaluation.
Optimization settings:
	OPTIMIZATION_METHOD = 4
	OPTIMIZATION_PRECISION = 0.001
	MAXIMUM_ITERATIONS_PER_VARIABLE = 5000

Initial parameter values

t2.Phascolarctos_cinereus.nonSynRate = 0.1
t2.Phascolarctos_cinereus.synRate = 0.1
Optimization finished in 6 loop passes.
215 likelihood evaluation calls and 194 matrix exponentiations calls were made

Row and/or column partition is empty. All the data will be used by default.
Model MG94customModel assigned to Antechinus_flavipes
Model MG94customModel assigned to Vombatus_ursinus
One branch tree supplied - hopefully this IS what you meant to do.
Rooted tree. Removing one branch - the left root child has been promoted to be the new root
Partition 0 reversible model flag computed as 1
Variable 't2.Vombatus_ursinus.synRate' was not initialized prior to being used
Variable 't2.Vombatus_ursinus.nonSynRate' was not initialized prior to being used
Auto-benchmarked an optimal number (2) of threads.
Set GUI update interval to every 8333-th LF evaluation.
Optimization settings:
	OPTIMIZATION_METHOD = 4
	OPTIMIZATION_PRECISION = 0.001
	MAXIMUM_ITERATIONS_PER_VARIABLE = 5000

Initial parameter values

t2.Vombatus_ursinus.synRate = 0.1
t2.Vombatus_ursinus.nonSynRate = 0.1
Optimization finished in 6 loop passes.
206 likelihood evaluation calls and 185 matrix exponentiations calls were made

Row and/or column partition is empty. All the data will be used by default.
Model MG94customModel assigned to Antechinus_flavipes
Model MG94customModel assigned to Dromiciops_gliroides
One branch tree supplied - hopefully this IS what you meant to do.
Rooted tree. Removing one branch - the left root child has been promoted to be the new root
Partition 0 reversible model flag computed as 1
Variable 't2.Dromiciops_gliroides.synRate' was not initialized prior to being used
Variable 't2.Dromiciops_gliroides.nonSynRate' was not initialized prior to being used
Auto-benchmarked an optimal number (3) of threads.
Set GUI update interval to every 8928-th LF evaluation.
Optimization settings:
	OPTIMIZATION_METHOD = 4
	OPTIMIZATION_PRECISION = 0.001
	MAXIMUM_ITERATIONS_PER_VARIABLE = 5000

Initial parameter values

t2.Dromiciops_gliroides.synRate = 0.1
t2.Dromiciops_gliroides.nonSynRate = 0.1
Optimization finished in 6 loop passes.
214 likelihood evaluation calls and 196 matrix exponentiations calls were made

Row and/or column partition is empty. All the data will be used by default.
Model MG94customModel assigned to Antechinus_flavipes
Model MG94customModel assigned to Gracilinanus_agilis
One branch tree supplied - hopefully this IS what you meant to do.
Rooted tree. Removing one branch - the left root child has been promoted to be the new root
Partition 0 reversible model flag computed as 1
Variable 't2.Gracilinanus_agilis.synRate' was not initialized prior to being used
Variable 't2.Gracilinanus_agilis.nonSynRate' was not initialized prior to being used
Auto-benchmarked an optimal number (4) of threads.
Set GUI update interval to every 9090-th LF evaluation.
Optimization settings:
	OPTIMIZATION_METHOD = 4
	OPTIMIZATION_PRECISION = 0.001
	MAXIMUM_ITERATIONS_PER_VARIABLE = 5000

Initial parameter values

t2.Gracilinanus_agilis.synRate = 0.1
t2.Gracilinanus_agilis.nonSynRate = 0.1
Optimization finished in 6 loop passes.
246 likelihood evaluation calls and 227 matrix exponentiations calls were made

Row and/or column partition is empty. All the data will be used by default.
Model MG94customModel assigned to Antechinus_flavipes
Model MG94customModel assigned to Tachyglossus_aculeatus
One branch tree supplied - hopefully this IS what you meant to do.
Rooted tree. Removing one branch - the left root child has been promoted to be the new root
Partition 0 reversible model flag computed as 1
Variable 't2.Tachyglossus_aculeatus.nonSynRate' was not initialized prior to being used
Variable 't2.Tachyglossus_aculeatus.synRate' was not initialized prior to being used
Auto-benchmarked an optimal number (4) of threads.
Set GUI update interval to every 9090-th LF evaluation.
Optimization settings:
	OPTIMIZATION_METHOD = 4
	OPTIMIZATION_PRECISION = 0.001
	MAXIMUM_ITERATIONS_PER_VARIABLE = 5000

Initial parameter values

t2.Tachyglossus_aculeatus.nonSynRate = 0.1
t2.Tachyglossus_aculeatus.synRate = 0.1
Optimization finished in 6 loop passes.
181 likelihood evaluation calls and 157 matrix exponentiations calls were made

Row and/or column partition is empty. All the data will be used by default.
Model MG94customModel assigned to Antechinus_flavipes
Model MG94customModel assigned to Ornithorhynchus_anatinus
One branch tree supplied - hopefully this IS what you meant to do.
Rooted tree. Removing one branch - the left root child has been promoted to be the new root
Partition 0 reversible model flag computed as 1
Variable 't2.Ornithorhynchus_anatinus.nonSynRate' was not initialized prior to being used
Variable 't2.Ornithorhynchus_anatinus.synRate' was not initialized prior to being used
Auto-benchmarked an optimal number (5) of threads.
Set GUI update interval to every 8928-th LF evaluation.
Optimization settings:
	OPTIMIZATION_METHOD = 4
	OPTIMIZATION_PRECISION = 0.001
	MAXIMUM_ITERATIONS_PER_VARIABLE = 5000

Initial parameter values

t2.Ornithorhynchus_anatinus.nonSynRate = 0.1
t2.Ornithorhynchus_anatinus.synRate = 0.1
Optimization finished in 6 loop passes.
181 likelihood evaluation calls and 164 matrix exponentiations calls were made

Row and/or column partition is empty. All the data will be used by default.
Model MG94customModel assigned to Sarcophilus_harrisii
Model MG94customModel assigned to Phascolarctos_cinereus
One branch tree supplied - hopefully this IS what you meant to do.
Rooted tree. Removing one branch - the left root child has been promoted to be the new root
Partition 0 reversible model flag computed as 1
Variable 't2.Phascolarctos_cinereus.synRate' was not initialized prior to being used
Variable 't2.Phascolarctos_cinereus.nonSynRate' was not initialized prior to being used
Auto-benchmarked an optimal number (4) of threads.
Set GUI update interval to every 9090-th LF evaluation.
Optimization settings:
	OPTIMIZATION_METHOD = 4
	OPTIMIZATION_PRECISION = 0.001
	MAXIMUM_ITERATIONS_PER_VARIABLE = 5000

Initial parameter values

t2.Phascolarctos_cinereus.synRate = 0.1
t2.Phascolarctos_cinereus.nonSynRate = 0.1
Optimization finished in 6 loop passes.
256 likelihood evaluation calls and 234 matrix exponentiations calls were made

Row and/or column partition is empty. All the data will be used by default.
Model MG94customModel assigned to Sarcophilus_harrisii
Model MG94customModel assigned to Vombatus_ursinus
One branch tree supplied - hopefully this IS what you meant to do.
Rooted tree. Removing one branch - the left root child has been promoted to be the new root
Partition 0 reversible model flag computed as 1
Variable 't2.Vombatus_ursinus.nonSynRate' was not initialized prior to being used
Variable 't2.Vombatus_ursinus.synRate' was not initialized prior to being used
Auto-benchmarked an optimal number (4) of threads.
Set GUI update interval to every 8771-th LF evaluation.
Optimization settings:
	OPTIMIZATION_METHOD = 4
	OPTIMIZATION_PRECISION = 0.001
	MAXIMUM_ITERATIONS_PER_VARIABLE = 5000

Initial parameter values

t2.Vombatus_ursinus.nonSynRate = 0.1
t2.Vombatus_ursinus.synRate = 0.1
Optimization finished in 6 loop passes.
200 likelihood evaluation calls and 179 matrix exponentiations calls were made

Row and/or column partition is empty. All the data will be used by default.
Model MG94customModel assigned to Sarcophilus_harrisii
Model MG94customModel assigned to Dromiciops_gliroides
One branch tree supplied - hopefully this IS what you meant to do.
Rooted tree. Removing one branch - the left root child has been promoted to be the new root
Partition 0 reversible model flag computed as 1
Variable 't2.Dromiciops_gliroides.nonSynRate' was not initialized prior to being used
Variable 't2.Dromiciops_gliroides.synRate' was not initialized prior to being used
Auto-benchmarked an optimal number (2) of threads.
Set GUI update interval to every 8620-th LF evaluation.
Optimization settings:
	OPTIMIZATION_METHOD = 4
	OPTIMIZATION_PRECISION = 0.001
	MAXIMUM_ITERATIONS_PER_VARIABLE = 5000

Initial parameter values

t2.Dromiciops_gliroides.nonSynRate = 0.1
t2.Dromiciops_gliroides.synRate = 0.1
Optimization finished in 6 loop passes.
223 likelihood evaluation calls and 205 matrix exponentiations calls were made

Row and/or column partition is empty. All the data will be used by default.
Model MG94customModel assigned to Sarcophilus_harrisii
Model MG94customModel assigned to Gracilinanus_agilis
One branch tree supplied - hopefully this IS what you meant to do.
Rooted tree. Removing one branch - the left root child has been promoted to be the new root
Partition 0 reversible model flag computed as 1
Variable 't2.Gracilinanus_agilis.nonSynRate' was not initialized prior to being used
Variable 't2.Gracilinanus_agilis.synRate' was not initialized prior to being used
Auto-benchmarked an optimal number (5) of threads.
Set GUI update interval to every 9090-th LF evaluation.
Optimization settings:
	OPTIMIZATION_METHOD = 4
	OPTIMIZATION_PRECISION = 0.001
	MAXIMUM_ITERATIONS_PER_VARIABLE = 5000

Initial parameter values

t2.Gracilinanus_agilis.nonSynRate = 0.1
t2.Gracilinanus_agilis.synRate = 0.1
Optimization finished in 6 loop passes.
222 likelihood evaluation calls and 205 matrix exponentiations calls were made

Row and/or column partition is empty. All the data will be used by default.
Model MG94customModel assigned to Sarcophilus_harrisii
Model MG94customModel assigned to Tachyglossus_aculeatus
One branch tree supplied - hopefully this IS what you meant to do.
Rooted tree. Removing one branch - the left root child has been promoted to be the new root
Partition 0 reversible model flag computed as 1
Variable 't2.Tachyglossus_aculeatus.nonSynRate' was not initialized prior to being used
Variable 't2.Tachyglossus_aculeatus.synRate' was not initialized prior to being used
Auto-benchmarked an optimal number (2) of threads.
Set GUI update interval to every 8196-th LF evaluation.
Optimization settings:
	OPTIMIZATION_METHOD = 4
	OPTIMIZATION_PRECISION = 0.001
	MAXIMUM_ITERATIONS_PER_VARIABLE = 5000

Initial parameter values

t2.Tachyglossus_aculeatus.nonSynRate = 0.1
t2.Tachyglossus_aculeatus.synRate = 0.1
Optimization finished in 6 loop passes.
203 likelihood evaluation calls and 183 matrix exponentiations calls were made

Row and/or column partition is empty. All the data will be used by default.
Model MG94customModel assigned to Sarcophilus_harrisii
Model MG94customModel assigned to Ornithorhynchus_anatinus
One branch tree supplied - hopefully this IS what you meant to do.
Rooted tree. Removing one branch - the left root child has been promoted to be the new root
Partition 0 reversible model flag computed as 1
Variable 't2.Ornithorhynchus_anatinus.nonSynRate' was not initialized prior to being used
Variable 't2.Ornithorhynchus_anatinus.synRate' was not initialized prior to being used
Auto-benchmarked an optimal number (4) of threads.
Set GUI update interval to every 8928-th LF evaluation.
Optimization settings:
	OPTIMIZATION_METHOD = 4
	OPTIMIZATION_PRECISION = 0.001
	MAXIMUM_ITERATIONS_PER_VARIABLE = 5000

Initial parameter values

t2.Ornithorhynchus_anatinus.nonSynRate = 0.1
t2.Ornithorhynchus_anatinus.synRate = 0.1
Optimization finished in 6 loop passes.
206 likelihood evaluation calls and 187 matrix exponentiations calls were made

Row and/or column partition is empty. All the data will be used by default.
Model MG94customModel assigned to Phascolarctos_cinereus
Model MG94customModel assigned to Vombatus_ursinus
One branch tree supplied - hopefully this IS what you meant to do.
Rooted tree. Removing one branch - the left root child has been promoted to be the new root
Partition 0 reversible model flag computed as 1
Variable 't2.Vombatus_ursinus.nonSynRate' was not initialized prior to being used
Variable 't2.Vombatus_ursinus.synRate' was not initialized prior to being used
Auto-benchmarked an optimal number (2) of threads.
Set GUI update interval to every 8333-th LF evaluation.
Optimization settings:
	OPTIMIZATION_METHOD = 4
	OPTIMIZATION_PRECISION = 0.001
	MAXIMUM_ITERATIONS_PER_VARIABLE = 5000

Initial parameter values

t2.Vombatus_ursinus.nonSynRate = 0.1
t2.Vombatus_ursinus.synRate = 0.1
Optimization finished in 8 loop passes.
223 likelihood evaluation calls and 186 matrix exponentiations calls were made

Row and/or column partition is empty. All the data will be used by default.
Model MG94customModel assigned to Phascolarctos_cinereus
Model MG94customModel assigned to Dromiciops_gliroides
One branch tree supplied - hopefully this IS what you meant to do.
Rooted tree. Removing one branch - the left root child has been promoted to be the new root
Partition 0 reversible model flag computed as 1
Variable 't2.Dromiciops_gliroides.nonSynRate' was not initialized prior to being used
Variable 't2.Dromiciops_gliroides.synRate' was not initialized prior to being used
Auto-benchmarked an optimal number (4) of threads.
Set GUI update interval to every 8928-th LF evaluation.
Optimization settings:
	OPTIMIZATION_METHOD = 4
	OPTIMIZATION_PRECISION = 0.001
	MAXIMUM_ITERATIONS_PER_VARIABLE = 5000

Initial parameter values

t2.Dromiciops_gliroides.nonSynRate = 0.1
t2.Dromiciops_gliroides.synRate = 0.1
Optimization finished in 6 loop passes.
220 likelihood evaluation calls and 197 matrix exponentiations calls were made

Row and/or column partition is empty. All the data will be used by default.
Model MG94customModel assigned to Phascolarctos_cinereus
Model MG94customModel assigned to Gracilinanus_agilis
One branch tree supplied - hopefully this IS what you meant to do.
Rooted tree. Removing one branch - the left root child has been promoted to be the new root
Partition 0 reversible model flag computed as 1
Variable 't2.Gracilinanus_agilis.nonSynRate' was not initialized prior to being used
Variable 't2.Gracilinanus_agilis.synRate' was not initialized prior to being used
Auto-benchmarked an optimal number (3) of threads.
Set GUI update interval to every 8928-th LF evaluation.
Optimization settings:
	OPTIMIZATION_METHOD = 4
	OPTIMIZATION_PRECISION = 0.001
	MAXIMUM_ITERATIONS_PER_VARIABLE = 5000

Initial parameter values

t2.Gracilinanus_agilis.nonSynRate = 0.1
t2.Gracilinanus_agilis.synRate = 0.1
Optimization finished in 6 loop passes.
210 likelihood evaluation calls and 190 matrix exponentiations calls were made

Row and/or column partition is empty. All the data will be used by default.
Model MG94customModel assigned to Phascolarctos_cinereus
Model MG94customModel assigned to Tachyglossus_aculeatus
One branch tree supplied - hopefully this IS what you meant to do.
Rooted tree. Removing one branch - the left root child has been promoted to be the new root
Partition 0 reversible model flag computed as 1
Variable 't2.Tachyglossus_aculeatus.synRate' was not initialized prior to being used
Variable 't2.Tachyglossus_aculeatus.nonSynRate' was not initialized prior to being used
Auto-benchmarked an optimal number (5) of threads.
Set GUI update interval to every 9090-th LF evaluation.
Optimization settings:
	OPTIMIZATION_METHOD = 4
	OPTIMIZATION_PRECISION = 0.001
	MAXIMUM_ITERATIONS_PER_VARIABLE = 5000

Initial parameter values

t2.Tachyglossus_aculeatus.synRate = 0.1
t2.Tachyglossus_aculeatus.nonSynRate = 0.1
Optimization finished in 6 loop passes.
225 likelihood evaluation calls and 200 matrix exponentiations calls were made

Row and/or column partition is empty. All the data will be used by default.
Model MG94customModel assigned to Phascolarctos_cinereus
Model MG94customModel assigned to Ornithorhynchus_anatinus
One branch tree supplied - hopefully this IS what you meant to do.
Rooted tree. Removing one branch - the left root child has been promoted to be the new root
Partition 0 reversible model flag computed as 1
Variable 't2.Ornithorhynchus_anatinus.nonSynRate' was not initialized prior to being used
Variable 't2.Ornithorhynchus_anatinus.synRate' was not initialized prior to being used
Auto-benchmarked an optimal number (3) of threads.
Set GUI update interval to every 8928-th LF evaluation.
Optimization settings:
	OPTIMIZATION_METHOD = 4
	OPTIMIZATION_PRECISION = 0.001
	MAXIMUM_ITERATIONS_PER_VARIABLE = 5000

Initial parameter values

t2.Ornithorhynchus_anatinus.nonSynRate = 0.1
t2.Ornithorhynchus_anatinus.synRate = 0.1
Optimization finished in 6 loop passes.
171 likelihood evaluation calls and 148 matrix exponentiations calls were made

Row and/or column partition is empty. All the data will be used by default.
Model MG94customModel assigned to Vombatus_ursinus
Model MG94customModel assigned to Dromiciops_gliroides
One branch tree supplied - hopefully this IS what you meant to do.
Rooted tree. Removing one branch - the left root child has been promoted to be the new root
Partition 0 reversible model flag computed as 1
Variable 't2.Dromiciops_gliroides.nonSynRate' was not initialized prior to being used
Variable 't2.Dromiciops_gliroides.synRate' was not initialized prior to being used
Auto-benchmarked an optimal number (3) of threads.
Set GUI update interval to every 8771-th LF evaluation.
Optimization settings:
	OPTIMIZATION_METHOD = 4
	OPTIMIZATION_PRECISION = 0.001
	MAXIMUM_ITERATIONS_PER_VARIABLE = 5000

Initial parameter values

t2.Dromiciops_gliroides.nonSynRate = 0.1
t2.Dromiciops_gliroides.synRate = 0.1
Optimization finished in 6 loop passes.
225 likelihood evaluation calls and 207 matrix exponentiations calls were made

Row and/or column partition is empty. All the data will be used by default.
Model MG94customModel assigned to Vombatus_ursinus
Model MG94customModel assigned to Gracilinanus_agilis
One branch tree supplied - hopefully this IS what you meant to do.
Rooted tree. Removing one branch - the left root child has been promoted to be the new root
Partition 0 reversible model flag computed as 1
Variable 't2.Gracilinanus_agilis.nonSynRate' was not initialized prior to being used
Variable 't2.Gracilinanus_agilis.synRate' was not initialized prior to being used
Auto-benchmarked an optimal number (4) of threads.
Set GUI update interval to every 8928-th LF evaluation.
Optimization settings:
	OPTIMIZATION_METHOD = 4
	OPTIMIZATION_PRECISION = 0.001
	MAXIMUM_ITERATIONS_PER_VARIABLE = 5000

Initial parameter values

t2.Gracilinanus_agilis.nonSynRate = 0.1
t2.Gracilinanus_agilis.synRate = 0.1
Optimization finished in 9 loop passes.
230 likelihood evaluation calls and 213 matrix exponentiations calls were made

Row and/or column partition is empty. All the data will be used by default.
Model MG94customModel assigned to Vombatus_ursinus
Model MG94customModel assigned to Tachyglossus_aculeatus
One branch tree supplied - hopefully this IS what you meant to do.
Rooted tree. Removing one branch - the left root child has been promoted to be the new root
Partition 0 reversible model flag computed as 1
Variable 't2.Tachyglossus_aculeatus.nonSynRate' was not initialized prior to being used
Variable 't2.Tachyglossus_aculeatus.synRate' was not initialized prior to being used
Auto-benchmarked an optimal number (3) of threads.
Set GUI update interval to every 9090-th LF evaluation.
Optimization settings:
	OPTIMIZATION_METHOD = 4
	OPTIMIZATION_PRECISION = 0.001
	MAXIMUM_ITERATIONS_PER_VARIABLE = 5000

Initial parameter values

t2.Tachyglossus_aculeatus.nonSynRate = 0.1
t2.Tachyglossus_aculeatus.synRate = 0.1
Optimization finished in 6 loop passes.
212 likelihood evaluation calls and 190 matrix exponentiations calls were made

Row and/or column partition is empty. All the data will be used by default.
Model MG94customModel assigned to Vombatus_ursinus
Model MG94customModel assigned to Ornithorhynchus_anatinus
One branch tree supplied - hopefully this IS what you meant to do.
Rooted tree. Removing one branch - the left root child has been promoted to be the new root
Partition 0 reversible model flag computed as 1
Variable 't2.Ornithorhynchus_anatinus.nonSynRate' was not initialized prior to being used
Variable 't2.Ornithorhynchus_anatinus.synRate' was not initialized prior to being used
Auto-benchmarked an optimal number (3) of threads.
Set GUI update interval to every 8620-th LF evaluation.
Optimization settings:
	OPTIMIZATION_METHOD = 4
	OPTIMIZATION_PRECISION = 0.001
	MAXIMUM_ITERATIONS_PER_VARIABLE = 5000

Initial parameter values

t2.Ornithorhynchus_anatinus.nonSynRate = 0.1
t2.Ornithorhynchus_anatinus.synRate = 0.1
Optimization finished in 6 loop passes.
182 likelihood evaluation calls and 160 matrix exponentiations calls were made

Row and/or column partition is empty. All the data will be used by default.
Model MG94customModel assigned to Dromiciops_gliroides
Model MG94customModel assigned to Gracilinanus_agilis
One branch tree supplied - hopefully this IS what you meant to do.
Rooted tree. Removing one branch - the left root child has been promoted to be the new root
Partition 0 reversible model flag computed as 1
Variable 't2.Gracilinanus_agilis.nonSynRate' was not initialized prior to being used
Variable 't2.Gracilinanus_agilis.synRate' was not initialized prior to being used
Auto-benchmarked an optimal number (3) of threads.
Set GUI update interval to every 8771-th LF evaluation.
Optimization settings:
	OPTIMIZATION_METHOD = 4
	OPTIMIZATION_PRECISION = 0.001
	MAXIMUM_ITERATIONS_PER_VARIABLE = 5000

Initial parameter values

t2.Gracilinanus_agilis.nonSynRate = 0.1
t2.Gracilinanus_agilis.synRate = 0.1
Optimization finished in 7 loop passes.
144 likelihood evaluation calls and 116 matrix exponentiations calls were made

Row and/or column partition is empty. All the data will be used by default.
Model MG94customModel assigned to Dromiciops_gliroides
Model MG94customModel assigned to Tachyglossus_aculeatus
One branch tree supplied - hopefully this IS what you meant to do.
Rooted tree. Removing one branch - the left root child has been promoted to be the new root
Partition 0 reversible model flag computed as 1
Variable 't2.Tachyglossus_aculeatus.nonSynRate' was not initialized prior to being used
Variable 't2.Tachyglossus_aculeatus.synRate' was not initialized prior to being used
Auto-benchmarked an optimal number (4) of threads.
Set GUI update interval to every 8928-th LF evaluation.
Optimization settings:
	OPTIMIZATION_METHOD = 4
	OPTIMIZATION_PRECISION = 0.001
	MAXIMUM_ITERATIONS_PER_VARIABLE = 5000

Initial parameter values

t2.Tachyglossus_aculeatus.nonSynRate = 0.1
t2.Tachyglossus_aculeatus.synRate = 0.1
Optimization finished in 6 loop passes.
167 likelihood evaluation calls and 147 matrix exponentiations calls were made

Row and/or column partition is empty. All the data will be used by default.
Model MG94customModel assigned to Dromiciops_gliroides
Model MG94customModel assigned to Ornithorhynchus_anatinus
One branch tree supplied - hopefully this IS what you meant to do.
Rooted tree. Removing one branch - the left root child has been promoted to be the new root
Partition 0 reversible model flag computed as 1
Variable 't2.Ornithorhynchus_anatinus.nonSynRate' was not initialized prior to being used
Variable 't2.Ornithorhynchus_anatinus.synRate' was not initialized prior to being used
Auto-benchmarked an optimal number (4) of threads.
Set GUI update interval to every 8928-th LF evaluation.
Optimization settings:
	OPTIMIZATION_METHOD = 4
	OPTIMIZATION_PRECISION = 0.001
	MAXIMUM_ITERATIONS_PER_VARIABLE = 5000

Initial parameter values

t2.Ornithorhynchus_anatinus.nonSynRate = 0.1
t2.Ornithorhynchus_anatinus.synRate = 0.1
Optimization finished in 6 loop passes.
167 likelihood evaluation calls and 151 matrix exponentiations calls were made

Row and/or column partition is empty. All the data will be used by default.
Model MG94customModel assigned to Gracilinanus_agilis
Model MG94customModel assigned to Tachyglossus_aculeatus
One branch tree supplied - hopefully this IS what you meant to do.
Rooted tree. Removing one branch - the left root child has been promoted to be the new root
Partition 0 reversible model flag computed as 1
Variable 't2.Tachyglossus_aculeatus.nonSynRate' was not initialized prior to being used
Variable 't2.Tachyglossus_aculeatus.synRate' was not initialized prior to being used
Auto-benchmarked an optimal number (3) of threads.
Set GUI update interval to every 8771-th LF evaluation.
Optimization settings:
	OPTIMIZATION_METHOD = 4
	OPTIMIZATION_PRECISION = 0.001
	MAXIMUM_ITERATIONS_PER_VARIABLE = 5000

Initial parameter values

t2.Tachyglossus_aculeatus.nonSynRate = 0.1
t2.Tachyglossus_aculeatus.synRate = 0.1
Optimization finished in 6 loop passes.
191 likelihood evaluation calls and 171 matrix exponentiations calls were made

Row and/or column partition is empty. All the data will be used by default.
Model MG94customModel assigned to Gracilinanus_agilis
Model MG94customModel assigned to Ornithorhynchus_anatinus
One branch tree supplied - hopefully this IS what you meant to do.
Rooted tree. Removing one branch - the left root child has been promoted to be the new root
Partition 0 reversible model flag computed as 1
Variable 't2.Ornithorhynchus_anatinus.nonSynRate' was not initialized prior to being used
Variable 't2.Ornithorhynchus_anatinus.synRate' was not initialized prior to being used
Auto-benchmarked an optimal number (3) of threads.
Set GUI update interval to every 8771-th LF evaluation.
Optimization settings:
	OPTIMIZATION_METHOD = 4
	OPTIMIZATION_PRECISION = 0.001
	MAXIMUM_ITERATIONS_PER_VARIABLE = 5000

Initial parameter values

t2.Ornithorhynchus_anatinus.nonSynRate = 0.1
t2.Ornithorhynchus_anatinus.synRate = 0.1
Optimization finished in 6 loop passes.
200 likelihood evaluation calls and 183 matrix exponentiations calls were made

Row and/or column partition is empty. All the data will be used by default.
Model MG94customModel assigned to Tachyglossus_aculeatus
Model MG94customModel assigned to Ornithorhynchus_anatinus
One branch tree supplied - hopefully this IS what you meant to do.
Rooted tree. Removing one branch - the left root child has been promoted to be the new root
Partition 0 reversible model flag computed as 1
Auto-benchmarked an optimal number (2) of threads.
Set GUI update interval to every 628-th LF evaluation.
Optimization settings:
	OPTIMIZATION_METHOD = 4
	OPTIMIZATION_PRECISION = 0.001
	MAXIMUM_ITERATIONS_PER_VARIABLE = 5000

Initial parameter values

t2.Ornithorhynchus_anatinus.nonSynRate = 0.1
t2.Ornithorhynchus_anatinus.synRate = 0.1
Optimization finished in 6 loop passes.
175 likelihood evaluation calls and 151 matrix exponentiations calls were made
