
Loaded 'libv3/convenience/matrix.bf' from /usr/local/lib/hyphy/TemplateBatchFiles/libv3/convenience/matrix.bf
Loaded 'libv3/UtilityFunctions.bf' from /usr/local/lib/hyphy/TemplateBatchFiles/libv3/UtilityFunctions.bf
Loaded 'IOFunctions.bf' from /usr/local/lib/hyphy/TemplateBatchFiles/libv3/IOFunctions.bf
Already loaded 'libv3/UtilityFunctions.bf' from /usr/local/lib/hyphy/TemplateBatchFiles/libv3/UtilityFunctions.bf
Loaded 'convenience/regexp.bf' from /usr/local/lib/hyphy/TemplateBatchFiles/libv3/convenience/regexp.bf
Loaded 'libv3/all-terms.bf' from /usr/local/lib/hyphy/TemplateBatchFiles/libv3/all-terms.bf
Variable 'skipCodeSelectionStep' was not initialized prior to being used
Row and/or column partition is empty. All the data will be used by default.
Overwritten previously defined function:'GaussLaguerreQuardature'
Overwritten previously defined function:'GammaQuadWeight'
Variable 'SKIP_HARVEST_FREQ' was not initialized prior to being used
Variable '_WRAP_PASSTHROUGH_FLAG_' was not initialized prior to being used
Variable 'END_OF_FILE' was not initialized prior to being used
Variable '_DO_TREE_REBALANCE_' was not initialized prior to being used
Variable '_KEEP_I_LABELS_' was not initialized prior to being used
Model MG94customModel assigned to Egretta_garzetta
Egretta_garzetta has 2 parameters - branch length not assigned
Model MG94customModel assigned to Pelecanus_crispus
Pelecanus_crispus has 2 parameters - branch length not assigned
Model MG94customModel assigned to Node6
Node6 has 2 parameters - branch length not assigned
Model MG94customModel assigned to Aptenodytes_forsteri
Aptenodytes_forsteri has 2 parameters - branch length not assigned
Model MG94customModel assigned to Fulmarus_glacialis
Fulmarus_glacialis has 2 parameters - branch length not assigned
Model MG94customModel assigned to Node9
Node9 has 2 parameters - branch length not assigned
Model MG94customModel assigned to Node5
Node5 has 2 parameters - branch length not assigned
Model MG94customModel assigned to Gavia_stellata
Gavia_stellata has 2 parameters - branch length not assigned
Model MG94customModel assigned to Node4
Node4 has 2 parameters - branch length not assigned
Model MG94customModel assigned to Phaethon_lepturus
Phaethon_lepturus has 2 parameters - branch length not assigned
Model MG94customModel assigned to Node3
Node3 has 2 parameters - branch length not assigned
Model MG94customModel assigned to Balearica_regulorum_gibbericeps
Balearica_regulorum_gibbericeps has 2 parameters - branch length not assigned
Model MG94customModel assigned to Node2
Node2 has 2 parameters - branch length not assigned
Model MG94customModel assigned to Calidris_pugnax
Calidris_pugnax has 2 parameters - branch length not assigned
Model MG94customModel assigned to Charadrius_vociferus
Charadrius_vociferus has 2 parameters - branch length not assigned
Model MG94customModel assigned to Node15
Node15 has 2 parameters - branch length not assigned
Model MG94customModel assigned to Node1
Node1 has 2 parameters - branch length not assigned
Model MG94customModel assigned to Mesitornis_unicolor
Mesitornis_unicolor has 2 parameters - branch length not assigned
Model MG94customModel assigned to Columba_livia
Columba_livia has 2 parameters - branch length not assigned
Model MG94customModel assigned to Node18
Node18 has 2 parameters - branch length not assigned
Model MG94customModel assigned to Opisthocomus_hoazin
Opisthocomus_hoazin has 2 parameters - branch length not assigned
The tips of the tree:givenTree were matched with the species names from the data in the following numeric order (0-based) {3,2,4,5,6,7,10,9,8,1,0,11}

Pseudo-optimal path's cost 7767 vs 11359 for 1..k=> a 1.46247 x improvement
Partition 0 reversible model flag computed as 1
Variable 'theLnLik' was not initialized prior to being used
Variable 'SAVE_OPT_STATUS_TO' was not initialized prior to being used
Variable 'givenTree.Egretta_garzetta.nonSynRate' was not initialized prior to being used
Variable 'givenTree.Egretta_garzetta.synRate' was not initialized prior to being used
Variable 'givenTree.Pelecanus_crispus.nonSynRate' was not initialized prior to being used
Variable 'givenTree.Pelecanus_crispus.synRate' was not initialized prior to being used
Variable 'givenTree.Aptenodytes_forsteri.nonSynRate' was not initialized prior to being used
Variable 'givenTree.Aptenodytes_forsteri.synRate' was not initialized prior to being used
Variable 'givenTree.Fulmarus_glacialis.nonSynRate' was not initialized prior to being used
Variable 'givenTree.Fulmarus_glacialis.synRate' was not initialized prior to being used
Variable 'givenTree.Gavia_stellata.nonSynRate' was not initialized prior to being used
Variable 'givenTree.Gavia_stellata.synRate' was not initialized prior to being used
Variable 'givenTree.Phaethon_lepturus.nonSynRate' was not initialized prior to being used
Variable 'givenTree.Phaethon_lepturus.synRate' was not initialized prior to being used
Variable 'givenTree.Balearica_regulorum_gibbericeps.nonSynRate' was not initialized prior to being used
Variable 'givenTree.Balearica_regulorum_gibbericeps.synRate' was not initialized prior to being used
Variable 'givenTree.Calidris_pugnax.nonSynRate' was not initialized prior to being used
Variable 'givenTree.Calidris_pugnax.synRate' was not initialized prior to being used
Variable 'givenTree.Charadrius_vociferus.nonSynRate' was not initialized prior to being used
Variable 'givenTree.Charadrius_vociferus.synRate' was not initialized prior to being used
Variable 'givenTree.Mesitornis_unicolor.nonSynRate' was not initialized prior to being used
Variable 'givenTree.Mesitornis_unicolor.synRate' was not initialized prior to being used
Variable 'givenTree.Columba_livia.nonSynRate' was not initialized prior to being used
Variable 'givenTree.Columba_livia.synRate' was not initialized prior to being used
Variable 'givenTree.Opisthocomus_hoazin.nonSynRate' was not initialized prior to being used
Variable 'givenTree.Opisthocomus_hoazin.synRate' was not initialized prior to being used
Variable 'givenTree.Node6.nonSynRate' was not initialized prior to being used
Variable 'givenTree.Node6.synRate' was not initialized prior to being used
Variable 'givenTree.Node9.nonSynRate' was not initialized prior to being used
Variable 'givenTree.Node9.synRate' was not initialized prior to being used
Variable 'givenTree.Node5.nonSynRate' was not initialized prior to being used
Variable 'givenTree.Node5.synRate' was not initialized prior to being used
Variable 'givenTree.Node4.nonSynRate' was not initialized prior to being used
Variable 'givenTree.Node4.synRate' was not initialized prior to being used
Variable 'givenTree.Node3.nonSynRate' was not initialized prior to being used
Variable 'givenTree.Node3.synRate' was not initialized prior to being used
Variable 'givenTree.Node2.nonSynRate' was not initialized prior to being used
Variable 'givenTree.Node2.synRate' was not initialized prior to being used
Variable 'givenTree.Node15.nonSynRate' was not initialized prior to being used
Variable 'givenTree.Node15.synRate' was not initialized prior to being used
Variable 'givenTree.Node1.nonSynRate' was not initialized prior to being used
Variable 'givenTree.Node1.synRate' was not initialized prior to being used
Variable 'givenTree.Node18.nonSynRate' was not initialized prior to being used
Variable 'givenTree.Node18.synRate' was not initialized prior to being used
Site 301 evaluated to a 0 probability in ComputeTreeBlockByBranch
Site 301 evaluated to a 0 probability in ComputeTreeBlockByBranch
Site 350 evaluated to a 0 probability in ComputeTreeBlockByBranch
Site 301 evaluated to a 0 probability in ComputeTreeBlockByBranch
Site 290 evaluated to a 0 probability in ComputeTreeBlockByBranch
Site 280 evaluated to a 0 probability in ComputeTreeBlockByBranch
Site 301 evaluated to a 0 probability in ComputeTreeBlockByBranch
Site 524 evaluated to a 0 probability in ComputeTreeBlockByBranch
Site 24 evaluated to a 0 probability in ComputeTreeBlockByBranch
Site 436 evaluated to a 0 probability in ComputeTreeBlockByBranch
Site 439 evaluated to a 0 probability in ComputeTreeBlockByBranch
Site 301 evaluated to a 0 probability in ComputeTreeBlockByBranch
Site 450 evaluated to a 0 probability in ComputeTreeBlockByBranch
Site 190 evaluated to a 0 probability in ComputeTreeBlockByBranch
Site 355 evaluated to a 0 probability in ComputeTreeBlockByBranch
Site 413 evaluated to a 0 probability in ComputeTreeBlockByBranch
Site 105 evaluated to a 0 probability in ComputeTreeBlockByBranch
Site 301 evaluated to a 0 probability in ComputeTreeBlockByBranch
Site 225 evaluated to a 0 probability in ComputeTreeBlockByBranch
Site 244 evaluated to a 0 probability in ComputeTreeBlockByBranch
Site 460 evaluated to a 0 probability in ComputeTreeBlockByBranch
Site 149 evaluated to a 0 probability in ComputeTreeBlockByBranch
Site 537 evaluated to a 0 probability in ComputeTreeBlockByBranch
Site 301 evaluated to a 0 probability in ComputeTreeBlockByBranch
Site 292 evaluated to a 0 probability in ComputeTreeBlockByBranch
Site 530 evaluated to a 0 probability in ComputeTreeBlockByBranch
Site 390 evaluated to a 0 probability in ComputeTreeBlockByBranch
Site 460 evaluated to a 0 probability in ComputeTreeBlockByBranch
Site 524 evaluated to a 0 probability in ComputeTreeBlockByBranch
Site 301 evaluated to a 0 probability in ComputeTreeBlockByBranch
Site 157 evaluated to a 0 probability in ComputeTreeBlockByBranch
Site 505 evaluated to a 0 probability in ComputeTreeBlockByBranch
Site 436 evaluated to a 0 probability in ComputeTreeBlockByBranch
Site 24 evaluated to a 0 probability in ComputeTreeBlockByBranch
Site 489 evaluated to a 0 probability in ComputeTreeBlockByBranch
Site 65 evaluated to a 0 probability in ComputeTreeBlockByBranch
Site 412 evaluated to a 0 probability in ComputeTreeBlockByBranch
Site 301 evaluated to a 0 probability in ComputeTreeBlockByBranch
Site 44 evaluated to a 0 probability in ComputeTreeBlockByBranch
Site 290 evaluated to a 0 probability in ComputeTreeBlockByBranch
Site 14 evaluated to a 0 probability in ComputeTreeBlockByBranch
Site 302 evaluated to a 0 probability in ComputeTreeBlockByBranch
Site 449 evaluated to a 0 probability in ComputeTreeBlockByBranch
Site 280 evaluated to a 0 probability in ComputeTreeBlockByBranch
Site 417 evaluated to a 0 probability in ComputeTreeBlockByBranch
Site 450 evaluated to a 0 probability in ComputeTreeBlockByBranch
Site 301 evaluated to a 0 probability in ComputeTreeBlockByBranch
Site 279 evaluated to a 0 probability in ComputeTreeBlockByBranch
Site 493 evaluated to a 0 probability in ComputeTreeBlockByBranch
Site 331 evaluated to a 0 probability in ComputeTreeBlockByBranch
Site 353 evaluated to a 0 probability in ComputeTreeBlockByBranch
Site 204 evaluated to a 0 probability in ComputeTreeBlockByBranch
Site 433 evaluated to a 0 probability in ComputeTreeBlockByBranch
Site 200 evaluated to a 0 probability in ComputeTreeBlockByBranch
Site 225 evaluated to a 0 probability in ComputeTreeBlockByBranch
Site 48 evaluated to a 0 probability in ComputeTreeBlockByBranch
Site 301 evaluated to a 0 probability in ComputeTreeBlockByBranch
Site 545 evaluated to a 0 probability in ComputeTreeBlockByBranch
Site 366 evaluated to a 0 probability in ComputeTreeBlockByBranch
Site 154 evaluated to a 0 probability in ComputeTreeBlockByBranch
Site 124 evaluated to a 0 probability in ComputeTreeBlockByBranch
Site 502 evaluated to a 0 probability in ComputeTreeBlockByBranch
Site 348 evaluated to a 0 probability in ComputeTreeBlockByBranch
Site 405 evaluated to a 0 probability in ComputeTreeBlockByBranch
Site 327 evaluated to a 0 probability in ComputeTreeBlockByBranch
Site 275 evaluated to a 0 probability in ComputeTreeBlockByBranch
Site 316 evaluated to a 0 probability in ComputeTreeBlockByBranch
Site 301 evaluated to a 0 probability in ComputeTreeBlockByBranch
Site 491 evaluated to a 0 probability in ComputeTreeBlockByBranch
Site 540 evaluated to a 0 probability in ComputeTreeBlockByBranch
Site 88 evaluated to a 0 probability in ComputeTreeBlockByBranch
Site 246 evaluated to a 0 probability in ComputeTreeBlockByBranch
Site 129 evaluated to a 0 probability in ComputeTreeBlockByBranch
Site 451 evaluated to a 0 probability in ComputeTreeBlockByBranch
Site 475 evaluated to a 0 probability in ComputeTreeBlockByBranch
Site 460 evaluated to a 0 probability in ComputeTreeBlockByBranch
Site 443 evaluated to a 0 probability in ComputeTreeBlockByBranch
Site 293 evaluated to a 0 probability in ComputeTreeBlockByBranch
Site 281 evaluated to a 0 probability in ComputeTreeBlockByBranch
Site 301 evaluated to a 0 probability in ComputeTreeBlockByBranch
Site 96 evaluated to a 0 probability in ComputeTreeBlockByBranch
Site 197 evaluated to a 0 probability in ComputeTreeBlockByBranch
Site 463 evaluated to a 0 probability in ComputeTreeBlockByBranch
Site 472 evaluated to a 0 probability in ComputeTreeBlockByBranch
Site 347 evaluated to a 0 probability in ComputeTreeBlockByBranch
Site 488 evaluated to a 0 probability in ComputeTreeBlockByBranch
Site 315 evaluated to a 0 probability in ComputeTreeBlockByBranch
Site 153 evaluated to a 0 probability in ComputeTreeBlockByBranch
Site 460 evaluated to a 0 probability in ComputeTreeBlockByBranch
Site 443 evaluated to a 0 probability in ComputeTreeBlockByBranch
Site 202 evaluated to a 0 probability in ComputeTreeBlockByBranch
Site 537 evaluated to a 0 probability in ComputeTreeBlockByBranch
Site 301 evaluated to a 0 probability in ComputeTreeBlockByBranch
Site 457 evaluated to a 0 probability in ComputeTreeBlockByBranch
Site 440 evaluated to a 0 probability in ComputeTreeBlockByBranch
Site 89 evaluated to a 0 probability in ComputeTreeBlockByBranch
Site 172 evaluated to a 0 probability in ComputeTreeBlockByBranch
Site 361 evaluated to a 0 probability in ComputeTreeBlockByBranch
Site 325 evaluated to a 0 probability in ComputeTreeBlockByBranch
Site 129 evaluated to a 0 probability in ComputeTreeBlockByBranch
Site 61 evaluated to a 0 probability in ComputeTreeBlockByBranch
Site 435 evaluated to a 0 probability in ComputeTreeBlockByBranch
Site 394 evaluated to a 0 probability in ComputeTreeBlockByBranch
Site 432 evaluated to a 0 probability in ComputeTreeBlockByBranch
Site 229 evaluated to a 0 probability in ComputeTreeBlockByBranch
Site 541 evaluated to a 0 probability in ComputeTreeBlockByBranch
Site 301 evaluated to a 0 probability in ComputeTreeBlockByBranch
Site 450 evaluated to a 0 probability in ComputeTreeBlockByBranch
Site 331 evaluated to a 0 probability in ComputeTreeBlockByBranch
Site 162 evaluated to a 0 probability in ComputeTreeBlockByBranch
Site 488 evaluated to a 0 probability in ComputeTreeBlockByBranch
Site 183 evaluated to a 0 probability in ComputeTreeBlockByBranch
Site 463 evaluated to a 0 probability in ComputeTreeBlockByBranch
Site 413 evaluated to a 0 probability in ComputeTreeBlockByBranch
Site 204 evaluated to a 0 probability in ComputeTreeBlockByBranch
Site 109 evaluated to a 0 probability in ComputeTreeBlockByBranch
Site 244 evaluated to a 0 probability in ComputeTreeBlockByBranch
Site 120 evaluated to a 0 probability in ComputeTreeBlockByBranch
Site 458 evaluated to a 0 probability in ComputeTreeBlockByBranch
Site 279 evaluated to a 0 probability in ComputeTreeBlockByBranch
Site 452 evaluated to a 0 probability in ComputeTreeBlockByBranch
Site 301 evaluated to a 0 probability in ComputeTreeBlockByBranch
Site 14 evaluated to a 0 probability in ComputeTreeBlockByBranch
Site 480 evaluated to a 0 probability in ComputeTreeBlockByBranch
Site 306 evaluated to a 0 probability in ComputeTreeBlockByBranch
Site 211 evaluated to a 0 probability in ComputeTreeBlockByBranch
Site 407 evaluated to a 0 probability in ComputeTreeBlockByBranch
Site 246 evaluated to a 0 probability in ComputeTreeBlockByBranch
Site 405 evaluated to a 0 probability in ComputeTreeBlockByBranch
Site 129 evaluated to a 0 probability in ComputeTreeBlockByBranch
Site 77 evaluated to a 0 probability in ComputeTreeBlockByBranch
Site 475 evaluated to a 0 probability in ComputeTreeBlockByBranch
Site 469 evaluated to a 0 probability in ComputeTreeBlockByBranch
Site 202 evaluated to a 0 probability in ComputeTreeBlockByBranch
Site 417 evaluated to a 0 probability in ComputeTreeBlockByBranch
Site 530 evaluated to a 0 probability in ComputeTreeBlockByBranch
Site 532 evaluated to a 0 probability in ComputeTreeBlockByBranch
Site 301 evaluated to a 0 probability in ComputeTreeBlockByBranch
Site 385 evaluated to a 0 probability in ComputeTreeBlockByBranch
Site 92 evaluated to a 0 probability in ComputeTreeBlockByBranch
Site 224 evaluated to a 0 probability in ComputeTreeBlockByBranch
Site 223 evaluated to a 0 probability in ComputeTreeBlockByBranch
Site 191 evaluated to a 0 probability in ComputeTreeBlockByBranch
Site 147 evaluated to a 0 probability in ComputeTreeBlockByBranch
Site 420 evaluated to a 0 probability in ComputeTreeBlockByBranch
Site 165 evaluated to a 0 probability in ComputeTreeBlockByBranch
Site 142 evaluated to a 0 probability in ComputeTreeBlockByBranch
Site 460 evaluated to a 0 probability in ComputeTreeBlockByBranch
Site 428 evaluated to a 0 probability in ComputeTreeBlockByBranch
Site 463 evaluated to a 0 probability in ComputeTreeBlockByBranch
Site 422 evaluated to a 0 probability in ComputeTreeBlockByBranch
Site 205 evaluated to a 0 probability in ComputeTreeBlockByBranch
Site 247 evaluated to a 0 probability in ComputeTreeBlockByBranch
Auto-benchmarked an optimal number (16) of threads.
Set GUI update interval to every 293-th LF evaluation.
Initial guess for givenTree.Node2.nonSynRate is -0.00272383
Initial guess for givenTree.Node2.synRate is 0.000102696
Initial guess for givenTree.Node3.nonSynRate is -0.000894895
Initial guess for givenTree.Node3.synRate is 0.000622889
Initial guess for givenTree.Node4.nonSynRate is 0.00131015
Initial guess for givenTree.Node4.synRate is 4.70045e-06
Initial guess for givenTree.Node5.nonSynRate is 0.00172542
Initial guess for givenTree.Node5.synRate is 0.000634262
Initial guess for givenTree.Node6.nonSynRate is 0.00150132
Initial guess for givenTree.Node6.synRate is 0.00037354
Initial guess for givenTree.Egretta_garzetta.nonSynRate is 0.0238222
Initial guess for givenTree.Egretta_garzetta.synRate is 0.00448457
Initial guess for givenTree.Pelecanus_crispus.nonSynRate is 0.0216492
Initial guess for givenTree.Pelecanus_crispus.synRate is 0.00794458
Initial guess for givenTree.Node9.nonSynRate is 0.00193035
Initial guess for givenTree.Node9.synRate is 0.000103357
Initial guess for givenTree.Aptenodytes_forsteri.nonSynRate is 0.0137055
Initial guess for givenTree.Aptenodytes_forsteri.synRate is 0.00481969
Initial guess for givenTree.Fulmarus_glacialis.nonSynRate is 0.015687
Initial guess for givenTree.Fulmarus_glacialis.synRate is 0.00501222
Initial guess for givenTree.Gavia_stellata.nonSynRate is 0.0208159
Initial guess for givenTree.Gavia_stellata.synRate is 0.00942936
Initial guess for givenTree.Phaethon_lepturus.nonSynRate is 0.0184951
Initial guess for givenTree.Phaethon_lepturus.synRate is 0.00910475
Initial guess for givenTree.Balearica_regulorum_gibbericeps.nonSynRate is 0.0266429
Initial guess for givenTree.Balearica_regulorum_gibbericeps.synRate is 0.00757676
Initial guess for givenTree.Node15.nonSynRate is 0.000596632
Initial guess for givenTree.Node15.synRate is -0.000100438
Initial guess for givenTree.Calidris_pugnax.nonSynRate is 0.0311508
Initial guess for givenTree.Calidris_pugnax.synRate is 0.0161301
Initial guess for givenTree.Charadrius_vociferus.nonSynRate is 0.015005
Initial guess for givenTree.Charadrius_vociferus.synRate is 0.00993735
Initial guess for givenTree.Node18.nonSynRate is 0.00448803
Initial guess for givenTree.Node18.synRate is 0.00202152
Initial guess for givenTree.Mesitornis_unicolor.nonSynRate is 0.0414166
Initial guess for givenTree.Mesitornis_unicolor.synRate is 0.0140716
Initial guess for givenTree.Columba_livia.nonSynRate is 0.0436831
Initial guess for givenTree.Columba_livia.synRate is 0.0235091
Initial guess for givenTree.Opisthocomus_hoazin.nonSynRate is 0.0327528
Initial guess for givenTree.Opisthocomus_hoazin.synRate is 0.0102068
Optimization settings:
	OPTIMIZATION_METHOD = 4
	OPTIMIZATION_PRECISION = 0.001
	MAXIMUM_ITERATIONS_PER_VARIABLE = 5000

Initial parameter values

CT = 1
GT = 1
CG = 1
AC = 1
AT = 1
givenTree.Egretta_garzetta.synRate = 0.00448457
givenTree.Egretta_garzetta.nonSynRate = 0.0238222
givenTree.Pelecanus_crispus.synRate = 0.00794458
givenTree.Pelecanus_crispus.nonSynRate = 0.0216492
givenTree.Node6.synRate = 0.00037354
givenTree.Node6.nonSynRate = 0.00150132
givenTree.Aptenodytes_forsteri.synRate = 0.00481969
givenTree.Aptenodytes_forsteri.nonSynRate = 0.0137055
givenTree.Fulmarus_glacialis.synRate = 0.00501222
givenTree.Fulmarus_glacialis.nonSynRate = 0.015687
givenTree.Node9.synRate = 0.000103357
givenTree.Node9.nonSynRate = 0.00193035
givenTree.Node5.synRate = 0.000634262
givenTree.Node5.nonSynRate = 0.00172542
givenTree.Gavia_stellata.synRate = 0.00942936
givenTree.Gavia_stellata.nonSynRate = 0.0208159
givenTree.Node4.synRate = 4.70045e-06
givenTree.Node4.nonSynRate = 0.00131015
givenTree.Phaethon_lepturus.synRate = 0.00910475
givenTree.Phaethon_lepturus.nonSynRate = 0.0184951
givenTree.Node3.synRate = 0.000622889
givenTree.Node3.nonSynRate = 0
givenTree.Balearica_regulorum_gibbericeps.synRate = 0.00757676
givenTree.Balearica_regulorum_gibbericeps.nonSynRate = 0.0266429
givenTree.Node2.synRate = 0.000102696
givenTree.Node2.nonSynRate = 0
givenTree.Calidris_pugnax.synRate = 0.0161301
givenTree.Calidris_pugnax.nonSynRate = 0.0311508
givenTree.Charadrius_vociferus.synRate = 0.00993735
givenTree.Charadrius_vociferus.nonSynRate = 0.015005
givenTree.Node15.synRate = 0
givenTree.Node15.nonSynRate = 0.000596632
givenTree.Node1.synRate = 0.1
givenTree.Node1.nonSynRate = 0.1
givenTree.Mesitornis_unicolor.synRate = 0.0140716
givenTree.Mesitornis_unicolor.nonSynRate = 0.0414166
givenTree.Columba_livia.synRate = 0.0235091
givenTree.Columba_livia.nonSynRate = 0.0436831
givenTree.Node18.synRate = 0.00202152
givenTree.Node18.nonSynRate = 0.00448803
givenTree.Opisthocomus_hoazin.synRate = 0.0102068
givenTree.Opisthocomus_hoazin.nonSynRate = 0.0327528
Optimization finished in 27 loop passes.
4171 likelihood evaluation calls and 17625 matrix exponentiations calls were made

Variable 'lastDepth' was not initialized prior to being used
No nodel was assigned to Egretta_garzetta
Egretta_garzetta has 0 parameters - branch length not assigned
No nodel was assigned to Pelecanus_crispus
Pelecanus_crispus has 0 parameters - branch length not assigned
No nodel was assigned to Node6
Node6 has 0 parameters - branch length not assigned
No nodel was assigned to Aptenodytes_forsteri
Aptenodytes_forsteri has 0 parameters - branch length not assigned
No nodel was assigned to Fulmarus_glacialis
Fulmarus_glacialis has 0 parameters - branch length not assigned
No nodel was assigned to Node9
Node9 has 0 parameters - branch length not assigned
No nodel was assigned to Node5
Node5 has 0 parameters - branch length not assigned
No nodel was assigned to Gavia_stellata
Gavia_stellata has 0 parameters - branch length not assigned
No nodel was assigned to Node4
Node4 has 0 parameters - branch length not assigned
No nodel was assigned to Phaethon_lepturus
Phaethon_lepturus has 0 parameters - branch length not assigned
No nodel was assigned to Node3
Node3 has 0 parameters - branch length not assigned
No nodel was assigned to Balearica_regulorum_gibbericeps
Balearica_regulorum_gibbericeps has 0 parameters - branch length not assigned
No nodel was assigned to Node2
Node2 has 0 parameters - branch length not assigned
No nodel was assigned to Calidris_pugnax
Calidris_pugnax has 0 parameters - branch length not assigned
No nodel was assigned to Charadrius_vociferus
Charadrius_vociferus has 0 parameters - branch length not assigned
No nodel was assigned to Node15
Node15 has 0 parameters - branch length not assigned
No nodel was assigned to Node1
Node1 has 0 parameters - branch length not assigned
No nodel was assigned to Mesitornis_unicolor
Mesitornis_unicolor has 0 parameters - branch length not assigned
No nodel was assigned to Columba_livia
Columba_livia has 0 parameters - branch length not assigned
No nodel was assigned to Node18
Node18 has 0 parameters - branch length not assigned
No nodel was assigned to Opisthocomus_hoazin
Opisthocomus_hoazin has 0 parameters - branch length not assigned
No nodel was assigned to Egretta_garzetta
Egretta_garzetta has 0 parameters - branch length not assigned
No nodel was assigned to Pelecanus_crispus
Pelecanus_crispus has 0 parameters - branch length not assigned
No nodel was assigned to Node6
Node6 has 0 parameters - branch length not assigned
No nodel was assigned to Aptenodytes_forsteri
Aptenodytes_forsteri has 0 parameters - branch length not assigned
No nodel was assigned to Fulmarus_glacialis
Fulmarus_glacialis has 0 parameters - branch length not assigned
No nodel was assigned to Node9
Node9 has 0 parameters - branch length not assigned
No nodel was assigned to Node5
Node5 has 0 parameters - branch length not assigned
No nodel was assigned to Gavia_stellata
Gavia_stellata has 0 parameters - branch length not assigned
No nodel was assigned to Node4
Node4 has 0 parameters - branch length not assigned
No nodel was assigned to Phaethon_lepturus
Phaethon_lepturus has 0 parameters - branch length not assigned
No nodel was assigned to Node3
Node3 has 0 parameters - branch length not assigned
No nodel was assigned to Balearica_regulorum_gibbericeps
Balearica_regulorum_gibbericeps has 0 parameters - branch length not assigned
No nodel was assigned to Node2
Node2 has 0 parameters - branch length not assigned
No nodel was assigned to Calidris_pugnax
Calidris_pugnax has 0 parameters - branch length not assigned
No nodel was assigned to Charadrius_vociferus
Charadrius_vociferus has 0 parameters - branch length not assigned
No nodel was assigned to Node15
Node15 has 0 parameters - branch length not assigned
No nodel was assigned to Node1
Node1 has 0 parameters - branch length not assigned
No nodel was assigned to Mesitornis_unicolor
Mesitornis_unicolor has 0 parameters - branch length not assigned
No nodel was assigned to Columba_livia
Columba_livia has 0 parameters - branch length not assigned
No nodel was assigned to Node18
Node18 has 0 parameters - branch length not assigned
No nodel was assigned to Opisthocomus_hoazin
Opisthocomus_hoazin has 0 parameters - branch length not assigned
No nodel was assigned to Egretta_garzetta
Egretta_garzetta has 0 parameters - branch length not assigned
No nodel was assigned to Pelecanus_crispus
Pelecanus_crispus has 0 parameters - branch length not assigned
No nodel was assigned to Node6
Node6 has 0 parameters - branch length not assigned
No nodel was assigned to Aptenodytes_forsteri
Aptenodytes_forsteri has 0 parameters - branch length not assigned
No nodel was assigned to Fulmarus_glacialis
Fulmarus_glacialis has 0 parameters - branch length not assigned
No nodel was assigned to Node9
Node9 has 0 parameters - branch length not assigned
No nodel was assigned to Node5
Node5 has 0 parameters - branch length not assigned
No nodel was assigned to Gavia_stellata
Gavia_stellata has 0 parameters - branch length not assigned
No nodel was assigned to Node4
Node4 has 0 parameters - branch length not assigned
No nodel was assigned to Phaethon_lepturus
Phaethon_lepturus has 0 parameters - branch length not assigned
No nodel was assigned to Node3
Node3 has 0 parameters - branch length not assigned
No nodel was assigned to Balearica_regulorum_gibbericeps
Balearica_regulorum_gibbericeps has 0 parameters - branch length not assigned
No nodel was assigned to Node2
Node2 has 0 parameters - branch length not assigned
No nodel was assigned to Calidris_pugnax
Calidris_pugnax has 0 parameters - branch length not assigned
No nodel was assigned to Charadrius_vociferus
Charadrius_vociferus has 0 parameters - branch length not assigned
No nodel was assigned to Node15
Node15 has 0 parameters - branch length not assigned
No nodel was assigned to Node1
Node1 has 0 parameters - branch length not assigned
No nodel was assigned to Mesitornis_unicolor
Mesitornis_unicolor has 0 parameters - branch length not assigned
No nodel was assigned to Columba_livia
Columba_livia has 0 parameters - branch length not assigned
No nodel was assigned to Node18
Node18 has 0 parameters - branch length not assigned
No nodel was assigned to Opisthocomus_hoazin
Opisthocomus_hoazin has 0 parameters - branch length not assigned
No nodel was assigned to Egretta_garzetta
Egretta_garzetta has 0 parameters - branch length not assigned
No nodel was assigned to Pelecanus_crispus
Pelecanus_crispus has 0 parameters - branch length not assigned
No nodel was assigned to Node6
Node6 has 0 parameters - branch length not assigned
No nodel was assigned to Aptenodytes_forsteri
Aptenodytes_forsteri has 0 parameters - branch length not assigned
No nodel was assigned to Fulmarus_glacialis
Fulmarus_glacialis has 0 parameters - branch length not assigned
No nodel was assigned to Node9
Node9 has 0 parameters - branch length not assigned
No nodel was assigned to Node5
Node5 has 0 parameters - branch length not assigned
No nodel was assigned to Gavia_stellata
Gavia_stellata has 0 parameters - branch length not assigned
No nodel was assigned to Node4
Node4 has 0 parameters - branch length not assigned
No nodel was assigned to Phaethon_lepturus
Phaethon_lepturus has 0 parameters - branch length not assigned
No nodel was assigned to Node3
Node3 has 0 parameters - branch length not assigned
No nodel was assigned to Balearica_regulorum_gibbericeps
Balearica_regulorum_gibbericeps has 0 parameters - branch length not assigned
No nodel was assigned to Node2
Node2 has 0 parameters - branch length not assigned
No nodel was assigned to Calidris_pugnax
Calidris_pugnax has 0 parameters - branch length not assigned
No nodel was assigned to Charadrius_vociferus
Charadrius_vociferus has 0 parameters - branch length not assigned
No nodel was assigned to Node15
Node15 has 0 parameters - branch length not assigned
No nodel was assigned to Node1
Node1 has 0 parameters - branch length not assigned
No nodel was assigned to Mesitornis_unicolor
Mesitornis_unicolor has 0 parameters - branch length not assigned
No nodel was assigned to Columba_livia
Columba_livia has 0 parameters - branch length not assigned
No nodel was assigned to Node18
Node18 has 0 parameters - branch length not assigned
No nodel was assigned to Opisthocomus_hoazin
Opisthocomus_hoazin has 0 parameters - branch length not assigned
Variable 'nodeName' was not initialized prior to being used
Variable 'speciesIndex' was not initialized prior to being used
Row and/or column partition is empty. All the data will be used by default.
Model MG94customModel assigned to Egretta_garzetta
Model MG94customModel assigned to Pelecanus_crispus
One branch tree supplied - hopefully this IS what you meant to do.
Rooted tree. Removing one branch - the left root child has been promoted to be the new root
Partition 0 reversible model flag computed as 1
Variable 'twoLnLik' was not initialized prior to being used
Variable 't2.Pelecanus_crispus.nonSynRate' was not initialized prior to being used
Variable 't2.Pelecanus_crispus.synRate' was not initialized prior to being used
Auto-benchmarked an optimal number (5) of threads.
Set GUI update interval to every 3875-th LF evaluation.
Optimization settings:
	OPTIMIZATION_METHOD = 4
	OPTIMIZATION_PRECISION = 0.001
	MAXIMUM_ITERATIONS_PER_VARIABLE = 5000

Initial parameter values

t2.Pelecanus_crispus.nonSynRate = 0.1
t2.Pelecanus_crispus.synRate = 0.1
Optimization finished in 6 loop passes.
171 likelihood evaluation calls and 152 matrix exponentiations calls were made

Row and/or column partition is empty. All the data will be used by default.
Model MG94customModel assigned to Egretta_garzetta
Model MG94customModel assigned to Aptenodytes_forsteri
One branch tree supplied - hopefully this IS what you meant to do.
Rooted tree. Removing one branch - the left root child has been promoted to be the new root
Partition 0 reversible model flag computed as 1
Variable 't2.Aptenodytes_forsteri.nonSynRate' was not initialized prior to being used
Variable 't2.Aptenodytes_forsteri.synRate' was not initialized prior to being used
Auto-benchmarked an optimal number (3) of threads.
Set GUI update interval to every 3846-th LF evaluation.
Optimization settings:
	OPTIMIZATION_METHOD = 4
	OPTIMIZATION_PRECISION = 0.001
	MAXIMUM_ITERATIONS_PER_VARIABLE = 5000

Initial parameter values

t2.Aptenodytes_forsteri.nonSynRate = 0.1
t2.Aptenodytes_forsteri.synRate = 0.1
Optimization finished in 6 loop passes.
197 likelihood evaluation calls and 167 matrix exponentiations calls were made

Row and/or column partition is empty. All the data will be used by default.
Model MG94customModel assigned to Egretta_garzetta
Model MG94customModel assigned to Fulmarus_glacialis
One branch tree supplied - hopefully this IS what you meant to do.
Rooted tree. Removing one branch - the left root child has been promoted to be the new root
Partition 0 reversible model flag computed as 1
Variable 't2.Fulmarus_glacialis.synRate' was not initialized prior to being used
Variable 't2.Fulmarus_glacialis.nonSynRate' was not initialized prior to being used
Auto-benchmarked an optimal number (4) of threads.
Set GUI update interval to every 9615-th LF evaluation.
Optimization settings:
	OPTIMIZATION_METHOD = 4
	OPTIMIZATION_PRECISION = 0.001
	MAXIMUM_ITERATIONS_PER_VARIABLE = 5000

Initial parameter values

t2.Fulmarus_glacialis.synRate = 0.1
t2.Fulmarus_glacialis.nonSynRate = 0.1
Optimization finished in 7 loop passes.
155 likelihood evaluation calls and 130 matrix exponentiations calls were made

Row and/or column partition is empty. All the data will be used by default.
Model MG94customModel assigned to Egretta_garzetta
Model MG94customModel assigned to Gavia_stellata
One branch tree supplied - hopefully this IS what you meant to do.
Rooted tree. Removing one branch - the left root child has been promoted to be the new root
Partition 0 reversible model flag computed as 1
Variable 't2.Gavia_stellata.nonSynRate' was not initialized prior to being used
Variable 't2.Gavia_stellata.synRate' was not initialized prior to being used
Auto-benchmarked an optimal number (3) of threads.
Set GUI update interval to every 9090-th LF evaluation.
Optimization settings:
	OPTIMIZATION_METHOD = 4
	OPTIMIZATION_PRECISION = 0.001
	MAXIMUM_ITERATIONS_PER_VARIABLE = 5000

Initial parameter values

t2.Gavia_stellata.nonSynRate = 0.1
t2.Gavia_stellata.synRate = 0.1
Optimization finished in 6 loop passes.
202 likelihood evaluation calls and 181 matrix exponentiations calls were made

Row and/or column partition is empty. All the data will be used by default.
Model MG94customModel assigned to Egretta_garzetta
Model MG94customModel assigned to Phaethon_lepturus
One branch tree supplied - hopefully this IS what you meant to do.
Rooted tree. Removing one branch - the left root child has been promoted to be the new root
Partition 0 reversible model flag computed as 1
Variable 't2.Phaethon_lepturus.synRate' was not initialized prior to being used
Variable 't2.Phaethon_lepturus.nonSynRate' was not initialized prior to being used
Auto-benchmarked an optimal number (4) of threads.
Set GUI update interval to every 9259-th LF evaluation.
Optimization settings:
	OPTIMIZATION_METHOD = 4
	OPTIMIZATION_PRECISION = 0.001
	MAXIMUM_ITERATIONS_PER_VARIABLE = 5000

Initial parameter values

t2.Phaethon_lepturus.synRate = 0.1
t2.Phaethon_lepturus.nonSynRate = 0.1
Optimization finished in 6 loop passes.
198 likelihood evaluation calls and 175 matrix exponentiations calls were made

Row and/or column partition is empty. All the data will be used by default.
Model MG94customModel assigned to Egretta_garzetta
Model MG94customModel assigned to Balearica_regulorum_gibbericeps
One branch tree supplied - hopefully this IS what you meant to do.
Rooted tree. Removing one branch - the left root child has been promoted to be the new root
Partition 0 reversible model flag computed as 1
Variable 't2.Balearica_regulorum_gibbericeps.nonSynRate' was not initialized prior to being used
Variable 't2.Balearica_regulorum_gibbericeps.synRate' was not initialized prior to being used
Auto-benchmarked an optimal number (3) of threads.
Set GUI update interval to every 9803-th LF evaluation.
Optimization settings:
	OPTIMIZATION_METHOD = 4
	OPTIMIZATION_PRECISION = 0.001
	MAXIMUM_ITERATIONS_PER_VARIABLE = 5000

Initial parameter values

t2.Balearica_regulorum_gibbericeps.nonSynRate = 0.1
t2.Balearica_regulorum_gibbericeps.synRate = 0.1
Optimization finished in 9 loop passes.
183 likelihood evaluation calls and 164 matrix exponentiations calls were made

Row and/or column partition is empty. All the data will be used by default.
Model MG94customModel assigned to Egretta_garzetta
Model MG94customModel assigned to Calidris_pugnax
One branch tree supplied - hopefully this IS what you meant to do.
Rooted tree. Removing one branch - the left root child has been promoted to be the new root
Partition 0 reversible model flag computed as 1
Variable 't2.Calidris_pugnax.nonSynRate' was not initialized prior to being used
Variable 't2.Calidris_pugnax.synRate' was not initialized prior to being used
Auto-benchmarked an optimal number (4) of threads.
Set GUI update interval to every 9615-th LF evaluation.
Optimization settings:
	OPTIMIZATION_METHOD = 4
	OPTIMIZATION_PRECISION = 0.001
	MAXIMUM_ITERATIONS_PER_VARIABLE = 5000

Initial parameter values

t2.Calidris_pugnax.nonSynRate = 0.1
t2.Calidris_pugnax.synRate = 0.1
Optimization finished in 6 loop passes.
206 likelihood evaluation calls and 183 matrix exponentiations calls were made

Row and/or column partition is empty. All the data will be used by default.
Model MG94customModel assigned to Egretta_garzetta
Model MG94customModel assigned to Charadrius_vociferus
One branch tree supplied - hopefully this IS what you meant to do.
Rooted tree. Removing one branch - the left root child has been promoted to be the new root
Partition 0 reversible model flag computed as 1
Variable 't2.Charadrius_vociferus.nonSynRate' was not initialized prior to being used
Variable 't2.Charadrius_vociferus.synRate' was not initialized prior to being used
Auto-benchmarked an optimal number (4) of threads.
Set GUI update interval to every 9803-th LF evaluation.
Optimization settings:
	OPTIMIZATION_METHOD = 4
	OPTIMIZATION_PRECISION = 0.001
	MAXIMUM_ITERATIONS_PER_VARIABLE = 5000

Initial parameter values

t2.Charadrius_vociferus.nonSynRate = 0.1
t2.Charadrius_vociferus.synRate = 0.1
Optimization finished in 6 loop passes.
160 likelihood evaluation calls and 140 matrix exponentiations calls were made

Row and/or column partition is empty. All the data will be used by default.
Model MG94customModel assigned to Egretta_garzetta
Model MG94customModel assigned to Mesitornis_unicolor
One branch tree supplied - hopefully this IS what you meant to do.
Rooted tree. Removing one branch - the left root child has been promoted to be the new root
Partition 0 reversible model flag computed as 1
Variable 't2.Mesitornis_unicolor.nonSynRate' was not initialized prior to being used
Variable 't2.Mesitornis_unicolor.synRate' was not initialized prior to being used
Auto-benchmarked an optimal number (4) of threads.
Set GUI update interval to every 9259-th LF evaluation.
Optimization settings:
	OPTIMIZATION_METHOD = 4
	OPTIMIZATION_PRECISION = 0.001
	MAXIMUM_ITERATIONS_PER_VARIABLE = 5000

Initial parameter values

t2.Mesitornis_unicolor.nonSynRate = 0.1
t2.Mesitornis_unicolor.synRate = 0.1
Optimization finished in 6 loop passes.
196 likelihood evaluation calls and 179 matrix exponentiations calls were made

Row and/or column partition is empty. All the data will be used by default.
Model MG94customModel assigned to Egretta_garzetta
Model MG94customModel assigned to Columba_livia
One branch tree supplied - hopefully this IS what you meant to do.
Rooted tree. Removing one branch - the left root child has been promoted to be the new root
Partition 0 reversible model flag computed as 1
Variable 't2.Columba_livia.nonSynRate' was not initialized prior to being used
Variable 't2.Columba_livia.synRate' was not initialized prior to being used
Auto-benchmarked an optimal number (4) of threads.
Set GUI update interval to every 10204-th LF evaluation.
Optimization settings:
	OPTIMIZATION_METHOD = 4
	OPTIMIZATION_PRECISION = 0.001
	MAXIMUM_ITERATIONS_PER_VARIABLE = 5000

Initial parameter values

t2.Columba_livia.nonSynRate = 0.1
t2.Columba_livia.synRate = 0.1
Optimization finished in 7 loop passes.
163 likelihood evaluation calls and 138 matrix exponentiations calls were made

Row and/or column partition is empty. All the data will be used by default.
Model MG94customModel assigned to Egretta_garzetta
Model MG94customModel assigned to Opisthocomus_hoazin
One branch tree supplied - hopefully this IS what you meant to do.
Rooted tree. Removing one branch - the left root child has been promoted to be the new root
Partition 0 reversible model flag computed as 1
Variable 't2.Opisthocomus_hoazin.nonSynRate' was not initialized prior to being used
Variable 't2.Opisthocomus_hoazin.synRate' was not initialized prior to being used
Auto-benchmarked an optimal number (2) of threads.
Set GUI update interval to every 9090-th LF evaluation.
Optimization settings:
	OPTIMIZATION_METHOD = 4
	OPTIMIZATION_PRECISION = 0.001
	MAXIMUM_ITERATIONS_PER_VARIABLE = 5000

Initial parameter values

t2.Opisthocomus_hoazin.nonSynRate = 0.1
t2.Opisthocomus_hoazin.synRate = 0.1
Optimization finished in 6 loop passes.
197 likelihood evaluation calls and 174 matrix exponentiations calls were made

Row and/or column partition is empty. All the data will be used by default.
Model MG94customModel assigned to Pelecanus_crispus
Model MG94customModel assigned to Aptenodytes_forsteri
One branch tree supplied - hopefully this IS what you meant to do.
Rooted tree. Removing one branch - the left root child has been promoted to be the new root
Partition 0 reversible model flag computed as 1
Variable 't2.Aptenodytes_forsteri.nonSynRate' was not initialized prior to being used
Variable 't2.Aptenodytes_forsteri.synRate' was not initialized prior to being used
Auto-benchmarked an optimal number (5) of threads.
Set GUI update interval to every 10000-th LF evaluation.
Optimization settings:
	OPTIMIZATION_METHOD = 4
	OPTIMIZATION_PRECISION = 0.001
	MAXIMUM_ITERATIONS_PER_VARIABLE = 5000

Initial parameter values

t2.Aptenodytes_forsteri.nonSynRate = 0.1
t2.Aptenodytes_forsteri.synRate = 0.1
Optimization finished in 9 loop passes.
176 likelihood evaluation calls and 162 matrix exponentiations calls were made

Row and/or column partition is empty. All the data will be used by default.
Model MG94customModel assigned to Pelecanus_crispus
Model MG94customModel assigned to Fulmarus_glacialis
One branch tree supplied - hopefully this IS what you meant to do.
Rooted tree. Removing one branch - the left root child has been promoted to be the new root
Partition 0 reversible model flag computed as 1
Variable 't2.Fulmarus_glacialis.nonSynRate' was not initialized prior to being used
Variable 't2.Fulmarus_glacialis.synRate' was not initialized prior to being used
Auto-benchmarked an optimal number (4) of threads.
Set GUI update interval to every 10000-th LF evaluation.
Optimization settings:
	OPTIMIZATION_METHOD = 4
	OPTIMIZATION_PRECISION = 0.001
	MAXIMUM_ITERATIONS_PER_VARIABLE = 5000

Initial parameter values

t2.Fulmarus_glacialis.nonSynRate = 0.1
t2.Fulmarus_glacialis.synRate = 0.1
Optimization finished in 6 loop passes.
217 likelihood evaluation calls and 196 matrix exponentiations calls were made

Row and/or column partition is empty. All the data will be used by default.
Model MG94customModel assigned to Pelecanus_crispus
Model MG94customModel assigned to Gavia_stellata
One branch tree supplied - hopefully this IS what you meant to do.
Rooted tree. Removing one branch - the left root child has been promoted to be the new root
Partition 0 reversible model flag computed as 1
Variable 't2.Gavia_stellata.nonSynRate' was not initialized prior to being used
Variable 't2.Gavia_stellata.synRate' was not initialized prior to being used
Auto-benchmarked an optimal number (4) of threads.
Set GUI update interval to every 10000-th LF evaluation.
Optimization settings:
	OPTIMIZATION_METHOD = 4
	OPTIMIZATION_PRECISION = 0.001
	MAXIMUM_ITERATIONS_PER_VARIABLE = 5000

Initial parameter values

t2.Gavia_stellata.nonSynRate = 0.1
t2.Gavia_stellata.synRate = 0.1
Optimization finished in 8 loop passes.
137 likelihood evaluation calls and 121 matrix exponentiations calls were made

Row and/or column partition is empty. All the data will be used by default.
Model MG94customModel assigned to Pelecanus_crispus
Model MG94customModel assigned to Phaethon_lepturus
One branch tree supplied - hopefully this IS what you meant to do.
Rooted tree. Removing one branch - the left root child has been promoted to be the new root
Partition 0 reversible model flag computed as 1
Variable 't2.Phaethon_lepturus.nonSynRate' was not initialized prior to being used
Variable 't2.Phaethon_lepturus.synRate' was not initialized prior to being used
Auto-benchmarked an optimal number (5) of threads.
Set GUI update interval to every 10000-th LF evaluation.
Optimization settings:
	OPTIMIZATION_METHOD = 4
	OPTIMIZATION_PRECISION = 0.001
	MAXIMUM_ITERATIONS_PER_VARIABLE = 5000

Initial parameter values

t2.Phaethon_lepturus.nonSynRate = 0.1
t2.Phaethon_lepturus.synRate = 0.1
Optimization finished in 6 loop passes.
158 likelihood evaluation calls and 138 matrix exponentiations calls were made

Row and/or column partition is empty. All the data will be used by default.
Model MG94customModel assigned to Pelecanus_crispus
Model MG94customModel assigned to Balearica_regulorum_gibbericeps
One branch tree supplied - hopefully this IS what you meant to do.
Rooted tree. Removing one branch - the left root child has been promoted to be the new root
Partition 0 reversible model flag computed as 1
Variable 't2.Balearica_regulorum_gibbericeps.nonSynRate' was not initialized prior to being used
Variable 't2.Balearica_regulorum_gibbericeps.synRate' was not initialized prior to being used
Auto-benchmarked an optimal number (4) of threads.
Set GUI update interval to every 9615-th LF evaluation.
Optimization settings:
	OPTIMIZATION_METHOD = 4
	OPTIMIZATION_PRECISION = 0.001
	MAXIMUM_ITERATIONS_PER_VARIABLE = 5000

Initial parameter values

t2.Balearica_regulorum_gibbericeps.nonSynRate = 0.1
t2.Balearica_regulorum_gibbericeps.synRate = 0.1
Optimization finished in 6 loop passes.
206 likelihood evaluation calls and 185 matrix exponentiations calls were made

Row and/or column partition is empty. All the data will be used by default.
Model MG94customModel assigned to Pelecanus_crispus
Model MG94customModel assigned to Calidris_pugnax
One branch tree supplied - hopefully this IS what you meant to do.
Rooted tree. Removing one branch - the left root child has been promoted to be the new root
Partition 0 reversible model flag computed as 1
Variable 't2.Calidris_pugnax.nonSynRate' was not initialized prior to being used
Variable 't2.Calidris_pugnax.synRate' was not initialized prior to being used
Auto-benchmarked an optimal number (4) of threads.
Set GUI update interval to every 9433-th LF evaluation.
Optimization settings:
	OPTIMIZATION_METHOD = 4
	OPTIMIZATION_PRECISION = 0.001
	MAXIMUM_ITERATIONS_PER_VARIABLE = 5000

Initial parameter values

t2.Calidris_pugnax.nonSynRate = 0.1
t2.Calidris_pugnax.synRate = 0.1
Optimization finished in 5 loop passes.
189 likelihood evaluation calls and 166 matrix exponentiations calls were made

Row and/or column partition is empty. All the data will be used by default.
Model MG94customModel assigned to Pelecanus_crispus
Model MG94customModel assigned to Charadrius_vociferus
One branch tree supplied - hopefully this IS what you meant to do.
Rooted tree. Removing one branch - the left root child has been promoted to be the new root
Partition 0 reversible model flag computed as 1
Variable 't2.Charadrius_vociferus.nonSynRate' was not initialized prior to being used
Variable 't2.Charadrius_vociferus.synRate' was not initialized prior to being used
Auto-benchmarked an optimal number (4) of threads.
Set GUI update interval to every 9615-th LF evaluation.
Optimization settings:
	OPTIMIZATION_METHOD = 4
	OPTIMIZATION_PRECISION = 0.001
	MAXIMUM_ITERATIONS_PER_VARIABLE = 5000

Initial parameter values

t2.Charadrius_vociferus.nonSynRate = 0.1
t2.Charadrius_vociferus.synRate = 0.1
Optimization finished in 6 loop passes.
185 likelihood evaluation calls and 166 matrix exponentiations calls were made

Row and/or column partition is empty. All the data will be used by default.
Model MG94customModel assigned to Pelecanus_crispus
Model MG94customModel assigned to Mesitornis_unicolor
One branch tree supplied - hopefully this IS what you meant to do.
Rooted tree. Removing one branch - the left root child has been promoted to be the new root
Partition 0 reversible model flag computed as 1
Variable 't2.Mesitornis_unicolor.nonSynRate' was not initialized prior to being used
Variable 't2.Mesitornis_unicolor.synRate' was not initialized prior to being used
Auto-benchmarked an optimal number (3) of threads.
Set GUI update interval to every 8771-th LF evaluation.
Optimization settings:
	OPTIMIZATION_METHOD = 4
	OPTIMIZATION_PRECISION = 0.001
	MAXIMUM_ITERATIONS_PER_VARIABLE = 5000

Initial parameter values

t2.Mesitornis_unicolor.nonSynRate = 0.1
t2.Mesitornis_unicolor.synRate = 0.1
Optimization finished in 8 loop passes.
112 likelihood evaluation calls and 101 matrix exponentiations calls were made

Row and/or column partition is empty. All the data will be used by default.
Model MG94customModel assigned to Pelecanus_crispus
Model MG94customModel assigned to Columba_livia
One branch tree supplied - hopefully this IS what you meant to do.
Rooted tree. Removing one branch - the left root child has been promoted to be the new root
Partition 0 reversible model flag computed as 1
Variable 't2.Columba_livia.nonSynRate' was not initialized prior to being used
Variable 't2.Columba_livia.synRate' was not initialized prior to being used
Auto-benchmarked an optimal number (5) of threads.
Set GUI update interval to every 9803-th LF evaluation.
Optimization settings:
	OPTIMIZATION_METHOD = 4
	OPTIMIZATION_PRECISION = 0.001
	MAXIMUM_ITERATIONS_PER_VARIABLE = 5000

Initial parameter values

t2.Columba_livia.nonSynRate = 0.1
t2.Columba_livia.synRate = 0.1
Optimization finished in 6 loop passes.
220 likelihood evaluation calls and 200 matrix exponentiations calls were made

Row and/or column partition is empty. All the data will be used by default.
Model MG94customModel assigned to Pelecanus_crispus
Model MG94customModel assigned to Opisthocomus_hoazin
One branch tree supplied - hopefully this IS what you meant to do.
Rooted tree. Removing one branch - the left root child has been promoted to be the new root
Partition 0 reversible model flag computed as 1
Variable 't2.Opisthocomus_hoazin.nonSynRate' was not initialized prior to being used
Variable 't2.Opisthocomus_hoazin.synRate' was not initialized prior to being used
Auto-benchmarked an optimal number (3) of threads.
Set GUI update interval to every 9615-th LF evaluation.
Optimization settings:
	OPTIMIZATION_METHOD = 4
	OPTIMIZATION_PRECISION = 0.001
	MAXIMUM_ITERATIONS_PER_VARIABLE = 5000

Initial parameter values

t2.Opisthocomus_hoazin.nonSynRate = 0.1
t2.Opisthocomus_hoazin.synRate = 0.1
Optimization finished in 6 loop passes.
221 likelihood evaluation calls and 199 matrix exponentiations calls were made

Row and/or column partition is empty. All the data will be used by default.
Model MG94customModel assigned to Aptenodytes_forsteri
Model MG94customModel assigned to Fulmarus_glacialis
One branch tree supplied - hopefully this IS what you meant to do.
Rooted tree. Removing one branch - the left root child has been promoted to be the new root
Partition 0 reversible model flag computed as 1
Variable 't2.Fulmarus_glacialis.nonSynRate' was not initialized prior to being used
Variable 't2.Fulmarus_glacialis.synRate' was not initialized prior to being used
Auto-benchmarked an optimal number (3) of threads.
Set GUI update interval to every 9433-th LF evaluation.
Optimization settings:
	OPTIMIZATION_METHOD = 4
	OPTIMIZATION_PRECISION = 0.001
	MAXIMUM_ITERATIONS_PER_VARIABLE = 5000

Initial parameter values

t2.Fulmarus_glacialis.nonSynRate = 0.1
t2.Fulmarus_glacialis.synRate = 0.1
Optimization finished in 7 loop passes.
133 likelihood evaluation calls and 118 matrix exponentiations calls were made

Row and/or column partition is empty. All the data will be used by default.
Model MG94customModel assigned to Aptenodytes_forsteri
Model MG94customModel assigned to Gavia_stellata
One branch tree supplied - hopefully this IS what you meant to do.
Rooted tree. Removing one branch - the left root child has been promoted to be the new root
Partition 0 reversible model flag computed as 1
Variable 't2.Gavia_stellata.nonSynRate' was not initialized prior to being used
Variable 't2.Gavia_stellata.synRate' was not initialized prior to being used
Auto-benchmarked an optimal number (5) of threads.
Set GUI update interval to every 9615-th LF evaluation.
Optimization settings:
	OPTIMIZATION_METHOD = 4
	OPTIMIZATION_PRECISION = 0.001
	MAXIMUM_ITERATIONS_PER_VARIABLE = 5000

Initial parameter values

t2.Gavia_stellata.nonSynRate = 0.1
t2.Gavia_stellata.synRate = 0.1
Optimization finished in 8 loop passes.
133 likelihood evaluation calls and 115 matrix exponentiations calls were made

Row and/or column partition is empty. All the data will be used by default.
Model MG94customModel assigned to Aptenodytes_forsteri
Model MG94customModel assigned to Phaethon_lepturus
One branch tree supplied - hopefully this IS what you meant to do.
Rooted tree. Removing one branch - the left root child has been promoted to be the new root
Partition 0 reversible model flag computed as 1
Variable 't2.Phaethon_lepturus.nonSynRate' was not initialized prior to being used
Variable 't2.Phaethon_lepturus.synRate' was not initialized prior to being used
Auto-benchmarked an optimal number (5) of threads.
Set GUI update interval to every 9803-th LF evaluation.
Optimization settings:
	OPTIMIZATION_METHOD = 4
	OPTIMIZATION_PRECISION = 0.001
	MAXIMUM_ITERATIONS_PER_VARIABLE = 5000

Initial parameter values

t2.Phaethon_lepturus.nonSynRate = 0.1
t2.Phaethon_lepturus.synRate = 0.1
Optimization finished in 7 loop passes.
130 likelihood evaluation calls and 118 matrix exponentiations calls were made

Row and/or column partition is empty. All the data will be used by default.
Model MG94customModel assigned to Aptenodytes_forsteri
Model MG94customModel assigned to Balearica_regulorum_gibbericeps
One branch tree supplied - hopefully this IS what you meant to do.
Rooted tree. Removing one branch - the left root child has been promoted to be the new root
Partition 0 reversible model flag computed as 1
Variable 't2.Balearica_regulorum_gibbericeps.nonSynRate' was not initialized prior to being used
Variable 't2.Balearica_regulorum_gibbericeps.synRate' was not initialized prior to being used
Auto-benchmarked an optimal number (4) of threads.
Set GUI update interval to every 9615-th LF evaluation.
Optimization settings:
	OPTIMIZATION_METHOD = 4
	OPTIMIZATION_PRECISION = 0.001
	MAXIMUM_ITERATIONS_PER_VARIABLE = 5000

Initial parameter values

t2.Balearica_regulorum_gibbericeps.nonSynRate = 0.1
t2.Balearica_regulorum_gibbericeps.synRate = 0.1
Optimization finished in 5 loop passes.
166 likelihood evaluation calls and 141 matrix exponentiations calls were made

Row and/or column partition is empty. All the data will be used by default.
Model MG94customModel assigned to Aptenodytes_forsteri
Model MG94customModel assigned to Calidris_pugnax
One branch tree supplied - hopefully this IS what you meant to do.
Rooted tree. Removing one branch - the left root child has been promoted to be the new root
Partition 0 reversible model flag computed as 1
Variable 't2.Calidris_pugnax.nonSynRate' was not initialized prior to being used
Variable 't2.Calidris_pugnax.synRate' was not initialized prior to being used
Auto-benchmarked an optimal number (4) of threads.
Set GUI update interval to every 9615-th LF evaluation.
Optimization settings:
	OPTIMIZATION_METHOD = 4
	OPTIMIZATION_PRECISION = 0.001
	MAXIMUM_ITERATIONS_PER_VARIABLE = 5000

Initial parameter values

t2.Calidris_pugnax.nonSynRate = 0.1
t2.Calidris_pugnax.synRate = 0.1
Optimization finished in 7 loop passes.
104 likelihood evaluation calls and 93 matrix exponentiations calls were made

Row and/or column partition is empty. All the data will be used by default.
Model MG94customModel assigned to Aptenodytes_forsteri
Model MG94customModel assigned to Charadrius_vociferus
One branch tree supplied - hopefully this IS what you meant to do.
Rooted tree. Removing one branch - the left root child has been promoted to be the new root
Partition 0 reversible model flag computed as 1
Variable 't2.Charadrius_vociferus.nonSynRate' was not initialized prior to being used
Variable 't2.Charadrius_vociferus.synRate' was not initialized prior to being used
Auto-benchmarked an optimal number (4) of threads.
Set GUI update interval to every 9615-th LF evaluation.
Optimization settings:
	OPTIMIZATION_METHOD = 4
	OPTIMIZATION_PRECISION = 0.001
	MAXIMUM_ITERATIONS_PER_VARIABLE = 5000

Initial parameter values

t2.Charadrius_vociferus.nonSynRate = 0.1
t2.Charadrius_vociferus.synRate = 0.1
Optimization finished in 7 loop passes.
105 likelihood evaluation calls and 95 matrix exponentiations calls were made

Row and/or column partition is empty. All the data will be used by default.
Model MG94customModel assigned to Aptenodytes_forsteri
Model MG94customModel assigned to Mesitornis_unicolor
One branch tree supplied - hopefully this IS what you meant to do.
Rooted tree. Removing one branch - the left root child has been promoted to be the new root
Partition 0 reversible model flag computed as 1
Variable 't2.Mesitornis_unicolor.nonSynRate' was not initialized prior to being used
Variable 't2.Mesitornis_unicolor.synRate' was not initialized prior to being used
Auto-benchmarked an optimal number (4) of threads.
Set GUI update interval to every 8771-th LF evaluation.
Optimization settings:
	OPTIMIZATION_METHOD = 4
	OPTIMIZATION_PRECISION = 0.001
	MAXIMUM_ITERATIONS_PER_VARIABLE = 5000

Initial parameter values

t2.Mesitornis_unicolor.nonSynRate = 0.1
t2.Mesitornis_unicolor.synRate = 0.1
Optimization finished in 5 loop passes.
211 likelihood evaluation calls and 188 matrix exponentiations calls were made

Row and/or column partition is empty. All the data will be used by default.
Model MG94customModel assigned to Aptenodytes_forsteri
Model MG94customModel assigned to Columba_livia
One branch tree supplied - hopefully this IS what you meant to do.
Rooted tree. Removing one branch - the left root child has been promoted to be the new root
Partition 0 reversible model flag computed as 1
Variable 't2.Columba_livia.nonSynRate' was not initialized prior to being used
Variable 't2.Columba_livia.synRate' was not initialized prior to being used
Auto-benchmarked an optimal number (4) of threads.
Set GUI update interval to every 9803-th LF evaluation.
Optimization settings:
	OPTIMIZATION_METHOD = 4
	OPTIMIZATION_PRECISION = 0.001
	MAXIMUM_ITERATIONS_PER_VARIABLE = 5000

Initial parameter values

t2.Columba_livia.nonSynRate = 0.1
t2.Columba_livia.synRate = 0.1
Optimization finished in 7 loop passes.
168 likelihood evaluation calls and 159 matrix exponentiations calls were made

Row and/or column partition is empty. All the data will be used by default.
Model MG94customModel assigned to Aptenodytes_forsteri
Model MG94customModel assigned to Opisthocomus_hoazin
One branch tree supplied - hopefully this IS what you meant to do.
Rooted tree. Removing one branch - the left root child has been promoted to be the new root
Partition 0 reversible model flag computed as 1
Variable 't2.Opisthocomus_hoazin.nonSynRate' was not initialized prior to being used
Variable 't2.Opisthocomus_hoazin.synRate' was not initialized prior to being used
Auto-benchmarked an optimal number (5) of threads.
Set GUI update interval to every 9615-th LF evaluation.
Optimization settings:
	OPTIMIZATION_METHOD = 4
	OPTIMIZATION_PRECISION = 0.001
	MAXIMUM_ITERATIONS_PER_VARIABLE = 5000

Initial parameter values

t2.Opisthocomus_hoazin.nonSynRate = 0.1
t2.Opisthocomus_hoazin.synRate = 0.1
Optimization finished in 7 loop passes.
222 likelihood evaluation calls and 207 matrix exponentiations calls were made

Row and/or column partition is empty. All the data will be used by default.
Model MG94customModel assigned to Fulmarus_glacialis
Model MG94customModel assigned to Gavia_stellata
One branch tree supplied - hopefully this IS what you meant to do.
Rooted tree. Removing one branch - the left root child has been promoted to be the new root
Partition 0 reversible model flag computed as 1
Variable 't2.Gavia_stellata.nonSynRate' was not initialized prior to being used
Variable 't2.Gavia_stellata.synRate' was not initialized prior to being used
Auto-benchmarked an optimal number (4) of threads.
Set GUI update interval to every 9433-th LF evaluation.
Optimization settings:
	OPTIMIZATION_METHOD = 4
	OPTIMIZATION_PRECISION = 0.001
	MAXIMUM_ITERATIONS_PER_VARIABLE = 5000

Initial parameter values

t2.Gavia_stellata.nonSynRate = 0.1
t2.Gavia_stellata.synRate = 0.1
Optimization finished in 8 loop passes.
157 likelihood evaluation calls and 148 matrix exponentiations calls were made

Row and/or column partition is empty. All the data will be used by default.
Model MG94customModel assigned to Fulmarus_glacialis
Model MG94customModel assigned to Phaethon_lepturus
One branch tree supplied - hopefully this IS what you meant to do.
Rooted tree. Removing one branch - the left root child has been promoted to be the new root
Partition 0 reversible model flag computed as 1
Variable 't2.Phaethon_lepturus.nonSynRate' was not initialized prior to being used
Variable 't2.Phaethon_lepturus.synRate' was not initialized prior to being used
Auto-benchmarked an optimal number (2) of threads.
Set GUI update interval to every 8771-th LF evaluation.
Optimization settings:
	OPTIMIZATION_METHOD = 4
	OPTIMIZATION_PRECISION = 0.001
	MAXIMUM_ITERATIONS_PER_VARIABLE = 5000

Initial parameter values

t2.Phaethon_lepturus.nonSynRate = 0.1
t2.Phaethon_lepturus.synRate = 0.1
Optimization finished in 6 loop passes.
131 likelihood evaluation calls and 116 matrix exponentiations calls were made

Row and/or column partition is empty. All the data will be used by default.
Model MG94customModel assigned to Fulmarus_glacialis
Model MG94customModel assigned to Balearica_regulorum_gibbericeps
One branch tree supplied - hopefully this IS what you meant to do.
Rooted tree. Removing one branch - the left root child has been promoted to be the new root
Partition 0 reversible model flag computed as 1
Variable 't2.Balearica_regulorum_gibbericeps.nonSynRate' was not initialized prior to being used
Variable 't2.Balearica_regulorum_gibbericeps.synRate' was not initialized prior to being used
Auto-benchmarked an optimal number (4) of threads.
Set GUI update interval to every 9615-th LF evaluation.
Optimization settings:
	OPTIMIZATION_METHOD = 4
	OPTIMIZATION_PRECISION = 0.001
	MAXIMUM_ITERATIONS_PER_VARIABLE = 5000

Initial parameter values

t2.Balearica_regulorum_gibbericeps.nonSynRate = 0.1
t2.Balearica_regulorum_gibbericeps.synRate = 0.1
Optimization finished in 7 loop passes.
135 likelihood evaluation calls and 122 matrix exponentiations calls were made

Row and/or column partition is empty. All the data will be used by default.
Model MG94customModel assigned to Fulmarus_glacialis
Model MG94customModel assigned to Calidris_pugnax
One branch tree supplied - hopefully this IS what you meant to do.
Rooted tree. Removing one branch - the left root child has been promoted to be the new root
Partition 0 reversible model flag computed as 1
Variable 't2.Calidris_pugnax.nonSynRate' was not initialized prior to being used
Variable 't2.Calidris_pugnax.synRate' was not initialized prior to being used
Auto-benchmarked an optimal number (3) of threads.
Set GUI update interval to every 9259-th LF evaluation.
Optimization settings:
	OPTIMIZATION_METHOD = 4
	OPTIMIZATION_PRECISION = 0.001
	MAXIMUM_ITERATIONS_PER_VARIABLE = 5000

Initial parameter values

t2.Calidris_pugnax.nonSynRate = 0.1
t2.Calidris_pugnax.synRate = 0.1
Optimization finished in 6 loop passes.
193 likelihood evaluation calls and 170 matrix exponentiations calls were made

Row and/or column partition is empty. All the data will be used by default.
Model MG94customModel assigned to Fulmarus_glacialis
Model MG94customModel assigned to Charadrius_vociferus
One branch tree supplied - hopefully this IS what you meant to do.
Rooted tree. Removing one branch - the left root child has been promoted to be the new root
Partition 0 reversible model flag computed as 1
Variable 't2.Charadrius_vociferus.nonSynRate' was not initialized prior to being used
Variable 't2.Charadrius_vociferus.synRate' was not initialized prior to being used
Auto-benchmarked an optimal number (4) of threads.
Set GUI update interval to every 9615-th LF evaluation.
Optimization settings:
	OPTIMIZATION_METHOD = 4
	OPTIMIZATION_PRECISION = 0.001
	MAXIMUM_ITERATIONS_PER_VARIABLE = 5000

Initial parameter values

t2.Charadrius_vociferus.nonSynRate = 0.1
t2.Charadrius_vociferus.synRate = 0.1
Optimization finished in 6 loop passes.
176 likelihood evaluation calls and 151 matrix exponentiations calls were made

Row and/or column partition is empty. All the data will be used by default.
Model MG94customModel assigned to Fulmarus_glacialis
Model MG94customModel assigned to Mesitornis_unicolor
One branch tree supplied - hopefully this IS what you meant to do.
Rooted tree. Removing one branch - the left root child has been promoted to be the new root
Partition 0 reversible model flag computed as 1
Variable 't2.Mesitornis_unicolor.nonSynRate' was not initialized prior to being used
Variable 't2.Mesitornis_unicolor.synRate' was not initialized prior to being used
Auto-benchmarked an optimal number (4) of threads.
Set GUI update interval to every 8771-th LF evaluation.
Optimization settings:
	OPTIMIZATION_METHOD = 4
	OPTIMIZATION_PRECISION = 0.001
	MAXIMUM_ITERATIONS_PER_VARIABLE = 5000

Initial parameter values

t2.Mesitornis_unicolor.nonSynRate = 0.1
t2.Mesitornis_unicolor.synRate = 0.1
Optimization finished in 6 loop passes.
162 likelihood evaluation calls and 140 matrix exponentiations calls were made

Row and/or column partition is empty. All the data will be used by default.
Model MG94customModel assigned to Fulmarus_glacialis
Model MG94customModel assigned to Columba_livia
One branch tree supplied - hopefully this IS what you meant to do.
Rooted tree. Removing one branch - the left root child has been promoted to be the new root
Partition 0 reversible model flag computed as 1
Variable 't2.Columba_livia.nonSynRate' was not initialized prior to being used
Variable 't2.Columba_livia.synRate' was not initialized prior to being used
Auto-benchmarked an optimal number (2) of threads.
Set GUI update interval to every 8928-th LF evaluation.
Optimization settings:
	OPTIMIZATION_METHOD = 4
	OPTIMIZATION_PRECISION = 0.001
	MAXIMUM_ITERATIONS_PER_VARIABLE = 5000

Initial parameter values

t2.Columba_livia.nonSynRate = 0.1
t2.Columba_livia.synRate = 0.1
Optimization finished in 6 loop passes.
214 likelihood evaluation calls and 192 matrix exponentiations calls were made

Row and/or column partition is empty. All the data will be used by default.
Model MG94customModel assigned to Fulmarus_glacialis
Model MG94customModel assigned to Opisthocomus_hoazin
One branch tree supplied - hopefully this IS what you meant to do.
Rooted tree. Removing one branch - the left root child has been promoted to be the new root
Partition 0 reversible model flag computed as 1
Variable 't2.Opisthocomus_hoazin.nonSynRate' was not initialized prior to being used
Variable 't2.Opisthocomus_hoazin.synRate' was not initialized prior to being used
Auto-benchmarked an optimal number (4) of threads.
Set GUI update interval to every 9615-th LF evaluation.
Optimization settings:
	OPTIMIZATION_METHOD = 4
	OPTIMIZATION_PRECISION = 0.001
	MAXIMUM_ITERATIONS_PER_VARIABLE = 5000

Initial parameter values

t2.Opisthocomus_hoazin.nonSynRate = 0.1
t2.Opisthocomus_hoazin.synRate = 0.1
Optimization finished in 7 loop passes.
162 likelihood evaluation calls and 151 matrix exponentiations calls were made

Row and/or column partition is empty. All the data will be used by default.
Model MG94customModel assigned to Gavia_stellata
Model MG94customModel assigned to Phaethon_lepturus
One branch tree supplied - hopefully this IS what you meant to do.
Rooted tree. Removing one branch - the left root child has been promoted to be the new root
Partition 0 reversible model flag computed as 1
Variable 't2.Phaethon_lepturus.nonSynRate' was not initialized prior to being used
Variable 't2.Phaethon_lepturus.synRate' was not initialized prior to being used
Auto-benchmarked an optimal number (3) of threads.
Set GUI update interval to every 8928-th LF evaluation.
Optimization settings:
	OPTIMIZATION_METHOD = 4
	OPTIMIZATION_PRECISION = 0.001
	MAXIMUM_ITERATIONS_PER_VARIABLE = 5000

Initial parameter values

t2.Phaethon_lepturus.nonSynRate = 0.1
t2.Phaethon_lepturus.synRate = 0.1
Optimization finished in 6 loop passes.
160 likelihood evaluation calls and 145 matrix exponentiations calls were made

Row and/or column partition is empty. All the data will be used by default.
Model MG94customModel assigned to Gavia_stellata
Model MG94customModel assigned to Balearica_regulorum_gibbericeps
One branch tree supplied - hopefully this IS what you meant to do.
Rooted tree. Removing one branch - the left root child has been promoted to be the new root
Partition 0 reversible model flag computed as 1
Variable 't2.Balearica_regulorum_gibbericeps.nonSynRate' was not initialized prior to being used
Variable 't2.Balearica_regulorum_gibbericeps.synRate' was not initialized prior to being used
Auto-benchmarked an optimal number (5) of threads.
Set GUI update interval to every 9090-th LF evaluation.
Optimization settings:
	OPTIMIZATION_METHOD = 4
	OPTIMIZATION_PRECISION = 0.001
	MAXIMUM_ITERATIONS_PER_VARIABLE = 5000

Initial parameter values

t2.Balearica_regulorum_gibbericeps.nonSynRate = 0.1
t2.Balearica_regulorum_gibbericeps.synRate = 0.1
Optimization finished in 7 loop passes.
126 likelihood evaluation calls and 119 matrix exponentiations calls were made

Row and/or column partition is empty. All the data will be used by default.
Model MG94customModel assigned to Gavia_stellata
Model MG94customModel assigned to Calidris_pugnax
One branch tree supplied - hopefully this IS what you meant to do.
Rooted tree. Removing one branch - the left root child has been promoted to be the new root
Partition 0 reversible model flag computed as 1
Variable 't2.Calidris_pugnax.nonSynRate' was not initialized prior to being used
Variable 't2.Calidris_pugnax.synRate' was not initialized prior to being used
Auto-benchmarked an optimal number (4) of threads.
Set GUI update interval to every 9803-th LF evaluation.
Optimization settings:
	OPTIMIZATION_METHOD = 4
	OPTIMIZATION_PRECISION = 0.001
	MAXIMUM_ITERATIONS_PER_VARIABLE = 5000

Initial parameter values

t2.Calidris_pugnax.nonSynRate = 0.1
t2.Calidris_pugnax.synRate = 0.1
Optimization finished in 6 loop passes.
134 likelihood evaluation calls and 111 matrix exponentiations calls were made

Row and/or column partition is empty. All the data will be used by default.
Model MG94customModel assigned to Gavia_stellata
Model MG94customModel assigned to Charadrius_vociferus
One branch tree supplied - hopefully this IS what you meant to do.
Rooted tree. Removing one branch - the left root child has been promoted to be the new root
Partition 0 reversible model flag computed as 1
Variable 't2.Charadrius_vociferus.nonSynRate' was not initialized prior to being used
Variable 't2.Charadrius_vociferus.synRate' was not initialized prior to being used
Auto-benchmarked an optimal number (4) of threads.
Set GUI update interval to every 9615-th LF evaluation.
Optimization settings:
	OPTIMIZATION_METHOD = 4
	OPTIMIZATION_PRECISION = 0.001
	MAXIMUM_ITERATIONS_PER_VARIABLE = 5000

Initial parameter values

t2.Charadrius_vociferus.nonSynRate = 0.1
t2.Charadrius_vociferus.synRate = 0.1
Optimization finished in 7 loop passes.
231 likelihood evaluation calls and 217 matrix exponentiations calls were made

Row and/or column partition is empty. All the data will be used by default.
Model MG94customModel assigned to Gavia_stellata
Model MG94customModel assigned to Mesitornis_unicolor
One branch tree supplied - hopefully this IS what you meant to do.
Rooted tree. Removing one branch - the left root child has been promoted to be the new root
Partition 0 reversible model flag computed as 1
Variable 't2.Mesitornis_unicolor.nonSynRate' was not initialized prior to being used
Variable 't2.Mesitornis_unicolor.synRate' was not initialized prior to being used
Auto-benchmarked an optimal number (4) of threads.
Set GUI update interval to every 8771-th LF evaluation.
Optimization settings:
	OPTIMIZATION_METHOD = 4
	OPTIMIZATION_PRECISION = 0.001
	MAXIMUM_ITERATIONS_PER_VARIABLE = 5000

Initial parameter values

t2.Mesitornis_unicolor.nonSynRate = 0.1
t2.Mesitornis_unicolor.synRate = 0.1
Optimization finished in 6 loop passes.
200 likelihood evaluation calls and 184 matrix exponentiations calls were made

Row and/or column partition is empty. All the data will be used by default.
Model MG94customModel assigned to Gavia_stellata
Model MG94customModel assigned to Columba_livia
One branch tree supplied - hopefully this IS what you meant to do.
Rooted tree. Removing one branch - the left root child has been promoted to be the new root
Partition 0 reversible model flag computed as 1
Variable 't2.Columba_livia.nonSynRate' was not initialized prior to being used
Variable 't2.Columba_livia.synRate' was not initialized prior to being used
Auto-benchmarked an optimal number (4) of threads.
Set GUI update interval to every 9615-th LF evaluation.
Optimization settings:
	OPTIMIZATION_METHOD = 4
	OPTIMIZATION_PRECISION = 0.001
	MAXIMUM_ITERATIONS_PER_VARIABLE = 5000

Initial parameter values

t2.Columba_livia.nonSynRate = 0.1
t2.Columba_livia.synRate = 0.1
Optimization finished in 7 loop passes.
131 likelihood evaluation calls and 117 matrix exponentiations calls were made

Row and/or column partition is empty. All the data will be used by default.
Model MG94customModel assigned to Gavia_stellata
Model MG94customModel assigned to Opisthocomus_hoazin
One branch tree supplied - hopefully this IS what you meant to do.
Rooted tree. Removing one branch - the left root child has been promoted to be the new root
Partition 0 reversible model flag computed as 1
Variable 't2.Opisthocomus_hoazin.nonSynRate' was not initialized prior to being used
Variable 't2.Opisthocomus_hoazin.synRate' was not initialized prior to being used
Auto-benchmarked an optimal number (4) of threads.
Set GUI update interval to every 9615-th LF evaluation.
Optimization settings:
	OPTIMIZATION_METHOD = 4
	OPTIMIZATION_PRECISION = 0.001
	MAXIMUM_ITERATIONS_PER_VARIABLE = 5000

Initial parameter values

t2.Opisthocomus_hoazin.nonSynRate = 0.1
t2.Opisthocomus_hoazin.synRate = 0.1
Optimization finished in 6 loop passes.
173 likelihood evaluation calls and 153 matrix exponentiations calls were made

Row and/or column partition is empty. All the data will be used by default.
Model MG94customModel assigned to Phaethon_lepturus
Model MG94customModel assigned to Balearica_regulorum_gibbericeps
One branch tree supplied - hopefully this IS what you meant to do.
Rooted tree. Removing one branch - the left root child has been promoted to be the new root
Partition 0 reversible model flag computed as 1
Variable 't2.Balearica_regulorum_gibbericeps.nonSynRate' was not initialized prior to being used
Variable 't2.Balearica_regulorum_gibbericeps.synRate' was not initialized prior to being used
Auto-benchmarked an optimal number (3) of threads.
Set GUI update interval to every 8928-th LF evaluation.
Optimization settings:
	OPTIMIZATION_METHOD = 4
	OPTIMIZATION_PRECISION = 0.001
	MAXIMUM_ITERATIONS_PER_VARIABLE = 5000

Initial parameter values

t2.Balearica_regulorum_gibbericeps.nonSynRate = 0.1
t2.Balearica_regulorum_gibbericeps.synRate = 0.1
Optimization finished in 7 loop passes.
128 likelihood evaluation calls and 121 matrix exponentiations calls were made

Row and/or column partition is empty. All the data will be used by default.
Model MG94customModel assigned to Phaethon_lepturus
Model MG94customModel assigned to Calidris_pugnax
One branch tree supplied - hopefully this IS what you meant to do.
Rooted tree. Removing one branch - the left root child has been promoted to be the new root
Partition 0 reversible model flag computed as 1
Variable 't2.Calidris_pugnax.nonSynRate' was not initialized prior to being used
Variable 't2.Calidris_pugnax.synRate' was not initialized prior to being used
Auto-benchmarked an optimal number (3) of threads.
Set GUI update interval to every 9615-th LF evaluation.
Optimization settings:
	OPTIMIZATION_METHOD = 4
	OPTIMIZATION_PRECISION = 0.001
	MAXIMUM_ITERATIONS_PER_VARIABLE = 5000

Initial parameter values

t2.Calidris_pugnax.nonSynRate = 0.1
t2.Calidris_pugnax.synRate = 0.1
Optimization finished in 6 loop passes.
174 likelihood evaluation calls and 157 matrix exponentiations calls were made

Row and/or column partition is empty. All the data will be used by default.
Model MG94customModel assigned to Phaethon_lepturus
Model MG94customModel assigned to Charadrius_vociferus
One branch tree supplied - hopefully this IS what you meant to do.
Rooted tree. Removing one branch - the left root child has been promoted to be the new root
Partition 0 reversible model flag computed as 1
Variable 't2.Charadrius_vociferus.nonSynRate' was not initialized prior to being used
Variable 't2.Charadrius_vociferus.synRate' was not initialized prior to being used
Auto-benchmarked an optimal number (5) of threads.
Set GUI update interval to every 9803-th LF evaluation.
Optimization settings:
	OPTIMIZATION_METHOD = 4
	OPTIMIZATION_PRECISION = 0.001
	MAXIMUM_ITERATIONS_PER_VARIABLE = 5000

Initial parameter values

t2.Charadrius_vociferus.nonSynRate = 0.1
t2.Charadrius_vociferus.synRate = 0.1
Optimization finished in 7 loop passes.
174 likelihood evaluation calls and 157 matrix exponentiations calls were made

Row and/or column partition is empty. All the data will be used by default.
Model MG94customModel assigned to Phaethon_lepturus
Model MG94customModel assigned to Mesitornis_unicolor
One branch tree supplied - hopefully this IS what you meant to do.
Rooted tree. Removing one branch - the left root child has been promoted to be the new root
Partition 0 reversible model flag computed as 1
Variable 't2.Mesitornis_unicolor.nonSynRate' was not initialized prior to being used
Variable 't2.Mesitornis_unicolor.synRate' was not initialized prior to being used
Auto-benchmarked an optimal number (4) of threads.
Set GUI update interval to every 8771-th LF evaluation.
Optimization settings:
	OPTIMIZATION_METHOD = 4
	OPTIMIZATION_PRECISION = 0.001
	MAXIMUM_ITERATIONS_PER_VARIABLE = 5000

Initial parameter values

t2.Mesitornis_unicolor.nonSynRate = 0.1
t2.Mesitornis_unicolor.synRate = 0.1
Optimization finished in 6 loop passes.
246 likelihood evaluation calls and 231 matrix exponentiations calls were made

Row and/or column partition is empty. All the data will be used by default.
Model MG94customModel assigned to Phaethon_lepturus
Model MG94customModel assigned to Columba_livia
One branch tree supplied - hopefully this IS what you meant to do.
Rooted tree. Removing one branch - the left root child has been promoted to be the new root
Partition 0 reversible model flag computed as 1
Variable 't2.Columba_livia.nonSynRate' was not initialized prior to being used
Variable 't2.Columba_livia.synRate' was not initialized prior to being used
Auto-benchmarked an optimal number (4) of threads.
Set GUI update interval to every 9433-th LF evaluation.
Optimization settings:
	OPTIMIZATION_METHOD = 4
	OPTIMIZATION_PRECISION = 0.001
	MAXIMUM_ITERATIONS_PER_VARIABLE = 5000

Initial parameter values

t2.Columba_livia.nonSynRate = 0.1
t2.Columba_livia.synRate = 0.1
Optimization finished in 7 loop passes.
132 likelihood evaluation calls and 124 matrix exponentiations calls were made

Row and/or column partition is empty. All the data will be used by default.
Model MG94customModel assigned to Phaethon_lepturus
Model MG94customModel assigned to Opisthocomus_hoazin
One branch tree supplied - hopefully this IS what you meant to do.
Rooted tree. Removing one branch - the left root child has been promoted to be the new root
Partition 0 reversible model flag computed as 1
Variable 't2.Opisthocomus_hoazin.nonSynRate' was not initialized prior to being used
Variable 't2.Opisthocomus_hoazin.synRate' was not initialized prior to being used
Auto-benchmarked an optimal number (3) of threads.
Set GUI update interval to every 9615-th LF evaluation.
Optimization settings:
	OPTIMIZATION_METHOD = 4
	OPTIMIZATION_PRECISION = 0.001
	MAXIMUM_ITERATIONS_PER_VARIABLE = 5000

Initial parameter values

t2.Opisthocomus_hoazin.nonSynRate = 0.1
t2.Opisthocomus_hoazin.synRate = 0.1
Optimization finished in 7 loop passes.
112 likelihood evaluation calls and 104 matrix exponentiations calls were made

Row and/or column partition is empty. All the data will be used by default.
Model MG94customModel assigned to Balearica_regulorum_gibbericeps
Model MG94customModel assigned to Calidris_pugnax
One branch tree supplied - hopefully this IS what you meant to do.
Rooted tree. Removing one branch - the left root child has been promoted to be the new root
Partition 0 reversible model flag computed as 1
Variable 't2.Calidris_pugnax.nonSynRate' was not initialized prior to being used
Variable 't2.Calidris_pugnax.synRate' was not initialized prior to being used
Auto-benchmarked an optimal number (4) of threads.
Set GUI update interval to every 9615-th LF evaluation.
Optimization settings:
	OPTIMIZATION_METHOD = 4
	OPTIMIZATION_PRECISION = 0.001
	MAXIMUM_ITERATIONS_PER_VARIABLE = 5000

Initial parameter values

t2.Calidris_pugnax.nonSynRate = 0.1
t2.Calidris_pugnax.synRate = 0.1
Optimization finished in 9 loop passes.
226 likelihood evaluation calls and 212 matrix exponentiations calls were made

Row and/or column partition is empty. All the data will be used by default.
Model MG94customModel assigned to Balearica_regulorum_gibbericeps
Model MG94customModel assigned to Charadrius_vociferus
One branch tree supplied - hopefully this IS what you meant to do.
Rooted tree. Removing one branch - the left root child has been promoted to be the new root
Partition 0 reversible model flag computed as 1
Variable 't2.Charadrius_vociferus.nonSynRate' was not initialized prior to being used
Variable 't2.Charadrius_vociferus.synRate' was not initialized prior to being used
Auto-benchmarked an optimal number (4) of threads.
Set GUI update interval to every 9433-th LF evaluation.
Optimization settings:
	OPTIMIZATION_METHOD = 4
	OPTIMIZATION_PRECISION = 0.001
	MAXIMUM_ITERATIONS_PER_VARIABLE = 5000

Initial parameter values

t2.Charadrius_vociferus.nonSynRate = 0.1
t2.Charadrius_vociferus.synRate = 0.1
Optimization finished in 7 loop passes.
115 likelihood evaluation calls and 100 matrix exponentiations calls were made

Row and/or column partition is empty. All the data will be used by default.
Model MG94customModel assigned to Balearica_regulorum_gibbericeps
Model MG94customModel assigned to Mesitornis_unicolor
One branch tree supplied - hopefully this IS what you meant to do.
Rooted tree. Removing one branch - the left root child has been promoted to be the new root
Partition 0 reversible model flag computed as 1
Variable 't2.Mesitornis_unicolor.nonSynRate' was not initialized prior to being used
Variable 't2.Mesitornis_unicolor.synRate' was not initialized prior to being used
Auto-benchmarked an optimal number (3) of threads.
Set GUI update interval to every 8620-th LF evaluation.
Optimization settings:
	OPTIMIZATION_METHOD = 4
	OPTIMIZATION_PRECISION = 0.001
	MAXIMUM_ITERATIONS_PER_VARIABLE = 5000

Initial parameter values

t2.Mesitornis_unicolor.nonSynRate = 0.1
t2.Mesitornis_unicolor.synRate = 0.1
Optimization finished in 6 loop passes.
147 likelihood evaluation calls and 126 matrix exponentiations calls were made

Row and/or column partition is empty. All the data will be used by default.
Model MG94customModel assigned to Balearica_regulorum_gibbericeps
Model MG94customModel assigned to Columba_livia
One branch tree supplied - hopefully this IS what you meant to do.
Rooted tree. Removing one branch - the left root child has been promoted to be the new root
Partition 0 reversible model flag computed as 1
Variable 't2.Columba_livia.nonSynRate' was not initialized prior to being used
Variable 't2.Columba_livia.synRate' was not initialized prior to being used
Auto-benchmarked an optimal number (4) of threads.
Set GUI update interval to every 9615-th LF evaluation.
Optimization settings:
	OPTIMIZATION_METHOD = 4
	OPTIMIZATION_PRECISION = 0.001
	MAXIMUM_ITERATIONS_PER_VARIABLE = 5000

Initial parameter values

t2.Columba_livia.nonSynRate = 0.1
t2.Columba_livia.synRate = 0.1
Optimization finished in 8 loop passes.
159 likelihood evaluation calls and 149 matrix exponentiations calls were made

Row and/or column partition is empty. All the data will be used by default.
Model MG94customModel assigned to Balearica_regulorum_gibbericeps
Model MG94customModel assigned to Opisthocomus_hoazin
One branch tree supplied - hopefully this IS what you meant to do.
Rooted tree. Removing one branch - the left root child has been promoted to be the new root
Partition 0 reversible model flag computed as 1
Variable 't2.Opisthocomus_hoazin.nonSynRate' was not initialized prior to being used
Variable 't2.Opisthocomus_hoazin.synRate' was not initialized prior to being used
Auto-benchmarked an optimal number (4) of threads.
Set GUI update interval to every 9803-th LF evaluation.
Optimization settings:
	OPTIMIZATION_METHOD = 4
	OPTIMIZATION_PRECISION = 0.001
	MAXIMUM_ITERATIONS_PER_VARIABLE = 5000

Initial parameter values

t2.Opisthocomus_hoazin.nonSynRate = 0.1
t2.Opisthocomus_hoazin.synRate = 0.1
Optimization finished in 7 loop passes.
189 likelihood evaluation calls and 174 matrix exponentiations calls were made

Row and/or column partition is empty. All the data will be used by default.
Model MG94customModel assigned to Calidris_pugnax
Model MG94customModel assigned to Charadrius_vociferus
One branch tree supplied - hopefully this IS what you meant to do.
Rooted tree. Removing one branch - the left root child has been promoted to be the new root
Partition 0 reversible model flag computed as 1
Variable 't2.Charadrius_vociferus.nonSynRate' was not initialized prior to being used
Variable 't2.Charadrius_vociferus.synRate' was not initialized prior to being used
Auto-benchmarked an optimal number (5) of threads.
Set GUI update interval to every 9615-th LF evaluation.
Optimization settings:
	OPTIMIZATION_METHOD = 4
	OPTIMIZATION_PRECISION = 0.001
	MAXIMUM_ITERATIONS_PER_VARIABLE = 5000

Initial parameter values

t2.Charadrius_vociferus.nonSynRate = 0.1
t2.Charadrius_vociferus.synRate = 0.1
Optimization finished in 6 loop passes.
137 likelihood evaluation calls and 116 matrix exponentiations calls were made

Row and/or column partition is empty. All the data will be used by default.
Model MG94customModel assigned to Calidris_pugnax
Model MG94customModel assigned to Mesitornis_unicolor
One branch tree supplied - hopefully this IS what you meant to do.
Rooted tree. Removing one branch - the left root child has been promoted to be the new root
Partition 0 reversible model flag computed as 1
Variable 't2.Mesitornis_unicolor.nonSynRate' was not initialized prior to being used
Variable 't2.Mesitornis_unicolor.synRate' was not initialized prior to being used
Auto-benchmarked an optimal number (5) of threads.
Set GUI update interval to every 9090-th LF evaluation.
Optimization settings:
	OPTIMIZATION_METHOD = 4
	OPTIMIZATION_PRECISION = 0.001
	MAXIMUM_ITERATIONS_PER_VARIABLE = 5000

Initial parameter values

t2.Mesitornis_unicolor.nonSynRate = 0.1
t2.Mesitornis_unicolor.synRate = 0.1
Optimization finished in 7 loop passes.
79 likelihood evaluation calls and 71 matrix exponentiations calls were made

Row and/or column partition is empty. All the data will be used by default.
Model MG94customModel assigned to Calidris_pugnax
Model MG94customModel assigned to Columba_livia
One branch tree supplied - hopefully this IS what you meant to do.
Rooted tree. Removing one branch - the left root child has been promoted to be the new root
Partition 0 reversible model flag computed as 1
Variable 't2.Columba_livia.nonSynRate' was not initialized prior to being used
Variable 't2.Columba_livia.synRate' was not initialized prior to being used
Auto-benchmarked an optimal number (4) of threads.
Set GUI update interval to every 9615-th LF evaluation.
Optimization settings:
	OPTIMIZATION_METHOD = 4
	OPTIMIZATION_PRECISION = 0.001
	MAXIMUM_ITERATIONS_PER_VARIABLE = 5000

Initial parameter values

t2.Columba_livia.nonSynRate = 0.1
t2.Columba_livia.synRate = 0.1
Optimization finished in 6 loop passes.
174 likelihood evaluation calls and 150 matrix exponentiations calls were made

Row and/or column partition is empty. All the data will be used by default.
Model MG94customModel assigned to Calidris_pugnax
Model MG94customModel assigned to Opisthocomus_hoazin
One branch tree supplied - hopefully this IS what you meant to do.
Rooted tree. Removing one branch - the left root child has been promoted to be the new root
Partition 0 reversible model flag computed as 1
Variable 't2.Opisthocomus_hoazin.nonSynRate' was not initialized prior to being used
Variable 't2.Opisthocomus_hoazin.synRate' was not initialized prior to being used
Auto-benchmarked an optimal number (3) of threads.
Set GUI update interval to every 9433-th LF evaluation.
Optimization settings:
	OPTIMIZATION_METHOD = 4
	OPTIMIZATION_PRECISION = 0.001
	MAXIMUM_ITERATIONS_PER_VARIABLE = 5000

Initial parameter values

t2.Opisthocomus_hoazin.nonSynRate = 0.1
t2.Opisthocomus_hoazin.synRate = 0.1
Optimization finished in 8 loop passes.
159 likelihood evaluation calls and 136 matrix exponentiations calls were made

Row and/or column partition is empty. All the data will be used by default.
Model MG94customModel assigned to Charadrius_vociferus
Model MG94customModel assigned to Mesitornis_unicolor
One branch tree supplied - hopefully this IS what you meant to do.
Rooted tree. Removing one branch - the left root child has been promoted to be the new root
Partition 0 reversible model flag computed as 1
Variable 't2.Mesitornis_unicolor.nonSynRate' was not initialized prior to being used
Variable 't2.Mesitornis_unicolor.synRate' was not initialized prior to being used
Auto-benchmarked an optimal number (4) of threads.
Set GUI update interval to every 9433-th LF evaluation.
Optimization settings:
	OPTIMIZATION_METHOD = 4
	OPTIMIZATION_PRECISION = 0.001
	MAXIMUM_ITERATIONS_PER_VARIABLE = 5000

Initial parameter values

t2.Mesitornis_unicolor.nonSynRate = 0.1
t2.Mesitornis_unicolor.synRate = 0.1
Optimization finished in 8 loop passes.
136 likelihood evaluation calls and 127 matrix exponentiations calls were made

Row and/or column partition is empty. All the data will be used by default.
Model MG94customModel assigned to Charadrius_vociferus
Model MG94customModel assigned to Columba_livia
One branch tree supplied - hopefully this IS what you meant to do.
Rooted tree. Removing one branch - the left root child has been promoted to be the new root
Partition 0 reversible model flag computed as 1
Variable 't2.Columba_livia.nonSynRate' was not initialized prior to being used
Variable 't2.Columba_livia.synRate' was not initialized prior to being used
Auto-benchmarked an optimal number (4) of threads.
Set GUI update interval to every 9803-th LF evaluation.
Optimization settings:
	OPTIMIZATION_METHOD = 4
	OPTIMIZATION_PRECISION = 0.001
	MAXIMUM_ITERATIONS_PER_VARIABLE = 5000

Initial parameter values

t2.Columba_livia.nonSynRate = 0.1
t2.Columba_livia.synRate = 0.1
Optimization finished in 6 loop passes.
181 likelihood evaluation calls and 155 matrix exponentiations calls were made

Row and/or column partition is empty. All the data will be used by default.
Model MG94customModel assigned to Charadrius_vociferus
Model MG94customModel assigned to Opisthocomus_hoazin
One branch tree supplied - hopefully this IS what you meant to do.
Rooted tree. Removing one branch - the left root child has been promoted to be the new root
Partition 0 reversible model flag computed as 1
Variable 't2.Opisthocomus_hoazin.nonSynRate' was not initialized prior to being used
Variable 't2.Opisthocomus_hoazin.synRate' was not initialized prior to being used
Auto-benchmarked an optimal number (4) of threads.
Set GUI update interval to every 9615-th LF evaluation.
Optimization settings:
	OPTIMIZATION_METHOD = 4
	OPTIMIZATION_PRECISION = 0.001
	MAXIMUM_ITERATIONS_PER_VARIABLE = 5000

Initial parameter values

t2.Opisthocomus_hoazin.nonSynRate = 0.1
t2.Opisthocomus_hoazin.synRate = 0.1
Optimization finished in 6 loop passes.
257 likelihood evaluation calls and 234 matrix exponentiations calls were made

Row and/or column partition is empty. All the data will be used by default.
Model MG94customModel assigned to Mesitornis_unicolor
Model MG94customModel assigned to Columba_livia
One branch tree supplied - hopefully this IS what you meant to do.
Rooted tree. Removing one branch - the left root child has been promoted to be the new root
Partition 0 reversible model flag computed as 1
Variable 't2.Columba_livia.nonSynRate' was not initialized prior to being used
Variable 't2.Columba_livia.synRate' was not initialized prior to being used
Auto-benchmarked an optimal number (5) of threads.
Set GUI update interval to every 8771-th LF evaluation.
Optimization settings:
	OPTIMIZATION_METHOD = 4
	OPTIMIZATION_PRECISION = 0.001
	MAXIMUM_ITERATIONS_PER_VARIABLE = 5000

Initial parameter values

t2.Columba_livia.nonSynRate = 0.1
t2.Columba_livia.synRate = 0.1
Optimization finished in 8 loop passes.
109 likelihood evaluation calls and 100 matrix exponentiations calls were made

Row and/or column partition is empty. All the data will be used by default.
Model MG94customModel assigned to Mesitornis_unicolor
Model MG94customModel assigned to Opisthocomus_hoazin
One branch tree supplied - hopefully this IS what you meant to do.
Rooted tree. Removing one branch - the left root child has been promoted to be the new root
Partition 0 reversible model flag computed as 1
Variable 't2.Opisthocomus_hoazin.nonSynRate' was not initialized prior to being used
Variable 't2.Opisthocomus_hoazin.synRate' was not initialized prior to being used
Auto-benchmarked an optimal number (4) of threads.
Set GUI update interval to every 8771-th LF evaluation.
Optimization settings:
	OPTIMIZATION_METHOD = 4
	OPTIMIZATION_PRECISION = 0.001
	MAXIMUM_ITERATIONS_PER_VARIABLE = 5000

Initial parameter values

t2.Opisthocomus_hoazin.nonSynRate = 0.1
t2.Opisthocomus_hoazin.synRate = 0.1
Optimization finished in 6 loop passes.
163 likelihood evaluation calls and 140 matrix exponentiations calls were made

Row and/or column partition is empty. All the data will be used by default.
Model MG94customModel assigned to Columba_livia
Model MG94customModel assigned to Opisthocomus_hoazin
One branch tree supplied - hopefully this IS what you meant to do.
Rooted tree. Removing one branch - the left root child has been promoted to be the new root
Partition 0 reversible model flag computed as 1
Auto-benchmarked an optimal number (5) of threads.
Set GUI update interval to every 1275-th LF evaluation.
Optimization settings:
	OPTIMIZATION_METHOD = 4
	OPTIMIZATION_PRECISION = 0.001
	MAXIMUM_ITERATIONS_PER_VARIABLE = 5000

Initial parameter values

t2.Opisthocomus_hoazin.nonSynRate = 0.1
t2.Opisthocomus_hoazin.synRate = 0.1
Optimization finished in 7 loop passes.
115 likelihood evaluation calls and 107 matrix exponentiations calls were made
