Struthio_camelus
Alectura_lathami
Bambusicola_thoracicus
Callipepla_squamata
Centrocercus_minimus
Chrysolophus_pictus
Colinus_virginianus
Coturnix_japonica
Gallus_gallus
Lagopus_muta
Meleagris_gallopavo
Numida_meleagris
Odontophorus_gujanensis
Pavo_cristatus
Pavo_muticus
Penelope_pileata
Phasianus_colchicus
Syrmaticus_mikado
Tympanuchus_cupido
Chauna_torquata
Oxyura_jamaicensis
Anser_brachyrhynchus
Cygnus_olor
Anser_cygnoides
Cygnus_atratus
Cairina_moschata
Branta_canadensis
Anseranas_semipalmata
Anas_platyrhynchos
Anser_indicus
Taeniopygia_guttata
