
Loaded 'libv3/convenience/matrix.bf' from /usr/local/lib/hyphy/TemplateBatchFiles/libv3/convenience/matrix.bf
Loaded 'libv3/UtilityFunctions.bf' from /usr/local/lib/hyphy/TemplateBatchFiles/libv3/UtilityFunctions.bf
Loaded 'IOFunctions.bf' from /usr/local/lib/hyphy/TemplateBatchFiles/libv3/IOFunctions.bf
Already loaded 'libv3/UtilityFunctions.bf' from /usr/local/lib/hyphy/TemplateBatchFiles/libv3/UtilityFunctions.bf
Loaded 'convenience/regexp.bf' from /usr/local/lib/hyphy/TemplateBatchFiles/libv3/convenience/regexp.bf
Loaded 'libv3/all-terms.bf' from /usr/local/lib/hyphy/TemplateBatchFiles/libv3/all-terms.bf
Variable 'skipCodeSelectionStep' was not initialized prior to being used
Row and/or column partition is empty. All the data will be used by default.
Overwritten previously defined function:'GaussLaguerreQuardature'
Overwritten previously defined function:'GammaQuadWeight'
Variable 'SKIP_HARVEST_FREQ' was not initialized prior to being used
Variable '_WRAP_PASSTHROUGH_FLAG_' was not initialized prior to being used
Variable 'END_OF_FILE' was not initialized prior to being used
Variable '_DO_TREE_REBALANCE_' was not initialized prior to being used
Variable '_KEEP_I_LABELS_' was not initialized prior to being used
Model MG94customModel assigned to Microcaecilia_unicolor
Microcaecilia_unicolor has 2 parameters - branch length not assigned
Model MG94customModel assigned to Geotrypetes_seraphini
Geotrypetes_seraphini has 2 parameters - branch length not assigned
Model MG94customModel assigned to Node1
Node1 has 2 parameters - branch length not assigned
Model MG94customModel assigned to Rhinatrema_bivittatum
Rhinatrema_bivittatum has 2 parameters - branch length not assigned
Model MG94customModel assigned to Spea_bombifrons
Spea_bombifrons has 2 parameters - branch length not assigned
Model MG94customModel assigned to Bufo_bufo
Bufo_bufo has 2 parameters - branch length not assigned
Model MG94customModel assigned to Bufo_gargarizans
Bufo_gargarizans has 2 parameters - branch length not assigned
Model MG94customModel assigned to Node9
Node9 has 2 parameters - branch length not assigned
Model MG94customModel assigned to Rana_temporaria
Rana_temporaria has 2 parameters - branch length not assigned
Model MG94customModel assigned to Node8
Node8 has 2 parameters - branch length not assigned
Model MG94customModel assigned to Node6
Node6 has 2 parameters - branch length not assigned
Model MG94customModel assigned to Xenopus_tropicalis
Xenopus_tropicalis has 2 parameters - branch length not assigned
Model MG94customModel assigned to Node5
Node5 has 2 parameters - branch length not assigned
The tips of the tree:givenTree were matched with the species names from the data in the following numeric order (0-based) {1,2,0,4,6,7,5,3}

Pseudo-optimal path's cost 24580 vs 32830 for 1..k=> a 1.33564 x improvement
Partition 0 reversible model flag computed as 1
Variable 'theLnLik' was not initialized prior to being used
Variable 'SAVE_OPT_STATUS_TO' was not initialized prior to being used
Variable 'givenTree.Microcaecilia_unicolor.nonSynRate' was not initialized prior to being used
Variable 'givenTree.Microcaecilia_unicolor.synRate' was not initialized prior to being used
Variable 'givenTree.Geotrypetes_seraphini.nonSynRate' was not initialized prior to being used
Variable 'givenTree.Geotrypetes_seraphini.synRate' was not initialized prior to being used
Variable 'givenTree.Rhinatrema_bivittatum.nonSynRate' was not initialized prior to being used
Variable 'givenTree.Rhinatrema_bivittatum.synRate' was not initialized prior to being used
Variable 'givenTree.Spea_bombifrons.nonSynRate' was not initialized prior to being used
Variable 'givenTree.Spea_bombifrons.synRate' was not initialized prior to being used
Variable 'givenTree.Bufo_bufo.nonSynRate' was not initialized prior to being used
Variable 'givenTree.Bufo_bufo.synRate' was not initialized prior to being used
Variable 'givenTree.Bufo_gargarizans.nonSynRate' was not initialized prior to being used
Variable 'givenTree.Bufo_gargarizans.synRate' was not initialized prior to being used
Variable 'givenTree.Rana_temporaria.nonSynRate' was not initialized prior to being used
Variable 'givenTree.Rana_temporaria.synRate' was not initialized prior to being used
Variable 'givenTree.Xenopus_tropicalis.nonSynRate' was not initialized prior to being used
Variable 'givenTree.Xenopus_tropicalis.synRate' was not initialized prior to being used
Variable 'givenTree.Node1.nonSynRate' was not initialized prior to being used
Variable 'givenTree.Node1.synRate' was not initialized prior to being used
Variable 'givenTree.Node9.nonSynRate' was not initialized prior to being used
Variable 'givenTree.Node9.synRate' was not initialized prior to being used
Variable 'givenTree.Node8.nonSynRate' was not initialized prior to being used
Variable 'givenTree.Node8.synRate' was not initialized prior to being used
Variable 'givenTree.Node6.nonSynRate' was not initialized prior to being used
Variable 'givenTree.Node6.synRate' was not initialized prior to being used
Variable 'givenTree.Node5.nonSynRate' was not initialized prior to being used
Variable 'givenTree.Node5.synRate' was not initialized prior to being used
Site 3 evaluated to a 0 probability in ComputeTreeBlockByBranch
Site 3 evaluated to a 0 probability in ComputeTreeBlockByBranch
Site 32 evaluated to a 0 probability in ComputeTreeBlockByBranch
Site 3 evaluated to a 0 probability in ComputeTreeBlockByBranch
Site 114 evaluated to a 0 probability in ComputeTreeBlockByBranch
Site 1712 evaluated to a 0 probability in ComputeTreeBlockByBranch
Site 3 evaluated to a 0 probability in ComputeTreeBlockByBranch
Site 826 evaluated to a 0 probability in ComputeTreeBlockByBranch
Site 889 evaluated to a 0 probability in ComputeTreeBlockByBranch
Site 1858 evaluated to a 0 probability in ComputeTreeBlockByBranch
Auto-benchmarked an optimal number (3) of threads.
Set GUI update interval to every 45-th LF evaluation.
Initial guess for givenTree.Microcaecilia_unicolor.nonSynRate is 0.0278939
Initial guess for givenTree.Microcaecilia_unicolor.synRate is 0.018105
Initial guess for givenTree.Geotrypetes_seraphini.nonSynRate is 0.0522946
Initial guess for givenTree.Geotrypetes_seraphini.synRate is 0.0321274
Initial guess for givenTree.Rhinatrema_bivittatum.nonSynRate is 0.0641981
Initial guess for givenTree.Rhinatrema_bivittatum.synRate is 0.0387144
Initial guess for givenTree.Node5.nonSynRate is 0.0188403
Initial guess for givenTree.Node5.synRate is 0.0269217
Initial guess for givenTree.Node6.nonSynRate is 0.114744
Initial guess for givenTree.Node6.synRate is 0.111889
Initial guess for givenTree.Spea_bombifrons.nonSynRate is 0.122922
Initial guess for givenTree.Spea_bombifrons.synRate is 0.0762917
Initial guess for givenTree.Node8.nonSynRate is 0.00456603
Initial guess for givenTree.Node8.synRate is 0.00540118
Initial guess for givenTree.Node9.nonSynRate is 0.0271899
Initial guess for givenTree.Node9.synRate is 0.028386
Initial guess for givenTree.Bufo_bufo.nonSynRate is 0.00694048
Initial guess for givenTree.Bufo_bufo.synRate is 0.00472915
Initial guess for givenTree.Bufo_gargarizans.nonSynRate is 0.00471903
Initial guess for givenTree.Bufo_gargarizans.synRate is 0.00431394
Initial guess for givenTree.Rana_temporaria.nonSynRate is 0.0833519
Initial guess for givenTree.Rana_temporaria.synRate is 0.0599343
Initial guess for givenTree.Xenopus_tropicalis.nonSynRate is 0.103026
Initial guess for givenTree.Xenopus_tropicalis.synRate is 0.0772212
Optimization settings:
	OPTIMIZATION_METHOD = 4
	OPTIMIZATION_PRECISION = 0.001
	MAXIMUM_ITERATIONS_PER_VARIABLE = 5000

Initial parameter values

GT = 1
CT = 1
AC = 1
CG = 1
AT = 1
givenTree.Microcaecilia_unicolor.synRate = 0.018105
givenTree.Microcaecilia_unicolor.nonSynRate = 0.0278939
givenTree.Geotrypetes_seraphini.synRate = 0.0321274
givenTree.Geotrypetes_seraphini.nonSynRate = 0.0522946
givenTree.Node1.synRate = 0.1
givenTree.Node1.nonSynRate = 0.1
givenTree.Rhinatrema_bivittatum.synRate = 0.0387144
givenTree.Rhinatrema_bivittatum.nonSynRate = 0.0641981
givenTree.Spea_bombifrons.synRate = 0.0762917
givenTree.Spea_bombifrons.nonSynRate = 0.122922
givenTree.Bufo_bufo.synRate = 0.00472915
givenTree.Bufo_bufo.nonSynRate = 0.00694048
givenTree.Bufo_gargarizans.synRate = 0.00431394
givenTree.Bufo_gargarizans.nonSynRate = 0.00471903
givenTree.Node9.synRate = 0.028386
givenTree.Node9.nonSynRate = 0.0271899
givenTree.Rana_temporaria.synRate = 0.0599343
givenTree.Rana_temporaria.nonSynRate = 0.0833519
givenTree.Node8.synRate = 0.00540118
givenTree.Node8.nonSynRate = 0.00456603
givenTree.Node6.synRate = 0.111889
givenTree.Node6.nonSynRate = 0.114744
givenTree.Xenopus_tropicalis.synRate = 0.0772212
givenTree.Xenopus_tropicalis.nonSynRate = 0.103026
givenTree.Node5.synRate = 0.0269217
givenTree.Node5.nonSynRate = 0.0188403
Optimization finished in 29 loop passes.
2768 likelihood evaluation calls and 10234 matrix exponentiations calls were made

Variable 'lastDepth' was not initialized prior to being used
No nodel was assigned to Microcaecilia_unicolor
Microcaecilia_unicolor has 0 parameters - branch length not assigned
No nodel was assigned to Geotrypetes_seraphini
Geotrypetes_seraphini has 0 parameters - branch length not assigned
No nodel was assigned to Node1
Node1 has 0 parameters - branch length not assigned
No nodel was assigned to Rhinatrema_bivittatum
Rhinatrema_bivittatum has 0 parameters - branch length not assigned
No nodel was assigned to Spea_bombifrons
Spea_bombifrons has 0 parameters - branch length not assigned
No nodel was assigned to Bufo_bufo
Bufo_bufo has 0 parameters - branch length not assigned
No nodel was assigned to Bufo_gargarizans
Bufo_gargarizans has 0 parameters - branch length not assigned
No nodel was assigned to Node9
Node9 has 0 parameters - branch length not assigned
No nodel was assigned to Rana_temporaria
Rana_temporaria has 0 parameters - branch length not assigned
No nodel was assigned to Node8
Node8 has 0 parameters - branch length not assigned
No nodel was assigned to Node6
Node6 has 0 parameters - branch length not assigned
No nodel was assigned to Xenopus_tropicalis
Xenopus_tropicalis has 0 parameters - branch length not assigned
No nodel was assigned to Node5
Node5 has 0 parameters - branch length not assigned
No nodel was assigned to Microcaecilia_unicolor
Microcaecilia_unicolor has 0 parameters - branch length not assigned
No nodel was assigned to Geotrypetes_seraphini
Geotrypetes_seraphini has 0 parameters - branch length not assigned
No nodel was assigned to Node1
Node1 has 0 parameters - branch length not assigned
No nodel was assigned to Rhinatrema_bivittatum
Rhinatrema_bivittatum has 0 parameters - branch length not assigned
No nodel was assigned to Spea_bombifrons
Spea_bombifrons has 0 parameters - branch length not assigned
No nodel was assigned to Bufo_bufo
Bufo_bufo has 0 parameters - branch length not assigned
No nodel was assigned to Bufo_gargarizans
Bufo_gargarizans has 0 parameters - branch length not assigned
No nodel was assigned to Node9
Node9 has 0 parameters - branch length not assigned
No nodel was assigned to Rana_temporaria
Rana_temporaria has 0 parameters - branch length not assigned
No nodel was assigned to Node8
Node8 has 0 parameters - branch length not assigned
No nodel was assigned to Node6
Node6 has 0 parameters - branch length not assigned
No nodel was assigned to Xenopus_tropicalis
Xenopus_tropicalis has 0 parameters - branch length not assigned
No nodel was assigned to Node5
Node5 has 0 parameters - branch length not assigned
No nodel was assigned to Microcaecilia_unicolor
Microcaecilia_unicolor has 0 parameters - branch length not assigned
No nodel was assigned to Geotrypetes_seraphini
Geotrypetes_seraphini has 0 parameters - branch length not assigned
No nodel was assigned to Node1
Node1 has 0 parameters - branch length not assigned
No nodel was assigned to Rhinatrema_bivittatum
Rhinatrema_bivittatum has 0 parameters - branch length not assigned
No nodel was assigned to Spea_bombifrons
Spea_bombifrons has 0 parameters - branch length not assigned
No nodel was assigned to Bufo_bufo
Bufo_bufo has 0 parameters - branch length not assigned
No nodel was assigned to Bufo_gargarizans
Bufo_gargarizans has 0 parameters - branch length not assigned
No nodel was assigned to Node9
Node9 has 0 parameters - branch length not assigned
No nodel was assigned to Rana_temporaria
Rana_temporaria has 0 parameters - branch length not assigned
No nodel was assigned to Node8
Node8 has 0 parameters - branch length not assigned
No nodel was assigned to Node6
Node6 has 0 parameters - branch length not assigned
No nodel was assigned to Xenopus_tropicalis
Xenopus_tropicalis has 0 parameters - branch length not assigned
No nodel was assigned to Node5
Node5 has 0 parameters - branch length not assigned
No nodel was assigned to Microcaecilia_unicolor
Microcaecilia_unicolor has 0 parameters - branch length not assigned
No nodel was assigned to Geotrypetes_seraphini
Geotrypetes_seraphini has 0 parameters - branch length not assigned
No nodel was assigned to Node1
Node1 has 0 parameters - branch length not assigned
No nodel was assigned to Rhinatrema_bivittatum
Rhinatrema_bivittatum has 0 parameters - branch length not assigned
No nodel was assigned to Spea_bombifrons
Spea_bombifrons has 0 parameters - branch length not assigned
No nodel was assigned to Bufo_bufo
Bufo_bufo has 0 parameters - branch length not assigned
No nodel was assigned to Bufo_gargarizans
Bufo_gargarizans has 0 parameters - branch length not assigned
No nodel was assigned to Node9
Node9 has 0 parameters - branch length not assigned
No nodel was assigned to Rana_temporaria
Rana_temporaria has 0 parameters - branch length not assigned
No nodel was assigned to Node8
Node8 has 0 parameters - branch length not assigned
No nodel was assigned to Node6
Node6 has 0 parameters - branch length not assigned
No nodel was assigned to Xenopus_tropicalis
Xenopus_tropicalis has 0 parameters - branch length not assigned
No nodel was assigned to Node5
Node5 has 0 parameters - branch length not assigned
Variable 'nodeName' was not initialized prior to being used
Variable 'speciesIndex' was not initialized prior to being used
Row and/or column partition is empty. All the data will be used by default.
Model MG94customModel assigned to Microcaecilia_unicolor
Model MG94customModel assigned to Geotrypetes_seraphini
One branch tree supplied - hopefully this IS what you meant to do.
Rooted tree. Removing one branch - the left root child has been promoted to be the new root
Partition 0 reversible model flag computed as 1
Variable 'twoLnLik' was not initialized prior to being used
Variable 't2.Geotrypetes_seraphini.nonSynRate' was not initialized prior to being used
Variable 't2.Geotrypetes_seraphini.synRate' was not initialized prior to being used
Auto-benchmarked an optimal number (3) of threads.
Set GUI update interval to every 8333-th LF evaluation.
Optimization settings:
	OPTIMIZATION_METHOD = 4
	OPTIMIZATION_PRECISION = 0.001
	MAXIMUM_ITERATIONS_PER_VARIABLE = 5000

Initial parameter values

t2.Geotrypetes_seraphini.nonSynRate = 0.1
t2.Geotrypetes_seraphini.synRate = 0.1
Optimization finished in 6 loop passes.
165 likelihood evaluation calls and 140 matrix exponentiations calls were made

Row and/or column partition is empty. All the data will be used by default.
Model MG94customModel assigned to Microcaecilia_unicolor
Model MG94customModel assigned to Rhinatrema_bivittatum
One branch tree supplied - hopefully this IS what you meant to do.
Rooted tree. Removing one branch - the left root child has been promoted to be the new root
Partition 0 reversible model flag computed as 1
Variable 't2.Rhinatrema_bivittatum.nonSynRate' was not initialized prior to being used
Variable 't2.Rhinatrema_bivittatum.synRate' was not initialized prior to being used
Auto-benchmarked an optimal number (3) of threads.
Set GUI update interval to every 8620-th LF evaluation.
Optimization settings:
	OPTIMIZATION_METHOD = 4
	OPTIMIZATION_PRECISION = 0.001
	MAXIMUM_ITERATIONS_PER_VARIABLE = 5000

Initial parameter values

t2.Rhinatrema_bivittatum.nonSynRate = 0.1
t2.Rhinatrema_bivittatum.synRate = 0.1
Optimization finished in 6 loop passes.
211 likelihood evaluation calls and 190 matrix exponentiations calls were made

Row and/or column partition is empty. All the data will be used by default.
Model MG94customModel assigned to Microcaecilia_unicolor
Model MG94customModel assigned to Spea_bombifrons
One branch tree supplied - hopefully this IS what you meant to do.
Rooted tree. Removing one branch - the left root child has been promoted to be the new root
Partition 0 reversible model flag computed as 1
Variable 't2.Spea_bombifrons.synRate' was not initialized prior to being used
Variable 't2.Spea_bombifrons.nonSynRate' was not initialized prior to being used
Auto-benchmarked an optimal number (3) of threads.
Set GUI update interval to every 8928-th LF evaluation.
Optimization settings:
	OPTIMIZATION_METHOD = 4
	OPTIMIZATION_PRECISION = 0.001
	MAXIMUM_ITERATIONS_PER_VARIABLE = 5000

Initial parameter values

t2.Spea_bombifrons.synRate = 0.1
t2.Spea_bombifrons.nonSynRate = 0.1
Optimization finished in 6 loop passes.
240 likelihood evaluation calls and 220 matrix exponentiations calls were made

Row and/or column partition is empty. All the data will be used by default.
Model MG94customModel assigned to Microcaecilia_unicolor
Model MG94customModel assigned to Bufo_bufo
One branch tree supplied - hopefully this IS what you meant to do.
Rooted tree. Removing one branch - the left root child has been promoted to be the new root
Partition 0 reversible model flag computed as 1
Variable 't2.Bufo_bufo.synRate' was not initialized prior to being used
Variable 't2.Bufo_bufo.nonSynRate' was not initialized prior to being used
Auto-benchmarked an optimal number (4) of threads.
Set GUI update interval to every 9259-th LF evaluation.
Optimization settings:
	OPTIMIZATION_METHOD = 4
	OPTIMIZATION_PRECISION = 0.001
	MAXIMUM_ITERATIONS_PER_VARIABLE = 5000

Initial parameter values

t2.Bufo_bufo.synRate = 0.1
t2.Bufo_bufo.nonSynRate = 0.1
Optimization finished in 6 loop passes.
166 likelihood evaluation calls and 146 matrix exponentiations calls were made

Row and/or column partition is empty. All the data will be used by default.
Model MG94customModel assigned to Microcaecilia_unicolor
Model MG94customModel assigned to Bufo_gargarizans
One branch tree supplied - hopefully this IS what you meant to do.
Rooted tree. Removing one branch - the left root child has been promoted to be the new root
Partition 0 reversible model flag computed as 1
Variable 't2.Bufo_gargarizans.synRate' was not initialized prior to being used
Variable 't2.Bufo_gargarizans.nonSynRate' was not initialized prior to being used
Auto-benchmarked an optimal number (4) of threads.
Set GUI update interval to every 9259-th LF evaluation.
Optimization settings:
	OPTIMIZATION_METHOD = 4
	OPTIMIZATION_PRECISION = 0.001
	MAXIMUM_ITERATIONS_PER_VARIABLE = 5000

Initial parameter values

t2.Bufo_gargarizans.synRate = 0.1
t2.Bufo_gargarizans.nonSynRate = 0.1
Optimization finished in 6 loop passes.
251 likelihood evaluation calls and 231 matrix exponentiations calls were made

Row and/or column partition is empty. All the data will be used by default.
Model MG94customModel assigned to Microcaecilia_unicolor
Model MG94customModel assigned to Rana_temporaria
One branch tree supplied - hopefully this IS what you meant to do.
Rooted tree. Removing one branch - the left root child has been promoted to be the new root
Partition 0 reversible model flag computed as 1
Variable 't2.Rana_temporaria.nonSynRate' was not initialized prior to being used
Variable 't2.Rana_temporaria.synRate' was not initialized prior to being used
Auto-benchmarked an optimal number (5) of threads.
Set GUI update interval to every 8771-th LF evaluation.
Optimization settings:
	OPTIMIZATION_METHOD = 4
	OPTIMIZATION_PRECISION = 0.001
	MAXIMUM_ITERATIONS_PER_VARIABLE = 5000

Initial parameter values

t2.Rana_temporaria.nonSynRate = 0.1
t2.Rana_temporaria.synRate = 0.1
Optimization finished in 6 loop passes.
215 likelihood evaluation calls and 195 matrix exponentiations calls were made

Row and/or column partition is empty. All the data will be used by default.
Model MG94customModel assigned to Microcaecilia_unicolor
Model MG94customModel assigned to Xenopus_tropicalis
One branch tree supplied - hopefully this IS what you meant to do.
Rooted tree. Removing one branch - the left root child has been promoted to be the new root
Partition 0 reversible model flag computed as 1
Variable 't2.Xenopus_tropicalis.nonSynRate' was not initialized prior to being used
Variable 't2.Xenopus_tropicalis.synRate' was not initialized prior to being used
Auto-benchmarked an optimal number (4) of threads.
Set GUI update interval to every 8474-th LF evaluation.
Optimization settings:
	OPTIMIZATION_METHOD = 4
	OPTIMIZATION_PRECISION = 0.001
	MAXIMUM_ITERATIONS_PER_VARIABLE = 5000

Initial parameter values

t2.Xenopus_tropicalis.nonSynRate = 0.1
t2.Xenopus_tropicalis.synRate = 0.1
Optimization finished in 6 loop passes.
216 likelihood evaluation calls and 195 matrix exponentiations calls were made

Row and/or column partition is empty. All the data will be used by default.
Model MG94customModel assigned to Geotrypetes_seraphini
Model MG94customModel assigned to Rhinatrema_bivittatum
One branch tree supplied - hopefully this IS what you meant to do.
Rooted tree. Removing one branch - the left root child has been promoted to be the new root
Partition 0 reversible model flag computed as 1
Variable 't2.Rhinatrema_bivittatum.synRate' was not initialized prior to being used
Variable 't2.Rhinatrema_bivittatum.nonSynRate' was not initialized prior to being used
Auto-benchmarked an optimal number (4) of threads.
Set GUI update interval to every 9259-th LF evaluation.
Optimization settings:
	OPTIMIZATION_METHOD = 4
	OPTIMIZATION_PRECISION = 0.001
	MAXIMUM_ITERATIONS_PER_VARIABLE = 5000

Initial parameter values

t2.Rhinatrema_bivittatum.synRate = 0.1
t2.Rhinatrema_bivittatum.nonSynRate = 0.1
Optimization finished in 6 loop passes.
193 likelihood evaluation calls and 170 matrix exponentiations calls were made

Row and/or column partition is empty. All the data will be used by default.
Model MG94customModel assigned to Geotrypetes_seraphini
Model MG94customModel assigned to Spea_bombifrons
One branch tree supplied - hopefully this IS what you meant to do.
Rooted tree. Removing one branch - the left root child has been promoted to be the new root
Partition 0 reversible model flag computed as 1
Variable 't2.Spea_bombifrons.nonSynRate' was not initialized prior to being used
Variable 't2.Spea_bombifrons.synRate' was not initialized prior to being used
Auto-benchmarked an optimal number (3) of threads.
Set GUI update interval to every 5882-th LF evaluation.
Optimization settings:
	OPTIMIZATION_METHOD = 4
	OPTIMIZATION_PRECISION = 0.001
	MAXIMUM_ITERATIONS_PER_VARIABLE = 5000

Initial parameter values

t2.Spea_bombifrons.nonSynRate = 0.1
t2.Spea_bombifrons.synRate = 0.1
Optimization finished in 6 loop passes.
226 likelihood evaluation calls and 208 matrix exponentiations calls were made

Row and/or column partition is empty. All the data will be used by default.
Model MG94customModel assigned to Geotrypetes_seraphini
Model MG94customModel assigned to Bufo_bufo
One branch tree supplied - hopefully this IS what you meant to do.
Rooted tree. Removing one branch - the left root child has been promoted to be the new root
Partition 0 reversible model flag computed as 1
Variable 't2.Bufo_bufo.nonSynRate' was not initialized prior to being used
Variable 't2.Bufo_bufo.synRate' was not initialized prior to being used
Auto-benchmarked an optimal number (3) of threads.
Set GUI update interval to every 9090-th LF evaluation.
Optimization settings:
	OPTIMIZATION_METHOD = 4
	OPTIMIZATION_PRECISION = 0.001
	MAXIMUM_ITERATIONS_PER_VARIABLE = 5000

Initial parameter values

t2.Bufo_bufo.nonSynRate = 0.1
t2.Bufo_bufo.synRate = 0.1
Optimization finished in 6 loop passes.
187 likelihood evaluation calls and 171 matrix exponentiations calls were made

Row and/or column partition is empty. All the data will be used by default.
Model MG94customModel assigned to Geotrypetes_seraphini
Model MG94customModel assigned to Bufo_gargarizans
One branch tree supplied - hopefully this IS what you meant to do.
Rooted tree. Removing one branch - the left root child has been promoted to be the new root
Partition 0 reversible model flag computed as 1
Variable 't2.Bufo_gargarizans.nonSynRate' was not initialized prior to being used
Variable 't2.Bufo_gargarizans.synRate' was not initialized prior to being used
Auto-benchmarked an optimal number (4) of threads.
Set GUI update interval to every 9433-th LF evaluation.
Optimization settings:
	OPTIMIZATION_METHOD = 4
	OPTIMIZATION_PRECISION = 0.001
	MAXIMUM_ITERATIONS_PER_VARIABLE = 5000

Initial parameter values

t2.Bufo_gargarizans.nonSynRate = 0.1
t2.Bufo_gargarizans.synRate = 0.1
Optimization finished in 6 loop passes.
233 likelihood evaluation calls and 213 matrix exponentiations calls were made

Row and/or column partition is empty. All the data will be used by default.
Model MG94customModel assigned to Geotrypetes_seraphini
Model MG94customModel assigned to Rana_temporaria
One branch tree supplied - hopefully this IS what you meant to do.
Rooted tree. Removing one branch - the left root child has been promoted to be the new root
Partition 0 reversible model flag computed as 1
Variable 't2.Rana_temporaria.nonSynRate' was not initialized prior to being used
Variable 't2.Rana_temporaria.synRate' was not initialized prior to being used
Auto-benchmarked an optimal number (5) of threads.
Set GUI update interval to every 8771-th LF evaluation.
Optimization settings:
	OPTIMIZATION_METHOD = 4
	OPTIMIZATION_PRECISION = 0.001
	MAXIMUM_ITERATIONS_PER_VARIABLE = 5000

Initial parameter values

t2.Rana_temporaria.nonSynRate = 0.1
t2.Rana_temporaria.synRate = 0.1
Optimization finished in 6 loop passes.
172 likelihood evaluation calls and 153 matrix exponentiations calls were made

Row and/or column partition is empty. All the data will be used by default.
Model MG94customModel assigned to Geotrypetes_seraphini
Model MG94customModel assigned to Xenopus_tropicalis
One branch tree supplied - hopefully this IS what you meant to do.
Rooted tree. Removing one branch - the left root child has been promoted to be the new root
Partition 0 reversible model flag computed as 1
Variable 't2.Xenopus_tropicalis.nonSynRate' was not initialized prior to being used
Variable 't2.Xenopus_tropicalis.synRate' was not initialized prior to being used
Auto-benchmarked an optimal number (3) of threads.
Set GUI update interval to every 9259-th LF evaluation.
Optimization settings:
	OPTIMIZATION_METHOD = 4
	OPTIMIZATION_PRECISION = 0.001
	MAXIMUM_ITERATIONS_PER_VARIABLE = 5000

Initial parameter values

t2.Xenopus_tropicalis.nonSynRate = 0.1
t2.Xenopus_tropicalis.synRate = 0.1
Optimization finished in 6 loop passes.
162 likelihood evaluation calls and 138 matrix exponentiations calls were made

Row and/or column partition is empty. All the data will be used by default.
Model MG94customModel assigned to Rhinatrema_bivittatum
Model MG94customModel assigned to Spea_bombifrons
One branch tree supplied - hopefully this IS what you meant to do.
Rooted tree. Removing one branch - the left root child has been promoted to be the new root
Partition 0 reversible model flag computed as 1
Variable 't2.Spea_bombifrons.nonSynRate' was not initialized prior to being used
Variable 't2.Spea_bombifrons.synRate' was not initialized prior to being used
Auto-benchmarked an optimal number (3) of threads.
Set GUI update interval to every 8474-th LF evaluation.
Optimization settings:
	OPTIMIZATION_METHOD = 4
	OPTIMIZATION_PRECISION = 0.001
	MAXIMUM_ITERATIONS_PER_VARIABLE = 5000

Initial parameter values

t2.Spea_bombifrons.nonSynRate = 0.1
t2.Spea_bombifrons.synRate = 0.1
Optimization finished in 6 loop passes.
230 likelihood evaluation calls and 210 matrix exponentiations calls were made

Row and/or column partition is empty. All the data will be used by default.
Model MG94customModel assigned to Rhinatrema_bivittatum
Model MG94customModel assigned to Bufo_bufo
One branch tree supplied - hopefully this IS what you meant to do.
Rooted tree. Removing one branch - the left root child has been promoted to be the new root
Partition 0 reversible model flag computed as 1
Variable 't2.Bufo_bufo.nonSynRate' was not initialized prior to being used
Variable 't2.Bufo_bufo.synRate' was not initialized prior to being used
Auto-benchmarked an optimal number (3) of threads.
Set GUI update interval to every 9433-th LF evaluation.
Optimization settings:
	OPTIMIZATION_METHOD = 4
	OPTIMIZATION_PRECISION = 0.001
	MAXIMUM_ITERATIONS_PER_VARIABLE = 5000

Initial parameter values

t2.Bufo_bufo.nonSynRate = 0.1
t2.Bufo_bufo.synRate = 0.1
Optimization finished in 6 loop passes.
244 likelihood evaluation calls and 226 matrix exponentiations calls were made

Row and/or column partition is empty. All the data will be used by default.
Model MG94customModel assigned to Rhinatrema_bivittatum
Model MG94customModel assigned to Bufo_gargarizans
One branch tree supplied - hopefully this IS what you meant to do.
Rooted tree. Removing one branch - the left root child has been promoted to be the new root
Partition 0 reversible model flag computed as 1
Variable 't2.Bufo_gargarizans.nonSynRate' was not initialized prior to being used
Variable 't2.Bufo_gargarizans.synRate' was not initialized prior to being used
Auto-benchmarked an optimal number (2) of threads.
Set GUI update interval to every 7936-th LF evaluation.
Optimization settings:
	OPTIMIZATION_METHOD = 4
	OPTIMIZATION_PRECISION = 0.001
	MAXIMUM_ITERATIONS_PER_VARIABLE = 5000

Initial parameter values

t2.Bufo_gargarizans.nonSynRate = 0.1
t2.Bufo_gargarizans.synRate = 0.1
Optimization finished in 6 loop passes.
233 likelihood evaluation calls and 209 matrix exponentiations calls were made

Row and/or column partition is empty. All the data will be used by default.
Model MG94customModel assigned to Rhinatrema_bivittatum
Model MG94customModel assigned to Rana_temporaria
One branch tree supplied - hopefully this IS what you meant to do.
Rooted tree. Removing one branch - the left root child has been promoted to be the new root
Partition 0 reversible model flag computed as 1
Variable 't2.Rana_temporaria.synRate' was not initialized prior to being used
Variable 't2.Rana_temporaria.nonSynRate' was not initialized prior to being used
Auto-benchmarked an optimal number (2) of threads.
Set GUI update interval to every 8474-th LF evaluation.
Optimization settings:
	OPTIMIZATION_METHOD = 4
	OPTIMIZATION_PRECISION = 0.001
	MAXIMUM_ITERATIONS_PER_VARIABLE = 5000

Initial parameter values

t2.Rana_temporaria.synRate = 0.1
t2.Rana_temporaria.nonSynRate = 0.1
Optimization finished in 6 loop passes.
242 likelihood evaluation calls and 224 matrix exponentiations calls were made

Row and/or column partition is empty. All the data will be used by default.
Model MG94customModel assigned to Rhinatrema_bivittatum
Model MG94customModel assigned to Xenopus_tropicalis
One branch tree supplied - hopefully this IS what you meant to do.
Rooted tree. Removing one branch - the left root child has been promoted to be the new root
Partition 0 reversible model flag computed as 1
Variable 't2.Xenopus_tropicalis.nonSynRate' was not initialized prior to being used
Variable 't2.Xenopus_tropicalis.synRate' was not initialized prior to being used
Auto-benchmarked an optimal number (3) of threads.
Set GUI update interval to every 9433-th LF evaluation.
Optimization settings:
	OPTIMIZATION_METHOD = 4
	OPTIMIZATION_PRECISION = 0.001
	MAXIMUM_ITERATIONS_PER_VARIABLE = 5000

Initial parameter values

t2.Xenopus_tropicalis.nonSynRate = 0.1
t2.Xenopus_tropicalis.synRate = 0.1
Optimization finished in 6 loop passes.
248 likelihood evaluation calls and 228 matrix exponentiations calls were made

Row and/or column partition is empty. All the data will be used by default.
Model MG94customModel assigned to Spea_bombifrons
Model MG94customModel assigned to Bufo_bufo
One branch tree supplied - hopefully this IS what you meant to do.
Rooted tree. Removing one branch - the left root child has been promoted to be the new root
Partition 0 reversible model flag computed as 1
Variable 't2.Bufo_bufo.nonSynRate' was not initialized prior to being used
Variable 't2.Bufo_bufo.synRate' was not initialized prior to being used
Auto-benchmarked an optimal number (4) of threads.
Set GUI update interval to every 8474-th LF evaluation.
Optimization settings:
	OPTIMIZATION_METHOD = 4
	OPTIMIZATION_PRECISION = 0.001
	MAXIMUM_ITERATIONS_PER_VARIABLE = 5000

Initial parameter values

t2.Bufo_bufo.nonSynRate = 0.1
t2.Bufo_bufo.synRate = 0.1
Optimization finished in 6 loop passes.
222 likelihood evaluation calls and 204 matrix exponentiations calls were made

Row and/or column partition is empty. All the data will be used by default.
Model MG94customModel assigned to Spea_bombifrons
Model MG94customModel assigned to Bufo_gargarizans
One branch tree supplied - hopefully this IS what you meant to do.
Rooted tree. Removing one branch - the left root child has been promoted to be the new root
Partition 0 reversible model flag computed as 1
Variable 't2.Bufo_gargarizans.nonSynRate' was not initialized prior to being used
Variable 't2.Bufo_gargarizans.synRate' was not initialized prior to being used
Auto-benchmarked an optimal number (4) of threads.
Set GUI update interval to every 5952-th LF evaluation.
Optimization settings:
	OPTIMIZATION_METHOD = 4
	OPTIMIZATION_PRECISION = 0.001
	MAXIMUM_ITERATIONS_PER_VARIABLE = 5000

Initial parameter values

t2.Bufo_gargarizans.nonSynRate = 0.1
t2.Bufo_gargarizans.synRate = 0.1
Optimization finished in 6 loop passes.
215 likelihood evaluation calls and 192 matrix exponentiations calls were made

Row and/or column partition is empty. All the data will be used by default.
Model MG94customModel assigned to Spea_bombifrons
Model MG94customModel assigned to Rana_temporaria
One branch tree supplied - hopefully this IS what you meant to do.
Rooted tree. Removing one branch - the left root child has been promoted to be the new root
Partition 0 reversible model flag computed as 1
Variable 't2.Rana_temporaria.nonSynRate' was not initialized prior to being used
Variable 't2.Rana_temporaria.synRate' was not initialized prior to being used
Auto-benchmarked an optimal number (3) of threads.
Set GUI update interval to every 9803-th LF evaluation.
Optimization settings:
	OPTIMIZATION_METHOD = 4
	OPTIMIZATION_PRECISION = 0.001
	MAXIMUM_ITERATIONS_PER_VARIABLE = 5000

Initial parameter values

t2.Rana_temporaria.nonSynRate = 0.1
t2.Rana_temporaria.synRate = 0.1
Optimization finished in 6 loop passes.
219 likelihood evaluation calls and 200 matrix exponentiations calls were made

Row and/or column partition is empty. All the data will be used by default.
Model MG94customModel assigned to Spea_bombifrons
Model MG94customModel assigned to Xenopus_tropicalis
One branch tree supplied - hopefully this IS what you meant to do.
Rooted tree. Removing one branch - the left root child has been promoted to be the new root
Partition 0 reversible model flag computed as 1
Variable 't2.Xenopus_tropicalis.nonSynRate' was not initialized prior to being used
Variable 't2.Xenopus_tropicalis.synRate' was not initialized prior to being used
Auto-benchmarked an optimal number (5) of threads.
Set GUI update interval to every 8928-th LF evaluation.
Optimization settings:
	OPTIMIZATION_METHOD = 4
	OPTIMIZATION_PRECISION = 0.001
	MAXIMUM_ITERATIONS_PER_VARIABLE = 5000

Initial parameter values

t2.Xenopus_tropicalis.nonSynRate = 0.1
t2.Xenopus_tropicalis.synRate = 0.1
Optimization finished in 6 loop passes.
205 likelihood evaluation calls and 187 matrix exponentiations calls were made

Row and/or column partition is empty. All the data will be used by default.
Model MG94customModel assigned to Bufo_bufo
Model MG94customModel assigned to Bufo_gargarizans
One branch tree supplied - hopefully this IS what you meant to do.
Rooted tree. Removing one branch - the left root child has been promoted to be the new root
Partition 0 reversible model flag computed as 1
Variable 't2.Bufo_gargarizans.nonSynRate' was not initialized prior to being used
Variable 't2.Bufo_gargarizans.synRate' was not initialized prior to being used
Auto-benchmarked an optimal number (4) of threads.
Set GUI update interval to every 9803-th LF evaluation.
Optimization settings:
	OPTIMIZATION_METHOD = 4
	OPTIMIZATION_PRECISION = 0.001
	MAXIMUM_ITERATIONS_PER_VARIABLE = 5000

Initial parameter values

t2.Bufo_gargarizans.nonSynRate = 0.1
t2.Bufo_gargarizans.synRate = 0.1
Optimization finished in 6 loop passes.
223 likelihood evaluation calls and 205 matrix exponentiations calls were made

Row and/or column partition is empty. All the data will be used by default.
Model MG94customModel assigned to Bufo_bufo
Model MG94customModel assigned to Rana_temporaria
One branch tree supplied - hopefully this IS what you meant to do.
Rooted tree. Removing one branch - the left root child has been promoted to be the new root
Partition 0 reversible model flag computed as 1
Variable 't2.Rana_temporaria.nonSynRate' was not initialized prior to being used
Variable 't2.Rana_temporaria.synRate' was not initialized prior to being used
Auto-benchmarked an optimal number (3) of threads.
Set GUI update interval to every 9803-th LF evaluation.
Optimization settings:
	OPTIMIZATION_METHOD = 4
	OPTIMIZATION_PRECISION = 0.001
	MAXIMUM_ITERATIONS_PER_VARIABLE = 5000

Initial parameter values

t2.Rana_temporaria.nonSynRate = 0.1
t2.Rana_temporaria.synRate = 0.1
Optimization finished in 6 loop passes.
228 likelihood evaluation calls and 210 matrix exponentiations calls were made

Row and/or column partition is empty. All the data will be used by default.
Model MG94customModel assigned to Bufo_bufo
Model MG94customModel assigned to Xenopus_tropicalis
One branch tree supplied - hopefully this IS what you meant to do.
Rooted tree. Removing one branch - the left root child has been promoted to be the new root
Partition 0 reversible model flag computed as 1
Variable 't2.Xenopus_tropicalis.nonSynRate' was not initialized prior to being used
Variable 't2.Xenopus_tropicalis.synRate' was not initialized prior to being used
Auto-benchmarked an optimal number (3) of threads.
Set GUI update interval to every 8474-th LF evaluation.
Optimization settings:
	OPTIMIZATION_METHOD = 4
	OPTIMIZATION_PRECISION = 0.001
	MAXIMUM_ITERATIONS_PER_VARIABLE = 5000

Initial parameter values

t2.Xenopus_tropicalis.nonSynRate = 0.1
t2.Xenopus_tropicalis.synRate = 0.1
Optimization finished in 6 loop passes.
202 likelihood evaluation calls and 184 matrix exponentiations calls were made

Row and/or column partition is empty. All the data will be used by default.
Model MG94customModel assigned to Bufo_gargarizans
Model MG94customModel assigned to Rana_temporaria
One branch tree supplied - hopefully this IS what you meant to do.
Rooted tree. Removing one branch - the left root child has been promoted to be the new root
Partition 0 reversible model flag computed as 1
Variable 't2.Rana_temporaria.nonSynRate' was not initialized prior to being used
Variable 't2.Rana_temporaria.synRate' was not initialized prior to being used
Auto-benchmarked an optimal number (5) of threads.
Set GUI update interval to every 8474-th LF evaluation.
Optimization settings:
	OPTIMIZATION_METHOD = 4
	OPTIMIZATION_PRECISION = 0.001
	MAXIMUM_ITERATIONS_PER_VARIABLE = 5000

Initial parameter values

t2.Rana_temporaria.nonSynRate = 0.1
t2.Rana_temporaria.synRate = 0.1
Optimization finished in 6 loop passes.
207 likelihood evaluation calls and 188 matrix exponentiations calls were made

Row and/or column partition is empty. All the data will be used by default.
Model MG94customModel assigned to Bufo_gargarizans
Model MG94customModel assigned to Xenopus_tropicalis
One branch tree supplied - hopefully this IS what you meant to do.
Rooted tree. Removing one branch - the left root child has been promoted to be the new root
Partition 0 reversible model flag computed as 1
Variable 't2.Xenopus_tropicalis.nonSynRate' was not initialized prior to being used
Variable 't2.Xenopus_tropicalis.synRate' was not initialized prior to being used
Auto-benchmarked an optimal number (5) of threads.
Set GUI update interval to every 8771-th LF evaluation.
Optimization settings:
	OPTIMIZATION_METHOD = 4
	OPTIMIZATION_PRECISION = 0.001
	MAXIMUM_ITERATIONS_PER_VARIABLE = 5000

Initial parameter values

t2.Xenopus_tropicalis.nonSynRate = 0.1
t2.Xenopus_tropicalis.synRate = 0.1
Optimization finished in 6 loop passes.
202 likelihood evaluation calls and 182 matrix exponentiations calls were made

Row and/or column partition is empty. All the data will be used by default.
Model MG94customModel assigned to Rana_temporaria
Model MG94customModel assigned to Xenopus_tropicalis
One branch tree supplied - hopefully this IS what you meant to do.
Rooted tree. Removing one branch - the left root child has been promoted to be the new root
Partition 0 reversible model flag computed as 1
Auto-benchmarked an optimal number (3) of threads.
Set GUI update interval to every 919-th LF evaluation.
Optimization settings:
	OPTIMIZATION_METHOD = 4
	OPTIMIZATION_PRECISION = 0.001
	MAXIMUM_ITERATIONS_PER_VARIABLE = 5000

Initial parameter values

t2.Xenopus_tropicalis.nonSynRate = 0.1
t2.Xenopus_tropicalis.synRate = 0.1
Optimization finished in 8 loop passes.
95 likelihood evaluation calls and 83 matrix exponentiations calls were made
