Sparus_aurata
Acanthopagrus_latus
Scatophagus_argus
Larimichthys_crocea
Dicentrarchus_labrax
Morone_saxatilis
Cheilinus_undulatus
Labrus_bergylta
Micropterus_dolomieu
Micropterus_salmoides
Siniperca_chuatsi
Etheostoma_cragini
Etheostoma_spectabile
Sander_lucioperca
Perca_fluviatilis
Perca_flavescens
Sebastes_umbrosus
Cyclopterus_lumpus
Gasterosteus_aculeatus_aculeatus
Pungitius_pungitius
Anarrhichthys_ocellatus
Trematomus_bernacchii
Pseudochaenichthys_georgianus
Gymnodraco_acuticeps
Notothenia_coriiceps
Cottoperca_gobio
Epinephelus_fuscoguttatus
Epinephelus_lanceolatus
Plectropomus_leopardus
