
Loaded 'libv3/convenience/matrix.bf' from /usr/local/lib/hyphy/TemplateBatchFiles/libv3/convenience/matrix.bf
Loaded 'libv3/UtilityFunctions.bf' from /usr/local/lib/hyphy/TemplateBatchFiles/libv3/UtilityFunctions.bf
Loaded 'IOFunctions.bf' from /usr/local/lib/hyphy/TemplateBatchFiles/libv3/IOFunctions.bf
Already loaded 'libv3/UtilityFunctions.bf' from /usr/local/lib/hyphy/TemplateBatchFiles/libv3/UtilityFunctions.bf
Loaded 'convenience/regexp.bf' from /usr/local/lib/hyphy/TemplateBatchFiles/libv3/convenience/regexp.bf
Loaded 'libv3/all-terms.bf' from /usr/local/lib/hyphy/TemplateBatchFiles/libv3/all-terms.bf
Variable 'skipCodeSelectionStep' was not initialized prior to being used
Row and/or column partition is empty. All the data will be used by default.
Overwritten previously defined function:'GaussLaguerreQuardature'
Overwritten previously defined function:'GammaQuadWeight'
Variable 'SKIP_HARVEST_FREQ' was not initialized prior to being used
Variable '_WRAP_PASSTHROUGH_FLAG_' was not initialized prior to being used
Variable 'END_OF_FILE' was not initialized prior to being used
Variable '_DO_TREE_REBALANCE_' was not initialized prior to being used
Variable '_KEEP_I_LABELS_' was not initialized prior to being used
Model MG94customModel assigned to Gekko_japonicus
Gekko_japonicus has 2 parameters - branch length not assigned
Model MG94customModel assigned to Varanus_komodoensis
Varanus_komodoensis has 2 parameters - branch length not assigned
Model MG94customModel assigned to Anolis_carolinensis
Anolis_carolinensis has 2 parameters - branch length not assigned
Model MG94customModel assigned to Sceloporus_undulatus
Sceloporus_undulatus has 2 parameters - branch length not assigned
Model MG94customModel assigned to Node4
Node4 has 2 parameters - branch length not assigned
Model MG94customModel assigned to Node2
Node2 has 2 parameters - branch length not assigned
Model MG94customModel assigned to Podarcis_muralis
Podarcis_muralis has 2 parameters - branch length not assigned
Model MG94customModel assigned to Lacerta_agilis
Lacerta_agilis has 2 parameters - branch length not assigned
Model MG94customModel assigned to Node8
Node8 has 2 parameters - branch length not assigned
Model MG94customModel assigned to Zootoca_vivipara_carniolica
Zootoca_vivipara_carniolica has 2 parameters - branch length not assigned
Model MG94customModel assigned to Node7
Node7 has 2 parameters - branch length not assigned
The tips of the tree:givenTree were matched with the species names from the data in the following numeric order (0-based) {0,1,5,6,2,3,4}

Pseudo-optimal path's cost 5428 vs 7656 for 1..k=> a 1.41046 x improvement
Partition 0 reversible model flag computed as 1
Variable 'theLnLik' was not initialized prior to being used
Variable 'SAVE_OPT_STATUS_TO' was not initialized prior to being used
Variable 'givenTree.Gekko_japonicus.nonSynRate' was not initialized prior to being used
Variable 'givenTree.Gekko_japonicus.synRate' was not initialized prior to being used
Variable 'givenTree.Varanus_komodoensis.nonSynRate' was not initialized prior to being used
Variable 'givenTree.Varanus_komodoensis.synRate' was not initialized prior to being used
Variable 'givenTree.Anolis_carolinensis.nonSynRate' was not initialized prior to being used
Variable 'givenTree.Anolis_carolinensis.synRate' was not initialized prior to being used
Variable 'givenTree.Sceloporus_undulatus.nonSynRate' was not initialized prior to being used
Variable 'givenTree.Sceloporus_undulatus.synRate' was not initialized prior to being used
Variable 'givenTree.Podarcis_muralis.nonSynRate' was not initialized prior to being used
Variable 'givenTree.Podarcis_muralis.synRate' was not initialized prior to being used
Variable 'givenTree.Lacerta_agilis.nonSynRate' was not initialized prior to being used
Variable 'givenTree.Lacerta_agilis.synRate' was not initialized prior to being used
Variable 'givenTree.Zootoca_vivipara_carniolica.nonSynRate' was not initialized prior to being used
Variable 'givenTree.Zootoca_vivipara_carniolica.synRate' was not initialized prior to being used
Variable 'givenTree.Node4.nonSynRate' was not initialized prior to being used
Variable 'givenTree.Node4.synRate' was not initialized prior to being used
Variable 'givenTree.Node2.nonSynRate' was not initialized prior to being used
Variable 'givenTree.Node2.synRate' was not initialized prior to being used
Variable 'givenTree.Node8.nonSynRate' was not initialized prior to being used
Variable 'givenTree.Node8.synRate' was not initialized prior to being used
Variable 'givenTree.Node7.nonSynRate' was not initialized prior to being used
Variable 'givenTree.Node7.synRate' was not initialized prior to being used
Site 30 evaluated to a 0 probability in ComputeTreeBlockByBranch
Site 447 evaluated to a 0 probability in ComputeTreeBlockByBranch
Site 30 evaluated to a 0 probability in ComputeTreeBlockByBranch
Site 258 evaluated to a 0 probability in ComputeTreeBlockByBranch
Site 30 evaluated to a 0 probability in ComputeTreeBlockByBranch
Site 448 evaluated to a 0 probability in ComputeTreeBlockByBranch
Site 470 evaluated to a 0 probability in ComputeTreeBlockByBranch
Site 30 evaluated to a 0 probability in ComputeTreeBlockByBranch
Site 488 evaluated to a 0 probability in ComputeTreeBlockByBranch
Site 592 evaluated to a 0 probability in ComputeTreeBlockByBranch
Site 522 evaluated to a 0 probability in ComputeTreeBlockByBranch
Site 30 evaluated to a 0 probability in ComputeTreeBlockByBranch
Site 755 evaluated to a 0 probability in ComputeTreeBlockByBranch
Site 397 evaluated to a 0 probability in ComputeTreeBlockByBranch
Site 558 evaluated to a 0 probability in ComputeTreeBlockByBranch
Site 87 evaluated to a 0 probability in ComputeTreeBlockByBranch
Site 525 evaluated to a 0 probability in ComputeTreeBlockByBranch
Site 30 evaluated to a 0 probability in ComputeTreeBlockByBranch
Site 257 evaluated to a 0 probability in ComputeTreeBlockByBranch
Site 302 evaluated to a 0 probability in ComputeTreeBlockByBranch
Site 718 evaluated to a 0 probability in ComputeTreeBlockByBranch
Auto-benchmarked an optimal number (5) of threads.
Set GUI update interval to every 264-th LF evaluation.
Initial guess for givenTree.Node2.nonSynRate is 0.00794058
Initial guess for givenTree.Node2.synRate is 0.00319452
Initial guess for givenTree.Varanus_komodoensis.nonSynRate is 0.124684
Initial guess for givenTree.Varanus_komodoensis.synRate is 0.0798726
Initial guess for givenTree.Node4.nonSynRate is 0.0339371
Initial guess for givenTree.Node4.synRate is 0.0170073
Initial guess for givenTree.Anolis_carolinensis.nonSynRate is 0.062891
Initial guess for givenTree.Anolis_carolinensis.synRate is 0.0314074
Initial guess for givenTree.Sceloporus_undulatus.nonSynRate is 0.0523128
Initial guess for givenTree.Sceloporus_undulatus.synRate is 0.0266478
Initial guess for givenTree.Node7.nonSynRate is 0.0454536
Initial guess for givenTree.Node7.synRate is 0.0416112
Initial guess for givenTree.Node8.nonSynRate is 2.07621e-05
Initial guess for givenTree.Node8.synRate is 3.61358e-05
Initial guess for givenTree.Podarcis_muralis.nonSynRate is 0.0387141
Initial guess for givenTree.Podarcis_muralis.synRate is 0.0293195
Initial guess for givenTree.Lacerta_agilis.nonSynRate is 0.0104404
Initial guess for givenTree.Lacerta_agilis.synRate is 0.0083254
Initial guess for givenTree.Zootoca_vivipara_carniolica.nonSynRate is 0.0115439
Initial guess for givenTree.Zootoca_vivipara_carniolica.synRate is 0.0038791
Optimization settings:
	OPTIMIZATION_METHOD = 4
	OPTIMIZATION_PRECISION = 0.001
	MAXIMUM_ITERATIONS_PER_VARIABLE = 5000

Initial parameter values

CT = 1
GT = 1
CG = 1
AC = 1
AT = 1
givenTree.Gekko_japonicus.synRate = 0.1
givenTree.Gekko_japonicus.nonSynRate = 0.1
givenTree.Varanus_komodoensis.synRate = 0.0798726
givenTree.Varanus_komodoensis.nonSynRate = 0.124684
givenTree.Anolis_carolinensis.synRate = 0.0314074
givenTree.Anolis_carolinensis.nonSynRate = 0.062891
givenTree.Sceloporus_undulatus.synRate = 0.0266478
givenTree.Sceloporus_undulatus.nonSynRate = 0.0523128
givenTree.Node4.synRate = 0.0170073
givenTree.Node4.nonSynRate = 0.0339371
givenTree.Node2.synRate = 0.00319452
givenTree.Node2.nonSynRate = 0.00794058
givenTree.Podarcis_muralis.synRate = 0.0293195
givenTree.Podarcis_muralis.nonSynRate = 0.0387141
givenTree.Lacerta_agilis.synRate = 0.0083254
givenTree.Lacerta_agilis.nonSynRate = 0.0104404
givenTree.Node8.synRate = 3.61358e-05
givenTree.Node8.nonSynRate = 2.07621e-05
givenTree.Zootoca_vivipara_carniolica.synRate = 0.0038791
givenTree.Zootoca_vivipara_carniolica.nonSynRate = 0.0115439
givenTree.Node7.synRate = 0.0416112
givenTree.Node7.nonSynRate = 0.0454536
Optimization finished in 23 loop passes.
2356 likelihood evaluation calls and 9490 matrix exponentiations calls were made

Variable 'lastDepth' was not initialized prior to being used
No nodel was assigned to Gekko_japonicus
Gekko_japonicus has 0 parameters - branch length not assigned
No nodel was assigned to Varanus_komodoensis
Varanus_komodoensis has 0 parameters - branch length not assigned
No nodel was assigned to Anolis_carolinensis
Anolis_carolinensis has 0 parameters - branch length not assigned
No nodel was assigned to Sceloporus_undulatus
Sceloporus_undulatus has 0 parameters - branch length not assigned
No nodel was assigned to Node4
Node4 has 0 parameters - branch length not assigned
No nodel was assigned to Node2
Node2 has 0 parameters - branch length not assigned
No nodel was assigned to Podarcis_muralis
Podarcis_muralis has 0 parameters - branch length not assigned
No nodel was assigned to Lacerta_agilis
Lacerta_agilis has 0 parameters - branch length not assigned
No nodel was assigned to Node8
Node8 has 0 parameters - branch length not assigned
No nodel was assigned to Zootoca_vivipara_carniolica
Zootoca_vivipara_carniolica has 0 parameters - branch length not assigned
No nodel was assigned to Node7
Node7 has 0 parameters - branch length not assigned
No nodel was assigned to Gekko_japonicus
Gekko_japonicus has 0 parameters - branch length not assigned
No nodel was assigned to Varanus_komodoensis
Varanus_komodoensis has 0 parameters - branch length not assigned
No nodel was assigned to Anolis_carolinensis
Anolis_carolinensis has 0 parameters - branch length not assigned
No nodel was assigned to Sceloporus_undulatus
Sceloporus_undulatus has 0 parameters - branch length not assigned
No nodel was assigned to Node4
Node4 has 0 parameters - branch length not assigned
No nodel was assigned to Node2
Node2 has 0 parameters - branch length not assigned
No nodel was assigned to Podarcis_muralis
Podarcis_muralis has 0 parameters - branch length not assigned
No nodel was assigned to Lacerta_agilis
Lacerta_agilis has 0 parameters - branch length not assigned
No nodel was assigned to Node8
Node8 has 0 parameters - branch length not assigned
No nodel was assigned to Zootoca_vivipara_carniolica
Zootoca_vivipara_carniolica has 0 parameters - branch length not assigned
No nodel was assigned to Node7
Node7 has 0 parameters - branch length not assigned
No nodel was assigned to Gekko_japonicus
Gekko_japonicus has 0 parameters - branch length not assigned
No nodel was assigned to Varanus_komodoensis
Varanus_komodoensis has 0 parameters - branch length not assigned
No nodel was assigned to Anolis_carolinensis
Anolis_carolinensis has 0 parameters - branch length not assigned
No nodel was assigned to Sceloporus_undulatus
Sceloporus_undulatus has 0 parameters - branch length not assigned
No nodel was assigned to Node4
Node4 has 0 parameters - branch length not assigned
No nodel was assigned to Node2
Node2 has 0 parameters - branch length not assigned
No nodel was assigned to Podarcis_muralis
Podarcis_muralis has 0 parameters - branch length not assigned
No nodel was assigned to Lacerta_agilis
Lacerta_agilis has 0 parameters - branch length not assigned
No nodel was assigned to Node8
Node8 has 0 parameters - branch length not assigned
No nodel was assigned to Zootoca_vivipara_carniolica
Zootoca_vivipara_carniolica has 0 parameters - branch length not assigned
No nodel was assigned to Node7
Node7 has 0 parameters - branch length not assigned
No nodel was assigned to Gekko_japonicus
Gekko_japonicus has 0 parameters - branch length not assigned
No nodel was assigned to Varanus_komodoensis
Varanus_komodoensis has 0 parameters - branch length not assigned
No nodel was assigned to Anolis_carolinensis
Anolis_carolinensis has 0 parameters - branch length not assigned
No nodel was assigned to Sceloporus_undulatus
Sceloporus_undulatus has 0 parameters - branch length not assigned
No nodel was assigned to Node4
Node4 has 0 parameters - branch length not assigned
No nodel was assigned to Node2
Node2 has 0 parameters - branch length not assigned
No nodel was assigned to Podarcis_muralis
Podarcis_muralis has 0 parameters - branch length not assigned
No nodel was assigned to Lacerta_agilis
Lacerta_agilis has 0 parameters - branch length not assigned
No nodel was assigned to Node8
Node8 has 0 parameters - branch length not assigned
No nodel was assigned to Zootoca_vivipara_carniolica
Zootoca_vivipara_carniolica has 0 parameters - branch length not assigned
No nodel was assigned to Node7
Node7 has 0 parameters - branch length not assigned
Variable 'nodeName' was not initialized prior to being used
Variable 'speciesIndex' was not initialized prior to being used
Row and/or column partition is empty. All the data will be used by default.
Model MG94customModel assigned to Gekko_japonicus
Model MG94customModel assigned to Varanus_komodoensis
One branch tree supplied - hopefully this IS what you meant to do.
Rooted tree. Removing one branch - the left root child has been promoted to be the new root
Partition 0 reversible model flag computed as 1
Variable 'twoLnLik' was not initialized prior to being used
Variable 't2.Varanus_komodoensis.nonSynRate' was not initialized prior to being used
Variable 't2.Varanus_komodoensis.synRate' was not initialized prior to being used
Auto-benchmarked an optimal number (4) of threads.
Set GUI update interval to every 7812-th LF evaluation.
Optimization settings:
	OPTIMIZATION_METHOD = 4
	OPTIMIZATION_PRECISION = 0.001
	MAXIMUM_ITERATIONS_PER_VARIABLE = 5000

Initial parameter values

t2.Varanus_komodoensis.nonSynRate = 0.1
t2.Varanus_komodoensis.synRate = 0.1
Optimization finished in 6 loop passes.
255 likelihood evaluation calls and 236 matrix exponentiations calls were made

Row and/or column partition is empty. All the data will be used by default.
Model MG94customModel assigned to Gekko_japonicus
Model MG94customModel assigned to Anolis_carolinensis
One branch tree supplied - hopefully this IS what you meant to do.
Rooted tree. Removing one branch - the left root child has been promoted to be the new root
Partition 0 reversible model flag computed as 1
Variable 't2.Anolis_carolinensis.nonSynRate' was not initialized prior to being used
Variable 't2.Anolis_carolinensis.synRate' was not initialized prior to being used
Auto-benchmarked an optimal number (4) of threads.
Set GUI update interval to every 7812-th LF evaluation.
Optimization settings:
	OPTIMIZATION_METHOD = 4
	OPTIMIZATION_PRECISION = 0.001
	MAXIMUM_ITERATIONS_PER_VARIABLE = 5000

Initial parameter values

t2.Anolis_carolinensis.nonSynRate = 0.1
t2.Anolis_carolinensis.synRate = 0.1
Optimization finished in 6 loop passes.
198 likelihood evaluation calls and 180 matrix exponentiations calls were made

Row and/or column partition is empty. All the data will be used by default.
Model MG94customModel assigned to Gekko_japonicus
Model MG94customModel assigned to Sceloporus_undulatus
One branch tree supplied - hopefully this IS what you meant to do.
Rooted tree. Removing one branch - the left root child has been promoted to be the new root
Partition 0 reversible model flag computed as 1
Variable 't2.Sceloporus_undulatus.synRate' was not initialized prior to being used
Variable 't2.Sceloporus_undulatus.nonSynRate' was not initialized prior to being used
Auto-benchmarked an optimal number (5) of threads.
Set GUI update interval to every 7936-th LF evaluation.
Optimization settings:
	OPTIMIZATION_METHOD = 4
	OPTIMIZATION_PRECISION = 0.001
	MAXIMUM_ITERATIONS_PER_VARIABLE = 5000

Initial parameter values

t2.Sceloporus_undulatus.synRate = 0.1
t2.Sceloporus_undulatus.nonSynRate = 0.1
Optimization finished in 6 loop passes.
223 likelihood evaluation calls and 208 matrix exponentiations calls were made

Row and/or column partition is empty. All the data will be used by default.
Model MG94customModel assigned to Gekko_japonicus
Model MG94customModel assigned to Podarcis_muralis
One branch tree supplied - hopefully this IS what you meant to do.
Rooted tree. Removing one branch - the left root child has been promoted to be the new root
Partition 0 reversible model flag computed as 1
Variable 't2.Podarcis_muralis.nonSynRate' was not initialized prior to being used
Variable 't2.Podarcis_muralis.synRate' was not initialized prior to being used
Auto-benchmarked an optimal number (4) of threads.
Set GUI update interval to every 7812-th LF evaluation.
Optimization settings:
	OPTIMIZATION_METHOD = 4
	OPTIMIZATION_PRECISION = 0.001
	MAXIMUM_ITERATIONS_PER_VARIABLE = 5000

Initial parameter values

t2.Podarcis_muralis.nonSynRate = 0.1
t2.Podarcis_muralis.synRate = 0.1
Optimization finished in 6 loop passes.
199 likelihood evaluation calls and 180 matrix exponentiations calls were made

Row and/or column partition is empty. All the data will be used by default.
Model MG94customModel assigned to Gekko_japonicus
Model MG94customModel assigned to Lacerta_agilis
One branch tree supplied - hopefully this IS what you meant to do.
Rooted tree. Removing one branch - the left root child has been promoted to be the new root
Partition 0 reversible model flag computed as 1
Variable 't2.Lacerta_agilis.synRate' was not initialized prior to being used
Variable 't2.Lacerta_agilis.nonSynRate' was not initialized prior to being used
Auto-benchmarked an optimal number (5) of threads.
Set GUI update interval to every 7812-th LF evaluation.
Optimization settings:
	OPTIMIZATION_METHOD = 4
	OPTIMIZATION_PRECISION = 0.001
	MAXIMUM_ITERATIONS_PER_VARIABLE = 5000

Initial parameter values

t2.Lacerta_agilis.synRate = 0.1
t2.Lacerta_agilis.nonSynRate = 0.1
Optimization finished in 5 loop passes.
161 likelihood evaluation calls and 144 matrix exponentiations calls were made

Row and/or column partition is empty. All the data will be used by default.
Model MG94customModel assigned to Gekko_japonicus
Model MG94customModel assigned to Zootoca_vivipara_carniolica
One branch tree supplied - hopefully this IS what you meant to do.
Rooted tree. Removing one branch - the left root child has been promoted to be the new root
Partition 0 reversible model flag computed as 1
Variable 't2.Zootoca_vivipara_carniolica.nonSynRate' was not initialized prior to being used
Variable 't2.Zootoca_vivipara_carniolica.synRate' was not initialized prior to being used
Auto-benchmarked an optimal number (3) of threads.
Set GUI update interval to every 7812-th LF evaluation.
Optimization settings:
	OPTIMIZATION_METHOD = 4
	OPTIMIZATION_PRECISION = 0.001
	MAXIMUM_ITERATIONS_PER_VARIABLE = 5000

Initial parameter values

t2.Zootoca_vivipara_carniolica.nonSynRate = 0.1
t2.Zootoca_vivipara_carniolica.synRate = 0.1
Optimization finished in 6 loop passes.
173 likelihood evaluation calls and 156 matrix exponentiations calls were made

Row and/or column partition is empty. All the data will be used by default.
Model MG94customModel assigned to Varanus_komodoensis
Model MG94customModel assigned to Anolis_carolinensis
One branch tree supplied - hopefully this IS what you meant to do.
Rooted tree. Removing one branch - the left root child has been promoted to be the new root
Partition 0 reversible model flag computed as 1
Variable 't2.Anolis_carolinensis.nonSynRate' was not initialized prior to being used
Variable 't2.Anolis_carolinensis.synRate' was not initialized prior to being used
Auto-benchmarked an optimal number (2) of threads.
Set GUI update interval to every 7246-th LF evaluation.
Optimization settings:
	OPTIMIZATION_METHOD = 4
	OPTIMIZATION_PRECISION = 0.001
	MAXIMUM_ITERATIONS_PER_VARIABLE = 5000

Initial parameter values

t2.Anolis_carolinensis.nonSynRate = 0.1
t2.Anolis_carolinensis.synRate = 0.1
Optimization finished in 6 loop passes.
234 likelihood evaluation calls and 215 matrix exponentiations calls were made

Row and/or column partition is empty. All the data will be used by default.
Model MG94customModel assigned to Varanus_komodoensis
Model MG94customModel assigned to Sceloporus_undulatus
One branch tree supplied - hopefully this IS what you meant to do.
Rooted tree. Removing one branch - the left root child has been promoted to be the new root
Partition 0 reversible model flag computed as 1
Variable 't2.Sceloporus_undulatus.nonSynRate' was not initialized prior to being used
Variable 't2.Sceloporus_undulatus.synRate' was not initialized prior to being used
Auto-benchmarked an optimal number (5) of threads.
Set GUI update interval to every 8064-th LF evaluation.
Optimization settings:
	OPTIMIZATION_METHOD = 4
	OPTIMIZATION_PRECISION = 0.001
	MAXIMUM_ITERATIONS_PER_VARIABLE = 5000

Initial parameter values

t2.Sceloporus_undulatus.nonSynRate = 0.1
t2.Sceloporus_undulatus.synRate = 0.1
Optimization finished in 6 loop passes.
229 likelihood evaluation calls and 210 matrix exponentiations calls were made

Row and/or column partition is empty. All the data will be used by default.
Model MG94customModel assigned to Varanus_komodoensis
Model MG94customModel assigned to Podarcis_muralis
One branch tree supplied - hopefully this IS what you meant to do.
Rooted tree. Removing one branch - the left root child has been promoted to be the new root
Partition 0 reversible model flag computed as 1
Variable 't2.Podarcis_muralis.nonSynRate' was not initialized prior to being used
Variable 't2.Podarcis_muralis.synRate' was not initialized prior to being used
Auto-benchmarked an optimal number (5) of threads.
Set GUI update interval to every 7936-th LF evaluation.
Optimization settings:
	OPTIMIZATION_METHOD = 4
	OPTIMIZATION_PRECISION = 0.001
	MAXIMUM_ITERATIONS_PER_VARIABLE = 5000

Initial parameter values

t2.Podarcis_muralis.nonSynRate = 0.1
t2.Podarcis_muralis.synRate = 0.1
Optimization finished in 6 loop passes.
237 likelihood evaluation calls and 214 matrix exponentiations calls were made

Row and/or column partition is empty. All the data will be used by default.
Model MG94customModel assigned to Varanus_komodoensis
Model MG94customModel assigned to Lacerta_agilis
One branch tree supplied - hopefully this IS what you meant to do.
Rooted tree. Removing one branch - the left root child has been promoted to be the new root
Partition 0 reversible model flag computed as 1
Variable 't2.Lacerta_agilis.nonSynRate' was not initialized prior to being used
Variable 't2.Lacerta_agilis.synRate' was not initialized prior to being used
Auto-benchmarked an optimal number (5) of threads.
Set GUI update interval to every 7812-th LF evaluation.
Optimization settings:
	OPTIMIZATION_METHOD = 4
	OPTIMIZATION_PRECISION = 0.001
	MAXIMUM_ITERATIONS_PER_VARIABLE = 5000

Initial parameter values

t2.Lacerta_agilis.nonSynRate = 0.1
t2.Lacerta_agilis.synRate = 0.1
Optimization finished in 6 loop passes.
218 likelihood evaluation calls and 201 matrix exponentiations calls were made

Row and/or column partition is empty. All the data will be used by default.
Model MG94customModel assigned to Varanus_komodoensis
Model MG94customModel assigned to Zootoca_vivipara_carniolica
One branch tree supplied - hopefully this IS what you meant to do.
Rooted tree. Removing one branch - the left root child has been promoted to be the new root
Partition 0 reversible model flag computed as 1
Variable 't2.Zootoca_vivipara_carniolica.nonSynRate' was not initialized prior to being used
Variable 't2.Zootoca_vivipara_carniolica.synRate' was not initialized prior to being used
Auto-benchmarked an optimal number (5) of threads.
Set GUI update interval to every 8196-th LF evaluation.
Optimization settings:
	OPTIMIZATION_METHOD = 4
	OPTIMIZATION_PRECISION = 0.001
	MAXIMUM_ITERATIONS_PER_VARIABLE = 5000

Initial parameter values

t2.Zootoca_vivipara_carniolica.nonSynRate = 0.1
t2.Zootoca_vivipara_carniolica.synRate = 0.1
Optimization finished in 6 loop passes.
249 likelihood evaluation calls and 229 matrix exponentiations calls were made

Row and/or column partition is empty. All the data will be used by default.
Model MG94customModel assigned to Anolis_carolinensis
Model MG94customModel assigned to Sceloporus_undulatus
One branch tree supplied - hopefully this IS what you meant to do.
Rooted tree. Removing one branch - the left root child has been promoted to be the new root
Partition 0 reversible model flag computed as 1
Variable 't2.Sceloporus_undulatus.nonSynRate' was not initialized prior to being used
Variable 't2.Sceloporus_undulatus.synRate' was not initialized prior to being used
Auto-benchmarked an optimal number (5) of threads.
Set GUI update interval to every 7812-th LF evaluation.
Optimization settings:
	OPTIMIZATION_METHOD = 4
	OPTIMIZATION_PRECISION = 0.001
	MAXIMUM_ITERATIONS_PER_VARIABLE = 5000

Initial parameter values

t2.Sceloporus_undulatus.nonSynRate = 0.1
t2.Sceloporus_undulatus.synRate = 0.1
Optimization finished in 5 loop passes.
179 likelihood evaluation calls and 161 matrix exponentiations calls were made

Row and/or column partition is empty. All the data will be used by default.
Model MG94customModel assigned to Anolis_carolinensis
Model MG94customModel assigned to Podarcis_muralis
One branch tree supplied - hopefully this IS what you meant to do.
Rooted tree. Removing one branch - the left root child has been promoted to be the new root
Partition 0 reversible model flag computed as 1
Variable 't2.Podarcis_muralis.nonSynRate' was not initialized prior to being used
Variable 't2.Podarcis_muralis.synRate' was not initialized prior to being used
Auto-benchmarked an optimal number (3) of threads.
Set GUI update interval to every 4950-th LF evaluation.
Optimization settings:
	OPTIMIZATION_METHOD = 4
	OPTIMIZATION_PRECISION = 0.001
	MAXIMUM_ITERATIONS_PER_VARIABLE = 5000

Initial parameter values

t2.Podarcis_muralis.nonSynRate = 0.1
t2.Podarcis_muralis.synRate = 0.1
Optimization finished in 8 loop passes.
160 likelihood evaluation calls and 146 matrix exponentiations calls were made

Row and/or column partition is empty. All the data will be used by default.
Model MG94customModel assigned to Anolis_carolinensis
Model MG94customModel assigned to Lacerta_agilis
One branch tree supplied - hopefully this IS what you meant to do.
Rooted tree. Removing one branch - the left root child has been promoted to be the new root
Partition 0 reversible model flag computed as 1
Variable 't2.Lacerta_agilis.nonSynRate' was not initialized prior to being used
Variable 't2.Lacerta_agilis.synRate' was not initialized prior to being used
Auto-benchmarked an optimal number (3) of threads.
Set GUI update interval to every 4854-th LF evaluation.
Optimization settings:
	OPTIMIZATION_METHOD = 4
	OPTIMIZATION_PRECISION = 0.001
	MAXIMUM_ITERATIONS_PER_VARIABLE = 5000

Initial parameter values

t2.Lacerta_agilis.nonSynRate = 0.1
t2.Lacerta_agilis.synRate = 0.1
Optimization finished in 6 loop passes.
257 likelihood evaluation calls and 237 matrix exponentiations calls were made

Row and/or column partition is empty. All the data will be used by default.
Model MG94customModel assigned to Anolis_carolinensis
Model MG94customModel assigned to Zootoca_vivipara_carniolica
One branch tree supplied - hopefully this IS what you meant to do.
Rooted tree. Removing one branch - the left root child has been promoted to be the new root
Partition 0 reversible model flag computed as 1
Variable 't2.Zootoca_vivipara_carniolica.nonSynRate' was not initialized prior to being used
Variable 't2.Zootoca_vivipara_carniolica.synRate' was not initialized prior to being used
Auto-benchmarked an optimal number (4) of threads.
Set GUI update interval to every 5154-th LF evaluation.
Optimization settings:
	OPTIMIZATION_METHOD = 4
	OPTIMIZATION_PRECISION = 0.001
	MAXIMUM_ITERATIONS_PER_VARIABLE = 5000

Initial parameter values

t2.Zootoca_vivipara_carniolica.nonSynRate = 0.1
t2.Zootoca_vivipara_carniolica.synRate = 0.1
Optimization finished in 6 loop passes.
237 likelihood evaluation calls and 218 matrix exponentiations calls were made

Row and/or column partition is empty. All the data will be used by default.
Model MG94customModel assigned to Sceloporus_undulatus
Model MG94customModel assigned to Podarcis_muralis
One branch tree supplied - hopefully this IS what you meant to do.
Rooted tree. Removing one branch - the left root child has been promoted to be the new root
Partition 0 reversible model flag computed as 1
Variable 't2.Podarcis_muralis.nonSynRate' was not initialized prior to being used
Variable 't2.Podarcis_muralis.synRate' was not initialized prior to being used
Auto-benchmarked an optimal number (5) of threads.
Set GUI update interval to every 5000-th LF evaluation.
Optimization settings:
	OPTIMIZATION_METHOD = 4
	OPTIMIZATION_PRECISION = 0.001
	MAXIMUM_ITERATIONS_PER_VARIABLE = 5000

Initial parameter values

t2.Podarcis_muralis.nonSynRate = 0.1
t2.Podarcis_muralis.synRate = 0.1
Optimization finished in 7 loop passes.
144 likelihood evaluation calls and 137 matrix exponentiations calls were made

Row and/or column partition is empty. All the data will be used by default.
Model MG94customModel assigned to Sceloporus_undulatus
Model MG94customModel assigned to Lacerta_agilis
One branch tree supplied - hopefully this IS what you meant to do.
Rooted tree. Removing one branch - the left root child has been promoted to be the new root
Partition 0 reversible model flag computed as 1
Variable 't2.Lacerta_agilis.nonSynRate' was not initialized prior to being used
Variable 't2.Lacerta_agilis.synRate' was not initialized prior to being used
Auto-benchmarked an optimal number (4) of threads.
Set GUI update interval to every 4950-th LF evaluation.
Optimization settings:
	OPTIMIZATION_METHOD = 4
	OPTIMIZATION_PRECISION = 0.001
	MAXIMUM_ITERATIONS_PER_VARIABLE = 5000

Initial parameter values

t2.Lacerta_agilis.nonSynRate = 0.1
t2.Lacerta_agilis.synRate = 0.1
Optimization finished in 6 loop passes.
234 likelihood evaluation calls and 214 matrix exponentiations calls were made

Row and/or column partition is empty. All the data will be used by default.
Model MG94customModel assigned to Sceloporus_undulatus
Model MG94customModel assigned to Zootoca_vivipara_carniolica
One branch tree supplied - hopefully this IS what you meant to do.
Rooted tree. Removing one branch - the left root child has been promoted to be the new root
Partition 0 reversible model flag computed as 1
Variable 't2.Zootoca_vivipara_carniolica.nonSynRate' was not initialized prior to being used
Variable 't2.Zootoca_vivipara_carniolica.synRate' was not initialized prior to being used
Auto-benchmarked an optimal number (4) of threads.
Set GUI update interval to every 5050-th LF evaluation.
Optimization settings:
	OPTIMIZATION_METHOD = 4
	OPTIMIZATION_PRECISION = 0.001
	MAXIMUM_ITERATIONS_PER_VARIABLE = 5000

Initial parameter values

t2.Zootoca_vivipara_carniolica.nonSynRate = 0.1
t2.Zootoca_vivipara_carniolica.synRate = 0.1
Optimization finished in 6 loop passes.
255 likelihood evaluation calls and 237 matrix exponentiations calls were made

Row and/or column partition is empty. All the data will be used by default.
Model MG94customModel assigned to Podarcis_muralis
Model MG94customModel assigned to Lacerta_agilis
One branch tree supplied - hopefully this IS what you meant to do.
Rooted tree. Removing one branch - the left root child has been promoted to be the new root
Partition 0 reversible model flag computed as 1
Variable 't2.Lacerta_agilis.nonSynRate' was not initialized prior to being used
Variable 't2.Lacerta_agilis.synRate' was not initialized prior to being used
Auto-benchmarked an optimal number (4) of threads.
Set GUI update interval to every 4761-th LF evaluation.
Optimization settings:
	OPTIMIZATION_METHOD = 4
	OPTIMIZATION_PRECISION = 0.001
	MAXIMUM_ITERATIONS_PER_VARIABLE = 5000

Initial parameter values

t2.Lacerta_agilis.nonSynRate = 0.1
t2.Lacerta_agilis.synRate = 0.1
Optimization finished in 6 loop passes.
256 likelihood evaluation calls and 238 matrix exponentiations calls were made

Row and/or column partition is empty. All the data will be used by default.
Model MG94customModel assigned to Podarcis_muralis
Model MG94customModel assigned to Zootoca_vivipara_carniolica
One branch tree supplied - hopefully this IS what you meant to do.
Rooted tree. Removing one branch - the left root child has been promoted to be the new root
Partition 0 reversible model flag computed as 1
Variable 't2.Zootoca_vivipara_carniolica.nonSynRate' was not initialized prior to being used
Variable 't2.Zootoca_vivipara_carniolica.synRate' was not initialized prior to being used
Auto-benchmarked an optimal number (4) of threads.
Set GUI update interval to every 5050-th LF evaluation.
Optimization settings:
	OPTIMIZATION_METHOD = 4
	OPTIMIZATION_PRECISION = 0.001
	MAXIMUM_ITERATIONS_PER_VARIABLE = 5000

Initial parameter values

t2.Zootoca_vivipara_carniolica.nonSynRate = 0.1
t2.Zootoca_vivipara_carniolica.synRate = 0.1
Optimization finished in 6 loop passes.
218 likelihood evaluation calls and 200 matrix exponentiations calls were made

Row and/or column partition is empty. All the data will be used by default.
Model MG94customModel assigned to Lacerta_agilis
Model MG94customModel assigned to Zootoca_vivipara_carniolica
One branch tree supplied - hopefully this IS what you meant to do.
Rooted tree. Removing one branch - the left root child has been promoted to be the new root
Partition 0 reversible model flag computed as 1
Auto-benchmarked an optimal number (2) of threads.
Set GUI update interval to every 521-th LF evaluation.
Optimization settings:
	OPTIMIZATION_METHOD = 4
	OPTIMIZATION_PRECISION = 0.001
	MAXIMUM_ITERATIONS_PER_VARIABLE = 5000

Initial parameter values

t2.Zootoca_vivipara_carniolica.nonSynRate = 0.1
t2.Zootoca_vivipara_carniolica.synRate = 0.1
Optimization finished in 6 loop passes.
179 likelihood evaluation calls and 158 matrix exponentiations calls were made
