
Loaded 'libv3/convenience/matrix.bf' from /usr/local/lib/hyphy/TemplateBatchFiles/libv3/convenience/matrix.bf
Loaded 'libv3/UtilityFunctions.bf' from /usr/local/lib/hyphy/TemplateBatchFiles/libv3/UtilityFunctions.bf
Loaded 'IOFunctions.bf' from /usr/local/lib/hyphy/TemplateBatchFiles/libv3/IOFunctions.bf
Already loaded 'libv3/UtilityFunctions.bf' from /usr/local/lib/hyphy/TemplateBatchFiles/libv3/UtilityFunctions.bf
Loaded 'convenience/regexp.bf' from /usr/local/lib/hyphy/TemplateBatchFiles/libv3/convenience/regexp.bf
Loaded 'libv3/all-terms.bf' from /usr/local/lib/hyphy/TemplateBatchFiles/libv3/all-terms.bf
Variable 'skipCodeSelectionStep' was not initialized prior to being used
Row and/or column partition is empty. All the data will be used by default.
Overwritten previously defined function:'GaussLaguerreQuardature'
Overwritten previously defined function:'GammaQuadWeight'
Variable 'SKIP_HARVEST_FREQ' was not initialized prior to being used
Variable '_WRAP_PASSTHROUGH_FLAG_' was not initialized prior to being used
Variable 'END_OF_FILE' was not initialized prior to being used
Variable '_DO_TREE_REBALANCE_' was not initialized prior to being used
Variable '_KEEP_I_LABELS_' was not initialized prior to being used
Model MG94customModel assigned to Solenodon_paradoxus
Solenodon_paradoxus has 2 parameters - branch length not assigned
Model MG94customModel assigned to Sorex_araneus
Sorex_araneus has 2 parameters - branch length not assigned
Model MG94customModel assigned to Erinaceus_europaeus
Erinaceus_europaeus has 2 parameters - branch length not assigned
Model MG94customModel assigned to Node2
Node2 has 2 parameters - branch length not assigned
Model MG94customModel assigned to Galemys_pyrenaicus
Galemys_pyrenaicus has 2 parameters - branch length not assigned
Model MG94customModel assigned to Condylura_cristata
Condylura_cristata has 2 parameters - branch length not assigned
Model MG94customModel assigned to Node7
Node7 has 2 parameters - branch length not assigned
Model MG94customModel assigned to Talpa_occidentalis
Talpa_occidentalis has 2 parameters - branch length not assigned
Model MG94customModel assigned to Node6
Node6 has 2 parameters - branch length not assigned
Model MG94customModel assigned to Scalopus_aquaticus
Scalopus_aquaticus has 2 parameters - branch length not assigned
Model MG94customModel assigned to Node5
Node5 has 2 parameters - branch length not assigned
The tips of the tree:givenTree were matched with the species names from the data in the following numeric order (0-based) {2,0,1,4,5,3,6}

Pseudo-optimal path's cost 6131 vs 7497 for 1..k=> a 1.2228 x improvement
Partition 0 reversible model flag computed as 1
Variable 'theLnLik' was not initialized prior to being used
Variable 'SAVE_OPT_STATUS_TO' was not initialized prior to being used
Variable 'givenTree.Solenodon_paradoxus.nonSynRate' was not initialized prior to being used
Variable 'givenTree.Solenodon_paradoxus.synRate' was not initialized prior to being used
Variable 'givenTree.Sorex_araneus.nonSynRate' was not initialized prior to being used
Variable 'givenTree.Sorex_araneus.synRate' was not initialized prior to being used
Variable 'givenTree.Erinaceus_europaeus.nonSynRate' was not initialized prior to being used
Variable 'givenTree.Erinaceus_europaeus.synRate' was not initialized prior to being used
Variable 'givenTree.Galemys_pyrenaicus.nonSynRate' was not initialized prior to being used
Variable 'givenTree.Galemys_pyrenaicus.synRate' was not initialized prior to being used
Variable 'givenTree.Condylura_cristata.nonSynRate' was not initialized prior to being used
Variable 'givenTree.Condylura_cristata.synRate' was not initialized prior to being used
Variable 'givenTree.Talpa_occidentalis.nonSynRate' was not initialized prior to being used
Variable 'givenTree.Talpa_occidentalis.synRate' was not initialized prior to being used
Variable 'givenTree.Scalopus_aquaticus.nonSynRate' was not initialized prior to being used
Variable 'givenTree.Scalopus_aquaticus.synRate' was not initialized prior to being used
Variable 'givenTree.Node2.nonSynRate' was not initialized prior to being used
Variable 'givenTree.Node2.synRate' was not initialized prior to being used
Variable 'givenTree.Node7.nonSynRate' was not initialized prior to being used
Variable 'givenTree.Node7.synRate' was not initialized prior to being used
Variable 'givenTree.Node6.nonSynRate' was not initialized prior to being used
Variable 'givenTree.Node6.synRate' was not initialized prior to being used
Variable 'givenTree.Node5.nonSynRate' was not initialized prior to being used
Variable 'givenTree.Node5.synRate' was not initialized prior to being used
Site 3 evaluated to a 0 probability in ComputeTreeBlockByBranch
Site 3 evaluated to a 0 probability in ComputeTreeBlockByBranch
Site 563 evaluated to a 0 probability in ComputeTreeBlockByBranch
Auto-benchmarked an optimal number (1) of threads.
Set GUI update interval to every 88-th LF evaluation.
Initial guess for givenTree.Node2.nonSynRate is 0.0120609
Initial guess for givenTree.Node2.synRate is 0.000349667
Initial guess for givenTree.Sorex_araneus.nonSynRate is 0.0670098
Initial guess for givenTree.Sorex_araneus.synRate is 0.0433367
Initial guess for givenTree.Erinaceus_europaeus.nonSynRate is 0.0775609
Initial guess for givenTree.Erinaceus_europaeus.synRate is 0.0976563
Initial guess for givenTree.Node5.nonSynRate is 0.0412597
Initial guess for givenTree.Node5.synRate is 0.0347544
Initial guess for givenTree.Node6.nonSynRate is 0.0032334
Initial guess for givenTree.Node6.synRate is 0.00723457
Initial guess for givenTree.Node7.nonSynRate is 0.0125886
Initial guess for givenTree.Node7.synRate is 0.000344028
Initial guess for givenTree.Galemys_pyrenaicus.nonSynRate is 0.0868805
Initial guess for givenTree.Galemys_pyrenaicus.synRate is 0.0597925
Initial guess for givenTree.Condylura_cristata.nonSynRate is 0.0386831
Initial guess for givenTree.Condylura_cristata.synRate is 0.0281531
Initial guess for givenTree.Talpa_occidentalis.nonSynRate is 0.0878078
Initial guess for givenTree.Talpa_occidentalis.synRate is 0.110663
Initial guess for givenTree.Scalopus_aquaticus.nonSynRate is 0.0318256
Initial guess for givenTree.Scalopus_aquaticus.synRate is 0.0116127
Optimization settings:
	OPTIMIZATION_METHOD = 4
	OPTIMIZATION_PRECISION = 0.001
	MAXIMUM_ITERATIONS_PER_VARIABLE = 5000

Initial parameter values

CT = 1
GT = 1
CG = 1
AC = 1
AT = 1
givenTree.Solenodon_paradoxus.synRate = 0.1
givenTree.Solenodon_paradoxus.nonSynRate = 0.1
givenTree.Sorex_araneus.synRate = 0.0433367
givenTree.Sorex_araneus.nonSynRate = 0.0670098
givenTree.Erinaceus_europaeus.synRate = 0.0976563
givenTree.Erinaceus_europaeus.nonSynRate = 0.0775609
givenTree.Node2.synRate = 0.000349667
givenTree.Node2.nonSynRate = 0.0120609
givenTree.Galemys_pyrenaicus.synRate = 0.0597925
givenTree.Galemys_pyrenaicus.nonSynRate = 0.0868805
givenTree.Condylura_cristata.synRate = 0.0281531
givenTree.Condylura_cristata.nonSynRate = 0.0386831
givenTree.Node7.synRate = 0.000344028
givenTree.Node7.nonSynRate = 0.0125886
givenTree.Talpa_occidentalis.synRate = 0.110663
givenTree.Talpa_occidentalis.nonSynRate = 0.0878078
givenTree.Node6.synRate = 0.00723457
givenTree.Node6.nonSynRate = 0.0032334
givenTree.Scalopus_aquaticus.synRate = 0.0116127
givenTree.Scalopus_aquaticus.nonSynRate = 0.0318256
givenTree.Node5.synRate = 0.0347544
givenTree.Node5.nonSynRate = 0.0412597
Optimization finished in 22 loop passes.
2415 likelihood evaluation calls and 9367 matrix exponentiations calls were made

Variable 'lastDepth' was not initialized prior to being used
No nodel was assigned to Solenodon_paradoxus
Solenodon_paradoxus has 0 parameters - branch length not assigned
No nodel was assigned to Sorex_araneus
Sorex_araneus has 0 parameters - branch length not assigned
No nodel was assigned to Erinaceus_europaeus
Erinaceus_europaeus has 0 parameters - branch length not assigned
No nodel was assigned to Node2
Node2 has 0 parameters - branch length not assigned
No nodel was assigned to Galemys_pyrenaicus
Galemys_pyrenaicus has 0 parameters - branch length not assigned
No nodel was assigned to Condylura_cristata
Condylura_cristata has 0 parameters - branch length not assigned
No nodel was assigned to Node7
Node7 has 0 parameters - branch length not assigned
No nodel was assigned to Talpa_occidentalis
Talpa_occidentalis has 0 parameters - branch length not assigned
No nodel was assigned to Node6
Node6 has 0 parameters - branch length not assigned
No nodel was assigned to Scalopus_aquaticus
Scalopus_aquaticus has 0 parameters - branch length not assigned
No nodel was assigned to Node5
Node5 has 0 parameters - branch length not assigned
No nodel was assigned to Solenodon_paradoxus
Solenodon_paradoxus has 0 parameters - branch length not assigned
No nodel was assigned to Sorex_araneus
Sorex_araneus has 0 parameters - branch length not assigned
No nodel was assigned to Erinaceus_europaeus
Erinaceus_europaeus has 0 parameters - branch length not assigned
No nodel was assigned to Node2
Node2 has 0 parameters - branch length not assigned
No nodel was assigned to Galemys_pyrenaicus
Galemys_pyrenaicus has 0 parameters - branch length not assigned
No nodel was assigned to Condylura_cristata
Condylura_cristata has 0 parameters - branch length not assigned
No nodel was assigned to Node7
Node7 has 0 parameters - branch length not assigned
No nodel was assigned to Talpa_occidentalis
Talpa_occidentalis has 0 parameters - branch length not assigned
No nodel was assigned to Node6
Node6 has 0 parameters - branch length not assigned
No nodel was assigned to Scalopus_aquaticus
Scalopus_aquaticus has 0 parameters - branch length not assigned
No nodel was assigned to Node5
Node5 has 0 parameters - branch length not assigned
No nodel was assigned to Solenodon_paradoxus
Solenodon_paradoxus has 0 parameters - branch length not assigned
No nodel was assigned to Sorex_araneus
Sorex_araneus has 0 parameters - branch length not assigned
No nodel was assigned to Erinaceus_europaeus
Erinaceus_europaeus has 0 parameters - branch length not assigned
No nodel was assigned to Node2
Node2 has 0 parameters - branch length not assigned
No nodel was assigned to Galemys_pyrenaicus
Galemys_pyrenaicus has 0 parameters - branch length not assigned
No nodel was assigned to Condylura_cristata
Condylura_cristata has 0 parameters - branch length not assigned
No nodel was assigned to Node7
Node7 has 0 parameters - branch length not assigned
No nodel was assigned to Talpa_occidentalis
Talpa_occidentalis has 0 parameters - branch length not assigned
No nodel was assigned to Node6
Node6 has 0 parameters - branch length not assigned
No nodel was assigned to Scalopus_aquaticus
Scalopus_aquaticus has 0 parameters - branch length not assigned
No nodel was assigned to Node5
Node5 has 0 parameters - branch length not assigned
No nodel was assigned to Solenodon_paradoxus
Solenodon_paradoxus has 0 parameters - branch length not assigned
No nodel was assigned to Sorex_araneus
Sorex_araneus has 0 parameters - branch length not assigned
No nodel was assigned to Erinaceus_europaeus
Erinaceus_europaeus has 0 parameters - branch length not assigned
No nodel was assigned to Node2
Node2 has 0 parameters - branch length not assigned
No nodel was assigned to Galemys_pyrenaicus
Galemys_pyrenaicus has 0 parameters - branch length not assigned
No nodel was assigned to Condylura_cristata
Condylura_cristata has 0 parameters - branch length not assigned
No nodel was assigned to Node7
Node7 has 0 parameters - branch length not assigned
No nodel was assigned to Talpa_occidentalis
Talpa_occidentalis has 0 parameters - branch length not assigned
No nodel was assigned to Node6
Node6 has 0 parameters - branch length not assigned
No nodel was assigned to Scalopus_aquaticus
Scalopus_aquaticus has 0 parameters - branch length not assigned
No nodel was assigned to Node5
Node5 has 0 parameters - branch length not assigned
Variable 'nodeName' was not initialized prior to being used
Variable 'speciesIndex' was not initialized prior to being used
Row and/or column partition is empty. All the data will be used by default.
Model MG94customModel assigned to Solenodon_paradoxus
Model MG94customModel assigned to Sorex_araneus
One branch tree supplied - hopefully this IS what you meant to do.
Rooted tree. Removing one branch - the left root child has been promoted to be the new root
Partition 0 reversible model flag computed as 1
Variable 'twoLnLik' was not initialized prior to being used
Variable 't2.Sorex_araneus.nonSynRate' was not initialized prior to being used
Variable 't2.Sorex_araneus.synRate' was not initialized prior to being used
Auto-benchmarked an optimal number (4) of threads.
Set GUI update interval to every 7936-th LF evaluation.
Optimization settings:
	OPTIMIZATION_METHOD = 4
	OPTIMIZATION_PRECISION = 0.001
	MAXIMUM_ITERATIONS_PER_VARIABLE = 5000

Initial parameter values

t2.Sorex_araneus.nonSynRate = 0.1
t2.Sorex_araneus.synRate = 0.1
Optimization finished in 6 loop passes.
225 likelihood evaluation calls and 203 matrix exponentiations calls were made

Row and/or column partition is empty. All the data will be used by default.
Model MG94customModel assigned to Solenodon_paradoxus
Model MG94customModel assigned to Erinaceus_europaeus
One branch tree supplied - hopefully this IS what you meant to do.
Rooted tree. Removing one branch - the left root child has been promoted to be the new root
Partition 0 reversible model flag computed as 1
Variable 't2.Erinaceus_europaeus.nonSynRate' was not initialized prior to being used
Variable 't2.Erinaceus_europaeus.synRate' was not initialized prior to being used
Auto-benchmarked an optimal number (5) of threads.
Set GUI update interval to every 8064-th LF evaluation.
Optimization settings:
	OPTIMIZATION_METHOD = 4
	OPTIMIZATION_PRECISION = 0.001
	MAXIMUM_ITERATIONS_PER_VARIABLE = 5000

Initial parameter values

t2.Erinaceus_europaeus.nonSynRate = 0.1
t2.Erinaceus_europaeus.synRate = 0.1
Optimization finished in 6 loop passes.
217 likelihood evaluation calls and 196 matrix exponentiations calls were made

Row and/or column partition is empty. All the data will be used by default.
Model MG94customModel assigned to Solenodon_paradoxus
Model MG94customModel assigned to Galemys_pyrenaicus
One branch tree supplied - hopefully this IS what you meant to do.
Rooted tree. Removing one branch - the left root child has been promoted to be the new root
Partition 0 reversible model flag computed as 1
Variable 't2.Galemys_pyrenaicus.synRate' was not initialized prior to being used
Variable 't2.Galemys_pyrenaicus.nonSynRate' was not initialized prior to being used
Auto-benchmarked an optimal number (5) of threads.
Set GUI update interval to every 7936-th LF evaluation.
Optimization settings:
	OPTIMIZATION_METHOD = 4
	OPTIMIZATION_PRECISION = 0.001
	MAXIMUM_ITERATIONS_PER_VARIABLE = 5000

Initial parameter values

t2.Galemys_pyrenaicus.synRate = 0.1
t2.Galemys_pyrenaicus.nonSynRate = 0.1
Optimization finished in 6 loop passes.
193 likelihood evaluation calls and 173 matrix exponentiations calls were made

Row and/or column partition is empty. All the data will be used by default.
Model MG94customModel assigned to Solenodon_paradoxus
Model MG94customModel assigned to Condylura_cristata
One branch tree supplied - hopefully this IS what you meant to do.
Rooted tree. Removing one branch - the left root child has been promoted to be the new root
Partition 0 reversible model flag computed as 1
Variable 't2.Condylura_cristata.nonSynRate' was not initialized prior to being used
Variable 't2.Condylura_cristata.synRate' was not initialized prior to being used
Auto-benchmarked an optimal number (5) of threads.
Set GUI update interval to every 8333-th LF evaluation.
Optimization settings:
	OPTIMIZATION_METHOD = 4
	OPTIMIZATION_PRECISION = 0.001
	MAXIMUM_ITERATIONS_PER_VARIABLE = 5000

Initial parameter values

t2.Condylura_cristata.nonSynRate = 0.1
t2.Condylura_cristata.synRate = 0.1
Optimization finished in 6 loop passes.
187 likelihood evaluation calls and 168 matrix exponentiations calls were made

Row and/or column partition is empty. All the data will be used by default.
Model MG94customModel assigned to Solenodon_paradoxus
Model MG94customModel assigned to Talpa_occidentalis
One branch tree supplied - hopefully this IS what you meant to do.
Rooted tree. Removing one branch - the left root child has been promoted to be the new root
Partition 0 reversible model flag computed as 1
Variable 't2.Talpa_occidentalis.synRate' was not initialized prior to being used
Variable 't2.Talpa_occidentalis.nonSynRate' was not initialized prior to being used
Auto-benchmarked an optimal number (5) of threads.
Set GUI update interval to every 7936-th LF evaluation.
Optimization settings:
	OPTIMIZATION_METHOD = 4
	OPTIMIZATION_PRECISION = 0.001
	MAXIMUM_ITERATIONS_PER_VARIABLE = 5000

Initial parameter values

t2.Talpa_occidentalis.synRate = 0.1
t2.Talpa_occidentalis.nonSynRate = 0.1
Optimization finished in 6 loop passes.
206 likelihood evaluation calls and 186 matrix exponentiations calls were made

Row and/or column partition is empty. All the data will be used by default.
Model MG94customModel assigned to Solenodon_paradoxus
Model MG94customModel assigned to Scalopus_aquaticus
One branch tree supplied - hopefully this IS what you meant to do.
Rooted tree. Removing one branch - the left root child has been promoted to be the new root
Partition 0 reversible model flag computed as 1
Variable 't2.Scalopus_aquaticus.nonSynRate' was not initialized prior to being used
Variable 't2.Scalopus_aquaticus.synRate' was not initialized prior to being used
Auto-benchmarked an optimal number (5) of threads.
Set GUI update interval to every 8064-th LF evaluation.
Optimization settings:
	OPTIMIZATION_METHOD = 4
	OPTIMIZATION_PRECISION = 0.001
	MAXIMUM_ITERATIONS_PER_VARIABLE = 5000

Initial parameter values

t2.Scalopus_aquaticus.nonSynRate = 0.1
t2.Scalopus_aquaticus.synRate = 0.1
Optimization finished in 6 loop passes.
208 likelihood evaluation calls and 187 matrix exponentiations calls were made

Row and/or column partition is empty. All the data will be used by default.
Model MG94customModel assigned to Sorex_araneus
Model MG94customModel assigned to Erinaceus_europaeus
One branch tree supplied - hopefully this IS what you meant to do.
Rooted tree. Removing one branch - the left root child has been promoted to be the new root
Partition 0 reversible model flag computed as 1
Variable 't2.Erinaceus_europaeus.synRate' was not initialized prior to being used
Variable 't2.Erinaceus_europaeus.nonSynRate' was not initialized prior to being used
Auto-benchmarked an optimal number (3) of threads.
Set GUI update interval to every 7812-th LF evaluation.
Optimization settings:
	OPTIMIZATION_METHOD = 4
	OPTIMIZATION_PRECISION = 0.001
	MAXIMUM_ITERATIONS_PER_VARIABLE = 5000

Initial parameter values

t2.Erinaceus_europaeus.synRate = 0.1
t2.Erinaceus_europaeus.nonSynRate = 0.1
Optimization finished in 6 loop passes.
201 likelihood evaluation calls and 184 matrix exponentiations calls were made

Row and/or column partition is empty. All the data will be used by default.
Model MG94customModel assigned to Sorex_araneus
Model MG94customModel assigned to Galemys_pyrenaicus
One branch tree supplied - hopefully this IS what you meant to do.
Rooted tree. Removing one branch - the left root child has been promoted to be the new root
Partition 0 reversible model flag computed as 1
Variable 't2.Galemys_pyrenaicus.nonSynRate' was not initialized prior to being used
Variable 't2.Galemys_pyrenaicus.synRate' was not initialized prior to being used
Auto-benchmarked an optimal number (4) of threads.
Set GUI update interval to every 7812-th LF evaluation.
Optimization settings:
	OPTIMIZATION_METHOD = 4
	OPTIMIZATION_PRECISION = 0.001
	MAXIMUM_ITERATIONS_PER_VARIABLE = 5000

Initial parameter values

t2.Galemys_pyrenaicus.nonSynRate = 0.1
t2.Galemys_pyrenaicus.synRate = 0.1
Optimization finished in 6 loop passes.
265 likelihood evaluation calls and 243 matrix exponentiations calls were made

Row and/or column partition is empty. All the data will be used by default.
Model MG94customModel assigned to Sorex_araneus
Model MG94customModel assigned to Condylura_cristata
One branch tree supplied - hopefully this IS what you meant to do.
Rooted tree. Removing one branch - the left root child has been promoted to be the new root
Partition 0 reversible model flag computed as 1
Variable 't2.Condylura_cristata.nonSynRate' was not initialized prior to being used
Variable 't2.Condylura_cristata.synRate' was not initialized prior to being used
Auto-benchmarked an optimal number (5) of threads.
Set GUI update interval to every 8474-th LF evaluation.
Optimization settings:
	OPTIMIZATION_METHOD = 4
	OPTIMIZATION_PRECISION = 0.001
	MAXIMUM_ITERATIONS_PER_VARIABLE = 5000

Initial parameter values

t2.Condylura_cristata.nonSynRate = 0.1
t2.Condylura_cristata.synRate = 0.1
Optimization finished in 6 loop passes.
210 likelihood evaluation calls and 192 matrix exponentiations calls were made

Row and/or column partition is empty. All the data will be used by default.
Model MG94customModel assigned to Sorex_araneus
Model MG94customModel assigned to Talpa_occidentalis
One branch tree supplied - hopefully this IS what you meant to do.
Rooted tree. Removing one branch - the left root child has been promoted to be the new root
Partition 0 reversible model flag computed as 1
Variable 't2.Talpa_occidentalis.nonSynRate' was not initialized prior to being used
Variable 't2.Talpa_occidentalis.synRate' was not initialized prior to being used
Auto-benchmarked an optimal number (4) of threads.
Set GUI update interval to every 7692-th LF evaluation.
Optimization settings:
	OPTIMIZATION_METHOD = 4
	OPTIMIZATION_PRECISION = 0.001
	MAXIMUM_ITERATIONS_PER_VARIABLE = 5000

Initial parameter values

t2.Talpa_occidentalis.nonSynRate = 0.1
t2.Talpa_occidentalis.synRate = 0.1
Optimization finished in 6 loop passes.
176 likelihood evaluation calls and 157 matrix exponentiations calls were made

Row and/or column partition is empty. All the data will be used by default.
Model MG94customModel assigned to Sorex_araneus
Model MG94customModel assigned to Scalopus_aquaticus
One branch tree supplied - hopefully this IS what you meant to do.
Rooted tree. Removing one branch - the left root child has been promoted to be the new root
Partition 0 reversible model flag computed as 1
Variable 't2.Scalopus_aquaticus.synRate' was not initialized prior to being used
Variable 't2.Scalopus_aquaticus.nonSynRate' was not initialized prior to being used
Auto-benchmarked an optimal number (3) of threads.
Set GUI update interval to every 7575-th LF evaluation.
Optimization settings:
	OPTIMIZATION_METHOD = 4
	OPTIMIZATION_PRECISION = 0.001
	MAXIMUM_ITERATIONS_PER_VARIABLE = 5000

Initial parameter values

t2.Scalopus_aquaticus.synRate = 0.1
t2.Scalopus_aquaticus.nonSynRate = 0.1
Optimization finished in 6 loop passes.
272 likelihood evaluation calls and 252 matrix exponentiations calls were made

Row and/or column partition is empty. All the data will be used by default.
Model MG94customModel assigned to Erinaceus_europaeus
Model MG94customModel assigned to Galemys_pyrenaicus
One branch tree supplied - hopefully this IS what you meant to do.
Rooted tree. Removing one branch - the left root child has been promoted to be the new root
Partition 0 reversible model flag computed as 1
Variable 't2.Galemys_pyrenaicus.nonSynRate' was not initialized prior to being used
Variable 't2.Galemys_pyrenaicus.synRate' was not initialized prior to being used
Auto-benchmarked an optimal number (5) of threads.
Set GUI update interval to every 7936-th LF evaluation.
Optimization settings:
	OPTIMIZATION_METHOD = 4
	OPTIMIZATION_PRECISION = 0.001
	MAXIMUM_ITERATIONS_PER_VARIABLE = 5000

Initial parameter values

t2.Galemys_pyrenaicus.nonSynRate = 0.1
t2.Galemys_pyrenaicus.synRate = 0.1
Optimization finished in 6 loop passes.
160 likelihood evaluation calls and 143 matrix exponentiations calls were made

Row and/or column partition is empty. All the data will be used by default.
Model MG94customModel assigned to Erinaceus_europaeus
Model MG94customModel assigned to Condylura_cristata
One branch tree supplied - hopefully this IS what you meant to do.
Rooted tree. Removing one branch - the left root child has been promoted to be the new root
Partition 0 reversible model flag computed as 1
Variable 't2.Condylura_cristata.nonSynRate' was not initialized prior to being used
Variable 't2.Condylura_cristata.synRate' was not initialized prior to being used
Auto-benchmarked an optimal number (5) of threads.
Set GUI update interval to every 8620-th LF evaluation.
Optimization settings:
	OPTIMIZATION_METHOD = 4
	OPTIMIZATION_PRECISION = 0.001
	MAXIMUM_ITERATIONS_PER_VARIABLE = 5000

Initial parameter values

t2.Condylura_cristata.nonSynRate = 0.1
t2.Condylura_cristata.synRate = 0.1
Optimization finished in 6 loop passes.
230 likelihood evaluation calls and 210 matrix exponentiations calls were made

Row and/or column partition is empty. All the data will be used by default.
Model MG94customModel assigned to Erinaceus_europaeus
Model MG94customModel assigned to Talpa_occidentalis
One branch tree supplied - hopefully this IS what you meant to do.
Rooted tree. Removing one branch - the left root child has been promoted to be the new root
Partition 0 reversible model flag computed as 1
Variable 't2.Talpa_occidentalis.nonSynRate' was not initialized prior to being used
Variable 't2.Talpa_occidentalis.synRate' was not initialized prior to being used
Auto-benchmarked an optimal number (4) of threads.
Set GUI update interval to every 7936-th LF evaluation.
Optimization settings:
	OPTIMIZATION_METHOD = 4
	OPTIMIZATION_PRECISION = 0.001
	MAXIMUM_ITERATIONS_PER_VARIABLE = 5000

Initial parameter values

t2.Talpa_occidentalis.nonSynRate = 0.1
t2.Talpa_occidentalis.synRate = 0.1
Optimization finished in 6 loop passes.
223 likelihood evaluation calls and 204 matrix exponentiations calls were made

Row and/or column partition is empty. All the data will be used by default.
Model MG94customModel assigned to Erinaceus_europaeus
Model MG94customModel assigned to Scalopus_aquaticus
One branch tree supplied - hopefully this IS what you meant to do.
Rooted tree. Removing one branch - the left root child has been promoted to be the new root
Partition 0 reversible model flag computed as 1
Variable 't2.Scalopus_aquaticus.nonSynRate' was not initialized prior to being used
Variable 't2.Scalopus_aquaticus.synRate' was not initialized prior to being used
Auto-benchmarked an optimal number (5) of threads.
Set GUI update interval to every 8064-th LF evaluation.
Optimization settings:
	OPTIMIZATION_METHOD = 4
	OPTIMIZATION_PRECISION = 0.001
	MAXIMUM_ITERATIONS_PER_VARIABLE = 5000

Initial parameter values

t2.Scalopus_aquaticus.nonSynRate = 0.1
t2.Scalopus_aquaticus.synRate = 0.1
Optimization finished in 6 loop passes.
173 likelihood evaluation calls and 152 matrix exponentiations calls were made

Row and/or column partition is empty. All the data will be used by default.
Model MG94customModel assigned to Galemys_pyrenaicus
Model MG94customModel assigned to Condylura_cristata
One branch tree supplied - hopefully this IS what you meant to do.
Rooted tree. Removing one branch - the left root child has been promoted to be the new root
Partition 0 reversible model flag computed as 1
Variable 't2.Condylura_cristata.nonSynRate' was not initialized prior to being used
Variable 't2.Condylura_cristata.synRate' was not initialized prior to being used
Auto-benchmarked an optimal number (3) of threads.
Set GUI update interval to every 7812-th LF evaluation.
Optimization settings:
	OPTIMIZATION_METHOD = 4
	OPTIMIZATION_PRECISION = 0.001
	MAXIMUM_ITERATIONS_PER_VARIABLE = 5000

Initial parameter values

t2.Condylura_cristata.nonSynRate = 0.1
t2.Condylura_cristata.synRate = 0.1
Optimization finished in 6 loop passes.
237 likelihood evaluation calls and 218 matrix exponentiations calls were made

Row and/or column partition is empty. All the data will be used by default.
Model MG94customModel assigned to Galemys_pyrenaicus
Model MG94customModel assigned to Talpa_occidentalis
One branch tree supplied - hopefully this IS what you meant to do.
Rooted tree. Removing one branch - the left root child has been promoted to be the new root
Partition 0 reversible model flag computed as 1
Variable 't2.Talpa_occidentalis.nonSynRate' was not initialized prior to being used
Variable 't2.Talpa_occidentalis.synRate' was not initialized prior to being used
Auto-benchmarked an optimal number (5) of threads.
Set GUI update interval to every 5952-th LF evaluation.
Optimization settings:
	OPTIMIZATION_METHOD = 4
	OPTIMIZATION_PRECISION = 0.001
	MAXIMUM_ITERATIONS_PER_VARIABLE = 5000

Initial parameter values

t2.Talpa_occidentalis.nonSynRate = 0.1
t2.Talpa_occidentalis.synRate = 0.1
Optimization finished in 6 loop passes.
235 likelihood evaluation calls and 217 matrix exponentiations calls were made

Row and/or column partition is empty. All the data will be used by default.
Model MG94customModel assigned to Galemys_pyrenaicus
Model MG94customModel assigned to Scalopus_aquaticus
One branch tree supplied - hopefully this IS what you meant to do.
Rooted tree. Removing one branch - the left root child has been promoted to be the new root
Partition 0 reversible model flag computed as 1
Variable 't2.Scalopus_aquaticus.nonSynRate' was not initialized prior to being used
Variable 't2.Scalopus_aquaticus.synRate' was not initialized prior to being used
Auto-benchmarked an optimal number (2) of threads.
Set GUI update interval to every 7352-th LF evaluation.
Optimization settings:
	OPTIMIZATION_METHOD = 4
	OPTIMIZATION_PRECISION = 0.001
	MAXIMUM_ITERATIONS_PER_VARIABLE = 5000

Initial parameter values

t2.Scalopus_aquaticus.nonSynRate = 0.1
t2.Scalopus_aquaticus.synRate = 0.1
Optimization finished in 5 loop passes.
185 likelihood evaluation calls and 164 matrix exponentiations calls were made

Row and/or column partition is empty. All the data will be used by default.
Model MG94customModel assigned to Condylura_cristata
Model MG94customModel assigned to Talpa_occidentalis
One branch tree supplied - hopefully this IS what you meant to do.
Rooted tree. Removing one branch - the left root child has been promoted to be the new root
Partition 0 reversible model flag computed as 1
Variable 't2.Talpa_occidentalis.nonSynRate' was not initialized prior to being used
Variable 't2.Talpa_occidentalis.synRate' was not initialized prior to being used
Auto-benchmarked an optimal number (3) of threads.
Set GUI update interval to every 8333-th LF evaluation.
Optimization settings:
	OPTIMIZATION_METHOD = 4
	OPTIMIZATION_PRECISION = 0.001
	MAXIMUM_ITERATIONS_PER_VARIABLE = 5000

Initial parameter values

t2.Talpa_occidentalis.nonSynRate = 0.1
t2.Talpa_occidentalis.synRate = 0.1
Optimization finished in 6 loop passes.
168 likelihood evaluation calls and 152 matrix exponentiations calls were made

Row and/or column partition is empty. All the data will be used by default.
Model MG94customModel assigned to Condylura_cristata
Model MG94customModel assigned to Scalopus_aquaticus
One branch tree supplied - hopefully this IS what you meant to do.
Rooted tree. Removing one branch - the left root child has been promoted to be the new root
Partition 0 reversible model flag computed as 1
Variable 't2.Scalopus_aquaticus.nonSynRate' was not initialized prior to being used
Variable 't2.Scalopus_aquaticus.synRate' was not initialized prior to being used
Auto-benchmarked an optimal number (4) of threads.
Set GUI update interval to every 7812-th LF evaluation.
Optimization settings:
	OPTIMIZATION_METHOD = 4
	OPTIMIZATION_PRECISION = 0.001
	MAXIMUM_ITERATIONS_PER_VARIABLE = 5000

Initial parameter values

t2.Scalopus_aquaticus.nonSynRate = 0.1
t2.Scalopus_aquaticus.synRate = 0.1
Optimization finished in 6 loop passes.
219 likelihood evaluation calls and 202 matrix exponentiations calls were made

Row and/or column partition is empty. All the data will be used by default.
Model MG94customModel assigned to Talpa_occidentalis
Model MG94customModel assigned to Scalopus_aquaticus
One branch tree supplied - hopefully this IS what you meant to do.
Rooted tree. Removing one branch - the left root child has been promoted to be the new root
Partition 0 reversible model flag computed as 1
Auto-benchmarked an optimal number (4) of threads.
Set GUI update interval to every 739-th LF evaluation.
Optimization settings:
	OPTIMIZATION_METHOD = 4
	OPTIMIZATION_PRECISION = 0.001
	MAXIMUM_ITERATIONS_PER_VARIABLE = 5000

Initial parameter values

t2.Scalopus_aquaticus.nonSynRate = 0.1
t2.Scalopus_aquaticus.synRate = 0.1
Optimization finished in 6 loop passes.
266 likelihood evaluation calls and 246 matrix exponentiations calls were made
