462
1023
1024
1025
1026
1034
1035
1036
1046
1047
1049
1053
1054
1055
1056
1058
1061
1062
1063
1064
1065
1066
1067
1069
1070
1071
1072
1073
1083
1084
1085
1086
1087
1088
1107
1108
1111
1112
1117
1118
1119
1121
1122
1123
1124
1125
1126
1127
1128
1129
1130
1131
1133
1134
1135
1146
1147
1148
1149
1151
1152
1153
1154
1155
1158
1159
1160
1161
1162
1163
1164
1166
1167
1168
1176
1177
1178
1179
1180
1181
1182
1183
1184
1185
1186
1249
1250
1251
1253
1257
1258
1259
1260
1261
1262
1263
1264
1265
1266
1268
1273
1274
1275
1280
1282
1283
1284
1285
1286
1287
1288
1295
1299
1300
1304
1305
1306
1307
1308
1309
1310
1311
1312
1313
1314
1318
1319
1320
1321
1322
1323
1327
1334
1335
1337
1338
1339
1348
1349
1354
1356
1379
1380
1382
1384
1385
1386
1387
1388
1389
1392
1393
1395
1396
1397
1398
1399
1400
1410
1411
1412
1413
1414
1415
1416
1417
1418
1422
1424
1425
1426
1427
1428
1429
1430
1431
1432
1433
1434
1435
1436
1437
1438
1439
1440
1442
1443
1444
1445
1446
1447
1448
1449
1450
1451
1452
1453
1454
1455
1456
1468
1469
1470
1477
1478
1479
1480
1481
1483
1484
1485
1486
1487
1488
1489
1491
1495
1497
1498
1499
1502
1503
1504
1507
1510
1511
1514
1515
1516
1517
1527
1532
1533
1534
1535
1536
1537
1542
1543
1546
1548
1549
1550
1551
1552
1554
1555
1557
1558
1559
1560
1561
1562
1563
1564
1568
1569
1570
1571
1572
1573
1574
1576
1577
1578
1579
1580
1581
1582
1583
1584
1585
1586
1595
1597
1598
1599
1600
1601
1602
1603
1604
1606
1607
1608
1609
1612
1613
1614
1615
1616
1617
1618
1619
1620
1621
1622
1623
1624
1625
1626
1630
1631
1633
1635
1636
1637
1638
1639
1640
1641
1642
1643
1645
1646
1649
1650
1651
1652
1653
1654
1655
1656
1657
1658
1659
1660
1661
1662
1663
1664
1665
1666
1667
1668
1669
1670
1671
1672
1673
1674
1675
1676
1677
1678
1679
1680
1681
1682
1683
1684
1685
1686
1687
1688
1689
1690
1691
1692
1693
1694
1695
1696
1697
1698
1699
1700
1701
1702
1703
1704
1705
1706
1707
1708
1709
1710
1711
1712
1713
1714
1715
1716
1717
1718
1719
1720
1721
1722
1723
1724
1725
1726
1727
1728
1729
1730
1731
1732
1733
1734
1735
1736
1737
1738
1739
1740
1741
1742
1743
1744
1745
1746
1747
1748
1749
1755
1756
1757
1758
1760
1761
1764
1765
1766
1767
1768
1769
1770
1771
1772
1773
1774
1775
1776
1777
1778
1779
1780
1781
1782
1784
1785
1789
1790
1791
1792
1793
1794
1795
1796
1800
1802
1803
1804
1805
1806
1807
1808
1809
1810
1811
1813
1815
1816
1817
1818
1819
1820
1821
1822
1823
1824
1825
1826
1827
1828
1829
1830
1835
1836
1837
1838
1845
1846
1847
1848
1849
1850
1851
1852
1853
1854
1855
1856
1857
1858
1859
1860
1861
1864
1866
1867
1868
1873
1874
1875
1877
1878
1879
1881
1882
1883
1886
1887
1888
1890
1891
1893
1894
1903
1904
1905
1906
1907
1913
1915
1917
1919
1920
1921
1922
1923
1924
1925
1926
1927
1929
1930
1931
1934
1935
1936
1942
1943
1944
1945
1946
1947
1949
1950
1951
1953
1956
1957
1958
1987
1988
1989
1990
1995
1996
1997
1998
1999
2002
2006
2007
2009
2010
2011
2012
2014
2015
2016
2024
2029
2030
2031
2032
2033
2034
2035
2036
2038
2039
2040
2041
2042
2050
2051
2052
2059
2060
2066
2067
2068
2069
2070
2071
2072
2073
2074
2076
2077
2078
2079
2080
2081
2082
2083
2084
2085
2086
2087
2088
2089
2091
2096
2097
2104
2105
2107
2108
2110
2111
2115
2117
2118
2119
2127
2131
2132
2133
2134
2135
2136
2137
2138
2139
2140
2141
2142
2143
2144
2145
2146
2147
2148
2149
2150
2157
2158
2159
2160
2162
2163
2164
2165
2166
2167
2168
2169
2171
2172
2173
2174
2175
2176
2177
2178
2179
2180
2181
2182
2183
2184
2185
2186
2187
2188
2190
2191
2192
2193
2194
2195
2196
2197
2198
2199
2200
2201
2202
2203
2204
2205
2206
2207
2208
2209
2210
2211
2212
2213
2214
2215
2216
2217
2218
2219
2220
2221
2222
2223
2224
2225
2226
2227
2228
2229
2230
2231
2232
2233
2234
2235
2236
2237
2238
2239
2240
2241
2242
2243
2244
2245
2246
2247
2248
2249
2250
2251
2252
2253
2254
2255
2256
2257
2258
2259
2260
2261
2262
2263
2264
2265
2266
2267
2268
2269
2270
2271
2272
2273
2274
2275
2276
2277
2278
2279
2280
2281
2282
2283
2284
2285
2286
2287
2288
2289
2290
2291
2292
2293
2294
2295
2296
2297
2298
2299
2300
2301
2302
2303
2304
2305
2306
2307
2308
2309
2310
2311
2312
2313
2314
2315
2316
2317
2318
2319
2320
2321
2322
2323
2324
2325
2326
2327
2328
2329
2330
2331
2332
2333
2334
2335
2336
2337
2338
2339
2340
2341
2342
2343
2344
2345
2346
2347
2348
2349
2350
2351
2352
2353
2354
2355
2356
2357
2358
2359
2360
2361
2362
2363
2364
2365
2366
2378
2384
2385
2386
2387
2389
2395
2397
2398
2399
2400
2401
2402
2403
2404
2405
2406
2407
2408
2409
2410
2411
2412
2413
2414
2415
2416
2417
2428
2429
2430
2431
2433
2439
2440
2441
2442
2443
2444
2445
2446
2447
2448
2449
2450
2451
2452
2453
2454
2455
2456
2457
2458
2459
2460
2461
2462
2463
2464
2465
2466
2467
2468
2469
2470
2471
2472
2473
2474
2475
2476
2477
2478
2479
2480
2481
2482
2483
2484
2485
2486
2488
2489
2490
2491
2492
2493
2494
2495
2496
2497
2498
2499
