A0A528JC50
A0A011TRX9
A0A011URD0
A0A011V689
A0A013VA20
A0A017HAV5
A0A017HDI1
A0A021XBA5
A0A023XBH3
A0A023XFA9
A0A024LR15
A0A031HZ17
A0A031JPH4
A0A031K7H6
A0A037ZLD1
A0A058ZM96
A0A059DQH8
A0A059E1F4
A0A059EEX3
A0A059FGD4
A0A059FS92
A0A059FXM5
A0A059G409
A0A060DLK1
A0A060DQN0
A0A060HY05
A0A060HZZ6
A0A060Q4N6
A0A061QFR9
A0A061SQY7
A0A062U4E1
A0A062UIB3
A0A062VDR3
A0A066PTW6
A0A067WDH7
A0A068D2R7
A0A068SPM3
A0A068T718
A0A069E7P7
A0A069IR67
A0A070A941
A0A072RDT0
A0A073IHW1
A0A073JCH4
A0A074J4K3
A0A074JCB4
A0A074JIW1
A0A074JQM3
A0A074MCC3
A0A074MYL8
A0A074N334
A0A074THZ8
A0A075MI92
A0A077AUZ7
A0A077FMY2
A0A081B7N0
A0A081CRW3
A0A081RJ44
A0A083ZC01
A0A084UC19
A0A085FC92
A0A085FER1
A0A085JZY7
A0A085K0E3
A0A085TSX3
A0A085TVC1
A0A086MHX0
A0A086PDX7
A0A086XUC2
A0A086XZN7
A0A086YAT3
A0A087M4A9
A0A087N697
A0A087NA08
A0A089QGN8
A0A090DS30
A0A090E0L8
A0A090E5E5
A0A090E5G3
A0A090EE48
A0A090EYJ5
A0A090FB11
A0A090FHE6
A0A090MKZ4
A0A090MVE6
A0A094YPQ0
A0A095B3Y4
A0A095BKM6
A0A095V043
A0A097EGB7
A0A098AQK9
A0A098EH19
A0A098RKR7
A0A098RRK6
A0A098TH46
A0A099EYX0
A0A099F6V5
A0A099FE60
A0A099FQM2
A0A099T8H0
A0A0A0D7M3
A0A0A0EGT6
A0A0A0HQJ9
A0A0A1PD80
A0A0A1WDA3
A0A0A1XZL8
A0A0A3YRB2
A0A0A6D039
A0A0A7PK90
A0A0A8K3G4
A0A0A8WJG3
A0A0B1Q779
A0A0B1ZRE4
A0A0B2C1I2
A0A0B3RYY0
A0A0B4BVE5
A0A0B4CDU2
A0A0B4CSA7
A0A0B4EGJ9
A0A0B4X3P4
A0A0B4XX73
A0A0B5DVM4
A0A0B5DXX1
A0A0B5E318
A0A0B5E4X5
A0A0B8ZAH9
A0A0C1GFI7
A0A0C1GH86
A0A0C1GVH9
A0A0C1GZV6
A0A0C1QYN6
A0A0C2YXY2
A0A0C5XNU8
A0A0C6FMF7
A0A0C9NE65
A0A0C9NEP2
A0A0C9NHT4
A0A0D0L2G8
A0A0D0Q8Q1
A0A0D1D2A6
A0A0D1M6F8
A0A0D5LS57
A0A0D6B138
A0A0D6JBS8
A0A0D6MUE1
A0A0D6N6A3
A0A0D6P5D3
A0A0D6PC55
A0A0D6Q2E0
A0A0D6Q5A2
A0A0D6T974
A0A0D6TA35
A0A0D7ET73
A0A0D7NBN9
A0A0D7PTZ4
A0A0D7QFG7
A0A0D8CIA3
A0A0D8KA46
A0A0E0UCM2
A0A0E1X1D5
A0A0E2N6Q0
A0A0E2NAH7
A0A0E2NQ09
A0A0E2NUT5
A0A0E4BW70
A0A0E4FY41
A0A0E9MNV1
A0A0F2KZL8
A0A0F2PDI3
A0A0F2QKP7
A0A0F2RBN5
A0A0F2S4P4
A0A0F3IWJ4
A0A0F3L601
A0A0F3MAK9
A0A0F3MLF7
A0A0F3N9J4
A0A0F3NC48
A0A0F3NH58
A0A0F3NNL4
A0A0F3NQP3
A0A0F3P2A2
A0A0F3Q049
A0A0F3Q8L8
A0A0F3RNH3
A0A0F4RQP3
A0A0F4VJW3
A0A0F5FKH7
A0A0F5FVD9
A0A0F5LFB8
A0A0F5LKF6
A0A0F5P866
A0A0F5PB49
A0A0F5PW91
A0A0F5QHT8
A0A0F6AQ43
A0A0F7JSN3
A0A0F7KS28
A0A0F7KTG5
A0A0F7PI63
A0A0G3I9M9
A0A0G3X5J7
A0A0G3XHG0
A0A0G9MR10
A0A0G9MWY5
A0A0H0XKJ7
A0A0H1RB85
A0A0H2MGM2
A0A0H3AQ34
A0A0H3C847
A0A0H3G6S1
A0A0H3LVX6
A0A0H3M960
A0A0H4VBM2
A0A0H5BHL1
A0A0H5DJF8
A0A0J5QBU6
A0A0J6RY55
A0A0J6S145
A0A0J6SPK0
A0A0J7XV67
A0A0J7XWL5
A0A0J8B1Y7
A0A0J9EAR2
A0A0K0Y8A0
A0A0K2VX72
A0A0K6H355
A0A0K6I8R0
A0A0K6IDD5
A0A0K8MDM8
A0A0L0J4P2
A0A0L1JRU6
A0A0L1JTM9
A0A0L1KFB6
A0A0L6CVA5
A0A0L6J1I0
A0A0L6J3E7
A0A0L8BDC5
A0A0L8C6G2
A0A0M0EDF2
A0A0M2LU68
A0A0M2RC74
A0A0M3ARR4
A0A0M3B0T9
A0A0M3GSS3
A0A0M3TA15
A0A0M4D8J6
A0A0M6XRB9
A0A0M6XYL6
A0A0M6YCW0
A0A0M6YFF4
A0A0M6ZQZ5
A0A0M7B1G2
A0A0M7BB20
A0A0M8JHF9
A0A0N0D8Q9
A0A0N0E6L4
A0A0N0JFV2
A0A0N0JXM1
A0A0N0K1B7
A0A0N0K9A6
A0A0N0KF91
A0A0N1A8K8
A0A0N1BNA9
A0A0N1CDS8
A0A0N1F3C4
A0A0N1F7Q2
A0A0N1L2N2
A0A0N1L9G4
A0A0N1LGU9
A0A0N1LIB1
A0A0N1ME56
A0A0N1MT01
A0A0N7JHK1
A0A0N8GFX0
A0A0N8P2X9
A0A0N8VFV9
A0A0N9UY14
A0A0P0A7N6
A0A0P0D2P4
A0A0P0DEQ2
A0A0P0DX65
A0A0P0YZE8
A0A0P0Z673
A0A0P0Z7M8
A0A0P0Z9I0
A0A0P1EKR1
A0A0P1EUF1
A0A0P1FCL4
A0A0P1FIM4
A0A0P1FPP6
A0A0P1G6U3
A0A0P1GAV8
A0A0P1GMI8
A0A0P1H8T7
A0A0P1HAU5
A0A0P1HDT2
A0A0P1HS98
A0A0P1IGM0
A0A0P1IHP8
A0A0P1ISR4
A0A0P6RXJ7
A0A0P6XF37
A0A0P7IKK4
A0A0P7VLR3
A0A0P7W7J3
A0A0P7WGS0
A0A0P7WK64
A0A0P7XHD8
A0A0P7XRF4
A0A0P7Z3N1
A0A0P8BQX0
A0A0P9A789
A0A0Q2UCR2
A0A0Q3I741
A0A0Q4C1L1
A0A0Q4CCV0
A0A0Q4CWP5
A0A0Q4EDZ9
A0A0Q4FAC1
A0A0Q4FFW4
A0A0Q4G6Q8
A0A0Q4I425
A0A0Q4IH43
A0A0Q4ITL8
A0A0Q4IZ85
A0A0Q4J8T6
A0A0Q4JGB9
A0A0Q4JXZ9
A0A0Q4KD23
A0A0Q4KM44
A0A0Q4KNX4
A0A0Q4KZN7
A0A0Q4LBB1
A0A0Q4PBX9
A0A0Q4PTE7
A0A0Q4QTE2
A0A0Q4U6L6
A0A0Q4U7Z9
A0A0Q4UWY0
A0A0Q4W8U9
A0A0Q4WEV4
A0A0Q4XGK2
A0A0Q4XTJ3
A0A0Q4ZFL8
A0A0Q5DCG8
A0A0Q5DLQ0
A0A0Q5EMV3
A0A0Q5HPS0
A0A0Q5M9Y9
A0A0Q5Q271
A0A0Q5QWT7
A0A0Q5V190
A0A0Q5V4T6
A0A0Q5VPP2
A0A0Q5WM41
A0A0Q5ZDI7
A0A0Q6ANV8
A0A0Q6ASP7
A0A0Q6CII6
A0A0Q6CIW7
A0A0Q6E4A2
A0A0Q6EVU5
A0A0Q6FNK5
A0A0Q6KE11
A0A0Q6KIM7
A0A0Q6LJL0
A0A0Q6NG40
A0A0Q6P656
A0A0Q6RF55
A0A0Q6S0H0
A0A0Q6SB02
A0A0Q6TVH4
A0A0Q6V0M1
A0A0Q6W758
A0A0Q6ZI65
A0A0Q6ZYD9
A0A0Q7D2U0
A0A0Q7DUE0
A0A0Q7EJK1
A0A0Q7FCN2
A0A0Q7IFX0
A0A0Q7P151
A0A0Q7QXM9
A0A0Q7RZ27
A0A0Q7T6L8
A0A0Q7TLR4
A0A0Q7VAM7
A0A0Q7VNN4
A0A0Q7WFS1
A0A0Q7Y996
A0A0Q7YJ92
A0A0Q8BIU5
A0A0Q8FNK0
A0A0Q8IJ56
A0A0Q8L7Y4
A0A0Q8ME83
A0A0Q8NKA4
A0A0Q8Q2U2
A0A0Q8QX29
A0A0Q8RZ04
A0A0Q8USL5
A0A0Q8XDT8
A0A0Q9I626
A0A0Q9IER9
A0A0R2RQH8
A0A0R2TIT6
A0A0R2TUR1
A0A0R2UZX9
A0A0R3C3Y7
A0A0R3CLI2
A0A0R3CZR2
A0A0R3KG35
A0A0R3LNW9
A0A0R3MD30
A0A0R3MSK0
A0A0R4J9H5
A0A0S2EPH6
A0A0S3EYN3
A0A0S3PWV8
A0A0S6UTK1
A0A0S6X7N6
A0A0S9CHK5
A0A0S9NMN1
A0A0S9PWC0
A0A0S9R0U9
A0A0S9S6L2
A0A0T0PTZ0
A0A0T1WVP0
A0A0T2N2U9
A0A0T2QG71
A0A0T5NU27
A0A0T5P7B1
A0A0T6Y4T9
A0A0T6ZYT1
A0A0T7G2Z5
A0A0T7GVV8
A0A0U1D7Z1
A0A0U1NLE0
A0A0U5BLR3
A0A0U5I6A8
A0A0V0PWZ8
A0A0V0Q6Z1
A0A0V7Z7R8
A0A0W1CUH6
A0A0W1DUK7
A0A0W1ENH4
A0A0W1F0Y6
A0A0W1G816
A0A0W1IC35
A0A0W1QIV2
A0A0W7WKG5
A0A0X3TKE9
A0A0X3TRN9
A0A0X6ZTE7
A0A0X6ZW20
A0A0X8CL71
A0A0X8CNP7
A0A101JZP9
A0A101VGU4
A0A101VP77
A0A102DH28
A0A109BB48
A0A109JDT9
A0A109JSJ5
A0A109LRW2
A0A109LXN9
A0A117UVX5
A0A124IHR2
A0A124JZE4
A0A126NTA2
A0A126R9N6
A0A126RKW4
A0A126RQ75
A0A126RSV2
A0A126V123
A0A127CJ54
A0A127EU12
A0A127MDH4
A0A132BQC6
A0A135HX00
A0A135IF90
A0A135P3Y2
A0A142MAH1
A0A142W0K3
A0A143DF05
A0A143ZF83
A0A147EKK5
A0A147HZ82
A0A147ILD3
A0A147IYF3
A0A147JCB7
A0A149Q943
A0A149RL95
A0A149TSJ7
A0A149U5E7
A0A149UN97
A0A149URU5
A0A149V3N4
A0A149VAL7
A0A150U4Z7
A0A150Z925
A0A150ZZ78
A0A151FJU1
A0A154IEX3
A0A154KUB2
A0A154L5L5
A0A154V9T6
A0A154VXA1
A0A154W1N1
A0A158S6V5
A0A159Z0E1
A0A160PI40
A0A160UIR0
A0A160UXU3
A0A161LXF0
A0A161QZ42
A0A161XSX9
A0A162JF88
A0A162LIG1
A0A165RNQ7
A0A165U7S0
A0A165XD66
A0A166ERA4
A0A166QZM4
A0A167GEG5
A0A168HLJ4
A0A168NGD5
A0A168Y4C1
A0A172Y5A7
A0A173KZZ2
A0A175R877
A0A175RJA8
A0A175Y623
A0A176EDZ2
A0A176EX59
A0A176Q805
A0A176XCE9
A0A176YGC7
A0A176ZGJ4
A0A177GBK3
A0A177HE39
A0A177P4T5
A0A178GS14
A0A178GYP9
A0A178HSE6
A0A178HU18
A0A178MJA7
A0A178N054
A0A178XH20
A0A178XTQ7
A0A178YEU0
A0A179B9Y0
A0A179SK06
A0A181CBS4
A0A181ZIR3
A0A192D5D3
A0A192IQV8
A0A192LVT9
A0A192T7Z8
A0A196MS33
A0A196N7S4
A0A196P255
A0A196Q1C0
A0A197BSG3
A0A198YKD6
A0A199YGD9
A0A1A0DQ11
A0A1A5IDM1
A0A1A5PZ32
A0A1A5Q2W5
A0A1A5RML0
A0A1A6FSB0
A0A1A7BJK0
A0A1A7QJ84
A0A1A9G0T5
A0A1B0ZMY4
A0A1B1A858
A0A1B1AD20
A0A1B1C6I3
A0A1B1PMJ1
A0A1B1UHR4
A0A1B2AG84
A0A1B2EAI4
A0A1B3MVL1
A0A1B3N5K4
A0A1B3NED7
A0A1B3NT01
A0A1B3Z5N4
A0A1B6YMM8
A0A1B6YP15
A0A1B6Z6F2
A0A1B8RHV7
A0A1B8S243
A0A1B9S2G4
A0A1B9SEW7
A0A1B9U3T9
A0A1B9U525
A0A1B9V706
A0A1B9VJJ5
A0A1B9YWY6
A0A1C0SC88
A0A1C0T2M3
A0A1C1YZL3
A0A1C2AYL1
A0A1C2AZM3
A0A1C2DSI8
A0A1C2HLV3
A0A1C3RCJ3
A0A1C3UMT0
A0A1C3UMV2
A0A1C3V275
A0A1C3VF18
A0A1C3W0S1
A0A1C3WPD9
A0A1C3XX72
A0A1C7DA20
A0A1C7NYP7
A0A1D2TVE2
A0A1D2TYA7
A0A1D7NL60
A0A1D7U423
A0A1D8QW90
A0A1D9MAP4
A0A1E1F7Z8
A0A1E1F856
A0A1E1V8H1
A0A1E2S210
A0A1E3EKP4
A0A1E3H1C9
A0A1E3LV46
A0A1E3VEH7
A0A1E3VMX5
A0A1E3VPH0
A0A1E3W524
A0A1E3YH97
A0A1E4B0Z9
A0A1E4CUC3
A0A1E4DMQ1
A0A1E4DY47
A0A1E4ETC9
A0A1E4FME5
A0A1E4FNT0
A0A1E4G6P8
A0A1E4GCF4
A0A1E4GWT2
A0A1E4JBA9
A0A1E4JQJ6
A0A1E4LE99
A0A1E4MA21
A0A1E4MAT6
A0A1E4YD05
A0A1E5AGR6
A0A1E5QAV3
A0A1E5XN34
A0A1E7QJQ1
A0A1F2XG18
A0A1F2Z0T4
A0A1F2Z8B7
A0A1F2ZKL0
A0A1F2ZVQ9
A0A1F2ZYI3
A0A1F3B235
A0A1F8HUE8
A0A1F8HY70
A0A1F8I4T9
A0A1F8I6K4
A0A1F8IL31
A0A1F8ILK9
A0A1F9ZBL5
A0A1G2W2T1
A0A1G3FZA2
A0A1G3GBX5
A0A1G3I9N2
A0A1G3ICA7
A0A1G3IT91
A0A1G3JB73
A0A1G3JJE2
A0A1G3JLI7
A0A1G3KH48
A0A1G3KXG8
A0A1G4LUP1
A0A1G4PK70
A0A1G4QSY8
A0A1G4RVY3
A0A1G4T5U9
A0A1G5D3H1
A0A1G5IX73
A0A1G5P7E6
A0A1G5R0P9
A0A1G5UBK0
A0A1G5UG96
A0A1G5UP14
A0A1G5X745
A0A1G6B302
A0A1G6LGE2
A0A1G6LSW7
A0A1G6RGK9
A0A1G6VL48
A0A1G6WCH6
A0A1G6X0X9
A0A1G7BRP6
A0A1G7D510
A0A1G7G610
A0A1G7HEV1
A0A1G7L228
A0A1G7NUI7
A0A1G7UAK8
A0A1G7V9V3
A0A1G7WCC5
A0A1G7Y6Q9
A0A1G8EW00
A0A1G8JH46
A0A1G8L7H1
A0A1G8RSN9
A0A1G8S1J7
A0A1G8SPG0
A0A1G8Y971
A0A1G9C8V1
A0A1G9HAM8
A0A1G9P7V0
A0A1G9PU87
A0A1G9R944
A0A1H0AN82
A0A1H0D2J7
A0A1H0H269
A0A1H0JLM2
A0A1H0NJ56
A0A1H0NJP7
A0A1H0NL29
A0A1H0NRZ0
A0A1H0T485
A0A1H0TWJ5
A0A1H0Z0T8
A0A1H1FCV0
A0A1H1J9Y7
A0A1H1KP02
A0A1H1LQL2
A0A1H1QRX6
A0A1H2G8E2
A0A1H2XSQ1
A0A1H2YEY5
A0A1H2YZ88
A0A1H3AB18
A0A1H3C1I4
A0A1H3CE99
A0A1H3HZL7
A0A1H3K093
A0A1H3KAS7
A0A1H3WRZ1
A0A1H4JDG6
A0A1H4N4C6
A0A1H4NLL9
A0A1H4PF61
A0A1H5E5W6
A0A1H5K3E9
A0A1H5U361
A0A1H6A6N0
A0A1H6CYQ1
A0A1H6GC59
A0A1H6GNV2
A0A1H6HN94
A0A1H6MIZ9
A0A1H6NBZ2
A0A1H6TK12
A0A1H6YGD4
A0A1H7CMW1
A0A1H7H932
A0A1H7HGW6
A0A1H7LLJ6
A0A1H7VWC3
A0A1H7WUN8
A0A1H8ASQ9
A0A1H8BF89
A0A1H8E6E4
A0A1H8K0J3
A0A1H8KT46
A0A1H8LPW3
A0A1H8MD33
A0A1H8N0E3
A0A1H8NC45
A0A1H8UVR3
A0A1H8W368
A0A1H8XAP9
A0A1H9CIX6
A0A1H9D7J0
A0A1H9GGX3
A0A1H9H6H7
A0A1H9L7V9
A0A1H9TS59
A0A1H9UB86
A0A1I0D869
A0A1I0QHQ5
A0A1I0QSJ5
A0A1I0WIT3
A0A1I1BJH6
A0A1I1HGV4
A0A1I1NI77
A0A1I1NM10
A0A1I1RTY9
A0A1I1T053
A0A1I1TF67
A0A1I2E782
A0A1I2QMV7
A0A1I2RJY1
A0A1I2XBE6
A0A1I2ZAX8
A0A1I3CR86
A0A1I3D8K4
A0A1I3EVW9
A0A1I3IU27
A0A1I3N2C1
A0A1I3NBE8
A0A1I3PV54
A0A1I3R644
A0A1I3RDL6
A0A1I3TG89
A0A1I3VDK3
A0A1I3WJZ8
A0A1I3YB19
A0A1I3YV13
A0A1I4AX45
A0A1I4DC98
A0A1I4F0H9
A0A1I4GW74
A0A1I4HQH0
A0A1I4QBQ7
A0A1I4RYK1
A0A1I4S2Z6
A0A1I4TXW2
A0A1I4WKI2
A0A1I4Z802
A0A1I5E8I4
A0A1I5G4A3
A0A1I5J952
A0A1I5JWL0
A0A1I5KZ38
A0A1I5NY77
A0A1I5TUD4
A0A1I5UD46
A0A1I5XVI5
A0A1I6EF61
A0A1I6G7H7
A0A1I6GR55
A0A1I6JLS2
A0A1I6LE41
A0A1I6Q410
A0A1I6QRG8
A0A1I6U657
A0A1I6VSQ4
A0A1I6XI08
A0A1I7AFI5
A0A1I7DSI0
A0A1I7KUW4
A0A1I7LV16
A0A1I7LZP4
A0A1I7NEH6
A0A1I7NVT2
A0A1J0WJV5
A0A1J4RGG6
A0A1J5HHJ9
A0A1J5JKV2
A0A1J5LGE4
A0A1J6HN59
A0A1K2HV63
A0A1L3I751
A0A1L3JBK5
A0A1L3L2X2
A0A1L3LLP4
A0A1L3LYB2
A0A1L3RAK1
A0A1L3RI22
A0A1L3SQW5
A0A1L3Z8G2
A0A1L3ZTK3
A0A1L3ZUS4
A0A1L5BKA5
A0A1L5NHV4
A0A1L5P3D5
A0A1L5PCB9
A0A1L6J7S5
A0A1L6JHC3
A0A1L6JHE2
A0A1L6JHM0
A0A1L7AEA6
A0A1L7AND7
A0A1L9BSM7
A0A1L9CG22
A0A1L9D0M9
A0A1L9NR86
A0A1L9QDF1
A0A1M2Z668
A0A1M2ZH14
A0A1M3CDI4
A0A1M3CFH7
A0A1M3D9M5
A0A1M3DXZ0
A0A1M3H024
A0A1M3HDU0
A0A1M3IL37
A0A1M3IX66
A0A1M3KSX1
A0A1M3LS45
A0A1M3MIE9
A0A1M3NPH6
A0A1M3PAQ8
A0A1M3PFC1
A0A1M3Q8B1
A0A1M4L9X1
A0A1M4MWC8
A0A1M5BBK9
A0A1M5CIE1
A0A1M5CWW9
A0A1M5KJZ7
A0A1M5N760
A0A1M5PMA0
A0A1M5PT72
A0A1M5QCC4
A0A1M5R6U9
A0A1M6F540
A0A1M6HRM6
A0A1M6HXG8
A0A1M6IDB1
A0A1M6JQX8
A0A1M6KHU4
A0A1M6ZS65
A0A1M6ZSP5
A0A1M6ZYF9
A0A1M7CR95
A0A1M7D127
A0A1M7EB98
A0A1M7F9G4
A0A1M7I7I2
A0A1M7PCU1
A0A1M7SPK9
A0A1M7SQV1
A0A1M7TBW7
A0A1M7UVN5
A0A1M7ZA00
A0A1N6DXZ2
A0A1N6GJ19
A0A1N6JNR0
A0A1N6PEE3
A0A1N6QZ98
A0A1N6U8Q0
A0A1N6VN24
A0A1N7AH11
A0A1N7AZ58
A0A1N7FM80
A0A1N7IMM0
A0A1N7JXP1
A0A1N7KIU6
A0A1N7NG49
A0A1N7P9S4
A0A1P8MQJ7
A0A1P8PPQ8
A0A1P8QSH6
A0A1P8UNR7
A0A1P8UWU8
A0A1P8V0I3
A0A1P8WUM1
A0A1Q2YQD5
A0A1Q2YVP7
A0A1Q3JYB1
A0A1Q3K5F0
A0A1Q3LVV3
A0A1Q3P901
A0A1Q3UT74
A0A1Q3V1T0
A0A1Q3W1V2
A0A1Q3Z0U1
A0A1Q4ALQ3
A0A1Q4BMR3
A0A1Q4BWZ6
A0A1Q4CXW6
A0A1Q4DQ33
A0A1Q4E2Y0
A0A1Q4UVP1
A0A1Q5RCG9
A0A1Q5RZJ5
A0A1Q5SLW0
A0A1Q7BX15
A0A1Q8FVV2
A0A1Q8ZSH5
A0A1Q9A5E5
A0A1Q9AN71
A0A1Q9AWW8
A0A1R0F729
A0A1R1IME2
A0A1R1QT17
A0A1R1YWN5
A0A1R3TC59
A0A1R3THN2
A0A1R3V3H7
A0A1R3WQ22
A0A1R3X1A3
A0A1R4GDF8
A0A1S1H869
A0A1S1HGX9
A0A1S1P4B8
A0A1S1PU85
A0A1S1T9H1
A0A1S1TJH9
A0A1S1TMU5
A0A1S2DQ94
A0A1S6EVA2
A0A1S6FQM4
A0A1S6WU58
A0A1S6XHF7
A0A1S7MP72
A0A1S7NLF5
A0A1S7NZ06
A0A1S7P0F5
A0A1S7P6T2
A0A1S7QU53
A0A1S7SVD0
A0A1S7TJY7
A0A1S7U582
A0A1S8D129
A0A1S8D755
A0A1S9G844
A0A1S9GTX3
A0A1T1ZZD1
A0A1T2A5R9
A0A1T2B1P0
A0A1T2BAM0
A0A1T3BM12
A0A1T4L614
A0A1T4L6U3
A0A1T4S9Y3
A0A1T4ZS13
A0A1T5FMP1
A0A1U6GV07
A0A1U7D783
A0A1U7DBG7
A0A1U7DGT3
A0A1U7JDX6
A0A1U9JV71
A0A1U9KGE9
A0A1U9LGX4
A0A1U9MB44
A0A1U9MHZ8
A0A1U9RJY6
A0A1U9Z437
A0A1V0GN71
A0A1V0GNP2
A0A1V0GX71
A0A1V0HYH0
A0A1V0PRS9
A0A1V0RLB0
A0A1V1PRS9
A0A1V1ULR7
A0A1V1UVD3
A0A1V2EW05
A0A1V2H5B4
A0A1V2N3U4
A0A1V3QBW1
A0A1V4HZA2
A0A1V8RJB8
A0A1V8RQK7
A0A1W1Y2T7
A0A1W1Z831
A0A1W1ZHQ5
A0A1W2B1M7
A0A1W2E9U8
A0A1W2EBY9
A0A1W6BDJ1
A0A1W6BIG2
A0A1W6CHI7
A0A1W6CZG1
A0A1W6GHD4
A0A1W6KLS2
A0A1W6MSV9
A0A1W6N415
A0A1W6NYC1
A0A1W6PQ95
A0A1W6PSE6
A0A1W6RPJ8
A0A1W7A0Q7
A0A1W7ME55
A0A1W9H9U8
A0A1W9HBS4
A0A1W9I1A2
A0A1W9I3B2
A0A1W9IRM7
A0A1W9JPQ7
A0A1W9JR11
A0A1W9KE02
A0A1W9XLD6
A0A1X0SXM4
A0A1X3G334
A0A1X4IVR8
A0A1X4MUV2
A0A1X4N666
A0A1X4NHD3
A0A1X6YGC8
A0A1X6YGT6
A0A1X6YHT7
A0A1X6YUX9
A0A1X6Z381
A0A1X6Z3H7
A0A1X6ZDN8
A0A1X6ZEK8
A0A1X6ZHT3
A0A1X6ZWE6
A0A1X7A0H1
A0A1X7BL54
A0A1X7E262
A0A1X7GCA1
A0A1X7GFI6
A0A1X7GVH5
A0A1X7GXJ3
A0A1X7L1G6
A0A1X7LLV4
A0A1X7LP56
A0A1X7N5I8
A0A1X7P0P3
A0A1X7Q441
A0A1X9YKP7
A0A1Y0EDP4
A0A1Y0V5G0
A0A1Y0XZS6
A0A1Y2L0W8
A0A1Y2LC84
A0A1Y2QNL0
A0A1Y3FYC3
A0A1Y3G8U3
A0A1Y5E7W8
A0A1Y5GHH6
A0A1Y5HED2
A0A1Y5PTK2
A0A1Y5SAD9
A0A1Y5SED1
A0A1Y5SGC6
A0A1Y5SSJ2
A0A1Y5STI6
A0A1Y5SYS6
A0A1Y5T4B1
A0A1Y5TT25
A0A1Y5U092
A0A1Y6CTW4
A0A1Y6EMK6
A0A1Y6FKP2
A0A1Y6FT86
A0A1Y6KIB2
A0A1Z1F9I6
A0A1Z3UCV3
A0A1Z5YR83
A0A1Z8AF11
A0A1Z8L190
A0A1Z8L4B9
A0A1Z8LL17
A0A1Z8NLJ8
A0A1Z8PAJ6
A0A1Z8PYV6
A0A1Z8RAC9
A0A1Z8V3C8
A0A1Z8W0E9
A0A1Z8ZHD7
A0A1Z9CJX0
A0A1Z9CVQ5
A0A1Z9DVV9
A0A1Z9FPM4
A0A1Z9G6S5
A0A1Z9GT59
A0A1Z9I051
A0A1Z9M0P6
A0A1Z9MA33
A0A1Z9N222
A0A1Z9RGS5
A0A1Z9RPZ0
A0A1Z9TC03
A0A1Z9TVD3
A0A1Z9TWE9
A0A1Z9UJ31
A0A1Z9ULC1
A0A1Z9WTF5
A0A1Z9XQN4
A0A1Z9XTL9
A0A1Z9YDW4
A0A211ZTX3
A0A212A8P3
A0A212AB82
A0A212AKW6
A0A212AQ09
A0A212AR92
A0A212DR05
A0A212IY70
A0A212J0Y1
A0A212LGS2
A0A212RCA3
A0A212RXS2
A0A218KQD8
A0A218PQF2
A0A219B6B1
A0A220W5M8
A0A221JW41
A0A222E320
A0A222EVN2
A0A222F2M2
A0A222HHX5
A0A222WU62
A0A225NHB7
A0A225X5Q1
A0A231UTV2
A0A235AVF7
A0A235HII0
A0A238J178
A0A238J8I8
A0A238JN01
A0A238K3V5
A0A238KEK7
A0A238KRY4
A0A238L8X1
A0A238LAD5
A0A238XAW5
A0A238ZFI4
A0A239BFJ4
A0A239DLP7
A0A239DUR0
A0A239DWT3
A0A239JRD3
A0A239LH34
A0A239LT93
A0A239PPS9
A0A239PQN9
A0A239PVU0
A0A243PD22
A0A243PEN3
A0A245ZLH0
A0A245ZMZ8
A0A246DWN2
A0A246JR55
A0A246K512
A0A246KDU2
A0A246SQV7
A0A246T8Q0
A0A246TLD7
A0A246TU14
A0A248JWV7
A0A248JZY0
A0A248UK80
A0A248W566
A0A249MU13
A0A249MZU1
A0A249NT83
A0A249PC87
A0A249PS39
A0A251WUH6
A0A251ZXU8
A0A252AXE1
A0A252B7K6
A0A252BVQ8
A0A252BZ91
A0A252C5V4
A0A252EIB5
A0A254R3K7
A0A254R6E6
A0A254UQ36
A0A255XQF4
A0A255YUK1
A0A255YYY9
A0A256F262
A0A256FH53
A0A256FV72
A0A256GFY3
A0A256GZ68
A0A257DGM1
A0A257ENU3
A0A257EVD6
A0A257G4Z1
A0A257GR21
A0A257HF71
A0A257HQY0
A0A257J548
A0A257KEP3
A0A257KTJ0
A0A257PAI3
A0A257PNN5
A0A257PQX9
A0A257Q5I1
A0A257QRF2
A0A257R7Q0
A0A257S657
A0A257UTR6
A0A257X6S2
A0A257YEH6
A0A257YGM9
A0A257YY63
A0A257YZ04
A0A258A6R5
A0A258BEN7
A0A258BVL5
A0A258C1U4
A0A258CU79
A0A258CWA2
A0A258EDP4
A0A258FRM7
A0A258FRY6
A0A258G2Q7
A0A258GFK2
A0A258GS08
A0A258H7T5
A0A258HIQ9
A0A258HXU0
A0A258I5X0
A0A258IUZ8
A0A258J380
A0A258J6N9
A0A258JFI5
A0A258K1P5
A0A258KAE2
A0A258L4T9
A0A258LHU9
A0A258LVJ8
A0A258RAE2
A0A258RKD1
A0A258RS54
A0A258S8X4
A0A258T408
A0A258TK47
A0A258V206
A0A258VM54
A0A258W7V8
A0A258WTC5
A0A258XB74
A0A258Z4K3
A0A258ZXQ4
A0A259CH88
A0A259CIM6
A0A259CL65
A0A259E0S0
A0A259HBT4
A0A259HXP1
A0A259K0Z3
A0A259KUB5
A0A259LSF2
A0A259M8S7
A0A269Y0P7
A0A270BJG7
A0A270BMD8
A0A271KCW1
A0A271KF72
A0A271L9G8
A0A285D3Q1
A0A285IHC9
A0A285M8L6
A0A285NEV4
A0A285QYP8
A0A285S706
A0A285TLS8
A0A285U9W5
A0A286H2M0
A0A286HLI3
A0A291FQX3
A0A291G913
A0A291GC94
A0A291M2B8
A0A291PI33
A0A292E758
A0A292ZGP1
A0A2A2GAR5
A0A2A2GCF5
A0A2A2GNT6
A0A2A2SD26
A0A2A2VC83
A0A2A3AVH7
A0A2A3B2X4
A0A2A3BSK6
A0A2A3C5H6
A0A2A3CJR5
A0A2A3D1J5
A0A2A3DXN3
A0A2A3JXH3
A0A2A3MUL7
A0A2A4B6R7
A0A2A4BA31
A0A2A4CQF0
A0A2A4G1X7
A0A2A4I3U7
A0A2A4I9P9
A0A2A4LJ59
A0A2A4PC47
A0A2A4QYQ6
A0A2A4R5V9
A0A2A4S2S7
A0A2A4TKI5
A0A2A4TY62
A0A2A4UYE9
A0A2A4XXU8
A0A2A4YP07
A0A2A4Z9I4
A0A2A4ZC38
A0A2A5BTN4
A0A2A5ESC5
A0A2A5F8F3
A0A2A5GFB7
A0A2A5H519
A0A2A5KID3
A0A2A5KNE0
A0A2A5V5V2
A0A2A5XY94
A0A2A5Y2S7
A0A2A5YAN5
A0A2A5YPA5
A0A2A5YVL0
A0A2A6FC57
A0A2A6HR37
A0A2A6IDQ9
A0A2A6J678
A0A2A6J7W6
A0A2A6JMP2
A0A2A6KH28
A0A2A6LCU9
A0A2A6LN91
A0A2A6LTR2
A0A2A6MK22
A0A2A6NR22
A0A2A6P0Y8
A0A2A6P4T1
A0A2A6PKJ0
A0A2A6R709
A0A2A6RAI7
A0A2A8HMS2
A0A2A8HNU8
A0A2A9GMV9
A0A2B8B7V3
A0A2C7AEW2
A0A2C9CNG1
A0A2C9D5Y7
A0A2D1QYI2
A0A2D1RA55
A0A2D2AXV7
A0A2D2C0B2
A0A2D2C5D4
A0A2D2C622
A0A2D2CVV0
A0A2D2H335
A0A2D3HCF7
A0A2D3RHP2
A0A2D4QTH6
A0A2D4UYT4
A0A2D4V3Z8
A0A2D4VNB5
A0A2D4ZLG4
A0A2D5BGV8
A0A2D5DJ42
A0A2D5FU06
A0A2D5H919
A0A2D5HCN8
A0A2D5HL04
A0A2D5IHL3
A0A2D5J5Q9
A0A2D5LW62
A0A2D5TF54
A0A2D5WXU7
A0A2D5XWY0
A0A2D5Y035
A0A2D6B7B3
A0A2D6C0C5
A0A2D6FY77
A0A2D6GVW4
A0A2D6H4A5
A0A2D6HLB0
A0A2D6JRN4
A0A2D6K3D3
A0A2D6M355
A0A2D6NKX5
A0A2D6TS50
A0A2D6UNW5
A0A2D6ZSM4
A0A2D7ABG9
A0A2D7AKZ8
A0A2D7B3D3
A0A2D7BRC0
A0A2D7C4Q1
A0A2D7CYM5
A0A2D7DYR5
A0A2D7FDH1
A0A2D7GDT8
A0A2D7GHQ1
A0A2D7H732
A0A2D7HSK0
A0A2D7II01
A0A2D7IUN0
A0A2D7JIA5
A0A2D7JQR9
A0A2D7KDQ6
A0A2D7KUW8
A0A2D7LI59
A0A2D7LM50
A0A2D7MIZ3
A0A2D7PCY6
A0A2D7Q8C5
A0A2D7RQ69
A0A2D7TQP1
A0A2D7TW04
A0A2D7XLI6
A0A2D7XXI5
A0A2D7Y5H9
A0A2D7Z4A2
A0A2D7ZAV2
A0A2D7ZHB7
A0A2D8AYQ5
A0A2D8BS23
A0A2D8D5X6
A0A2D8ENA7
A0A2D8FFI1
A0A2D8FRZ6
A0A2D8HIQ2
A0A2D8JYP3
A0A2D8L7M1
A0A2D8M345
A0A2D8M9U0
A0A2D8MF79
A0A2D8P5G8
A0A2D8Q3T0
A0A2D8Q5V2
A0A2D8QJ00
A0A2D8RUU3
A0A2D8TC51
A0A2D8WV13
A0A2D8XFG8
A0A2D8Y7H3
A0A2D8YDD9
A0A2D8YKI3
A0A2D8YT02
A0A2D8ZSA0
A0A2D9ACT9
A0A2D9EZK2
A0A2D9HW15
A0A2D9J9D5
A0A2D9K452
A0A2D9PCE6
A0A2D9PE78
A0A2D9QFL7
A0A2D9RH33
A0A2D9S5R5
A0A2D9SDJ2
A0A2D9U5X4
A0A2D9VKB4
A0A2D9XDY0
A0A2D9YIT1
A0A2E0AD62
A0A2E0BK18
A0A2E0E5H2
A0A2E0EPB7
A0A2E0F757
A0A2E0FDG0
A0A2E0ITP9
A0A2E0J633
A0A2E0JFD8
A0A2E0LX72
A0A2E0P5Y8
A0A2E0Q603
A0A2E0Q9Q9
A0A2E0T5I7
A0A2E0U025
A0A2E0U4Z1
A0A2E1B1Z8
A0A2E1B2V2
A0A2E1B2V8
A0A2E1CMF0
A0A2E1CXQ7
A0A2E1DP39
A0A2E1DUQ5
A0A2E1E6R7
A0A2E1EFE5
A0A2E1FUX2
A0A2E1HH90
A0A2E1J5Q5
A0A2E1LMT9
A0A2E1LTQ8
A0A2E1MAP2
A0A2E1MQA1
A0A2E1MU69
A0A2E1NIQ3
A0A2E1PG22
A0A2E1QS18
A0A2E1RVU0
A0A2E1UKW5
A0A2E1XJ82
A0A2E1XZH1
A0A2E1Y101
A0A2E1Y1Z3
A0A2E1YWJ7
A0A2E1YWQ3
A0A2E2CT02
A0A2E2F237
A0A2E2IS02
A0A2E2JJ80
A0A2E2JYT8
A0A2E2KZ26
A0A2E2KZR9
A0A2E2MAU0
A0A2E2MPA3
A0A2E2NDE5
A0A2E2PE40
A0A2E2QA13
A0A2E2QME3
A0A2E2RKA8
A0A2E2RXS5
A0A2E2SYJ8
A0A2E2X165
A0A2E2ZUN7
A0A2E3AG00
A0A2E3BGV8
A0A2E3EXV3
A0A2E3FIP2
A0A2E3H0T6
A0A2E3IQ94
A0A2E3P621
A0A2E3PA56
A0A2E3QCZ0
A0A2E3QQN5
A0A2E3S1P9
A0A2E3SIT3
A0A2E3SUF0
A0A2E3UH19
A0A2E3UL92
A0A2E3V4W5
A0A2E3XFX3
A0A2E3ZVY8
A0A2E4A0D8
A0A2E4CR13
A0A2E4GJG1
A0A2E4LJ47
A0A2E4NG30
A0A2E4QRB0
A0A2E4S6W1
A0A2E4WGD4
A0A2E4X7A6
A0A2E4XU59
A0A2E4YZC0
A0A2E5AHC8
A0A2E5BLW8
A0A2E5DLK2
A0A2E5DQD3
A0A2E5DTH1
A0A2E5HBK4
A0A2E5KPI9
A0A2E5L6F8
A0A2E5LGK7
A0A2E5MUX0
A0A2E5MYI1
A0A2E5N1D4
A0A2E5P6I4
A0A2E5PDB7
A0A2E5PLI8
A0A2E5R3J1
A0A2E6BP69
A0A2E6DWD8
A0A2E6GM82
A0A2E6IVA3
A0A2E6KBI3
A0A2E6P053
A0A2E6Q8Q5
A0A2E6QIL3
A0A2E6RME1
A0A2E6RW38
A0A2E6T972
A0A2E6TCL6
A0A2E6U2R0
A0A2E6W235
A0A2E6X0F5
A0A2E6XY09
A0A2E7BAN0
A0A2E7BB47
A0A2E7FB14
A0A2E7FW65
A0A2E7HHG8
A0A2E7I4Y4
A0A2E7I8H6
A0A2E7JZX6
A0A2E7Q3K9
A0A2E7RCZ9
A0A2E7V2X2
A0A2E7VD33
A0A2E7WJM9
A0A2E8AKW3
A0A2E8LUY2
A0A2E8PFG2
A0A2E8Q582
A0A2E8QX73
A0A2E8T7I3
A0A2E8VZX2
A0A2E8XAG1
A0A2E8XRZ1
A0A2E9B5R9
A0A2E9CMC1
A0A2E9E3B6
A0A2E9HYF3
A0A2E9SUG7
A0A2E9UBS8
A0A2E9UZW1
A0A2E9V5C4
A0A2E9XG44
A0A2E9Y938
A0A2E9YWT7
A0A2F0AGW5
A0A2G1LJX3
A0A2G1LSB5
A0A2G1MEY0
A0A2G1QRP6
A0A2G1YVU5
A0A2G1Z9C9
A0A2G2AAX0
A0A2G2B873
A0A2G2BG05
A0A2G2CD85
A0A2G2D7K1
A0A2G2DJP1
A0A2G2GIP8
A0A2G2GLK9
A0A2G2HQH0
A0A2G2HZ59
A0A2G2J4R6
A0A2G2LGF1
A0A2G2M329
A0A2G2MXZ3
A0A2G2QYF2
A0A2G2QZU2
A0A2G4IPJ8
A0A2G4JP38
A0A2G4K9N8
A0A2G4R8Y4
A0A2G4YN26
A0A2G5K3S4
A0A2G5QQ58
A0A2G5R2W5
A0A2G6I905
A0A2G6IKJ5
A0A2G6IQM6
A0A2G8MIX8
A0A2G8R9A2
A0A2G9WY62
A0A2H0QBX4
A0A2H0QTB1
A0A2H5EV84
A0A2H6ASM7
A0A2H6AW98
A0A2H6AZY1
A0A2H6B3L4
A0A2H6BCW8
A0A2H6IWC4
A0A2I7KBN2
A0A2J7TDL0
A0A2K0XWA6
A0A2K1DY33
A0A2K1DYX6
A0A2K1FTD3
A0A2K1G7V5
A0A2K2FWE5
A0A2K8K8L6
A0A2K8MHT1
A0A2K8W9P8
A0A2K8YH30
A0A2K9F7G3
A0A2K9MGP4
A0A2K9N893
A0A2K9Z242
A0A2L0A802
A0A2L0GJM6
A0A2L0H635
A0A2L0HAY8
A0A2L0VNS3
A0A2L0W9R2
A0A2L1CY53
A0A2L1SAR6
A0A2L1SBF3
A0A2L2LCP3
A0A2M6UAF1
A0A2M6UR84
A0A2M6UT38
A0A2M7ENY4
A0A2M7EYZ5
A0A2M7GIC0
A0A2M7GT56
A0A2M7HJG0
A0A2M7QMV9
A0A2M7T2N1
A0A2M7Y7G2
A0A2M8CYC7
A0A2M8IX44
A0A2M8MXE7
A0A2M8QPK7
A0A2M8QW81
A0A2M8RF45
A0A2M8UIJ1
A0A2M8W2I3
A0A2M8WD39
A0A2M9DYH7
A0A2M9G6D3
A0A2M9PE06
A0A2N0D0U3
A0A2N0I1S2
A0A2N3B1X5
A0A2N3BCF9
A0A2N3BSJ0
A0A2N3C3J2
A0A2N3C7Z7
A0A2N3CF10
A0A2N3CZ49
A0A2N3D9C5
A0A2N3DR44
A0A2N3DZX2
A0A2N3E553
A0A2N3EB69
A0A2N3EXF0
A0A2N3KEK8
A0A2N3L207
A0A2N3Q1R5
A0A2N4WSE7
A0A2N4WZF5
A0A2N4Y5H3
A0A2N4YED7
A0A2N5AY55
A0A2N5CQP5
A0A2N5D765
A0A2N5XTU2
A0A2N6ASX1
A0A2N6B8W5
A0A2N8K7F9
A0A2N8M6W3
A0A2N9W3T8
A0A2P0B2D4
A0A2P1PA85
A0A2P2E804
A0A2P5LXM9
A0A2P5NRZ8
A0A2P5VLU4
A0A2P6FPA6
A0A2P6FU57
A0A2P6G042
A0A2P6G638
A0A2P6GC46
A0A2P7AWI1
A0A2P7BAS2
A0A2P7BNQ1
A0A2P7QFG5
A0A2P7SFA5
A0A2P7SFB2
A0A2P8F931
A0A2P8NBE5
A0A2P8NBI8
A0A2P9AV28
A0A2P9HLI7
A0A2R4GUG1
A0A2R4M7U1
A0A2R4MFD0
A0A2R4TVQ0
A0A2R4WEE7
A0A2R7JCU3
A0A2R7LNU6
A0A2R8AF87
A0A2R8AHH2
A0A2R8APH8
A0A2R8BHZ6
A0A2R8BLV7
A0A2R8BZZ2
A0A2R8C6D9
A0A2S0MMK6
A0A2S0N9B5
A0A2S0UN47
A0A2S0XNL9
A0A2S1XEC9
A0A2S2CNI7
A0A2S2CRV4
A0A2S3UNJ4
A0A2S3W4U0
A0A2S3YGA7
A0A2S3YVN0
A0A2S4LET7
A0A2S4LYU4
A0A2S5JJQ5
A0A2S5JLD0
A0A2S5M8W7
A0A2S5MSE3
A0A2S6M8F0
A0A2S6MR70
A0A2S6N5B2
A0A2S6N629
A0A2S6QC30
A0A2S6QHG8
A0A2S6QNX8
A0A2S6QYP4
A0A2S6RFA0
A0A2S6RJE8
A0A2S6RP95
A0A2S6RV80
A0A2S6S7U6
A0A2S6S9R7
A0A2S6SBW3
A0A2S6SEY5
A0A2S6SFJ0
A0A2S6SJN1
A0A2S6SLW7
A0A2S6SRV1
A0A2S6T032
A0A2S6TZ37
A0A2S6UA23
A0A2S6UIL7
A0A2S6UPV8
A0A2S7J5Y0
A0A2S7K2G1
A0A2S7KB38
A0A2S8B484
A0A2S8EVU9
A0A2S8S8C6
A0A2S8W6L8
A0A2S9IZI9
A0A2S9JDL8
A0A2S9Q6S0
A0A2T0RRG8
A0A2T0W066
A0A2T0X0C9
A0A2T0X1Y4
A0A2T1A1A6
A0A2T1HVN9
A0A2T2PYM5
A0A2T2QLV7
A0A2T3CVS5
A0A2T3EBN2
A0A2T3GRY1
A0A2T4D0N4
A0A2T4I6I9
A0A2T4IP89
A0A2T4J5F2
A0A2T4JGD7
A0A2T4JXZ0
A0A2T4VX72
A0A2T4YIW7
A0A2T4YQN9
A0A2T4YWK3
A0A2T4ZJ54
A0A2T5B852
A0A2T5BS05
A0A2T5FZZ4
A0A2T5GTJ1
A0A2T5GXG1
A0A2T5H4K3
A0A2T5H4S2
A0A2T5HS18
A0A2T5JV90
A0A2T5U3B1
A0A2T5V8L8
A0A2T6ANY6
A0A2T6ARR1
A0A2T6B6E9
A0A2T6BFE7
A0A2T6CE26
A0A2T6KKC6
A0A2T6LUJ4
A0A2T7FU12
A0A2T7FVJ4
A0A2T7G9L2
A0A2T7HJ76
A0A2T7U5T9
A0A2T7UP66
A0A2T7V9C5
A0A2T7W7L4
A0A2T8HWY5
A0A2T9JED0
A0A2T9K312
A0A2U0S9S9
A0A2U1SP19
A0A2U1V0C2
A0A2U1VNR8
A0A2U1WC59
A0A2U1WTF5
A0A2U1X7Y8
A0A2U1XPY4
A0A2U1Y821
A0A2U2BVJ9
A0A2U2CBH0
A0A2U2CBX5
A0A2U2CUT3
A0A2U2DQ25
A0A2U2J2S1
A0A2U3Q2G6
A0A2U3R0F0
A0A2U3RGB3
A0A2U8BRX0
A0A2U8G196
A0A2U8GG57
A0A2U8HI09
A0A2U8PEN7
A0A2U8PTV0
A0A2U8QDN7
A0A2U8VPE6
A0A2U8WCJ8
A0A2U8WEI9
A0A2U8WTW5
A0A2U8X1T1
A0A2U9S2A2
A0A2U9TP39
A0A2U9TV05
A0A2V1P6N6
A0A2V2L7A4
A0A2V3TQV5
A0A2V3UP74
A0A2V3V9R8
A0A2V4MQW3
A0A2V4RRR4
A0A2V4UR99
A0A2V4UVY5
A0A2W2BS80
A0A2W4C4Y7
A0A2W4CL67
A0A2W4KSD6
A0A2W4PG24
A0A2W4PP31
A0A2W4SLL0
A0A2W4SX63
A0A2W4TR03
A0A2W4VD16
A0A2W4WGH2
A0A2W4XCB3
A0A2W4YAH3
A0A2W4YU03
A0A2W4Z834
A0A2W4ZL03
A0A2W5AAE5
A0A2W5DPB2
A0A2W5E2F6
A0A2W5HPM2
A0A2W5KIS8
A0A2W5KXM7
A0A2W5MQW2
A0A2W5N2I5
A0A2W5NSW7
A0A2W5QJI3
A0A2W5QTA4
A0A2W5S7L5
A0A2W5SE26
A0A2W5VFJ6
A0A2W6AY97
A0A2W6REK1
A0A2W6S7U6
A0A2W6T043
A0A2W6T4L2
A0A2W6TAC3
A0A2W6U941
A0A2W6VFB9
A0A2W6WB69
A0A2W6WI60
A0A2W6X0P2
A0A2W6XH11
A0A2W6XZ64
A0A2W6Y4M8
A0A2W6Y5R9
A0A2W6YEV3
A0A2W7BRK8
A0A2W7HU19
A0A2W7N554
A0A2W7QMA3
A0A2W7R2B4
A0A2X1CEN7
A0A2Y9C830
A0A2Z2L7A5
A0A2Z2P7S1
A0A2Z3G3E0
A0A2Z3GDP4
A0A2Z3GFS3
A0A2Z3HX74
A0A2Z3IB05
A0A2Z4K1U3
A0A2Z4PA38
A0A2Z4UHV2
A0A2Z4YCJ8
A0A2Z5E9C6
A0A2Z5UAH1
A0A2Z5UDK7
A0A2Z5UJC4
A0A2Z5YZT6
A0A2Z6AEN7
A0A316C6Q0
A0A316G567
A0A316GAL5
A0A316H6I5
A0A316J4X5
A0A316JBT9
A0A316K411
A0A316KKZ3
A0A317E3X8
A0A317E7C9
A0A317F4E5
A0A317PWY7
A0A318B6H7
A0A318N769
A0A318PHX5
A0A318PWY9
A0A318QDI7
A0A318QNW7
A0A318R0N5
A0A318SU19
A0A318T949
A0A318TFS0
A0A318UDY0
A0A323UD44
A0A326GD47
A0A326GRS0
A0A326KLJ1
A0A327JTH2
A0A327KA98
A0A327KRB3
A0A327KSM5
A0A327KWH4
A0A327L6D2
A0A327LQM2
A0A327M2V9
A0A327MJZ0
A0A327XKC6
A0A327Y9P0
A0A328AGT8
A0A328ALM6
A0A328B197
A0A328BSM5
A0A329YET1
A0A330GX67
A0A330H4Y9
A0A330H7V9
A0A336JXA1
A0A336NJC1
A0A341EDQ1
A0A344WHX4
A0A345QDP9
A0A345QRZ6
A0A345QXN8
A0A345R819
A0A345WQ23
A0A345YE66
A0A345ZS93
A0A346DTE0
A0A346R815
A0A346SLH0
A0A346YLI7
A0A347UDS9
A0A347WDC1
A0A348FYR7
A0A348WIP2
A0A349J317
A0A349TCY7
A0A349XRG6
A0A350AI62
A0A350GEC9
A0A350KVJ4
A0A350LUI7
A0A350QDB6
A0A350YJK2
A0A350ZMW7
A0A351GPL6
A0A352CA04
A0A352GKM1
A0A352H8U0
A0A352KCU1
A0A352V388
A0A353GD65
A0A353IM80
A0A353PMU6
A0A353X7I9
A0A353YG34
A0A354EQE2
A0A354V709
A0A355QXI1
A0A355RD78
A0A355T0S8
A0A355WI08
A0A356PWI0
A0A357G3M1
A0A357L4C5
A0A357LIM0
A0A357MJA0
A0A357RRY3
A0A357XAI7
A0A358AZ74
A0A358HQK2
A0A358J1I5
A0A359KFZ0
A0A363TRG5
A0A364JVC1
A0A364NTX7
A0A365TXL5
A0A365UDT9
A0A365Z184
A0A366BZR6
A0A366E930
A0A366FQN6
A0A366VW18
A0A366WUA2
A0A366X6D4
A0A367U635
A0A367VES2
A0A367VW95
A0A367W5W7
A0A367WFU4
A0A367WYW9
A0A367X500
A0A368A275
A0A368A5I5
A0A368A6K5
A0A368DMK8
A0A368DQ64
A0A368E1V0
A0A368E6D1
A0A368E8Q4
A0A368EIK9
A0A368K167
A0A368NVQ8
A0A368YYN4
A0A368ZE78
A0A369QAV6
A0A369QWW0
A0A369RJB3
A0A369TEY9
A0A369TGY1
A0A369TYG9
A0A369U524
A0A369VXP8
A0A369W363
A0A370GC75
A0A370HS72
A0A370KRM4
A0A370L2A0
A0A371B0H9
A0A371BIF2
A0A371RKK0
A0A371WTM6
A0A371WYM1
A0A371XIL9
A0A371Z2D0
A0A372EUE8
A0A372IEE6
A0A372NJF5
A0A376AEF8
A0A376AI35
A0A379NAC0
A0A379P568
A0A380W871
A0A380WPD6
A0A380ZCW4
A0A386E1M9
A0A386TAK2
A0A386UM77
A0A386URB4
A0A386UUG5
A0A387FL29
A0A387GN30
A0A388PYI4
A0A389MX21
A0A395D0N5
A0A395LC96
A0A395LNB8
A0A396RRZ3
A0A397PC08
A0A397Q3U5
A0A398BZ65
A0A399IWT1
A0A399QX38
A0A399RCA0
A0A399REE0
A0A399RKA5
A0A399UN49
A0A3A0EHG4
A0A3A0EVN7
A0A3A0F9I6
A0A3A1P9X3
A0A3A1WP34
A0A3A3DM53
A0A3A3HHD5
A0A3A5KF08
A0A3A8AF98
A0A3A8ARK7
A0A3A8BB54
A0A3A8E783
A0A3A9JHP4
A0A3B0IXR7
A0A3B0J6S9
A0A3B0MIR1
A0A3B7DNY9
A0A3B8XS29
A0A3B9BR21
A0A3B9EEZ2
A0A3B9FHJ6
A0A3B9H3S9
A0A3B9IMZ7
A0A3B9UI97
A0A3B9YSY4
A0A3C0EFR1
A0A3C0FX99
A0A3C0PQ53
A0A3C0TUH9
A0A3C0VN04
A0A3C0VNC8
A0A3C1IHI8
A0A3C2DX24
A0A3C2E7U9
A0A3D0G9M1
A0A3D0RB07
A0A3D0V0P2
A0A3D0WEE5
A0A3D0WI07
A0A3D1G5Y9
A0A3D1P0D4
A0A3D2CYK3
A0A3D2CZW3
A0A3D2ELR2
A0A3D2F8D5
A0A3D2GUU3
A0A3D2JZ13
A0A3D2P3E0
A0A3D2PJS5
A0A3D2SUA2
A0A3D2VWQ0
A0A3D3B402
A0A3D3B8N0
A0A3D3BBL3
A0A3D3ITU3
A0A3D3V8Q3
A0A3D3WIJ1
A0A3D3Z610
A0A3D4DPS4
A0A3D4F1F0
A0A3D4KBX0
A0A3D4M2A0
A0A3D4MF55
A0A3D4QMI2
A0A3D4YAT0
A0A3D5PMK5
A0A3D5UT98
A0A3D5ZZZ5
A0A3D6CRV8
A0A3D8P6Z1
A0A3D8UN62
A0A3D9BZJ8
A0A3D9FG75
A0A3D9HNA3
A0A3D9YQU4
A0A3E0BXR1
A0A3E0CBW3
A0A3E0QCU8
A0A3E1BNK6
A0A3E1BQL4
A0A3F2TZA7
A0A3F3L9W9
A0A3G2D4Y8
A0A3G2VC89
A0A3G6WL35
A0A3G8M3J5
A0A3G9G4E2
A0A3L7AKM0
A0A3L7JA94
A0A3L9Y1Z5
A0A3M0CDU7
A0A3M0EG34
A0A3M0FNL8
A0A3M0MYB0
A0A3M0WP44
A0A3M0XSC6
A0A3M0ZX66
A0A3M1AC07
A0A3M1C0N1
A0A3M1ISW9
A0A3M1JKQ1
A0A3M1JQ26
A0A3M1JZ44
A0A3M1LTK4
A0A3M1PEJ9
A0A3M2EEE9
A0A3M2EJ78
A0A3M2EQI4
A0A3M9XF40
A0A3M9XQ03
A0A3M9YNK6
A0A3N1MCE3
A0A3N2R864
A0A3N4UJA0
A0A3N5CVR6
A0A3N5H6E0
A0A3N5N616
A0A3N6N5K9
A0A3N7GDQ3
A0A3N7GHB4
A0A3N9RWT8
A0A3P1UXT7
A0A3P3D4P8
A0A3P3F4G0
A0A3P5WJZ1
A0A3P5XVW1
A0A3Q8XPN9
A0A3Q8XZH8
A0A3Q8YJJ8
A0A3Q8YTN8
A0A3Q8ZZ53
A0A3Q9AE42
A0A3Q9IHV1
A0A3Q9TG49
A0A3R7NZK2
A0A3R7PXM8
A0A3R7QMD3
A0A3R7R375
A0A3R7RLF6
A0A3R7T495
A0A3R7VHF2
A0A3R8A836
A0A3R8AVP9
A0A3R8Q8W0
A0A3R9AC70
A0A3R9BR87
A0A3R9C8W2
A0A3R9M9S0
A0A3R9YMP1
A0A3R9YNC5
A0A3S0CE60
A0A3S0EAQ4
A0A3S0FKW2
A0A3S0FSQ5
A0A3S0FU73
A0A3S0G6J6
A0A3S0HSF3
A0A3S0MIM2
A0A3S0NMX8
A0A3S0Q6J6
A0A3S0RID4
A0A3S1DCI1
A0A3S1ENQ9
A0A3S1FC33
A0A3S1HUS7
A0A3S1L0A2
A0A3S1MHE7
A0A3S1NJ86
A0A3S1P510
A0A3S1PQI1
A0A3S1Q7W2
A0A3S1QEM0
A0A3S1R6G1
A0A3S1RWI9
A0A3S1RY49
A0A3S1SLD7
A0A3S1TMT0
A0A3S1TUZ3
A0A3S1U811
A0A3S1UZ34
A0A3S1VDM7
A0A3S1XGR6
A0A3S1YJY2
A0A3S1ZZM4
A0A3S2ABW1
A0A3S2AK59
A0A3S2BAL1
A0A3S2BHQ1
A0A3S2CYU7
A0A3S2DCQ6
A0A3S2E2F4
A0A3S2EJF7
A0A3S2F1T3
A0A3S2FK05
A0A3S2PL56
A0A3S2V2Y2
A0A3S2VNL3
A0A3S3BK29
A0A3S3E162
A0A3S3EW17
A0A3S3G817
A0A3S3HV40
A0A3S3JJB7
A0A3S3JUS0
A0A3S3M6U2
A0A3S3N5L6
A0A3S3SK13
A0A3S3SNU5
A0A3S3V5J7
A0A3S3VFU3
A0A3S4BXX6
A0A3S4CLI1
A0A3S4CLX0
A0A3S4D185
A0A3S4ENH3
A0A3S4HXD2
A0A3S4ZTC6
A0A3S5F8U5
A0A3S5J0G4
A0A3S8T1C2
A0A3S8U985
A0A3S9DEC9
A0A3S9E670
A0A3S9ELR4
A0A3T0EAQ4
A0A3T0GIW9
A0A3T0N5U9
A0A3T1CHP7
A0A401IZE1
A0A401WL31
A0A401WUD5
A0A401X4A2
A0A401XEJ7
A0A410V748
A0A411LLV6
A0A411YWK0
A0A418NIS2
A0A418NQ57
A0A418Q056
A0A418SHU4
A0A418SVE9
A0A418V159
A0A418W0S8
A0A418W9S9
A0A418WQD5
A0A418YNP5
A0A418YWG6
A0A418ZQS3
A0A418ZVW6
A0A419A9P3
A0A419R5E8
A0A419R657
A0A419RRA9
A0A420D2N1
A0A420DT99
A0A420EKR2
A0A420G4B0
A0A420WKC8
A0A420WQ41
A0A421BK06
A0A424MBN6
A0A424RN29
A0A424T4S0
A0A426GGX3
A0A430BDX7
A0A430BFW4
A0A430BLD1
A0A430CCG9
A0A430CK01
A0A430DK48
A0A430E1N5
A0A430E7V1
A0A430EL89
A0A430FXT5
A0A431J7X3
A0A431PG44
A0A431RCF5
A0A431RCR7
A0A431RJD1
A0A431VMQ3
A0A432ITI5
A0A432J4S7
A0A432JE45
A0A432PMX4
A0A432UZX5
A0A432VMH9
A0A433B737
A0A433J8Q5
A0A433S5D9
A0A433XER4
A0A434EIR6
A0A434EP93
A0A434F114
A0A434GPE4
A0A434INP4
A0A434PUW9
A0A434SSB5
A0A434TVX3
A0A434UIF0
A0A434WAD0
A0A435AHV1
A0A435BG92
A0A435DL45
A0A435F2P9
A0A435G9Q7
A0A435J4Q8
A0A435KA53
A0A435KB30
A0A435KFX7
A0A435LYA8
A0A435PXY5
A0A435RTF6
A0A435S5A7
A0A435SSK9
A0A435THP0
A0A435UK58
A0A435UPB5
A0A435UR14
A0A435V136
A0A435WC40
A0A435WU97
A0A436AJG3
A0A436B2W8
A0A436BR06
A0A436CY27
A0A436FBJ1
A0A436GBB6
A0A436GGJ3
A0A436GI18
A0A436HP54
A0A436I1H9
A0A436JWL4
A0A436JWQ6
A0A436K436
A0A436KE30
A0A436KN85
A0A436L6I2
A0A436LFY1
A0A436LJT9
A0A436MPG9
A0A436S414
A0A436WUU5
A0A437GVD3
A0A437J7Q2
A0A437KTZ6
A0A437LWQ4
A0A437MJA1
A0A437MXE6
A0A437NEU3
A0A437QHA7
A0A438AGC7
A0A439MXG6
A0A439UAD2
A0A439VFN8
A0A440A7P7
A0A440AQP2
A0A440D704
A0A440DNA5
A0A440FSE2
A0A440GBY9
A0A440H778
A0A440IY21
A0A440JJ81
A0A440P517
A0A440TQ99
A0A440W3E2
A0A441U4L3
A0A441Z2V4
A0A441Z7E5
A0A442BHD6
A0A442GFZ8
A0A442GNJ6
A0A442HTS2
A0A442HXT0
A0A442MF62
A0A442MHS8
A0A442QCJ4
A0A442SK71
A0A443IXT2
A0A443JLA6
A0A443KGU6
A0A443LVF8
A0A443LXL8
A0A444I3F1
A0A447CNH4
A0A494RH91
A0A494TKG3
A0A494WGS6
A0A495DJR3
A0A495RGK0
A0A497WQM4
A0A497Z7S9
A0A4D7BM90
A0A4D7D952
A0A4D7DU24
A0A4D7QHE9
A0A4D8PJG9
A0A4D8PZ97
A0A4E0RGU5
A0A4P1K6M8
A0A4P1KBC1
A0A4P5P239
A0A4P5SIL0
A0A4P5SN88
A0A4P5SNG0
A0A4P6FKY3
A0A4P6HSH0
A0A4P6V231
A0A4P6XA67
A0A4P7BMP2
A0A4P7EYQ5
A0A4P7J944
A0A4P7QKR0
A0A4P7QQU6
A0A4P7R5G4
A0A4P7RYB6
A0A4P7YJL4
A0A4P7ZB74
A0A4P8QCT8
A0A4Q0GNF0
A0A4Q0MFK5
A0A4Q0QMU0
A0A4Q0QRA1
A0A4Q0RXZ4
A0A4Q1KFW1
A0A4Q1TK04
A0A4Q1V6Z9
A0A4Q1VQI4
A0A4Q2AAD2
A0A4Q2IRE0
A0A4Q2KR08
A0A4Q2R691
A0A4Q2TIT6
A0A4Q2U851
A0A4Q2YUP1
A0A4Q3BU91
A0A4Q3CG47
A0A4Q3DEW7
A0A4Q3DJB8
A0A4Q3FMQ3
A0A4Q3GQ26
A0A4Q3GVV4
A0A4Q3IXN2
A0A4Q3SAW1
A0A4Q3SPM7
A0A4Q3SUK6
A0A4Q3Y5N2
A0A4Q3YUH2
A0A4Q3Z5H4
A0A4Q4CUQ7
A0A4Q4IW56
A0A4Q4J9M8
A0A4Q5PWK7
A0A4Q5R5P3
A0A4Q5RSQ8
A0A4Q5SS72
A0A4Q5T1G7
A0A4Q5T9P2
A0A4Q5XVQ1
A0A4Q6FNW2
A0A4Q6Y362
A0A4Q7FF87
A0A4Q7G6F5
A0A4Q7T992
A0A4Q8MLH9
A0A4Q8QSE7
A0A4Q9A2H2
A0A4Q9G5L9
A0A4Q9GAJ2
A0A4Q9VFK7
A0A4R0BB05
A0A4R0BS25
A0A4R0NU91
A0A4R0PEE4
A0A4R0Y8J6
A0A4R1I3J6
A0A4R1N0B7
A0A4R1RJ47
A0A4R1S477
A0A4R1THF5
A0A4R1U0B0
A0A4R1V0E8
A0A4R1X204
A0A4R1XE43
A0A4R1YLV5
A0A4R1YPK4
A0A4R2BR77
A0A4R2CQG5
A0A4R2GVS1
A0A4R2KED8
A0A4R2NHM6
A0A4R2PBX2
A0A4R2PJD6
A0A4R2QBE5
A0A4R2RSZ9
A0A4R2SE03
A0A4R2SJV2
A0A4R2SQW1
A0A4R2TDH9
A0A4R2TPQ6
A0A4R2U593
A0A4R2VIC2
A0A4R2XZT9
A0A4R3A5R7
A0A4R3E331
A0A4R3EZI0
A0A4R3FHU8
A0A4R3GZ92
A0A4R3H8E1
A0A4R3JDG4
A0A4R3JPN1
A0A4R3LVG9
A0A4R3MDB5
A0A4R3MKV3
A0A4R3NXB1
A0A4R3Q102
A0A4R3R546
A0A4R3R8R6
A0A4R3RY72
A0A4R3TI41
A0A4R3X2P9
A0A4R3XFV9
A0A4R4DY46
A0A4R5EJS7
A0A4R5PQJ7
A0A4R5QBK6
A0A4R5QMU5
A0A4R5ULR3
A0A4R5USP2
A0A4R5ZXA7
A0A4R6AA33
A0A4R6ATU7
A0A4R6FVA0
A0A4R6FXA0
A0A4R6RIX6
A0A4R6VRY4
A0A4R6WSB5
A0A4R6YA98
A0A4R6YGH7
A0A4R7BYD2
A0A4R7LJB5
A0A4R8FJG0
A0A4R8G7F3
A0A4R8HXQ6
A0A4R9PV62
A0A4R9QEM6
A0A4R9QFV0
A0A4R9SB04
A0A4R9VXS3
A0A4R9W4N5
A0A4R9X268
A0A4R9Z539
A0A4S0G4Y8
A0A4S0G9S1
A0A4S0JYA7
A0A4S0KL83
A0A4S0KUJ6
A0A4S0NM31
A0A4S0NN81
A0A4S0Q1M4
A0A4S0QH80
A0A4S0QNH0
A0A4S0S5Q3
A0A4S0VPZ4
A0A4S0Y9B2
A0A4S0ZWT2
A0A4S1AL28
A0A4S1HAC0
A0A4S1M7W9
A0A4S1WF22
A0A4S1XDA5
A0A4S2GX41
A0A4S2GXT0
A0A4S2H5V6
A0A4S2HEP2
A0A4S3MCW8
A0A4S4A6T6
A0A4S4AI42
A0A4S4NH06
A0A4S5J8X1
A0A4S5JAW4
A0A4S8NFC5
A0A4S8P5B2
A0A4S8PWH8
A0A4T2AGI7
A0A4T3F3V5
A0A4T3FAQ5
A0A4U0QUQ2
A0A4U0RGM9
A0A4U0Z5T0
A0A4U1JTZ8
A0A4U1KJN2
A0A4U1L325
A0A4U5ZR65
A0A4U6AQ42
A0A4U6BWF0
A0A4U6CGG1
A0A4U6P4S1
A0A4U6RWA9
A0A4U7N7Z8
A0A4U8YYA6
A0A4V0Z983
A0A4V1BIW9
A0A4V1E1C1
A0A4V1KZX5
A0A4V1P3T8
A0A4V1SWS7
A0A4V1SXX7
A0A4V2BQQ4
A0A4V2VAF2
A0A4V2VMM8
A0A4V3DKE1
A0A4V3KXD0
A0A4V3PB82
A0A4V3V034
A0A4V6MQE9
A0A4Y3TPW4
A0A4Y3TSQ2
A0A4Y3WDK7
A0A4Y6RWH2
A0A4Y6T969
A0A4Y6UNX7
A0A4Y8P7D0
A0A4Y8RNE3
A0A4Y8ZW90
A0A4Y9ESR8
A0A4Y9L1R0
A0A4Y9M505
A0A4Y9R7G8
A0A4Y9RU76
A0A4Y9V3S1
A0A4Z0EDV7
A0A4Z0LNA5
A0A4Z0NXY5
A0A4Z1CQ81
A0A4Z1QX02
A0A501PRC2
A0A501WKR6
A0A501XP91
A0A502BP42
A0A502CDD4
A0A502G1T1
A0A502G5E3
A0A502MC62
A0A502MGD3
A0A502SFS1
A0A502W2J2
A0A502WUC5
A0A502XYT4
A0A502Y3I5
A0A503A6X8
A0A503AW50
A0A503D933
A0A503I789
A0A503JWY6
A0A503KQS7
A0A503Q303
A0A503T8Q2
A0A503WV29
A0A503XH20
A0A503XQR6
A0A503YES7
A0A504CQK6
A0A504LR58
A0A504LSX8
A0A504UCY1
A0A506TZR1
A0A506UAS9
A0A508TM46
A0A508WX10
A0A509EAT8
A0A509EE88
A0A509EI78
A0A511FL93
A0A511Q8Z0
A0A511XE21
A0A511XHH1
A0A512APL1
A0A512BLZ6
A0A512DR49
A0A512DZ38
A0A512H885
A0A512HHJ3
A0A512IN18
A0A512IZ13
A0A512JD04
A0A512JDQ7
A0A512JJP5
A0A512JMM3
A0A512N395
A0A512NNE6
A0A514C1Q8
A0A514WHY8
A0A515KLN1
A0A515L8P7
A0A516H4R4
A0A516ISL5
A0A516JA75
A0A518RI76
A0A519HJT1
A0A519HRP1
A0A519J385
A0A519K0A4
A0A519KNY3
A0A519LAS3
A0A519QXA7
A0A520DPR0
A0A520HHC2
A0A520HQF5
A0A520HYC5
A0A520I2M8
A0A520IIK4
A0A520IKF3
A0A520J5L2
A0A520J634
A0A520P365
A0A520P5L1
A0A520R6J3
A0A520T391
A0A520T549
A0A520T8R1
A0A520W6Y5
A0A520WYC7
A0A520XHD3
A0A520YD41
A0A520ZTT9
A0A521BSF7
A0A521C9V0
A0A521FEW4
A0A521GPE1
A0A521L2U8
A0A521LGY3
A0A521LMQ8
A0A521LTA6
A0A521M351
A0A521NBX0
A0A521PRD0
A0A521R462
A0A521W1M5
A0A522A4H6
A0A522CMK6
A0A522CNQ2
A0A522GZG5
A0A522QZX5
A0A522W6N6
A0A522ZGM3
A0A523F9V2
A0A523FFS1
A0A523FK02
A0A523FKU3
A0A523FLL0
A0A525HI39
A0A525I763
A0A525IC04
A0A525JPV1
A0A525KAG7
A0A525KFR9
A0A525L602
A0A526S6N6
A0A526V5E8
A0A526YMD4
A0A526ZD66
A0A526ZL88
A0A527A345
A0A528AVU8
A0A528DZL0
A0A528KNN7
A0A528TJ88
A0A528WWJ3
A0A529CIE5
A0A529FD02
A0A530BNN8
A0A530WVI3
A0A531AW56
A0A531KRE3
A0A531KUM5
A0A531MQG6
A0A532B0Z5
A0A533I5P4
A0A533J579
A0A537KZB7
A0A537M2Y9
A0A537MIQ8
A0A537N4K6
A0A537NB73
A0A537NVV3
A0A537PPA2
A0A537PPX6
A0A537R139
A0A537RC26
A0A537S1A9
A0A537S505
A0A537TD19
A0A537TKJ0
A0A537TNH6
A0A537VC96
A0A537YBR4
A0A539CS93
A0A539D9V8
A0A539DFH2
A0A541BVV7
A0A541C0F9
A0A542B351
A0A543KDQ1
A0A545B4J7
A0A545SR67
A0A545TUU7
A0A546XK44
A0A546XRW1
A0A546ZE75
A0A547LA65
A0A547N2U5
A0A547P8J5
A0A547PR71
A0A549TG36
A0A552UGV0
A0A553AQT3
A0A553WHF3
A0A558QTL7
A0A559SP31
A0A560E560
A0A560F1M1
A0A560F1T8
A0A560FH22
A0A560FN25
A0A560GUC4
A0A560GZT8
A0A560IMZ5
A0A560IPU2
A0A560JH42
A0A560KGN1
A0A560KP50
A0A560LQR2
A0A560MHL4
A0A560XF59
A0A561QHR4
A0A562C6F2
A0A562C9G4
A0A562CEA0
A0A562CKR5
A0A562EU76
A0A562FNG6
A0A562FP55
A0A562KI85
A0A562LBQ1
A0A562NHX0
A0A562NWW3
A0A562QZN1
A0A562S750
A0A562TJ60
A0A562UVQ6
A0A564FSZ5
A0A564WHH7
A0A5A7MTA6
A0A5A7MYT6
A0A5A7NB90
A0A5A7NHG8
A0A5A7W809
A0A5A7ZYC0
A0A5A8A486
A0A5A9EYI7
A0A5A9FHG1
A0A5A9G3M5
A0A5A9GIF8
A0A5A9Z623
A0A5B0DXV4
A0A5B0VRD8
A0A5B2TMG7
A0A5B2VHW5
A0A5B6TSS1
A0A5B8AZ94
A0A5B8BQ95
A0A5B8CEE0
A0A5B8FHU3
A0A5B8I6Y7
A0A5B8KZ09
A0A5B8LE80
A0A5B8LPL6
A0A5B8S620
A0A5B9CWD2
A0A5B9D0J3
A0A5B9DPZ3
A0A5B9ENY5
A0A5B9FLW3
A0A5B9GHF1
A0A5C0YLJ0
A0A5C1B7I4
A0A5C1WBS5
A0A5C1YSP8
A0A5C4JN14
A0A5C4LBU4
A0A5C4MX44
A0A5C4ND56
A0A5C4RA45
A0A5C4SL72
A0A5C4TM42
A0A5C4XFU1
A0A5C5CB91
A0A5C5CUN0
A0A5C5GB58
A0A5C5TFA3
A0A5C6SBH6
A0A5C6TVC1
A0A5C6UGF3
A0A5C6UPX2
A0A5C7JVN8
A0A5C7MGD6
A0A5C7NWP4
A0A5C8D1D8
A0A5C8P6U8
A0A5C8S5Q7
A0A5C8SDC8
A0A5C8SZM4
A0A5C8T3L7
A0A5C8TJF8
A0A5C8UE76
A0A5C8UES0
A0A5C8VMB6
A0A5C8VNM6
A0A5C8VTA7
A0A5C8WIF9
A0A5C8WTW4
A0A5C9D9Z0
A0A5D0RPC5
A0A5D0S664
A0A5D0VB50
A0A5D0X8Y2
A0A5D3KRW2
A0A5D4H231
A0A5D4HBD9
A0A5D9C8J5
A0A5D9D0F5
A0A5E4NXQ4
A0A5E7Z0W9
A0A5E7ZIA9
A0A5E7ZIU8
A0A5E7ZUQ6
A0A5E8ERZ3
A0A5E8GWM1
A0A5E8VID3
A0A5E8XGZ4
A0A5F1B8Q9
A0A5F1S854
A0A5F2GAD0
A0A5F2H243
A0A5F2I8K1
A0A5H2YZW2
A0A5J4E0S3
A0A5J5GIM0
A0A5J5I3S5
A0A5J6MHR1
A0A5J6N193
A0A5J6N1N1
A0A5J6N3N4
A0A5M6HTJ1
A0A5M6IGG8
A0A5M6IZQ4
A0A5M6ZJU2
A0A5M8P7H4
A0A5M8UUJ8
A0A5M8ZH09
A0A5N3P989
A0A5N7MJR9
A0A5N7ML69
A0A5N7NP51
A0A5N7YI11
A0A5P2QM76
A0A5P6NBE6
A0A5P6NM31
A0A5P6P8E7
A0A5P6PF54
A0A5P8JEA9
A0A5P8JI93
A0A5P8MCZ9
A0A5P8MW76
A0A5P8Z4F4
A0A5P9D268
A0A5P9F6R3
A0A5P9FIT3
A0A5P9GHK1
A0A5P9GSK6
A0A5P9GXG6
A0A5P9I3S9
A0A5P9J5N4
A0A5P9JWM0
A0A5P9JXD3
A0A5P9KPQ0
A0A5Q0C5H8
A0A5Q4DI79
A0A5Q8C941
A0A5Q8CIS7
A0A5R2NK27
A0A5R8QB48
A0A5R8YGU3
A0A5R9J2U5
A0A5R9NLX9
A0A5S3P771
A0A5S3Q3S4
A0A5S4WSW4
A0A5S4YSB0
A0A5S9C643
A0A5S9NLV5
A0A5S9R636
A0A640W1F1
A0A643CK51
A0A643ESP2
A0A643F6M2
A0A651EF17
A0A651F2R8
A0A651FNU1
A0A653J0Q7
A0A653JE19
A0A653RPU9
A0A653YZ10
A0A654A9M6
A0A654AVF9
A0A654CRG9
A0A657LZA3
A0A659UX25
A0A659V656
A0A679F7S7
A0A679JKP4
A0A679JNY5
A0A679KI19
A0A6A1TQT2
A0A6A4RGT6
A0A6A4U0L9
A0A6A4UJF5
A0A6A7KT85
A0A6A7MD18
A0A6A7XX83
A0A6A7ZUD2
A0A6A8A8I1
A0A6A8QG59
A0A6B0TS30
A0A6B1F352
A0A6B1HUQ9
A0A6B2JV97
A0A6B2NZ99
A0A6B2PIU3
A0A6B2PME9
A0A6B3JV52
A0A6B3RQJ0
A0A6B3RS39
A0A6B3UH58
A0A6B8KA24
A0A6B8M7I6
A0A6B9FK49
A0A6C1KI02
A0A6C1SLA9
A0A6C1T166
A0A6C1U5T5
A0A6F8Q5N4
A0A6F8Q5W7
A0A6F8UVG0
A0A6G1WSR8
A0A6G4QZF2
A0A6G4WD39
A0A6G6F8M1
A0A6G6FG31
A0A6G6RI05
A0A6G6X0E5
A0A6G6X7J7
A0A6G6Y283
A0A6G6YP07
A0A6G7ELN3
A0A6G7VH64
A0A6G7YNI8
A0A6G7ZJN2
A0A6G7ZLX5
A0A6G8U581
A0A6G8WPH3
A0A6G9NC07
A0A6G9W8M5
A0A6H0HAP7
A0A6H0ZT14
A0A6H1Q282
A0A6H2DQX3
A0A6H2KSG0
A0A6H2KSS9
A0A6H2NUW1
A0A6H9HIE7
A0A6I0DLF8
A0A6I0EF65
A0A6I1E7Z4
A0A6I2LLX4
A0A6I2LSQ1
A0A6I2M585
A0A6I2UNC7
A0A6I3KQE4
A0A6I4B6L9
A0A6I4IYT5
A0A6I4M5D7
A0A6I4SNM5
A0A6I4ST68
A0A6I4T048
A0A6I4TCQ2
A0A6I4TLL8
A0A6I4TVP8
A0A6I4TZ66
A0A6I4UCW1
A0A6I4ULS0
A0A6I4UTV9
A0A6I4UYG6
A0A6I5WX97
A0A6I5YML9
A0A6I6ALZ3
A0A6I6CUE8
A0A6I6IPS7
A0A6I6L835
A0A6I6MIX2
A0A6I7HMV9
A0A6I7P3Y8
A0A6J4C2M5
A0A6J4F306
A0A6J4F8U3
A0A6J4FE29
A0A6J4G1Q0
A0A6J4GYT3
A0A6J4J9M5
A0A6J4JYQ7
A0A6J4PXV1
A0A6L3T7B9
A0A6L3YRV1
A0A6L3Z7U5
A0A6L5FNZ4
A0A6L5PCZ3
A0A6L5Z6N7
A0A6L6HKY7
A0A6L6IWD2
A0A6L6J5T1
A0A6L6JCG9
A0A6L6WJI1
A0A6L7G2P0
A0A6L7GD16
A0A6L7KHT0
A0A6L7LLX2
A0A6L7XHT5
A0A6L7ZW81
A0A6L8C1Y4
A0A6L8LPU5
A0A6L8VN32
A0A6L8W8L4
A0A6L9MM91
A0A6L9U5K7
A0A6M0HRW5
A0A6M0QSP9
A0A6M1LDU5
A0A6M1LZ35
A0A6M1MJQ2
A0A6M1SBW8
A0A6M1T2W7
A0A6M1TUS2
A0A6M4B070
A0A6M4GFU5
A0A6M5E799
A0A6M5JCC0
A0A6M5JD91
A0A6M7TQU6
A0A6M7UVY4
A0A6M7W2K6
A0A6M7W496
A0A6M7WWR6
A0A6M7XWW9
A0A6M8HR90
A0A6M8VQY0
A0A6M8WMN1
A0A6N0E5P3
A0A6N0WQ52
A0A6N1AK70
A0A6N1VFR9
A0A6N2E2S4
A0A6N6JCV4
A0A6N6MW91
A0A6N6RAB2
A0A6N6SCV6
A0A6N6SZI0
A0A6N6VGY0
A0A6N6ZR72
A0A6N7AMF1
A0A6N7F7Q8
A0A6N7GJN8
A0A6N7JIR9
A0A6N7LJL5
A0A6N7LNV5
A0A6N7ZQB1
A0A6N8ACK2
A0A6N8DVB4
A0A6N8SA87
A0A6N8TIU9
A0A6N8TP45
A0A6N8XJN6
A0A6N9B987
A0A6N9BDG2
A0A6N9T7V6
A0A6N9ZEF1
A0A6P0AMP4
A0A6P0C9N5
A0A6P0ZED0
A0A6P1BPR9
A0A6P1CA52
A0A6P1G9K1
A0A6P1GPG5
A0A6P1QB55
A0A6P1RC09
A0A6P1T6M5
A0A6P1YRB2
A0A6S6G1D5
A0A6S6QNC4
A0A6V6ZHS9
A0A6V8I5A9
A0A7C0WFH1
A0A7C1MCR2
A0A7C1TSN3
A0A7C1U5P1
A0A7C2IP90
A0A7C2LQ48
A0A7C2UG06
A0A7C3C595
A0A7C3VZA9
A0A7C4TRU8
A0A7C4VBZ0
A0A7C5C9J8
A0A7C5CDP6
A0A7C5CHC8
A0A7C5GB54
A0A7C5MWW8
A0A7C5QLF8
A0A7C5QN38
A0A7C5SDA6
A0A7C7K2M2
A0A7C7P3I0
A0A7C7SRT1
A0A7C7XJH1
A0A7C8HL57
A0A7C9B4Z7
A0A7C9GG97
A0A7C9IHK2
A0A7C9KVG8
A0A7C9LC88
A0A7C9M8S3
A0A7C9MW55
A0A7C9R9T5
A0A7C9UYW7
A0A7C9VSM7
A0A7D4BUQ3
A0A7D5MY80
A0A7D7ZIP1
A0A7G2TPH2
A0A7G2U326
A0A7G5C9P9
A0A7G5CD45
A0A7G5IFI5
A0A7G5LPM0
A0A7G5Z637
A0A7G6SDH9
A0A7G6SYN0
A0A7G6TWW2
A0A7G6Y3S9
A0A7G8ZJ22
A0A7G9KZ99
A0A7G9SH39
A0A7H0G6F6
A0A7H0GC09
A0A7H0LR17
A0A7H1N390
A0A7H1NQD5
A0A7H4KAM2
A0A7H9C219
A0A7H9DXR8
A0A7I0JYR7
A0A7I0KKJ0
A0A7I0RHJ0
A0A7J4VND0
A0A7K1PZR9
A0A7K1RC85
A0A7K3UBT6
A0A7L5BD54
A0A7L5Y261
A0A7L5Z9E8
A0A7L5ZRB2
A0A7L7MLL3
A0A7L7YPD2
A0A7L8RYQ6
A0A7L8VNS2
A0A7L9MBB2
A0A7L9WW49
A0A7M2GEK5
A0A7M2X5U3
A0A7M3T6K4
A0A7R6WRC3
A0A7R6X210
A0A7R6XID5
A0A7R6YA39
A0A7R6Z1E0
A0A7R7B9G0
A0A7R7BRB2
A0A7R7C706
A0A7R7E524
A0A7R7HDW3
A0A7R7T680
A0A7S7PVB7
A0A7S7QA29
A0A7S7QRW4
A0A7S7TXY6
A0A7S7UCG4
A0A7S7UT90
A0A7S7W2M7
A0A7S7Z7T1
A0A7S8C1N9
A0A7S8EI66
A0A7S8EVE3
A0A7S8IV10
A0A7S9CLJ1
A0A7S9CZT7
A0A7S9LP26
A0A7S9VRX8
A0A7S9WHS4
A0A7T0QZN8
A0A7T0R5H3
A0A7T2GJ42
A0A7T3AE53
A0A7T3E7C5
A0A7T4IBD3
A0A7T4IBD9
A0A7T5UH04
A0A7T7HGY4
A0A7T7V3U4
A0A7T7VTJ7
A0A7U4IPH1
A0A7U4IXJ2
A0A7U4L5P6
A0A7U4LG92
A0A7U4QT92
A0A7U4ZBK4
A0A7U6Y6M4
A0A7U7QBC1
A0A7U8IYF0
A0A7U8J5V8
A0A7U8JIW9
A0A7U8KWT8
A0A7U8PFA1
A0A7U8PL14
A0A7U8PXG2
A0A7U8Q079
A0A7V1FLT9
A0A7V2ALS8
A0A7V2T928
A0A7V2WY85
A0A7V3U683
A0A7V5M1R2
A0A7V5QC55
A0A7V6PD71
A0A7V6ZMY1
A0A7V7BES4
A0A7V7DQ28
A0A7V7E632
A0A7V7FQD1
A0A7V7PR32
A0A7V8DDG4
A0A7V8DRC0
A0A7V8DSW8
A0A7V8H9E2
A0A7V8QMB0
A0A7V8QQL2
A0A7V8RF12
A0A7V8TXA3
A0A7V8U332
A0A7V9PLJ8
A0A7V9SAZ6
A0A7W0CW01
A0A7W0MN83
A0A7W1AVC7
A0A7W1M8V1
A0A7W1WHA3
A0A7W1WKG1
A0A7W2BAF2
A0A7W2BLC7
A0A7W2BT54
A0A7W2C4K4
A0A7W3KWH8
A0A7W4GPY8
A0A7W4I5C7
A0A7W4IF18
A0A7W4IHT0
A0A7W4IRD3
A0A7W4IYN0
A0A7W4JAZ4
A0A7W4K4T9
A0A7W4KB32
A0A7W4P442
A0A7W4PEB6
A0A7W4PGR1
A0A7W4SRS4
A0A7W4TUN1
A0A7W4YXT2
A0A7W5KCK8
A0A7W5KW07
A0A7W5LCE1
A0A7W5LI06
A0A7W5LUW3
A0A7W5QK69
A0A7W5QQY3
A0A7W5SG11
A0A7W5TK51
A0A7W5VU61
A0A7W5X1U7
A0A7W5XDN5
A0A7W5XVP2
A0A7W6A0L5
A0A7W6AFA1
A0A7W6BLD3
A0A7W6BYT2
A0A7W6C8I9
A0A7W6CLE3
A0A7W6CND3
A0A7W6D679
A0A7W6DI89
A0A7W6DP93
A0A7W6E649
A0A7W6EH14
A0A7W6EIK4
A0A7W6EU70
A0A7W6F5K6
A0A7W6FGW9
A0A7W6FKT9
A0A7W6FZ18
A0A7W6GHB9
A0A7W6H607
A0A7W6H9Z7
A0A7W6IFH1
A0A7W6J534
A0A7W6JD32
A0A7W6JV14
A0A7W6JZ79
A0A7W6LD81
A0A7W6LPB5
A0A7W6LUH7
A0A7W6N9H1
A0A7W6NAI8
A0A7W6P8J1
A0A7W6Q6U2
A0A7W6QEA3
A0A7W6RAV1
A0A7W6RKT3
A0A7W6RZP0
A0A7W6SEP4
A0A7W6W2P4
A0A7W6X394
A0A7W6XE94
A0A7W6XTD8
A0A7W6Y7G9
A0A7W6ZEY9
A0A7W7AF85
A0A7W7AHN0
A0A7W7B3H4
A0A7W7EM64
A0A7W7EYG7
A0A7W7INS7
A0A7W7ISY1
A0A7W7NRB4
A0A7W7NY15
A0A7W8ALS1
A0A7W8DTC5
A0A7W8DXF1
A0A7W8HQM0
A0A7W8HVZ5
A0A7W8UMK1
A0A7W8XB09
A0A7W8XDY3
A0A7W8XN66
A0A7W9AF34
A0A7W9AWA4
A0A7W9BD39
A0A7W9BJ63
A0A7W9BV20
A0A7W9C7S5
A0A7W9CHS1
A0A7W9E6A0
A0A7W9EG58
A0A7W9ERV4
A0A7W9FQW5
A0A7W9L3R7
A0A7W9RYC8
A0A7W9S3X0
A0A7W9Y2J2
A0A7W9YUS4
A0A7W9ZWG4
A0A7X0AZG0
A0A7X0DM48
A0A7X0F4Z1
A0A7X0JF97
A0A7X0JL12
A0A7X0LFP5
A0A7X0MED3
A0A7X1F592
A0A7X1FQ24
A0A7X1FX41
A0A7X1IRC4
A0A7X1LF02
A0A7X2D663
A0A7X2KFK6
A0A7X2NWK4
A0A7X3FNQ6
A0A7X3I5V7
A0A7X3LDB4
A0A7X3LY27
A0A7X3MSW7
A0A7X3SNZ5
A0A7X4A1P2
A0A7X4IV30
A0A7X4K6P5
A0A7X5J814
A0A7X5V049
A0A7X5XWZ9
A0A7X5Y962
A0A7X5YLU9
A0A7X6BCC0
A0A7X6FES9
A0A7X6JXD6
A0A7X6KDZ6
A0A7X8P8G0
A0A7X8PDZ9
A0A7X8RVK2
A0A7X8ST54
A0A7X8T7Q3
A0A7X9WPX9
A0A7X9ZT91
A0A7Y0AUK8
A0A7Y0BL56
A0A7Y0HFQ2
A0A7Y1SLA9
A0A7Y1XGL6
A0A7Y2CGK5
A0A7Y2CZ57
A0A7Y2FSN9
A0A7Y2IX71
A0A7Y2JKI6
A0A7Y2KN30
A0A7Y2KPE5
A0A7Y2MIY1
A0A7Y2PDE1
A0A7Y2R7H4
A0A7Y2TZW1
A0A7Y2USH7
A0A7Y2W5N3
A0A7Y3FDW7
A0A7Y3JP01
A0A7Y3RKP7
A0A7Y3SRR8
A0A7Y3T5S2
A0A7Y3WDD6
A0A7Y4GRI0
A0A7Y4H5Z1
A0A7Y4H7H7
A0A7Y4T8G1
A0A7Y5CX76
A0A7Y5DMC9
A0A7Y6EGN4
A0A7Y6MWK0
A0A7Y6TPI4
A0A7Y6UQ51
A0A7Y6YUM4
A0A7Y6ZEJ0
A0A7Y7A3Z8
A0A7Y7CMZ4
A0A7Y7D0N5
A0A7Y7GQD1
A0A7Y7L343
A0A7Y7M6D7
A0A7Y8F0L0
A0A7Y8F0Z6
A0A7Y8MAV2
A0A7Y8MID6
A0A7Y8MQ95
A0A7Y8N6Z8
A0A7Y8UQ81
A0A7Y9FQE8
A0A7Y9N6S7
A0A7Y9UR06
A0A7Y9XXU5
A0A7Z0DUK5
A0A7Z0KWW5
A0A7Z0QI43
A0A7Z0RNU3
A0A7Z2PXI6
A0A7Z2S614
A0A7Z3DW23
A0A7Z3DXG9
A0A7Z3HWX0
A0A7Z3HXI3
A0A7Z6QXS9
A0A7Z7PX59
A0A7Z8L7J6
A0A7Z8RF97
A0A7Z9K804
A0A7Z9LWL3
A0A807AU59
A0A807AVY7
A0A807CHS1
A0A822UZD2
A0A829NEC6
A0A829NMY2
A0A829PA68
A0A831YTG1
A0A832J294
A0A832QXR8
A0A833CWL1
A0A833G9C5
A0A833GDY2
A0A833HC57
A0A833L666
A0A833N1L0
A0A833N849
A0A836TQ92
A0A836TSF8
A0A836XA25
A0A837CLU4
A0A837CN73
A0A837E2L4
A0A838BC43
A0A838BG21
A0A838BN45
A0A838BWR5
A0A838L4Q7
A0A838L886
A0A838MBG6
A0A838MMY3
A0A838U7C3
A0A838VFA0
A0A838XML4
A0A839ABN6
A0A839D004
A0A839EDR2
A0A839FEC2
A0A839GK50
A0A839NXC9
A0A839P7E1
A0A839P938
A0A839SUY7
A0A839U4R5
A0A839V0J3
A0A839VVR2
A0A839YBB2
A0A839YFG9
A0A839YQY2
A0A839YVF2
A0A839Z9T3
A0A839ZY29
A0A840AC53
A0A840ALI5
A0A840AXS2
A0A840BTC3
A0A840CI14
A0A840DXC8
A0A840F9H6
A0A840GAY6
A0A840GTN4
A0A840HWX5
A0A840I639
A0A840MTJ7
A0A840NPG4
A0A840SU88
A0A840V932
A0A840WT22
A0A840XWU6
A0A840XYN6
A0A840XYS2
A0A840YH50
A0A840YX77
A0A840Z779
A0A840ZNJ0
A0A840ZZV0
A0A841AA35
A0A841IWQ8
A0A841K2C2
A0A841LGX7
A0A841M3C9
A0A841PH71
A0A841QEM2
A0A842HWC5
A0A842IAW0
A0A843RIL4
A0A843YFK9
A0A844AXG3
A0A844BHL2
A0A844CWH8
A0A844H7V0
A0A844HBA3
A0A844HNB2
A0A844QIF6
A0A844T7W2
A0A844W6V2
A0A844XI32
A0A844XNS5
A0A844XY87
A0A844Y2G2
A0A844Y8D4
A0A844YKI3
A0A844YLH8
A0A844YW02
A0A844Z7P6
A0A844ZAW1
A0A844ZRU3
A0A844ZXQ0
A0A845A5Q6
A0A845ACD9
A0A845AMK1
A0A845AY81
A0A845BCP1
A0A845IUW0
A0A845M2R3
A0A845MDE2
A0A845QBF7
A0A845S341
A0A845SA18
A0A845SAQ9
A0A845UF08
A0A845USF2
A0A846LAZ3
A0A846M332
A0A846N383
A0A846T513
A0A846VY92
A0A847J911
A0A847KU12
A0A847KU86
A0A847WVG3
A0A848EGH9
A0A848I2S9
A0A848I429
A0A848JWI4
A0A848QPJ7
A0A848S393
A0A848SQT9
A0A848SU87
A0A848V630
A0A848VSZ8
A0A848W8Y8
A0A848XDZ1
A0A848YDK5
A0A848YQ85
A0A849EG22
A0A849GRR4
A0A849HIC4
A0A849I5P4
A0A849IA95
A0A849KX40
A0A849L3H5
A0A849N8K7
A0A849VPW1
A0A850EBR0
A0A850H134
A0A850H971
A0A850HMZ6
A0A850IWM1
A0A850KCQ6
A0A850KMW5
A0A850LKQ4
A0A850PEC4
A0A850QEU9
A0A850SFC3
A0A850SN24
A0A853FJN4
A0A853L1M2
A0A853V8E0
A0A854XJ16
A0A854XYZ3
A0A857C3R2
A0A857FP80
A0A858PXB4
A0A858R665
A0A858SMQ2
A0A858WSH6
A0A859QJN5
A0A8B2NMK6
A0A8B2PKR2
A0A8B3L587
A0A8B3L7N1
A0A8B3LGT6
A0A8B3LWQ9
A0A8B5TPL3
A0A8B6MCN3
A0A8D3Z1E8
A0A8E0KGV1
A0A8E2BCX7
A0A8E2IG03
A0A8E2KXC6
A0A8E2V0S7
A0A8E2WF10
A0A8E3APX5
A0A8F6DEY9
A0A8F8EKQ7
A0A8F8I8C5
A0A8F8IF88
A0A8F8IRW1
A0A8F8J7W0
A0A8F8JG33
A0A8F8JNA4
A0A8F8JY76
A0A8F8K9I9
A0A8F8KIU3
A0A8F8P3H0
A0A8F9HX84
A0A8F9XB00
A0A8G0CPT2
A0A8G0CU22
A0A8G0SY41
A0A8G0SZB8
A0A8G0ZYX5
A0A8G1KLX6
A0A8G1KXG9
A0A8G1L2Y7
A0A8G1LA14
A0A8G1ZFL0
A0A8G2BEE8
A0A8G2CMH7
A0A8G2JFS5
A0A8H9XGL5
A0A8I0C8X0
A0A8I0E0V1
A0A8I0FDV5
A0A8I0FRD8
A0A8I0GNE2
A0A8I0GQ75
A0A8I0IPE3
A0A8I0JC27
A0A8I1IMZ9
A0A8I1KKT6
A0A8I1M298
A0A8I1M8L3
A0A8I1NWC4
A0A8I1P5J7
A0A8I1P7L2
A0A8I1R0A7
A0A8I1RH76
A0A8I1RSU2
A0A8I1S348
A0A8I1U8L0
A0A8I1UQH1
A0A8I1YFL1
A0A8I2GM29
A0A8I2KH18
A0A8J2V473
A0A8J2Y206
A0A8J2YIK1
A0A8J2YSC4
A0A8J2ZCF7
A0A8J3A1G8
A0A8J3DHW5
A0A8J3DLA9
A0A8J3DY65
A0A8J3EB67
A0A8J3EGG6
A0A8J3G195
A0A8J3GU05
A0A8J3H6W5
A0A8J3HD11
A0A8J3MCV5
A0A8J4M589
A0A8J6IGI1
A0A8J6JFL8
A0A8J6TZ57
A0A8J6YPQ2
A0A8J6Z5L7
A0A8J7ISX8
A0A8J7ITH9
A0A8J7LVF6
A0A8J7M467
A0A8J7MS47
A0A8J7PJG1
A0A8J7RVN4
A0A8J7UL57
A0A8J7VNF6
A0A8J8B9V2
A0A8J8MTL6
A0A8K0XYN1
A0A8K1J1P8
A0A8S0M027
A0A8S8X8Z5
A0A8T4AVG7
A0A8T4IDY9
A0A8T5VFL7
A0A8T8CZ74
A0A8T9DIY1
A0A8T9FQX5
A0A8T9KW88
A0A8X8KNR0
A0NQC5
A1B1M0
A1USW1
A3JVE4
A3K5C5
A3PHQ2
A3SMW0
A3SVL3
A3U2F4
A3UCF1
A3V896
A3VAW1
A3W8F1
A3W9D9
A3X1J6
A3XFU7
A4EE21
A4EQG5
A4TZD7
A4WWK2
A4YU74
A5CDV1
A5EIW6
A5FWD4
A5PDZ2
A6U9G2
A6X228
A6X7G6
A6X7W1
A7HXF0
A7IN10
A8HY04
A8LQR0
A8TKP1
A9CIL3
A9D9Z0
A9E0D0
A9H0R5
A9IVF1
A9MA95
A9VYT0
B0CL47
B0T0Q6
B0UKR5
B1LZD3
B1M1B0
B1Z7M7
B1ZJJ6
B2IB98
B3CMB7
B3CSJ6
B3PU10
B3PYK9
B3QHW9
B3VUK0
B4RAZ7
B4RI06
B4RI60
B4W6V9
B5ZN52
B6B418
B6B753
B6BPJ4
B6ISR6
B6JI20
B6QYJ1
B6Y6M3
B7KUP6
B7RIC6
B8ELD1
B8I9W2
B8IPZ5
B9JEL6
B9JWK9
B9KHJ6
B9KN37
C0F9J7
C0G5A1
C0R596
C0RI61
C3KMZ5
C3KPG7
C3MCB1
C4IQ16
C4WEY5
C4WQV7
C5AXL6
C5B5J9
C6AE24
C6AWX0
C6V4N4
C6XHA2
C6XK99
C7CC07
C7CHE5
C7CHF3
C7DAR8
C7JC61
C7LB29
C8RZU5
D0RGP1
D0RNX8
D1AT27
D1CX90
D3NUD9
D4XKH1
D4Z4S3
D5AT24
D5BQY5
D5QHB7
D5RQ29
D5RQ84
D5VJ85
D6LLZ6
D6V6B4
D7AAB6
D7H2R0
D8JV57
D9QHW8
E0MJC6
E0TBI9
E2CDG9
E3I6B3
E4UDK0
E6VL16
E6YHP8
E6YLM9
E6YQW9
E6YVF7
E6YZI9
E8RSQ9
E8TJM1
E8TP41
F0IXB2
F0L6K2
F1YU61
F1Z3M3
F2ACE6
F2IUN4
F2IX99
F4QQV3
F6EXL5
F6INH7
F7QN93
F7S6M0
F7VC54
F7X8P0
F7XW96
F7Y4V3
F7Y6C7
F7Y9L8
F7ZAB9
F8BU71
F8J8W2
F9Y3U9
G1XXE0
G2I559
G2IJZ3
G2IRV9
G2KPG9
G4R829
G5ZYA4
G6E7B7
G6EZN6
G6Y7W1
G7Z4U5
G8PUI8
G9A3F2
G9A5Y0
G9ZVQ0
H0G2U8
H0HUR6
H0SQC5
H0T3M3
H0THM4
H1KF08
H1KNV0
H4F8F9
H5YHA9
H6SK66
H7C6J1
H8FRE2
I2Q912
I3TNF2
I3TWA0
I4YY30
I5BRJ9
I7IAI1
I9L6A7
I9WVK4
I9WX95
J0B5Q8
J0GZ25
J0PUR4
J0PW59
J0Q031
J0QNS8
J0QS54
J0QTR6
J0QXY0
J0RIJ3
J0RJ38
J0UZG8
J0VHJ4
J0W0B7
J1IZ99
J1JYJ0
J2FZE2
J2KUX9
J2RZT9
J2UZL0
J2WA52
J2WEZ4
J3AN14
J6DRA0
J6UFY2
J9E1J4
J9YWS2
J9Z2N8
K0PL82
K0Q2D8
K0W2U7
K2EW63
K2GRR1
K2J3R4
K2JA78
K2LSH3
K2MSF3
K2MZV7
K2PP59
K2Q8A5
K5ZMQ8
K7YLC9
K8NWN1
K8PKF8
K8PN80
K9CWE4
K9HD36
L0ETK9
L0KMF8
L0KQT0
L0NFZ0
M1NYR1
M2SAZ8
M2YE43
M4S189
M4VEW5
M4Z836
M5FKM6
M5JPJ5
M5JVT2
M8AER4
M9RGC8
M9RLP0
M9WZ53
N0BCB3
N1MLU6
N6UGZ8
N6URZ9
N6V7J3
N6VKE7
N6VMW2
N8TMF8
N9UVW9
O69244
Q07MI4
Q0APJ9
Q0BTM8
Q0BZ28
Q0FCY9
Q0FMY6
Q0FYC4
Q11JC9
Q137H6
Q16AU1
Q1GKE0
Q1GRD8
Q1GVT4
Q1GW38
Q1MHG6
Q1NBD7
Q1QLH4
Q1UZ65
Q1YI95
Q213V5
Q28L95
Q2CEX5
Q2G8M3
Q2GE24
Q2GHP7
Q2GLP2
Q2IVX3
Q2K911
Q2NBW4
Q2RTU9
Q2YN51
Q3J4P7
Q3SS74
Q3YR33
Q4EDI1
Q4FLX4
Q57E22
Q5FGA0
Q5GS91
Q5LW61
Q6MZ25
Q6N6S7
Q73IJ0
Q89LX9
Q8YGC8
Q92PM4
Q9A8G5
R0EE10
S3HHS6
S5PCK2
S5RWL0
S5S9U6
S5YD37
S6DA28
S6G8V2
S9QJA6
S9QQ17
S9R219
S9SLD9
S9TGD8
T0G7A6
T0GHH4
T0HCX5
T0IML7
T0ISE2
T0J935
U2WVC7
U2Y3L9
U2YKX6
U4UUX2
U4V915
U4VBR8
U6B5W6
V4N332
V4P6P4
V4QCZ0
V4QYQ4
V4RAX4
V4RSW8
V5SF14
V6F4F6
V7EHV7
V7EQR7
V7EVH9
V7FK65
V7G2E1
V7GBV2
V7GZL6
V7H0V2
V7HCQ1
V7HLU7
V9R6V4
V9TUE4
V9VXN2
V9WFV6
W0AKR4
W0IEQ1
W0IGD9
W0IQA4
W2UZY4
W3RD92
W3TZA9
W4HG73
W5YAQ5
W6IH58
W6K9M4
W6RTJ1
W6VXW2
W7DXH1
W8IHC9
W8RPJ1
W9BW63
W9H1Y5
X5H0H7
X5H420
X5M761
X5MPC1
X5P577
X5PES7
X5PNU5
X5Q101
X5Q528
X5QDH5
X5QLQ2
X5S712
X5UD09
X5UN70
X5VF96
X5VPH6
X5WXT0
X5X1C1
X5XK85
X5XZZ1
X5YGH5
X5YLK3
X5Z0V8
X5ZDV1
X6C304
X6C570
X6CN32
X6CP51
X6D5F7
X6D7H0
X6DSL3
X6E683
X6ESK2
X6F4C7
X6G030
X6GCA0
X6GEM4
X6GYR3
X6HK81
X6HWL7
X6HZU3
X6IJG3
X6IR20
X6IV17
X6JFP1
X6JSY3
X6JZ72
X6K6A9
X6KHT3
X6KJZ2
X6KUP5
X7E942
X7F7P9
