6
10
50
51
52
70
78
79
80
82
84
86
87
89
90
91
92
93
96
97
98
100
105
106
107
108
109
113
115
116
117
119
120
121
122
123
124
125
126
127
128
129
130
132
133
135
136
137
138
139
141
145
146
148
149
155
156
157
168
169
170
171
172
173
174
175
176
177
178
179
183
184
185
187
188
189
190
191
192
193
194
195
196
197
198
201
202
207
208
209
210
211
214
215
216
217
218
219
220
221
222
223
224
225
226
227
232
233
235
236
237
238
239
240
241
242
243
244
245
246
247
248
249
250
252
253
254
255
256
257
259
260
262
267
269
272
273
277
279
281
283
284
285
287
289
300
301
302
303
305
308
309
310
311
312
313
314
320
326
327
328
329
330
331
332
333
334
335
336
341
342
343
344
348
349
350
351
352
358
359
360
362
363
364
365
366
367
368
369
370
371
380
381
382
383
384
385
387
389
391
407
408
409
410
411
412
413
414
415
416
417
419
420
423
424
425
426
427
428
429
430
431
432
433
434
435
436
438
439
440
453
454
455
456
457
458
459
460
461
463
464
465
467
468
469
470
471
472
473
475
481
482
483
488
489
490
491
493
508
512
513
514
515
516
517
518
519
520
521
522
523
524
525
526
527
533
534
535
536
537
590
591
592
593
594
595
666
680
712
810
811
812
813
814
815
816
817
818
819
820
821
822
823
824
825
826
827
828
829
830
831
832
833
834
835
836
837
838
839
840
841
842
843
844
845
846
847
854
860
861
866
873
874
875
876
878
879
880
882
891
893
896
897
898
901
902
913
914
916
917
918
919
920
921
922
923
926
927
928
932
933
937
938
941
943
946
952
955
956
957
964
965
969
970
971
972
974
975
976
977
978
979
981
984
992
994
995
996
999
1000
1005
1006
1009
1010
1011
1014
1019
1021
1022
1027
1028
1029
1030
1039
1040
1050
1074
1075
1076
1078
1089
1090
1091
1102
1103
1104
1106
1110
1120
1137
1138
1139
1144
1150
1238
1239
1240
1241
1242
1243
1244
1245
1246
1252
1267
1281
1291
1293
1303
1316
1317
1325
1328
1329
1330
1331
1332
1333
1336
1343
1344
1345
1346
1347
1350
1351
1352
1353
1355
1357
1358
1359
1360
1361
1362
1363
1364
1365
1366
1368
1370
1375
1381
1394
1401
1419
1421
1423
1441
1457
1458
1459
1460
1461
1466
1467
1473
1474
1475
1476
1482
1490
1492
1493
1494
1496
1500
1505
1506
1508
1512
1513
1526
1528
1529
1530
1531
1538
1539
1566
1567
1575
1611
1632
1644
1788
1797
1798
1799
1814
1834
1839
1840
1841
1842
1843
1844
1865
1895
1896
1897
1898
1899
1900
1901
1902
1908
1909
1910
1911
1912
1914
1916
1918
1932
1933
1937
1938
1939
1940
1941
1952
1954
1955
2000
2001
2008
2013
2037
2053
2054
2055
2056
2057
2058
2061
2062
2063
2064
2065
2075
2090
2094
2098
2106
2109
2112
2113
2114
2120
2121
2122
2123
2124
2125
2126
2128
2129
2130
2151
2152
2153
2154
2155
2156
2170
2189
2392
2393
2394
2396
2418
2419
2420
2432
2434
2435
2436
2437
2438
2487
