A0A1D2VAQ2
A0A1V2L926
A0A8F2LGJ1
A0A8F3AIL6
A0A8H8D8J4
P25711
A0A017SAF7
A0A022W4L7
A0A022XWG6
A0A059JCB2
A0A061H316
A0A063C402
A0A068RYI5
A0A074SAM7
A0A074VI60
A0A074WFD9
A0A074XQ09
A0A074YWR4
A0A084AMT7
A0A084QFJ3
A0A084RH86
A0A086SY91
A0A094AH23
A0A094B0V4
A0A094E0F7
A0A094HMZ3
A0A094HZM2
A0A099NSL4
A0A0A2JDU3
A0A0A2KD17
A0A0A2WA18
A0A0B4HFR6
A0A0B4HSV5
A0A0B7K2R2
A0A0C2X255
A0A0C2ZWX7
A0A0C3AZX3
A0A0C3HCY3
A0A0C4DF89
A0A0C9W139
A0A0D0APC0
A0A0D2BHA4
A0A0D7A1R3
A0A0F4YGF2
A0A0F4ZDL8
A0A0F7U0J8
A0A0G2E2M0
A0A0G2EXT9
A0A0G2I6F2
A0A0G4PQ98
A0A0J5PRL0
A0A0L0ND17
A0A0L0VGD0
A0A0M8MNQ0
A0A0N1NXQ0
A0A0S7DXA8
A0A0U1M6N1
A0A0U5C784
A0A0W0G134
A0A101M7X4
A0A117E1V8
A0A135LQ85
A0A136JDM0
A0A139GZ67
A0A139IDP5
A0A146FQI7
A0A146IKT1
A0A146IKV1
A0A146ILA1
A0A151GY70
A0A161XSZ0
A0A162I1C6
A0A162LHW5
A0A165FLB3
A0A165MJZ7
A0A166EUP2
A0A166ITV1
A0A167MQT1
A0A167QPE1
A0A177A670
A0A177CT49
A0A178EWY1
A0A178FKG1
A0A179I815
A0A179V0E7
A0A194UU41
A0A194VXG8
A0A1B8C4P9
A0A1B8DRV8
A0A1B8FZG6
A0A1B8GBS0
A0A1C7M3C9
A0A1D8PCD3
A0A1E3B4D6
A0A1E3ITU7
A0A1E3P6N3
A0A1F5L6A1
A0A1J9RJ48
A0A1J9RJW4
A0A1K0FWS5
A0A1L9N1W9
A0A1L9R6Y4
A0A1L9V2U0
A0A1M3TX58
A0A1Q5UQY9
A0A1R3RVW0
A0A1V1TBM7
A0A1V2LI66
A0A1V6NLR3
A0A1V6NRK9
A0A1V6Q6Q9
A0A1V6RC55
A0A1V6REN0
A0A1V6SG64
A0A1V6SYN9
A0A1V6UYN0
A0A1V6ZAS4
A0A1V8SDN4
A0A1V8TDX0
A0A1V8U1G9
A0A1V8U5V2
A0A1W2TD68
A0A1X2G3L2
A0A1X7S3R4
A0A1Y1UUI3
A0A1Y1ZHD3
A0A1Y2LNJ5
A0A1Y2TSR9
A0A1Y2VK88
A0A1Y2VX78
A0A1Y6LU47
A0A225B273
A0A232LSR2
A0A284RFV3
A0A292Q8R0
A0A2A9PCS1
A0A2B7YS48
A0A2G5H7W7
A0A2H1GYT3
A0A2I0RRA1
A0A2I1CLH4
A0A2I1CZB8
A0A2I2FGG3
A0A2J5HQV7
A0A2J6PQ21
A0A2N1JAK3
A0A2N5UEB4
A0A2N5VIX6
A0A2N6NXI4
A0A2P5I7J5
A0A2S4W2R6
A0A2S4WL42
A0A2S6CBN9
A0A2S7NXB5
A0A2S7PPW5
A0A2S7YCJ6
A0A2T3ZSF9
A0A2V1DD58
A0A316U0P8
A0A316V0I3
A0A317SQ93
A0A317W0I0
A0A317W7Y4
A0A317WBR3
A0A318YEV7
A0A319AYA0
A0A319B5C8
A0A319ECK5
A0A319EM16
A0A369J738
A0A370BTA5
A0A370PGG1
A0A370TWS2
A0A395GM31
A0A395T0B0
A0A397H7Y7
A0A397HGC0
A0A3A2ZCT9
A0A3D8R6V1
A0A3D8RL53
A0A3D8S3U4
A0A3F3PYA7
A0A3F3RUX2
A0A3M0W441
A0A3M2SXZ6
A0A3M7MDD8
A0A3M7MQV5
A0A3M7MRW7
A0A3N2Q524
A0A3N4IIE0
A0A3N4K108
A0A401KNL7
A0A423WPL3
A0A423WX75
A0A423X225
A0A428QIV4
A0A428T992
A0A437A630
A0A443HSB1
A0A447BZ27
A0A4P7NQM4
A0A4P9ZWQ0
A0A4Q2DX22
A0A4Q4SKD8
A0A4Q4T395
A0A4Q4TF38
A0A4Q4VKX1
A0A4Q4YL00
A0A4R8QI27
A0A4R8RDQ3
A0A4R8TLA6
A0A4S2N7Z4
A0A4S3JVT0
A0A4S8T1H1
A0A4S8UWY2
A0A4S8VR02
A0A4S8XYC1
A0A4S8ZQV8
A0A4S9CLL1
A0A4S9QXA2
A0A4T0ESG7
A0A4T0FLN7
A0A4T0M1G2
A0A4T0NNF1
A0A4T0SNS6
A0A4U0TRU5
A0A4U0TSL0
A0A4U7L1V0
A0A4V2MVQ8
A0A4V4LF41
A0A4Y7U267
A0A4Y9Z2K1
A0A4Y9Z819
A0A4Z0YVW1
A0A505HZ11
A0A507B8V3
A0A507FH20
A0A507QS93
A0A517LCT8
A0A545UU58
A0A553I933
A0A559ML07
A0A5B0MAT8
A0A5B0QLQ9
A0A5B0R574
A0A5C2RVV9
A0A5C2TA36
A0A5C3F6M8
A0A5D3B1E6
A0A5E3X9R2
A0A5K1K595
A0A5M3Z6P8
A0A5M9JTG1
A0A5N5DND1
A0A5N5LEI7
A0A5N5PCP7
A0A5N5QD16
A0A5N6K6S2
A0A6A4HNC6
A0A6A5KVX5
A0A6A5U4E9
A0A6A5UMD5
A0A6A5W1L8
A0A6A5Y2Z8
A0A6A5ZRN0
A0A6A6ACN1
A0A6A6EC92
A0A6A6FUS8
A0A6A6GNM6
A0A6A6IF01
A0A6A6UJA5
A0A6A6VLB4
A0A6A6VYH1
A0A6A7BJX3
A0A6A7BZE9
A0A6G1GFJ4
A0A6G1HD32
A0A6G1IV38
A0A6G1K7C6
A0A6G1M9N0
A0A7C8JEY0
A0A7C8KCB7
A0A7C8MUZ6
A0A7C8QG08
A0A7C8VED4
A0A7D5ZA24
A0A7R7ZS23
A0A7T6XQL7
A0A8A3PGP6
A0A8G1VT40
A0A8H2X2B0
A0A8H2XSS5
A0A8H3AB54
A0A8H3FHI4
A0A8H3GQM2
A0A8H3IHM0
A0A8H3SWI8
A0A8H3TVP5
A0A8H4GNC9
A0A8H4IKG0
A0A8H4P689
A0A8H4Q3Z4
A0A8H4SEH0
A0A8H4VRK2
A0A8H5LKR9
A0A8H5LU70
A0A8H6FLW7
A0A8H6I4V8
A0A8H6KYT5
A0A8H6PI27
A0A8H6RYB8
A0A8H6TBI7
A0A8H6UW74
A0A8H6XTP2
A0A8H7APD3
A0A8H7DB15
A0A8H7EZB5
A0A8H7M1I3
A0A8H7N6Q6
A0A8H7PU22
A0A8H7XKU8
A0A8H8JNF4
A0A8H8M8U1
A0A8H8RGS1
A0A8H8S5P3
A0A8H8TXW0
A0A8I2YQA1
A0A8J1VL71
A0A8K0L2K4
A0A8K0WT09
A0A8S0WD53
A0A8T8SVG7
A0A8T8SZP1
A0A8T9BFX4
A0A8T9C8N3
A1DFW8
A2QXL4
A8NRB1
B2ASP2
B6HTJ8
B8M2Z8
C5FM11
C5G6S4
C5PI19
D4B5X8
D4DHH0
E1UWC0
E3KIQ5
E4UR40
E4ZR64
E9EE76
F0XER7
F2PK14
F2S385
F2SQX1
F2TNJ9
F8NYZ0
F8Q1R0
F9XK21
G1WZ32
G2QKQ3
G3YBB2
G4NIS0
G7DWH2
G7XGB7
H0EQL8
H6BMY8
I4Y8Y0
J3NNZ6
J4UQP6
K9FPA7
K9FS25
L7IEY9
L7J8J2
L8G7X2
L8WQH8
M2SLP4
M2ZHW1
M5C672
N1PDH6
N1QDJ0
N4XI49
Q0CHU7
Q4WHG4
R0KE48
R9AAY8
R9NXK6
S3EF41
S8BFI4
S8EMC7
T5BND4
U1G9W8
V2WUB3
V5GKF2
V5HYY6
W3WI93
W7I8J6
X8J970
A0A010QG77
A0A014PBI5
A0A015K560
A0A015L4T9
A0A015LPS4
A0A022W5C9
A0A022XVD2
A0A024SI19
A0A060SHI9
A0A060SMB7
A0A060T6S1
A0A061B346
A0A066VS87
A0A066W3J3
A0A066XPM7
A0A067M5S4
A0A067NF53
A0A067Q821
A0A067TSF4
A0A068RJT9
A0A072P998
A0A077R3C6
A0A077WR19
A0A077X417
A0A080WJT0
A0A084FXJ2
A0A093VBD2
A0A093YC86
A0A094A702
A0A094AYG2
A0A094C4N2
A0A094EN41
A0A094F8I7
A0A094FLY5
A0A094G9D7
A0A095EQ78
A0A099NS07
A0A0A1TIM1
A0A0B0E458
A0A0B1PCD7
A0A0B2X0E6
A0A0B7G047
A0A0B7N7M8
A0A0C2IZU1
A0A0C3CH79
A0A0C3CIG4
A0A0C3PED4
A0A0C3PH37
A0A0C3QPR5
A0A0C4DM48
A0A0C9MPX2
A0A0C9W106
A0A0C9YIQ1
A0A0C9ZF36
A0A0D0AVC9
A0A0D0D748
A0A0D0SZR3
A0A0D0VH41
A0A0D0XGT2
A0A0D0Y7Y5
A0A0D1ECZ3
A0A0D1WFY4
A0A0D1Z198
A0A0D1ZEQ1
A0A0D1ZZX3
A0A0D2DBY8
A0A0D2DCR8
A0A0D2ECP0
A0A0D2FXQ2
A0A0D2HPT5
A0A0D2IRF3
A0A0D2KL56
A0A0D2NG88
A0A0D2Y2D8
A0A0D6EJ82
A0A0D7BS42
A0A0D9P7E2
A0A0E9NMG1
A0A0F0IA01
A0A0F2MFQ0
A0A0F4GYL6
A0A0F7SDY3
A0A0F7SJN4
A0A0F8DM23
A0A0F8WC97
A0A0F8WY04
A0A0F9XSD9
A0A0G2J054
A0A0G4LBI9
A0A0G4LKY6
A0A0G4MM26
A0A0G4N4B3
A0A0H2RVY4
A0A0H5C684
A0A0H5G9U9
A0A0I9XV73
A0A0J0XXK7
A0A0J6EYY9
A0A0J6XZ13
A0A0J8QZD2
A0A0J8UDF1
A0A0J9X9Q9
A0A0K3CML2
A0A0K6G296
A0A0L0HGC3
A0A0L0NZ38
A0A0L0SNV4
A0A0L0SYL8
A0A0L1J9A7
A0A0L6VQV6
A0A0L6WN00
A0A0M9EZ19
A0A0M9VV52
A0A0N0RYK7
A0A0P1BHP3
A0A0P7B2P4
A0A0P9EE40
A0A0V1Q6M6
A0A0W4ZG30
A0A0W4ZVC8
A0A0W7VA42
A0A109FE80
A0A132B3U3
A0A135SLS3
A0A135SN83
A0A135UCW4
A0A137PB63
A0A137QM06
A0A139A3Z8
A0A150VBU9
A0A162MQ20
A0A163A625
A0A163IPF8
A0A164V0S9
A0A165FFZ0
A0A165HC60
A0A165I973
A0A165MKN6
A0A166T5Y3
A0A166UAZ4
A0A166VGC8
A0A167A9C5
A0A167G8S5
A0A167YEQ7
A0A168J884
A0A168SL18
A0A177D463
A0A177EQB8
A0A177WFP5
A0A178B2R5
A0A178CQC0
A0A178D8S5
A0A178DMS0
A0A178ZS41
A0A179FA70
A0A179H0R1
A0A197JR59
A0A197JWH9
A0A1A0HHT9
A0A1A5ZV93
A0A1B2JBP6
A0A1B7NDB9
A0A1B7P4W6
A0A1B7SPK0
A0A1B8B713
A0A1B8DJB6
A0A1B8EM69
A0A1B9GFN5
A0A1B9GYB1
A0A1B9HQL3
A0A1B9HTD9
A0A1B9IKX0
A0A1C1C9F6
A0A1C7NNU5
A0A1D2JNM5
A0A1D2VB32
A0A1D8N7X0
A0A1D9QEC3
A0A1E1L920
A0A1E1L9T2
A0A1E1MR15
A0A1E3HNC2
A0A1E3IAI6
A0A1E3IF19
A0A1E3IMW1
A0A1E3JDA7
A0A1E3JY54
A0A1E3K1B3
A0A1E3NQN4
A0A1E3QCF7
A0A1E3QYG6
A0A1E4RK22
A0A1E4RXN1
A0A1E4SIW0
A0A1E4SZW3
A0A1E4TC60
A0A1E4U0G7
A0A1F8A3I5
A0A1G4AYD3
A0A1J7JSP5
A0A1J8QJJ9
A0A1J9QGR3
A0A1L0E0S8
A0A1L7U2N8
A0A1L7W3Z2
A0A1L7XE66
A0A1L9PSJ8
A0A1L9SLP2
A0A1L9TEM4
A0A1L9VW65
A0A1L9WX70
A0A1M2W1U8
A0A1M8A2V0
A0A1Q2YIW4
A0A1Q3DYW8
A0A1Q8RAL0
A0A1R0GZP8
A0A1R1PKD1
A0A1R1X424
A0A1R1YIH5
A0A1R1YJZ3
A0A1S1W916
A0A1S8BFQ3
A0A1S8VWG5
A0A1S9D6P5
A0A1T3CFK5
A0A1U7LKL2
A0A1U8QI79
A0A1W5D046
A0A1X0RGN3
A0A1X0RLY7
A0A1X2HIR2
A0A1X2HUF5
A0A1X2IE69
A0A1X6MUN0
A0A1Y1W4G3
A0A1Y1XVR8
A0A1Y2B0J5
A0A1Y2BFH7
A0A1Y2DKR0
A0A1Y2FC95
A0A1Y2FI08
A0A1Y2GU96
A0A1Y2IMS5
A0A1Y2WWP5
A0A1Z5SVM2
A0A1Z5TPN3
A0A1Z8JRA1
A0A218ZCS8
A0A225XF54
A0A229WHB6
A0A238FJK6
A0A286UC95
A0A2A9NX90
A0A2B7WQ67
A0A2B7X212
A0A2B7ZPT7
A0A2C5XGJ6
A0A2C5Y6Q5
A0A2C5Y8G4
A0A2C5YJ85
A0A2C6AJC3
A0A2D3VMT6
A0A2G5BCG7
A0A2G7FFU7
A0A2G8RLE1
A0A2H0ZDF5
A0A2H2ZCT0
A0A2H3CI52
A0A2H3EDD8
A0A2H3GYT8
A0A2H3H9K8
A0A2H3II62
A0A2H3JDR5
A0A2H3RFU1
A0A2H3SLC3
A0A2H4SRX0
A0A2H9TGM9
A0A2I1E8E2
A0A2I1GE31
A0A2I2GC04
A0A2J6QUP4
A0A2J6SR66
A0A2J8BS60
A0A2K0U5I8
A0A2K0VZH3
A0A2K1QUZ6
A0A2K3Q7G3
A0A2L2TNN9
A0A2N1LHA3
A0A2N1MU09
A0A2N3N0C2
A0A2N8U656
A0A2P2GX52
A0A2P4P6X5
A0A2P7YTS0
A0A2P8AG28
A0A2R6NDQ6
A0A2S4PWB1
A0A2S5B2B2
A0A2T0FNH1
A0A2T2N9H1
A0A2T3ABS5
A0A2T3ATY7
A0A2T3Z4S1
A0A2T4BNW5
A0A2T4CGY8
A0A2T4H4P7
A0A2T5LUY4
A0A2T6ZXG6
A0A2T9YED2
A0A2T9ZFH6
A0A2U1JEM8
A0A2V1ADY8
A0A2V1AY11
A0A2V1BTR4
A0A2V5ILL6
A0A2V5IXJ6
A0A2W1FI29
A0A2X0L415
A0A2X0LY42
A0A2Z6QJ98
A0A316VBP4
A0A316W0L8
A0A316YGP8
A0A316ZCL4
A0A317XW49
A0A318ZBP7
A0A319C9P0
A0A364L5G1
A0A364M544
A0A364N8Y6
A0A365MN87
A0A366PLC5
A0A366RAR6
A0A366S6I9
A0A367JYZ4
A0A367KVS1
A0A367L3D6
A0A367XSN4
A0A367Y479
A0A369GL98
A0A369H5A2
A0A371DBI9
A0A372QXZ4
A0A381LGA2
A0A384K0H5
A0A395HSV2
A0A395IH67
A0A395MRW6
A0A395NDE3
A0A395RP64
A0A397G980
A0A397T5J9
A0A397U8X2
A0A3E2H0C7
A0A3G2S9A3
A0A3L6NRR6
A0A3M2RYG4
A0A3M6XPV5
A0A3M6ZHY2
A0A3M7BK96
A0A3M7C5J9
A0A3M7C7K5
A0A3M7DMS2
A0A3M7E6E0
A0A3M7EF62
A0A3M7FVV3
A0A3M7G7U6
A0A3M7HEA0
A0A3M7IE49
A0A3M7JAV9
A0A3M7NVF5
A0A3M9Y9Q5
A0A3N4KZ61
A0A3N4LSX7
A0A3S5CXJ7
A0A401GS35
A0A409XLR7
A0A409Y0X7
A0A409YM03
A0A420H7Y5
A0A420IIX8
A0A420IN06
A0A420IQS4
A0A420SAY8
A0A420YG54
A0A421JPA2
A0A427XR36
A0A427Y7L3
A0A428P813
A0A428PXM9
A0A428SVC4
A0A430LEP1
A0A433BA65
A0A433PYK6
A0A438MUG8
A0A448YTQ9
A0A4E9EIV8
A0A4P6XLV4
A0A4P9XEV6
A0A4P9XG58
A0A4P9Z5K4
A0A4P9Z9A1
A0A4Q1BNF0
A0A4Q2WAV1
A0A4Q4MEV7
A0A4Q4P6X8
A0A4Q4SCG8
A0A4Q4UHG2
A0A4Q4WJD1
A0A4Q4YCJ8
A0A4Q4ZTY8
A0A4Q7JTC3
A0A4Q9NZQ8
A0A4S4KPC5
A0A4S4LBZ8
A0A4S4M615
A0A4S4ME58
A0A4S8ME12
A0A4S8R4X4
A0A4T0E9H2
A0A4T0J295
A0A4T0X3M5
A0A4U0UIM9
A0A4U0W2Z8
A0A4U0WLP0
A0A4U0WP12
A0A4U0XJW0
A0A4U6XNH5
A0A4U7B3L9
A0A4V1J172
A0A4V4NCC7
A0A4Y7Q8W9
A0A4Y8D5M0
A0A4Y9ZPD1
A0A4Z1ERA9
A0A4Z1FG87
A0A4Z1G9Z9
A0A4Z1HMS9
A0A4Z1IB70
A0A4Z1K540
A0A4Z1KWW5
A0A4Z1P9R4
A0A507C3R0
A0A507DDN1
A0A507DZ54
A0A507EYF3
A0A507FC43
A0A511KIU8
A0A512UE76
A0A545A8T3
A0A559KZC3
A0A5B1QLE0
A0A5C3DPI7
A0A5C3DRZ5
A0A5C3FEP4
A0A5C3L618
A0A5C3M5Y7
A0A5C3N6Z2
A0A5C3PFY0
A0A5C3QII4
A0A5C5G002
A0A5C6GPG5
A0A5E8C6C8
A0A5J5EZX9
A0A5M3MPK9
A0A5M6BPB7
A0A5M8PK82
A0A5N5X6M8
A0A5N6DHP4
A0A5N6EM58
A0A5N6INC2
A0A5N6SLM0
A0A5N6TGH3
A0A5N6V644
A0A5N6VMF6
A0A5N6WWC3
A0A5N6ZAI8
A0A5N6ZTU0
A0A5N7B0A4
A0A5N7C512
A0A5N7DFB0
A0A5N7E472
A0A5Q0INC3
A0A5Q4BXU8
A0A5Q7YL57
A0A642UFI4
A0A642V443
A0A6A5QW81
A0A6A5RK65
A0A6A5T5J3
A0A6A6BKJ3
A0A6A6C6S2
A0A6A6HQK1
A0A6A6J9C6
A0A6A6P4D6
A0A6A6Q9X4
A0A6A6QPU8
A0A6A6SEP5
A0A6A6TFX3
A0A6A6XUG1
A0A6A6YHU9
A0A6A7A832
A0A6G1HLN5
A0A6G1KYM5
A0A6G1NI98
A0A6H0XWN9
A0A6J3M122
A0A6P8B1A3
A0A6S6WE23
A0A6V8H459
A0A6V8R1S0
A0A7C8LBJ1
A0A7C8MRQ0
A0A7D8Z598
A0A7D8Z6Q0
A0A7D9CXR7
A0A7H8R2X8
A0A7J6JER2
A0A7R7XYU8
A0A7S8DYC0
A0A7S9KUE6
A0A7U2F1Y0
A0A854Q2L7
A0A871R2T3
A0A875S8M6
A0A890D6R3
A0A899FSB6
A0A8A1M2S5
A0A8E0UT27
A0A8E2DKC3
A0A8E2F7A5
A0A8E2JCT9
A0A8G0PJX1
A0A8G1RQ74
A0A8H2Y052
A0A8H2ZP74
A0A8H3BAH4
A0A8H3DNS2
A0A8H3EWH9
A0A8H3GWF8
A0A8H3IUA3
A0A8H3V562
A0A8H3WTA0
A0A8H3X259
A0A8H4B6F1
A0A8H4CGE4
A0A8H4D3C9
A0A8H4JVI2
A0A8H4KIC7
A0A8H4PMX9
A0A8H4TPJ1
A0A8H4US37
A0A8H4W3U0
A0A8H4X9B2
A0A8H4XYP2
A0A8H4YK53
A0A8H4ZE86
A0A8H5B217
A0A8H5CC47
A0A8H5HG01
A0A8H5HLT8
A0A8H5IM30
A0A8H5JS14
A0A8H5K682
A0A8H5LE01
A0A8H5PGD3
A0A8H5QNS8
A0A8H5RKH4
A0A8H5TTY8
A0A8H5TY75
A0A8H5VAQ2
A0A8H5VTF3
A0A8H5YPV7
A0A8H5ZDP0
A0A8H6BEA1
A0A8H6CSC8
A0A8H6D9P4
A0A8H6EBP7
A0A8H6EHX0
A0A8H6F5P5
A0A8H6GH11
A0A8H6J347
A0A8H6K5G7
A0A8H6NA77
A0A8H6REP5
A0A8H6SJH0
A0A8H7BAG4
A0A8H7BVL0
A0A8H7DPV6
A0A8H7FE59
A0A8H7J1A9
A0A8H7LBP4
A0A8H7P5F3
A0A8H7Q3T0
A0A8H7RBI8
A0A8H7RS74
A0A8H7RVM0
A0A8H7RWE9
A0A8H7SP26
A0A8H7TAT6
A0A8H7Y124
A0A8H7YLD6
A0A8H7ZBU2
A0A8I2ZMU3
A0A8J2N0E0
A0A8J2ND76
A0A8J5BF22
A0A8J5BS43
A0A8J5NX40
A0A8J5QN98
A0A8J5U7W1
A0A8J8W9A7
A0A8K0JC14
A0A8K0JLL4
A0A8K0LGZ4
A0A8K0QHE7
A0A8K0R9R6
A0A8K0S9B2
A0A8K0T638
A0A8K0U1Z4
A0A8K0UVS3
A0A8R9Z5S3
A0A8S8ZTN7
A0A8S9BR23
A0A8S9D695
A0A8T8WR88
A0A8X7MMD8
A0A8X7N7W3
A0A8X7NP04
A1CEC9
A3LX96
A5DAL5
A5DVI2
A6QUB6
A7F8D7
A8PY00
B0CVR5
B0XVK0
B2WFH3
B6Q9D4
B8NNR4
B9W6Q2
C0NP83
C0SAR8
C1GDR7
C1GVI9
C4R215
C4Y704
C4YFF9
C5MEB0
C6HMG0
C7Z8N9
D5G7K2
D5G8B0
D8PX95
E2LVP8
E3QIM6
E3RJZ7
E6RFE2
E6ZKR4
E9DCZ8
E9ERY7
F0UN95
F2QRQ2
F4P411
F4RUY3
F5HD08
F7W7R3
F8MJH7
F9F835
G0RAA8
G0S3Y7
G2RE99
G2XJ19
G2XRZ4
G3AEG9
G3BF35
G3J3Y6
G4T8L9
G4UJE9
G8B630
G8YIW3
G9NAH1
G9NS68
H1UWG5
H8X285
I1CJ16
I1CL29
I1RFJ6
I2G511
I2K1Q5
I8THK1
J3KHN3
J4HTT6
J4UEV6
J9VVE1
K0KDF8
K1VQ67
K1X966
K2RFW4
K3UYI4
K5VYC2
K5WNF6
L2FNK0
M1WBU0
M2MZW2
M2QS20
M2TLG8
M3IK33
M5EPV2
M5GAX6
M7NNC7
M7SHH9
M7TYJ2
M7WR11
M9MCQ5
N1J6T2
N1S848
N4TRE6
N4VBA2
Q0UGZ8
Q2H355
Q2UMQ7
Q5AW33
Q5K7N6
Q6BKL8
Q6CEK9
R1E831
R4X786
R7T1N7
R7YG00
R8BWS1
S0E354
S2JPX3
S3CF83
S7Q4M3
S7ZT98
T0L1H3
T5AQ39
U4L654
U5HCQ4
U7Q288
U9UZN7
V9D5B4
W1Q7G3
W2S8J1
W3VQ23
W4K792
W6MSB3
W6QJZ4
W6YS34
W6Z9W5
W7EL61
W7MDI2
W9C492
W9IE29
W9K8E4
W9Q1N1
W9VUU7
W9WMW2
W9XVG2
W9Y7W3
X0A818
X0DCK5
X0HIC2
X0JL61
X0LCA4
