O43181
Q02375
Q5XIF3
Q9CXZ1
A0A0D9RVP6
A0A1S3FBY0
A0A1U7QZZ1
A0A1U7T1S7
A0A287AMN2
A0A2J8V606
A0A2K5DM14
A0A2K5MDS5
A0A2K5ZKC4
A0A2K6BT91
A0A2K6EI46
A0A2K6L0J6
A0A2K6NDL7
A0A2K6S647
A0A2R9ANH0
A0A452G117
A0A452SBW7
A0A452TH84
A0A4W2FJI1
A0A4X1SN37
A0A4X2LUM6
A0A5F5XLE1
A0A6D2X2C5
A0A6P4X6R9
A0A8B7FTX4
A0A8C9CXF0
A0A8C9KK86
A0A8I5N312
A0A8J8XAH3
A0A8J8XSU5
E9QPX3
F7AVF8
F7D9X4
G1P5E4
G1RJN1
G1SE27
G2HF81
G3W7E3
G7P7H7
I3M5W5
L8J4D9
M3YSB6
P0CB95
P0CB96
Q0MQH0
Q0MQH1
Q66XS7
U3CCC1
A0A091DIZ9
A0A091TN72
A0A093G156
A0A094KI88
A0A097RN14
A0A099ZZX0
A0A0F6MX05
A0A0S2Z433
A0A151MX66
A0A1S2ZGC4
A0A1U8E1K6
A0A1V4KRU5
A0A250YB34
A0A286XAG7
A0A2D4JUL5
A0A2I0U1K4
A0A2I2UUC0
A0A2J8K948
A0A2J8K956
A0A2J8V5W6
A0A2K5H714
A0A2K5RKV5
A0A2K6L0H4
A0A2K6L0I2
A0A2U3WV64
A0A2U3Y6H9
A0A2U4AXB6
A0A2U4AXT0
A0A2U9BTD4
A0A2Y9DST2
A0A2Y9HLI3
A0A2Y9ILV1
A0A2Y9QD09
A0A2Y9SXA8
A0A338P7A0
A0A340X6T1
A0A341B022
A0A384B7F0
A0A384B7K6
A0A384C7D6
A0A3B3RF16
A0A3B3RF98
A0A3B4AF23
A0A3B5Q4Q3
A0A3Q0DBI7
A0A3Q0DYX3
A0A3Q0SNJ8
A0A3Q1NH87
A0A3Q2HRK3
A0A3Q7Q486
A0A3Q7TSN2
A0A452GXG1
A0A452GXR1
A0A455BIA8
A0A455BIP7
A0A485PJQ4
A0A493SSB1
A0A493T3F7
A0A493T5T0
A0A493TDW2
A0A493TH28
A0A493TI64
A0A493TSL2
A0A4D9EWN1
A0A4U5UX87
A0A4W2E1P7
A0A4W2HIK4
A0A4W2HMN7
A0A4X1SN83
A0A4X1SN86
A0A4X1SN90
A0A5E4BZ45
A0A5F8G9C3
A0A5F8H3B6
A0A5F8H3D4
A0A5G2QZZ2
A0A5N3VJ79
A0A5N3WLL0
A0A5N3X8A1
A0A5N3XB70
A0A663EZC8
A0A667GQG2
A0A669QE39
A0A670JML2
A0A670JQU6
A0A670YMS5
A0A671G067
A0A671G5Q7
A0A672TQI8
A0A673SRY7
A0A673SRZ4
A0A674JPC1
A0A6A4SJ29
A0A6A5F418
A0A6B0QTE2
A0A6F9AG16
A0A6G0IK95
A0A6G1BC34
A0A6G1R3R9
A0A6I9IB82
A0A6I9LAL9
A0A6I9Y489
A0A6I9Z9Z3
A0A6J0GYH3
A0A6J0SSG8
A0A6J0YDA4
A0A6J1VJG7
A0A6J2AQM0
A0A6J2AR37
A0A6J2E8U8
A0A6J2GAA6
A0A6J2MN12
A0A6J3AFG8
A0A6J3EKH7
A0A6J3I2Z4
A0A6J3I3R5
A0A6J3I3S6
A0A6P3EB56
A0A6P3ETM4
A0A6P3IMG0
A0A6P3RC62
A0A6P4WVZ9
A0A6P5DJY3
A0A6P5DL86
A0A6P5DNE9
A0A6P5KVN0
A0A6P5LDK9
A0A6P5QZ49
A0A6P6BW81
A0A6P6BWE8
A0A6P6HVU5
A0A6P6HXR9
A0A6P9DLQ5
A0A6P9FF31
A0A6P9FHL8
A0A7J7Y0P7
A0A7J7Y167
A0A7J7Y1A2
A0A7J7Y1Q3
A0A7J7YXF1
A0A7J7YYL4
A0A7J8F1L3
A0A7J8F1L4
A0A7J8J1G4
A0A7J8J1N7
A0A7K4LA75
A0A7K4Q2J5
A0A7K4VLR2
A0A7K5EL39
A0A7K5GT70
A0A7K5QFC2
A0A7K5T9Y4
A0A7K5VWQ3
A0A7K6BIQ3
A0A7K6NM83
A0A7K6V408
A0A7K6Y5K1
A0A7K7CR21
A0A7K7GW36
A0A7K7IQ04
A0A7K7JI81
A0A7K7LL58
A0A7K7P0W2
A0A7K7QIN4
A0A7K7RIP1
A0A7K7UCP3
A0A7K7Z8H7
A0A7K8AST5
A0A7K8E6Q8
A0A7K8KZK5
A0A7K8RZZ9
A0A7K9GET3
A0A7K9JPB2
A0A7K9KML2
A0A7L0D6X9
A0A7L0UE74
A0A7L0XEH0
A0A7L0YL24
A0A7L1BJJ6
A0A7L1FV92
A0A7L1HCN4
A0A7L1MWQ5
A0A7L1QV51
A0A7L1S230
A0A7L1TVI8
A0A7L1XFI1
A0A7L2C238
A0A7L2CUI7
A0A7L2ESZ4
A0A7L2M906
A0A7L3JVF8
A0A7L3VS29
A0A7L3WKC8
A0A7L4EGM8
A0A7L4IVG9
A0A7L4LGF8
A0A7M4G1V4
A0A7N5JI33
A0A7N5JKJ3
A0A7N5P1E4
A0A803VME5
A0A811YEC5
A0A811Z5R1
A0A821MYC8
A0A834B3U8
A0A834ELZ9
A0A834EQK4
A0A835NM48
A0A850UX58
A0A851JHK4
A0A851K5R6
A0A851R0S8
A0A851SQV9
A0A851ZLJ5
A0A852CZ67
A0A8B6YGG7
A0A8B7APS4
A0A8B7FSZ1
A0A8B8SDX4
A0A8B8X8B4
A0A8B9CTN1
A0A8B9CWA9
A0A8B9EF56
A0A8B9FZJ8
A0A8B9JZK7
A0A8B9QVP2
A0A8B9R718
A0A8B9SI47
A0A8B9TXV8
A0A8B9Y8U2
A0A8B9YG79
A0A8C0AH12
A0A8C0G198
A0A8C0G5Z1
A0A8C0HUT7
A0A8C0JXH4
A0A8C0LCC8
A0A8C0LD29
A0A8C0LH71
A0A8C0LRM7
A0A8C0LVZ0
A0A8C0QH33
A0A8C0QK35
A0A8C0QNJ1
A0A8C0V7I6
A0A8C2N0L0
A0A8C2PEC6
A0A8C2PES0
A0A8C2PGR4
A0A8C2QZ52
A0A8C2V1A0
A0A8C2Y4Y8
A0A8C3BYG5
A0A8C3BYH3
A0A8C3DBE2
A0A8C3FK31
A0A8C3FMG4
A0A8C3FP56
A0A8C3L7F6
A0A8C3LBP5
A0A8C3MFK4
A0A8C3T2A2
A0A8C3VMQ5
A0A8C3YRL2
A0A8C4M0Y8
A0A8C4PD60
A0A8C4R5F1
A0A8C4R6W7
A0A8C4W3R5
A0A8C4W4T9
A0A8C5KFE0
A0A8C5KJL5
A0A8C5M4U7
A0A8C5SZB6
A0A8C5Z7B1
A0A8C6AG01
A0A8C6CD12
A0A8C6HUZ7
A0A8C6W9Z6
A0A8C7E3K6
A0A8C7E3L9
A0A8C7EJI9
A0A8C8AI76
A0A8C8R732
A0A8C8ZMB5
A0A8C9BYH6
A0A8C9HML6
A0A8C9QME9
A0A8D0GP80
A0A8D0KL30
A0A8D0RIB9
A0A8D0U192
A0A8D1BDS1
A0A8D1BDW0
A0A8D1BI34
A0A8D1D6F7
A0A8D1D6G3
A0A8D1N304
A0A8D1NAP4
A0A8D1YRR3
A0A8D2B583
A0A8D2B9R6
A0A8D2F317
A0A8D2ITY7
A0A8D2J1H6
A0A8D2KE97
A0A8D2MD75
A0A8D2MGC8
A0A8D2PSZ7
A0A8D2PW60
A0A8I3MV24
A0A8I3NJN4
A0A8I3RP18
A0A8I5NSA3
A0A8I5NZK0
A0A8I5ZK55
A0A8J6AFF0
A0A8J6FKD0
A0A8J6KLF3
A0A8J7T9C1
A0A8M1M969
A0A8M1MTI8
A0A8P0TST0
A0A8T1THI7
A0A8T2KQJ8
A0A8U0SNG2
B5FZK8
B5FZK9
C1BL59
D2HWQ3
D7NYH7
D7NYH8
D7NYH9
D7NYI0
F6WY50
G1KR79
G1L185
G3HE01
G3NL81
G3TEK3
G5C6Y6
G5E2S3
G8IFA6
G9KCZ5
H0W2T6
H0Y9M8
H0YW39
H3ASN4
H9F407
I3LQ38
K7FUB9
L5KKK5
L5M207
Q3T0R2
Q502E4
Q66KQ6
Q923F9
Q9CTT4
S4RHG3
S7PGG0
U3J3R1
U3K884
V8PE08
W5LV27
W5MJ57
W5PE07
A0A060YQD8
A0A087QP77
A0A087V9Q8
A0A087YBR6
A0A091E9L5
A0A091FTU4
A0A091GN50
A0A091IEE3
A0A091IT63
A0A091K4N9
A0A091KQF4
A0A091M1W0
A0A091MWJ7
A0A091NK63
A0A091PMH5
A0A091PW24
A0A091QH40
A0A091QRL6
A0A091SCZ2
A0A091TWG9
A0A091XYS0
A0A093C2J3
A0A093CYG2
A0A093FCK5
A0A093HWY7
A0A093IVV1
A0A093PA98
A0A093QN73
A0A093RZE5
A0A099ZAJ5
A0A099ZE67
A0A0E9WK94
A0A0P7UAM8
A0A0Q3PJ77
A0A0S7I7N9
A0A1A7WJA8
A0A1A8AIC8
A0A1A8BL58
A0A1A8FP14
A0A1A8K9R5
A0A1A8LHF0
A0A1A8Q3A0
A0A1L8I360
A0A1S3M7E4
A0A218UZC2
A0A226MVB9
A0A226PKD9
A0A2D0PN59
A0A2I0M5A4
A0A2I4BHJ4
A0A2P4T450
A0A315UXC1
A0A3B1IXW5
A0A3B1JJE1
A0A3B3CA79
A0A3B3CB11
A0A3B3I6E4
A0A3B3URZ9
A0A3B3US18
A0A3B3VW49
A0A3B3XFQ3
A0A3B4D6B1
A0A3B4D7Y5
A0A3B4F9P7
A0A3B4FB95
A0A3B4VLB1
A0A3B4WQG3
A0A3B4ZWX3
A0A3B5LX97
A0A3L8SPX6
A0A3M0J1U2
A0A3N0YYS2
A0A3P8P8R1
A0A3P8TEJ5
A0A3P9AMW7
A0A3P9C344
A0A3P9JIQ9
A0A3P9NWY7
A0A3P9NWZ0
A0A3Q1AR67
A0A3Q1EJB6
A0A3Q1JNU6
A0A3Q2G3J7
A0A3Q2G3K4
A0A3Q2GPI2
A0A3Q2QDA5
A0A3Q2SWM4
A0A3Q2WQJ0
A0A3Q2WRJ1
A0A3Q2XX12
A0A3Q2ZSU8
A0A3Q3GCV4
A0A3Q3IA04
A0A3Q3M5N6
A0A3Q3WFK2
A0A3Q4I2S9
A0A3Q4I2T3
A0A401P3H8
A0A401SPS6
A0A401TJ94
A0A437CZJ2
A0A444V3T8
A0A484DEB6
A0A498MPP0
A0A4W3JY05
A0A4W3JZG7
A0A4W4DMF2
A0A4W5QIT4
A0A4W6BKP3
A0A4Z2BCZ0
A0A4Z2F1P2
A0A553NL15
A0A556U824
A0A5A9P4C1
A0A5C6MZ83
A0A5J5DGY0
A0A5N5KE47
A0A663EYF9
A0A663N7G0
A0A665WI18
A0A667Z611
A0A668TCL1
A0A669CQS1
A0A671LM62
A0A671RYD9
A0A671XPI4
A0A672GYK1
A0A672H4B8
A0A672NSJ3
A0A672NW71
A0A672QXX6
A0A672ZXA5
A0A672ZY86
A0A673JYD1
A0A673K7I5
A0A673W0U7
A0A674H110
A0A6G1PZ96
A0A6I8PQR2
A0A6I9PKQ8
A0A6J0GWN6
A0A6J1VJ38
A0A6J2QCW9
A0A6J2VUH1
A0A6P3VXN2
A0A6P6K4M9
A0A6P6NAA4
A0A6P7J2R2
A0A6P7NKF5
A0A6P7X0C5
A0A6P8PY71
A0A6P8W6J9
A0A7J5ZUM8
A0A7J6D1I5
A0A7K4KX58
A0A7K4RPY0
A0A7K4SLH2
A0A7K4UQS5
A0A7K4WT74
A0A7K4Y8P1
A0A7K4ZQA3
A0A7K5C936
A0A7K5D372
A0A7K5FTT8
A0A7K5HEH8
A0A7K5IWR1
A0A7K5K266
A0A7K5LT20
A0A7K5P1L7
A0A7K5PVK3
A0A7K5SDH5
A0A7K5TRC2
A0A7K5VJ49
A0A7K5X619
A0A7K5YNT6
A0A7K5ZXY6
A0A7K6B9M0
A0A7K6DP86
A0A7K6ECC2
A0A7K6FZG9
A0A7K6GY78
A0A7K6I2J7
A0A7K6J3B0
A0A7K6JSK3
A0A7K6L9N5
A0A7K6PGZ4
A0A7K6Q9C9
A0A7K6RNI4
A0A7K6U058
A0A7K6W8G3
A0A7K6Z285
A0A7K6ZIK1
A0A7K7B2S3
A0A7K7C324
A0A7K7EMA2
A0A7K7F8U8
A0A7K7NDF9
A0A7K7UVV1
A0A7K7VUC6
A0A7K8BPB1
A0A7K8DHJ3
A0A7K8FM64
A0A7K8GPU7
A0A7K8HCI5
A0A7K8IQJ9
A0A7K8K6H6
A0A7K8MJL3
A0A7K8MUV6
A0A7K8PHU7
A0A7K8R4I6
A0A7K8TPM8
A0A7K8VZ55
A0A7K8XHG9
A0A7K8Z899
A0A7K9ACR7
A0A7K9APT5
A0A7K9BTY2
A0A7K9DHA0
A0A7K9E9S6
A0A7K9FR91
A0A7K9HZ29
A0A7K9JET7
A0A7K9LXJ7
A0A7K9MZK4
A0A7K9P9Q7
A0A7K9RN16
A0A7K9TAJ0
A0A7K9UCT2
A0A7K9WDB2
A0A7K9XRM7
A0A7K9YPV4
A0A7L0A6R1
A0A7L0AQE7
A0A7L0C7Q1
A0A7L0E709
A0A7L0GUP3
A0A7L0J872
A0A7L0JSN3
A0A7L0MMY1
A0A7L0NJX3
A0A7L0R031
A0A7L0RTI5
A0A7L0TFJ4
A0A7L0VJR9
A0A7L0WG32
A0A7L0Z9N8
A0A7L1AC19
A0A7L1D0Q6
A0A7L1E0Y5
A0A7L1G4S9
A0A7L1JR06
A0A7L1PK10
A0A7L1T6G5
A0A7L1UTC7
A0A7L1W5L1
A0A7L1Y6G9
A0A7L1ZYX9
A0A7L2G1G2
A0A7L2L2N8
A0A7L2MML4
A0A7L2NT07
A0A7L2W4Y2
A0A7L3BC47
A0A7L3CS28
A0A7L3IDI6
A0A7L3LPY2
A0A7L3MWC4
A0A7L3PWD7
A0A7L3QN95
A0A7L3SCJ4
A0A7L3TB46
A0A7L3UKK9
A0A7L3ZZG8
A0A7L4CZM3
A0A7L4F518
A0A7L4H272
A0A7L4JJQ8
A0A7L4MH13
A0A7N8X8S3
A0A803YAN7
A0A822ELF5
A0A850TMU6
A0A850X0A0
A0A851LYN9
A0A851MGW3
A0A851NVX2
A0A851PEH3
A0A851SQX8
A0A851VV20
A0A851WHM1
A0A851ZF81
A0A852CNG6
A0A852J2M0
A0A852L2G3
A0A852MA98
A0A852MUF6
A0A852NWI4
A0A8B9H0Q2
A0A8B9JZK4
A0A8B9MVS5
A0A8B9N6G4
A0A8B9PSH5
A0A8B9PZA6
A0A8B9RW02
A0A8C0BPJ2
A0A8C0F0S3
A0A8C0V1L5
A0A8C0V4P3
A0A8C0V6I4
A0A8C1C2Y2
A0A8C1C340
A0A8C1E442
A0A8C1E8D2
A0A8C1QT32
A0A8C1QT99
A0A8C1R7N5
A0A8C1WLI5
A0A8C2D6C5
A0A8C2DQM3
A0A8C2WN48
A0A8C3DCS6
A0A8C3JJK8
A0A8C3JJP8
A0A8C3RFA1
A0A8C3U258
A0A8C3U5X9
A0A8C3Y0Z4
A0A8C4B5W6
A0A8C4U6N6
A0A8C4XC40
A0A8C4Z7G7
A0A8C5H062
A0A8C5U7M0
A0A8C5U9D8
A0A8C5U9Z3
A0A8C6JU14
A0A8C6P482
A0A8C6UZ20
A0A8C6V4E2
A0A8C6V807
A0A8C6XXI4
A0A8C6YKX6
A0A8C6YNH2
A0A8C7E874
A0A8C7MRF6
A0A8C7SYN9
A0A8C7WXG2
A0A8C8AJX1
A0A8C8DH60
A0A8C8HCL4
A0A8C8HD36
A0A8C8HE74
A0A8C8HF24
A0A8C9L9T6
A0A8C9N3I9
A0A8C9RSX1
A0A8C9ZY93
A0A8D0FQK6
A0A8J0QXH1
A0A8J4ITY6
A0A8J4KKL8
A0A8J4KR60
A0A8J4ML89
A0A8J4NHX5
A0A8J4X688
A0A8K0AV63
A0A8K0BWU6
A0A8K0F869
A0A8K1G962
A0A8S4B6E3
A0A8S9EKG0
A0A8T0A8Z7
A0A8T2IAP5
A0A8T2PUV8
A0A8T3DTC0
A0A8U1H2Y3
A0A8U7NQ85
A0A8U7NQ95
A0A8U8AZ50
A0A8V0Y9V7
A0A8V0YN06
A0A8X7XFR4
A4QN99
B9EM30
C1BZJ0
G3NL83
H2V081
M4A6W9
M7BX25
Q4JHY8
Q4RSP0
Q5ZJL0
Q8QGH0
R0L6H1
U3K883
V9LEI2
W5LK78
W5MJ76
