0
1
2
3
5
7
8
9
11
12
13
14
15
16
17
18
19
20
21
22
23
24
25
26
27
28
29
30
47
48
49
53
54
55
56
57
58
59
60
61
62
63
64
65
66
67
68
69
71
72
73
75
102
103
104
110
112
114
134
154
180
228
231
234
264
268
276
282
286
291
292
293
296
297
298
299
315
316
317
318
319
321
322
323
324
325
337
338
339
345
346
347
354
355
356
357
372
373
374
375
376
377
378
392
393
394
395
397
398
399
400
401
402
403
404
406
437
441
442
443
444
445
446
476
477
478
479
480
484
485
486
487
496
497
498
499
500
501
502
503
504
505
506
507
509
511
528
529
530
532
538
539
540
542
543
544
546
547
551
553
554
555
556
557
559
560
561
562
563
566
567
568
569
571
572
573
574
575
576
577
578
579
580
581
586
587
588
597
598
599
600
601
602
603
604
605
606
607
608
609
610
611
612
613
614
615
616
617
618
619
620
621
622
623
624
625
626
627
628
629
630
631
632
633
634
635
636
637
638
639
640
641
642
643
644
645
646
647
648
649
650
651
652
653
654
655
656
657
658
663
664
665
681
683
684
693
695
696
697
698
705
706
707
708
709
710
711
713
714
715
718
719
720
721
722
723
724
725
726
727
728
729
730
731
732
733
734
735
736
737
738
739
740
741
742
743
744
745
746
747
748
749
750
751
752
753
754
755
756
757
758
759
760
761
762
763
764
765
766
767
768
769
770
771
772
773
774
775
776
777
778
779
780
781
782
783
784
785
786
787
788
789
790
791
792
793
794
795
796
797
798
799
800
801
802
803
804
805
806
807
808
809
848
849
850
851
852
853
856
857
858
859
862
863
864
871
872
877
889
890
894
900
906
907
908
909
925
930
931
934
935
936
939
940
944
945
947
948
949
950
953
954
962
967
968
982
985
986
989
990
997
998
1007
1008
1013
1015
1016
1017
1077
1169
1173
1175
1188
1190
1192
1194
1195
1197
1198
1201
1202
1203
1205
1206
1208
1209
1212
1215
1219
1220
1222
1224
1229
1230
1233
1235
1237
1270
1271
1420
1634
1647
1762
2017
2018
2019
2020
2021
2022
2023
2427
