Larimichthys_crocea
Labrus_bergylta
Perca_flavescens
Cottoperca_gobio
Takifugu_rubripes
Sparus_aurata
Sander_lucioperca
Anarrhichthys_ocellatus
Epinephelus_lanceolatus
Pseudochaenichthys_georgianus
Trematomus_bernacchii
Gymnodraco_acuticeps
Cyclopterus_lumpus
Etheostoma_cragini
Acanthopagrus_latus
Pungitius_pungitius
Sebastes_umbrosus
Micropterus_salmoides
Perca_fluviatilis
Gasterosteus_aculeatus_aculeatus
Chelmon_rostratus
Plectropomus_leopardus
Siniperca_chuatsi
Micropterus_dolomieu
Scatophagus_argus
Epinephelus_fuscoguttatus
Dicentrarchus_labrax
Anoplopoma_fimbria
