
Loaded 'libv3/convenience/matrix.bf' from /usr/local/lib/hyphy/TemplateBatchFiles/libv3/convenience/matrix.bf
Loaded 'libv3/UtilityFunctions.bf' from /usr/local/lib/hyphy/TemplateBatchFiles/libv3/UtilityFunctions.bf
Loaded 'IOFunctions.bf' from /usr/local/lib/hyphy/TemplateBatchFiles/libv3/IOFunctions.bf
Already loaded 'libv3/UtilityFunctions.bf' from /usr/local/lib/hyphy/TemplateBatchFiles/libv3/UtilityFunctions.bf
Loaded 'convenience/regexp.bf' from /usr/local/lib/hyphy/TemplateBatchFiles/libv3/convenience/regexp.bf
Loaded 'libv3/all-terms.bf' from /usr/local/lib/hyphy/TemplateBatchFiles/libv3/all-terms.bf
Variable 'skipCodeSelectionStep' was not initialized prior to being used
Row and/or column partition is empty. All the data will be used by default.
Overwritten previously defined function:'GaussLaguerreQuardature'
Overwritten previously defined function:'GammaQuadWeight'
Variable 'SKIP_HARVEST_FREQ' was not initialized prior to being used
Variable '_WRAP_PASSTHROUGH_FLAG_' was not initialized prior to being used
Variable 'END_OF_FILE' was not initialized prior to being used
Variable '_DO_TREE_REBALANCE_' was not initialized prior to being used
Variable '_KEEP_I_LABELS_' was not initialized prior to being used
Model MG94customModel assigned to Sphaerodactylus_townsendi
Sphaerodactylus_townsendi has 2 parameters - branch length not assigned
Model MG94customModel assigned to Python_bivittatus
Python_bivittatus has 2 parameters - branch length not assigned
Model MG94customModel assigned to Pseudonaja_textilis
Pseudonaja_textilis has 2 parameters - branch length not assigned
Model MG94customModel assigned to Notechis_scutatus
Notechis_scutatus has 2 parameters - branch length not assigned
Model MG94customModel assigned to Node5
Node5 has 2 parameters - branch length not assigned
Model MG94customModel assigned to Pantherophis_guttatus
Pantherophis_guttatus has 2 parameters - branch length not assigned
Model MG94customModel assigned to Thamnophis_elegans
Thamnophis_elegans has 2 parameters - branch length not assigned
Model MG94customModel assigned to Node8
Node8 has 2 parameters - branch length not assigned
Model MG94customModel assigned to Node4
Node4 has 2 parameters - branch length not assigned
Model MG94customModel assigned to Crotalus_tigris
Crotalus_tigris has 2 parameters - branch length not assigned
Model MG94customModel assigned to Protobothrops_mucrosquamatus
Protobothrops_mucrosquamatus has 2 parameters - branch length not assigned
Model MG94customModel assigned to Node11
Node11 has 2 parameters - branch length not assigned
Model MG94customModel assigned to Node3
Node3 has 2 parameters - branch length not assigned
The tips of the tree:givenTree were matched with the species names from the data in the following numeric order (0-based) {0,7,2,1,4,3,6,5}

Pseudo-optimal path's cost 4612 vs 7592 for 1..k=> a 1.64614 x improvement
Partition 0 reversible model flag computed as 1
Variable 'theLnLik' was not initialized prior to being used
Variable 'SAVE_OPT_STATUS_TO' was not initialized prior to being used
Variable 'givenTree.Sphaerodactylus_townsendi.nonSynRate' was not initialized prior to being used
Variable 'givenTree.Sphaerodactylus_townsendi.synRate' was not initialized prior to being used
Variable 'givenTree.Python_bivittatus.nonSynRate' was not initialized prior to being used
Variable 'givenTree.Python_bivittatus.synRate' was not initialized prior to being used
Variable 'givenTree.Pseudonaja_textilis.nonSynRate' was not initialized prior to being used
Variable 'givenTree.Pseudonaja_textilis.synRate' was not initialized prior to being used
Variable 'givenTree.Notechis_scutatus.nonSynRate' was not initialized prior to being used
Variable 'givenTree.Notechis_scutatus.synRate' was not initialized prior to being used
Variable 'givenTree.Pantherophis_guttatus.nonSynRate' was not initialized prior to being used
Variable 'givenTree.Pantherophis_guttatus.synRate' was not initialized prior to being used
Variable 'givenTree.Thamnophis_elegans.nonSynRate' was not initialized prior to being used
Variable 'givenTree.Thamnophis_elegans.synRate' was not initialized prior to being used
Variable 'givenTree.Crotalus_tigris.nonSynRate' was not initialized prior to being used
Variable 'givenTree.Crotalus_tigris.synRate' was not initialized prior to being used
Variable 'givenTree.Protobothrops_mucrosquamatus.nonSynRate' was not initialized prior to being used
Variable 'givenTree.Protobothrops_mucrosquamatus.synRate' was not initialized prior to being used
Variable 'givenTree.Node5.nonSynRate' was not initialized prior to being used
Variable 'givenTree.Node5.synRate' was not initialized prior to being used
Variable 'givenTree.Node8.nonSynRate' was not initialized prior to being used
Variable 'givenTree.Node8.synRate' was not initialized prior to being used
Variable 'givenTree.Node4.nonSynRate' was not initialized prior to being used
Variable 'givenTree.Node4.synRate' was not initialized prior to being used
Variable 'givenTree.Node11.nonSynRate' was not initialized prior to being used
Variable 'givenTree.Node11.synRate' was not initialized prior to being used
Variable 'givenTree.Node3.nonSynRate' was not initialized prior to being used
Variable 'givenTree.Node3.synRate' was not initialized prior to being used
Site 16 evaluated to a 0 probability in ComputeTreeBlockByBranch
Site 16 evaluated to a 0 probability in ComputeTreeBlockByBranch
Site 478 evaluated to a 0 probability in ComputeTreeBlockByBranch
Site 507 evaluated to a 0 probability in ComputeTreeBlockByBranch
Site 16 evaluated to a 0 probability in ComputeTreeBlockByBranch
Site 55 evaluated to a 0 probability in ComputeTreeBlockByBranch
Site 332 evaluated to a 0 probability in ComputeTreeBlockByBranch
Site 16 evaluated to a 0 probability in ComputeTreeBlockByBranch
Site 478 evaluated to a 0 probability in ComputeTreeBlockByBranch
Site 263 evaluated to a 0 probability in ComputeTreeBlockByBranch
Site 16 evaluated to a 0 probability in ComputeTreeBlockByBranch
Site 416 evaluated to a 0 probability in ComputeTreeBlockByBranch
Site 77 evaluated to a 0 probability in ComputeTreeBlockByBranch
Site 162 evaluated to a 0 probability in ComputeTreeBlockByBranch
Site 552 evaluated to a 0 probability in ComputeTreeBlockByBranch
Site 2 evaluated to a 0 probability in ComputeTreeBlockByBranch
Site 16 evaluated to a 0 probability in ComputeTreeBlockByBranch
Site 17 evaluated to a 0 probability in ComputeTreeBlockByBranch
Site 111 evaluated to a 0 probability in ComputeTreeBlockByBranch
Site 527 evaluated to a 0 probability in ComputeTreeBlockByBranch
Site 572 evaluated to a 0 probability in ComputeTreeBlockByBranch
Site 202 evaluated to a 0 probability in ComputeTreeBlockByBranch
Site 16 evaluated to a 0 probability in ComputeTreeBlockByBranch
Site 145 evaluated to a 0 probability in ComputeTreeBlockByBranch
Site 605 evaluated to a 0 probability in ComputeTreeBlockByBranch
Site 601 evaluated to a 0 probability in ComputeTreeBlockByBranch
Site 137 evaluated to a 0 probability in ComputeTreeBlockByBranch
Site 542 evaluated to a 0 probability in ComputeTreeBlockByBranch
Site 519 evaluated to a 0 probability in ComputeTreeBlockByBranch
Site 16 evaluated to a 0 probability in ComputeTreeBlockByBranch
Site 50 evaluated to a 0 probability in ComputeTreeBlockByBranch
Site 332 evaluated to a 0 probability in ComputeTreeBlockByBranch
Site 263 evaluated to a 0 probability in ComputeTreeBlockByBranch
Site 295 evaluated to a 0 probability in ComputeTreeBlockByBranch
Site 331 evaluated to a 0 probability in ComputeTreeBlockByBranch
Site 478 evaluated to a 0 probability in ComputeTreeBlockByBranch
Site 47 evaluated to a 0 probability in ComputeTreeBlockByBranch
Site 214 evaluated to a 0 probability in ComputeTreeBlockByBranch
Site 16 evaluated to a 0 probability in ComputeTreeBlockByBranch
Site 527 evaluated to a 0 probability in ComputeTreeBlockByBranch
Site 543 evaluated to a 0 probability in ComputeTreeBlockByBranch
Site 298 evaluated to a 0 probability in ComputeTreeBlockByBranch
Site 547 evaluated to a 0 probability in ComputeTreeBlockByBranch
Site 272 evaluated to a 0 probability in ComputeTreeBlockByBranch
Site 17 evaluated to a 0 probability in ComputeTreeBlockByBranch
Site 416 evaluated to a 0 probability in ComputeTreeBlockByBranch
Site 162 evaluated to a 0 probability in ComputeTreeBlockByBranch
Site 392 evaluated to a 0 probability in ComputeTreeBlockByBranch
Site 16 evaluated to a 0 probability in ComputeTreeBlockByBranch
Site 515 evaluated to a 0 probability in ComputeTreeBlockByBranch
Site 77 evaluated to a 0 probability in ComputeTreeBlockByBranch
Site 552 evaluated to a 0 probability in ComputeTreeBlockByBranch
Site 273 evaluated to a 0 probability in ComputeTreeBlockByBranch
Site 349 evaluated to a 0 probability in ComputeTreeBlockByBranch
Site 14 evaluated to a 0 probability in ComputeTreeBlockByBranch
Site 379 evaluated to a 0 probability in ComputeTreeBlockByBranch
Site 16 evaluated to a 0 probability in ComputeTreeBlockByBranch
Site 327 evaluated to a 0 probability in ComputeTreeBlockByBranch
Site 437 evaluated to a 0 probability in ComputeTreeBlockByBranch
Site 371 evaluated to a 0 probability in ComputeTreeBlockByBranch
Site 462 evaluated to a 0 probability in ComputeTreeBlockByBranch
Site 317 evaluated to a 0 probability in ComputeTreeBlockByBranch
Site 490 evaluated to a 0 probability in ComputeTreeBlockByBranch
Site 175 evaluated to a 0 probability in ComputeTreeBlockByBranch
Site 221 evaluated to a 0 probability in ComputeTreeBlockByBranch
Site 415 evaluated to a 0 probability in ComputeTreeBlockByBranch
Site 527 evaluated to a 0 probability in ComputeTreeBlockByBranch
Site 111 evaluated to a 0 probability in ComputeTreeBlockByBranch
Site 71 evaluated to a 0 probability in ComputeTreeBlockByBranch
Site 106 evaluated to a 0 probability in ComputeTreeBlockByBranch
Site 409 evaluated to a 0 probability in ComputeTreeBlockByBranch
Site 569 evaluated to a 0 probability in ComputeTreeBlockByBranch
Site 16 evaluated to a 0 probability in ComputeTreeBlockByBranch
Site 60 evaluated to a 0 probability in ComputeTreeBlockByBranch
Site 2 evaluated to a 0 probability in ComputeTreeBlockByBranch
Site 533 evaluated to a 0 probability in ComputeTreeBlockByBranch
Site 572 evaluated to a 0 probability in ComputeTreeBlockByBranch
Site 17 evaluated to a 0 probability in ComputeTreeBlockByBranch
Site 160 evaluated to a 0 probability in ComputeTreeBlockByBranch
Site 120 evaluated to a 0 probability in ComputeTreeBlockByBranch
Site 344 evaluated to a 0 probability in ComputeTreeBlockByBranch
Site 439 evaluated to a 0 probability in ComputeTreeBlockByBranch
Site 88 evaluated to a 0 probability in ComputeTreeBlockByBranch
Site 84 evaluated to a 0 probability in ComputeTreeBlockByBranch
Site 602 evaluated to a 0 probability in ComputeTreeBlockByBranch
Site 188 evaluated to a 0 probability in ComputeTreeBlockByBranch
Site 16 evaluated to a 0 probability in ComputeTreeBlockByBranch
Site 180 evaluated to a 0 probability in ComputeTreeBlockByBranch
Site 401 evaluated to a 0 probability in ComputeTreeBlockByBranch
Site 399 evaluated to a 0 probability in ComputeTreeBlockByBranch
Site 337 evaluated to a 0 probability in ComputeTreeBlockByBranch
Auto-benchmarked an optimal number (12) of threads.
Set GUI update interval to every 434-th LF evaluation.
Initial guess for givenTree.Python_bivittatus.nonSynRate is 0.187743
Initial guess for givenTree.Python_bivittatus.synRate is 0.173835
Initial guess for givenTree.Node3.nonSynRate is 0.0099772
Initial guess for givenTree.Node3.synRate is 0.02551
Initial guess for givenTree.Node4.nonSynRate is 0.0100279
Initial guess for givenTree.Node4.synRate is 0.00720422
Initial guess for givenTree.Node5.nonSynRate is 0.0259922
Initial guess for givenTree.Node5.synRate is 0.0090386
Initial guess for givenTree.Pseudonaja_textilis.nonSynRate is 0.0482997
Initial guess for givenTree.Pseudonaja_textilis.synRate is 0.0088155
Initial guess for givenTree.Notechis_scutatus.nonSynRate is 0.0056066
Initial guess for givenTree.Notechis_scutatus.synRate is 0.00108097
Initial guess for givenTree.Node8.nonSynRate is 0.00273041
Initial guess for givenTree.Node8.synRate is 0.000381198
Initial guess for givenTree.Pantherophis_guttatus.nonSynRate is 0.00252902
Initial guess for givenTree.Pantherophis_guttatus.synRate is 0.00250649
Initial guess for givenTree.Thamnophis_elegans.nonSynRate is 0.0186248
Initial guess for givenTree.Thamnophis_elegans.synRate is 0.0100686
Initial guess for givenTree.Node11.nonSynRate is 0.0119145
Initial guess for givenTree.Node11.synRate is 0.00699539
Initial guess for givenTree.Crotalus_tigris.nonSynRate is 0.0210292
Initial guess for givenTree.Crotalus_tigris.synRate is 0.0152707
Initial guess for givenTree.Protobothrops_mucrosquamatus.nonSynRate is 0.00989143
Initial guess for givenTree.Protobothrops_mucrosquamatus.synRate is 0.00495906
Optimization settings:
	OPTIMIZATION_METHOD = 4
	OPTIMIZATION_PRECISION = 0.001
	MAXIMUM_ITERATIONS_PER_VARIABLE = 5000

Initial parameter values

GT = 1
CT = 1
AC = 1
CG = 1
AT = 1
givenTree.Sphaerodactylus_townsendi.synRate = 0.1
givenTree.Sphaerodactylus_townsendi.nonSynRate = 0.1
givenTree.Python_bivittatus.synRate = 0.173835
givenTree.Python_bivittatus.nonSynRate = 0.187743
givenTree.Pseudonaja_textilis.synRate = 0.0088155
givenTree.Pseudonaja_textilis.nonSynRate = 0.0482997
givenTree.Notechis_scutatus.synRate = 0.00108097
givenTree.Notechis_scutatus.nonSynRate = 0.0056066
givenTree.Node5.synRate = 0.0090386
givenTree.Node5.nonSynRate = 0.0259922
givenTree.Pantherophis_guttatus.synRate = 0.00250649
givenTree.Pantherophis_guttatus.nonSynRate = 0.00252902
givenTree.Thamnophis_elegans.synRate = 0.0100686
givenTree.Thamnophis_elegans.nonSynRate = 0.0186248
givenTree.Node8.synRate = 0.000381198
givenTree.Node8.nonSynRate = 0.00273041
givenTree.Node4.synRate = 0.00720422
givenTree.Node4.nonSynRate = 0.0100279
givenTree.Crotalus_tigris.synRate = 0.0152707
givenTree.Crotalus_tigris.nonSynRate = 0.0210292
givenTree.Protobothrops_mucrosquamatus.synRate = 0.00495906
givenTree.Protobothrops_mucrosquamatus.nonSynRate = 0.00989143
givenTree.Node11.synRate = 0.00699539
givenTree.Node11.nonSynRate = 0.0119145
givenTree.Node3.synRate = 0.02551
givenTree.Node3.nonSynRate = 0.0099772
Site 113 evaluated to a 0 probability in ComputeTreeBlockByBranch
Site 452 evaluated to a 0 probability in ComputeTreeBlockByBranch
Site 500 evaluated to a 0 probability in ComputeTreeBlockByBranch
Site 588 evaluated to a 0 probability in ComputeTreeBlockByBranch
Site 301 evaluated to a 0 probability in ComputeTreeBlockByBranch
Site 110 evaluated to a 0 probability in ComputeTreeBlockByBranch
Site 227 evaluated to a 0 probability in ComputeTreeBlockByBranch
Site 403 evaluated to a 0 probability in ComputeTreeBlockByBranch
Site 222 evaluated to a 0 probability in ComputeTreeBlockByBranch
Site 505 evaluated to a 0 probability in ComputeTreeBlockByBranch
Optimization finished in 28 loop passes.
3549 likelihood evaluation calls and 12787 matrix exponentiations calls were made

Variable 'lastDepth' was not initialized prior to being used
No nodel was assigned to Sphaerodactylus_townsendi
Sphaerodactylus_townsendi has 0 parameters - branch length not assigned
No nodel was assigned to Python_bivittatus
Python_bivittatus has 0 parameters - branch length not assigned
No nodel was assigned to Pseudonaja_textilis
Pseudonaja_textilis has 0 parameters - branch length not assigned
No nodel was assigned to Notechis_scutatus
Notechis_scutatus has 0 parameters - branch length not assigned
No nodel was assigned to Node5
Node5 has 0 parameters - branch length not assigned
No nodel was assigned to Pantherophis_guttatus
Pantherophis_guttatus has 0 parameters - branch length not assigned
No nodel was assigned to Thamnophis_elegans
Thamnophis_elegans has 0 parameters - branch length not assigned
No nodel was assigned to Node8
Node8 has 0 parameters - branch length not assigned
No nodel was assigned to Node4
Node4 has 0 parameters - branch length not assigned
No nodel was assigned to Crotalus_tigris
Crotalus_tigris has 0 parameters - branch length not assigned
No nodel was assigned to Protobothrops_mucrosquamatus
Protobothrops_mucrosquamatus has 0 parameters - branch length not assigned
No nodel was assigned to Node11
Node11 has 0 parameters - branch length not assigned
No nodel was assigned to Node3
Node3 has 0 parameters - branch length not assigned
No nodel was assigned to Sphaerodactylus_townsendi
Sphaerodactylus_townsendi has 0 parameters - branch length not assigned
No nodel was assigned to Python_bivittatus
Python_bivittatus has 0 parameters - branch length not assigned
No nodel was assigned to Pseudonaja_textilis
Pseudonaja_textilis has 0 parameters - branch length not assigned
No nodel was assigned to Notechis_scutatus
Notechis_scutatus has 0 parameters - branch length not assigned
No nodel was assigned to Node5
Node5 has 0 parameters - branch length not assigned
No nodel was assigned to Pantherophis_guttatus
Pantherophis_guttatus has 0 parameters - branch length not assigned
No nodel was assigned to Thamnophis_elegans
Thamnophis_elegans has 0 parameters - branch length not assigned
No nodel was assigned to Node8
Node8 has 0 parameters - branch length not assigned
No nodel was assigned to Node4
Node4 has 0 parameters - branch length not assigned
No nodel was assigned to Crotalus_tigris
Crotalus_tigris has 0 parameters - branch length not assigned
No nodel was assigned to Protobothrops_mucrosquamatus
Protobothrops_mucrosquamatus has 0 parameters - branch length not assigned
No nodel was assigned to Node11
Node11 has 0 parameters - branch length not assigned
No nodel was assigned to Node3
Node3 has 0 parameters - branch length not assigned
No nodel was assigned to Sphaerodactylus_townsendi
Sphaerodactylus_townsendi has 0 parameters - branch length not assigned
No nodel was assigned to Python_bivittatus
Python_bivittatus has 0 parameters - branch length not assigned
No nodel was assigned to Pseudonaja_textilis
Pseudonaja_textilis has 0 parameters - branch length not assigned
No nodel was assigned to Notechis_scutatus
Notechis_scutatus has 0 parameters - branch length not assigned
No nodel was assigned to Node5
Node5 has 0 parameters - branch length not assigned
No nodel was assigned to Pantherophis_guttatus
Pantherophis_guttatus has 0 parameters - branch length not assigned
No nodel was assigned to Thamnophis_elegans
Thamnophis_elegans has 0 parameters - branch length not assigned
No nodel was assigned to Node8
Node8 has 0 parameters - branch length not assigned
No nodel was assigned to Node4
Node4 has 0 parameters - branch length not assigned
No nodel was assigned to Crotalus_tigris
Crotalus_tigris has 0 parameters - branch length not assigned
No nodel was assigned to Protobothrops_mucrosquamatus
Protobothrops_mucrosquamatus has 0 parameters - branch length not assigned
No nodel was assigned to Node11
Node11 has 0 parameters - branch length not assigned
No nodel was assigned to Node3
Node3 has 0 parameters - branch length not assigned
No nodel was assigned to Sphaerodactylus_townsendi
Sphaerodactylus_townsendi has 0 parameters - branch length not assigned
No nodel was assigned to Python_bivittatus
Python_bivittatus has 0 parameters - branch length not assigned
No nodel was assigned to Pseudonaja_textilis
Pseudonaja_textilis has 0 parameters - branch length not assigned
No nodel was assigned to Notechis_scutatus
Notechis_scutatus has 0 parameters - branch length not assigned
No nodel was assigned to Node5
Node5 has 0 parameters - branch length not assigned
No nodel was assigned to Pantherophis_guttatus
Pantherophis_guttatus has 0 parameters - branch length not assigned
No nodel was assigned to Thamnophis_elegans
Thamnophis_elegans has 0 parameters - branch length not assigned
No nodel was assigned to Node8
Node8 has 0 parameters - branch length not assigned
No nodel was assigned to Node4
Node4 has 0 parameters - branch length not assigned
No nodel was assigned to Crotalus_tigris
Crotalus_tigris has 0 parameters - branch length not assigned
No nodel was assigned to Protobothrops_mucrosquamatus
Protobothrops_mucrosquamatus has 0 parameters - branch length not assigned
No nodel was assigned to Node11
Node11 has 0 parameters - branch length not assigned
No nodel was assigned to Node3
Node3 has 0 parameters - branch length not assigned
Variable 'nodeName' was not initialized prior to being used
Variable 'speciesIndex' was not initialized prior to being used
Row and/or column partition is empty. All the data will be used by default.
Model MG94customModel assigned to Sphaerodactylus_townsendi
Model MG94customModel assigned to Python_bivittatus
One branch tree supplied - hopefully this IS what you meant to do.
Rooted tree. Removing one branch - the left root child has been promoted to be the new root
Partition 0 reversible model flag computed as 1
Variable 'twoLnLik' was not initialized prior to being used
Variable 't2.Python_bivittatus.nonSynRate' was not initialized prior to being used
Variable 't2.Python_bivittatus.synRate' was not initialized prior to being used
Auto-benchmarked an optimal number (3) of threads.
Set GUI update interval to every 8474-th LF evaluation.
Optimization settings:
	OPTIMIZATION_METHOD = 4
	OPTIMIZATION_PRECISION = 0.001
	MAXIMUM_ITERATIONS_PER_VARIABLE = 5000

Initial parameter values

t2.Python_bivittatus.nonSynRate = 0.1
t2.Python_bivittatus.synRate = 0.1
Optimization finished in 6 loop passes.
204 likelihood evaluation calls and 188 matrix exponentiations calls were made

Row and/or column partition is empty. All the data will be used by default.
Model MG94customModel assigned to Sphaerodactylus_townsendi
Model MG94customModel assigned to Pseudonaja_textilis
One branch tree supplied - hopefully this IS what you meant to do.
Rooted tree. Removing one branch - the left root child has been promoted to be the new root
Partition 0 reversible model flag computed as 1
Variable 't2.Pseudonaja_textilis.nonSynRate' was not initialized prior to being used
Variable 't2.Pseudonaja_textilis.synRate' was not initialized prior to being used
Auto-benchmarked an optimal number (4) of threads.
Set GUI update interval to every 8620-th LF evaluation.
Optimization settings:
	OPTIMIZATION_METHOD = 4
	OPTIMIZATION_PRECISION = 0.001
	MAXIMUM_ITERATIONS_PER_VARIABLE = 5000

Initial parameter values

t2.Pseudonaja_textilis.nonSynRate = 0.1
t2.Pseudonaja_textilis.synRate = 0.1
Optimization finished in 6 loop passes.
237 likelihood evaluation calls and 217 matrix exponentiations calls were made

Row and/or column partition is empty. All the data will be used by default.
Model MG94customModel assigned to Sphaerodactylus_townsendi
Model MG94customModel assigned to Notechis_scutatus
One branch tree supplied - hopefully this IS what you meant to do.
Rooted tree. Removing one branch - the left root child has been promoted to be the new root
Partition 0 reversible model flag computed as 1
Variable 't2.Notechis_scutatus.synRate' was not initialized prior to being used
Variable 't2.Notechis_scutatus.nonSynRate' was not initialized prior to being used
Auto-benchmarked an optimal number (3) of threads.
Set GUI update interval to every 8620-th LF evaluation.
Optimization settings:
	OPTIMIZATION_METHOD = 4
	OPTIMIZATION_PRECISION = 0.001
	MAXIMUM_ITERATIONS_PER_VARIABLE = 5000

Initial parameter values

t2.Notechis_scutatus.synRate = 0.1
t2.Notechis_scutatus.nonSynRate = 0.1
Optimization finished in 6 loop passes.
245 likelihood evaluation calls and 227 matrix exponentiations calls were made

Row and/or column partition is empty. All the data will be used by default.
Model MG94customModel assigned to Sphaerodactylus_townsendi
Model MG94customModel assigned to Pantherophis_guttatus
One branch tree supplied - hopefully this IS what you meant to do.
Rooted tree. Removing one branch - the left root child has been promoted to be the new root
Partition 0 reversible model flag computed as 1
Variable 't2.Pantherophis_guttatus.nonSynRate' was not initialized prior to being used
Variable 't2.Pantherophis_guttatus.synRate' was not initialized prior to being used
Auto-benchmarked an optimal number (5) of threads.
Set GUI update interval to every 8771-th LF evaluation.
Optimization settings:
	OPTIMIZATION_METHOD = 4
	OPTIMIZATION_PRECISION = 0.001
	MAXIMUM_ITERATIONS_PER_VARIABLE = 5000

Initial parameter values

t2.Pantherophis_guttatus.nonSynRate = 0.1
t2.Pantherophis_guttatus.synRate = 0.1
Optimization finished in 6 loop passes.
244 likelihood evaluation calls and 226 matrix exponentiations calls were made

Row and/or column partition is empty. All the data will be used by default.
Model MG94customModel assigned to Sphaerodactylus_townsendi
Model MG94customModel assigned to Thamnophis_elegans
One branch tree supplied - hopefully this IS what you meant to do.
Rooted tree. Removing one branch - the left root child has been promoted to be the new root
Partition 0 reversible model flag computed as 1
Variable 't2.Thamnophis_elegans.synRate' was not initialized prior to being used
Variable 't2.Thamnophis_elegans.nonSynRate' was not initialized prior to being used
Auto-benchmarked an optimal number (5) of threads.
Set GUI update interval to every 8474-th LF evaluation.
Optimization settings:
	OPTIMIZATION_METHOD = 4
	OPTIMIZATION_PRECISION = 0.001
	MAXIMUM_ITERATIONS_PER_VARIABLE = 5000

Initial parameter values

t2.Thamnophis_elegans.synRate = 0.1
t2.Thamnophis_elegans.nonSynRate = 0.1
Optimization finished in 6 loop passes.
254 likelihood evaluation calls and 235 matrix exponentiations calls were made

Row and/or column partition is empty. All the data will be used by default.
Model MG94customModel assigned to Sphaerodactylus_townsendi
Model MG94customModel assigned to Crotalus_tigris
One branch tree supplied - hopefully this IS what you meant to do.
Rooted tree. Removing one branch - the left root child has been promoted to be the new root
Partition 0 reversible model flag computed as 1
Variable 't2.Crotalus_tigris.nonSynRate' was not initialized prior to being used
Variable 't2.Crotalus_tigris.synRate' was not initialized prior to being used
Auto-benchmarked an optimal number (3) of threads.
Set GUI update interval to every 5319-th LF evaluation.
Optimization settings:
	OPTIMIZATION_METHOD = 4
	OPTIMIZATION_PRECISION = 0.001
	MAXIMUM_ITERATIONS_PER_VARIABLE = 5000

Initial parameter values

t2.Crotalus_tigris.nonSynRate = 0.1
t2.Crotalus_tigris.synRate = 0.1
Optimization finished in 6 loop passes.
214 likelihood evaluation calls and 199 matrix exponentiations calls were made

Row and/or column partition is empty. All the data will be used by default.
Model MG94customModel assigned to Sphaerodactylus_townsendi
Model MG94customModel assigned to Protobothrops_mucrosquamatus
One branch tree supplied - hopefully this IS what you meant to do.
Rooted tree. Removing one branch - the left root child has been promoted to be the new root
Partition 0 reversible model flag computed as 1
Variable 't2.Protobothrops_mucrosquamatus.synRate' was not initialized prior to being used
Variable 't2.Protobothrops_mucrosquamatus.nonSynRate' was not initialized prior to being used
Auto-benchmarked an optimal number (4) of threads.
Set GUI update interval to every 8771-th LF evaluation.
Optimization settings:
	OPTIMIZATION_METHOD = 4
	OPTIMIZATION_PRECISION = 0.001
	MAXIMUM_ITERATIONS_PER_VARIABLE = 5000

Initial parameter values

t2.Protobothrops_mucrosquamatus.synRate = 0.1
t2.Protobothrops_mucrosquamatus.nonSynRate = 0.1
Optimization finished in 9 loop passes.
252 likelihood evaluation calls and 236 matrix exponentiations calls were made

Row and/or column partition is empty. All the data will be used by default.
Model MG94customModel assigned to Python_bivittatus
Model MG94customModel assigned to Pseudonaja_textilis
One branch tree supplied - hopefully this IS what you meant to do.
Rooted tree. Removing one branch - the left root child has been promoted to be the new root
Partition 0 reversible model flag computed as 1
Variable 't2.Pseudonaja_textilis.nonSynRate' was not initialized prior to being used
Variable 't2.Pseudonaja_textilis.synRate' was not initialized prior to being used
Auto-benchmarked an optimal number (5) of threads.
Set GUI update interval to every 6250-th LF evaluation.
Optimization settings:
	OPTIMIZATION_METHOD = 4
	OPTIMIZATION_PRECISION = 0.001
	MAXIMUM_ITERATIONS_PER_VARIABLE = 5000

Initial parameter values

t2.Pseudonaja_textilis.nonSynRate = 0.1
t2.Pseudonaja_textilis.synRate = 0.1
Optimization finished in 6 loop passes.
156 likelihood evaluation calls and 139 matrix exponentiations calls were made

Row and/or column partition is empty. All the data will be used by default.
Model MG94customModel assigned to Python_bivittatus
Model MG94customModel assigned to Notechis_scutatus
One branch tree supplied - hopefully this IS what you meant to do.
Rooted tree. Removing one branch - the left root child has been promoted to be the new root
Partition 0 reversible model flag computed as 1
Variable 't2.Notechis_scutatus.nonSynRate' was not initialized prior to being used
Variable 't2.Notechis_scutatus.synRate' was not initialized prior to being used
Auto-benchmarked an optimal number (8) of threads.
Set GUI update interval to every 8771-th LF evaluation.
Optimization settings:
	OPTIMIZATION_METHOD = 4
	OPTIMIZATION_PRECISION = 0.001
	MAXIMUM_ITERATIONS_PER_VARIABLE = 5000

Initial parameter values

t2.Notechis_scutatus.nonSynRate = 0.1
t2.Notechis_scutatus.synRate = 0.1
Optimization finished in 6 loop passes.
182 likelihood evaluation calls and 157 matrix exponentiations calls were made

Row and/or column partition is empty. All the data will be used by default.
Model MG94customModel assigned to Python_bivittatus
Model MG94customModel assigned to Pantherophis_guttatus
One branch tree supplied - hopefully this IS what you meant to do.
Rooted tree. Removing one branch - the left root child has been promoted to be the new root
Partition 0 reversible model flag computed as 1
Variable 't2.Pantherophis_guttatus.nonSynRate' was not initialized prior to being used
Variable 't2.Pantherophis_guttatus.synRate' was not initialized prior to being used
Auto-benchmarked an optimal number (5) of threads.
Set GUI update interval to every 6410-th LF evaluation.
Optimization settings:
	OPTIMIZATION_METHOD = 4
	OPTIMIZATION_PRECISION = 0.001
	MAXIMUM_ITERATIONS_PER_VARIABLE = 5000

Initial parameter values

t2.Pantherophis_guttatus.nonSynRate = 0.1
t2.Pantherophis_guttatus.synRate = 0.1
Optimization finished in 6 loop passes.
163 likelihood evaluation calls and 148 matrix exponentiations calls were made

Row and/or column partition is empty. All the data will be used by default.
Model MG94customModel assigned to Python_bivittatus
Model MG94customModel assigned to Thamnophis_elegans
One branch tree supplied - hopefully this IS what you meant to do.
Rooted tree. Removing one branch - the left root child has been promoted to be the new root
Partition 0 reversible model flag computed as 1
Variable 't2.Thamnophis_elegans.synRate' was not initialized prior to being used
Variable 't2.Thamnophis_elegans.nonSynRate' was not initialized prior to being used
Auto-benchmarked an optimal number (4) of threads.
Set GUI update interval to every 8771-th LF evaluation.
Optimization settings:
	OPTIMIZATION_METHOD = 4
	OPTIMIZATION_PRECISION = 0.001
	MAXIMUM_ITERATIONS_PER_VARIABLE = 5000

Initial parameter values

t2.Thamnophis_elegans.synRate = 0.1
t2.Thamnophis_elegans.nonSynRate = 0.1
Optimization finished in 8 loop passes.
195 likelihood evaluation calls and 182 matrix exponentiations calls were made

Row and/or column partition is empty. All the data will be used by default.
Model MG94customModel assigned to Python_bivittatus
Model MG94customModel assigned to Crotalus_tigris
One branch tree supplied - hopefully this IS what you meant to do.
Rooted tree. Removing one branch - the left root child has been promoted to be the new root
Partition 0 reversible model flag computed as 1
Variable 't2.Crotalus_tigris.nonSynRate' was not initialized prior to being used
Variable 't2.Crotalus_tigris.synRate' was not initialized prior to being used
Auto-benchmarked an optimal number (5) of threads.
Set GUI update interval to every 8771-th LF evaluation.
Optimization settings:
	OPTIMIZATION_METHOD = 4
	OPTIMIZATION_PRECISION = 0.001
	MAXIMUM_ITERATIONS_PER_VARIABLE = 5000

Initial parameter values

t2.Crotalus_tigris.nonSynRate = 0.1
t2.Crotalus_tigris.synRate = 0.1
Optimization finished in 6 loop passes.
196 likelihood evaluation calls and 173 matrix exponentiations calls were made

Row and/or column partition is empty. All the data will be used by default.
Model MG94customModel assigned to Python_bivittatus
Model MG94customModel assigned to Protobothrops_mucrosquamatus
One branch tree supplied - hopefully this IS what you meant to do.
Rooted tree. Removing one branch - the left root child has been promoted to be the new root
Partition 0 reversible model flag computed as 1
Variable 't2.Protobothrops_mucrosquamatus.nonSynRate' was not initialized prior to being used
Variable 't2.Protobothrops_mucrosquamatus.synRate' was not initialized prior to being used
Auto-benchmarked an optimal number (4) of threads.
Set GUI update interval to every 6493-th LF evaluation.
Optimization settings:
	OPTIMIZATION_METHOD = 4
	OPTIMIZATION_PRECISION = 0.001
	MAXIMUM_ITERATIONS_PER_VARIABLE = 5000

Initial parameter values

t2.Protobothrops_mucrosquamatus.nonSynRate = 0.1
t2.Protobothrops_mucrosquamatus.synRate = 0.1
Optimization finished in 9 loop passes.
189 likelihood evaluation calls and 176 matrix exponentiations calls were made

Row and/or column partition is empty. All the data will be used by default.
Model MG94customModel assigned to Pseudonaja_textilis
Model MG94customModel assigned to Notechis_scutatus
One branch tree supplied - hopefully this IS what you meant to do.
Rooted tree. Removing one branch - the left root child has been promoted to be the new root
Partition 0 reversible model flag computed as 1
Variable 't2.Notechis_scutatus.nonSynRate' was not initialized prior to being used
Variable 't2.Notechis_scutatus.synRate' was not initialized prior to being used
Auto-benchmarked an optimal number (3) of threads.
Set GUI update interval to every 8620-th LF evaluation.
Optimization settings:
	OPTIMIZATION_METHOD = 4
	OPTIMIZATION_PRECISION = 0.001
	MAXIMUM_ITERATIONS_PER_VARIABLE = 5000

Initial parameter values

t2.Notechis_scutatus.nonSynRate = 0.1
t2.Notechis_scutatus.synRate = 0.1
Optimization finished in 6 loop passes.
153 likelihood evaluation calls and 125 matrix exponentiations calls were made

Row and/or column partition is empty. All the data will be used by default.
Model MG94customModel assigned to Pseudonaja_textilis
Model MG94customModel assigned to Pantherophis_guttatus
One branch tree supplied - hopefully this IS what you meant to do.
Rooted tree. Removing one branch - the left root child has been promoted to be the new root
Partition 0 reversible model flag computed as 1
Variable 't2.Pantherophis_guttatus.nonSynRate' was not initialized prior to being used
Variable 't2.Pantherophis_guttatus.synRate' was not initialized prior to being used
Auto-benchmarked an optimal number (3) of threads.
Set GUI update interval to every 5263-th LF evaluation.
Optimization settings:
	OPTIMIZATION_METHOD = 4
	OPTIMIZATION_PRECISION = 0.001
	MAXIMUM_ITERATIONS_PER_VARIABLE = 5000

Initial parameter values

t2.Pantherophis_guttatus.nonSynRate = 0.1
t2.Pantherophis_guttatus.synRate = 0.1
Optimization finished in 6 loop passes.
172 likelihood evaluation calls and 150 matrix exponentiations calls were made

Row and/or column partition is empty. All the data will be used by default.
Model MG94customModel assigned to Pseudonaja_textilis
Model MG94customModel assigned to Thamnophis_elegans
One branch tree supplied - hopefully this IS what you meant to do.
Rooted tree. Removing one branch - the left root child has been promoted to be the new root
Partition 0 reversible model flag computed as 1
Variable 't2.Thamnophis_elegans.nonSynRate' was not initialized prior to being used
Variable 't2.Thamnophis_elegans.synRate' was not initialized prior to being used
Auto-benchmarked an optimal number (5) of threads.
Set GUI update interval to every 6493-th LF evaluation.
Optimization settings:
	OPTIMIZATION_METHOD = 4
	OPTIMIZATION_PRECISION = 0.001
	MAXIMUM_ITERATIONS_PER_VARIABLE = 5000

Initial parameter values

t2.Thamnophis_elegans.nonSynRate = 0.1
t2.Thamnophis_elegans.synRate = 0.1
Optimization finished in 7 loop passes.
170 likelihood evaluation calls and 159 matrix exponentiations calls were made

Row and/or column partition is empty. All the data will be used by default.
Model MG94customModel assigned to Pseudonaja_textilis
Model MG94customModel assigned to Crotalus_tigris
One branch tree supplied - hopefully this IS what you meant to do.
Rooted tree. Removing one branch - the left root child has been promoted to be the new root
Partition 0 reversible model flag computed as 1
Variable 't2.Crotalus_tigris.nonSynRate' was not initialized prior to being used
Variable 't2.Crotalus_tigris.synRate' was not initialized prior to being used
Auto-benchmarked an optimal number (3) of threads.
Set GUI update interval to every 8474-th LF evaluation.
Optimization settings:
	OPTIMIZATION_METHOD = 4
	OPTIMIZATION_PRECISION = 0.001
	MAXIMUM_ITERATIONS_PER_VARIABLE = 5000

Initial parameter values

t2.Crotalus_tigris.nonSynRate = 0.1
t2.Crotalus_tigris.synRate = 0.1
Optimization finished in 7 loop passes.
126 likelihood evaluation calls and 113 matrix exponentiations calls were made

Row and/or column partition is empty. All the data will be used by default.
Model MG94customModel assigned to Pseudonaja_textilis
Model MG94customModel assigned to Protobothrops_mucrosquamatus
One branch tree supplied - hopefully this IS what you meant to do.
Rooted tree. Removing one branch - the left root child has been promoted to be the new root
Partition 0 reversible model flag computed as 1
Variable 't2.Protobothrops_mucrosquamatus.nonSynRate' was not initialized prior to being used
Variable 't2.Protobothrops_mucrosquamatus.synRate' was not initialized prior to being used
Auto-benchmarked an optimal number (4) of threads.
Set GUI update interval to every 5319-th LF evaluation.
Optimization settings:
	OPTIMIZATION_METHOD = 4
	OPTIMIZATION_PRECISION = 0.001
	MAXIMUM_ITERATIONS_PER_VARIABLE = 5000

Initial parameter values

t2.Protobothrops_mucrosquamatus.nonSynRate = 0.1
t2.Protobothrops_mucrosquamatus.synRate = 0.1
Optimization finished in 5 loop passes.
170 likelihood evaluation calls and 151 matrix exponentiations calls were made

Row and/or column partition is empty. All the data will be used by default.
Model MG94customModel assigned to Notechis_scutatus
Model MG94customModel assigned to Pantherophis_guttatus
One branch tree supplied - hopefully this IS what you meant to do.
Rooted tree. Removing one branch - the left root child has been promoted to be the new root
Partition 0 reversible model flag computed as 1
Variable 't2.Pantherophis_guttatus.nonSynRate' was not initialized prior to being used
Variable 't2.Pantherophis_guttatus.synRate' was not initialized prior to being used
Auto-benchmarked an optimal number (5) of threads.
Set GUI update interval to every 6493-th LF evaluation.
Optimization settings:
	OPTIMIZATION_METHOD = 4
	OPTIMIZATION_PRECISION = 0.001
	MAXIMUM_ITERATIONS_PER_VARIABLE = 5000

Initial parameter values

t2.Pantherophis_guttatus.nonSynRate = 0.1
t2.Pantherophis_guttatus.synRate = 0.1
Optimization finished in 6 loop passes.
164 likelihood evaluation calls and 145 matrix exponentiations calls were made

Row and/or column partition is empty. All the data will be used by default.
Model MG94customModel assigned to Notechis_scutatus
Model MG94customModel assigned to Thamnophis_elegans
One branch tree supplied - hopefully this IS what you meant to do.
Rooted tree. Removing one branch - the left root child has been promoted to be the new root
Partition 0 reversible model flag computed as 1
Variable 't2.Thamnophis_elegans.nonSynRate' was not initialized prior to being used
Variable 't2.Thamnophis_elegans.synRate' was not initialized prior to being used
Auto-benchmarked an optimal number (4) of threads.
Set GUI update interval to every 6578-th LF evaluation.
Optimization settings:
	OPTIMIZATION_METHOD = 4
	OPTIMIZATION_PRECISION = 0.001
	MAXIMUM_ITERATIONS_PER_VARIABLE = 5000

Initial parameter values

t2.Thamnophis_elegans.nonSynRate = 0.1
t2.Thamnophis_elegans.synRate = 0.1
Optimization finished in 6 loop passes.
210 likelihood evaluation calls and 193 matrix exponentiations calls were made

Row and/or column partition is empty. All the data will be used by default.
Model MG94customModel assigned to Notechis_scutatus
Model MG94customModel assigned to Crotalus_tigris
One branch tree supplied - hopefully this IS what you meant to do.
Rooted tree. Removing one branch - the left root child has been promoted to be the new root
Partition 0 reversible model flag computed as 1
Variable 't2.Crotalus_tigris.nonSynRate' was not initialized prior to being used
Variable 't2.Crotalus_tigris.synRate' was not initialized prior to being used
Auto-benchmarked an optimal number (4) of threads.
Set GUI update interval to every 8928-th LF evaluation.
Optimization settings:
	OPTIMIZATION_METHOD = 4
	OPTIMIZATION_PRECISION = 0.001
	MAXIMUM_ITERATIONS_PER_VARIABLE = 5000

Initial parameter values

t2.Crotalus_tigris.nonSynRate = 0.1
t2.Crotalus_tigris.synRate = 0.1
Optimization finished in 6 loop passes.
215 likelihood evaluation calls and 197 matrix exponentiations calls were made

Row and/or column partition is empty. All the data will be used by default.
Model MG94customModel assigned to Notechis_scutatus
Model MG94customModel assigned to Protobothrops_mucrosquamatus
One branch tree supplied - hopefully this IS what you meant to do.
Rooted tree. Removing one branch - the left root child has been promoted to be the new root
Partition 0 reversible model flag computed as 1
Variable 't2.Protobothrops_mucrosquamatus.nonSynRate' was not initialized prior to being used
Variable 't2.Protobothrops_mucrosquamatus.synRate' was not initialized prior to being used
Auto-benchmarked an optimal number (2) of threads.
Set GUI update interval to every 8064-th LF evaluation.
Optimization settings:
	OPTIMIZATION_METHOD = 4
	OPTIMIZATION_PRECISION = 0.001
	MAXIMUM_ITERATIONS_PER_VARIABLE = 5000

Initial parameter values

t2.Protobothrops_mucrosquamatus.nonSynRate = 0.1
t2.Protobothrops_mucrosquamatus.synRate = 0.1
Optimization finished in 9 loop passes.
191 likelihood evaluation calls and 180 matrix exponentiations calls were made

Row and/or column partition is empty. All the data will be used by default.
Model MG94customModel assigned to Pantherophis_guttatus
Model MG94customModel assigned to Thamnophis_elegans
One branch tree supplied - hopefully this IS what you meant to do.
Rooted tree. Removing one branch - the left root child has been promoted to be the new root
Partition 0 reversible model flag computed as 1
Variable 't2.Thamnophis_elegans.nonSynRate' was not initialized prior to being used
Variable 't2.Thamnophis_elegans.synRate' was not initialized prior to being used
Auto-benchmarked an optimal number (4) of threads.
Set GUI update interval to every 5434-th LF evaluation.
Optimization settings:
	OPTIMIZATION_METHOD = 4
	OPTIMIZATION_PRECISION = 0.001
	MAXIMUM_ITERATIONS_PER_VARIABLE = 5000

Initial parameter values

t2.Thamnophis_elegans.nonSynRate = 0.1
t2.Thamnophis_elegans.synRate = 0.1
Optimization finished in 5 loop passes.
130 likelihood evaluation calls and 110 matrix exponentiations calls were made

Row and/or column partition is empty. All the data will be used by default.
Model MG94customModel assigned to Pantherophis_guttatus
Model MG94customModel assigned to Crotalus_tigris
One branch tree supplied - hopefully this IS what you meant to do.
Rooted tree. Removing one branch - the left root child has been promoted to be the new root
Partition 0 reversible model flag computed as 1
Variable 't2.Crotalus_tigris.nonSynRate' was not initialized prior to being used
Variable 't2.Crotalus_tigris.synRate' was not initialized prior to being used
Auto-benchmarked an optimal number (4) of threads.
Set GUI update interval to every 5434-th LF evaluation.
Optimization settings:
	OPTIMIZATION_METHOD = 4
	OPTIMIZATION_PRECISION = 0.001
	MAXIMUM_ITERATIONS_PER_VARIABLE = 5000

Initial parameter values

t2.Crotalus_tigris.nonSynRate = 0.1
t2.Crotalus_tigris.synRate = 0.1
Optimization finished in 5 loop passes.
130 likelihood evaluation calls and 113 matrix exponentiations calls were made

Row and/or column partition is empty. All the data will be used by default.
Model MG94customModel assigned to Pantherophis_guttatus
Model MG94customModel assigned to Protobothrops_mucrosquamatus
One branch tree supplied - hopefully this IS what you meant to do.
Rooted tree. Removing one branch - the left root child has been promoted to be the new root
Partition 0 reversible model flag computed as 1
Variable 't2.Protobothrops_mucrosquamatus.nonSynRate' was not initialized prior to being used
Variable 't2.Protobothrops_mucrosquamatus.synRate' was not initialized prior to being used
Auto-benchmarked an optimal number (6) of threads.
Set GUI update interval to every 5617-th LF evaluation.
Optimization settings:
	OPTIMIZATION_METHOD = 4
	OPTIMIZATION_PRECISION = 0.001
	MAXIMUM_ITERATIONS_PER_VARIABLE = 5000

Initial parameter values

t2.Protobothrops_mucrosquamatus.nonSynRate = 0.1
t2.Protobothrops_mucrosquamatus.synRate = 0.1
Optimization finished in 5 loop passes.
176 likelihood evaluation calls and 155 matrix exponentiations calls were made

Row and/or column partition is empty. All the data will be used by default.
Model MG94customModel assigned to Thamnophis_elegans
Model MG94customModel assigned to Crotalus_tigris
One branch tree supplied - hopefully this IS what you meant to do.
Rooted tree. Removing one branch - the left root child has been promoted to be the new root
Partition 0 reversible model flag computed as 1
Variable 't2.Crotalus_tigris.nonSynRate' was not initialized prior to being used
Variable 't2.Crotalus_tigris.synRate' was not initialized prior to being used
Auto-benchmarked an optimal number (5) of threads.
Set GUI update interval to every 5376-th LF evaluation.
Optimization settings:
	OPTIMIZATION_METHOD = 4
	OPTIMIZATION_PRECISION = 0.001
	MAXIMUM_ITERATIONS_PER_VARIABLE = 5000

Initial parameter values

t2.Crotalus_tigris.nonSynRate = 0.1
t2.Crotalus_tigris.synRate = 0.1
Optimization finished in 9 loop passes.
227 likelihood evaluation calls and 199 matrix exponentiations calls were made

Row and/or column partition is empty. All the data will be used by default.
Model MG94customModel assigned to Thamnophis_elegans
Model MG94customModel assigned to Protobothrops_mucrosquamatus
One branch tree supplied - hopefully this IS what you meant to do.
Rooted tree. Removing one branch - the left root child has been promoted to be the new root
Partition 0 reversible model flag computed as 1
Variable 't2.Protobothrops_mucrosquamatus.nonSynRate' was not initialized prior to being used
Variable 't2.Protobothrops_mucrosquamatus.synRate' was not initialized prior to being used
Auto-benchmarked an optimal number (5) of threads.
Set GUI update interval to every 5434-th LF evaluation.
Optimization settings:
	OPTIMIZATION_METHOD = 4
	OPTIMIZATION_PRECISION = 0.001
	MAXIMUM_ITERATIONS_PER_VARIABLE = 5000

Initial parameter values

t2.Protobothrops_mucrosquamatus.nonSynRate = 0.1
t2.Protobothrops_mucrosquamatus.synRate = 0.1
Optimization finished in 7 loop passes.
135 likelihood evaluation calls and 123 matrix exponentiations calls were made

Row and/or column partition is empty. All the data will be used by default.
Model MG94customModel assigned to Crotalus_tigris
Model MG94customModel assigned to Protobothrops_mucrosquamatus
One branch tree supplied - hopefully this IS what you meant to do.
Rooted tree. Removing one branch - the left root child has been promoted to be the new root
Partition 0 reversible model flag computed as 1
Auto-benchmarked an optimal number (1) of threads.
Set GUI update interval to every 736-th LF evaluation.
Optimization settings:
	OPTIMIZATION_METHOD = 4
	OPTIMIZATION_PRECISION = 0.001
	MAXIMUM_ITERATIONS_PER_VARIABLE = 5000

Initial parameter values

t2.Protobothrops_mucrosquamatus.nonSynRate = 0.1
t2.Protobothrops_mucrosquamatus.synRate = 0.1
Optimization finished in 6 loop passes.
168 likelihood evaluation calls and 151 matrix exponentiations calls were made
