
Loaded 'libv3/convenience/matrix.bf' from /usr/local/lib/hyphy/TemplateBatchFiles/libv3/convenience/matrix.bf
Loaded 'libv3/UtilityFunctions.bf' from /usr/local/lib/hyphy/TemplateBatchFiles/libv3/UtilityFunctions.bf
Loaded 'IOFunctions.bf' from /usr/local/lib/hyphy/TemplateBatchFiles/libv3/IOFunctions.bf
Already loaded 'libv3/UtilityFunctions.bf' from /usr/local/lib/hyphy/TemplateBatchFiles/libv3/UtilityFunctions.bf
Loaded 'convenience/regexp.bf' from /usr/local/lib/hyphy/TemplateBatchFiles/libv3/convenience/regexp.bf
Loaded 'libv3/all-terms.bf' from /usr/local/lib/hyphy/TemplateBatchFiles/libv3/all-terms.bf
Variable 'skipCodeSelectionStep' was not initialized prior to being used
Row and/or column partition is empty. All the data will be used by default.
Overwritten previously defined function:'GaussLaguerreQuardature'
Overwritten previously defined function:'GammaQuadWeight'
Variable 'SKIP_HARVEST_FREQ' was not initialized prior to being used
Variable '_WRAP_PASSTHROUGH_FLAG_' was not initialized prior to being used
Variable 'END_OF_FILE' was not initialized prior to being used
Variable '_DO_TREE_REBALANCE_' was not initialized prior to being used
Variable '_KEEP_I_LABELS_' was not initialized prior to being used
Model MG94customModel assigned to Amblyraja_radiata
Amblyraja_radiata has 2 parameters - branch length not assigned
Model MG94customModel assigned to Pristis_pectinata
Pristis_pectinata has 2 parameters - branch length not assigned
Model MG94customModel assigned to Node1
Node1 has 2 parameters - branch length not assigned
Model MG94customModel assigned to Chiloscyllium_punctatum
Chiloscyllium_punctatum has 2 parameters - branch length not assigned
Model MG94customModel assigned to Carcharodon_carcharias
Carcharodon_carcharias has 2 parameters - branch length not assigned
Model MG94customModel assigned to Scyliorhinus_canicula
Scyliorhinus_canicula has 2 parameters - branch length not assigned
Model MG94customModel assigned to Node6
Node6 has 2 parameters - branch length not assigned
Model MG94customModel assigned to Node4
Node4 has 2 parameters - branch length not assigned
Model MG94customModel assigned to Callorhinchus_milii
Callorhinchus_milii has 2 parameters - branch length not assigned
The tips of the tree:givenTree were matched with the species names from the data in the following numeric order (0-based) {4,5,3,2,1,0}

Pseudo-optimal path's cost 4098 vs 5632 for 1..k=> a 1.37433 x improvement
Partition 0 reversible model flag computed as 1
Variable 'theLnLik' was not initialized prior to being used
Variable 'SAVE_OPT_STATUS_TO' was not initialized prior to being used
Variable 'givenTree.Amblyraja_radiata.nonSynRate' was not initialized prior to being used
Variable 'givenTree.Amblyraja_radiata.synRate' was not initialized prior to being used
Variable 'givenTree.Pristis_pectinata.nonSynRate' was not initialized prior to being used
Variable 'givenTree.Pristis_pectinata.synRate' was not initialized prior to being used
Variable 'givenTree.Chiloscyllium_punctatum.nonSynRate' was not initialized prior to being used
Variable 'givenTree.Chiloscyllium_punctatum.synRate' was not initialized prior to being used
Variable 'givenTree.Carcharodon_carcharias.nonSynRate' was not initialized prior to being used
Variable 'givenTree.Carcharodon_carcharias.synRate' was not initialized prior to being used
Variable 'givenTree.Scyliorhinus_canicula.nonSynRate' was not initialized prior to being used
Variable 'givenTree.Scyliorhinus_canicula.synRate' was not initialized prior to being used
Variable 'givenTree.Callorhinchus_milii.nonSynRate' was not initialized prior to being used
Variable 'givenTree.Callorhinchus_milii.synRate' was not initialized prior to being used
Variable 'givenTree.Node1.nonSynRate' was not initialized prior to being used
Variable 'givenTree.Node1.synRate' was not initialized prior to being used
Variable 'givenTree.Node6.nonSynRate' was not initialized prior to being used
Variable 'givenTree.Node6.synRate' was not initialized prior to being used
Variable 'givenTree.Node4.nonSynRate' was not initialized prior to being used
Variable 'givenTree.Node4.synRate' was not initialized prior to being used
Site 7 evaluated to a 0 probability in ComputeTreeBlockByBranch
Site 7 evaluated to a 0 probability in ComputeTreeBlockByBranch
Site 186 evaluated to a 0 probability in ComputeTreeBlockByBranch
Site 7 evaluated to a 0 probability in ComputeTreeBlockByBranch
Site 626 evaluated to a 0 probability in ComputeTreeBlockByBranch
Site 320 evaluated to a 0 probability in ComputeTreeBlockByBranch
Site 66 evaluated to a 0 probability in ComputeTreeBlockByBranch
Site 7 evaluated to a 0 probability in ComputeTreeBlockByBranch
Site 186 evaluated to a 0 probability in ComputeTreeBlockByBranch
Site 304 evaluated to a 0 probability in ComputeTreeBlockByBranch
Site 370 evaluated to a 0 probability in ComputeTreeBlockByBranch
Site 185 evaluated to a 0 probability in ComputeTreeBlockByBranch
Site 7 evaluated to a 0 probability in ComputeTreeBlockByBranch
Site 580 evaluated to a 0 probability in ComputeTreeBlockByBranch
Site 266 evaluated to a 0 probability in ComputeTreeBlockByBranch
Site 14 evaluated to a 0 probability in ComputeTreeBlockByBranch
Site 318 evaluated to a 0 probability in ComputeTreeBlockByBranch
Site 51 evaluated to a 0 probability in ComputeTreeBlockByBranch
Site 7 evaluated to a 0 probability in ComputeTreeBlockByBranch
Site 435 evaluated to a 0 probability in ComputeTreeBlockByBranch
Site 320 evaluated to a 0 probability in ComputeTreeBlockByBranch
Site 335 evaluated to a 0 probability in ComputeTreeBlockByBranch
Site 358 evaluated to a 0 probability in ComputeTreeBlockByBranch
Site 206 evaluated to a 0 probability in ComputeTreeBlockByBranch
Site 252 evaluated to a 0 probability in ComputeTreeBlockByBranch
Site 426 evaluated to a 0 probability in ComputeTreeBlockByBranch
Site 7 evaluated to a 0 probability in ComputeTreeBlockByBranch
Site 291 evaluated to a 0 probability in ComputeTreeBlockByBranch
Site 208 evaluated to a 0 probability in ComputeTreeBlockByBranch
Site 353 evaluated to a 0 probability in ComputeTreeBlockByBranch
Site 192 evaluated to a 0 probability in ComputeTreeBlockByBranch
Site 51 evaluated to a 0 probability in ComputeTreeBlockByBranch
Site 304 evaluated to a 0 probability in ComputeTreeBlockByBranch
Site 528 evaluated to a 0 probability in ComputeTreeBlockByBranch
Site 454 evaluated to a 0 probability in ComputeTreeBlockByBranch
Site 7 evaluated to a 0 probability in ComputeTreeBlockByBranch
Site 560 evaluated to a 0 probability in ComputeTreeBlockByBranch
Site 49 evaluated to a 0 probability in ComputeTreeBlockByBranch
Site 491 evaluated to a 0 probability in ComputeTreeBlockByBranch
Site 14 evaluated to a 0 probability in ComputeTreeBlockByBranch
Site 362 evaluated to a 0 probability in ComputeTreeBlockByBranch
Site 320 evaluated to a 0 probability in ComputeTreeBlockByBranch
Site 7 evaluated to a 0 probability in ComputeTreeBlockByBranch
Site 574 evaluated to a 0 probability in ComputeTreeBlockByBranch
Site 177 evaluated to a 0 probability in ComputeTreeBlockByBranch
Site 164 evaluated to a 0 probability in ComputeTreeBlockByBranch
Site 231 evaluated to a 0 probability in ComputeTreeBlockByBranch
Site 74 evaluated to a 0 probability in ComputeTreeBlockByBranch
Site 610 evaluated to a 0 probability in ComputeTreeBlockByBranch
Site 494 evaluated to a 0 probability in ComputeTreeBlockByBranch
Site 34 evaluated to a 0 probability in ComputeTreeBlockByBranch
Site 86 evaluated to a 0 probability in ComputeTreeBlockByBranch
Site 408 evaluated to a 0 probability in ComputeTreeBlockByBranch
Site 561 evaluated to a 0 probability in ComputeTreeBlockByBranch
Site 7 evaluated to a 0 probability in ComputeTreeBlockByBranch
Site 420 evaluated to a 0 probability in ComputeTreeBlockByBranch
Site 325 evaluated to a 0 probability in ComputeTreeBlockByBranch
Site 487 evaluated to a 0 probability in ComputeTreeBlockByBranch
Site 105 evaluated to a 0 probability in ComputeTreeBlockByBranch
Site 615 evaluated to a 0 probability in ComputeTreeBlockByBranch
Site 179 evaluated to a 0 probability in ComputeTreeBlockByBranch
Site 554 evaluated to a 0 probability in ComputeTreeBlockByBranch
Site 246 evaluated to a 0 probability in ComputeTreeBlockByBranch
Site 7 evaluated to a 0 probability in ComputeTreeBlockByBranch
Site 128 evaluated to a 0 probability in ComputeTreeBlockByBranch
Site 216 evaluated to a 0 probability in ComputeTreeBlockByBranch
Auto-benchmarked an optimal number (10) of threads.
Set GUI update interval to every 422-th LF evaluation.
Initial guess for givenTree.Amblyraja_radiata.nonSynRate is 0.0494788
Initial guess for givenTree.Amblyraja_radiata.synRate is 0.0325578
Initial guess for givenTree.Pristis_pectinata.nonSynRate is 0.0321655
Initial guess for givenTree.Pristis_pectinata.synRate is 0.0167331
Initial guess for givenTree.Node4.nonSynRate is 0.0183325
Initial guess for givenTree.Node4.synRate is 0.0231181
Initial guess for givenTree.Chiloscyllium_punctatum.nonSynRate is 0.0739825
Initial guess for givenTree.Chiloscyllium_punctatum.synRate is 0.042542
Initial guess for givenTree.Node6.nonSynRate is 0.0425718
Initial guess for givenTree.Node6.synRate is 0.0301509
Initial guess for givenTree.Carcharodon_carcharias.nonSynRate is 0.029886
Initial guess for givenTree.Carcharodon_carcharias.synRate is 0.0117614
Initial guess for givenTree.Scyliorhinus_canicula.nonSynRate is 0.0488724
Initial guess for givenTree.Scyliorhinus_canicula.synRate is 0.0264971
Initial guess for givenTree.Callorhinchus_milii.nonSynRate is 0.279544
Initial guess for givenTree.Callorhinchus_milii.synRate is 0.217393
Optimization settings:
	OPTIMIZATION_METHOD = 4
	OPTIMIZATION_PRECISION = 0.001
	MAXIMUM_ITERATIONS_PER_VARIABLE = 5000

Initial parameter values

CT = 1
GT = 1
CG = 1
AC = 1
AT = 1
givenTree.Amblyraja_radiata.synRate = 0.0325578
givenTree.Amblyraja_radiata.nonSynRate = 0.0494788
givenTree.Pristis_pectinata.synRate = 0.0167331
givenTree.Pristis_pectinata.nonSynRate = 0.0321655
givenTree.Node1.synRate = 0.1
givenTree.Node1.nonSynRate = 0.1
givenTree.Chiloscyllium_punctatum.synRate = 0.042542
givenTree.Chiloscyllium_punctatum.nonSynRate = 0.0739825
givenTree.Carcharodon_carcharias.synRate = 0.0117614
givenTree.Carcharodon_carcharias.nonSynRate = 0.029886
givenTree.Scyliorhinus_canicula.synRate = 0.0264971
givenTree.Scyliorhinus_canicula.nonSynRate = 0.0488724
givenTree.Node6.synRate = 0.0301509
givenTree.Node6.nonSynRate = 0.0425718
givenTree.Node4.synRate = 0.0231181
givenTree.Node4.nonSynRate = 0.0183325
givenTree.Callorhinchus_milii.synRate = 0.217393
givenTree.Callorhinchus_milii.nonSynRate = 0.279544
Optimization finished in 30 loop passes.
2106 likelihood evaluation calls and 7898 matrix exponentiations calls were made

Variable 'lastDepth' was not initialized prior to being used
No nodel was assigned to Amblyraja_radiata
Amblyraja_radiata has 0 parameters - branch length not assigned
No nodel was assigned to Pristis_pectinata
Pristis_pectinata has 0 parameters - branch length not assigned
No nodel was assigned to Node1
Node1 has 0 parameters - branch length not assigned
No nodel was assigned to Chiloscyllium_punctatum
Chiloscyllium_punctatum has 0 parameters - branch length not assigned
No nodel was assigned to Carcharodon_carcharias
Carcharodon_carcharias has 0 parameters - branch length not assigned
No nodel was assigned to Scyliorhinus_canicula
Scyliorhinus_canicula has 0 parameters - branch length not assigned
No nodel was assigned to Node6
Node6 has 0 parameters - branch length not assigned
No nodel was assigned to Node4
Node4 has 0 parameters - branch length not assigned
No nodel was assigned to Callorhinchus_milii
Callorhinchus_milii has 0 parameters - branch length not assigned
No nodel was assigned to Amblyraja_radiata
Amblyraja_radiata has 0 parameters - branch length not assigned
No nodel was assigned to Pristis_pectinata
Pristis_pectinata has 0 parameters - branch length not assigned
No nodel was assigned to Node1
Node1 has 0 parameters - branch length not assigned
No nodel was assigned to Chiloscyllium_punctatum
Chiloscyllium_punctatum has 0 parameters - branch length not assigned
No nodel was assigned to Carcharodon_carcharias
Carcharodon_carcharias has 0 parameters - branch length not assigned
No nodel was assigned to Scyliorhinus_canicula
Scyliorhinus_canicula has 0 parameters - branch length not assigned
No nodel was assigned to Node6
Node6 has 0 parameters - branch length not assigned
No nodel was assigned to Node4
Node4 has 0 parameters - branch length not assigned
No nodel was assigned to Callorhinchus_milii
Callorhinchus_milii has 0 parameters - branch length not assigned
No nodel was assigned to Amblyraja_radiata
Amblyraja_radiata has 0 parameters - branch length not assigned
No nodel was assigned to Pristis_pectinata
Pristis_pectinata has 0 parameters - branch length not assigned
No nodel was assigned to Node1
Node1 has 0 parameters - branch length not assigned
No nodel was assigned to Chiloscyllium_punctatum
Chiloscyllium_punctatum has 0 parameters - branch length not assigned
No nodel was assigned to Carcharodon_carcharias
Carcharodon_carcharias has 0 parameters - branch length not assigned
No nodel was assigned to Scyliorhinus_canicula
Scyliorhinus_canicula has 0 parameters - branch length not assigned
No nodel was assigned to Node6
Node6 has 0 parameters - branch length not assigned
No nodel was assigned to Node4
Node4 has 0 parameters - branch length not assigned
No nodel was assigned to Callorhinchus_milii
Callorhinchus_milii has 0 parameters - branch length not assigned
No nodel was assigned to Amblyraja_radiata
Amblyraja_radiata has 0 parameters - branch length not assigned
No nodel was assigned to Pristis_pectinata
Pristis_pectinata has 0 parameters - branch length not assigned
No nodel was assigned to Node1
Node1 has 0 parameters - branch length not assigned
No nodel was assigned to Chiloscyllium_punctatum
Chiloscyllium_punctatum has 0 parameters - branch length not assigned
No nodel was assigned to Carcharodon_carcharias
Carcharodon_carcharias has 0 parameters - branch length not assigned
No nodel was assigned to Scyliorhinus_canicula
Scyliorhinus_canicula has 0 parameters - branch length not assigned
No nodel was assigned to Node6
Node6 has 0 parameters - branch length not assigned
No nodel was assigned to Node4
Node4 has 0 parameters - branch length not assigned
No nodel was assigned to Callorhinchus_milii
Callorhinchus_milii has 0 parameters - branch length not assigned
Variable 'nodeName' was not initialized prior to being used
Variable 'speciesIndex' was not initialized prior to being used
Row and/or column partition is empty. All the data will be used by default.
Model MG94customModel assigned to Amblyraja_radiata
Model MG94customModel assigned to Pristis_pectinata
One branch tree supplied - hopefully this IS what you meant to do.
Rooted tree. Removing one branch - the left root child has been promoted to be the new root
Partition 0 reversible model flag computed as 1
Variable 'twoLnLik' was not initialized prior to being used
Variable 't2.Pristis_pectinata.nonSynRate' was not initialized prior to being used
Variable 't2.Pristis_pectinata.synRate' was not initialized prior to being used
Auto-benchmarked an optimal number (4) of threads.
Set GUI update interval to every 8771-th LF evaluation.
Optimization settings:
	OPTIMIZATION_METHOD = 4
	OPTIMIZATION_PRECISION = 0.001
	MAXIMUM_ITERATIONS_PER_VARIABLE = 5000

Initial parameter values

t2.Pristis_pectinata.nonSynRate = 0.1
t2.Pristis_pectinata.synRate = 0.1
Optimization finished in 6 loop passes.
200 likelihood evaluation calls and 183 matrix exponentiations calls were made

Row and/or column partition is empty. All the data will be used by default.
Model MG94customModel assigned to Amblyraja_radiata
Model MG94customModel assigned to Chiloscyllium_punctatum
One branch tree supplied - hopefully this IS what you meant to do.
Rooted tree. Removing one branch - the left root child has been promoted to be the new root
Partition 0 reversible model flag computed as 1
Variable 't2.Chiloscyllium_punctatum.nonSynRate' was not initialized prior to being used
Variable 't2.Chiloscyllium_punctatum.synRate' was not initialized prior to being used
Auto-benchmarked an optimal number (5) of threads.
Set GUI update interval to every 8771-th LF evaluation.
Optimization settings:
	OPTIMIZATION_METHOD = 4
	OPTIMIZATION_PRECISION = 0.001
	MAXIMUM_ITERATIONS_PER_VARIABLE = 5000

Initial parameter values

t2.Chiloscyllium_punctatum.nonSynRate = 0.1
t2.Chiloscyllium_punctatum.synRate = 0.1
Optimization finished in 5 loop passes.
187 likelihood evaluation calls and 163 matrix exponentiations calls were made

Row and/or column partition is empty. All the data will be used by default.
Model MG94customModel assigned to Amblyraja_radiata
Model MG94customModel assigned to Carcharodon_carcharias
One branch tree supplied - hopefully this IS what you meant to do.
Rooted tree. Removing one branch - the left root child has been promoted to be the new root
Partition 0 reversible model flag computed as 1
Variable 't2.Carcharodon_carcharias.synRate' was not initialized prior to being used
Variable 't2.Carcharodon_carcharias.nonSynRate' was not initialized prior to being used
Auto-benchmarked an optimal number (4) of threads.
Set GUI update interval to every 8620-th LF evaluation.
Optimization settings:
	OPTIMIZATION_METHOD = 4
	OPTIMIZATION_PRECISION = 0.001
	MAXIMUM_ITERATIONS_PER_VARIABLE = 5000

Initial parameter values

t2.Carcharodon_carcharias.synRate = 0.1
t2.Carcharodon_carcharias.nonSynRate = 0.1
Optimization finished in 6 loop passes.
193 likelihood evaluation calls and 178 matrix exponentiations calls were made

Row and/or column partition is empty. All the data will be used by default.
Model MG94customModel assigned to Amblyraja_radiata
Model MG94customModel assigned to Scyliorhinus_canicula
One branch tree supplied - hopefully this IS what you meant to do.
Rooted tree. Removing one branch - the left root child has been promoted to be the new root
Partition 0 reversible model flag computed as 1
Variable 't2.Scyliorhinus_canicula.synRate' was not initialized prior to being used
Variable 't2.Scyliorhinus_canicula.nonSynRate' was not initialized prior to being used
Auto-benchmarked an optimal number (4) of threads.
Set GUI update interval to every 8620-th LF evaluation.
Optimization settings:
	OPTIMIZATION_METHOD = 4
	OPTIMIZATION_PRECISION = 0.001
	MAXIMUM_ITERATIONS_PER_VARIABLE = 5000

Initial parameter values

t2.Scyliorhinus_canicula.synRate = 0.1
t2.Scyliorhinus_canicula.nonSynRate = 0.1
Optimization finished in 6 loop passes.
228 likelihood evaluation calls and 209 matrix exponentiations calls were made

Row and/or column partition is empty. All the data will be used by default.
Model MG94customModel assigned to Amblyraja_radiata
Model MG94customModel assigned to Callorhinchus_milii
One branch tree supplied - hopefully this IS what you meant to do.
Rooted tree. Removing one branch - the left root child has been promoted to be the new root
Partition 0 reversible model flag computed as 1
Variable 't2.Callorhinchus_milii.synRate' was not initialized prior to being used
Variable 't2.Callorhinchus_milii.nonSynRate' was not initialized prior to being used
Auto-benchmarked an optimal number (3) of threads.
Set GUI update interval to every 8064-th LF evaluation.
Optimization settings:
	OPTIMIZATION_METHOD = 4
	OPTIMIZATION_PRECISION = 0.001
	MAXIMUM_ITERATIONS_PER_VARIABLE = 5000

Initial parameter values

t2.Callorhinchus_milii.synRate = 0.1
t2.Callorhinchus_milii.nonSynRate = 0.1
Optimization finished in 6 loop passes.
214 likelihood evaluation calls and 189 matrix exponentiations calls were made

Row and/or column partition is empty. All the data will be used by default.
Model MG94customModel assigned to Pristis_pectinata
Model MG94customModel assigned to Chiloscyllium_punctatum
One branch tree supplied - hopefully this IS what you meant to do.
Rooted tree. Removing one branch - the left root child has been promoted to be the new root
Partition 0 reversible model flag computed as 1
Variable 't2.Chiloscyllium_punctatum.nonSynRate' was not initialized prior to being used
Variable 't2.Chiloscyllium_punctatum.synRate' was not initialized prior to being used
Auto-benchmarked an optimal number (4) of threads.
Set GUI update interval to every 4854-th LF evaluation.
Optimization settings:
	OPTIMIZATION_METHOD = 4
	OPTIMIZATION_PRECISION = 0.001
	MAXIMUM_ITERATIONS_PER_VARIABLE = 5000

Initial parameter values

t2.Chiloscyllium_punctatum.nonSynRate = 0.1
t2.Chiloscyllium_punctatum.synRate = 0.1
Optimization finished in 7 loop passes.
169 likelihood evaluation calls and 153 matrix exponentiations calls were made

Row and/or column partition is empty. All the data will be used by default.
Model MG94customModel assigned to Pristis_pectinata
Model MG94customModel assigned to Carcharodon_carcharias
One branch tree supplied - hopefully this IS what you meant to do.
Rooted tree. Removing one branch - the left root child has been promoted to be the new root
Partition 0 reversible model flag computed as 1
Variable 't2.Carcharodon_carcharias.nonSynRate' was not initialized prior to being used
Variable 't2.Carcharodon_carcharias.synRate' was not initialized prior to being used
Auto-benchmarked an optimal number (3) of threads.
Set GUI update interval to every 5376-th LF evaluation.
Optimization settings:
	OPTIMIZATION_METHOD = 4
	OPTIMIZATION_PRECISION = 0.001
	MAXIMUM_ITERATIONS_PER_VARIABLE = 5000

Initial parameter values

t2.Carcharodon_carcharias.nonSynRate = 0.1
t2.Carcharodon_carcharias.synRate = 0.1
Optimization finished in 6 loop passes.
181 likelihood evaluation calls and 165 matrix exponentiations calls were made

Row and/or column partition is empty. All the data will be used by default.
Model MG94customModel assigned to Pristis_pectinata
Model MG94customModel assigned to Scyliorhinus_canicula
One branch tree supplied - hopefully this IS what you meant to do.
Rooted tree. Removing one branch - the left root child has been promoted to be the new root
Partition 0 reversible model flag computed as 1
Variable 't2.Scyliorhinus_canicula.synRate' was not initialized prior to being used
Variable 't2.Scyliorhinus_canicula.nonSynRate' was not initialized prior to being used
Auto-benchmarked an optimal number (2) of threads.
Set GUI update interval to every 5263-th LF evaluation.
Optimization settings:
	OPTIMIZATION_METHOD = 4
	OPTIMIZATION_PRECISION = 0.001
	MAXIMUM_ITERATIONS_PER_VARIABLE = 5000

Initial parameter values

t2.Scyliorhinus_canicula.synRate = 0.1
t2.Scyliorhinus_canicula.nonSynRate = 0.1
Optimization finished in 6 loop passes.
203 likelihood evaluation calls and 184 matrix exponentiations calls were made

Row and/or column partition is empty. All the data will be used by default.
Model MG94customModel assigned to Pristis_pectinata
Model MG94customModel assigned to Callorhinchus_milii
One branch tree supplied - hopefully this IS what you meant to do.
Rooted tree. Removing one branch - the left root child has been promoted to be the new root
Partition 0 reversible model flag computed as 1
Variable 't2.Callorhinchus_milii.nonSynRate' was not initialized prior to being used
Variable 't2.Callorhinchus_milii.synRate' was not initialized prior to being used
Auto-benchmarked an optimal number (3) of threads.
Set GUI update interval to every 7812-th LF evaluation.
Optimization settings:
	OPTIMIZATION_METHOD = 4
	OPTIMIZATION_PRECISION = 0.001
	MAXIMUM_ITERATIONS_PER_VARIABLE = 5000

Initial parameter values

t2.Callorhinchus_milii.nonSynRate = 0.1
t2.Callorhinchus_milii.synRate = 0.1
Optimization finished in 5 loop passes.
175 likelihood evaluation calls and 159 matrix exponentiations calls were made

Row and/or column partition is empty. All the data will be used by default.
Model MG94customModel assigned to Chiloscyllium_punctatum
Model MG94customModel assigned to Carcharodon_carcharias
One branch tree supplied - hopefully this IS what you meant to do.
Rooted tree. Removing one branch - the left root child has been promoted to be the new root
Partition 0 reversible model flag computed as 1
Variable 't2.Carcharodon_carcharias.nonSynRate' was not initialized prior to being used
Variable 't2.Carcharodon_carcharias.synRate' was not initialized prior to being used
Auto-benchmarked an optimal number (5) of threads.
Set GUI update interval to every 8771-th LF evaluation.
Optimization settings:
	OPTIMIZATION_METHOD = 4
	OPTIMIZATION_PRECISION = 0.001
	MAXIMUM_ITERATIONS_PER_VARIABLE = 5000

Initial parameter values

t2.Carcharodon_carcharias.nonSynRate = 0.1
t2.Carcharodon_carcharias.synRate = 0.1
Optimization finished in 5 loop passes.
182 likelihood evaluation calls and 160 matrix exponentiations calls were made

Row and/or column partition is empty. All the data will be used by default.
Model MG94customModel assigned to Chiloscyllium_punctatum
Model MG94customModel assigned to Scyliorhinus_canicula
One branch tree supplied - hopefully this IS what you meant to do.
Rooted tree. Removing one branch - the left root child has been promoted to be the new root
Partition 0 reversible model flag computed as 1
Variable 't2.Scyliorhinus_canicula.nonSynRate' was not initialized prior to being used
Variable 't2.Scyliorhinus_canicula.synRate' was not initialized prior to being used
Auto-benchmarked an optimal number (4) of threads.
Set GUI update interval to every 8620-th LF evaluation.
Optimization settings:
	OPTIMIZATION_METHOD = 4
	OPTIMIZATION_PRECISION = 0.001
	MAXIMUM_ITERATIONS_PER_VARIABLE = 5000

Initial parameter values

t2.Scyliorhinus_canicula.nonSynRate = 0.1
t2.Scyliorhinus_canicula.synRate = 0.1
Optimization finished in 6 loop passes.
230 likelihood evaluation calls and 212 matrix exponentiations calls were made

Row and/or column partition is empty. All the data will be used by default.
Model MG94customModel assigned to Chiloscyllium_punctatum
Model MG94customModel assigned to Callorhinchus_milii
One branch tree supplied - hopefully this IS what you meant to do.
Rooted tree. Removing one branch - the left root child has been promoted to be the new root
Partition 0 reversible model flag computed as 1
Variable 't2.Callorhinchus_milii.nonSynRate' was not initialized prior to being used
Variable 't2.Callorhinchus_milii.synRate' was not initialized prior to being used
Auto-benchmarked an optimal number (6) of threads.
Set GUI update interval to every 7936-th LF evaluation.
Optimization settings:
	OPTIMIZATION_METHOD = 4
	OPTIMIZATION_PRECISION = 0.001
	MAXIMUM_ITERATIONS_PER_VARIABLE = 5000

Initial parameter values

t2.Callorhinchus_milii.nonSynRate = 0.1
t2.Callorhinchus_milii.synRate = 0.1
Optimization finished in 5 loop passes.
193 likelihood evaluation calls and 170 matrix exponentiations calls were made

Row and/or column partition is empty. All the data will be used by default.
Model MG94customModel assigned to Carcharodon_carcharias
Model MG94customModel assigned to Scyliorhinus_canicula
One branch tree supplied - hopefully this IS what you meant to do.
Rooted tree. Removing one branch - the left root child has been promoted to be the new root
Partition 0 reversible model flag computed as 1
Variable 't2.Scyliorhinus_canicula.nonSynRate' was not initialized prior to being used
Variable 't2.Scyliorhinus_canicula.synRate' was not initialized prior to being used
Auto-benchmarked an optimal number (4) of threads.
Set GUI update interval to every 8620-th LF evaluation.
Optimization settings:
	OPTIMIZATION_METHOD = 4
	OPTIMIZATION_PRECISION = 0.001
	MAXIMUM_ITERATIONS_PER_VARIABLE = 5000

Initial parameter values

t2.Scyliorhinus_canicula.nonSynRate = 0.1
t2.Scyliorhinus_canicula.synRate = 0.1
Optimization finished in 6 loop passes.
230 likelihood evaluation calls and 212 matrix exponentiations calls were made

Row and/or column partition is empty. All the data will be used by default.
Model MG94customModel assigned to Carcharodon_carcharias
Model MG94customModel assigned to Callorhinchus_milii
One branch tree supplied - hopefully this IS what you meant to do.
Rooted tree. Removing one branch - the left root child has been promoted to be the new root
Partition 0 reversible model flag computed as 1
Variable 't2.Callorhinchus_milii.nonSynRate' was not initialized prior to being used
Variable 't2.Callorhinchus_milii.synRate' was not initialized prior to being used
Auto-benchmarked an optimal number (5) of threads.
Set GUI update interval to every 7936-th LF evaluation.
Optimization settings:
	OPTIMIZATION_METHOD = 4
	OPTIMIZATION_PRECISION = 0.001
	MAXIMUM_ITERATIONS_PER_VARIABLE = 5000

Initial parameter values

t2.Callorhinchus_milii.nonSynRate = 0.1
t2.Callorhinchus_milii.synRate = 0.1
Optimization finished in 6 loop passes.
223 likelihood evaluation calls and 203 matrix exponentiations calls were made

Row and/or column partition is empty. All the data will be used by default.
Model MG94customModel assigned to Scyliorhinus_canicula
Model MG94customModel assigned to Callorhinchus_milii
One branch tree supplied - hopefully this IS what you meant to do.
Rooted tree. Removing one branch - the left root child has been promoted to be the new root
Partition 0 reversible model flag computed as 1
Auto-benchmarked an optimal number (2) of threads.
Set GUI update interval to every 720-th LF evaluation.
Optimization settings:
	OPTIMIZATION_METHOD = 4
	OPTIMIZATION_PRECISION = 0.001
	MAXIMUM_ITERATIONS_PER_VARIABLE = 5000

Initial parameter values

t2.Callorhinchus_milii.nonSynRate = 0.1
t2.Callorhinchus_milii.synRate = 0.1
Optimization finished in 6 loop passes.
165 likelihood evaluation calls and 149 matrix exponentiations calls were made
