Oreochromis_niloticus
Maylandia_zebra
Pundamilia_nyererei
Xiphophorus_maculatus
Haplochromis_burtoni
Neolamprologus_brichardi
Poecilia_formosa
Poecilia_reticulata
Fundulus_heteroclitus
Austrofundulus_limnaeus
Poecilia_mexicana
Poecilia_latipinna
Kryptolebias_marmoratus
Acanthochromis_polyacanthus
Amphiprion_ocellaris
Oryzias_melastigma
Astatotilapia_calliptera
Xiphophorus_couchianus
Gouania_willdenowi
Salarias_fasciatus
Archocentrus_centrarchus
Oreochromis_aureus
Xiphophorus_hellerii
Simochromis_diagramma
Melanotaenia_boesemani
Gambusia_affinis
Girardinichthys_multiradiatus
Mugil_cephalus
Poeciliopsis_prolifica
